stdin is not a terminal device. Keyboard handling disabled.[INFO] [1764449545.486784283] [rosbag2_recorder]: Press SPACE for pausing/resuming
[INFO] [1764449545.487636433] [rosbag2_storage]: Opened database '/home/mobrob/ros_ws/dwa_baseline_2/world165_1129_125225/world165_1129_125225_0.db3' for READ_WRITE.
[INFO] [1764449545.488135547] [rosbag2_recorder]: Listening for topics...
[INFO] [1764449545.488230899] [rosbag2_recorder]: Recording...
[INFO] [1764449545.488284794] [rosbag2_recorder]: Event publisher thread: Starting
[INFO] [1764449545.590973184] [rosbag2_recorder]: Subscribed to topic '/cmd_vel'
[INFO] [1764449545.591980833] [rosbag2_recorder]: Subscribed to topic '/odom'
[INFO] [1764449545.592649668] [rosbag2_recorder]: Subscribed to topic '/plan_barn'
[INFO] [1764449545.593229594] [rosbag2_recorder]: Subscribed to topic '/plan_barn_odom'
[INFO] [1764449545.594740287] [rosbag2_recorder]: Subscribed to topic '/tf'
[INFO] [1764449545.595528061] [rosbag2_recorder]: Subscribed to topic '/tf_static'
[WARN] [1764449546.500097841] [rosbag2_recorder]: New publisher discovered on topic '/tf', offering incompatible QoS. No messages will be sent to it. Last incompatible policy: DURABILITY_QOS_POLICY
[WARN] [1764449546.510089214] [rosbag2_recorder]: A new publisher for subscribed topic /tf was found offering RMW_QOS_POLICY_DURABILITY_VOLATILE, but rosbag2 already subscribed requesting RMW_QOS_POLICY_DURABILITY_TRANSIENT_LOCAL. Messages from this new publisher will not be recorded.
[INFO] [1764449546.511351926] [rosbag2_recorder]: Subscribed to topic '/scan'
[INFO] [1764449546.511373807] [rosbag2_recorder]: All requested topics are subscribed. Stopping discovery...
[WARN] [1764449547.481376532] [rosbag2_recorder]: New publisher discovered on topic '/tf', offering incompatible QoS. No messages will be sent to it. Last incompatible policy: DURABILITY_QOS_POLICY
[WARN] [1764449547.483630371] [rosbag2_recorder]: New publisher discovered on topic '/tf', offering incompatible QoS. No messages will be sent to it. Last incompatible policy: DURABILITY_QOS_POLICY
[INFO] [1764449617.367573785] [rosbag2_cpp]: Writing remaining messages from cache to the bag. It may take a while
[INFO] [1764449617.368175622] [rosbag2_recorder]: Event publisher thread: Exiting
[INFO] [1764449617.368221021] [rosbag2_recorder]: Recording stopped
