stdin is not a terminal device. Keyboard handling disabled.[INFO] [1764153150.990621130] [rosbag2_recorder]: Press SPACE for pausing/resuming
[INFO] [1764153150.991811097] [rosbag2_storage]: Opened database '/home/mobrob/ros_ws/dwa_baseline_2/world53_1126_023230/world53_1126_023230_0.db3' for READ_WRITE.
[INFO] [1764153150.992494125] [rosbag2_recorder]: Listening for topics...
[INFO] [1764153150.992613038] [rosbag2_recorder]: Recording...
[INFO] [1764153150.994253054] [rosbag2_recorder]: Event publisher thread: Starting
[INFO] [1764153151.095664345] [rosbag2_recorder]: Subscribed to topic '/cmd_vel'
[INFO] [1764153151.096909622] [rosbag2_recorder]: Subscribed to topic '/odom'
[INFO] [1764153151.097651171] [rosbag2_recorder]: Subscribed to topic '/plan_barn_odom'
[INFO] [1764153151.098796647] [rosbag2_recorder]: Subscribed to topic '/tf'
[WARN] [1764153151.997903390] [rosbag2_recorder]: New publisher discovered on topic '/tf', offering incompatible QoS. No messages will be sent to it. Last incompatible policy: DURABILITY_QOS_POLICY
[WARN] [1764153152.001582896] [rosbag2_recorder]: New publisher discovered on topic '/tf', offering incompatible QoS. No messages will be sent to it. Last incompatible policy: DURABILITY_QOS_POLICY
[WARN] [1764153152.006077538] [rosbag2_recorder]: New publisher discovered on topic '/tf', offering incompatible QoS. No messages will be sent to it. Last incompatible policy: DURABILITY_QOS_POLICY
[WARN] [1764153152.013351449] [rosbag2_recorder]: A new publisher for subscribed topic /tf was found offering RMW_QOS_POLICY_DURABILITY_VOLATILE, but rosbag2 already subscribed requesting RMW_QOS_POLICY_DURABILITY_TRANSIENT_LOCAL. Messages from this new publisher will not be recorded.
[WARN] [1764153152.013400960] [rosbag2_recorder]: A new publisher for subscribed topic /tf was found offering RMW_QOS_POLICY_DURABILITY_VOLATILE, but rosbag2 already subscribed requesting RMW_QOS_POLICY_DURABILITY_TRANSIENT_LOCAL. Messages from this new publisher will not be recorded.
[WARN] [1764153152.013405866] [rosbag2_recorder]: A new publisher for subscribed topic /tf was found offering RMW_QOS_POLICY_DURABILITY_VOLATILE, but rosbag2 already subscribed requesting RMW_QOS_POLICY_DURABILITY_TRANSIENT_LOCAL. Messages from this new publisher will not be recorded.
[INFO] [1764153152.014639467] [rosbag2_recorder]: Subscribed to topic '/plan_barn'
[INFO] [1764153152.016080544] [rosbag2_recorder]: Subscribed to topic '/scan'
[INFO] [1764153152.017146670] [rosbag2_recorder]: Subscribed to topic '/tf_static'
[INFO] [1764153152.017167359] [rosbag2_recorder]: All requested topics are subscribed. Stopping discovery...
[INFO] [1764153192.859723158] [rosbag2_cpp]: Writing remaining messages from cache to the bag. It may take a while
[INFO] [1764153192.860574620] [rosbag2_recorder]: Event publisher thread: Exiting
[INFO] [1764153192.860649470] [rosbag2_recorder]: Recording stopped
