stdin is not a terminal device. Keyboard handling disabled.[INFO] [1764203003.993968897] [rosbag2_recorder]: Press SPACE for pausing/resuming
[INFO] [1764203003.994772518] [rosbag2_storage]: Opened database '/home/mobrob/ros_ws/dwa_baseline_2/world154_1126_162323/world154_1126_162323_0.db3' for READ_WRITE.
[INFO] [1764203003.995354913] [rosbag2_recorder]: Listening for topics...
[INFO] [1764203003.995368588] [rosbag2_recorder]: Event publisher thread: Starting
[INFO] [1764203003.995426620] [rosbag2_recorder]: Recording...
[INFO] [1764203004.098795161] [rosbag2_recorder]: Subscribed to topic '/odom'
[INFO] [1764203004.100217151] [rosbag2_recorder]: Subscribed to topic '/scan'
[INFO] [1764203004.101324774] [rosbag2_recorder]: Subscribed to topic '/tf'
[INFO] [1764203004.101898940] [rosbag2_recorder]: Subscribed to topic '/tf_static'
[WARN] [1764203005.009207156] [rosbag2_recorder]: New publisher discovered on topic '/tf', offering incompatible QoS. No messages will be sent to it. Last incompatible policy: DURABILITY_QOS_POLICY
[WARN] [1764203005.012767352] [rosbag2_recorder]: New publisher discovered on topic '/tf', offering incompatible QoS. No messages will be sent to it. Last incompatible policy: DURABILITY_QOS_POLICY
[WARN] [1764203005.015115506] [rosbag2_recorder]: A new publisher for subscribed topic /tf was found offering RMW_QOS_POLICY_DURABILITY_VOLATILE, but rosbag2 already subscribed requesting RMW_QOS_POLICY_DURABILITY_TRANSIENT_LOCAL. Messages from this new publisher will not be recorded.
[WARN] [1764203005.015151767] [rosbag2_recorder]: A new publisher for subscribed topic /tf was found offering RMW_QOS_POLICY_DURABILITY_VOLATILE, but rosbag2 already subscribed requesting RMW_QOS_POLICY_DURABILITY_TRANSIENT_LOCAL. Messages from this new publisher will not be recorded.
[WARN] [1764203005.995452437] [rosbag2_recorder]: New publisher discovered on topic '/tf', offering incompatible QoS. No messages will be sent to it. Last incompatible policy: DURABILITY_QOS_POLICY
[INFO] [1764203006.042949264] [rosbag2_recorder]: Subscribed to topic '/cmd_vel'
[INFO] [1764203006.044278383] [rosbag2_recorder]: Subscribed to topic '/plan_barn'
[INFO] [1764203006.045074226] [rosbag2_recorder]: Subscribed to topic '/plan_barn_odom'
[INFO] [1764203006.045093302] [rosbag2_recorder]: All requested topics are subscribed. Stopping discovery...
[INFO] [1764203010.877500685] [rosbag2_cpp]: Writing remaining messages from cache to the bag. It may take a while
[INFO] [1764203010.878108969] [rosbag2_recorder]: Event publisher thread: Exiting
[INFO] [1764203010.878160258] [rosbag2_recorder]: Recording stopped
