stdin is not a terminal device. Keyboard handling disabled.[INFO] [1764436117.251252585] [rosbag2_recorder]: Press SPACE for pausing/resuming
[INFO] [1764436117.252049989] [rosbag2_storage]: Opened database '/home/mobrob/ros_ws/dwa_baseline_2/world129_1129_090837/world129_1129_090837_0.db3' for READ_WRITE.
[INFO] [1764436117.253049753] [rosbag2_recorder]: Listening for topics...
[INFO] [1764436117.253067547] [rosbag2_recorder]: Event publisher thread: Starting
[INFO] [1764436117.253143146] [rosbag2_recorder]: Recording...
[INFO] [1764436117.356062065] [rosbag2_recorder]: Subscribed to topic '/cmd_vel'
[INFO] [1764436117.357081581] [rosbag2_recorder]: Subscribed to topic '/odom'
[INFO] [1764436117.358016095] [rosbag2_recorder]: Subscribed to topic '/tf'
[WARN] [1764436118.250739471] [rosbag2_recorder]: New publisher discovered on topic '/tf', offering incompatible QoS. No messages will be sent to it. Last incompatible policy: DURABILITY_QOS_POLICY
[WARN] [1764436118.274228852] [rosbag2_recorder]: A new publisher for subscribed topic /tf was found offering RMW_QOS_POLICY_DURABILITY_VOLATILE, but rosbag2 already subscribed requesting RMW_QOS_POLICY_DURABILITY_TRANSIENT_LOCAL. Messages from this new publisher will not be recorded.
[INFO] [1764436118.275283313] [rosbag2_recorder]: Subscribed to topic '/plan_barn'
[INFO] [1764436118.276358247] [rosbag2_recorder]: Subscribed to topic '/plan_barn_odom'
[INFO] [1764436118.277798322] [rosbag2_recorder]: Subscribed to topic '/scan'
[INFO] [1764436118.278964819] [rosbag2_recorder]: Subscribed to topic '/tf_static'
[INFO] [1764436118.278987950] [rosbag2_recorder]: All requested topics are subscribed. Stopping discovery...
[WARN] [1764436119.246957432] [rosbag2_recorder]: New publisher discovered on topic '/tf', offering incompatible QoS. No messages will be sent to it. Last incompatible policy: DURABILITY_QOS_POLICY
[WARN] [1764436119.248144376] [rosbag2_recorder]: New publisher discovered on topic '/tf', offering incompatible QoS. No messages will be sent to it. Last incompatible policy: DURABILITY_QOS_POLICY
[INFO] [1764436168.121037545] [rosbag2_cpp]: Writing remaining messages from cache to the bag. It may take a while
[INFO] [1764436168.121822981] [rosbag2_recorder]: Event publisher thread: Exiting
[INFO] [1764436168.121873754] [rosbag2_recorder]: Recording stopped
