stdin is not a terminal device. Keyboard handling disabled.[INFO] [1764176431.305150288] [rosbag2_recorder]: Press SPACE for pausing/resuming
[INFO] [1764176431.305965697] [rosbag2_storage]: Opened database '/home/mobrob/ros_ws/dwa_baseline_2/world102_1126_090031/world102_1126_090031_0.db3' for READ_WRITE.
[INFO] [1764176431.306716873] [rosbag2_recorder]: Listening for topics...
[INFO] [1764176431.306729239] [rosbag2_recorder]: Event publisher thread: Starting
[INFO] [1764176431.306844174] [rosbag2_recorder]: Recording...
[INFO] [1764176431.410210568] [rosbag2_recorder]: Subscribed to topic '/cmd_vel'
[INFO] [1764176431.411348540] [rosbag2_recorder]: Subscribed to topic '/odom'
[INFO] [1764176431.412505786] [rosbag2_recorder]: Subscribed to topic '/tf'
[INFO] [1764176431.413139215] [rosbag2_recorder]: Subscribed to topic '/tf_static'
[WARN] [1764176432.303917003] [rosbag2_recorder]: New publisher discovered on topic '/tf', offering incompatible QoS. No messages will be sent to it. Last incompatible policy: DURABILITY_QOS_POLICY
[WARN] [1764176432.320930107] [rosbag2_recorder]: New publisher discovered on topic '/tf', offering incompatible QoS. No messages will be sent to it. Last incompatible policy: DURABILITY_QOS_POLICY
[WARN] [1764176432.331737307] [rosbag2_recorder]: A new publisher for subscribed topic /tf was found offering RMW_QOS_POLICY_DURABILITY_VOLATILE, but rosbag2 already subscribed requesting RMW_QOS_POLICY_DURABILITY_TRANSIENT_LOCAL. Messages from this new publisher will not be recorded.
[WARN] [1764176432.331786649] [rosbag2_recorder]: A new publisher for subscribed topic /tf was found offering RMW_QOS_POLICY_DURABILITY_VOLATILE, but rosbag2 already subscribed requesting RMW_QOS_POLICY_DURABILITY_TRANSIENT_LOCAL. Messages from this new publisher will not be recorded.
[INFO] [1764176432.333083933] [rosbag2_recorder]: Subscribed to topic '/plan_barn'
[INFO] [1764176432.333997957] [rosbag2_recorder]: Subscribed to topic '/plan_barn_odom'
[INFO] [1764176432.335429720] [rosbag2_recorder]: Subscribed to topic '/scan'
[INFO] [1764176432.335458159] [rosbag2_recorder]: All requested topics are subscribed. Stopping discovery...
[WARN] [1764176433.301181236] [rosbag2_recorder]: New publisher discovered on topic '/tf', offering incompatible QoS. No messages will be sent to it. Last incompatible policy: DURABILITY_QOS_POLICY
[INFO] [1764176481.187957358] [rosbag2_cpp]: Writing remaining messages from cache to the bag. It may take a while
[INFO] [1764176481.188844729] [rosbag2_recorder]: Event publisher thread: Exiting
[INFO] [1764176481.188898031] [rosbag2_recorder]: Recording stopped
