stdin is not a terminal device. Keyboard handling disabled.[INFO] [1764548928.169330243] [rosbag2_recorder]: Press SPACE for pausing/resuming
[INFO] [1764548928.170658631] [rosbag2_storage]: Opened database '/home/mobrob/ros_ws/dwa_baseline_2/world49_1130_162848/world49_1130_162848_0.db3' for READ_WRITE.
[INFO] [1764548928.171841494] [rosbag2_recorder]: Listening for topics...
[INFO] [1764548928.171869220] [rosbag2_recorder]: Event publisher thread: Starting
[INFO] [1764548928.171979887] [rosbag2_recorder]: Recording...
[INFO] [1764548928.274932880] [rosbag2_recorder]: Subscribed to topic '/odom'
[INFO] [1764548928.275711758] [rosbag2_recorder]: Subscribed to topic '/scan'
[INFO] [1764548928.276499698] [rosbag2_recorder]: Subscribed to topic '/tf'
[WARN] [1764548929.183045904] [rosbag2_recorder]: New publisher discovered on topic '/tf', offering incompatible QoS. No messages will be sent to it. Last incompatible policy: DURABILITY_QOS_POLICY
[WARN] [1764548929.188860358] [rosbag2_recorder]: A new publisher for subscribed topic /tf was found offering RMW_QOS_POLICY_DURABILITY_VOLATILE, but rosbag2 already subscribed requesting RMW_QOS_POLICY_DURABILITY_TRANSIENT_LOCAL. Messages from this new publisher will not be recorded.
[INFO] [1764548929.192088380] [rosbag2_recorder]: Subscribed to topic '/cmd_vel'
[INFO] [1764548929.193615142] [rosbag2_recorder]: Subscribed to topic '/plan_barn'
[INFO] [1764548929.195549149] [rosbag2_recorder]: Subscribed to topic '/plan_barn_odom'
[INFO] [1764548929.197660324] [rosbag2_recorder]: Subscribed to topic '/tf_static'
[INFO] [1764548929.197714371] [rosbag2_recorder]: All requested topics are subscribed. Stopping discovery...
[WARN] [1764548930.166932648] [rosbag2_recorder]: New publisher discovered on topic '/tf', offering incompatible QoS. No messages will be sent to it. Last incompatible policy: DURABILITY_QOS_POLICY
[WARN] [1764548930.168023464] [rosbag2_recorder]: New publisher discovered on topic '/tf', offering incompatible QoS. No messages will be sent to it. Last incompatible policy: DURABILITY_QOS_POLICY
[INFO] [1764548981.044324816] [rosbag2_cpp]: Writing remaining messages from cache to the bag. It may take a while
[INFO] [1764548981.044925411] [rosbag2_recorder]: Event publisher thread: Exiting
[INFO] [1764548981.044973690] [rosbag2_recorder]: Recording stopped
