stdin is not a terminal device. Keyboard handling disabled.[INFO] [1764565047.047907850] [rosbag2_recorder]: Press SPACE for pausing/resuming
[INFO] [1764565047.048724789] [rosbag2_storage]: Opened database '/home/mobrob/ros_ws/dwa_baseline_2/world97_1130_205726/world97_1130_205726_0.db3' for READ_WRITE.
[INFO] [1764565047.049394435] [rosbag2_recorder]: Listening for topics...
[INFO] [1764565047.049402181] [rosbag2_recorder]: Event publisher thread: Starting
[INFO] [1764565047.049531127] [rosbag2_recorder]: Recording...
[INFO] [1764565047.152560859] [rosbag2_recorder]: Subscribed to topic '/scan'
[INFO] [1764565047.154138121] [rosbag2_recorder]: Subscribed to topic '/tf_static'
[INFO] [1764565048.066190966] [rosbag2_recorder]: Subscribed to topic '/odom'
[INFO] [1764565048.067740867] [rosbag2_recorder]: Subscribed to topic '/tf'
[WARN] [1764565049.043982139] [rosbag2_recorder]: New publisher discovered on topic '/tf', offering incompatible QoS. No messages will be sent to it. Last incompatible policy: DURABILITY_QOS_POLICY
[WARN] [1764565049.047748134] [rosbag2_recorder]: New publisher discovered on topic '/tf', offering incompatible QoS. No messages will be sent to it. Last incompatible policy: DURABILITY_QOS_POLICY
[WARN] [1764565049.048397585] [rosbag2_recorder]: New publisher discovered on topic '/tf', offering incompatible QoS. No messages will be sent to it. Last incompatible policy: DURABILITY_QOS_POLICY
[WARN] [1764565049.088892561] [rosbag2_recorder]: A new publisher for subscribed topic /tf was found offering RMW_QOS_POLICY_DURABILITY_VOLATILE, but rosbag2 already subscribed requesting RMW_QOS_POLICY_DURABILITY_TRANSIENT_LOCAL. Messages from this new publisher will not be recorded.
[WARN] [1764565049.088926549] [rosbag2_recorder]: A new publisher for subscribed topic /tf was found offering RMW_QOS_POLICY_DURABILITY_VOLATILE, but rosbag2 already subscribed requesting RMW_QOS_POLICY_DURABILITY_TRANSIENT_LOCAL. Messages from this new publisher will not be recorded.
[WARN] [1764565049.088929445] [rosbag2_recorder]: A new publisher for subscribed topic /tf was found offering RMW_QOS_POLICY_DURABILITY_VOLATILE, but rosbag2 already subscribed requesting RMW_QOS_POLICY_DURABILITY_TRANSIENT_LOCAL. Messages from this new publisher will not be recorded.
[INFO] [1764565049.090002629] [rosbag2_recorder]: Subscribed to topic '/cmd_vel'
[INFO] [1764565049.091261249] [rosbag2_recorder]: Subscribed to topic '/plan_barn'
[INFO] [1764565049.092162873] [rosbag2_recorder]: Subscribed to topic '/plan_barn_odom'
[INFO] [1764565049.092188149] [rosbag2_recorder]: All requested topics are subscribed. Stopping discovery...
[INFO] [1764565053.923441708] [rosbag2_cpp]: Writing remaining messages from cache to the bag. It may take a while
[INFO] [1764565053.923941603] [rosbag2_recorder]: Event publisher thread: Exiting
[INFO] [1764565053.923975607] [rosbag2_recorder]: Recording stopped
