stdin is not a terminal device. Keyboard handling disabled.[INFO] [1764594136.467223511] [rosbag2_recorder]: Press SPACE for pausing/resuming
[INFO] [1764594136.468060847] [rosbag2_storage]: Opened database '/home/mobrob/ros_ws/dwa_baseline_2/world186_1201_050216/world186_1201_050216_0.db3' for READ_WRITE.
[INFO] [1764594136.468423214] [rosbag2_recorder]: Listening for topics...
[INFO] [1764594136.468431055] [rosbag2_recorder]: Event publisher thread: Starting
[INFO] [1764594136.468502613] [rosbag2_recorder]: Recording...
[INFO] [1764594136.871941409] [rosbag2_recorder]: Subscribed to topic '/cmd_vel'
[INFO] [1764594136.873502078] [rosbag2_recorder]: Subscribed to topic '/odom'
[INFO] [1764594136.874857590] [rosbag2_recorder]: Subscribed to topic '/tf'
[WARN] [1764594136.978180587] [rosbag2_recorder]: New publisher discovered on topic '/tf', offering incompatible QoS. No messages will be sent to it. Last incompatible policy: DURABILITY_QOS_POLICY
[WARN] [1764594137.077824508] [rosbag2_recorder]: A new publisher for subscribed topic /tf was found offering RMW_QOS_POLICY_DURABILITY_VOLATILE, but rosbag2 already subscribed requesting RMW_QOS_POLICY_DURABILITY_TRANSIENT_LOCAL. Messages from this new publisher will not be recorded.
[INFO] [1764594137.078873450] [rosbag2_recorder]: Subscribed to topic '/tf_static'
[INFO] [1764594137.486321494] [rosbag2_recorder]: Subscribed to topic '/plan_barn'
[INFO] [1764594137.487642494] [rosbag2_recorder]: Subscribed to topic '/plan_barn_odom'
[WARN] [1764594137.488795878] [rosbag2_recorder]: New publisher discovered on topic '/tf', offering incompatible QoS. No messages will be sent to it. Last incompatible policy: DURABILITY_QOS_POLICY
[INFO] [1764594137.489136361] [rosbag2_recorder]: Subscribed to topic '/scan'
[INFO] [1764594137.489149719] [rosbag2_recorder]: All requested topics are subscribed. Stopping discovery...
[WARN] [1764594137.489307536] [rosbag2_recorder]: New publisher discovered on topic '/tf', offering incompatible QoS. No messages will be sent to it. Last incompatible policy: DURABILITY_QOS_POLICY
[INFO] [1764594200.342030617] [rosbag2_cpp]: Writing remaining messages from cache to the bag. It may take a while
[INFO] [1764594200.342625604] [rosbag2_recorder]: Event publisher thread: Exiting
[INFO] [1764594200.342658799] [rosbag2_recorder]: Recording stopped
