stdin is not a terminal device. Keyboard handling disabled.[INFO] [1764582129.485168613] [rosbag2_recorder]: Press SPACE for pausing/resuming
[INFO] [1764582129.486042132] [rosbag2_storage]: Opened database '/home/mobrob/ros_ws/dwa_baseline_2/world145_1201_014209/world145_1201_014209_0.db3' for READ_WRITE.
[INFO] [1764582129.486840654] [rosbag2_recorder]: Listening for topics...
[INFO] [1764582129.486852621] [rosbag2_recorder]: Event publisher thread: Starting
[INFO] [1764582129.486908970] [rosbag2_recorder]: Recording...
[INFO] [1764582129.590184431] [rosbag2_recorder]: Subscribed to topic '/cmd_vel'
[INFO] [1764582129.591766287] [rosbag2_recorder]: Subscribed to topic '/odom'
[INFO] [1764582129.593058157] [rosbag2_recorder]: Subscribed to topic '/scan'
[INFO] [1764582129.594507984] [rosbag2_recorder]: Subscribed to topic '/tf'
[WARN] [1764582130.491349766] [rosbag2_recorder]: New publisher discovered on topic '/tf', offering incompatible QoS. No messages will be sent to it. Last incompatible policy: DURABILITY_QOS_POLICY
[WARN] [1764582130.492398787] [rosbag2_recorder]: New publisher discovered on topic '/tf', offering incompatible QoS. No messages will be sent to it. Last incompatible policy: DURABILITY_QOS_POLICY
[WARN] [1764582130.494089354] [rosbag2_recorder]: New publisher discovered on topic '/tf', offering incompatible QoS. No messages will be sent to it. Last incompatible policy: DURABILITY_QOS_POLICY
[WARN] [1764582130.515201240] [rosbag2_recorder]: A new publisher for subscribed topic /tf was found offering RMW_QOS_POLICY_DURABILITY_VOLATILE, but rosbag2 already subscribed requesting RMW_QOS_POLICY_DURABILITY_TRANSIENT_LOCAL. Messages from this new publisher will not be recorded.
[WARN] [1764582130.515243517] [rosbag2_recorder]: A new publisher for subscribed topic /tf was found offering RMW_QOS_POLICY_DURABILITY_VOLATILE, but rosbag2 already subscribed requesting RMW_QOS_POLICY_DURABILITY_TRANSIENT_LOCAL. Messages from this new publisher will not be recorded.
[WARN] [1764582130.515247846] [rosbag2_recorder]: A new publisher for subscribed topic /tf was found offering RMW_QOS_POLICY_DURABILITY_VOLATILE, but rosbag2 already subscribed requesting RMW_QOS_POLICY_DURABILITY_TRANSIENT_LOCAL. Messages from this new publisher will not be recorded.
[INFO] [1764582130.516426512] [rosbag2_recorder]: Subscribed to topic '/plan_barn'
[INFO] [1764582130.517493248] [rosbag2_recorder]: Subscribed to topic '/plan_barn_odom'
[INFO] [1764582130.518203400] [rosbag2_recorder]: Subscribed to topic '/tf_static'
[INFO] [1764582130.518218382] [rosbag2_recorder]: All requested topics are subscribed. Stopping discovery...
[INFO] [1764582174.365325096] [rosbag2_cpp]: Writing remaining messages from cache to the bag. It may take a while
[INFO] [1764582174.365905352] [rosbag2_recorder]: Event publisher thread: Exiting
[INFO] [1764582174.365953264] [rosbag2_recorder]: Recording stopped
