stdin is not a terminal device. Keyboard handling disabled.[INFO] [1764184364.001998994] [rosbag2_recorder]: Press SPACE for pausing/resuming
[INFO] [1764184364.003116883] [rosbag2_storage]: Opened database '/home/mobrob/ros_ws/dwa_baseline_2/world119_1126_111243/world119_1126_111243_0.db3' for READ_WRITE.
[INFO] [1764184364.004082538] [rosbag2_recorder]: Listening for topics...
[INFO] [1764184364.004094671] [rosbag2_recorder]: Event publisher thread: Starting
[INFO] [1764184364.004230572] [rosbag2_recorder]: Recording...
[INFO] [1764184364.108675730] [rosbag2_recorder]: Subscribed to topic '/odom'
[INFO] [1764184364.109749081] [rosbag2_recorder]: Subscribed to topic '/scan'
[INFO] [1764184364.110882202] [rosbag2_recorder]: Subscribed to topic '/tf'
[INFO] [1764184364.111543981] [rosbag2_recorder]: Subscribed to topic '/tf_static'
[WARN] [1764184364.999735244] [rosbag2_recorder]: New publisher discovered on topic '/tf', offering incompatible QoS. No messages will be sent to it. Last incompatible policy: DURABILITY_QOS_POLICY
[WARN] [1764184365.002432230] [rosbag2_recorder]: New publisher discovered on topic '/tf', offering incompatible QoS. No messages will be sent to it. Last incompatible policy: DURABILITY_QOS_POLICY
[WARN] [1764184365.027494385] [rosbag2_recorder]: A new publisher for subscribed topic /tf was found offering RMW_QOS_POLICY_DURABILITY_VOLATILE, but rosbag2 already subscribed requesting RMW_QOS_POLICY_DURABILITY_TRANSIENT_LOCAL. Messages from this new publisher will not be recorded.
[WARN] [1764184365.027536450] [rosbag2_recorder]: A new publisher for subscribed topic /tf was found offering RMW_QOS_POLICY_DURABILITY_VOLATILE, but rosbag2 already subscribed requesting RMW_QOS_POLICY_DURABILITY_TRANSIENT_LOCAL. Messages from this new publisher will not be recorded.
[WARN] [1764184365.027540814] [rosbag2_recorder]: A new publisher for subscribed topic /tf was found offering RMW_QOS_POLICY_DURABILITY_VOLATILE, but rosbag2 already subscribed requesting RMW_QOS_POLICY_DURABILITY_TRANSIENT_LOCAL. Messages from this new publisher will not be recorded.
[INFO] [1764184365.029249911] [rosbag2_recorder]: Subscribed to topic '/cmd_vel'
[INFO] [1764184365.030470424] [rosbag2_recorder]: Subscribed to topic '/plan_barn'
[INFO] [1764184365.031387393] [rosbag2_recorder]: Subscribed to topic '/plan_barn_odom'
[INFO] [1764184365.031407473] [rosbag2_recorder]: All requested topics are subscribed. Stopping discovery...
[INFO] [1764184460.873261417] [rosbag2_cpp]: Writing remaining messages from cache to the bag. It may take a while
[INFO] [1764184460.874247557] [rosbag2_recorder]: Event publisher thread: Exiting
[INFO] [1764184460.874292481] [rosbag2_recorder]: Recording stopped
