stdin is not a terminal device. Keyboard handling disabled.[INFO] [1764154138.428639397] [rosbag2_recorder]: Press SPACE for pausing/resuming
[INFO] [1764154138.429682116] [rosbag2_storage]: Opened database '/home/mobrob/ros_ws/dwa_baseline_2/world55_1126_024858/world55_1126_024858_0.db3' for READ_WRITE.
[INFO] [1764154138.433561208] [rosbag2_recorder]: Listening for topics...
[INFO] [1764154138.433627352] [rosbag2_recorder]: Event publisher thread: Starting
[INFO] [1764154138.433681665] [rosbag2_recorder]: Recording...
[INFO] [1764154138.537047009] [rosbag2_recorder]: Subscribed to topic '/cmd_vel'
[INFO] [1764154138.538272163] [rosbag2_recorder]: Subscribed to topic '/odom'
[INFO] [1764154138.539609993] [rosbag2_recorder]: Subscribed to topic '/tf'
[WARN] [1764154139.443397428] [rosbag2_recorder]: New publisher discovered on topic '/tf', offering incompatible QoS. No messages will be sent to it. Last incompatible policy: DURABILITY_QOS_POLICY
[WARN] [1764154139.448780162] [rosbag2_recorder]: New publisher discovered on topic '/tf', offering incompatible QoS. No messages will be sent to it. Last incompatible policy: DURABILITY_QOS_POLICY
[WARN] [1764154139.457761898] [rosbag2_recorder]: A new publisher for subscribed topic /tf was found offering RMW_QOS_POLICY_DURABILITY_VOLATILE, but rosbag2 already subscribed requesting RMW_QOS_POLICY_DURABILITY_TRANSIENT_LOCAL. Messages from this new publisher will not be recorded.
[WARN] [1764154139.457818410] [rosbag2_recorder]: A new publisher for subscribed topic /tf was found offering RMW_QOS_POLICY_DURABILITY_VOLATILE, but rosbag2 already subscribed requesting RMW_QOS_POLICY_DURABILITY_TRANSIENT_LOCAL. Messages from this new publisher will not be recorded.
[INFO] [1764154139.459698090] [rosbag2_recorder]: Subscribed to topic '/tf_static'
[WARN] [1764154140.426927786] [rosbag2_recorder]: New publisher discovered on topic '/tf', offering incompatible QoS. No messages will be sent to it. Last incompatible policy: DURABILITY_QOS_POLICY
[INFO] [1764154140.493528888] [rosbag2_recorder]: Subscribed to topic '/plan_barn'
[INFO] [1764154140.494770190] [rosbag2_recorder]: Subscribed to topic '/plan_barn_odom'
[INFO] [1764154140.496238663] [rosbag2_recorder]: Subscribed to topic '/scan'
[INFO] [1764154140.496260397] [rosbag2_recorder]: All requested topics are subscribed. Stopping discovery...
[INFO] [1764154199.302399097] [rosbag2_cpp]: Writing remaining messages from cache to the bag. It may take a while
[INFO] [1764154199.303041690] [rosbag2_recorder]: Event publisher thread: Exiting
[INFO] [1764154199.303074176] [rosbag2_recorder]: Recording stopped
