stdin is not a terminal device. Keyboard handling disabled.[INFO] [1764554825.161575643] [rosbag2_recorder]: Press SPACE for pausing/resuming
[INFO] [1764554825.162373642] [rosbag2_storage]: Opened database '/home/mobrob/ros_ws/dwa_baseline_2/world66_1130_180705/world66_1130_180705_0.db3' for READ_WRITE.
[INFO] [1764554825.162739334] [rosbag2_recorder]: Listening for topics...
[INFO] [1764554825.162752155] [rosbag2_recorder]: Event publisher thread: Starting
[INFO] [1764554825.162809003] [rosbag2_recorder]: Recording...
[INFO] [1764554825.265910364] [rosbag2_recorder]: Subscribed to topic '/cmd_vel'
[INFO] [1764554825.266886509] [rosbag2_recorder]: Subscribed to topic '/odom'
[INFO] [1764554825.267688657] [rosbag2_recorder]: Subscribed to topic '/scan'
[INFO] [1764554825.268787665] [rosbag2_recorder]: Subscribed to topic '/tf'
[WARN] [1764554826.171079383] [rosbag2_recorder]: New publisher discovered on topic '/tf', offering incompatible QoS. No messages will be sent to it. Last incompatible policy: DURABILITY_QOS_POLICY
[WARN] [1764554826.189989518] [rosbag2_recorder]: A new publisher for subscribed topic /tf was found offering RMW_QOS_POLICY_DURABILITY_VOLATILE, but rosbag2 already subscribed requesting RMW_QOS_POLICY_DURABILITY_TRANSIENT_LOCAL. Messages from this new publisher will not be recorded.
[INFO] [1764554826.191464943] [rosbag2_recorder]: Subscribed to topic '/plan_barn'
[INFO] [1764554826.193173645] [rosbag2_recorder]: Subscribed to topic '/plan_barn_odom'
[INFO] [1764554826.194934358] [rosbag2_recorder]: Subscribed to topic '/tf_static'
[INFO] [1764554826.194979463] [rosbag2_recorder]: All requested topics are subscribed. Stopping discovery...
[WARN] [1764554826.200096506] [rosbag2_recorder]: New publisher discovered on topic '/tf', offering incompatible QoS. No messages will be sent to it. Last incompatible policy: DURABILITY_QOS_POLICY
[WARN] [1764554827.159559208] [rosbag2_recorder]: New publisher discovered on topic '/tf', offering incompatible QoS. No messages will be sent to it. Last incompatible policy: DURABILITY_QOS_POLICY
[INFO] [1764554851.033597235] [rosbag2_cpp]: Writing remaining messages from cache to the bag. It may take a while
[INFO] [1764554851.034159576] [rosbag2_recorder]: Event publisher thread: Exiting
[INFO] [1764554851.034207844] [rosbag2_recorder]: Recording stopped
