stdin is not a terminal device. Keyboard handling disabled.[INFO] [1764167088.692183403] [rosbag2_recorder]: Press SPACE for pausing/resuming
[INFO] [1764167088.693039882] [rosbag2_storage]: Opened database '/home/mobrob/ros_ws/dwa_baseline_2/world82_1126_062448/world82_1126_062448_0.db3' for READ_WRITE.
[INFO] [1764167088.693551807] [rosbag2_recorder]: Listening for topics...
[INFO] [1764167088.693652008] [rosbag2_recorder]: Recording...
[INFO] [1764167088.695234618] [rosbag2_recorder]: Event publisher thread: Starting
[INFO] [1764167088.798225411] [rosbag2_recorder]: Subscribed to topic '/cmd_vel'
[INFO] [1764167088.799494181] [rosbag2_recorder]: Subscribed to topic '/odom'
[INFO] [1764167088.800336864] [rosbag2_recorder]: Subscribed to topic '/plan_barn'
[INFO] [1764167088.801038103] [rosbag2_recorder]: Subscribed to topic '/plan_barn_odom'
[INFO] [1764167088.802228064] [rosbag2_recorder]: Subscribed to topic '/tf'
[INFO] [1764167088.802920930] [rosbag2_recorder]: Subscribed to topic '/tf_static'
[WARN] [1764167089.690219425] [rosbag2_recorder]: New publisher discovered on topic '/tf', offering incompatible QoS. No messages will be sent to it. Last incompatible policy: DURABILITY_QOS_POLICY
[WARN] [1764167089.702867501] [rosbag2_recorder]: New publisher discovered on topic '/tf', offering incompatible QoS. No messages will be sent to it. Last incompatible policy: DURABILITY_QOS_POLICY
[WARN] [1764167089.719499877] [rosbag2_recorder]: A new publisher for subscribed topic /tf was found offering RMW_QOS_POLICY_DURABILITY_VOLATILE, but rosbag2 already subscribed requesting RMW_QOS_POLICY_DURABILITY_TRANSIENT_LOCAL. Messages from this new publisher will not be recorded.
[WARN] [1764167089.719531727] [rosbag2_recorder]: A new publisher for subscribed topic /tf was found offering RMW_QOS_POLICY_DURABILITY_VOLATILE, but rosbag2 already subscribed requesting RMW_QOS_POLICY_DURABILITY_TRANSIENT_LOCAL. Messages from this new publisher will not be recorded.
[WARN] [1764167089.719534657] [rosbag2_recorder]: A new publisher for subscribed topic /tf was found offering RMW_QOS_POLICY_DURABILITY_VOLATILE, but rosbag2 already subscribed requesting RMW_QOS_POLICY_DURABILITY_TRANSIENT_LOCAL. Messages from this new publisher will not be recorded.
[INFO] [1764167089.720807878] [rosbag2_recorder]: Subscribed to topic '/scan'
[INFO] [1764167089.720829419] [rosbag2_recorder]: All requested topics are subscribed. Stopping discovery...
[INFO] [1764167142.574828757] [rosbag2_cpp]: Writing remaining messages from cache to the bag. It may take a while
[INFO] [1764167142.575395887] [rosbag2_recorder]: Event publisher thread: Exiting
[INFO] [1764167142.575429500] [rosbag2_recorder]: Recording stopped
