stdin is not a terminal device. Keyboard handling disabled.[INFO] [1764227958.796415233] [rosbag2_recorder]: Press SPACE for pausing/resuming
[INFO] [1764227958.797457641] [rosbag2_storage]: Opened database '/home/mobrob/ros_ws/dwa_baseline_2/world200_1126_231918/world200_1126_231918_0.db3' for READ_WRITE.
[INFO] [1764227958.798226400] [rosbag2_recorder]: Listening for topics...
[INFO] [1764227958.798237214] [rosbag2_recorder]: Event publisher thread: Starting
[INFO] [1764227958.798345274] [rosbag2_recorder]: Recording...
[INFO] [1764227958.901817250] [rosbag2_recorder]: Subscribed to topic '/cmd_vel'
[INFO] [1764227958.903512805] [rosbag2_recorder]: Subscribed to topic '/odom'
[INFO] [1764227958.904519712] [rosbag2_recorder]: Subscribed to topic '/scan'
[INFO] [1764227958.905410366] [rosbag2_recorder]: Subscribed to topic '/tf'
[INFO] [1764227958.905910473] [rosbag2_recorder]: Subscribed to topic '/tf_static'
[WARN] [1764227959.796690658] [rosbag2_recorder]: New publisher discovered on topic '/tf', offering incompatible QoS. No messages will be sent to it. Last incompatible policy: DURABILITY_QOS_POLICY
[WARN] [1764227959.811278779] [rosbag2_recorder]: New publisher discovered on topic '/tf', offering incompatible QoS. No messages will be sent to it. Last incompatible policy: DURABILITY_QOS_POLICY
[WARN] [1764227959.818933510] [rosbag2_recorder]: A new publisher for subscribed topic /tf was found offering RMW_QOS_POLICY_DURABILITY_VOLATILE, but rosbag2 already subscribed requesting RMW_QOS_POLICY_DURABILITY_TRANSIENT_LOCAL. Messages from this new publisher will not be recorded.
[WARN] [1764227959.818967996] [rosbag2_recorder]: A new publisher for subscribed topic /tf was found offering RMW_QOS_POLICY_DURABILITY_VOLATILE, but rosbag2 already subscribed requesting RMW_QOS_POLICY_DURABILITY_TRANSIENT_LOCAL. Messages from this new publisher will not be recorded.
[WARN] [1764227960.796040890] [rosbag2_recorder]: New publisher discovered on topic '/tf', offering incompatible QoS. No messages will be sent to it. Last incompatible policy: DURABILITY_QOS_POLICY
[INFO] [1764227960.849778288] [rosbag2_recorder]: Subscribed to topic '/plan_barn'
[INFO] [1764227960.850691922] [rosbag2_recorder]: Subscribed to topic '/plan_barn_odom'
[INFO] [1764227960.850713661] [rosbag2_recorder]: All requested topics are subscribed. Stopping discovery...
[INFO] [1764227999.671822813] [rosbag2_cpp]: Writing remaining messages from cache to the bag. It may take a while
[INFO] [1764227999.672711465] [rosbag2_recorder]: Event publisher thread: Exiting
[INFO] [1764227999.672759639] [rosbag2_recorder]: Recording stopped
