stdin is not a terminal device. Keyboard handling disabled.[INFO] [1764442112.285414036] [rosbag2_recorder]: Press SPACE for pausing/resuming
[INFO] [1764442112.286897985] [rosbag2_storage]: Opened database '/home/mobrob/ros_ws/dwa_baseline_2/world145_1129_104832/world145_1129_104832_0.db3' for READ_WRITE.
[INFO] [1764442112.288790932] [rosbag2_recorder]: Listening for topics...
[INFO] [1764442112.288911588] [rosbag2_recorder]: Recording...
[INFO] [1764442112.289148784] [rosbag2_recorder]: Event publisher thread: Starting
[INFO] [1764442112.391596695] [rosbag2_recorder]: Subscribed to topic '/cmd_vel'
[INFO] [1764442112.392553805] [rosbag2_recorder]: Subscribed to topic '/odom'
[INFO] [1764442112.394064552] [rosbag2_recorder]: Subscribed to topic '/tf'
[INFO] [1764442112.394627064] [rosbag2_recorder]: Subscribed to topic '/tf_static'
[WARN] [1764442113.293497515] [rosbag2_recorder]: New publisher discovered on topic '/tf', offering incompatible QoS. No messages will be sent to it. Last incompatible policy: DURABILITY_QOS_POLICY
[WARN] [1764442113.297474367] [rosbag2_recorder]: New publisher discovered on topic '/tf', offering incompatible QoS. No messages will be sent to it. Last incompatible policy: DURABILITY_QOS_POLICY
[WARN] [1764442113.307021897] [rosbag2_recorder]: A new publisher for subscribed topic /tf was found offering RMW_QOS_POLICY_DURABILITY_VOLATILE, but rosbag2 already subscribed requesting RMW_QOS_POLICY_DURABILITY_TRANSIENT_LOCAL. Messages from this new publisher will not be recorded.
[WARN] [1764442113.307062203] [rosbag2_recorder]: A new publisher for subscribed topic /tf was found offering RMW_QOS_POLICY_DURABILITY_VOLATILE, but rosbag2 already subscribed requesting RMW_QOS_POLICY_DURABILITY_TRANSIENT_LOCAL. Messages from this new publisher will not be recorded.
[INFO] [1764442113.309327068] [rosbag2_recorder]: Subscribed to topic '/scan'
[INFO] [1764442113.414893430] [rosbag2_recorder]: Subscribed to topic '/plan_barn'
[INFO] [1764442113.415687553] [rosbag2_recorder]: Subscribed to topic '/plan_barn_odom'
[INFO] [1764442113.415706774] [rosbag2_recorder]: All requested topics are subscribed. Stopping discovery...
[WARN] [1764442114.279580592] [rosbag2_recorder]: New publisher discovered on topic '/tf', offering incompatible QoS. No messages will be sent to it. Last incompatible policy: DURABILITY_QOS_POLICY
[INFO] [1764442168.163521982] [rosbag2_cpp]: Writing remaining messages from cache to the bag. It may take a while
[INFO] [1764442168.164378191] [rosbag2_recorder]: Event publisher thread: Exiting
[INFO] [1764442168.164424542] [rosbag2_recorder]: Recording stopped
