stdin is not a terminal device. Keyboard handling disabled.[INFO] [1764560611.739124786] [rosbag2_recorder]: Press SPACE for pausing/resuming
[INFO] [1764560611.739884772] [rosbag2_storage]: Opened database '/home/mobrob/ros_ws/dwa_baseline_2/world82_1130_194331/world82_1130_194331_0.db3' for READ_WRITE.
[INFO] [1764560611.740436343] [rosbag2_recorder]: Listening for topics...
[INFO] [1764560611.740448666] [rosbag2_recorder]: Event publisher thread: Starting
[INFO] [1764560611.740569194] [rosbag2_recorder]: Recording...
[INFO] [1764560611.842575754] [rosbag2_recorder]: Subscribed to topic '/odom'
[INFO] [1764560611.844158518] [rosbag2_recorder]: Subscribed to topic '/tf'
[WARN] [1764560612.753725320] [rosbag2_recorder]: New publisher discovered on topic '/tf', offering incompatible QoS. No messages will be sent to it. Last incompatible policy: DURABILITY_QOS_POLICY
[WARN] [1764560612.854678934] [rosbag2_recorder]: A new publisher for subscribed topic /tf was found offering RMW_QOS_POLICY_DURABILITY_VOLATILE, but rosbag2 already subscribed requesting RMW_QOS_POLICY_DURABILITY_TRANSIENT_LOCAL. Messages from this new publisher will not be recorded.
[INFO] [1764560612.855615630] [rosbag2_recorder]: Subscribed to topic '/cmd_vel'
[INFO] [1764560612.856393176] [rosbag2_recorder]: Subscribed to topic '/plan_barn'
[INFO] [1764560612.857065253] [rosbag2_recorder]: Subscribed to topic '/plan_barn_odom'
[INFO] [1764560612.858546628] [rosbag2_recorder]: Subscribed to topic '/scan'
[INFO] [1764560612.859663819] [rosbag2_recorder]: Subscribed to topic '/tf_static'
[INFO] [1764560612.859690614] [rosbag2_recorder]: All requested topics are subscribed. Stopping discovery...
[WARN] [1764560613.736341466] [rosbag2_recorder]: New publisher discovered on topic '/tf', offering incompatible QoS. No messages will be sent to it. Last incompatible policy: DURABILITY_QOS_POLICY
[WARN] [1764560613.738766305] [rosbag2_recorder]: New publisher discovered on topic '/tf', offering incompatible QoS. No messages will be sent to it. Last incompatible policy: DURABILITY_QOS_POLICY
[INFO] [1764560618.623900227] [rosbag2_cpp]: Writing remaining messages from cache to the bag. It may take a while
[INFO] [1764560618.624607859] [rosbag2_recorder]: Event publisher thread: Exiting
[INFO] [1764560618.624644075] [rosbag2_recorder]: Recording stopped
