stdin is not a terminal device. Keyboard handling disabled.[INFO] [1764498775.745349505] [rosbag2_recorder]: Press SPACE for pausing/resuming
[INFO] [1764498775.746406038] [rosbag2_storage]: Opened database '/home/mobrob/ros_ws/dwa_baseline_2/world298_1130_023255/world298_1130_023255_0.db3' for READ_WRITE.
[INFO] [1764498775.747235049] [rosbag2_recorder]: Listening for topics...
[INFO] [1764498775.747244282] [rosbag2_recorder]: Event publisher thread: Starting
[INFO] [1764498775.747361572] [rosbag2_recorder]: Recording...
[INFO] [1764498775.851378908] [rosbag2_recorder]: Subscribed to topic '/cmd_vel'
[INFO] [1764498775.852835188] [rosbag2_recorder]: Subscribed to topic '/odom'
[INFO] [1764498775.854248534] [rosbag2_recorder]: Subscribed to topic '/tf'
[INFO] [1764498775.854804929] [rosbag2_recorder]: Subscribed to topic '/tf_static'
[WARN] [1764498776.749719306] [rosbag2_recorder]: New publisher discovered on topic '/tf', offering incompatible QoS. No messages will be sent to it. Last incompatible policy: DURABILITY_QOS_POLICY
[WARN] [1764498776.752564425] [rosbag2_recorder]: New publisher discovered on topic '/tf', offering incompatible QoS. No messages will be sent to it. Last incompatible policy: DURABILITY_QOS_POLICY
[WARN] [1764498776.757061022] [rosbag2_recorder]: New publisher discovered on topic '/tf', offering incompatible QoS. No messages will be sent to it. Last incompatible policy: DURABILITY_QOS_POLICY
[WARN] [1764498776.772856914] [rosbag2_recorder]: A new publisher for subscribed topic /tf was found offering RMW_QOS_POLICY_DURABILITY_VOLATILE, but rosbag2 already subscribed requesting RMW_QOS_POLICY_DURABILITY_TRANSIENT_LOCAL. Messages from this new publisher will not be recorded.
[WARN] [1764498776.772890947] [rosbag2_recorder]: A new publisher for subscribed topic /tf was found offering RMW_QOS_POLICY_DURABILITY_VOLATILE, but rosbag2 already subscribed requesting RMW_QOS_POLICY_DURABILITY_TRANSIENT_LOCAL. Messages from this new publisher will not be recorded.
[WARN] [1764498776.772893950] [rosbag2_recorder]: A new publisher for subscribed topic /tf was found offering RMW_QOS_POLICY_DURABILITY_VOLATILE, but rosbag2 already subscribed requesting RMW_QOS_POLICY_DURABILITY_TRANSIENT_LOCAL. Messages from this new publisher will not be recorded.
[INFO] [1764498776.773791570] [rosbag2_recorder]: Subscribed to topic '/plan_barn'
[INFO] [1764498776.774510567] [rosbag2_recorder]: Subscribed to topic '/plan_barn_odom'
[INFO] [1764498776.775981427] [rosbag2_recorder]: Subscribed to topic '/scan'
[INFO] [1764498776.776004101] [rosbag2_recorder]: All requested topics are subscribed. Stopping discovery...
[INFO] [1764498839.616313319] [rosbag2_cpp]: Writing remaining messages from cache to the bag. It may take a while
[INFO] [1764498839.617135634] [rosbag2_recorder]: Event publisher thread: Exiting
[INFO] [1764498839.617170723] [rosbag2_recorder]: Recording stopped
