stdin is not a terminal device. Keyboard handling disabled.[INFO] [1764407011.574709463] [rosbag2_recorder]: Press SPACE for pausing/resuming
[INFO] [1764407011.575615499] [rosbag2_storage]: Opened database '/home/mobrob/ros_ws/dwa_baseline_2/world46_1129_010331/world46_1129_010331_0.db3' for READ_WRITE.
[INFO] [1764407011.576435461] [rosbag2_recorder]: Listening for topics...
[INFO] [1764407011.576447664] [rosbag2_recorder]: Event publisher thread: Starting
[INFO] [1764407011.576555002] [rosbag2_recorder]: Recording...
[INFO] [1764407011.679918497] [rosbag2_recorder]: Subscribed to topic '/cmd_vel'
[INFO] [1764407011.680808126] [rosbag2_recorder]: Subscribed to topic '/odom'
[INFO] [1764407011.681352818] [rosbag2_recorder]: Subscribed to topic '/plan_barn'
[INFO] [1764407011.681841896] [rosbag2_recorder]: Subscribed to topic '/plan_barn_odom'
[INFO] [1764407011.683294235] [rosbag2_recorder]: Subscribed to topic '/tf'
[WARN] [1764407012.589250365] [rosbag2_recorder]: New publisher discovered on topic '/tf', offering incompatible QoS. No messages will be sent to it. Last incompatible policy: DURABILITY_QOS_POLICY
[WARN] [1764407012.595174599] [rosbag2_recorder]: A new publisher for subscribed topic /tf was found offering RMW_QOS_POLICY_DURABILITY_VOLATILE, but rosbag2 already subscribed requesting RMW_QOS_POLICY_DURABILITY_TRANSIENT_LOCAL. Messages from this new publisher will not be recorded.
[INFO] [1764407012.597778502] [rosbag2_recorder]: Subscribed to topic '/scan'
[INFO] [1764407012.599053676] [rosbag2_recorder]: Subscribed to topic '/tf_static'
[INFO] [1764407012.599080880] [rosbag2_recorder]: All requested topics are subscribed. Stopping discovery...
[WARN] [1764407013.578960491] [rosbag2_recorder]: New publisher discovered on topic '/tf', offering incompatible QoS. No messages will be sent to it. Last incompatible policy: DURABILITY_QOS_POLICY
[WARN] [1764407014.571890426] [rosbag2_recorder]: New publisher discovered on topic '/tf', offering incompatible QoS. No messages will be sent to it. Last incompatible policy: DURABILITY_QOS_POLICY
[INFO] [1764407058.462081805] [rosbag2_cpp]: Writing remaining messages from cache to the bag. It may take a while
[INFO] [1764407058.462677655] [rosbag2_recorder]: Event publisher thread: Exiting
[INFO] [1764407058.462706953] [rosbag2_recorder]: Recording stopped
