stdin is not a terminal device. Keyboard handling disabled.[INFO] [1764262289.287779061] [rosbag2_recorder]: Press SPACE for pausing/resuming
[INFO] [1764262289.288701321] [rosbag2_storage]: Opened database '/home/mobrob/ros_ws/dwa_baseline_2/world269_1127_085129/world269_1127_085129_0.db3' for READ_WRITE.
[INFO] [1764262289.289485959] [rosbag2_recorder]: Listening for topics...
[INFO] [1764262289.289498531] [rosbag2_recorder]: Event publisher thread: Starting
[INFO] [1764262289.289583383] [rosbag2_recorder]: Recording...
[INFO] [1764262289.392057937] [rosbag2_recorder]: Subscribed to topic '/odom'
[INFO] [1764262289.393556292] [rosbag2_recorder]: Subscribed to topic '/tf'
[INFO] [1764262289.394489565] [rosbag2_recorder]: Subscribed to topic '/tf_static'
[WARN] [1764262290.296671644] [rosbag2_recorder]: New publisher discovered on topic '/tf', offering incompatible QoS. No messages will be sent to it. Last incompatible policy: DURABILITY_QOS_POLICY
[WARN] [1764262290.309423096] [rosbag2_recorder]: A new publisher for subscribed topic /tf was found offering RMW_QOS_POLICY_DURABILITY_VOLATILE, but rosbag2 already subscribed requesting RMW_QOS_POLICY_DURABILITY_TRANSIENT_LOCAL. Messages from this new publisher will not be recorded.
[INFO] [1764262290.310983990] [rosbag2_recorder]: Subscribed to topic '/cmd_vel'
[INFO] [1764262290.312187601] [rosbag2_recorder]: Subscribed to topic '/plan_barn'
[INFO] [1764262290.313235203] [rosbag2_recorder]: Subscribed to topic '/plan_barn_odom'
[INFO] [1764262290.314884105] [rosbag2_recorder]: Subscribed to topic '/scan'
[INFO] [1764262290.314920265] [rosbag2_recorder]: All requested topics are subscribed. Stopping discovery...
[WARN] [1764262291.283594779] [rosbag2_recorder]: New publisher discovered on topic '/tf', offering incompatible QoS. No messages will be sent to it. Last incompatible policy: DURABILITY_QOS_POLICY
[WARN] [1764262291.285196080] [rosbag2_recorder]: New publisher discovered on topic '/tf', offering incompatible QoS. No messages will be sent to it. Last incompatible policy: DURABILITY_QOS_POLICY
[INFO] [1764262398.170823675] [rosbag2_cpp]: Writing remaining messages from cache to the bag. It may take a while
[INFO] [1764262398.171458841] [rosbag2_recorder]: Event publisher thread: Exiting
[INFO] [1764262398.171499232] [rosbag2_recorder]: Recording stopped
