stdin is not a terminal device. Keyboard handling disabled.[INFO] [1764177764.070985288] [rosbag2_recorder]: Press SPACE for pausing/resuming
[INFO] [1764177764.072155996] [rosbag2_storage]: Opened database '/home/mobrob/ros_ws/dwa_baseline_2/world106_1126_092243/world106_1126_092243_0.db3' for READ_WRITE.
[INFO] [1764177764.072938425] [rosbag2_recorder]: Listening for topics...
[INFO] [1764177764.072951870] [rosbag2_recorder]: Event publisher thread: Starting
[INFO] [1764177764.073042230] [rosbag2_recorder]: Recording...
[INFO] [1764177764.490461455] [rosbag2_recorder]: Subscribed to topic '/odom'
[INFO] [1764177764.491936191] [rosbag2_recorder]: Subscribed to topic '/scan'
[INFO] [1764177764.493797418] [rosbag2_recorder]: Subscribed to topic '/tf'
[WARN] [1764177765.071774209] [rosbag2_recorder]: New publisher discovered on topic '/tf', offering incompatible QoS. No messages will be sent to it. Last incompatible policy: DURABILITY_QOS_POLICY
[WARN] [1764177765.083347111] [rosbag2_recorder]: New publisher discovered on topic '/tf', offering incompatible QoS. No messages will be sent to it. Last incompatible policy: DURABILITY_QOS_POLICY
[WARN] [1764177765.102437287] [rosbag2_recorder]: A new publisher for subscribed topic /tf was found offering RMW_QOS_POLICY_DURABILITY_VOLATILE, but rosbag2 already subscribed requesting RMW_QOS_POLICY_DURABILITY_TRANSIENT_LOCAL. Messages from this new publisher will not be recorded.
[WARN] [1764177765.102467376] [rosbag2_recorder]: A new publisher for subscribed topic /tf was found offering RMW_QOS_POLICY_DURABILITY_VOLATILE, but rosbag2 already subscribed requesting RMW_QOS_POLICY_DURABILITY_TRANSIENT_LOCAL. Messages from this new publisher will not be recorded.
[INFO] [1764177765.104090796] [rosbag2_recorder]: Subscribed to topic '/cmd_vel'
[INFO] [1764177765.105713587] [rosbag2_recorder]: Subscribed to topic '/tf_static'
[WARN] [1764177766.064033602] [rosbag2_recorder]: New publisher discovered on topic '/tf', offering incompatible QoS. No messages will be sent to it. Last incompatible policy: DURABILITY_QOS_POLICY
[INFO] [1764177766.140550295] [rosbag2_recorder]: Subscribed to topic '/plan_barn'
[INFO] [1764177766.141829044] [rosbag2_recorder]: Subscribed to topic '/plan_barn_odom'
[INFO] [1764177766.141857572] [rosbag2_recorder]: All requested topics are subscribed. Stopping discovery...
[INFO] [1764177812.942178889] [rosbag2_cpp]: Writing remaining messages from cache to the bag. It may take a while
[INFO] [1764177812.942799833] [rosbag2_recorder]: Event publisher thread: Exiting
[INFO] [1764177812.942836516] [rosbag2_recorder]: Recording stopped
