stdin is not a terminal device. Keyboard handling disabled.[INFO] [1764602943.357653105] [rosbag2_recorder]: Press SPACE for pausing/resuming
[INFO] [1764602943.358419334] [rosbag2_storage]: Opened database '/home/mobrob/ros_ws/dwa_baseline_2/world215_1201_072903/world215_1201_072903_0.db3' for READ_WRITE.
[INFO] [1764602943.358987052] [rosbag2_recorder]: Listening for topics...
[INFO] [1764602943.359000906] [rosbag2_recorder]: Event publisher thread: Starting
[INFO] [1764602943.359055624] [rosbag2_recorder]: Recording...
[INFO] [1764602943.462140522] [rosbag2_recorder]: Subscribed to topic '/cmd_vel'
[INFO] [1764602943.463044761] [rosbag2_recorder]: Subscribed to topic '/odom'
[INFO] [1764602943.463864038] [rosbag2_recorder]: Subscribed to topic '/scan'
[INFO] [1764602943.464800325] [rosbag2_recorder]: Subscribed to topic '/tf'
[WARN] [1764602944.367632136] [rosbag2_recorder]: New publisher discovered on topic '/tf', offering incompatible QoS. No messages will be sent to it. Last incompatible policy: DURABILITY_QOS_POLICY
[WARN] [1764602944.386997629] [rosbag2_recorder]: A new publisher for subscribed topic /tf was found offering RMW_QOS_POLICY_DURABILITY_VOLATILE, but rosbag2 already subscribed requesting RMW_QOS_POLICY_DURABILITY_TRANSIENT_LOCAL. Messages from this new publisher will not be recorded.
[INFO] [1764602944.388733495] [rosbag2_recorder]: Subscribed to topic '/plan_barn'
[INFO] [1764602944.389900746] [rosbag2_recorder]: Subscribed to topic '/plan_barn_odom'
[INFO] [1764602944.390729451] [rosbag2_recorder]: Subscribed to topic '/tf_static'
[INFO] [1764602944.390751158] [rosbag2_recorder]: All requested topics are subscribed. Stopping discovery...
[WARN] [1764602945.355542957] [rosbag2_recorder]: New publisher discovered on topic '/tf', offering incompatible QoS. No messages will be sent to it. Last incompatible policy: DURABILITY_QOS_POLICY
[WARN] [1764602945.357173424] [rosbag2_recorder]: New publisher discovered on topic '/tf', offering incompatible QoS. No messages will be sent to it. Last incompatible policy: DURABILITY_QOS_POLICY
[INFO] [1764603001.222563372] [rosbag2_cpp]: Writing remaining messages from cache to the bag. It may take a while
[INFO] [1764603001.223183483] [rosbag2_recorder]: Event publisher thread: Exiting
[INFO] [1764603001.223231987] [rosbag2_recorder]: Recording stopped
