stdin is not a terminal device. Keyboard handling disabled.[INFO] [1764224932.375918829] [rosbag2_recorder]: Press SPACE for pausing/resuming
[INFO] [1764224932.377051715] [rosbag2_storage]: Opened database '/home/mobrob/ros_ws/dwa_baseline_2/world194_1126_222852/world194_1126_222852_0.db3' for READ_WRITE.
[INFO] [1764224932.378102038] [rosbag2_recorder]: Listening for topics...
[INFO] [1764224932.378113439] [rosbag2_recorder]: Event publisher thread: Starting
[INFO] [1764224932.378206293] [rosbag2_recorder]: Recording...
[INFO] [1764224932.482838950] [rosbag2_recorder]: Subscribed to topic '/cmd_vel'
[INFO] [1764224932.484382470] [rosbag2_recorder]: Subscribed to topic '/odom'
[INFO] [1764224932.485014213] [rosbag2_recorder]: Subscribed to topic '/plan_barn'
[INFO] [1764224932.485861349] [rosbag2_recorder]: Subscribed to topic '/plan_barn_odom'
[INFO] [1764224932.486882979] [rosbag2_recorder]: Subscribed to topic '/tf'
[INFO] [1764224932.487808221] [rosbag2_recorder]: Subscribed to topic '/tf_static'
[WARN] [1764224933.381389726] [rosbag2_recorder]: New publisher discovered on topic '/tf', offering incompatible QoS. No messages will be sent to it. Last incompatible policy: DURABILITY_QOS_POLICY
[WARN] [1764224933.381936599] [rosbag2_recorder]: New publisher discovered on topic '/tf', offering incompatible QoS. No messages will be sent to it. Last incompatible policy: DURABILITY_QOS_POLICY
[WARN] [1764224933.388281290] [rosbag2_recorder]: New publisher discovered on topic '/tf', offering incompatible QoS. No messages will be sent to it. Last incompatible policy: DURABILITY_QOS_POLICY
[WARN] [1764224933.410174604] [rosbag2_recorder]: A new publisher for subscribed topic /tf was found offering RMW_QOS_POLICY_DURABILITY_VOLATILE, but rosbag2 already subscribed requesting RMW_QOS_POLICY_DURABILITY_TRANSIENT_LOCAL. Messages from this new publisher will not be recorded.
[WARN] [1764224933.410212696] [rosbag2_recorder]: A new publisher for subscribed topic /tf was found offering RMW_QOS_POLICY_DURABILITY_VOLATILE, but rosbag2 already subscribed requesting RMW_QOS_POLICY_DURABILITY_TRANSIENT_LOCAL. Messages from this new publisher will not be recorded.
[WARN] [1764224933.410221918] [rosbag2_recorder]: A new publisher for subscribed topic /tf was found offering RMW_QOS_POLICY_DURABILITY_VOLATILE, but rosbag2 already subscribed requesting RMW_QOS_POLICY_DURABILITY_TRANSIENT_LOCAL. Messages from this new publisher will not be recorded.
[INFO] [1764224934.444913608] [rosbag2_recorder]: Subscribed to topic '/scan'
[INFO] [1764224934.444955011] [rosbag2_recorder]: All requested topics are subscribed. Stopping discovery...
[INFO] [1764225066.242200072] [rosbag2_cpp]: Writing remaining messages from cache to the bag. It may take a while
[INFO] [1764225066.242842218] [rosbag2_recorder]: Event publisher thread: Exiting
[INFO] [1764225066.242892302] [rosbag2_recorder]: Recording stopped
