stdin is not a terminal device. Keyboard handling disabled.[INFO] [1764424684.537140020] [rosbag2_recorder]: Press SPACE for pausing/resuming
[INFO] [1764424684.537872087] [rosbag2_storage]: Opened database '/home/mobrob/ros_ws/dwa_baseline_2/world96_1129_055804/world96_1129_055804_0.db3' for READ_WRITE.
[INFO] [1764424684.538574313] [rosbag2_recorder]: Listening for topics...
[INFO] [1764424684.538585985] [rosbag2_recorder]: Event publisher thread: Starting
[INFO] [1764424684.538691070] [rosbag2_recorder]: Recording...
[INFO] [1764424684.641907621] [rosbag2_recorder]: Subscribed to topic '/cmd_vel'
[INFO] [1764424684.642991417] [rosbag2_recorder]: Subscribed to topic '/odom'
[INFO] [1764424684.643719509] [rosbag2_recorder]: Subscribed to topic '/plan_barn_odom'
[INFO] [1764424684.645088763] [rosbag2_recorder]: Subscribed to topic '/scan'
[INFO] [1764424684.646458758] [rosbag2_recorder]: Subscribed to topic '/tf'
[INFO] [1764424684.647171744] [rosbag2_recorder]: Subscribed to topic '/tf_static'
[WARN] [1764424685.550068127] [rosbag2_recorder]: New publisher discovered on topic '/tf', offering incompatible QoS. No messages will be sent to it. Last incompatible policy: DURABILITY_QOS_POLICY
[WARN] [1764424685.552676816] [rosbag2_recorder]: New publisher discovered on topic '/tf', offering incompatible QoS. No messages will be sent to it. Last incompatible policy: DURABILITY_QOS_POLICY
[WARN] [1764424685.561405906] [rosbag2_recorder]: A new publisher for subscribed topic /tf was found offering RMW_QOS_POLICY_DURABILITY_VOLATILE, but rosbag2 already subscribed requesting RMW_QOS_POLICY_DURABILITY_TRANSIENT_LOCAL. Messages from this new publisher will not be recorded.
[WARN] [1764424685.561452936] [rosbag2_recorder]: A new publisher for subscribed topic /tf was found offering RMW_QOS_POLICY_DURABILITY_VOLATILE, but rosbag2 already subscribed requesting RMW_QOS_POLICY_DURABILITY_TRANSIENT_LOCAL. Messages from this new publisher will not be recorded.
[INFO] [1764424686.590538455] [rosbag2_recorder]: Subscribed to topic '/plan_barn'
[INFO] [1764424686.590577541] [rosbag2_recorder]: All requested topics are subscribed. Stopping discovery...
[WARN] [1764424687.532891220] [rosbag2_recorder]: New publisher discovered on topic '/tf', offering incompatible QoS. No messages will be sent to it. Last incompatible policy: DURABILITY_QOS_POLICY
[INFO] [1764424743.428484714] [rosbag2_cpp]: Writing remaining messages from cache to the bag. It may take a while
[INFO] [1764424743.429298005] [rosbag2_recorder]: Event publisher thread: Exiting
[INFO] [1764424743.429342806] [rosbag2_recorder]: Recording stopped
