stdin is not a terminal device. Keyboard handling disabled.[INFO] [1764440288.880514915] [rosbag2_recorder]: Press SPACE for pausing/resuming
[INFO] [1764440288.881681833] [rosbag2_storage]: Opened database '/home/mobrob/ros_ws/dwa_baseline_2/world141_1129_101808/world141_1129_101808_0.db3' for READ_WRITE.
[INFO] [1764440288.882226636] [rosbag2_recorder]: Listening for topics...
[INFO] [1764440288.882254705] [rosbag2_recorder]: Event publisher thread: Starting
[INFO] [1764440288.882333235] [rosbag2_recorder]: Recording...
[INFO] [1764440288.986487343] [rosbag2_recorder]: Subscribed to topic '/odom'
[INFO] [1764440288.987375407] [rosbag2_recorder]: Subscribed to topic '/plan_barn'
[INFO] [1764440288.988083566] [rosbag2_recorder]: Subscribed to topic '/plan_barn_odom'
[INFO] [1764440288.989284459] [rosbag2_recorder]: Subscribed to topic '/tf'
[INFO] [1764440288.990020530] [rosbag2_recorder]: Subscribed to topic '/tf_static'
[WARN] [1764440289.882600296] [rosbag2_recorder]: New publisher discovered on topic '/tf', offering incompatible QoS. No messages will be sent to it. Last incompatible policy: DURABILITY_QOS_POLICY
[WARN] [1764440289.893150626] [rosbag2_recorder]: New publisher discovered on topic '/tf', offering incompatible QoS. No messages will be sent to it. Last incompatible policy: DURABILITY_QOS_POLICY
[WARN] [1764440289.905058436] [rosbag2_recorder]: A new publisher for subscribed topic /tf was found offering RMW_QOS_POLICY_DURABILITY_VOLATILE, but rosbag2 already subscribed requesting RMW_QOS_POLICY_DURABILITY_TRANSIENT_LOCAL. Messages from this new publisher will not be recorded.
[WARN] [1764440289.905097191] [rosbag2_recorder]: A new publisher for subscribed topic /tf was found offering RMW_QOS_POLICY_DURABILITY_VOLATILE, but rosbag2 already subscribed requesting RMW_QOS_POLICY_DURABILITY_TRANSIENT_LOCAL. Messages from this new publisher will not be recorded.
[INFO] [1764440289.906560511] [rosbag2_recorder]: Subscribed to topic '/cmd_vel'
[INFO] [1764440289.907838013] [rosbag2_recorder]: Subscribed to topic '/scan'
[INFO] [1764440289.907873150] [rosbag2_recorder]: All requested topics are subscribed. Stopping discovery...
[WARN] [1764440290.883646636] [rosbag2_recorder]: New publisher discovered on topic '/tf', offering incompatible QoS. No messages will be sent to it. Last incompatible policy: DURABILITY_QOS_POLICY
[INFO] [1764440342.758759025] [rosbag2_cpp]: Writing remaining messages from cache to the bag. It may take a while
[INFO] [1764440342.759426401] [rosbag2_recorder]: Event publisher thread: Exiting
[INFO] [1764440342.759472660] [rosbag2_recorder]: Recording stopped
