stdin is not a terminal device. Keyboard handling disabled.[INFO] [1764162477.993025800] [rosbag2_recorder]: Press SPACE for pausing/resuming
[INFO] [1764162477.993859725] [rosbag2_storage]: Opened database '/home/mobrob/ros_ws/dwa_baseline_2/world72_1126_050757/world72_1126_050757_0.db3' for READ_WRITE.
[INFO] [1764162477.994860953] [rosbag2_recorder]: Listening for topics...
[INFO] [1764162477.994872665] [rosbag2_recorder]: Event publisher thread: Starting
[INFO] [1764162477.994986333] [rosbag2_recorder]: Recording...
[INFO] [1764162478.098411781] [rosbag2_recorder]: Subscribed to topic '/odom'
[INFO] [1764162478.099058939] [rosbag2_recorder]: Subscribed to topic '/plan_barn'
[INFO] [1764162478.099565506] [rosbag2_recorder]: Subscribed to topic '/plan_barn_odom'
[INFO] [1764162478.100649790] [rosbag2_recorder]: Subscribed to topic '/scan'
[INFO] [1764162478.101643269] [rosbag2_recorder]: Subscribed to topic '/tf'
[WARN] [1764162479.001157015] [rosbag2_recorder]: New publisher discovered on topic '/tf', offering incompatible QoS. No messages will be sent to it. Last incompatible policy: DURABILITY_QOS_POLICY
[WARN] [1764162479.011755900] [rosbag2_recorder]: New publisher discovered on topic '/tf', offering incompatible QoS. No messages will be sent to it. Last incompatible policy: DURABILITY_QOS_POLICY
[WARN] [1764162479.011980054] [rosbag2_recorder]: A new publisher for subscribed topic /tf was found offering RMW_QOS_POLICY_DURABILITY_VOLATILE, but rosbag2 already subscribed requesting RMW_QOS_POLICY_DURABILITY_TRANSIENT_LOCAL. Messages from this new publisher will not be recorded.
[WARN] [1764162479.012012738] [rosbag2_recorder]: A new publisher for subscribed topic /tf was found offering RMW_QOS_POLICY_DURABILITY_VOLATILE, but rosbag2 already subscribed requesting RMW_QOS_POLICY_DURABILITY_TRANSIENT_LOCAL. Messages from this new publisher will not be recorded.
[WARN] [1764162479.012848216] [rosbag2_recorder]: New publisher discovered on topic '/tf', offering incompatible QoS. No messages will be sent to it. Last incompatible policy: DURABILITY_QOS_POLICY
[INFO] [1764162479.116883156] [rosbag2_recorder]: Subscribed to topic '/tf_static'
[INFO] [1764162480.047068131] [rosbag2_recorder]: Subscribed to topic '/cmd_vel'
[INFO] [1764162480.047103949] [rosbag2_recorder]: All requested topics are subscribed. Stopping discovery...
[INFO] [1764162484.866893249] [rosbag2_cpp]: Writing remaining messages from cache to the bag. It may take a while
[INFO] [1764162484.867546673] [rosbag2_recorder]: Event publisher thread: Exiting
[INFO] [1764162484.867593714] [rosbag2_recorder]: Recording stopped
