stdin is not a terminal device. Keyboard handling disabled.[INFO] [1764488534.179200174] [rosbag2_recorder]: Press SPACE for pausing/resuming
[INFO] [1764488534.179936295] [rosbag2_storage]: Opened database '/home/mobrob/ros_ws/dwa_baseline_2/world270_1129_234214/world270_1129_234214_0.db3' for READ_WRITE.
[INFO] [1764488534.180296396] [rosbag2_recorder]: Listening for topics...
[INFO] [1764488534.180308352] [rosbag2_recorder]: Event publisher thread: Starting
[INFO] [1764488534.180398448] [rosbag2_recorder]: Recording...
[INFO] [1764488534.283281401] [rosbag2_recorder]: Subscribed to topic '/cmd_vel'
[INFO] [1764488534.284488797] [rosbag2_recorder]: Subscribed to topic '/odom'
[INFO] [1764488534.285518646] [rosbag2_recorder]: Subscribed to topic '/tf'
[INFO] [1764488534.286100945] [rosbag2_recorder]: Subscribed to topic '/tf_static'
[WARN] [1764488535.190535312] [rosbag2_recorder]: New publisher discovered on topic '/tf', offering incompatible QoS. No messages will be sent to it. Last incompatible policy: DURABILITY_QOS_POLICY
[WARN] [1764488535.194055144] [rosbag2_recorder]: New publisher discovered on topic '/tf', offering incompatible QoS. No messages will be sent to it. Last incompatible policy: DURABILITY_QOS_POLICY
[WARN] [1764488535.205153555] [rosbag2_recorder]: A new publisher for subscribed topic /tf was found offering RMW_QOS_POLICY_DURABILITY_VOLATILE, but rosbag2 already subscribed requesting RMW_QOS_POLICY_DURABILITY_TRANSIENT_LOCAL. Messages from this new publisher will not be recorded.
[WARN] [1764488535.205198721] [rosbag2_recorder]: A new publisher for subscribed topic /tf was found offering RMW_QOS_POLICY_DURABILITY_VOLATILE, but rosbag2 already subscribed requesting RMW_QOS_POLICY_DURABILITY_TRANSIENT_LOCAL. Messages from this new publisher will not be recorded.
[INFO] [1764488535.206540462] [rosbag2_recorder]: Subscribed to topic '/scan'
[WARN] [1764488536.174311099] [rosbag2_recorder]: New publisher discovered on topic '/tf', offering incompatible QoS. No messages will be sent to it. Last incompatible policy: DURABILITY_QOS_POLICY
[INFO] [1764488536.240436344] [rosbag2_recorder]: Subscribed to topic '/plan_barn'
[INFO] [1764488536.241445685] [rosbag2_recorder]: Subscribed to topic '/plan_barn_odom'
[INFO] [1764488536.241469002] [rosbag2_recorder]: All requested topics are subscribed. Stopping discovery...
[INFO] [1764488585.050687211] [rosbag2_cpp]: Writing remaining messages from cache to the bag. It may take a while
[INFO] [1764488585.051256562] [rosbag2_recorder]: Event publisher thread: Exiting
[INFO] [1764488585.051292134] [rosbag2_recorder]: Recording stopped
