stdin is not a terminal device. Keyboard handling disabled.[INFO] [1764579862.404386834] [rosbag2_recorder]: Press SPACE for pausing/resuming
[INFO] [1764579862.405300415] [rosbag2_storage]: Opened database '/home/mobrob/ros_ws/dwa_baseline_2/world140_1201_010422/world140_1201_010422_0.db3' for READ_WRITE.
[INFO] [1764579862.405932592] [rosbag2_recorder]: Listening for topics...
[INFO] [1764579862.405942296] [rosbag2_recorder]: Event publisher thread: Starting
[INFO] [1764579862.406063361] [rosbag2_recorder]: Recording...
[INFO] [1764579862.509801872] [rosbag2_recorder]: Subscribed to topic '/cmd_vel'
[INFO] [1764579862.511209674] [rosbag2_recorder]: Subscribed to topic '/odom'
[INFO] [1764579862.512102366] [rosbag2_recorder]: Subscribed to topic '/plan_barn'
[INFO] [1764579862.512835831] [rosbag2_recorder]: Subscribed to topic '/plan_barn_odom'
[INFO] [1764579862.514165977] [rosbag2_recorder]: Subscribed to topic '/tf'
[WARN] [1764579863.420950803] [rosbag2_recorder]: New publisher discovered on topic '/tf', offering incompatible QoS. No messages will be sent to it. Last incompatible policy: DURABILITY_QOS_POLICY
[WARN] [1764579863.434518350] [rosbag2_recorder]: A new publisher for subscribed topic /tf was found offering RMW_QOS_POLICY_DURABILITY_VOLATILE, but rosbag2 already subscribed requesting RMW_QOS_POLICY_DURABILITY_TRANSIENT_LOCAL. Messages from this new publisher will not be recorded.
[INFO] [1764579863.435727662] [rosbag2_recorder]: Subscribed to topic '/scan'
[INFO] [1764579863.436820226] [rosbag2_recorder]: Subscribed to topic '/tf_static'
[INFO] [1764579863.436841705] [rosbag2_recorder]: All requested topics are subscribed. Stopping discovery...
[WARN] [1764579864.403482049] [rosbag2_recorder]: New publisher discovered on topic '/tf', offering incompatible QoS. No messages will be sent to it. Last incompatible policy: DURABILITY_QOS_POLICY
[WARN] [1764579864.406429344] [rosbag2_recorder]: New publisher discovered on topic '/tf', offering incompatible QoS. No messages will be sent to it. Last incompatible policy: DURABILITY_QOS_POLICY
[INFO] [1764579922.292705741] [rosbag2_cpp]: Writing remaining messages from cache to the bag. It may take a while
[INFO] [1764579922.293589563] [rosbag2_recorder]: Event publisher thread: Exiting
[INFO] [1764579922.293637450] [rosbag2_recorder]: Recording stopped
