stdin is not a terminal device. Keyboard handling disabled.[INFO] [1764590187.366672608] [rosbag2_recorder]: Press SPACE for pausing/resuming
[INFO] [1764590187.367632025] [rosbag2_storage]: Opened database '/home/mobrob/ros_ws/dwa_baseline_2/world173_1201_035627/world173_1201_035627_0.db3' for READ_WRITE.
[INFO] [1764590187.368115229] [rosbag2_recorder]: Listening for topics...
[INFO] [1764590187.368123979] [rosbag2_recorder]: Event publisher thread: Starting
[INFO] [1764590187.368193443] [rosbag2_recorder]: Recording...
[INFO] [1764590187.470496671] [rosbag2_recorder]: Subscribed to topic '/cmd_vel'
[INFO] [1764590187.471625662] [rosbag2_recorder]: Subscribed to topic '/odom'
[INFO] [1764590187.472839434] [rosbag2_recorder]: Subscribed to topic '/tf'
[WARN] [1764590188.368388708] [rosbag2_recorder]: New publisher discovered on topic '/tf', offering incompatible QoS. No messages will be sent to it. Last incompatible policy: DURABILITY_QOS_POLICY
[WARN] [1764590188.378703599] [rosbag2_recorder]: New publisher discovered on topic '/tf', offering incompatible QoS. No messages will be sent to it. Last incompatible policy: DURABILITY_QOS_POLICY
[WARN] [1764590188.379036575] [rosbag2_recorder]: New publisher discovered on topic '/tf', offering incompatible QoS. No messages will be sent to it. Last incompatible policy: DURABILITY_QOS_POLICY
[WARN] [1764590188.384828654] [rosbag2_recorder]: A new publisher for subscribed topic /tf was found offering RMW_QOS_POLICY_DURABILITY_VOLATILE, but rosbag2 already subscribed requesting RMW_QOS_POLICY_DURABILITY_TRANSIENT_LOCAL. Messages from this new publisher will not be recorded.
[WARN] [1764590188.384862482] [rosbag2_recorder]: A new publisher for subscribed topic /tf was found offering RMW_QOS_POLICY_DURABILITY_VOLATILE, but rosbag2 already subscribed requesting RMW_QOS_POLICY_DURABILITY_TRANSIENT_LOCAL. Messages from this new publisher will not be recorded.
[WARN] [1764590188.384865804] [rosbag2_recorder]: A new publisher for subscribed topic /tf was found offering RMW_QOS_POLICY_DURABILITY_VOLATILE, but rosbag2 already subscribed requesting RMW_QOS_POLICY_DURABILITY_TRANSIENT_LOCAL. Messages from this new publisher will not be recorded.
[INFO] [1764590188.385719760] [rosbag2_recorder]: Subscribed to topic '/plan_barn'
[INFO] [1764590188.386721133] [rosbag2_recorder]: Subscribed to topic '/plan_barn_odom'
[INFO] [1764590188.387710030] [rosbag2_recorder]: Subscribed to topic '/scan'
[INFO] [1764590188.388824522] [rosbag2_recorder]: Subscribed to topic '/tf_static'
[INFO] [1764590188.388846402] [rosbag2_recorder]: All requested topics are subscribed. Stopping discovery...
[INFO] [1764590255.236319383] [rosbag2_cpp]: Writing remaining messages from cache to the bag. It may take a while
[INFO] [1764590255.236921521] [rosbag2_recorder]: Event publisher thread: Exiting
[INFO] [1764590255.236967662] [rosbag2_recorder]: Recording stopped
