stdin is not a terminal device. Keyboard handling disabled.[INFO] [1764452237.015639312] [rosbag2_recorder]: Press SPACE for pausing/resuming
[INFO] [1764452237.016756316] [rosbag2_storage]: Opened database '/home/mobrob/ros_ws/dwa_baseline_2/world173_1129_133716/world173_1129_133716_0.db3' for READ_WRITE.
[INFO] [1764452237.017420710] [rosbag2_recorder]: Listening for topics...
[INFO] [1764452237.017451179] [rosbag2_recorder]: Event publisher thread: Starting
[INFO] [1764452237.017527777] [rosbag2_recorder]: Recording...
[INFO] [1764452237.120194144] [rosbag2_recorder]: Subscribed to topic '/odom'
[INFO] [1764452237.121295657] [rosbag2_recorder]: Subscribed to topic '/scan'
[INFO] [1764452237.122897425] [rosbag2_recorder]: Subscribed to topic '/tf'
[INFO] [1764452237.327189976] [rosbag2_recorder]: Subscribed to topic '/plan_barn'
[INFO] [1764452237.327968910] [rosbag2_recorder]: Subscribed to topic '/plan_barn_odom'
[WARN] [1764452238.027181635] [rosbag2_recorder]: New publisher discovered on topic '/tf', offering incompatible QoS. No messages will be sent to it. Last incompatible policy: DURABILITY_QOS_POLICY
[WARN] [1764452238.028191511] [rosbag2_recorder]: New publisher discovered on topic '/tf', offering incompatible QoS. No messages will be sent to it. Last incompatible policy: DURABILITY_QOS_POLICY
[WARN] [1764452238.033540581] [rosbag2_recorder]: New publisher discovered on topic '/tf', offering incompatible QoS. No messages will be sent to it. Last incompatible policy: DURABILITY_QOS_POLICY
[WARN] [1764452238.039653744] [rosbag2_recorder]: A new publisher for subscribed topic /tf was found offering RMW_QOS_POLICY_DURABILITY_VOLATILE, but rosbag2 already subscribed requesting RMW_QOS_POLICY_DURABILITY_TRANSIENT_LOCAL. Messages from this new publisher will not be recorded.
[WARN] [1764452238.039690461] [rosbag2_recorder]: A new publisher for subscribed topic /tf was found offering RMW_QOS_POLICY_DURABILITY_VOLATILE, but rosbag2 already subscribed requesting RMW_QOS_POLICY_DURABILITY_TRANSIENT_LOCAL. Messages from this new publisher will not be recorded.
[WARN] [1764452238.039693486] [rosbag2_recorder]: A new publisher for subscribed topic /tf was found offering RMW_QOS_POLICY_DURABILITY_VOLATILE, but rosbag2 already subscribed requesting RMW_QOS_POLICY_DURABILITY_TRANSIENT_LOCAL. Messages from this new publisher will not be recorded.
[INFO] [1764452238.041334219] [rosbag2_recorder]: Subscribed to topic '/cmd_vel'
[INFO] [1764452238.042357305] [rosbag2_recorder]: Subscribed to topic '/tf_static'
[INFO] [1764452238.042378205] [rosbag2_recorder]: All requested topics are subscribed. Stopping discovery...
[INFO] [1764452309.883830177] [rosbag2_cpp]: Writing remaining messages from cache to the bag. It may take a while
[INFO] [1764452309.884799473] [rosbag2_recorder]: Event publisher thread: Exiting
[INFO] [1764452309.884873937] [rosbag2_recorder]: Recording stopped
