stdin is not a terminal device. Keyboard handling disabled.[INFO] [1764195301.029620155] [rosbag2_recorder]: Press SPACE for pausing/resuming
[INFO] [1764195301.030499165] [rosbag2_storage]: Opened database '/home/mobrob/ros_ws/dwa_baseline_2/world141_1126_141500/world141_1126_141500_0.db3' for READ_WRITE.
[INFO] [1764195301.033065041] [rosbag2_recorder]: Listening for topics...
[INFO] [1764195301.033075335] [rosbag2_recorder]: Event publisher thread: Starting
[INFO] [1764195301.033178156] [rosbag2_recorder]: Recording...
[INFO] [1764195301.136028454] [rosbag2_recorder]: Subscribed to topic '/cmd_vel'
[INFO] [1764195301.137188968] [rosbag2_recorder]: Subscribed to topic '/odom'
[INFO] [1764195301.137967075] [rosbag2_recorder]: Subscribed to topic '/plan_barn'
[INFO] [1764195301.138637039] [rosbag2_recorder]: Subscribed to topic '/plan_barn_odom'
[INFO] [1764195301.139708117] [rosbag2_recorder]: Subscribed to topic '/tf'
[INFO] [1764195301.140394975] [rosbag2_recorder]: Subscribed to topic '/tf_static'
[WARN] [1764195302.042008691] [rosbag2_recorder]: New publisher discovered on topic '/tf', offering incompatible QoS. No messages will be sent to it. Last incompatible policy: DURABILITY_QOS_POLICY
[WARN] [1764195302.046708697] [rosbag2_recorder]: New publisher discovered on topic '/tf', offering incompatible QoS. No messages will be sent to it. Last incompatible policy: DURABILITY_QOS_POLICY
[WARN] [1764195302.057313361] [rosbag2_recorder]: A new publisher for subscribed topic /tf was found offering RMW_QOS_POLICY_DURABILITY_VOLATILE, but rosbag2 already subscribed requesting RMW_QOS_POLICY_DURABILITY_TRANSIENT_LOCAL. Messages from this new publisher will not be recorded.
[WARN] [1764195302.057342901] [rosbag2_recorder]: A new publisher for subscribed topic /tf was found offering RMW_QOS_POLICY_DURABILITY_VOLATILE, but rosbag2 already subscribed requesting RMW_QOS_POLICY_DURABILITY_TRANSIENT_LOCAL. Messages from this new publisher will not be recorded.
[WARN] [1764195303.024636665] [rosbag2_recorder]: New publisher discovered on topic '/tf', offering incompatible QoS. No messages will be sent to it. Last incompatible policy: DURABILITY_QOS_POLICY
[INFO] [1764195303.092502042] [rosbag2_recorder]: Subscribed to topic '/scan'
[INFO] [1764195303.092545732] [rosbag2_recorder]: All requested topics are subscribed. Stopping discovery...
[INFO] [1764195307.905452067] [rosbag2_cpp]: Writing remaining messages from cache to the bag. It may take a while
[INFO] [1764195307.906227197] [rosbag2_recorder]: Event publisher thread: Exiting
[INFO] [1764195307.906302020] [rosbag2_recorder]: Recording stopped
