stdin is not a terminal device. Keyboard handling disabled.[INFO] [1764251238.027232185] [rosbag2_recorder]: Press SPACE for pausing/resuming
[INFO] [1764251238.028005357] [rosbag2_storage]: Opened database '/home/mobrob/ros_ws/dwa_baseline_2/world246_1127_054717/world246_1127_054717_0.db3' for READ_WRITE.
[INFO] [1764251238.028546385] [rosbag2_recorder]: Listening for topics...
[INFO] [1764251238.028560487] [rosbag2_recorder]: Event publisher thread: Starting
[INFO] [1764251238.028621516] [rosbag2_recorder]: Recording...
[INFO] [1764251238.132188317] [rosbag2_recorder]: Subscribed to topic '/cmd_vel'
[INFO] [1764251238.133167467] [rosbag2_recorder]: Subscribed to topic '/odom'
[INFO] [1764251238.133983035] [rosbag2_recorder]: Subscribed to topic '/tf'
[INFO] [1764251238.134479997] [rosbag2_recorder]: Subscribed to topic '/tf_static'
[WARN] [1764251238.417229126] [rosbag2_recorder]: New publisher discovered on topic '/tf', offering incompatible QoS. No messages will be sent to it. Last incompatible policy: DURABILITY_QOS_POLICY
[WARN] [1764251238.437894162] [rosbag2_recorder]: A new publisher for subscribed topic /tf was found offering RMW_QOS_POLICY_DURABILITY_VOLATILE, but rosbag2 already subscribed requesting RMW_QOS_POLICY_DURABILITY_TRANSIENT_LOCAL. Messages from this new publisher will not be recorded.
[INFO] [1764251239.050882361] [rosbag2_recorder]: Subscribed to topic '/plan_barn'
[WARN] [1764251239.052110709] [rosbag2_recorder]: New publisher discovered on topic '/tf', offering incompatible QoS. No messages will be sent to it. Last incompatible policy: DURABILITY_QOS_POLICY
[INFO] [1764251239.054095059] [rosbag2_recorder]: Subscribed to topic '/plan_barn_odom'
[WARN] [1764251240.032340658] [rosbag2_recorder]: New publisher discovered on topic '/tf', offering incompatible QoS. No messages will be sent to it. Last incompatible policy: DURABILITY_QOS_POLICY
[INFO] [1764251240.089194378] [rosbag2_recorder]: Subscribed to topic '/scan'
[INFO] [1764251240.089239757] [rosbag2_recorder]: All requested topics are subscribed. Stopping discovery...
[INFO] [1764251261.900526321] [rosbag2_cpp]: Writing remaining messages from cache to the bag. It may take a while
[INFO] [1764251261.901138067] [rosbag2_recorder]: Event publisher thread: Exiting
[INFO] [1764251261.901190698] [rosbag2_recorder]: Recording stopped
