stdin is not a terminal device. Keyboard handling disabled.[INFO] [1764600993.066550244] [rosbag2_recorder]: Press SPACE for pausing/resuming
[INFO] [1764600993.067825909] [rosbag2_storage]: Opened database '/home/mobrob/ros_ws/dwa_baseline_2/world209_1201_065632/world209_1201_065632_0.db3' for READ_WRITE.
[INFO] [1764600993.068553391] [rosbag2_recorder]: Listening for topics...
[INFO] [1764600993.068650303] [rosbag2_recorder]: Recording...
[INFO] [1764600993.068805999] [rosbag2_recorder]: Event publisher thread: Starting
[INFO] [1764600993.172090524] [rosbag2_recorder]: Subscribed to topic '/cmd_vel'
[INFO] [1764600993.173086860] [rosbag2_recorder]: Subscribed to topic '/odom'
[INFO] [1764600993.174559958] [rosbag2_recorder]: Subscribed to topic '/tf'
[WARN] [1764600994.084421253] [rosbag2_recorder]: New publisher discovered on topic '/tf', offering incompatible QoS. No messages will be sent to it. Last incompatible policy: DURABILITY_QOS_POLICY
[WARN] [1764600994.089108938] [rosbag2_recorder]: A new publisher for subscribed topic /tf was found offering RMW_QOS_POLICY_DURABILITY_VOLATILE, but rosbag2 already subscribed requesting RMW_QOS_POLICY_DURABILITY_TRANSIENT_LOCAL. Messages from this new publisher will not be recorded.
[INFO] [1764600994.090024848] [rosbag2_recorder]: Subscribed to topic '/plan_barn'
[INFO] [1764600994.090941172] [rosbag2_recorder]: Subscribed to topic '/plan_barn_odom'
[INFO] [1764600994.092410417] [rosbag2_recorder]: Subscribed to topic '/scan'
[INFO] [1764600994.093399262] [rosbag2_recorder]: Subscribed to topic '/tf_static'
[INFO] [1764600994.093427437] [rosbag2_recorder]: All requested topics are subscribed. Stopping discovery...
[WARN] [1764600995.063905906] [rosbag2_recorder]: New publisher discovered on topic '/tf', offering incompatible QoS. No messages will be sent to it. Last incompatible policy: DURABILITY_QOS_POLICY
[WARN] [1764600995.064569503] [rosbag2_recorder]: New publisher discovered on topic '/tf', offering incompatible QoS. No messages will be sent to it. Last incompatible policy: DURABILITY_QOS_POLICY
[INFO] [1764601042.948130906] [rosbag2_cpp]: Writing remaining messages from cache to the bag. It may take a while
[INFO] [1764601042.948765844] [rosbag2_recorder]: Event publisher thread: Exiting
[INFO] [1764601042.948798586] [rosbag2_recorder]: Recording stopped
