stdin is not a terminal device. Keyboard handling disabled.[INFO] [1764212947.151030448] [rosbag2_recorder]: Press SPACE for pausing/resuming
[INFO] [1764212947.151827160] [rosbag2_storage]: Opened database '/home/mobrob/ros_ws/dwa_baseline_2/world174_1126_190907/world174_1126_190907_0.db3' for READ_WRITE.
[INFO] [1764212947.152375456] [rosbag2_recorder]: Listening for topics...
[INFO] [1764212947.152389717] [rosbag2_recorder]: Event publisher thread: Starting
[INFO] [1764212947.152461642] [rosbag2_recorder]: Recording...
[INFO] [1764212947.255561449] [rosbag2_recorder]: Subscribed to topic '/scan'
[INFO] [1764212948.168779390] [rosbag2_recorder]: Subscribed to topic '/cmd_vel'
[INFO] [1764212948.172529451] [rosbag2_recorder]: Subscribed to topic '/plan_barn_odom'
[INFO] [1764212948.277060756] [rosbag2_recorder]: Subscribed to topic '/odom'
[INFO] [1764212948.278806899] [rosbag2_recorder]: Subscribed to topic '/tf'
[INFO] [1764212948.279857434] [rosbag2_recorder]: Subscribed to topic '/tf_static'
[WARN] [1764212949.165066027] [rosbag2_recorder]: New publisher discovered on topic '/tf', offering incompatible QoS. No messages will be sent to it. Last incompatible policy: DURABILITY_QOS_POLICY
[WARN] [1764212949.167036124] [rosbag2_recorder]: New publisher discovered on topic '/tf', offering incompatible QoS. No messages will be sent to it. Last incompatible policy: DURABILITY_QOS_POLICY
[WARN] [1764212949.203902352] [rosbag2_recorder]: A new publisher for subscribed topic /tf was found offering RMW_QOS_POLICY_DURABILITY_VOLATILE, but rosbag2 already subscribed requesting RMW_QOS_POLICY_DURABILITY_TRANSIENT_LOCAL. Messages from this new publisher will not be recorded.
[WARN] [1764212949.203937951] [rosbag2_recorder]: A new publisher for subscribed topic /tf was found offering RMW_QOS_POLICY_DURABILITY_VOLATILE, but rosbag2 already subscribed requesting RMW_QOS_POLICY_DURABILITY_TRANSIENT_LOCAL. Messages from this new publisher will not be recorded.
[INFO] [1764212949.204978483] [rosbag2_recorder]: Subscribed to topic '/plan_barn'
[INFO] [1764212949.205001806] [rosbag2_recorder]: All requested topics are subscribed. Stopping discovery...
[WARN] [1764212950.146503839] [rosbag2_recorder]: New publisher discovered on topic '/tf', offering incompatible QoS. No messages will be sent to it. Last incompatible policy: DURABILITY_QOS_POLICY
[INFO] [1764213013.032071610] [rosbag2_cpp]: Writing remaining messages from cache to the bag. It may take a while
[INFO] [1764213013.032657304] [rosbag2_recorder]: Event publisher thread: Exiting
[INFO] [1764213013.032709418] [rosbag2_recorder]: Recording stopped
