stdin is not a terminal device. Keyboard handling disabled.[INFO] [1764581296.027404041] [rosbag2_recorder]: Press SPACE for pausing/resuming
[INFO] [1764581296.028617106] [rosbag2_storage]: Opened database '/home/mobrob/ros_ws/dwa_baseline_2/world143_1201_012815/world143_1201_012815_0.db3' for READ_WRITE.
[INFO] [1764581296.029415277] [rosbag2_recorder]: Listening for topics...
[INFO] [1764581296.029540504] [rosbag2_recorder]: Recording...
[INFO] [1764581296.030979945] [rosbag2_recorder]: Event publisher thread: Starting
[INFO] [1764581296.135486454] [rosbag2_recorder]: Subscribed to topic '/odom'
[INFO] [1764581296.136630608] [rosbag2_recorder]: Subscribed to topic '/scan'
[INFO] [1764581296.137504309] [rosbag2_recorder]: Subscribed to topic '/tf'
[INFO] [1764581296.138247967] [rosbag2_recorder]: Subscribed to topic '/tf_static'
[WARN] [1764581297.040867151] [rosbag2_recorder]: New publisher discovered on topic '/tf', offering incompatible QoS. No messages will be sent to it. Last incompatible policy: DURABILITY_QOS_POLICY
[WARN] [1764581297.043336164] [rosbag2_recorder]: New publisher discovered on topic '/tf', offering incompatible QoS. No messages will be sent to it. Last incompatible policy: DURABILITY_QOS_POLICY
[WARN] [1764581297.051505264] [rosbag2_recorder]: A new publisher for subscribed topic /tf was found offering RMW_QOS_POLICY_DURABILITY_VOLATILE, but rosbag2 already subscribed requesting RMW_QOS_POLICY_DURABILITY_TRANSIENT_LOCAL. Messages from this new publisher will not be recorded.
[WARN] [1764581297.051541689] [rosbag2_recorder]: A new publisher for subscribed topic /tf was found offering RMW_QOS_POLICY_DURABILITY_VOLATILE, but rosbag2 already subscribed requesting RMW_QOS_POLICY_DURABILITY_TRANSIENT_LOCAL. Messages from this new publisher will not be recorded.
[INFO] [1764581297.052812816] [rosbag2_recorder]: Subscribed to topic '/cmd_vel'
[INFO] [1764581297.053936869] [rosbag2_recorder]: Subscribed to topic '/plan_barn'
[INFO] [1764581297.054934357] [rosbag2_recorder]: Subscribed to topic '/plan_barn_odom'
[INFO] [1764581297.054958547] [rosbag2_recorder]: All requested topics are subscribed. Stopping discovery...
[WARN] [1764581298.026862799] [rosbag2_recorder]: New publisher discovered on topic '/tf', offering incompatible QoS. No messages will be sent to it. Last incompatible policy: DURABILITY_QOS_POLICY
[INFO] [1764581302.900664071] [rosbag2_cpp]: Writing remaining messages from cache to the bag. It may take a while
[INFO] [1764581302.901416073] [rosbag2_recorder]: Event publisher thread: Exiting
[INFO] [1764581302.901465258] [rosbag2_recorder]: Recording stopped
