stdin is not a terminal device. Keyboard handling disabled.[INFO] [1764404214.364742450] [rosbag2_recorder]: Press SPACE for pausing/resuming
[INFO] [1764404214.366029884] [rosbag2_storage]: Opened database '/home/mobrob/ros_ws/dwa_baseline_2/world38_1129_001654/world38_1129_001654_0.db3' for READ_WRITE.
[INFO] [1764404214.366647864] [rosbag2_recorder]: Listening for topics...
[INFO] [1764404214.366779359] [rosbag2_recorder]: Recording...
[INFO] [1764404214.370558522] [rosbag2_recorder]: Event publisher thread: Starting
[INFO] [1764404214.470206294] [rosbag2_recorder]: Subscribed to topic '/cmd_vel'
[INFO] [1764404214.471255691] [rosbag2_recorder]: Subscribed to topic '/odom'
[INFO] [1764404214.472491320] [rosbag2_recorder]: Subscribed to topic '/scan'
[INFO] [1764404214.473991434] [rosbag2_recorder]: Subscribed to topic '/tf'
[INFO] [1764404214.474787250] [rosbag2_recorder]: Subscribed to topic '/tf_static'
[WARN] [1764404215.365088080] [rosbag2_recorder]: New publisher discovered on topic '/tf', offering incompatible QoS. No messages will be sent to it. Last incompatible policy: DURABILITY_QOS_POLICY
[WARN] [1764404215.375421548] [rosbag2_recorder]: New publisher discovered on topic '/tf', offering incompatible QoS. No messages will be sent to it. Last incompatible policy: DURABILITY_QOS_POLICY
[WARN] [1764404215.383029285] [rosbag2_recorder]: New publisher discovered on topic '/tf', offering incompatible QoS. No messages will be sent to it. Last incompatible policy: DURABILITY_QOS_POLICY
[WARN] [1764404215.392816077] [rosbag2_recorder]: A new publisher for subscribed topic /tf was found offering RMW_QOS_POLICY_DURABILITY_VOLATILE, but rosbag2 already subscribed requesting RMW_QOS_POLICY_DURABILITY_TRANSIENT_LOCAL. Messages from this new publisher will not be recorded.
[WARN] [1764404215.392845479] [rosbag2_recorder]: A new publisher for subscribed topic /tf was found offering RMW_QOS_POLICY_DURABILITY_VOLATILE, but rosbag2 already subscribed requesting RMW_QOS_POLICY_DURABILITY_TRANSIENT_LOCAL. Messages from this new publisher will not be recorded.
[WARN] [1764404215.392848765] [rosbag2_recorder]: A new publisher for subscribed topic /tf was found offering RMW_QOS_POLICY_DURABILITY_VOLATILE, but rosbag2 already subscribed requesting RMW_QOS_POLICY_DURABILITY_TRANSIENT_LOCAL. Messages from this new publisher will not be recorded.
[INFO] [1764404216.426064656] [rosbag2_recorder]: Subscribed to topic '/plan_barn'
[INFO] [1764404216.426947349] [rosbag2_recorder]: Subscribed to topic '/plan_barn_odom'
[INFO] [1764404216.426961171] [rosbag2_recorder]: All requested topics are subscribed. Stopping discovery...
[INFO] [1764404290.250606459] [rosbag2_cpp]: Writing remaining messages from cache to the bag. It may take a while
[INFO] [1764404290.251479063] [rosbag2_recorder]: Event publisher thread: Exiting
[INFO] [1764404290.251518526] [rosbag2_recorder]: Recording stopped
