stdin is not a terminal device. Keyboard handling disabled.[INFO] [1764142266.241194838] [rosbag2_recorder]: Press SPACE for pausing/resuming
[INFO] [1764142266.242055211] [rosbag2_storage]: Opened database '/home/mobrob/ros_ws/dwa_baseline_2/world30_1125_233106/world30_1125_233106_0.db3' for READ_WRITE.
[INFO] [1764142266.242440290] [rosbag2_recorder]: Listening for topics...
[INFO] [1764142266.242452897] [rosbag2_recorder]: Event publisher thread: Starting
[INFO] [1764142266.242536937] [rosbag2_recorder]: Recording...
[INFO] [1764142266.642328825] [rosbag2_recorder]: Subscribed to topic '/cmd_vel'
[INFO] [1764142266.643838051] [rosbag2_recorder]: Subscribed to topic '/scan'
[INFO] [1764142266.645540470] [rosbag2_recorder]: Subscribed to topic '/tf_static'
[INFO] [1764142266.748005549] [rosbag2_recorder]: Subscribed to topic '/odom'
[INFO] [1764142266.748908341] [rosbag2_recorder]: Subscribed to topic '/tf'
[WARN] [1764142266.784906358] [rosbag2_recorder]: New publisher discovered on topic '/tf', offering incompatible QoS. No messages will be sent to it. Last incompatible policy: DURABILITY_QOS_POLICY
[WARN] [1764142266.850459566] [rosbag2_recorder]: A new publisher for subscribed topic /tf was found offering RMW_QOS_POLICY_DURABILITY_VOLATILE, but rosbag2 already subscribed requesting RMW_QOS_POLICY_DURABILITY_TRANSIENT_LOCAL. Messages from this new publisher will not be recorded.
[WARN] [1764142267.247597791] [rosbag2_recorder]: New publisher discovered on topic '/tf', offering incompatible QoS. No messages will be sent to it. Last incompatible policy: DURABILITY_QOS_POLICY
[INFO] [1764142267.262614993] [rosbag2_recorder]: Subscribed to topic '/plan_barn'
[INFO] [1764142267.264007139] [rosbag2_recorder]: Subscribed to topic '/plan_barn_odom'
[INFO] [1764142267.264038719] [rosbag2_recorder]: All requested topics are subscribed. Stopping discovery...
[WARN] [1764142268.242307698] [rosbag2_recorder]: New publisher discovered on topic '/tf', offering incompatible QoS. No messages will be sent to it. Last incompatible policy: DURABILITY_QOS_POLICY
[INFO] [1764142311.116279873] [rosbag2_cpp]: Writing remaining messages from cache to the bag. It may take a while
[INFO] [1764142311.116844583] [rosbag2_recorder]: Event publisher thread: Exiting
[INFO] [1764142311.116877532] [rosbag2_recorder]: Recording stopped
