stdin is not a terminal device. Keyboard handling disabled.[INFO] [1764173105.304323619] [rosbag2_recorder]: Press SPACE for pausing/resuming
[INFO] [1764173105.305144411] [rosbag2_storage]: Opened database '/home/mobrob/ros_ws/dwa_baseline_2/world96_1126_080505/world96_1126_080505_0.db3' for READ_WRITE.
[INFO] [1764173105.306150187] [rosbag2_recorder]: Listening for topics...
[INFO] [1764173105.306156019] [rosbag2_recorder]: Event publisher thread: Starting
[INFO] [1764173105.306254111] [rosbag2_recorder]: Recording...
[INFO] [1764173105.409670194] [rosbag2_recorder]: Subscribed to topic '/cmd_vel'
[INFO] [1764173105.410993092] [rosbag2_recorder]: Subscribed to topic '/odom'
[INFO] [1764173105.412032556] [rosbag2_recorder]: Subscribed to topic '/scan'
[INFO] [1764173105.413141505] [rosbag2_recorder]: Subscribed to topic '/tf'
[WARN] [1764173106.320323615] [rosbag2_recorder]: New publisher discovered on topic '/tf', offering incompatible QoS. No messages will be sent to it. Last incompatible policy: DURABILITY_QOS_POLICY
[WARN] [1764173106.331662801] [rosbag2_recorder]: A new publisher for subscribed topic /tf was found offering RMW_QOS_POLICY_DURABILITY_VOLATILE, but rosbag2 already subscribed requesting RMW_QOS_POLICY_DURABILITY_TRANSIENT_LOCAL. Messages from this new publisher will not be recorded.
[INFO] [1764173106.333047940] [rosbag2_recorder]: Subscribed to topic '/plan_barn'
[INFO] [1764173106.333815141] [rosbag2_recorder]: Subscribed to topic '/plan_barn_odom'
[INFO] [1764173106.334813947] [rosbag2_recorder]: Subscribed to topic '/tf_static'
[INFO] [1764173106.334835877] [rosbag2_recorder]: All requested topics are subscribed. Stopping discovery...
[WARN] [1764173107.299129701] [rosbag2_recorder]: New publisher discovered on topic '/tf', offering incompatible QoS. No messages will be sent to it. Last incompatible policy: DURABILITY_QOS_POLICY
[WARN] [1764173107.299480309] [rosbag2_recorder]: New publisher discovered on topic '/tf', offering incompatible QoS. No messages will be sent to it. Last incompatible policy: DURABILITY_QOS_POLICY
[INFO] [1764173158.177917229] [rosbag2_cpp]: Writing remaining messages from cache to the bag. It may take a while
[INFO] [1764173158.178574452] [rosbag2_recorder]: Event publisher thread: Exiting
[INFO] [1764173158.178605573] [rosbag2_recorder]: Recording stopped
