stdin is not a terminal device. Keyboard handling disabled.[INFO] [1764552190.247443103] [rosbag2_recorder]: Press SPACE for pausing/resuming
[INFO] [1764552190.248751063] [rosbag2_storage]: Opened database '/home/mobrob/ros_ws/dwa_baseline_2/world60_1130_172310/world60_1130_172310_0.db3' for READ_WRITE.
[INFO] [1764552190.250044581] [rosbag2_recorder]: Listening for topics...
[INFO] [1764552190.250061174] [rosbag2_recorder]: Event publisher thread: Starting
[INFO] [1764552190.250166068] [rosbag2_recorder]: Recording...
[INFO] [1764552190.355876632] [rosbag2_recorder]: Subscribed to topic '/cmd_vel'
[INFO] [1764552190.356875062] [rosbag2_recorder]: Subscribed to topic '/odom'
[INFO] [1764552190.358003889] [rosbag2_recorder]: Subscribed to topic '/scan'
[INFO] [1764552190.359468731] [rosbag2_recorder]: Subscribed to topic '/tf'
[WARN] [1764552191.245248790] [rosbag2_recorder]: New publisher discovered on topic '/tf', offering incompatible QoS. No messages will be sent to it. Last incompatible policy: DURABILITY_QOS_POLICY
[WARN] [1764552191.247328953] [rosbag2_recorder]: New publisher discovered on topic '/tf', offering incompatible QoS. No messages will be sent to it. Last incompatible policy: DURABILITY_QOS_POLICY
[WARN] [1764552191.264497436] [rosbag2_recorder]: New publisher discovered on topic '/tf', offering incompatible QoS. No messages will be sent to it. Last incompatible policy: DURABILITY_QOS_POLICY
[WARN] [1764552191.276361915] [rosbag2_recorder]: A new publisher for subscribed topic /tf was found offering RMW_QOS_POLICY_DURABILITY_VOLATILE, but rosbag2 already subscribed requesting RMW_QOS_POLICY_DURABILITY_TRANSIENT_LOCAL. Messages from this new publisher will not be recorded.
[WARN] [1764552191.276394409] [rosbag2_recorder]: A new publisher for subscribed topic /tf was found offering RMW_QOS_POLICY_DURABILITY_VOLATILE, but rosbag2 already subscribed requesting RMW_QOS_POLICY_DURABILITY_TRANSIENT_LOCAL. Messages from this new publisher will not be recorded.
[WARN] [1764552191.276397416] [rosbag2_recorder]: A new publisher for subscribed topic /tf was found offering RMW_QOS_POLICY_DURABILITY_VOLATILE, but rosbag2 already subscribed requesting RMW_QOS_POLICY_DURABILITY_TRANSIENT_LOCAL. Messages from this new publisher will not be recorded.
[INFO] [1764552191.277568080] [rosbag2_recorder]: Subscribed to topic '/tf_static'
[INFO] [1764552192.317271569] [rosbag2_recorder]: Subscribed to topic '/plan_barn'
[INFO] [1764552192.318270236] [rosbag2_recorder]: Subscribed to topic '/plan_barn_odom'
[INFO] [1764552192.318298538] [rosbag2_recorder]: All requested topics are subscribed. Stopping discovery...
[INFO] [1764552229.114789831] [rosbag2_cpp]: Writing remaining messages from cache to the bag. It may take a while
[INFO] [1764552229.115662493] [rosbag2_recorder]: Event publisher thread: Exiting
[INFO] [1764552229.115712817] [rosbag2_recorder]: Recording stopped
