stdin is not a terminal device. Keyboard handling disabled.[INFO] [1764485039.806129675] [rosbag2_recorder]: Press SPACE for pausing/resuming
[INFO] [1764485039.806881680] [rosbag2_storage]: Opened database '/home/mobrob/ros_ws/dwa_baseline_2/world262_1129_224359/world262_1129_224359_0.db3' for READ_WRITE.
[INFO] [1764485039.807244071] [rosbag2_recorder]: Listening for topics...
[INFO] [1764485039.807258786] [rosbag2_recorder]: Event publisher thread: Starting
[INFO] [1764485039.807314847] [rosbag2_recorder]: Recording...
[INFO] [1764485039.910049863] [rosbag2_recorder]: Subscribed to topic '/cmd_vel'
[INFO] [1764485039.911040890] [rosbag2_recorder]: Subscribed to topic '/odom'
[INFO] [1764485039.912046045] [rosbag2_recorder]: Subscribed to topic '/tf'
[WARN] [1764485040.810257011] [rosbag2_recorder]: New publisher discovered on topic '/tf', offering incompatible QoS. No messages will be sent to it. Last incompatible policy: DURABILITY_QOS_POLICY
[WARN] [1764485040.812323309] [rosbag2_recorder]: New publisher discovered on topic '/tf', offering incompatible QoS. No messages will be sent to it. Last incompatible policy: DURABILITY_QOS_POLICY
[WARN] [1764485040.813615635] [rosbag2_recorder]: New publisher discovered on topic '/tf', offering incompatible QoS. No messages will be sent to it. Last incompatible policy: DURABILITY_QOS_POLICY
[WARN] [1764485040.828249290] [rosbag2_recorder]: A new publisher for subscribed topic /tf was found offering RMW_QOS_POLICY_DURABILITY_VOLATILE, but rosbag2 already subscribed requesting RMW_QOS_POLICY_DURABILITY_TRANSIENT_LOCAL. Messages from this new publisher will not be recorded.
[WARN] [1764485040.828284779] [rosbag2_recorder]: A new publisher for subscribed topic /tf was found offering RMW_QOS_POLICY_DURABILITY_VOLATILE, but rosbag2 already subscribed requesting RMW_QOS_POLICY_DURABILITY_TRANSIENT_LOCAL. Messages from this new publisher will not be recorded.
[WARN] [1764485040.828288712] [rosbag2_recorder]: A new publisher for subscribed topic /tf was found offering RMW_QOS_POLICY_DURABILITY_VOLATILE, but rosbag2 already subscribed requesting RMW_QOS_POLICY_DURABILITY_TRANSIENT_LOCAL. Messages from this new publisher will not be recorded.
[INFO] [1764485040.829187920] [rosbag2_recorder]: Subscribed to topic '/plan_barn'
[INFO] [1764485040.829980749] [rosbag2_recorder]: Subscribed to topic '/plan_barn_odom'
[INFO] [1764485040.830962220] [rosbag2_recorder]: Subscribed to topic '/scan'
[INFO] [1764485040.831717440] [rosbag2_recorder]: Subscribed to topic '/tf_static'
[INFO] [1764485040.831743890] [rosbag2_recorder]: All requested topics are subscribed. Stopping discovery...
[INFO] [1764485042.678607727] [rosbag2_cpp]: Writing remaining messages from cache to the bag. It may take a while
[INFO] [1764485042.679099068] [rosbag2_recorder]: Event publisher thread: Exiting
[INFO] [1764485042.679140751] [rosbag2_recorder]: Recording stopped
