stdin is not a terminal device. Keyboard handling disabled.[INFO] [1764558162.386043919] [rosbag2_recorder]: Press SPACE for pausing/resuming
[INFO] [1764558162.386806713] [rosbag2_storage]: Opened database '/home/mobrob/ros_ws/dwa_baseline_2/world75_1130_190242/world75_1130_190242_0.db3' for READ_WRITE.
[INFO] [1764558162.387635502] [rosbag2_recorder]: Listening for topics...
[INFO] [1764558162.387761214] [rosbag2_recorder]: Recording...
[INFO] [1764558162.387647551] [rosbag2_recorder]: Event publisher thread: Starting
[INFO] [1764558162.491489303] [rosbag2_recorder]: Subscribed to topic '/cmd_vel'
[INFO] [1764558162.492394009] [rosbag2_recorder]: Subscribed to topic '/odom'
[INFO] [1764558162.492986094] [rosbag2_recorder]: Subscribed to topic '/plan_barn'
[INFO] [1764558162.493735555] [rosbag2_recorder]: Subscribed to topic '/plan_barn_odom'
[INFO] [1764558162.495073929] [rosbag2_recorder]: Subscribed to topic '/tf'
[WARN] [1764558163.387526351] [rosbag2_recorder]: New publisher discovered on topic '/tf', offering incompatible QoS. No messages will be sent to it. Last incompatible policy: DURABILITY_QOS_POLICY
[WARN] [1764558163.394349804] [rosbag2_recorder]: New publisher discovered on topic '/tf', offering incompatible QoS. No messages will be sent to it. Last incompatible policy: DURABILITY_QOS_POLICY
[WARN] [1764558163.401981767] [rosbag2_recorder]: New publisher discovered on topic '/tf', offering incompatible QoS. No messages will be sent to it. Last incompatible policy: DURABILITY_QOS_POLICY
[WARN] [1764558163.412566530] [rosbag2_recorder]: A new publisher for subscribed topic /tf was found offering RMW_QOS_POLICY_DURABILITY_VOLATILE, but rosbag2 already subscribed requesting RMW_QOS_POLICY_DURABILITY_TRANSIENT_LOCAL. Messages from this new publisher will not be recorded.
[WARN] [1764558163.412612142] [rosbag2_recorder]: A new publisher for subscribed topic /tf was found offering RMW_QOS_POLICY_DURABILITY_VOLATILE, but rosbag2 already subscribed requesting RMW_QOS_POLICY_DURABILITY_TRANSIENT_LOCAL. Messages from this new publisher will not be recorded.
[WARN] [1764558163.412621973] [rosbag2_recorder]: A new publisher for subscribed topic /tf was found offering RMW_QOS_POLICY_DURABILITY_VOLATILE, but rosbag2 already subscribed requesting RMW_QOS_POLICY_DURABILITY_TRANSIENT_LOCAL. Messages from this new publisher will not be recorded.
[INFO] [1764558163.413981315] [rosbag2_recorder]: Subscribed to topic '/scan'
[INFO] [1764558163.415313366] [rosbag2_recorder]: Subscribed to topic '/tf_static'
[INFO] [1764558163.415341330] [rosbag2_recorder]: All requested topics are subscribed. Stopping discovery...
[INFO] [1764558203.244182273] [rosbag2_cpp]: Writing remaining messages from cache to the bag. It may take a while
[INFO] [1764558203.245093633] [rosbag2_recorder]: Event publisher thread: Exiting
[INFO] [1764558203.245134741] [rosbag2_recorder]: Recording stopped
