stdin is not a terminal device. Keyboard handling disabled.[INFO] [1765679900.267185744] [rosbag2_recorder]: Press SPACE for pausing/resuming
[INFO] [1765679900.267977202] [rosbag2_storage]: Opened database '/home/mobrob/ros_ws/dwa_baseline_2/world187_1213_183820/world187_1213_183820_0.db3' for READ_WRITE.
[INFO] [1765679900.268394249] [rosbag2_recorder]: Listening for topics...
[INFO] [1765679900.268406763] [rosbag2_recorder]: Event publisher thread: Starting
[INFO] [1765679900.268463711] [rosbag2_recorder]: Recording...
[INFO] [1765679900.370731219] [rosbag2_recorder]: Subscribed to topic '/odom'
[INFO] [1765679900.371433224] [rosbag2_recorder]: Subscribed to topic '/plan_barn'
[INFO] [1765679900.372263501] [rosbag2_recorder]: Subscribed to topic '/plan_barn_odom'
[INFO] [1765679900.373551758] [rosbag2_recorder]: Subscribed to topic '/tf'
[INFO] [1765679900.374355437] [rosbag2_recorder]: Subscribed to topic '/tf_static'
[WARN] [1765679901.274964764] [rosbag2_recorder]: New publisher discovered on topic '/tf', offering incompatible QoS. No messages will be sent to it. Last incompatible policy: DURABILITY_QOS_POLICY
[WARN] [1765679901.283528648] [rosbag2_recorder]: New publisher discovered on topic '/tf', offering incompatible QoS. No messages will be sent to it. Last incompatible policy: DURABILITY_QOS_POLICY
[WARN] [1765679901.284365900] [rosbag2_recorder]: A new publisher for subscribed topic /tf was found offering RMW_QOS_POLICY_DURABILITY_VOLATILE, but rosbag2 already subscribed requesting RMW_QOS_POLICY_DURABILITY_TRANSIENT_LOCAL. Messages from this new publisher will not be recorded.
[WARN] [1765679901.284398397] [rosbag2_recorder]: A new publisher for subscribed topic /tf was found offering RMW_QOS_POLICY_DURABILITY_VOLATILE, but rosbag2 already subscribed requesting RMW_QOS_POLICY_DURABILITY_TRANSIENT_LOCAL. Messages from this new publisher will not be recorded.
[INFO] [1765679901.286110686] [rosbag2_recorder]: Subscribed to topic '/cmd_vel'
[INFO] [1765679901.287721553] [rosbag2_recorder]: Subscribed to topic '/scan'
[INFO] [1765679901.287751775] [rosbag2_recorder]: All requested topics are subscribed. Stopping discovery...
[WARN] [1765679902.262616450] [rosbag2_recorder]: New publisher discovered on topic '/tf', offering incompatible QoS. No messages will be sent to it. Last incompatible policy: DURABILITY_QOS_POLICY
[INFO] [1765679907.136862398] [rosbag2_cpp]: Writing remaining messages from cache to the bag. It may take a while
[INFO] [1765679907.137323179] [rosbag2_recorder]: Event publisher thread: Exiting
[INFO] [1765679907.137370980] [rosbag2_recorder]: Recording stopped
