stdin is not a terminal device. Keyboard handling disabled.[INFO] [1764430334.377145090] [rosbag2_recorder]: Press SPACE for pausing/resuming
[INFO] [1764430334.377877995] [rosbag2_storage]: Opened database '/home/mobrob/ros_ws/dwa_baseline_2/world115_1129_073214/world115_1129_073214_0.db3' for READ_WRITE.
[INFO] [1764430334.378345165] [rosbag2_recorder]: Listening for topics...
[INFO] [1764430334.378379903] [rosbag2_recorder]: Event publisher thread: Starting
[INFO] [1764430334.378444118] [rosbag2_recorder]: Recording...
[INFO] [1764430334.482069771] [rosbag2_recorder]: Subscribed to topic '/odom'
[INFO] [1764430334.483530248] [rosbag2_recorder]: Subscribed to topic '/scan'
[INFO] [1764430334.485043417] [rosbag2_recorder]: Subscribed to topic '/tf'
[WARN] [1764430335.379386199] [rosbag2_recorder]: New publisher discovered on topic '/tf', offering incompatible QoS. No messages will be sent to it. Last incompatible policy: DURABILITY_QOS_POLICY
[WARN] [1764430335.385346207] [rosbag2_recorder]: New publisher discovered on topic '/tf', offering incompatible QoS. No messages will be sent to it. Last incompatible policy: DURABILITY_QOS_POLICY
[WARN] [1764430335.397486393] [rosbag2_recorder]: New publisher discovered on topic '/tf', offering incompatible QoS. No messages will be sent to it. Last incompatible policy: DURABILITY_QOS_POLICY
[WARN] [1764430335.401454530] [rosbag2_recorder]: A new publisher for subscribed topic /tf was found offering RMW_QOS_POLICY_DURABILITY_VOLATILE, but rosbag2 already subscribed requesting RMW_QOS_POLICY_DURABILITY_TRANSIENT_LOCAL. Messages from this new publisher will not be recorded.
[WARN] [1764430335.401486073] [rosbag2_recorder]: A new publisher for subscribed topic /tf was found offering RMW_QOS_POLICY_DURABILITY_VOLATILE, but rosbag2 already subscribed requesting RMW_QOS_POLICY_DURABILITY_TRANSIENT_LOCAL. Messages from this new publisher will not be recorded.
[WARN] [1764430335.401488893] [rosbag2_recorder]: A new publisher for subscribed topic /tf was found offering RMW_QOS_POLICY_DURABILITY_VOLATILE, but rosbag2 already subscribed requesting RMW_QOS_POLICY_DURABILITY_TRANSIENT_LOCAL. Messages from this new publisher will not be recorded.
[INFO] [1764430335.402579112] [rosbag2_recorder]: Subscribed to topic '/cmd_vel'
[INFO] [1764430335.403746686] [rosbag2_recorder]: Subscribed to topic '/plan_barn_odom'
[INFO] [1764430335.404575728] [rosbag2_recorder]: Subscribed to topic '/tf_static'
[INFO] [1764430335.509573174] [rosbag2_recorder]: Subscribed to topic '/plan_barn'
[INFO] [1764430335.509614787] [rosbag2_recorder]: All requested topics are subscribed. Stopping discovery...
[INFO] [1764430341.259959251] [rosbag2_cpp]: Writing remaining messages from cache to the bag. It may take a while
[INFO] [1764430341.260418418] [rosbag2_recorder]: Event publisher thread: Exiting
[INFO] [1764430341.260446013] [rosbag2_recorder]: Recording stopped
