stdin is not a terminal device. Keyboard handling disabled.[INFO] [1764276475.326462340] [rosbag2_recorder]: Press SPACE for pausing/resuming
[INFO] [1764276475.327794783] [rosbag2_storage]: Opened database '/home/mobrob/ros_ws/dwa_baseline_2/world295_1127_124755/world295_1127_124755_0.db3' for READ_WRITE.
[INFO] [1764276475.328525181] [rosbag2_recorder]: Listening for topics...
[INFO] [1764276475.328542152] [rosbag2_recorder]: Event publisher thread: Starting
[INFO] [1764276475.328670004] [rosbag2_recorder]: Recording...
[INFO] [1764276475.432031181] [rosbag2_recorder]: Subscribed to topic '/odom'
[INFO] [1764276475.432989951] [rosbag2_recorder]: Subscribed to topic '/scan'
[INFO] [1764276475.433933460] [rosbag2_recorder]: Subscribed to topic '/tf'
[WARN] [1764276476.353498195] [rosbag2_recorder]: New publisher discovered on topic '/tf', offering incompatible QoS. No messages will be sent to it. Last incompatible policy: DURABILITY_QOS_POLICY
[WARN] [1764276476.447735924] [rosbag2_recorder]: A new publisher for subscribed topic /tf was found offering RMW_QOS_POLICY_DURABILITY_VOLATILE, but rosbag2 already subscribed requesting RMW_QOS_POLICY_DURABILITY_TRANSIENT_LOCAL. Messages from this new publisher will not be recorded.
[INFO] [1764276476.449190249] [rosbag2_recorder]: Subscribed to topic '/cmd_vel'
[INFO] [1764276476.450101423] [rosbag2_recorder]: Subscribed to topic '/plan_barn'
[INFO] [1764276476.450747472] [rosbag2_recorder]: Subscribed to topic '/plan_barn_odom'
[INFO] [1764276476.451526400] [rosbag2_recorder]: Subscribed to topic '/tf_static'
[INFO] [1764276476.451544518] [rosbag2_recorder]: All requested topics are subscribed. Stopping discovery...
[WARN] [1764276477.323293969] [rosbag2_recorder]: New publisher discovered on topic '/tf', offering incompatible QoS. No messages will be sent to it. Last incompatible policy: DURABILITY_QOS_POLICY
[WARN] [1764276477.328624244] [rosbag2_recorder]: New publisher discovered on topic '/tf', offering incompatible QoS. No messages will be sent to it. Last incompatible policy: DURABILITY_QOS_POLICY
[INFO] [1764276530.213007982] [rosbag2_cpp]: Writing remaining messages from cache to the bag. It may take a while
[INFO] [1764276530.213867952] [rosbag2_recorder]: Event publisher thread: Exiting
[INFO] [1764276530.213919041] [rosbag2_recorder]: Recording stopped
