stdin is not a terminal device. Keyboard handling disabled.[INFO] [1764627908.769437682] [rosbag2_recorder]: Press SPACE for pausing/resuming
[INFO] [1764627908.770197793] [rosbag2_storage]: Opened database '/home/mobrob/ros_ws/dwa_baseline_2/world285_1201_142508/world285_1201_142508_0.db3' for READ_WRITE.
[INFO] [1764627908.770612784] [rosbag2_recorder]: Listening for topics...
[INFO] [1764627908.770626241] [rosbag2_recorder]: Event publisher thread: Starting
[INFO] [1764627908.770676618] [rosbag2_recorder]: Recording...
[INFO] [1764627908.874099867] [rosbag2_recorder]: Subscribed to topic '/cmd_vel'
[INFO] [1764627908.875109711] [rosbag2_recorder]: Subscribed to topic '/odom'
[INFO] [1764627908.875990774] [rosbag2_recorder]: Subscribed to topic '/tf'
[WARN] [1764627909.780942480] [rosbag2_recorder]: New publisher discovered on topic '/tf', offering incompatible QoS. No messages will be sent to it. Last incompatible policy: DURABILITY_QOS_POLICY
[WARN] [1764627909.781014885] [rosbag2_recorder]: New publisher discovered on topic '/tf', offering incompatible QoS. No messages will be sent to it. Last incompatible policy: DURABILITY_QOS_POLICY
[WARN] [1764627909.781777870] [rosbag2_recorder]: New publisher discovered on topic '/tf', offering incompatible QoS. No messages will be sent to it. Last incompatible policy: DURABILITY_QOS_POLICY
[WARN] [1764627909.788339997] [rosbag2_recorder]: A new publisher for subscribed topic /tf was found offering RMW_QOS_POLICY_DURABILITY_VOLATILE, but rosbag2 already subscribed requesting RMW_QOS_POLICY_DURABILITY_TRANSIENT_LOCAL. Messages from this new publisher will not be recorded.
[WARN] [1764627909.788374807] [rosbag2_recorder]: A new publisher for subscribed topic /tf was found offering RMW_QOS_POLICY_DURABILITY_VOLATILE, but rosbag2 already subscribed requesting RMW_QOS_POLICY_DURABILITY_TRANSIENT_LOCAL. Messages from this new publisher will not be recorded.
[WARN] [1764627909.788378062] [rosbag2_recorder]: A new publisher for subscribed topic /tf was found offering RMW_QOS_POLICY_DURABILITY_VOLATILE, but rosbag2 already subscribed requesting RMW_QOS_POLICY_DURABILITY_TRANSIENT_LOCAL. Messages from this new publisher will not be recorded.
[INFO] [1764627909.789462485] [rosbag2_recorder]: Subscribed to topic '/tf_static'
[INFO] [1764627909.892969735] [rosbag2_recorder]: Subscribed to topic '/plan_barn'
[INFO] [1764627909.893794078] [rosbag2_recorder]: Subscribed to topic '/plan_barn_odom'
[INFO] [1764627910.818745007] [rosbag2_recorder]: Subscribed to topic '/scan'
[INFO] [1764627910.818774399] [rosbag2_recorder]: All requested topics are subscribed. Stopping discovery...
[INFO] [1764627985.653151865] [rosbag2_cpp]: Writing remaining messages from cache to the bag. It may take a while
[INFO] [1764627985.653771034] [rosbag2_recorder]: Event publisher thread: Exiting
[INFO] [1764627985.653826802] [rosbag2_recorder]: Recording stopped
