stdin is not a terminal device. Keyboard handling disabled.[INFO] [1764491678.170365755] [rosbag2_recorder]: Press SPACE for pausing/resuming
[INFO] [1764491678.171157129] [rosbag2_storage]: Opened database '/home/mobrob/ros_ws/dwa_baseline_2/world278_1130_003438/world278_1130_003438_0.db3' for READ_WRITE.
[INFO] [1764491678.171577980] [rosbag2_recorder]: Listening for topics...
[INFO] [1764491678.171589554] [rosbag2_recorder]: Event publisher thread: Starting
[INFO] [1764491678.171646296] [rosbag2_recorder]: Recording...
[INFO] [1764491678.274309110] [rosbag2_recorder]: Subscribed to topic '/odom'
[INFO] [1764491678.275298847] [rosbag2_recorder]: Subscribed to topic '/scan'
[INFO] [1764491678.276460201] [rosbag2_recorder]: Subscribed to topic '/tf'
[INFO] [1764491678.277091904] [rosbag2_recorder]: Subscribed to topic '/tf_static'
[WARN] [1764491679.174833310] [rosbag2_recorder]: New publisher discovered on topic '/tf', offering incompatible QoS. No messages will be sent to it. Last incompatible policy: DURABILITY_QOS_POLICY
[WARN] [1764491679.188802265] [rosbag2_recorder]: A new publisher for subscribed topic /tf was found offering RMW_QOS_POLICY_DURABILITY_VOLATILE, but rosbag2 already subscribed requesting RMW_QOS_POLICY_DURABILITY_TRANSIENT_LOCAL. Messages from this new publisher will not be recorded.
[WARN] [1764491679.188856113] [rosbag2_recorder]: A new publisher for subscribed topic /tf was found offering RMW_QOS_POLICY_DURABILITY_VOLATILE, but rosbag2 already subscribed requesting RMW_QOS_POLICY_DURABILITY_TRANSIENT_LOCAL. Messages from this new publisher will not be recorded.
[INFO] [1764491679.191617722] [rosbag2_recorder]: Subscribed to topic '/cmd_vel'
[INFO] [1764491679.192910864] [rosbag2_recorder]: Subscribed to topic '/plan_barn'
[INFO] [1764491679.193844866] [rosbag2_recorder]: Subscribed to topic '/plan_barn_odom'
[INFO] [1764491679.193870840] [rosbag2_recorder]: All requested topics are subscribed. Stopping discovery...
[WARN] [1764491680.172301270] [rosbag2_recorder]: New publisher discovered on topic '/tf', offering incompatible QoS. No messages will be sent to it. Last incompatible policy: DURABILITY_QOS_POLICY
[INFO] [1764491792.056736243] [rosbag2_cpp]: Writing remaining messages from cache to the bag. It may take a while
[INFO] [1764491792.057299865] [rosbag2_recorder]: Event publisher thread: Exiting
[INFO] [1764491792.057332722] [rosbag2_recorder]: Recording stopped
