stdin is not a terminal device. Keyboard handling disabled.[INFO] [1764247498.277775008] [rosbag2_recorder]: Press SPACE for pausing/resuming
[INFO] [1764247498.278974762] [rosbag2_storage]: Opened database '/home/mobrob/ros_ws/dwa_baseline_2/world238_1127_044458/world238_1127_044458_0.db3' for READ_WRITE.
[INFO] [1764247498.280612224] [rosbag2_recorder]: Listening for topics...
[INFO] [1764247498.280721476] [rosbag2_recorder]: Event publisher thread: Starting
[INFO] [1764247498.280737003] [rosbag2_recorder]: Recording...
[INFO] [1764247498.384994174] [rosbag2_recorder]: Subscribed to topic '/cmd_vel'
[INFO] [1764247498.385911902] [rosbag2_recorder]: Subscribed to topic '/odom'
[INFO] [1764247498.386482353] [rosbag2_recorder]: Subscribed to topic '/plan_barn'
[INFO] [1764247498.386943332] [rosbag2_recorder]: Subscribed to topic '/plan_barn_odom'
[INFO] [1764247498.387687691] [rosbag2_recorder]: Subscribed to topic '/scan'
[INFO] [1764247498.388557075] [rosbag2_recorder]: Subscribed to topic '/tf'
[WARN] [1764247499.275207988] [rosbag2_recorder]: New publisher discovered on topic '/tf', offering incompatible QoS. No messages will be sent to it. Last incompatible policy: DURABILITY_QOS_POLICY
[WARN] [1764247499.295347744] [rosbag2_recorder]: New publisher discovered on topic '/tf', offering incompatible QoS. No messages will be sent to it. Last incompatible policy: DURABILITY_QOS_POLICY
[WARN] [1764247499.302558322] [rosbag2_recorder]: A new publisher for subscribed topic /tf was found offering RMW_QOS_POLICY_DURABILITY_VOLATILE, but rosbag2 already subscribed requesting RMW_QOS_POLICY_DURABILITY_TRANSIENT_LOCAL. Messages from this new publisher will not be recorded.
[WARN] [1764247499.302605080] [rosbag2_recorder]: A new publisher for subscribed topic /tf was found offering RMW_QOS_POLICY_DURABILITY_VOLATILE, but rosbag2 already subscribed requesting RMW_QOS_POLICY_DURABILITY_TRANSIENT_LOCAL. Messages from this new publisher will not be recorded.
[INFO] [1764247499.305946084] [rosbag2_recorder]: Subscribed to topic '/tf_static'
[INFO] [1764247499.305983371] [rosbag2_recorder]: All requested topics are subscribed. Stopping discovery...
[WARN] [1764247500.272269396] [rosbag2_recorder]: New publisher discovered on topic '/tf', offering incompatible QoS. No messages will be sent to it. Last incompatible policy: DURABILITY_QOS_POLICY
[INFO] [1764247590.139968065] [rosbag2_cpp]: Writing remaining messages from cache to the bag. It may take a while
[INFO] [1764247590.140570082] [rosbag2_recorder]: Event publisher thread: Exiting
[INFO] [1764247590.140603163] [rosbag2_recorder]: Recording stopped
