stdin is not a terminal device. Keyboard handling disabled.[INFO] [1764265400.181499098] [rosbag2_recorder]: Press SPACE for pausing/resuming
[INFO] [1764265400.182863155] [rosbag2_storage]: Opened database '/home/mobrob/ros_ws/dwa_baseline_2/world275_1127_094320/world275_1127_094320_0.db3' for READ_WRITE.
[INFO] [1764265400.184238450] [rosbag2_recorder]: Listening for topics...
[INFO] [1764265400.184251124] [rosbag2_recorder]: Event publisher thread: Starting
[INFO] [1764265400.184343831] [rosbag2_recorder]: Recording...
[INFO] [1764265400.288377680] [rosbag2_recorder]: Subscribed to topic '/cmd_vel'
[INFO] [1764265400.289896764] [rosbag2_recorder]: Subscribed to topic '/odom'
[INFO] [1764265400.291372147] [rosbag2_recorder]: Subscribed to topic '/tf'
[WARN] [1764265401.186995670] [rosbag2_recorder]: New publisher discovered on topic '/tf', offering incompatible QoS. No messages will be sent to it. Last incompatible policy: DURABILITY_QOS_POLICY
[WARN] [1764265401.206858995] [rosbag2_recorder]: A new publisher for subscribed topic /tf was found offering RMW_QOS_POLICY_DURABILITY_VOLATILE, but rosbag2 already subscribed requesting RMW_QOS_POLICY_DURABILITY_TRANSIENT_LOCAL. Messages from this new publisher will not be recorded.
[INFO] [1764265401.208134351] [rosbag2_recorder]: Subscribed to topic '/scan'
[INFO] [1764265401.208958715] [rosbag2_recorder]: Subscribed to topic '/tf_static'
[WARN] [1764265402.176797351] [rosbag2_recorder]: New publisher discovered on topic '/tf', offering incompatible QoS. No messages will be sent to it. Last incompatible policy: DURABILITY_QOS_POLICY
[WARN] [1764265402.178871480] [rosbag2_recorder]: New publisher discovered on topic '/tf', offering incompatible QoS. No messages will be sent to it. Last incompatible policy: DURABILITY_QOS_POLICY
[INFO] [1764265402.245857179] [rosbag2_recorder]: Subscribed to topic '/plan_barn'
[INFO] [1764265402.246591581] [rosbag2_recorder]: Subscribed to topic '/plan_barn_odom'
[INFO] [1764265402.246608045] [rosbag2_recorder]: All requested topics are subscribed. Stopping discovery...
[INFO] [1764265403.059528734] [rosbag2_cpp]: Writing remaining messages from cache to the bag. It may take a while
[INFO] [1764265403.059999518] [rosbag2_recorder]: Event publisher thread: Exiting
[INFO] [1764265403.060031134] [rosbag2_recorder]: Recording stopped
