stdin is not a terminal device. Keyboard handling disabled.[INFO] [1764471235.480822542] [rosbag2_recorder]: Press SPACE for pausing/resuming
[INFO] [1764471235.482161141] [rosbag2_storage]: Opened database '/home/mobrob/ros_ws/dwa_baseline_2/world222_1129_185355/world222_1129_185355_0.db3' for READ_WRITE.
[INFO] [1764471235.483440923] [rosbag2_recorder]: Listening for topics...
[INFO] [1764471235.483449080] [rosbag2_recorder]: Event publisher thread: Starting
[INFO] [1764471235.483579116] [rosbag2_recorder]: Recording...
[INFO] [1764471235.586787165] [rosbag2_recorder]: Subscribed to topic '/cmd_vel'
[INFO] [1764471235.588181325] [rosbag2_recorder]: Subscribed to topic '/odom'
[INFO] [1764471235.589678995] [rosbag2_recorder]: Subscribed to topic '/tf'
[WARN] [1764471236.486082622] [rosbag2_recorder]: New publisher discovered on topic '/tf', offering incompatible QoS. No messages will be sent to it. Last incompatible policy: DURABILITY_QOS_POLICY
[WARN] [1764471236.493564648] [rosbag2_recorder]: New publisher discovered on topic '/tf', offering incompatible QoS. No messages will be sent to it. Last incompatible policy: DURABILITY_QOS_POLICY
[WARN] [1764471236.507249782] [rosbag2_recorder]: A new publisher for subscribed topic /tf was found offering RMW_QOS_POLICY_DURABILITY_VOLATILE, but rosbag2 already subscribed requesting RMW_QOS_POLICY_DURABILITY_TRANSIENT_LOCAL. Messages from this new publisher will not be recorded.
[WARN] [1764471236.507298341] [rosbag2_recorder]: A new publisher for subscribed topic /tf was found offering RMW_QOS_POLICY_DURABILITY_VOLATILE, but rosbag2 already subscribed requesting RMW_QOS_POLICY_DURABILITY_TRANSIENT_LOCAL. Messages from this new publisher will not be recorded.
[INFO] [1764471236.508520452] [rosbag2_recorder]: Subscribed to topic '/tf_static'
[INFO] [1764471236.612483472] [rosbag2_recorder]: Subscribed to topic '/scan'
[WARN] [1764471237.476501301] [rosbag2_recorder]: New publisher discovered on topic '/tf', offering incompatible QoS. No messages will be sent to it. Last incompatible policy: DURABILITY_QOS_POLICY
[INFO] [1764471237.551469201] [rosbag2_recorder]: Subscribed to topic '/plan_barn'
[INFO] [1764471237.552611036] [rosbag2_recorder]: Subscribed to topic '/plan_barn_odom'
[INFO] [1764471237.552634769] [rosbag2_recorder]: All requested topics are subscribed. Stopping discovery...
[INFO] [1764471307.361819548] [rosbag2_cpp]: Writing remaining messages from cache to the bag. It may take a while
[INFO] [1764471307.362697196] [rosbag2_recorder]: Event publisher thread: Exiting
[INFO] [1764471307.362731038] [rosbag2_recorder]: Recording stopped
