stdin is not a terminal device. Keyboard handling disabled.[INFO] [1764181294.565288390] [rosbag2_recorder]: Press SPACE for pausing/resuming
[INFO] [1764181294.566268405] [rosbag2_storage]: Opened database '/home/mobrob/ros_ws/dwa_baseline_2/world113_1126_102134/world113_1126_102134_0.db3' for READ_WRITE.
[INFO] [1764181294.567450938] [rosbag2_recorder]: Listening for topics...
[INFO] [1764181294.567574028] [rosbag2_recorder]: Recording...
[INFO] [1764181294.567749831] [rosbag2_recorder]: Event publisher thread: Starting
[INFO] [1764181294.671421476] [rosbag2_recorder]: Subscribed to topic '/cmd_vel'
[INFO] [1764181294.672429558] [rosbag2_recorder]: Subscribed to topic '/odom'
[INFO] [1764181294.673485433] [rosbag2_recorder]: Subscribed to topic '/tf'
[WARN] [1764181295.569651337] [rosbag2_recorder]: New publisher discovered on topic '/tf', offering incompatible QoS. No messages will be sent to it. Last incompatible policy: DURABILITY_QOS_POLICY
[WARN] [1764181295.576413868] [rosbag2_recorder]: New publisher discovered on topic '/tf', offering incompatible QoS. No messages will be sent to it. Last incompatible policy: DURABILITY_QOS_POLICY
[WARN] [1764181295.577307968] [rosbag2_recorder]: New publisher discovered on topic '/tf', offering incompatible QoS. No messages will be sent to it. Last incompatible policy: DURABILITY_QOS_POLICY
[WARN] [1764181295.593807633] [rosbag2_recorder]: A new publisher for subscribed topic /tf was found offering RMW_QOS_POLICY_DURABILITY_VOLATILE, but rosbag2 already subscribed requesting RMW_QOS_POLICY_DURABILITY_TRANSIENT_LOCAL. Messages from this new publisher will not be recorded.
[WARN] [1764181295.593852980] [rosbag2_recorder]: A new publisher for subscribed topic /tf was found offering RMW_QOS_POLICY_DURABILITY_VOLATILE, but rosbag2 already subscribed requesting RMW_QOS_POLICY_DURABILITY_TRANSIENT_LOCAL. Messages from this new publisher will not be recorded.
[WARN] [1764181295.593863153] [rosbag2_recorder]: A new publisher for subscribed topic /tf was found offering RMW_QOS_POLICY_DURABILITY_VOLATILE, but rosbag2 already subscribed requesting RMW_QOS_POLICY_DURABILITY_TRANSIENT_LOCAL. Messages from this new publisher will not be recorded.
[INFO] [1764181295.595297413] [rosbag2_recorder]: Subscribed to topic '/plan_barn'
[INFO] [1764181295.596253808] [rosbag2_recorder]: Subscribed to topic '/plan_barn_odom'
[INFO] [1764181295.597516797] [rosbag2_recorder]: Subscribed to topic '/scan'
[INFO] [1764181295.598887092] [rosbag2_recorder]: Subscribed to topic '/tf_static'
[INFO] [1764181295.598911820] [rosbag2_recorder]: All requested topics are subscribed. Stopping discovery...
[INFO] [1764181352.438970883] [rosbag2_cpp]: Writing remaining messages from cache to the bag. It may take a while
[INFO] [1764181352.439648671] [rosbag2_recorder]: Event publisher thread: Exiting
[INFO] [1764181352.439684369] [rosbag2_recorder]: Recording stopped
