stdin is not a terminal device. Keyboard handling disabled.[INFO] [1764155144.106747783] [rosbag2_recorder]: Press SPACE for pausing/resuming
[INFO] [1764155144.107699749] [rosbag2_storage]: Opened database '/home/mobrob/ros_ws/dwa_baseline_2/world58_1126_030543/world58_1126_030543_0.db3' for READ_WRITE.
[INFO] [1764155144.108502289] [rosbag2_recorder]: Listening for topics...
[INFO] [1764155144.108607436] [rosbag2_recorder]: Recording...
[INFO] [1764155144.110214306] [rosbag2_recorder]: Event publisher thread: Starting
[INFO] [1764155144.214960172] [rosbag2_recorder]: Subscribed to topic '/odom'
[INFO] [1764155144.216255076] [rosbag2_recorder]: Subscribed to topic '/plan_barn'
[INFO] [1764155144.217085274] [rosbag2_recorder]: Subscribed to topic '/plan_barn_odom'
[INFO] [1764155144.218595015] [rosbag2_recorder]: Subscribed to topic '/tf'
[WARN] [1764155145.115273256] [rosbag2_recorder]: New publisher discovered on topic '/tf', offering incompatible QoS. No messages will be sent to it. Last incompatible policy: DURABILITY_QOS_POLICY
[WARN] [1764155145.117216011] [rosbag2_recorder]: New publisher discovered on topic '/tf', offering incompatible QoS. No messages will be sent to it. Last incompatible policy: DURABILITY_QOS_POLICY
[WARN] [1764155145.134962856] [rosbag2_recorder]: A new publisher for subscribed topic /tf was found offering RMW_QOS_POLICY_DURABILITY_VOLATILE, but rosbag2 already subscribed requesting RMW_QOS_POLICY_DURABILITY_TRANSIENT_LOCAL. Messages from this new publisher will not be recorded.
[WARN] [1764155145.134997609] [rosbag2_recorder]: A new publisher for subscribed topic /tf was found offering RMW_QOS_POLICY_DURABILITY_VOLATILE, but rosbag2 already subscribed requesting RMW_QOS_POLICY_DURABILITY_TRANSIENT_LOCAL. Messages from this new publisher will not be recorded.
[INFO] [1764155145.136470525] [rosbag2_recorder]: Subscribed to topic '/cmd_vel'
[INFO] [1764155145.138062147] [rosbag2_recorder]: Subscribed to topic '/scan'
[INFO] [1764155145.139099655] [rosbag2_recorder]: Subscribed to topic '/tf_static'
[INFO] [1764155145.139121818] [rosbag2_recorder]: All requested topics are subscribed. Stopping discovery...
[WARN] [1764155146.104240871] [rosbag2_recorder]: New publisher discovered on topic '/tf', offering incompatible QoS. No messages will be sent to it. Last incompatible policy: DURABILITY_QOS_POLICY
[INFO] [1764155208.983423180] [rosbag2_cpp]: Writing remaining messages from cache to the bag. It may take a while
[INFO] [1764155208.984327789] [rosbag2_recorder]: Event publisher thread: Exiting
[INFO] [1764155208.984380480] [rosbag2_recorder]: Recording stopped
