stdin is not a terminal device. Keyboard handling disabled.[INFO] [1764175997.530229805] [rosbag2_recorder]: Press SPACE for pausing/resuming
[INFO] [1764175997.531019911] [rosbag2_storage]: Opened database '/home/mobrob/ros_ws/dwa_baseline_2/world101_1126_085317/world101_1126_085317_0.db3' for READ_WRITE.
[INFO] [1764175997.531456746] [rosbag2_recorder]: Listening for topics...
[INFO] [1764175997.531463179] [rosbag2_recorder]: Event publisher thread: Starting
[INFO] [1764175997.531569206] [rosbag2_recorder]: Recording...
[INFO] [1764175997.635259385] [rosbag2_recorder]: Subscribed to topic '/cmd_vel'
[INFO] [1764175997.636800004] [rosbag2_recorder]: Subscribed to topic '/odom'
[INFO] [1764175997.638294074] [rosbag2_recorder]: Subscribed to topic '/tf'
[WARN] [1764175998.550464550] [rosbag2_recorder]: New publisher discovered on topic '/tf', offering incompatible QoS. No messages will be sent to it. Last incompatible policy: DURABILITY_QOS_POLICY
[WARN] [1764175998.555104118] [rosbag2_recorder]: New publisher discovered on topic '/tf', offering incompatible QoS. No messages will be sent to it. Last incompatible policy: DURABILITY_QOS_POLICY
[WARN] [1764175998.558261011] [rosbag2_recorder]: A new publisher for subscribed topic /tf was found offering RMW_QOS_POLICY_DURABILITY_VOLATILE, but rosbag2 already subscribed requesting RMW_QOS_POLICY_DURABILITY_TRANSIENT_LOCAL. Messages from this new publisher will not be recorded.
[WARN] [1764175998.558310498] [rosbag2_recorder]: A new publisher for subscribed topic /tf was found offering RMW_QOS_POLICY_DURABILITY_VOLATILE, but rosbag2 already subscribed requesting RMW_QOS_POLICY_DURABILITY_TRANSIENT_LOCAL. Messages from this new publisher will not be recorded.
[WARN] [1764175998.558321612] [rosbag2_recorder]: A new publisher for subscribed topic /tf was found offering RMW_QOS_POLICY_DURABILITY_VOLATILE, but rosbag2 already subscribed requesting RMW_QOS_POLICY_DURABILITY_TRANSIENT_LOCAL. Messages from this new publisher will not be recorded.
[INFO] [1764175998.559830726] [rosbag2_recorder]: Subscribed to topic '/plan_barn'
[INFO] [1764175998.560959161] [rosbag2_recorder]: Subscribed to topic '/plan_barn_odom'
[INFO] [1764175998.562246009] [rosbag2_recorder]: Subscribed to topic '/tf_static'
[INFO] [1764175999.602787500] [rosbag2_recorder]: Subscribed to topic '/scan'
[INFO] [1764175999.602819950] [rosbag2_recorder]: All requested topics are subscribed. Stopping discovery...
[INFO] [1764176035.390781705] [rosbag2_cpp]: Writing remaining messages from cache to the bag. It may take a while
[INFO] [1764176035.391409704] [rosbag2_recorder]: Event publisher thread: Exiting
[INFO] [1764176035.391465526] [rosbag2_recorder]: Recording stopped
