stdin is not a terminal device. Keyboard handling disabled.[INFO] [1764550054.808249788] [rosbag2_recorder]: Press SPACE for pausing/resuming
[INFO] [1764550054.809569829] [rosbag2_storage]: Opened database '/home/mobrob/ros_ws/dwa_baseline_2/world52_1130_164734/world52_1130_164734_0.db3' for READ_WRITE.
[INFO] [1764550054.810290327] [rosbag2_recorder]: Listening for topics...
[INFO] [1764550054.810302446] [rosbag2_recorder]: Event publisher thread: Starting
[INFO] [1764550054.810393388] [rosbag2_recorder]: Recording...
[INFO] [1764550054.914491184] [rosbag2_recorder]: Subscribed to topic '/odom'
[INFO] [1764550054.915538975] [rosbag2_recorder]: Subscribed to topic '/plan_barn'
[INFO] [1764550054.916380940] [rosbag2_recorder]: Subscribed to topic '/plan_barn_odom'
[INFO] [1764550054.917750607] [rosbag2_recorder]: Subscribed to topic '/scan'
[INFO] [1764550054.918858486] [rosbag2_recorder]: Subscribed to topic '/tf'
[WARN] [1764550055.811323022] [rosbag2_recorder]: New publisher discovered on topic '/tf', offering incompatible QoS. No messages will be sent to it. Last incompatible policy: DURABILITY_QOS_POLICY
[WARN] [1764550055.831633829] [rosbag2_recorder]: A new publisher for subscribed topic /tf was found offering RMW_QOS_POLICY_DURABILITY_VOLATILE, but rosbag2 already subscribed requesting RMW_QOS_POLICY_DURABILITY_TRANSIENT_LOCAL. Messages from this new publisher will not be recorded.
[INFO] [1764550055.833511611] [rosbag2_recorder]: Subscribed to topic '/cmd_vel'
[WARN] [1764550056.808747620] [rosbag2_recorder]: New publisher discovered on topic '/tf', offering incompatible QoS. No messages will be sent to it. Last incompatible policy: DURABILITY_QOS_POLICY
[WARN] [1764550056.809845000] [rosbag2_recorder]: New publisher discovered on topic '/tf', offering incompatible QoS. No messages will be sent to it. Last incompatible policy: DURABILITY_QOS_POLICY
[INFO] [1764550056.863142208] [rosbag2_recorder]: Subscribed to topic '/tf_static'
[INFO] [1764550056.863185833] [rosbag2_recorder]: All requested topics are subscribed. Stopping discovery...
[INFO] [1764550061.675293354] [rosbag2_cpp]: Writing remaining messages from cache to the bag. It may take a while
[INFO] [1764550061.675840462] [rosbag2_recorder]: Event publisher thread: Exiting
[INFO] [1764550061.675886483] [rosbag2_recorder]: Recording stopped
