stdin is not a terminal device. Keyboard handling disabled.[INFO] [1764613864.833866190] [rosbag2_recorder]: Press SPACE for pausing/resuming
[INFO] [1764613864.834619226] [rosbag2_storage]: Opened database '/home/mobrob/ros_ws/dwa_baseline_2/world247_1201_103104/world247_1201_103104_0.db3' for READ_WRITE.
[INFO] [1764613864.835066477] [rosbag2_recorder]: Listening for topics...
[INFO] [1764613864.835078500] [rosbag2_recorder]: Event publisher thread: Starting
[INFO] [1764613864.835139919] [rosbag2_recorder]: Recording...
[INFO] [1764613864.938996606] [rosbag2_recorder]: Subscribed to topic '/cmd_vel'
[INFO] [1764613864.940406898] [rosbag2_recorder]: Subscribed to topic '/odom'
[INFO] [1764613864.941687465] [rosbag2_recorder]: Subscribed to topic '/scan'
[INFO] [1764613864.942873869] [rosbag2_recorder]: Subscribed to topic '/tf'
[INFO] [1764613864.943750492] [rosbag2_recorder]: Subscribed to topic '/tf_static'
[WARN] [1764613865.836365031] [rosbag2_recorder]: New publisher discovered on topic '/tf', offering incompatible QoS. No messages will be sent to it. Last incompatible policy: DURABILITY_QOS_POLICY
[WARN] [1764613865.839621538] [rosbag2_recorder]: New publisher discovered on topic '/tf', offering incompatible QoS. No messages will be sent to it. Last incompatible policy: DURABILITY_QOS_POLICY
[WARN] [1764613865.859536750] [rosbag2_recorder]: A new publisher for subscribed topic /tf was found offering RMW_QOS_POLICY_DURABILITY_VOLATILE, but rosbag2 already subscribed requesting RMW_QOS_POLICY_DURABILITY_TRANSIENT_LOCAL. Messages from this new publisher will not be recorded.
[WARN] [1764613865.859568915] [rosbag2_recorder]: A new publisher for subscribed topic /tf was found offering RMW_QOS_POLICY_DURABILITY_VOLATILE, but rosbag2 already subscribed requesting RMW_QOS_POLICY_DURABILITY_TRANSIENT_LOCAL. Messages from this new publisher will not be recorded.
[WARN] [1764613865.859572026] [rosbag2_recorder]: A new publisher for subscribed topic /tf was found offering RMW_QOS_POLICY_DURABILITY_VOLATILE, but rosbag2 already subscribed requesting RMW_QOS_POLICY_DURABILITY_TRANSIENT_LOCAL. Messages from this new publisher will not be recorded.
[INFO] [1764613865.860576255] [rosbag2_recorder]: Subscribed to topic '/plan_barn'
[INFO] [1764613865.861419268] [rosbag2_recorder]: Subscribed to topic '/plan_barn_odom'
[INFO] [1764613865.861434073] [rosbag2_recorder]: All requested topics are subscribed. Stopping discovery...
[INFO] [1764613917.715054953] [rosbag2_cpp]: Writing remaining messages from cache to the bag. It may take a while
[INFO] [1764613917.715701236] [rosbag2_recorder]: Event publisher thread: Exiting
[INFO] [1764613917.715746986] [rosbag2_recorder]: Recording stopped
