stdin is not a terminal device. Keyboard handling disabled.[INFO] [1764202744.970939212] [rosbag2_recorder]: Press SPACE for pausing/resuming
[INFO] [1764202744.972179467] [rosbag2_storage]: Opened database '/home/mobrob/ros_ws/dwa_baseline_2/world153_1126_161904/world153_1126_161904_0.db3' for READ_WRITE.
[INFO] [1764202744.972824016] [rosbag2_recorder]: Listening for topics...
[INFO] [1764202744.973070469] [rosbag2_recorder]: Recording...
[INFO] [1764202744.974910537] [rosbag2_recorder]: Event publisher thread: Starting
[INFO] [1764202745.079420432] [rosbag2_recorder]: Subscribed to topic '/cmd_vel'
[INFO] [1764202745.080826795] [rosbag2_recorder]: Subscribed to topic '/odom'
[INFO] [1764202745.081699289] [rosbag2_recorder]: Subscribed to topic '/plan_barn'
[INFO] [1764202745.082438759] [rosbag2_recorder]: Subscribed to topic '/plan_barn_odom'
[INFO] [1764202745.083617897] [rosbag2_recorder]: Subscribed to topic '/scan'
[INFO] [1764202745.084615985] [rosbag2_recorder]: Subscribed to topic '/tf'
[WARN] [1764202745.972965555] [rosbag2_recorder]: New publisher discovered on topic '/tf', offering incompatible QoS. No messages will be sent to it. Last incompatible policy: DURABILITY_QOS_POLICY
[WARN] [1764202745.981880065] [rosbag2_recorder]: New publisher discovered on topic '/tf', offering incompatible QoS. No messages will be sent to it. Last incompatible policy: DURABILITY_QOS_POLICY
[WARN] [1764202745.985884435] [rosbag2_recorder]: New publisher discovered on topic '/tf', offering incompatible QoS. No messages will be sent to it. Last incompatible policy: DURABILITY_QOS_POLICY
[WARN] [1764202745.999512317] [rosbag2_recorder]: A new publisher for subscribed topic /tf was found offering RMW_QOS_POLICY_DURABILITY_VOLATILE, but rosbag2 already subscribed requesting RMW_QOS_POLICY_DURABILITY_TRANSIENT_LOCAL. Messages from this new publisher will not be recorded.
[WARN] [1764202745.999561767] [rosbag2_recorder]: A new publisher for subscribed topic /tf was found offering RMW_QOS_POLICY_DURABILITY_VOLATILE, but rosbag2 already subscribed requesting RMW_QOS_POLICY_DURABILITY_TRANSIENT_LOCAL. Messages from this new publisher will not be recorded.
[WARN] [1764202745.999566964] [rosbag2_recorder]: A new publisher for subscribed topic /tf was found offering RMW_QOS_POLICY_DURABILITY_VOLATILE, but rosbag2 already subscribed requesting RMW_QOS_POLICY_DURABILITY_TRANSIENT_LOCAL. Messages from this new publisher will not be recorded.
[INFO] [1764202746.000779177] [rosbag2_recorder]: Subscribed to topic '/tf_static'
[INFO] [1764202746.000818464] [rosbag2_recorder]: All requested topics are subscribed. Stopping discovery...
[INFO] [1764202811.834163596] [rosbag2_cpp]: Writing remaining messages from cache to the bag. It may take a while
[INFO] [1764202811.834874183] [rosbag2_recorder]: Event publisher thread: Exiting
[INFO] [1764202811.834919438] [rosbag2_recorder]: Recording stopped
