stdin is not a terminal device. Keyboard handling disabled.[INFO] [1764392703.532051087] [rosbag2_recorder]: Press SPACE for pausing/resuming
[INFO] [1764392703.532794598] [rosbag2_storage]: Opened database '/home/mobrob/ros_ws/dwa_baseline_2/world3_1128_210503/world3_1128_210503_0.db3' for READ_WRITE.
[INFO] [1764392703.533356362] [rosbag2_recorder]: Listening for topics...
[INFO] [1764392703.533367148] [rosbag2_recorder]: Event publisher thread: Starting
[INFO] [1764392703.533427481] [rosbag2_recorder]: Recording...
[INFO] [1764392703.635867158] [rosbag2_recorder]: Subscribed to topic '/cmd_vel'
[INFO] [1764392703.637198921] [rosbag2_recorder]: Subscribed to topic '/odom'
[INFO] [1764392703.638712573] [rosbag2_recorder]: Subscribed to topic '/tf'
[INFO] [1764392703.639214858] [rosbag2_recorder]: Subscribed to topic '/tf_static'
[WARN] [1764392704.548415121] [rosbag2_recorder]: New publisher discovered on topic '/tf', offering incompatible QoS. No messages will be sent to it. Last incompatible policy: DURABILITY_QOS_POLICY
[WARN] [1764392704.554544531] [rosbag2_recorder]: A new publisher for subscribed topic /tf was found offering RMW_QOS_POLICY_DURABILITY_VOLATILE, but rosbag2 already subscribed requesting RMW_QOS_POLICY_DURABILITY_TRANSIENT_LOCAL. Messages from this new publisher will not be recorded.
[INFO] [1764392704.561506287] [rosbag2_recorder]: Subscribed to topic '/plan_barn'
[INFO] [1764392704.563371931] [rosbag2_recorder]: Subscribed to topic '/plan_barn_odom'
[WARN] [1764392704.565250118] [rosbag2_recorder]: New publisher discovered on topic '/tf', offering incompatible QoS. No messages will be sent to it. Last incompatible policy: DURABILITY_QOS_POLICY
[INFO] [1764392704.668852011] [rosbag2_recorder]: Subscribed to topic '/scan'
[INFO] [1764392704.668891469] [rosbag2_recorder]: All requested topics are subscribed. Stopping discovery...
[WARN] [1764392705.532168281] [rosbag2_recorder]: New publisher discovered on topic '/tf', offering incompatible QoS. No messages will be sent to it. Last incompatible policy: DURABILITY_QOS_POLICY
[INFO] [1764392751.395186342] [rosbag2_cpp]: Writing remaining messages from cache to the bag. It may take a while
[INFO] [1764392751.395815801] [rosbag2_recorder]: Event publisher thread: Exiting
[INFO] [1764392751.395866512] [rosbag2_recorder]: Recording stopped
