stdin is not a terminal device. Keyboard handling disabled.[INFO] [1764587064.418810838] [rosbag2_recorder]: Press SPACE for pausing/resuming
[INFO] [1764587064.419634659] [rosbag2_storage]: Opened database '/home/mobrob/ros_ws/dwa_baseline_2/world162_1201_030424/world162_1201_030424_0.db3' for READ_WRITE.
[INFO] [1764587064.420378432] [rosbag2_recorder]: Listening for topics...
[INFO] [1764587064.420387871] [rosbag2_recorder]: Event publisher thread: Starting
[INFO] [1764587064.420466561] [rosbag2_recorder]: Recording...
[INFO] [1764587064.524230874] [rosbag2_recorder]: Subscribed to topic '/cmd_vel'
[INFO] [1764587064.525154432] [rosbag2_recorder]: Subscribed to topic '/odom'
[INFO] [1764587064.526002588] [rosbag2_recorder]: Subscribed to topic '/tf'
[WARN] [1764587065.438346662] [rosbag2_recorder]: New publisher discovered on topic '/tf', offering incompatible QoS. No messages will be sent to it. Last incompatible policy: DURABILITY_QOS_POLICY
[WARN] [1764587065.440315204] [rosbag2_recorder]: A new publisher for subscribed topic /tf was found offering RMW_QOS_POLICY_DURABILITY_VOLATILE, but rosbag2 already subscribed requesting RMW_QOS_POLICY_DURABILITY_TRANSIENT_LOCAL. Messages from this new publisher will not be recorded.
[INFO] [1764587065.442262153] [rosbag2_recorder]: Subscribed to topic '/plan_barn'
[INFO] [1764587065.443605320] [rosbag2_recorder]: Subscribed to topic '/plan_barn_odom'
[INFO] [1764587065.444898179] [rosbag2_recorder]: Subscribed to topic '/tf_static'
[WARN] [1764587066.416687464] [rosbag2_recorder]: New publisher discovered on topic '/tf', offering incompatible QoS. No messages will be sent to it. Last incompatible policy: DURABILITY_QOS_POLICY
[WARN] [1764587066.418362604] [rosbag2_recorder]: New publisher discovered on topic '/tf', offering incompatible QoS. No messages will be sent to it. Last incompatible policy: DURABILITY_QOS_POLICY
[INFO] [1764587066.472989818] [rosbag2_recorder]: Subscribed to topic '/scan'
[INFO] [1764587066.473021468] [rosbag2_recorder]: All requested topics are subscribed. Stopping discovery...
[INFO] [1764587126.297434366] [rosbag2_cpp]: Writing remaining messages from cache to the bag. It may take a while
[INFO] [1764587126.298058257] [rosbag2_recorder]: Event publisher thread: Exiting
[INFO] [1764587126.298104812] [rosbag2_recorder]: Recording stopped
