stdin is not a terminal device. Keyboard handling disabled.[INFO] [1764419413.405672582] [rosbag2_recorder]: Press SPACE for pausing/resuming
[INFO] [1764419413.406944327] [rosbag2_storage]: Opened database '/home/mobrob/ros_ws/dwa_baseline_2/world81_1129_043013/world81_1129_043013_0.db3' for READ_WRITE.
[INFO] [1764419413.407700930] [rosbag2_recorder]: Listening for topics...
[INFO] [1764419413.407712269] [rosbag2_recorder]: Event publisher thread: Starting
[INFO] [1764419413.407832565] [rosbag2_recorder]: Recording...
[INFO] [1764419413.510437554] [rosbag2_recorder]: Subscribed to topic '/cmd_vel'
[INFO] [1764419413.512073912] [rosbag2_recorder]: Subscribed to topic '/odom'
[INFO] [1764419413.513140475] [rosbag2_recorder]: Subscribed to topic '/tf'
[WARN] [1764419414.416279986] [rosbag2_recorder]: New publisher discovered on topic '/tf', offering incompatible QoS. No messages will be sent to it. Last incompatible policy: DURABILITY_QOS_POLICY
[WARN] [1764419414.418682253] [rosbag2_recorder]: New publisher discovered on topic '/tf', offering incompatible QoS. No messages will be sent to it. Last incompatible policy: DURABILITY_QOS_POLICY
[WARN] [1764419414.421952470] [rosbag2_recorder]: New publisher discovered on topic '/tf', offering incompatible QoS. No messages will be sent to it. Last incompatible policy: DURABILITY_QOS_POLICY
[WARN] [1764419414.426004212] [rosbag2_recorder]: A new publisher for subscribed topic /tf was found offering RMW_QOS_POLICY_DURABILITY_VOLATILE, but rosbag2 already subscribed requesting RMW_QOS_POLICY_DURABILITY_TRANSIENT_LOCAL. Messages from this new publisher will not be recorded.
[WARN] [1764419414.426050015] [rosbag2_recorder]: A new publisher for subscribed topic /tf was found offering RMW_QOS_POLICY_DURABILITY_VOLATILE, but rosbag2 already subscribed requesting RMW_QOS_POLICY_DURABILITY_TRANSIENT_LOCAL. Messages from this new publisher will not be recorded.
[WARN] [1764419414.426059516] [rosbag2_recorder]: A new publisher for subscribed topic /tf was found offering RMW_QOS_POLICY_DURABILITY_VOLATILE, but rosbag2 already subscribed requesting RMW_QOS_POLICY_DURABILITY_TRANSIENT_LOCAL. Messages from this new publisher will not be recorded.
[INFO] [1764419414.427955983] [rosbag2_recorder]: Subscribed to topic '/scan'
[INFO] [1764419414.429422725] [rosbag2_recorder]: Subscribed to topic '/tf_static'
[INFO] [1764419415.468416938] [rosbag2_recorder]: Subscribed to topic '/plan_barn'
[INFO] [1764419415.469228589] [rosbag2_recorder]: Subscribed to topic '/plan_barn_odom'
[INFO] [1764419415.469244790] [rosbag2_recorder]: All requested topics are subscribed. Stopping discovery...
[INFO] [1764419476.286809445] [rosbag2_cpp]: Writing remaining messages from cache to the bag. It may take a while
[INFO] [1764419476.287626948] [rosbag2_recorder]: Event publisher thread: Exiting
[INFO] [1764419476.287678705] [rosbag2_recorder]: Recording stopped
