stdin is not a terminal device. Keyboard handling disabled.[INFO] [1764135432.706101275] [rosbag2_recorder]: Press SPACE for pausing/resuming
[INFO] [1764135432.707377059] [rosbag2_storage]: Opened database '/home/mobrob/ros_ws/dwa_baseline_2/world15_1125_213712/world15_1125_213712_0.db3' for READ_WRITE.
[INFO] [1764135432.707980731] [rosbag2_recorder]: Listening for topics...
[INFO] [1764135432.708096223] [rosbag2_recorder]: Recording...
[INFO] [1764135432.708171021] [rosbag2_recorder]: Event publisher thread: Starting
[INFO] [1764135432.812061882] [rosbag2_recorder]: Subscribed to topic '/odom'
[INFO] [1764135432.813400112] [rosbag2_recorder]: Subscribed to topic '/tf'
[WARN] [1764135433.710727166] [rosbag2_recorder]: New publisher discovered on topic '/tf', offering incompatible QoS. No messages will be sent to it. Last incompatible policy: DURABILITY_QOS_POLICY
[WARN] [1764135433.710911779] [rosbag2_recorder]: New publisher discovered on topic '/tf', offering incompatible QoS. No messages will be sent to it. Last incompatible policy: DURABILITY_QOS_POLICY
[WARN] [1764135433.718528905] [rosbag2_recorder]: New publisher discovered on topic '/tf', offering incompatible QoS. No messages will be sent to it. Last incompatible policy: DURABILITY_QOS_POLICY
[WARN] [1764135433.728153788] [rosbag2_recorder]: A new publisher for subscribed topic /tf was found offering RMW_QOS_POLICY_DURABILITY_VOLATILE, but rosbag2 already subscribed requesting RMW_QOS_POLICY_DURABILITY_TRANSIENT_LOCAL. Messages from this new publisher will not be recorded.
[WARN] [1764135433.728184713] [rosbag2_recorder]: A new publisher for subscribed topic /tf was found offering RMW_QOS_POLICY_DURABILITY_VOLATILE, but rosbag2 already subscribed requesting RMW_QOS_POLICY_DURABILITY_TRANSIENT_LOCAL. Messages from this new publisher will not be recorded.
[WARN] [1764135433.728189493] [rosbag2_recorder]: A new publisher for subscribed topic /tf was found offering RMW_QOS_POLICY_DURABILITY_VOLATILE, but rosbag2 already subscribed requesting RMW_QOS_POLICY_DURABILITY_TRANSIENT_LOCAL. Messages from this new publisher will not be recorded.
[INFO] [1764135433.729413697] [rosbag2_recorder]: Subscribed to topic '/cmd_vel'
[INFO] [1764135433.730426555] [rosbag2_recorder]: Subscribed to topic '/plan_barn'
[INFO] [1764135433.731673638] [rosbag2_recorder]: Subscribed to topic '/plan_barn_odom'
[INFO] [1764135433.733387952] [rosbag2_recorder]: Subscribed to topic '/scan'
[INFO] [1764135433.734644698] [rosbag2_recorder]: Subscribed to topic '/tf_static'
[INFO] [1764135433.734668614] [rosbag2_recorder]: All requested topics are subscribed. Stopping discovery...
[INFO] [1764135439.571220061] [rosbag2_cpp]: Writing remaining messages from cache to the bag. It may take a while
[INFO] [1764135439.571953814] [rosbag2_recorder]: Event publisher thread: Exiting
[INFO] [1764135439.571996006] [rosbag2_recorder]: Recording stopped
