stdin is not a terminal device. Keyboard handling disabled.[INFO] [1764624574.778826475] [rosbag2_recorder]: Press SPACE for pausing/resuming
[INFO] [1764624574.779607981] [rosbag2_storage]: Opened database '/home/mobrob/ros_ws/dwa_baseline_2/world276_1201_132934/world276_1201_132934_0.db3' for READ_WRITE.
[INFO] [1764624574.780109440] [rosbag2_recorder]: Listening for topics...
[INFO] [1764624574.780123542] [rosbag2_recorder]: Event publisher thread: Starting
[INFO] [1764624574.780181479] [rosbag2_recorder]: Recording...
[INFO] [1764624574.882855239] [rosbag2_recorder]: Subscribed to topic '/odom'
[INFO] [1764624574.883942534] [rosbag2_recorder]: Subscribed to topic '/scan'
[INFO] [1764624574.885633231] [rosbag2_recorder]: Subscribed to topic '/tf'
[WARN] [1764624575.782094755] [rosbag2_recorder]: New publisher discovered on topic '/tf', offering incompatible QoS. No messages will be sent to it. Last incompatible policy: DURABILITY_QOS_POLICY
[WARN] [1764624575.793214468] [rosbag2_recorder]: New publisher discovered on topic '/tf', offering incompatible QoS. No messages will be sent to it. Last incompatible policy: DURABILITY_QOS_POLICY
[WARN] [1764624575.797173156] [rosbag2_recorder]: A new publisher for subscribed topic /tf was found offering RMW_QOS_POLICY_DURABILITY_VOLATILE, but rosbag2 already subscribed requesting RMW_QOS_POLICY_DURABILITY_TRANSIENT_LOCAL. Messages from this new publisher will not be recorded.
[WARN] [1764624575.797195056] [rosbag2_recorder]: A new publisher for subscribed topic /tf was found offering RMW_QOS_POLICY_DURABILITY_VOLATILE, but rosbag2 already subscribed requesting RMW_QOS_POLICY_DURABILITY_TRANSIENT_LOCAL. Messages from this new publisher will not be recorded.
[INFO] [1764624575.798136499] [rosbag2_recorder]: Subscribed to topic '/cmd_vel'
[INFO] [1764624575.799305352] [rosbag2_recorder]: Subscribed to topic '/plan_barn'
[INFO] [1764624575.800130811] [rosbag2_recorder]: Subscribed to topic '/plan_barn_odom'
[INFO] [1764624575.801054109] [rosbag2_recorder]: Subscribed to topic '/tf_static'
[INFO] [1764624575.801073568] [rosbag2_recorder]: All requested topics are subscribed. Stopping discovery...
[WARN] [1764624576.776697130] [rosbag2_recorder]: New publisher discovered on topic '/tf', offering incompatible QoS. No messages will be sent to it. Last incompatible policy: DURABILITY_QOS_POLICY
[INFO] [1764624581.651994829] [rosbag2_cpp]: Writing remaining messages from cache to the bag. It may take a while
[INFO] [1764624581.652491090] [rosbag2_recorder]: Event publisher thread: Exiting
[INFO] [1764624581.652536376] [rosbag2_recorder]: Recording stopped
