stdin is not a terminal device. Keyboard handling disabled.[INFO] [1764479491.254530721] [rosbag2_recorder]: Press SPACE for pausing/resuming
[INFO] [1764479491.255431900] [rosbag2_storage]: Opened database '/home/mobrob/ros_ws/dwa_baseline_2/world248_1129_211131/world248_1129_211131_0.db3' for READ_WRITE.
[INFO] [1764479491.256022099] [rosbag2_recorder]: Listening for topics...
[INFO] [1764479491.256038934] [rosbag2_recorder]: Event publisher thread: Starting
[INFO] [1764479491.256103719] [rosbag2_recorder]: Recording...
[INFO] [1764479491.360573913] [rosbag2_recorder]: Subscribed to topic '/cmd_vel'
[INFO] [1764479491.361950971] [rosbag2_recorder]: Subscribed to topic '/odom'
[INFO] [1764479491.363309599] [rosbag2_recorder]: Subscribed to topic '/tf'
[WARN] [1764479492.277566826] [rosbag2_recorder]: New publisher discovered on topic '/tf', offering incompatible QoS. No messages will be sent to it. Last incompatible policy: DURABILITY_QOS_POLICY
[WARN] [1764479492.281403097] [rosbag2_recorder]: A new publisher for subscribed topic /tf was found offering RMW_QOS_POLICY_DURABILITY_VOLATILE, but rosbag2 already subscribed requesting RMW_QOS_POLICY_DURABILITY_TRANSIENT_LOCAL. Messages from this new publisher will not be recorded.
[INFO] [1764479492.286096230] [rosbag2_recorder]: Subscribed to topic '/plan_barn_odom'
[INFO] [1764479492.287672127] [rosbag2_recorder]: Subscribed to topic '/tf_static'
[INFO] [1764479492.392783299] [rosbag2_recorder]: Subscribed to topic '/plan_barn'
[WARN] [1764479493.251326631] [rosbag2_recorder]: New publisher discovered on topic '/tf', offering incompatible QoS. No messages will be sent to it. Last incompatible policy: DURABILITY_QOS_POLICY
[WARN] [1764479493.257527675] [rosbag2_recorder]: New publisher discovered on topic '/tf', offering incompatible QoS. No messages will be sent to it. Last incompatible policy: DURABILITY_QOS_POLICY
[INFO] [1764479493.327877257] [rosbag2_recorder]: Subscribed to topic '/scan'
[INFO] [1764479493.327919240] [rosbag2_recorder]: All requested topics are subscribed. Stopping discovery...
[INFO] [1764479579.117985536] [rosbag2_cpp]: Writing remaining messages from cache to the bag. It may take a while
[INFO] [1764479579.118604028] [rosbag2_recorder]: Event publisher thread: Exiting
[INFO] [1764479579.118650893] [rosbag2_recorder]: Recording stopped
