stdin is not a terminal device. Keyboard handling disabled.[INFO] [1764397518.473170279] [rosbag2_recorder]: Press SPACE for pausing/resuming
[INFO] [1764397518.473881149] [rosbag2_storage]: Opened database '/home/mobrob/ros_ws/dwa_baseline_2/world16_1128_222518/world16_1128_222518_0.db3' for READ_WRITE.
[INFO] [1764397518.474627324] [rosbag2_recorder]: Listening for topics...
[INFO] [1764397518.474641559] [rosbag2_recorder]: Event publisher thread: Starting
[INFO] [1764397518.474693596] [rosbag2_recorder]: Recording...
[INFO] [1764397518.578520990] [rosbag2_recorder]: Subscribed to topic '/cmd_vel'
[INFO] [1764397518.579836489] [rosbag2_recorder]: Subscribed to topic '/odom'
[INFO] [1764397518.581037724] [rosbag2_recorder]: Subscribed to topic '/scan'
[INFO] [1764397518.582232257] [rosbag2_recorder]: Subscribed to topic '/tf'
[INFO] [1764397518.583019511] [rosbag2_recorder]: Subscribed to topic '/tf_static'
[WARN] [1764397519.474069339] [rosbag2_recorder]: New publisher discovered on topic '/tf', offering incompatible QoS. No messages will be sent to it. Last incompatible policy: DURABILITY_QOS_POLICY
[WARN] [1764397519.482756247] [rosbag2_recorder]: New publisher discovered on topic '/tf', offering incompatible QoS. No messages will be sent to it. Last incompatible policy: DURABILITY_QOS_POLICY
[WARN] [1764397519.503156323] [rosbag2_recorder]: A new publisher for subscribed topic /tf was found offering RMW_QOS_POLICY_DURABILITY_VOLATILE, but rosbag2 already subscribed requesting RMW_QOS_POLICY_DURABILITY_TRANSIENT_LOCAL. Messages from this new publisher will not be recorded.
[WARN] [1764397519.503188428] [rosbag2_recorder]: A new publisher for subscribed topic /tf was found offering RMW_QOS_POLICY_DURABILITY_VOLATILE, but rosbag2 already subscribed requesting RMW_QOS_POLICY_DURABILITY_TRANSIENT_LOCAL. Messages from this new publisher will not be recorded.
[INFO] [1764397519.504132986] [rosbag2_recorder]: Subscribed to topic '/plan_barn'
[INFO] [1764397519.504910955] [rosbag2_recorder]: Subscribed to topic '/plan_barn_odom'
[INFO] [1764397519.504938406] [rosbag2_recorder]: All requested topics are subscribed. Stopping discovery...
[WARN] [1764397520.473225682] [rosbag2_recorder]: New publisher discovered on topic '/tf', offering incompatible QoS. No messages will be sent to it. Last incompatible policy: DURABILITY_QOS_POLICY
[INFO] [1764397611.356818715] [rosbag2_cpp]: Writing remaining messages from cache to the bag. It may take a while
[INFO] [1764397611.357435920] [rosbag2_recorder]: Event publisher thread: Exiting
[INFO] [1764397611.357484064] [rosbag2_recorder]: Recording stopped
