stdin is not a terminal device. Keyboard handling disabled.[INFO] [1764595274.576207904] [rosbag2_recorder]: Press SPACE for pausing/resuming
[INFO] [1764595274.577048826] [rosbag2_storage]: Opened database '/home/mobrob/ros_ws/dwa_baseline_2/world190_1201_052114/world190_1201_052114_0.db3' for READ_WRITE.
[INFO] [1764595274.577587717] [rosbag2_recorder]: Listening for topics...
[INFO] [1764595274.577600871] [rosbag2_recorder]: Event publisher thread: Starting
[INFO] [1764595274.577665444] [rosbag2_recorder]: Recording...
[INFO] [1764595274.682450048] [rosbag2_recorder]: Subscribed to topic '/cmd_vel'
[INFO] [1764595274.683524703] [rosbag2_recorder]: Subscribed to topic '/odom'
[INFO] [1764595274.684851309] [rosbag2_recorder]: Subscribed to topic '/scan'
[INFO] [1764595274.686231099] [rosbag2_recorder]: Subscribed to topic '/tf'
[WARN] [1764595275.590766230] [rosbag2_recorder]: New publisher discovered on topic '/tf', offering incompatible QoS. No messages will be sent to it. Last incompatible policy: DURABILITY_QOS_POLICY
[WARN] [1764595275.592623770] [rosbag2_recorder]: New publisher discovered on topic '/tf', offering incompatible QoS. No messages will be sent to it. Last incompatible policy: DURABILITY_QOS_POLICY
[WARN] [1764595275.610049406] [rosbag2_recorder]: A new publisher for subscribed topic /tf was found offering RMW_QOS_POLICY_DURABILITY_VOLATILE, but rosbag2 already subscribed requesting RMW_QOS_POLICY_DURABILITY_TRANSIENT_LOCAL. Messages from this new publisher will not be recorded.
[WARN] [1764595275.610095065] [rosbag2_recorder]: A new publisher for subscribed topic /tf was found offering RMW_QOS_POLICY_DURABILITY_VOLATILE, but rosbag2 already subscribed requesting RMW_QOS_POLICY_DURABILITY_TRANSIENT_LOCAL. Messages from this new publisher will not be recorded.
[INFO] [1764595275.611430801] [rosbag2_recorder]: Subscribed to topic '/plan_barn'
[INFO] [1764595275.612352518] [rosbag2_recorder]: Subscribed to topic '/plan_barn_odom'
[INFO] [1764595275.613458294] [rosbag2_recorder]: Subscribed to topic '/tf_static'
[INFO] [1764595275.613489178] [rosbag2_recorder]: All requested topics are subscribed. Stopping discovery...
[WARN] [1764595276.572522751] [rosbag2_recorder]: New publisher discovered on topic '/tf', offering incompatible QoS. No messages will be sent to it. Last incompatible policy: DURABILITY_QOS_POLICY
[INFO] [1764595341.435004951] [rosbag2_cpp]: Writing remaining messages from cache to the bag. It may take a while
[INFO] [1764595341.435850414] [rosbag2_recorder]: Event publisher thread: Exiting
[INFO] [1764595341.435896527] [rosbag2_recorder]: Recording stopped
