stdin is not a terminal device. Keyboard handling disabled.[INFO] [1764129131.873163306] [rosbag2_recorder]: Press SPACE for pausing/resuming
[INFO] [1764129131.873907352] [rosbag2_storage]: Opened database '/home/mobrob/ros_ws/dwa_baseline_2/world4_1125_195211/world4_1125_195211_0.db3' for READ_WRITE.
[INFO] [1764129131.874429664] [rosbag2_recorder]: Listening for topics...
[INFO] [1764129131.874441200] [rosbag2_recorder]: Event publisher thread: Starting
[INFO] [1764129131.874512789] [rosbag2_recorder]: Recording...
[INFO] [1764129131.977309626] [rosbag2_recorder]: Subscribed to topic '/odom'
[INFO] [1764129131.978267849] [rosbag2_recorder]: Subscribed to topic '/scan'
[INFO] [1764129131.979287126] [rosbag2_recorder]: Subscribed to topic '/tf'
[WARN] [1764129132.880863190] [rosbag2_recorder]: New publisher discovered on topic '/tf', offering incompatible QoS. No messages will be sent to it. Last incompatible policy: DURABILITY_QOS_POLICY
[WARN] [1764129132.886345630] [rosbag2_recorder]: New publisher discovered on topic '/tf', offering incompatible QoS. No messages will be sent to it. Last incompatible policy: DURABILITY_QOS_POLICY
[WARN] [1764129132.892131543] [rosbag2_recorder]: A new publisher for subscribed topic /tf was found offering RMW_QOS_POLICY_DURABILITY_VOLATILE, but rosbag2 already subscribed requesting RMW_QOS_POLICY_DURABILITY_TRANSIENT_LOCAL. Messages from this new publisher will not be recorded.
[WARN] [1764129132.892165375] [rosbag2_recorder]: A new publisher for subscribed topic /tf was found offering RMW_QOS_POLICY_DURABILITY_VOLATILE, but rosbag2 already subscribed requesting RMW_QOS_POLICY_DURABILITY_TRANSIENT_LOCAL. Messages from this new publisher will not be recorded.
[INFO] [1764129132.893240135] [rosbag2_recorder]: Subscribed to topic '/cmd_vel'
[INFO] [1764129132.894238645] [rosbag2_recorder]: Subscribed to topic '/plan_barn'
[INFO] [1764129132.895460664] [rosbag2_recorder]: Subscribed to topic '/plan_barn_odom'
[INFO] [1764129132.896611487] [rosbag2_recorder]: Subscribed to topic '/tf_static'
[INFO] [1764129132.896637207] [rosbag2_recorder]: All requested topics are subscribed. Stopping discovery...
[WARN] [1764129133.868295134] [rosbag2_recorder]: New publisher discovered on topic '/tf', offering incompatible QoS. No messages will be sent to it. Last incompatible policy: DURABILITY_QOS_POLICY
[INFO] [1764129138.738860863] [rosbag2_cpp]: Writing remaining messages from cache to the bag. It may take a while
[INFO] [1764129138.739447943] [rosbag2_recorder]: Event publisher thread: Exiting
[INFO] [1764129138.739493520] [rosbag2_recorder]: Recording stopped
