stdin is not a terminal device. Keyboard handling disabled.[INFO] [1764468786.705589504] [rosbag2_recorder]: Press SPACE for pausing/resuming
[INFO] [1764468786.706360163] [rosbag2_storage]: Opened database '/home/mobrob/ros_ws/dwa_baseline_2/world216_1129_181306/world216_1129_181306_0.db3' for READ_WRITE.
[INFO] [1764468786.706799994] [rosbag2_recorder]: Listening for topics...
[INFO] [1764468786.706811938] [rosbag2_recorder]: Event publisher thread: Starting
[INFO] [1764468786.706863363] [rosbag2_recorder]: Recording...
[INFO] [1764468787.110594762] [rosbag2_recorder]: Subscribed to topic '/odom'
[INFO] [1764468787.111523927] [rosbag2_recorder]: Subscribed to topic '/plan_barn'
[INFO] [1764468787.112217375] [rosbag2_recorder]: Subscribed to topic '/plan_barn_odom'
[INFO] [1764468787.113379176] [rosbag2_recorder]: Subscribed to topic '/scan'
[INFO] [1764468787.114699440] [rosbag2_recorder]: Subscribed to topic '/tf'
[INFO] [1764468787.722445326] [rosbag2_recorder]: Subscribed to topic '/tf_static'
[WARN] [1764468787.730272926] [rosbag2_recorder]: New publisher discovered on topic '/tf', offering incompatible QoS. No messages will be sent to it. Last incompatible policy: DURABILITY_QOS_POLICY
[WARN] [1764468787.730904275] [rosbag2_recorder]: New publisher discovered on topic '/tf', offering incompatible QoS. No messages will be sent to it. Last incompatible policy: DURABILITY_QOS_POLICY
[WARN] [1764468787.824529346] [rosbag2_recorder]: A new publisher for subscribed topic /tf was found offering RMW_QOS_POLICY_DURABILITY_VOLATILE, but rosbag2 already subscribed requesting RMW_QOS_POLICY_DURABILITY_TRANSIENT_LOCAL. Messages from this new publisher will not be recorded.
[WARN] [1764468787.824556922] [rosbag2_recorder]: A new publisher for subscribed topic /tf was found offering RMW_QOS_POLICY_DURABILITY_VOLATILE, but rosbag2 already subscribed requesting RMW_QOS_POLICY_DURABILITY_TRANSIENT_LOCAL. Messages from this new publisher will not be recorded.
[INFO] [1764468787.825663911] [rosbag2_recorder]: Subscribed to topic '/cmd_vel'
[INFO] [1764468787.825698769] [rosbag2_recorder]: All requested topics are subscribed. Stopping discovery...
[WARN] [1764468788.705781039] [rosbag2_recorder]: New publisher discovered on topic '/tf', offering incompatible QoS. No messages will be sent to it. Last incompatible policy: DURABILITY_QOS_POLICY
[INFO] [1764468793.592969191] [rosbag2_cpp]: Writing remaining messages from cache to the bag. It may take a while
[INFO] [1764468793.593436877] [rosbag2_recorder]: Event publisher thread: Exiting
[INFO] [1764468793.593485175] [rosbag2_recorder]: Recording stopped
