stdin is not a terminal device. Keyboard handling disabled.[INFO] [1764264343.147630876] [rosbag2_recorder]: Press SPACE for pausing/resuming
[INFO] [1764264343.148404943] [rosbag2_storage]: Opened database '/home/mobrob/ros_ws/dwa_baseline_2/world273_1127_092543/world273_1127_092543_0.db3' for READ_WRITE.
[INFO] [1764264343.149085547] [rosbag2_recorder]: Listening for topics...
[INFO] [1764264343.149097328] [rosbag2_recorder]: Event publisher thread: Starting
[INFO] [1764264343.149210025] [rosbag2_recorder]: Recording...
[INFO] [1764264343.555910199] [rosbag2_recorder]: Subscribed to topic '/cmd_vel'
[INFO] [1764264343.558597975] [rosbag2_recorder]: Subscribed to topic '/odom'
[INFO] [1764264343.560396902] [rosbag2_recorder]: Subscribed to topic '/plan_barn'
[INFO] [1764264343.561806871] [rosbag2_recorder]: Subscribed to topic '/plan_barn_odom'
[INFO] [1764264343.564716316] [rosbag2_recorder]: Subscribed to topic '/tf'
[WARN] [1764264343.568517936] [rosbag2_recorder]: New publisher discovered on topic '/tf', offering incompatible QoS. No messages will be sent to it. Last incompatible policy: DURABILITY_QOS_POLICY
[WARN] [1764264343.666490938] [rosbag2_recorder]: A new publisher for subscribed topic /tf was found offering RMW_QOS_POLICY_DURABILITY_VOLATILE, but rosbag2 already subscribed requesting RMW_QOS_POLICY_DURABILITY_TRANSIENT_LOCAL. Messages from this new publisher will not be recorded.
[INFO] [1764264343.667304639] [rosbag2_recorder]: Subscribed to topic '/tf_static'
[INFO] [1764264344.494871703] [rosbag2_recorder]: Subscribed to topic '/scan'
[INFO] [1764264344.494927011] [rosbag2_recorder]: All requested topics are subscribed. Stopping discovery...
[WARN] [1764264344.496967240] [rosbag2_recorder]: New publisher discovered on topic '/tf', offering incompatible QoS. No messages will be sent to it. Last incompatible policy: DURABILITY_QOS_POLICY
[WARN] [1764264344.497614762] [rosbag2_recorder]: New publisher discovered on topic '/tf', offering incompatible QoS. No messages will be sent to it. Last incompatible policy: DURABILITY_QOS_POLICY
[INFO] [1764264368.025030260] [rosbag2_cpp]: Writing remaining messages from cache to the bag. It may take a while
[INFO] [1764264368.025885318] [rosbag2_recorder]: Event publisher thread: Exiting
[INFO] [1764264368.025934941] [rosbag2_recorder]: Recording stopped
