stdin is not a terminal device. Keyboard handling disabled.[INFO] [1764161132.454684044] [rosbag2_recorder]: Press SPACE for pausing/resuming
[INFO] [1764161132.455549812] [rosbag2_storage]: Opened database '/home/mobrob/ros_ws/dwa_baseline_2/world69_1126_044532/world69_1126_044532_0.db3' for READ_WRITE.
[INFO] [1764161132.456184701] [rosbag2_recorder]: Listening for topics...
[INFO] [1764161132.456202991] [rosbag2_recorder]: Event publisher thread: Starting
[INFO] [1764161132.456290869] [rosbag2_recorder]: Recording...
[INFO] [1764161132.558784878] [rosbag2_recorder]: Subscribed to topic '/cmd_vel'
[INFO] [1764161132.559922544] [rosbag2_recorder]: Subscribed to topic '/odom'
[INFO] [1764161132.560884162] [rosbag2_recorder]: Subscribed to topic '/scan'
[INFO] [1764161132.561821064] [rosbag2_recorder]: Subscribed to topic '/tf'
[INFO] [1764161132.562551780] [rosbag2_recorder]: Subscribed to topic '/tf_static'
[WARN] [1764161133.451990422] [rosbag2_recorder]: New publisher discovered on topic '/tf', offering incompatible QoS. No messages will be sent to it. Last incompatible policy: DURABILITY_QOS_POLICY
[WARN] [1764161133.456546328] [rosbag2_recorder]: New publisher discovered on topic '/tf', offering incompatible QoS. No messages will be sent to it. Last incompatible policy: DURABILITY_QOS_POLICY
[WARN] [1764161133.478858546] [rosbag2_recorder]: A new publisher for subscribed topic /tf was found offering RMW_QOS_POLICY_DURABILITY_VOLATILE, but rosbag2 already subscribed requesting RMW_QOS_POLICY_DURABILITY_TRANSIENT_LOCAL. Messages from this new publisher will not be recorded.
[WARN] [1764161133.478895906] [rosbag2_recorder]: A new publisher for subscribed topic /tf was found offering RMW_QOS_POLICY_DURABILITY_VOLATILE, but rosbag2 already subscribed requesting RMW_QOS_POLICY_DURABILITY_TRANSIENT_LOCAL. Messages from this new publisher will not be recorded.
[WARN] [1764161133.478901050] [rosbag2_recorder]: A new publisher for subscribed topic /tf was found offering RMW_QOS_POLICY_DURABILITY_VOLATILE, but rosbag2 already subscribed requesting RMW_QOS_POLICY_DURABILITY_TRANSIENT_LOCAL. Messages from this new publisher will not be recorded.
[INFO] [1764161133.479896722] [rosbag2_recorder]: Subscribed to topic '/plan_barn'
[INFO] [1764161133.481062509] [rosbag2_recorder]: Subscribed to topic '/plan_barn_odom'
[INFO] [1764161133.481083820] [rosbag2_recorder]: All requested topics are subscribed. Stopping discovery...
[INFO] [1764161206.327771364] [rosbag2_cpp]: Writing remaining messages from cache to the bag. It may take a while
[INFO] [1764161206.328575657] [rosbag2_recorder]: Event publisher thread: Exiting
[INFO] [1764161206.328611344] [rosbag2_recorder]: Recording stopped
