stdin is not a terminal device. Keyboard handling disabled.[INFO] [1764145416.300635891] [rosbag2_recorder]: Press SPACE for pausing/resuming
[INFO] [1764145416.301447633] [rosbag2_storage]: Opened database '/home/mobrob/ros_ws/dwa_baseline_2/world36_1126_002336/world36_1126_002336_0.db3' for READ_WRITE.
[INFO] [1764145416.302262098] [rosbag2_recorder]: Listening for topics...
[INFO] [1764145416.302269508] [rosbag2_recorder]: Event publisher thread: Starting
[INFO] [1764145416.302371907] [rosbag2_recorder]: Recording...
[INFO] [1764145416.406139834] [rosbag2_recorder]: Subscribed to topic '/cmd_vel'
[INFO] [1764145416.407689277] [rosbag2_recorder]: Subscribed to topic '/odom'
[INFO] [1764145416.409232788] [rosbag2_recorder]: Subscribed to topic '/tf'
[WARN] [1764145417.309215900] [rosbag2_recorder]: New publisher discovered on topic '/tf', offering incompatible QoS. No messages will be sent to it. Last incompatible policy: DURABILITY_QOS_POLICY
[WARN] [1764145417.331127649] [rosbag2_recorder]: A new publisher for subscribed topic /tf was found offering RMW_QOS_POLICY_DURABILITY_VOLATILE, but rosbag2 already subscribed requesting RMW_QOS_POLICY_DURABILITY_TRANSIENT_LOCAL. Messages from this new publisher will not be recorded.
[INFO] [1764145417.332428645] [rosbag2_recorder]: Subscribed to topic '/plan_barn'
[INFO] [1764145417.333352821] [rosbag2_recorder]: Subscribed to topic '/plan_barn_odom'
[INFO] [1764145417.334542924] [rosbag2_recorder]: Subscribed to topic '/scan'
[INFO] [1764145417.335883722] [rosbag2_recorder]: Subscribed to topic '/tf_static'
[INFO] [1764145417.335927806] [rosbag2_recorder]: All requested topics are subscribed. Stopping discovery...
[WARN] [1764145418.298545030] [rosbag2_recorder]: New publisher discovered on topic '/tf', offering incompatible QoS. No messages will be sent to it. Last incompatible policy: DURABILITY_QOS_POLICY
[WARN] [1764145418.301565461] [rosbag2_recorder]: New publisher discovered on topic '/tf', offering incompatible QoS. No messages will be sent to it. Last incompatible policy: DURABILITY_QOS_POLICY
[INFO] [1764145457.173081015] [rosbag2_cpp]: Writing remaining messages from cache to the bag. It may take a while
[INFO] [1764145457.173702421] [rosbag2_recorder]: Event publisher thread: Exiting
[INFO] [1764145457.173750363] [rosbag2_recorder]: Recording stopped
