stdin is not a terminal device. Keyboard handling disabled.[INFO] [1764462216.910762464] [rosbag2_recorder]: Press SPACE for pausing/resuming
[INFO] [1764462216.911563164] [rosbag2_storage]: Opened database '/home/mobrob/ros_ws/dwa_baseline_2/world199_1129_162336/world199_1129_162336_0.db3' for READ_WRITE.
[INFO] [1764462216.912068975] [rosbag2_recorder]: Listening for topics...
[INFO] [1764462216.912086468] [rosbag2_recorder]: Event publisher thread: Starting
[INFO] [1764462216.912167430] [rosbag2_recorder]: Recording...
[INFO] [1764462217.016517225] [rosbag2_recorder]: Subscribed to topic '/odom'
[INFO] [1764462217.018015631] [rosbag2_recorder]: Subscribed to topic '/tf'
[INFO] [1764462217.019172635] [rosbag2_recorder]: Subscribed to topic '/tf_static'
[WARN] [1764462217.920561759] [rosbag2_recorder]: New publisher discovered on topic '/tf', offering incompatible QoS. No messages will be sent to it. Last incompatible policy: DURABILITY_QOS_POLICY
[WARN] [1764462217.923489240] [rosbag2_recorder]: New publisher discovered on topic '/tf', offering incompatible QoS. No messages will be sent to it. Last incompatible policy: DURABILITY_QOS_POLICY
[WARN] [1764462217.924498709] [rosbag2_recorder]: New publisher discovered on topic '/tf', offering incompatible QoS. No messages will be sent to it. Last incompatible policy: DURABILITY_QOS_POLICY
[WARN] [1764462217.944888219] [rosbag2_recorder]: A new publisher for subscribed topic /tf was found offering RMW_QOS_POLICY_DURABILITY_VOLATILE, but rosbag2 already subscribed requesting RMW_QOS_POLICY_DURABILITY_TRANSIENT_LOCAL. Messages from this new publisher will not be recorded.
[WARN] [1764462217.944937754] [rosbag2_recorder]: A new publisher for subscribed topic /tf was found offering RMW_QOS_POLICY_DURABILITY_VOLATILE, but rosbag2 already subscribed requesting RMW_QOS_POLICY_DURABILITY_TRANSIENT_LOCAL. Messages from this new publisher will not be recorded.
[WARN] [1764462217.944948666] [rosbag2_recorder]: A new publisher for subscribed topic /tf was found offering RMW_QOS_POLICY_DURABILITY_VOLATILE, but rosbag2 already subscribed requesting RMW_QOS_POLICY_DURABILITY_TRANSIENT_LOCAL. Messages from this new publisher will not be recorded.
[INFO] [1764462217.946951330] [rosbag2_recorder]: Subscribed to topic '/cmd_vel'
[INFO] [1764462217.947871772] [rosbag2_recorder]: Subscribed to topic '/plan_barn'
[INFO] [1764462217.948917694] [rosbag2_recorder]: Subscribed to topic '/plan_barn_odom'
[INFO] [1764462217.950432589] [rosbag2_recorder]: Subscribed to topic '/scan'
[INFO] [1764462217.950454918] [rosbag2_recorder]: All requested topics are subscribed. Stopping discovery...
[INFO] [1764462297.789131779] [rosbag2_cpp]: Writing remaining messages from cache to the bag. It may take a while
[INFO] [1764462297.789726468] [rosbag2_recorder]: Event publisher thread: Exiting
[INFO] [1764462297.789756741] [rosbag2_recorder]: Recording stopped
