stdin is not a terminal device. Keyboard handling disabled.[INFO] [1764625332.208360268] [rosbag2_recorder]: Press SPACE for pausing/resuming
[INFO] [1764625332.209705808] [rosbag2_storage]: Opened database '/home/mobrob/ros_ws/dwa_baseline_2/world278_1201_134212/world278_1201_134212_0.db3' for READ_WRITE.
[INFO] [1764625332.210374839] [rosbag2_recorder]: Listening for topics...
[INFO] [1764625332.210383012] [rosbag2_recorder]: Event publisher thread: Starting
[INFO] [1764625332.210496064] [rosbag2_recorder]: Recording...
[INFO] [1764625332.313492777] [rosbag2_recorder]: Subscribed to topic '/cmd_vel'
[INFO] [1764625332.315078114] [rosbag2_recorder]: Subscribed to topic '/odom'
[INFO] [1764625332.315730920] [rosbag2_recorder]: Subscribed to topic '/plan_barn'
[INFO] [1764625332.316255181] [rosbag2_recorder]: Subscribed to topic '/plan_barn_odom'
[INFO] [1764625332.317171323] [rosbag2_recorder]: Subscribed to topic '/tf'
[INFO] [1764625332.317778678] [rosbag2_recorder]: Subscribed to topic '/tf_static'
[WARN] [1764625333.214182600] [rosbag2_recorder]: New publisher discovered on topic '/tf', offering incompatible QoS. No messages will be sent to it. Last incompatible policy: DURABILITY_QOS_POLICY
[WARN] [1764625333.216585238] [rosbag2_recorder]: New publisher discovered on topic '/tf', offering incompatible QoS. No messages will be sent to it. Last incompatible policy: DURABILITY_QOS_POLICY
[WARN] [1764625333.218340303] [rosbag2_recorder]: New publisher discovered on topic '/tf', offering incompatible QoS. No messages will be sent to it. Last incompatible policy: DURABILITY_QOS_POLICY
[WARN] [1764625333.235479228] [rosbag2_recorder]: A new publisher for subscribed topic /tf was found offering RMW_QOS_POLICY_DURABILITY_VOLATILE, but rosbag2 already subscribed requesting RMW_QOS_POLICY_DURABILITY_TRANSIENT_LOCAL. Messages from this new publisher will not be recorded.
[WARN] [1764625333.235527273] [rosbag2_recorder]: A new publisher for subscribed topic /tf was found offering RMW_QOS_POLICY_DURABILITY_VOLATILE, but rosbag2 already subscribed requesting RMW_QOS_POLICY_DURABILITY_TRANSIENT_LOCAL. Messages from this new publisher will not be recorded.
[WARN] [1764625333.235536850] [rosbag2_recorder]: A new publisher for subscribed topic /tf was found offering RMW_QOS_POLICY_DURABILITY_VOLATILE, but rosbag2 already subscribed requesting RMW_QOS_POLICY_DURABILITY_TRANSIENT_LOCAL. Messages from this new publisher will not be recorded.
[INFO] [1764625333.237206805] [rosbag2_recorder]: Subscribed to topic '/scan'
[INFO] [1764625333.237232442] [rosbag2_recorder]: All requested topics are subscribed. Stopping discovery...
[INFO] [1764625492.088962341] [rosbag2_cpp]: Writing remaining messages from cache to the bag. It may take a while
[INFO] [1764625492.089816990] [rosbag2_recorder]: Event publisher thread: Exiting
[INFO] [1764625492.089864252] [rosbag2_recorder]: Recording stopped
