stdin is not a terminal device. Keyboard handling disabled.[INFO] [1764179977.373386206] [rosbag2_recorder]: Press SPACE for pausing/resuming
[INFO] [1764179977.374265479] [rosbag2_storage]: Opened database '/home/mobrob/ros_ws/dwa_baseline_2/world110_1126_095937/world110_1126_095937_0.db3' for READ_WRITE.
[INFO] [1764179977.374752702] [rosbag2_recorder]: Listening for topics...
[INFO] [1764179977.374764444] [rosbag2_recorder]: Event publisher thread: Starting
[INFO] [1764179977.374851132] [rosbag2_recorder]: Recording...
[INFO] [1764179977.478935744] [rosbag2_recorder]: Subscribed to topic '/cmd_vel'
[INFO] [1764179977.480534507] [rosbag2_recorder]: Subscribed to topic '/odom'
[INFO] [1764179977.481701993] [rosbag2_recorder]: Subscribed to topic '/plan_barn'
[INFO] [1764179977.482542297] [rosbag2_recorder]: Subscribed to topic '/plan_barn_odom'
[INFO] [1764179977.483909518] [rosbag2_recorder]: Subscribed to topic '/scan'
[INFO] [1764179977.485591238] [rosbag2_recorder]: Subscribed to topic '/tf'
[WARN] [1764179978.370327537] [rosbag2_recorder]: New publisher discovered on topic '/tf', offering incompatible QoS. No messages will be sent to it. Last incompatible policy: DURABILITY_QOS_POLICY
[WARN] [1764179978.374872143] [rosbag2_recorder]: New publisher discovered on topic '/tf', offering incompatible QoS. No messages will be sent to it. Last incompatible policy: DURABILITY_QOS_POLICY
[WARN] [1764179978.383312952] [rosbag2_recorder]: New publisher discovered on topic '/tf', offering incompatible QoS. No messages will be sent to it. Last incompatible policy: DURABILITY_QOS_POLICY
[WARN] [1764179978.408474834] [rosbag2_recorder]: A new publisher for subscribed topic /tf was found offering RMW_QOS_POLICY_DURABILITY_VOLATILE, but rosbag2 already subscribed requesting RMW_QOS_POLICY_DURABILITY_TRANSIENT_LOCAL. Messages from this new publisher will not be recorded.
[WARN] [1764179978.408521408] [rosbag2_recorder]: A new publisher for subscribed topic /tf was found offering RMW_QOS_POLICY_DURABILITY_VOLATILE, but rosbag2 already subscribed requesting RMW_QOS_POLICY_DURABILITY_TRANSIENT_LOCAL. Messages from this new publisher will not be recorded.
[WARN] [1764179978.408531265] [rosbag2_recorder]: A new publisher for subscribed topic /tf was found offering RMW_QOS_POLICY_DURABILITY_VOLATILE, but rosbag2 already subscribed requesting RMW_QOS_POLICY_DURABILITY_TRANSIENT_LOCAL. Messages from this new publisher will not be recorded.
[INFO] [1764179978.410153912] [rosbag2_recorder]: Subscribed to topic '/tf_static'
[INFO] [1764179978.410190254] [rosbag2_recorder]: All requested topics are subscribed. Stopping discovery...
[INFO] [1764180024.253957563] [rosbag2_cpp]: Writing remaining messages from cache to the bag. It may take a while
[INFO] [1764180024.254785546] [rosbag2_recorder]: Event publisher thread: Exiting
[INFO] [1764180024.254838038] [rosbag2_recorder]: Recording stopped
