stdin is not a terminal device. Keyboard handling disabled.[INFO] [1764207573.263097596] [rosbag2_recorder]: Press SPACE for pausing/resuming
[INFO] [1764207573.263963171] [rosbag2_storage]: Opened database '/home/mobrob/ros_ws/dwa_baseline_2/world163_1126_173933/world163_1126_173933_0.db3' for READ_WRITE.
[INFO] [1764207573.264608676] [rosbag2_recorder]: Listening for topics...
[INFO] [1764207573.264632468] [rosbag2_recorder]: Event publisher thread: Starting
[INFO] [1764207573.264709851] [rosbag2_recorder]: Recording...
[INFO] [1764207573.692038080] [rosbag2_recorder]: Subscribed to topic '/odom'
[INFO] [1764207573.694146539] [rosbag2_recorder]: Subscribed to topic '/scan'
[INFO] [1764207573.695955649] [rosbag2_recorder]: Subscribed to topic '/tf'
[WARN] [1764207574.286081220] [rosbag2_recorder]: New publisher discovered on topic '/tf', offering incompatible QoS. No messages will be sent to it. Last incompatible policy: DURABILITY_QOS_POLICY
[WARN] [1764207574.290173533] [rosbag2_recorder]: New publisher discovered on topic '/tf', offering incompatible QoS. No messages will be sent to it. Last incompatible policy: DURABILITY_QOS_POLICY
[WARN] [1764207574.305202418] [rosbag2_recorder]: A new publisher for subscribed topic /tf was found offering RMW_QOS_POLICY_DURABILITY_VOLATILE, but rosbag2 already subscribed requesting RMW_QOS_POLICY_DURABILITY_TRANSIENT_LOCAL. Messages from this new publisher will not be recorded.
[WARN] [1764207574.305232981] [rosbag2_recorder]: A new publisher for subscribed topic /tf was found offering RMW_QOS_POLICY_DURABILITY_VOLATILE, but rosbag2 already subscribed requesting RMW_QOS_POLICY_DURABILITY_TRANSIENT_LOCAL. Messages from this new publisher will not be recorded.
[INFO] [1764207574.306660687] [rosbag2_recorder]: Subscribed to topic '/cmd_vel'
[INFO] [1764207574.307948739] [rosbag2_recorder]: Subscribed to topic '/plan_barn'
[INFO] [1764207574.308904283] [rosbag2_recorder]: Subscribed to topic '/plan_barn_odom'
[INFO] [1764207574.309712088] [rosbag2_recorder]: Subscribed to topic '/tf_static'
[INFO] [1764207574.309729129] [rosbag2_recorder]: All requested topics are subscribed. Stopping discovery...
[WARN] [1764207575.261098503] [rosbag2_recorder]: New publisher discovered on topic '/tf', offering incompatible QoS. No messages will be sent to it. Last incompatible policy: DURABILITY_QOS_POLICY
[INFO] [1764207660.139536080] [rosbag2_cpp]: Writing remaining messages from cache to the bag. It may take a while
[INFO] [1764207660.140171347] [rosbag2_recorder]: Event publisher thread: Exiting
[INFO] [1764207660.140203506] [rosbag2_recorder]: Recording stopped
