stdin is not a terminal device. Keyboard handling disabled.[INFO] [1764139747.633448034] [rosbag2_recorder]: Press SPACE for pausing/resuming
[INFO] [1764139747.634231468] [rosbag2_storage]: Opened database '/home/mobrob/ros_ws/dwa_baseline_2/world24_1125_224907/world24_1125_224907_0.db3' for READ_WRITE.
[INFO] [1764139747.634971673] [rosbag2_recorder]: Listening for topics...
[INFO] [1764139747.634979239] [rosbag2_recorder]: Event publisher thread: Starting
[INFO] [1764139747.635047482] [rosbag2_recorder]: Recording...
[INFO] [1764139747.738263591] [rosbag2_recorder]: Subscribed to topic '/cmd_vel'
[INFO] [1764139747.739956568] [rosbag2_recorder]: Subscribed to topic '/odom'
[INFO] [1764139747.741190254] [rosbag2_recorder]: Subscribed to topic '/tf'
[INFO] [1764139747.742391428] [rosbag2_recorder]: Subscribed to topic '/tf_static'
[WARN] [1764139748.630955563] [rosbag2_recorder]: New publisher discovered on topic '/tf', offering incompatible QoS. No messages will be sent to it. Last incompatible policy: DURABILITY_QOS_POLICY
[WARN] [1764139748.632883797] [rosbag2_recorder]: New publisher discovered on topic '/tf', offering incompatible QoS. No messages will be sent to it. Last incompatible policy: DURABILITY_QOS_POLICY
[WARN] [1764139748.640480654] [rosbag2_recorder]: New publisher discovered on topic '/tf', offering incompatible QoS. No messages will be sent to it. Last incompatible policy: DURABILITY_QOS_POLICY
[WARN] [1764139748.656883323] [rosbag2_recorder]: A new publisher for subscribed topic /tf was found offering RMW_QOS_POLICY_DURABILITY_VOLATILE, but rosbag2 already subscribed requesting RMW_QOS_POLICY_DURABILITY_TRANSIENT_LOCAL. Messages from this new publisher will not be recorded.
[WARN] [1764139748.656926690] [rosbag2_recorder]: A new publisher for subscribed topic /tf was found offering RMW_QOS_POLICY_DURABILITY_VOLATILE, but rosbag2 already subscribed requesting RMW_QOS_POLICY_DURABILITY_TRANSIENT_LOCAL. Messages from this new publisher will not be recorded.
[WARN] [1764139748.656931262] [rosbag2_recorder]: A new publisher for subscribed topic /tf was found offering RMW_QOS_POLICY_DURABILITY_VOLATILE, but rosbag2 already subscribed requesting RMW_QOS_POLICY_DURABILITY_TRANSIENT_LOCAL. Messages from this new publisher will not be recorded.
[INFO] [1764139748.658890188] [rosbag2_recorder]: Subscribed to topic '/plan_barn'
[INFO] [1764139748.660248219] [rosbag2_recorder]: Subscribed to topic '/plan_barn_odom'
[INFO] [1764139748.662958346] [rosbag2_recorder]: Subscribed to topic '/scan'
[INFO] [1764139748.662997501] [rosbag2_recorder]: All requested topics are subscribed. Stopping discovery...
[INFO] [1764139832.505532341] [rosbag2_cpp]: Writing remaining messages from cache to the bag. It may take a while
[INFO] [1764139832.506108764] [rosbag2_recorder]: Event publisher thread: Exiting
[INFO] [1764139832.506140513] [rosbag2_recorder]: Recording stopped
