stdin is not a terminal device. Keyboard handling disabled.[INFO] [1764629706.063403117] [rosbag2_recorder]: Press SPACE for pausing/resuming
[INFO] [1764629706.064738994] [rosbag2_storage]: Opened database '/home/mobrob/ros_ws/dwa_baseline_2/world290_1201_145505/world290_1201_145505_0.db3' for READ_WRITE.
[INFO] [1764629706.065609733] [rosbag2_recorder]: Listening for topics...
[INFO] [1764629706.065620610] [rosbag2_recorder]: Event publisher thread: Starting
[INFO] [1764629706.065731125] [rosbag2_recorder]: Recording...
[INFO] [1764629706.168449579] [rosbag2_recorder]: Subscribed to topic '/cmd_vel'
[INFO] [1764629706.170354708] [rosbag2_recorder]: Subscribed to topic '/odom'
[INFO] [1764629706.172195172] [rosbag2_recorder]: Subscribed to topic '/tf'
[WARN] [1764629707.068028049] [rosbag2_recorder]: New publisher discovered on topic '/tf', offering incompatible QoS. No messages will be sent to it. Last incompatible policy: DURABILITY_QOS_POLICY
[WARN] [1764629707.072772299] [rosbag2_recorder]: New publisher discovered on topic '/tf', offering incompatible QoS. No messages will be sent to it. Last incompatible policy: DURABILITY_QOS_POLICY
[WARN] [1764629707.074316869] [rosbag2_recorder]: New publisher discovered on topic '/tf', offering incompatible QoS. No messages will be sent to it. Last incompatible policy: DURABILITY_QOS_POLICY
[WARN] [1764629707.088639976] [rosbag2_recorder]: A new publisher for subscribed topic /tf was found offering RMW_QOS_POLICY_DURABILITY_VOLATILE, but rosbag2 already subscribed requesting RMW_QOS_POLICY_DURABILITY_TRANSIENT_LOCAL. Messages from this new publisher will not be recorded.
[WARN] [1764629707.088691549] [rosbag2_recorder]: A new publisher for subscribed topic /tf was found offering RMW_QOS_POLICY_DURABILITY_VOLATILE, but rosbag2 already subscribed requesting RMW_QOS_POLICY_DURABILITY_TRANSIENT_LOCAL. Messages from this new publisher will not be recorded.
[WARN] [1764629707.088702201] [rosbag2_recorder]: A new publisher for subscribed topic /tf was found offering RMW_QOS_POLICY_DURABILITY_VOLATILE, but rosbag2 already subscribed requesting RMW_QOS_POLICY_DURABILITY_TRANSIENT_LOCAL. Messages from this new publisher will not be recorded.
[INFO] [1764629707.090133737] [rosbag2_recorder]: Subscribed to topic '/plan_barn'
[INFO] [1764629707.091248505] [rosbag2_recorder]: Subscribed to topic '/plan_barn_odom'
[INFO] [1764629707.092408191] [rosbag2_recorder]: Subscribed to topic '/tf_static'
[INFO] [1764629708.134806639] [rosbag2_recorder]: Subscribed to topic '/scan'
[INFO] [1764629708.134841499] [rosbag2_recorder]: All requested topics are subscribed. Stopping discovery...
[INFO] [1764629761.918283212] [rosbag2_cpp]: Writing remaining messages from cache to the bag. It may take a while
[INFO] [1764629761.918890437] [rosbag2_recorder]: Event publisher thread: Exiting
[INFO] [1764629761.918939744] [rosbag2_recorder]: Recording stopped
