stdin is not a terminal device. Keyboard handling disabled.[INFO] [1764625944.483796948] [rosbag2_recorder]: Press SPACE for pausing/resuming
[INFO] [1764625944.485122586] [rosbag2_storage]: Opened database '/home/mobrob/ros_ws/dwa_baseline_2/world279_1201_135224/world279_1201_135224_0.db3' for READ_WRITE.
[INFO] [1764625944.486215082] [rosbag2_recorder]: Listening for topics...
[INFO] [1764625944.486224922] [rosbag2_recorder]: Event publisher thread: Starting
[INFO] [1764625944.486326965] [rosbag2_recorder]: Recording...
[INFO] [1764625944.589184040] [rosbag2_recorder]: Subscribed to topic '/cmd_vel'
[INFO] [1764625944.590655295] [rosbag2_recorder]: Subscribed to topic '/odom'
[INFO] [1764625944.591602573] [rosbag2_recorder]: Subscribed to topic '/tf'
[INFO] [1764625944.592133752] [rosbag2_recorder]: Subscribed to topic '/tf_static'
[WARN] [1764625945.487154327] [rosbag2_recorder]: New publisher discovered on topic '/tf', offering incompatible QoS. No messages will be sent to it. Last incompatible policy: DURABILITY_QOS_POLICY
[WARN] [1764625945.497902851] [rosbag2_recorder]: New publisher discovered on topic '/tf', offering incompatible QoS. No messages will be sent to it. Last incompatible policy: DURABILITY_QOS_POLICY
[WARN] [1764625945.506539887] [rosbag2_recorder]: New publisher discovered on topic '/tf', offering incompatible QoS. No messages will be sent to it. Last incompatible policy: DURABILITY_QOS_POLICY
[WARN] [1764625945.512081801] [rosbag2_recorder]: A new publisher for subscribed topic /tf was found offering RMW_QOS_POLICY_DURABILITY_VOLATILE, but rosbag2 already subscribed requesting RMW_QOS_POLICY_DURABILITY_TRANSIENT_LOCAL. Messages from this new publisher will not be recorded.
[WARN] [1764625945.512131408] [rosbag2_recorder]: A new publisher for subscribed topic /tf was found offering RMW_QOS_POLICY_DURABILITY_VOLATILE, but rosbag2 already subscribed requesting RMW_QOS_POLICY_DURABILITY_TRANSIENT_LOCAL. Messages from this new publisher will not be recorded.
[WARN] [1764625945.512135753] [rosbag2_recorder]: A new publisher for subscribed topic /tf was found offering RMW_QOS_POLICY_DURABILITY_VOLATILE, but rosbag2 already subscribed requesting RMW_QOS_POLICY_DURABILITY_TRANSIENT_LOCAL. Messages from this new publisher will not be recorded.
[INFO] [1764625945.513463945] [rosbag2_recorder]: Subscribed to topic '/scan'
[INFO] [1764625946.542651718] [rosbag2_recorder]: Subscribed to topic '/plan_barn'
[INFO] [1764625946.543436570] [rosbag2_recorder]: Subscribed to topic '/plan_barn_odom'
[INFO] [1764625946.543450297] [rosbag2_recorder]: All requested topics are subscribed. Stopping discovery...
[INFO] [1764626048.367694291] [rosbag2_cpp]: Writing remaining messages from cache to the bag. It may take a while
[INFO] [1764626048.368637439] [rosbag2_recorder]: Event publisher thread: Exiting
[INFO] [1764626048.368689138] [rosbag2_recorder]: Recording stopped
