stdin is not a terminal device. Keyboard handling disabled.[INFO] [1764540320.832631315] [rosbag2_recorder]: Press SPACE for pausing/resuming
[INFO] [1764540320.833825870] [rosbag2_storage]: Opened database '/home/mobrob/ros_ws/dwa_baseline_2/world22_1130_140520/world22_1130_140520_0.db3' for READ_WRITE.
[INFO] [1764540320.834542997] [rosbag2_recorder]: Listening for topics...
[INFO] [1764540320.834558387] [rosbag2_recorder]: Event publisher thread: Starting
[INFO] [1764540320.834679311] [rosbag2_recorder]: Recording...
[INFO] [1764540320.938431100] [rosbag2_recorder]: Subscribed to topic '/cmd_vel'
[INFO] [1764540320.939570380] [rosbag2_recorder]: Subscribed to topic '/odom'
[INFO] [1764540320.940215561] [rosbag2_recorder]: Subscribed to topic '/plan_barn'
[INFO] [1764540320.940989196] [rosbag2_recorder]: Subscribed to topic '/plan_barn_odom'
[INFO] [1764540320.941786035] [rosbag2_recorder]: Subscribed to topic '/scan'
[INFO] [1764540320.942777107] [rosbag2_recorder]: Subscribed to topic '/tf'
[WARN] [1764540321.830094345] [rosbag2_recorder]: New publisher discovered on topic '/tf', offering incompatible QoS. No messages will be sent to it. Last incompatible policy: DURABILITY_QOS_POLICY
[WARN] [1764540321.855245606] [rosbag2_recorder]: A new publisher for subscribed topic /tf was found offering RMW_QOS_POLICY_DURABILITY_VOLATILE, but rosbag2 already subscribed requesting RMW_QOS_POLICY_DURABILITY_TRANSIENT_LOCAL. Messages from this new publisher will not be recorded.
[INFO] [1764540321.856705754] [rosbag2_recorder]: Subscribed to topic '/tf_static'
[INFO] [1764540321.856747557] [rosbag2_recorder]: All requested topics are subscribed. Stopping discovery...
[WARN] [1764540322.831034213] [rosbag2_recorder]: New publisher discovered on topic '/tf', offering incompatible QoS. No messages will be sent to it. Last incompatible policy: DURABILITY_QOS_POLICY
[WARN] [1764540322.831309024] [rosbag2_recorder]: New publisher discovered on topic '/tf', offering incompatible QoS. No messages will be sent to it. Last incompatible policy: DURABILITY_QOS_POLICY
[INFO] [1764540374.711802180] [rosbag2_cpp]: Writing remaining messages from cache to the bag. It may take a while
[INFO] [1764540374.712673514] [rosbag2_recorder]: Event publisher thread: Exiting
[INFO] [1764540374.712718801] [rosbag2_recorder]: Recording stopped
