stdin is not a terminal device. Keyboard handling disabled.[INFO] [1764399487.768208966] [rosbag2_recorder]: Press SPACE for pausing/resuming
[INFO] [1764399487.769322100] [rosbag2_storage]: Opened database '/home/mobrob/ros_ws/dwa_baseline_2/world22_1128_225807/world22_1128_225807_0.db3' for READ_WRITE.
[INFO] [1764399487.770457517] [rosbag2_recorder]: Listening for topics...
[INFO] [1764399487.770581791] [rosbag2_recorder]: Recording...
[INFO] [1764399487.770463806] [rosbag2_recorder]: Event publisher thread: Starting
[INFO] [1764399487.872936284] [rosbag2_recorder]: Subscribed to topic '/odom'
[INFO] [1764399487.874113472] [rosbag2_recorder]: Subscribed to topic '/tf'
[INFO] [1764399487.874791282] [rosbag2_recorder]: Subscribed to topic '/tf_static'
[INFO] [1764399488.078556153] [rosbag2_recorder]: Subscribed to topic '/scan'
[WARN] [1764399488.787186661] [rosbag2_recorder]: New publisher discovered on topic '/tf', offering incompatible QoS. No messages will be sent to it. Last incompatible policy: DURABILITY_QOS_POLICY
[WARN] [1764399488.788950082] [rosbag2_recorder]: New publisher discovered on topic '/tf', offering incompatible QoS. No messages will be sent to it. Last incompatible policy: DURABILITY_QOS_POLICY
[WARN] [1764399488.890160331] [rosbag2_recorder]: A new publisher for subscribed topic /tf was found offering RMW_QOS_POLICY_DURABILITY_VOLATILE, but rosbag2 already subscribed requesting RMW_QOS_POLICY_DURABILITY_TRANSIENT_LOCAL. Messages from this new publisher will not be recorded.
[WARN] [1764399488.890206655] [rosbag2_recorder]: A new publisher for subscribed topic /tf was found offering RMW_QOS_POLICY_DURABILITY_VOLATILE, but rosbag2 already subscribed requesting RMW_QOS_POLICY_DURABILITY_TRANSIENT_LOCAL. Messages from this new publisher will not be recorded.
[WARN] [1764399489.765591684] [rosbag2_recorder]: New publisher discovered on topic '/tf', offering incompatible QoS. No messages will be sent to it. Last incompatible policy: DURABILITY_QOS_POLICY
[INFO] [1764399489.815089007] [rosbag2_recorder]: Subscribed to topic '/cmd_vel'
[INFO] [1764399489.816314923] [rosbag2_recorder]: Subscribed to topic '/plan_barn'
[INFO] [1764399489.817283792] [rosbag2_recorder]: Subscribed to topic '/plan_barn_odom'
[INFO] [1764399489.817304339] [rosbag2_recorder]: All requested topics are subscribed. Stopping discovery...
[INFO] [1764399494.652501972] [rosbag2_cpp]: Writing remaining messages from cache to the bag. It may take a while
[INFO] [1764399494.653177143] [rosbag2_recorder]: Event publisher thread: Exiting
[INFO] [1764399494.653220693] [rosbag2_recorder]: Recording stopped
