stdin is not a terminal device. Keyboard handling disabled.[INFO] [1764213466.048155861] [rosbag2_recorder]: Press SPACE for pausing/resuming
[INFO] [1764213466.049105751] [rosbag2_storage]: Opened database '/home/mobrob/ros_ws/dwa_baseline_2/world175_1126_191745/world175_1126_191745_0.db3' for READ_WRITE.
[INFO] [1764213466.049955160] [rosbag2_recorder]: Listening for topics...
[INFO] [1764213466.050076003] [rosbag2_recorder]: Recording...
[INFO] [1764213466.050173701] [rosbag2_recorder]: Event publisher thread: Starting
[INFO] [1764213466.154516301] [rosbag2_recorder]: Subscribed to topic '/odom'
[INFO] [1764213466.155344441] [rosbag2_recorder]: Subscribed to topic '/plan_barn_odom'
[INFO] [1764213466.156385785] [rosbag2_recorder]: Subscribed to topic '/scan'
[INFO] [1764213466.157476580] [rosbag2_recorder]: Subscribed to topic '/tf'
[WARN] [1764213467.050446908] [rosbag2_recorder]: New publisher discovered on topic '/tf', offering incompatible QoS. No messages will be sent to it. Last incompatible policy: DURABILITY_QOS_POLICY
[WARN] [1764213467.056477960] [rosbag2_recorder]: New publisher discovered on topic '/tf', offering incompatible QoS. No messages will be sent to it. Last incompatible policy: DURABILITY_QOS_POLICY
[WARN] [1764213467.073829451] [rosbag2_recorder]: A new publisher for subscribed topic /tf was found offering RMW_QOS_POLICY_DURABILITY_VOLATILE, but rosbag2 already subscribed requesting RMW_QOS_POLICY_DURABILITY_TRANSIENT_LOCAL. Messages from this new publisher will not be recorded.
[WARN] [1764213467.073882986] [rosbag2_recorder]: A new publisher for subscribed topic /tf was found offering RMW_QOS_POLICY_DURABILITY_VOLATILE, but rosbag2 already subscribed requesting RMW_QOS_POLICY_DURABILITY_TRANSIENT_LOCAL. Messages from this new publisher will not be recorded.
[WARN] [1764213467.073893703] [rosbag2_recorder]: A new publisher for subscribed topic /tf was found offering RMW_QOS_POLICY_DURABILITY_VOLATILE, but rosbag2 already subscribed requesting RMW_QOS_POLICY_DURABILITY_TRANSIENT_LOCAL. Messages from this new publisher will not be recorded.
[INFO] [1764213467.075965595] [rosbag2_recorder]: Subscribed to topic '/cmd_vel'
[INFO] [1764213467.077145189] [rosbag2_recorder]: Subscribed to topic '/plan_barn'
[INFO] [1764213467.078338966] [rosbag2_recorder]: Subscribed to topic '/tf_static'
[INFO] [1764213467.078374068] [rosbag2_recorder]: All requested topics are subscribed. Stopping discovery...
[INFO] [1764213476.914345684] [rosbag2_cpp]: Writing remaining messages from cache to the bag. It may take a while
[INFO] [1764213476.914864257] [rosbag2_recorder]: Event publisher thread: Exiting
[INFO] [1764213476.914891673] [rosbag2_recorder]: Recording stopped
