stdin is not a terminal device. Keyboard handling disabled.[INFO] [1764211392.709789793] [rosbag2_recorder]: Press SPACE for pausing/resuming
[INFO] [1764211392.710664245] [rosbag2_storage]: Opened database '/home/mobrob/ros_ws/dwa_baseline_2/world171_1126_184312/world171_1126_184312_0.db3' for READ_WRITE.
[INFO] [1764211392.711376065] [rosbag2_recorder]: Listening for topics...
[INFO] [1764211392.711388887] [rosbag2_recorder]: Event publisher thread: Starting
[INFO] [1764211392.711464575] [rosbag2_recorder]: Recording...
[INFO] [1764211392.814457750] [rosbag2_recorder]: Subscribed to topic '/cmd_vel'
[INFO] [1764211392.815784998] [rosbag2_recorder]: Subscribed to topic '/plan_barn_odom'
[INFO] [1764211393.737898613] [rosbag2_recorder]: Subscribed to topic '/odom'
[INFO] [1764211393.739441511] [rosbag2_recorder]: Subscribed to topic '/scan'
[INFO] [1764211393.741232967] [rosbag2_recorder]: Subscribed to topic '/tf'
[INFO] [1764211393.742045483] [rosbag2_recorder]: Subscribed to topic '/tf_static'
[WARN] [1764211394.704373918] [rosbag2_recorder]: New publisher discovered on topic '/tf', offering incompatible QoS. No messages will be sent to it. Last incompatible policy: DURABILITY_QOS_POLICY
[WARN] [1764211394.707453902] [rosbag2_recorder]: New publisher discovered on topic '/tf', offering incompatible QoS. No messages will be sent to it. Last incompatible policy: DURABILITY_QOS_POLICY
[WARN] [1764211394.707704934] [rosbag2_recorder]: New publisher discovered on topic '/tf', offering incompatible QoS. No messages will be sent to it. Last incompatible policy: DURABILITY_QOS_POLICY
[WARN] [1764211394.771424190] [rosbag2_recorder]: A new publisher for subscribed topic /tf was found offering RMW_QOS_POLICY_DURABILITY_VOLATILE, but rosbag2 already subscribed requesting RMW_QOS_POLICY_DURABILITY_TRANSIENT_LOCAL. Messages from this new publisher will not be recorded.
[WARN] [1764211394.771451139] [rosbag2_recorder]: A new publisher for subscribed topic /tf was found offering RMW_QOS_POLICY_DURABILITY_VOLATILE, but rosbag2 already subscribed requesting RMW_QOS_POLICY_DURABILITY_TRANSIENT_LOCAL. Messages from this new publisher will not be recorded.
[WARN] [1764211394.771454654] [rosbag2_recorder]: A new publisher for subscribed topic /tf was found offering RMW_QOS_POLICY_DURABILITY_VOLATILE, but rosbag2 already subscribed requesting RMW_QOS_POLICY_DURABILITY_TRANSIENT_LOCAL. Messages from this new publisher will not be recorded.
[INFO] [1764211394.772523518] [rosbag2_recorder]: Subscribed to topic '/plan_barn'
[INFO] [1764211394.772548562] [rosbag2_recorder]: All requested topics are subscribed. Stopping discovery...
[INFO] [1764211451.576017157] [rosbag2_cpp]: Writing remaining messages from cache to the bag. It may take a while
[INFO] [1764211451.576726876] [rosbag2_recorder]: Event publisher thread: Exiting
[INFO] [1764211451.576776694] [rosbag2_recorder]: Recording stopped
