stdin is not a terminal device. Keyboard handling disabled.[INFO] [1764467672.182045284] [rosbag2_recorder]: Press SPACE for pausing/resuming
[INFO] [1764467672.182771907] [rosbag2_storage]: Opened database '/home/mobrob/ros_ws/dwa_baseline_2/world214_1129_175432/world214_1129_175432_0.db3' for READ_WRITE.
[INFO] [1764467672.183328677] [rosbag2_recorder]: Listening for topics...
[INFO] [1764467672.183341041] [rosbag2_recorder]: Event publisher thread: Starting
[INFO] [1764467672.183401499] [rosbag2_recorder]: Recording...
[INFO] [1764467672.286053341] [rosbag2_recorder]: Subscribed to topic '/cmd_vel'
[INFO] [1764467672.287565218] [rosbag2_recorder]: Subscribed to topic '/odom'
[INFO] [1764467672.288798430] [rosbag2_recorder]: Subscribed to topic '/scan'
[INFO] [1764467672.290238593] [rosbag2_recorder]: Subscribed to topic '/tf'
[WARN] [1764467673.198014126] [rosbag2_recorder]: New publisher discovered on topic '/tf', offering incompatible QoS. No messages will be sent to it. Last incompatible policy: DURABILITY_QOS_POLICY
[WARN] [1764467673.203562283] [rosbag2_recorder]: A new publisher for subscribed topic /tf was found offering RMW_QOS_POLICY_DURABILITY_VOLATILE, but rosbag2 already subscribed requesting RMW_QOS_POLICY_DURABILITY_TRANSIENT_LOCAL. Messages from this new publisher will not be recorded.
[INFO] [1764467673.205594403] [rosbag2_recorder]: Subscribed to topic '/plan_barn'
[INFO] [1764467673.207659736] [rosbag2_recorder]: Subscribed to topic '/plan_barn_odom'
[INFO] [1764467673.209280469] [rosbag2_recorder]: Subscribed to topic '/tf_static'
[INFO] [1764467673.209313472] [rosbag2_recorder]: All requested topics are subscribed. Stopping discovery...
[WARN] [1764467674.195615957] [rosbag2_recorder]: New publisher discovered on topic '/tf', offering incompatible QoS. No messages will be sent to it. Last incompatible policy: DURABILITY_QOS_POLICY
[WARN] [1764467675.179689968] [rosbag2_recorder]: New publisher discovered on topic '/tf', offering incompatible QoS. No messages will be sent to it. Last incompatible policy: DURABILITY_QOS_POLICY
[INFO] [1764467735.062335958] [rosbag2_cpp]: Writing remaining messages from cache to the bag. It may take a while
[INFO] [1764467735.063168341] [rosbag2_recorder]: Event publisher thread: Exiting
[INFO] [1764467735.063216395] [rosbag2_recorder]: Recording stopped
