stdin is not a terminal device. Keyboard handling disabled.[INFO] [1764457483.047880281] [rosbag2_recorder]: Press SPACE for pausing/resuming
[INFO] [1764457483.048614984] [rosbag2_storage]: Opened database '/home/mobrob/ros_ws/dwa_baseline_2/world187_1129_150442/world187_1129_150442_0.db3' for READ_WRITE.
[INFO] [1764457483.049531436] [rosbag2_recorder]: Listening for topics...
[INFO] [1764457483.049542967] [rosbag2_recorder]: Event publisher thread: Starting
[INFO] [1764457483.049613005] [rosbag2_recorder]: Recording...
[INFO] [1764457483.154433103] [rosbag2_recorder]: Subscribed to topic '/cmd_vel'
[INFO] [1764457483.155656752] [rosbag2_recorder]: Subscribed to topic '/odom'
[INFO] [1764457483.156478257] [rosbag2_recorder]: Subscribed to topic '/plan_barn'
[INFO] [1764457483.157205660] [rosbag2_recorder]: Subscribed to topic '/plan_barn_odom'
[INFO] [1764457483.158833896] [rosbag2_recorder]: Subscribed to topic '/tf'
[WARN] [1764457484.063158976] [rosbag2_recorder]: New publisher discovered on topic '/tf', offering incompatible QoS. No messages will be sent to it. Last incompatible policy: DURABILITY_QOS_POLICY
[WARN] [1764457484.067707525] [rosbag2_recorder]: New publisher discovered on topic '/tf', offering incompatible QoS. No messages will be sent to it. Last incompatible policy: DURABILITY_QOS_POLICY
[WARN] [1764457484.077433088] [rosbag2_recorder]: A new publisher for subscribed topic /tf was found offering RMW_QOS_POLICY_DURABILITY_VOLATILE, but rosbag2 already subscribed requesting RMW_QOS_POLICY_DURABILITY_TRANSIENT_LOCAL. Messages from this new publisher will not be recorded.
[WARN] [1764457484.077480104] [rosbag2_recorder]: A new publisher for subscribed topic /tf was found offering RMW_QOS_POLICY_DURABILITY_VOLATILE, but rosbag2 already subscribed requesting RMW_QOS_POLICY_DURABILITY_TRANSIENT_LOCAL. Messages from this new publisher will not be recorded.
[INFO] [1764457484.079200762] [rosbag2_recorder]: Subscribed to topic '/scan'
[INFO] [1764457484.080177192] [rosbag2_recorder]: Subscribed to topic '/tf_static'
[INFO] [1764457484.080198090] [rosbag2_recorder]: All requested topics are subscribed. Stopping discovery...
[WARN] [1764457485.046738852] [rosbag2_recorder]: New publisher discovered on topic '/tf', offering incompatible QoS. No messages will be sent to it. Last incompatible policy: DURABILITY_QOS_POLICY
[INFO] [1764457592.929058944] [rosbag2_cpp]: Writing remaining messages from cache to the bag. It may take a while
[INFO] [1764457592.929662586] [rosbag2_recorder]: Event publisher thread: Exiting
[INFO] [1764457592.929707722] [rosbag2_recorder]: Recording stopped
