stdin is not a terminal device. Keyboard handling disabled.[INFO] [1764603065.900886286] [rosbag2_recorder]: Press SPACE for pausing/resuming
[INFO] [1764603065.901645264] [rosbag2_storage]: Opened database '/home/mobrob/ros_ws/dwa_baseline_2/world215_1201_073105/world215_1201_073105_0.db3' for READ_WRITE.
[INFO] [1764603065.902072172] [rosbag2_recorder]: Listening for topics...
[INFO] [1764603065.902084943] [rosbag2_recorder]: Event publisher thread: Starting
[INFO] [1764603065.902131903] [rosbag2_recorder]: Recording...
[INFO] [1764603066.004654532] [rosbag2_recorder]: Subscribed to topic '/cmd_vel'
[INFO] [1764603066.005630182] [rosbag2_recorder]: Subscribed to topic '/odom'
[INFO] [1764603066.006517517] [rosbag2_recorder]: Subscribed to topic '/tf'
[WARN] [1764603066.912557933] [rosbag2_recorder]: New publisher discovered on topic '/tf', offering incompatible QoS. No messages will be sent to it. Last incompatible policy: DURABILITY_QOS_POLICY
[WARN] [1764603066.916233050] [rosbag2_recorder]: A new publisher for subscribed topic /tf was found offering RMW_QOS_POLICY_DURABILITY_VOLATILE, but rosbag2 already subscribed requesting RMW_QOS_POLICY_DURABILITY_TRANSIENT_LOCAL. Messages from this new publisher will not be recorded.
[INFO] [1764603066.918406632] [rosbag2_recorder]: Subscribed to topic '/plan_barn'
[INFO] [1764603066.920469386] [rosbag2_recorder]: Subscribed to topic '/plan_barn_odom'
[INFO] [1764603066.922552959] [rosbag2_recorder]: Subscribed to topic '/scan'
[WARN] [1764603066.923154652] [rosbag2_recorder]: New publisher discovered on topic '/tf', offering incompatible QoS. No messages will be sent to it. Last incompatible policy: DURABILITY_QOS_POLICY
[INFO] [1764603066.923773559] [rosbag2_recorder]: Subscribed to topic '/tf_static'
[INFO] [1764603066.923800135] [rosbag2_recorder]: All requested topics are subscribed. Stopping discovery...
[WARN] [1764603067.897995219] [rosbag2_recorder]: New publisher discovered on topic '/tf', offering incompatible QoS. No messages will be sent to it. Last incompatible policy: DURABILITY_QOS_POLICY
[INFO] [1764603121.785981756] [rosbag2_cpp]: Writing remaining messages from cache to the bag. It may take a while
[INFO] [1764603121.786552946] [rosbag2_recorder]: Event publisher thread: Exiting
[INFO] [1764603121.786601277] [rosbag2_recorder]: Recording stopped
