stdin is not a terminal device. Keyboard handling disabled.[INFO] [1764495462.857724949] [rosbag2_recorder]: Press SPACE for pausing/resuming
[INFO] [1764495462.858672592] [rosbag2_storage]: Opened database '/home/mobrob/ros_ws/dwa_baseline_2/world290_1130_013742/world290_1130_013742_0.db3' for READ_WRITE.
[INFO] [1764495462.859301249] [rosbag2_recorder]: Listening for topics...
[INFO] [1764495462.859313041] [rosbag2_recorder]: Event publisher thread: Starting
[INFO] [1764495462.859382419] [rosbag2_recorder]: Recording...
[INFO] [1764495462.961397559] [rosbag2_recorder]: Subscribed to topic '/cmd_vel'
[INFO] [1764495462.962367354] [rosbag2_recorder]: Subscribed to topic '/odom'
[INFO] [1764495462.963209985] [rosbag2_recorder]: Subscribed to topic '/tf'
[WARN] [1764495463.868494758] [rosbag2_recorder]: New publisher discovered on topic '/tf', offering incompatible QoS. No messages will be sent to it. Last incompatible policy: DURABILITY_QOS_POLICY
[WARN] [1764495463.868609216] [rosbag2_recorder]: New publisher discovered on topic '/tf', offering incompatible QoS. No messages will be sent to it. Last incompatible policy: DURABILITY_QOS_POLICY
[WARN] [1764495463.874113140] [rosbag2_recorder]: A new publisher for subscribed topic /tf was found offering RMW_QOS_POLICY_DURABILITY_VOLATILE, but rosbag2 already subscribed requesting RMW_QOS_POLICY_DURABILITY_TRANSIENT_LOCAL. Messages from this new publisher will not be recorded.
[WARN] [1764495463.874148184] [rosbag2_recorder]: A new publisher for subscribed topic /tf was found offering RMW_QOS_POLICY_DURABILITY_VOLATILE, but rosbag2 already subscribed requesting RMW_QOS_POLICY_DURABILITY_TRANSIENT_LOCAL. Messages from this new publisher will not be recorded.
[INFO] [1764495463.875090952] [rosbag2_recorder]: Subscribed to topic '/plan_barn'
[INFO] [1764495463.875757982] [rosbag2_recorder]: Subscribed to topic '/plan_barn_odom'
[INFO] [1764495463.876642356] [rosbag2_recorder]: Subscribed to topic '/scan'
[INFO] [1764495463.877429144] [rosbag2_recorder]: Subscribed to topic '/tf_static'
[INFO] [1764495463.877446217] [rosbag2_recorder]: All requested topics are subscribed. Stopping discovery...
[WARN] [1764495464.856813537] [rosbag2_recorder]: New publisher discovered on topic '/tf', offering incompatible QoS. No messages will be sent to it. Last incompatible policy: DURABILITY_QOS_POLICY
[INFO] [1764495469.732722920] [rosbag2_cpp]: Writing remaining messages from cache to the bag. It may take a while
[INFO] [1764495469.733403156] [rosbag2_recorder]: Event publisher thread: Exiting
[INFO] [1764495469.733448988] [rosbag2_recorder]: Recording stopped
