stdin is not a terminal device. Keyboard handling disabled.[INFO] [1764224173.381610370] [rosbag2_recorder]: Press SPACE for pausing/resuming
[INFO] [1764224173.382511503] [rosbag2_storage]: Opened database '/home/mobrob/ros_ws/dwa_baseline_2/world193_1126_221613/world193_1126_221613_0.db3' for READ_WRITE.
[INFO] [1764224173.383330158] [rosbag2_recorder]: Listening for topics...
[INFO] [1764224173.383361478] [rosbag2_recorder]: Event publisher thread: Starting
[INFO] [1764224173.383471824] [rosbag2_recorder]: Recording...
[INFO] [1764224173.485611171] [rosbag2_recorder]: Subscribed to topic '/cmd_vel'
[INFO] [1764224173.486771458] [rosbag2_recorder]: Subscribed to topic '/odom'
[INFO] [1764224173.488137406] [rosbag2_recorder]: Subscribed to topic '/tf'
[INFO] [1764224174.401955755] [rosbag2_recorder]: Subscribed to topic '/scan'
[WARN] [1764224174.402812853] [rosbag2_recorder]: New publisher discovered on topic '/tf', offering incompatible QoS. No messages will be sent to it. Last incompatible policy: DURABILITY_QOS_POLICY
[INFO] [1764224174.404950004] [rosbag2_recorder]: Subscribed to topic '/tf_static'
[WARN] [1764224174.507067660] [rosbag2_recorder]: A new publisher for subscribed topic /tf was found offering RMW_QOS_POLICY_DURABILITY_VOLATILE, but rosbag2 already subscribed requesting RMW_QOS_POLICY_DURABILITY_TRANSIENT_LOCAL. Messages from this new publisher will not be recorded.
[INFO] [1764224174.508095424] [rosbag2_recorder]: Subscribed to topic '/plan_barn'
[INFO] [1764224174.508954130] [rosbag2_recorder]: Subscribed to topic '/plan_barn_odom'
[INFO] [1764224174.508972576] [rosbag2_recorder]: All requested topics are subscribed. Stopping discovery...
[WARN] [1764224175.377504078] [rosbag2_recorder]: New publisher discovered on topic '/tf', offering incompatible QoS. No messages will be sent to it. Last incompatible policy: DURABILITY_QOS_POLICY
[WARN] [1764224175.378972565] [rosbag2_recorder]: New publisher discovered on topic '/tf', offering incompatible QoS. No messages will be sent to it. Last incompatible policy: DURABILITY_QOS_POLICY
[INFO] [1764224180.260257578] [rosbag2_cpp]: Writing remaining messages from cache to the bag. It may take a while
[INFO] [1764224180.260785508] [rosbag2_recorder]: Event publisher thread: Exiting
[INFO] [1764224180.260826575] [rosbag2_recorder]: Recording stopped
