stdin is not a terminal device. Keyboard handling disabled.[INFO] [1764496815.116743906] [rosbag2_recorder]: Press SPACE for pausing/resuming
[INFO] [1764496815.117480630] [rosbag2_storage]: Opened database '/home/mobrob/ros_ws/dwa_baseline_2/world294_1130_020014/world294_1130_020014_0.db3' for READ_WRITE.
[INFO] [1764496815.118048240] [rosbag2_recorder]: Listening for topics...
[INFO] [1764496815.118060445] [rosbag2_recorder]: Event publisher thread: Starting
[INFO] [1764496815.118114741] [rosbag2_recorder]: Recording...
[INFO] [1764496815.220494694] [rosbag2_recorder]: Subscribed to topic '/cmd_vel'
[INFO] [1764496815.221748382] [rosbag2_recorder]: Subscribed to topic '/odom'
[INFO] [1764496815.223391926] [rosbag2_recorder]: Subscribed to topic '/tf'
[INFO] [1764496815.224192440] [rosbag2_recorder]: Subscribed to topic '/tf_static'
[WARN] [1764496816.119940393] [rosbag2_recorder]: New publisher discovered on topic '/tf', offering incompatible QoS. No messages will be sent to it. Last incompatible policy: DURABILITY_QOS_POLICY
[WARN] [1764496816.122432132] [rosbag2_recorder]: New publisher discovered on topic '/tf', offering incompatible QoS. No messages will be sent to it. Last incompatible policy: DURABILITY_QOS_POLICY
[WARN] [1764496816.124403784] [rosbag2_recorder]: New publisher discovered on topic '/tf', offering incompatible QoS. No messages will be sent to it. Last incompatible policy: DURABILITY_QOS_POLICY
[WARN] [1764496816.138432840] [rosbag2_recorder]: A new publisher for subscribed topic /tf was found offering RMW_QOS_POLICY_DURABILITY_VOLATILE, but rosbag2 already subscribed requesting RMW_QOS_POLICY_DURABILITY_TRANSIENT_LOCAL. Messages from this new publisher will not be recorded.
[WARN] [1764496816.138464366] [rosbag2_recorder]: A new publisher for subscribed topic /tf was found offering RMW_QOS_POLICY_DURABILITY_VOLATILE, but rosbag2 already subscribed requesting RMW_QOS_POLICY_DURABILITY_TRANSIENT_LOCAL. Messages from this new publisher will not be recorded.
[WARN] [1764496816.138467243] [rosbag2_recorder]: A new publisher for subscribed topic /tf was found offering RMW_QOS_POLICY_DURABILITY_VOLATILE, but rosbag2 already subscribed requesting RMW_QOS_POLICY_DURABILITY_TRANSIENT_LOCAL. Messages from this new publisher will not be recorded.
[INFO] [1764496816.139391550] [rosbag2_recorder]: Subscribed to topic '/plan_barn'
[INFO] [1764496816.140095606] [rosbag2_recorder]: Subscribed to topic '/plan_barn_odom'
[INFO] [1764496816.141038544] [rosbag2_recorder]: Subscribed to topic '/scan'
[INFO] [1764496816.141053238] [rosbag2_recorder]: All requested topics are subscribed. Stopping discovery...
[INFO] [1764496821.998997090] [rosbag2_cpp]: Writing remaining messages from cache to the bag. It may take a while
[INFO] [1764496821.999499461] [rosbag2_recorder]: Event publisher thread: Exiting
[INFO] [1764496821.999548194] [rosbag2_recorder]: Recording stopped
