stdin is not a terminal device. Keyboard handling disabled.[INFO] [1764614937.216466382] [rosbag2_recorder]: Press SPACE for pausing/resuming
[INFO] [1764614937.217905160] [rosbag2_storage]: Opened database '/home/mobrob/ros_ws/dwa_baseline_2/world250_1201_104857/world250_1201_104857_0.db3' for READ_WRITE.
[INFO] [1764614937.218741245] [rosbag2_recorder]: Listening for topics...
[INFO] [1764614937.218753884] [rosbag2_recorder]: Event publisher thread: Starting
[INFO] [1764614937.218864068] [rosbag2_recorder]: Recording...
[INFO] [1764614937.321789470] [rosbag2_recorder]: Subscribed to topic '/cmd_vel'
[INFO] [1764614937.323178721] [rosbag2_recorder]: Subscribed to topic '/odom'
[INFO] [1764614937.324475768] [rosbag2_recorder]: Subscribed to topic '/tf'
[WARN] [1764614938.214816035] [rosbag2_recorder]: New publisher discovered on topic '/tf', offering incompatible QoS. No messages will be sent to it. Last incompatible policy: DURABILITY_QOS_POLICY
[WARN] [1764614938.234623716] [rosbag2_recorder]: New publisher discovered on topic '/tf', offering incompatible QoS. No messages will be sent to it. Last incompatible policy: DURABILITY_QOS_POLICY
[WARN] [1764614938.234960247] [rosbag2_recorder]: A new publisher for subscribed topic /tf was found offering RMW_QOS_POLICY_DURABILITY_VOLATILE, but rosbag2 already subscribed requesting RMW_QOS_POLICY_DURABILITY_TRANSIENT_LOCAL. Messages from this new publisher will not be recorded.
[WARN] [1764614938.234985645] [rosbag2_recorder]: A new publisher for subscribed topic /tf was found offering RMW_QOS_POLICY_DURABILITY_VOLATILE, but rosbag2 already subscribed requesting RMW_QOS_POLICY_DURABILITY_TRANSIENT_LOCAL. Messages from this new publisher will not be recorded.
[INFO] [1764614938.236929747] [rosbag2_recorder]: Subscribed to topic '/tf_static'
[WARN] [1764614938.238634020] [rosbag2_recorder]: New publisher discovered on topic '/tf', offering incompatible QoS. No messages will be sent to it. Last incompatible policy: DURABILITY_QOS_POLICY
[INFO] [1764614938.341246315] [rosbag2_recorder]: Subscribed to topic '/plan_barn'
[INFO] [1764614938.342387511] [rosbag2_recorder]: Subscribed to topic '/plan_barn_odom'
[INFO] [1764614939.277097441] [rosbag2_recorder]: Subscribed to topic '/scan'
[INFO] [1764614939.277133684] [rosbag2_recorder]: All requested topics are subscribed. Stopping discovery...
[INFO] [1764614940.096406104] [rosbag2_cpp]: Writing remaining messages from cache to the bag. It may take a while
[INFO] [1764614940.097013937] [rosbag2_recorder]: Event publisher thread: Exiting
[INFO] [1764614940.097046523] [rosbag2_recorder]: Recording stopped
