stdin is not a terminal device. Keyboard handling disabled.[INFO] [1764147860.381001826] [rosbag2_recorder]: Press SPACE for pausing/resuming
[INFO] [1764147860.382268374] [rosbag2_storage]: Opened database '/home/mobrob/ros_ws/dwa_baseline_2/world42_1126_010420/world42_1126_010420_0.db3' for READ_WRITE.
[INFO] [1764147860.383830900] [rosbag2_recorder]: Listening for topics...
[INFO] [1764147860.383966010] [rosbag2_recorder]: Recording...
[INFO] [1764147860.386330536] [rosbag2_recorder]: Event publisher thread: Starting
[INFO] [1764147860.487476436] [rosbag2_recorder]: Subscribed to topic '/cmd_vel'
[INFO] [1764147860.489164397] [rosbag2_recorder]: Subscribed to topic '/odom'
[INFO] [1764147860.490653964] [rosbag2_recorder]: Subscribed to topic '/tf'
[WARN] [1764147861.391535193] [rosbag2_recorder]: New publisher discovered on topic '/tf', offering incompatible QoS. No messages will be sent to it. Last incompatible policy: DURABILITY_QOS_POLICY
[WARN] [1764147861.398971798] [rosbag2_recorder]: New publisher discovered on topic '/tf', offering incompatible QoS. No messages will be sent to it. Last incompatible policy: DURABILITY_QOS_POLICY
[WARN] [1764147861.404799017] [rosbag2_recorder]: A new publisher for subscribed topic /tf was found offering RMW_QOS_POLICY_DURABILITY_VOLATILE, but rosbag2 already subscribed requesting RMW_QOS_POLICY_DURABILITY_TRANSIENT_LOCAL. Messages from this new publisher will not be recorded.
[WARN] [1764147861.404848412] [rosbag2_recorder]: A new publisher for subscribed topic /tf was found offering RMW_QOS_POLICY_DURABILITY_VOLATILE, but rosbag2 already subscribed requesting RMW_QOS_POLICY_DURABILITY_TRANSIENT_LOCAL. Messages from this new publisher will not be recorded.
[INFO] [1764147861.406209021] [rosbag2_recorder]: Subscribed to topic '/plan_barn'
[INFO] [1764147861.407314701] [rosbag2_recorder]: Subscribed to topic '/plan_barn_odom'
[INFO] [1764147861.408782312] [rosbag2_recorder]: Subscribed to topic '/scan'
[INFO] [1764147861.409775012] [rosbag2_recorder]: Subscribed to topic '/tf_static'
[INFO] [1764147861.409795036] [rosbag2_recorder]: All requested topics are subscribed. Stopping discovery...
[WARN] [1764147862.377321620] [rosbag2_recorder]: New publisher discovered on topic '/tf', offering incompatible QoS. No messages will be sent to it. Last incompatible policy: DURABILITY_QOS_POLICY
[INFO] [1764147904.256747552] [rosbag2_cpp]: Writing remaining messages from cache to the bag. It may take a while
[INFO] [1764147904.257715050] [rosbag2_recorder]: Event publisher thread: Exiting
[INFO] [1764147904.257761338] [rosbag2_recorder]: Recording stopped
