stdin is not a terminal device. Keyboard handling disabled.[INFO] [1764633077.536937414] [rosbag2_recorder]: Press SPACE for pausing/resuming
[INFO] [1764633077.538410433] [rosbag2_storage]: Opened database '/home/mobrob/ros_ws/dwa_baseline_2/world299_1201_155117/world299_1201_155117_0.db3' for READ_WRITE.
[INFO] [1764633077.542539842] [rosbag2_recorder]: Listening for topics...
[INFO] [1764633077.542567968] [rosbag2_recorder]: Event publisher thread: Starting
[INFO] [1764633077.542707474] [rosbag2_recorder]: Recording...
[INFO] [1764633077.647641218] [rosbag2_recorder]: Subscribed to topic '/odom'
[INFO] [1764633077.648765154] [rosbag2_recorder]: Subscribed to topic '/plan_barn'
[INFO] [1764633077.649627745] [rosbag2_recorder]: Subscribed to topic '/plan_barn_odom'
[INFO] [1764633077.651211180] [rosbag2_recorder]: Subscribed to topic '/tf'
[INFO] [1764633077.651960914] [rosbag2_recorder]: Subscribed to topic '/tf_static'
[WARN] [1764633078.534832665] [rosbag2_recorder]: New publisher discovered on topic '/tf', offering incompatible QoS. No messages will be sent to it. Last incompatible policy: DURABILITY_QOS_POLICY
[WARN] [1764633078.536542756] [rosbag2_recorder]: New publisher discovered on topic '/tf', offering incompatible QoS. No messages will be sent to it. Last incompatible policy: DURABILITY_QOS_POLICY
[WARN] [1764633078.541314473] [rosbag2_recorder]: New publisher discovered on topic '/tf', offering incompatible QoS. No messages will be sent to it. Last incompatible policy: DURABILITY_QOS_POLICY
[WARN] [1764633078.568951298] [rosbag2_recorder]: A new publisher for subscribed topic /tf was found offering RMW_QOS_POLICY_DURABILITY_VOLATILE, but rosbag2 already subscribed requesting RMW_QOS_POLICY_DURABILITY_TRANSIENT_LOCAL. Messages from this new publisher will not be recorded.
[WARN] [1764633078.568989323] [rosbag2_recorder]: A new publisher for subscribed topic /tf was found offering RMW_QOS_POLICY_DURABILITY_VOLATILE, but rosbag2 already subscribed requesting RMW_QOS_POLICY_DURABILITY_TRANSIENT_LOCAL. Messages from this new publisher will not be recorded.
[WARN] [1764633078.568992647] [rosbag2_recorder]: A new publisher for subscribed topic /tf was found offering RMW_QOS_POLICY_DURABILITY_VOLATILE, but rosbag2 already subscribed requesting RMW_QOS_POLICY_DURABILITY_TRANSIENT_LOCAL. Messages from this new publisher will not be recorded.
[INFO] [1764633078.570600003] [rosbag2_recorder]: Subscribed to topic '/cmd_vel'
[INFO] [1764633078.572168131] [rosbag2_recorder]: Subscribed to topic '/scan'
[INFO] [1764633078.572196976] [rosbag2_recorder]: All requested topics are subscribed. Stopping discovery...
[INFO] [1764633084.417713464] [rosbag2_cpp]: Writing remaining messages from cache to the bag. It may take a while
[INFO] [1764633084.418402249] [rosbag2_recorder]: Event publisher thread: Exiting
[INFO] [1764633084.418444813] [rosbag2_recorder]: Recording stopped
