stdin is not a terminal device. Keyboard handling disabled.[INFO] [1764567964.544920661] [rosbag2_recorder]: Press SPACE for pausing/resuming
[INFO] [1764567964.545707562] [rosbag2_storage]: Opened database '/home/mobrob/ros_ws/dwa_baseline_2/world105_1130_214604/world105_1130_214604_0.db3' for READ_WRITE.
[INFO] [1764567964.546155298] [rosbag2_recorder]: Listening for topics...
[INFO] [1764567964.546170144] [rosbag2_recorder]: Event publisher thread: Starting
[INFO] [1764567964.546233333] [rosbag2_recorder]: Recording...
[INFO] [1764567964.649122148] [rosbag2_recorder]: Subscribed to topic '/cmd_vel'
[INFO] [1764567964.650081782] [rosbag2_recorder]: Subscribed to topic '/odom'
[INFO] [1764567964.650944264] [rosbag2_recorder]: Subscribed to topic '/scan'
[INFO] [1764567964.651781683] [rosbag2_recorder]: Subscribed to topic '/tf'
[INFO] [1764567964.652605030] [rosbag2_recorder]: Subscribed to topic '/tf_static'
[WARN] [1764567965.560055599] [rosbag2_recorder]: New publisher discovered on topic '/tf', offering incompatible QoS. No messages will be sent to it. Last incompatible policy: DURABILITY_QOS_POLICY
[WARN] [1764567965.570018752] [rosbag2_recorder]: A new publisher for subscribed topic /tf was found offering RMW_QOS_POLICY_DURABILITY_VOLATILE, but rosbag2 already subscribed requesting RMW_QOS_POLICY_DURABILITY_TRANSIENT_LOCAL. Messages from this new publisher will not be recorded.
[INFO] [1764567965.571109987] [rosbag2_recorder]: Subscribed to topic '/plan_barn'
[INFO] [1764567965.571981542] [rosbag2_recorder]: Subscribed to topic '/plan_barn_odom'
[INFO] [1764567965.572002210] [rosbag2_recorder]: All requested topics are subscribed. Stopping discovery...
[WARN] [1764567966.543525374] [rosbag2_recorder]: New publisher discovered on topic '/tf', offering incompatible QoS. No messages will be sent to it. Last incompatible policy: DURABILITY_QOS_POLICY
[WARN] [1764567966.543598500] [rosbag2_recorder]: New publisher discovered on topic '/tf', offering incompatible QoS. No messages will be sent to it. Last incompatible policy: DURABILITY_QOS_POLICY
[INFO] [1764568021.423905765] [rosbag2_cpp]: Writing remaining messages from cache to the bag. It may take a while
[INFO] [1764568021.424639307] [rosbag2_recorder]: Event publisher thread: Exiting
[INFO] [1764568021.424687375] [rosbag2_recorder]: Recording stopped
