stdin is not a terminal device. Keyboard handling disabled.[INFO] [1764549848.796787983] [rosbag2_recorder]: Press SPACE for pausing/resuming
[INFO] [1764549848.797533826] [rosbag2_storage]: Opened database '/home/mobrob/ros_ws/dwa_baseline_2/world51_1130_164408/world51_1130_164408_0.db3' for READ_WRITE.
[INFO] [1764549848.798127454] [rosbag2_recorder]: Listening for topics...
[INFO] [1764549848.798139704] [rosbag2_recorder]: Event publisher thread: Starting
[INFO] [1764549848.798200453] [rosbag2_recorder]: Recording...
[INFO] [1764549848.901824740] [rosbag2_recorder]: Subscribed to topic '/cmd_vel'
[INFO] [1764549848.902866259] [rosbag2_recorder]: Subscribed to topic '/odom'
[INFO] [1764549848.904088617] [rosbag2_recorder]: Subscribed to topic '/tf'
[WARN] [1764549849.797955259] [rosbag2_recorder]: New publisher discovered on topic '/tf', offering incompatible QoS. No messages will be sent to it. Last incompatible policy: DURABILITY_QOS_POLICY
[WARN] [1764549849.802552589] [rosbag2_recorder]: New publisher discovered on topic '/tf', offering incompatible QoS. No messages will be sent to it. Last incompatible policy: DURABILITY_QOS_POLICY
[WARN] [1764549849.810821803] [rosbag2_recorder]: New publisher discovered on topic '/tf', offering incompatible QoS. No messages will be sent to it. Last incompatible policy: DURABILITY_QOS_POLICY
[WARN] [1764549849.820054385] [rosbag2_recorder]: A new publisher for subscribed topic /tf was found offering RMW_QOS_POLICY_DURABILITY_VOLATILE, but rosbag2 already subscribed requesting RMW_QOS_POLICY_DURABILITY_TRANSIENT_LOCAL. Messages from this new publisher will not be recorded.
[WARN] [1764549849.820091544] [rosbag2_recorder]: A new publisher for subscribed topic /tf was found offering RMW_QOS_POLICY_DURABILITY_VOLATILE, but rosbag2 already subscribed requesting RMW_QOS_POLICY_DURABILITY_TRANSIENT_LOCAL. Messages from this new publisher will not be recorded.
[WARN] [1764549849.820095810] [rosbag2_recorder]: A new publisher for subscribed topic /tf was found offering RMW_QOS_POLICY_DURABILITY_VOLATILE, but rosbag2 already subscribed requesting RMW_QOS_POLICY_DURABILITY_TRANSIENT_LOCAL. Messages from this new publisher will not be recorded.
[INFO] [1764549849.821123335] [rosbag2_recorder]: Subscribed to topic '/plan_barn'
[INFO] [1764549849.821810747] [rosbag2_recorder]: Subscribed to topic '/plan_barn_odom'
[INFO] [1764549849.822492352] [rosbag2_recorder]: Subscribed to topic '/tf_static'
[INFO] [1764549850.858753178] [rosbag2_recorder]: Subscribed to topic '/scan'
[INFO] [1764549850.858797687] [rosbag2_recorder]: All requested topics are subscribed. Stopping discovery...
[INFO] [1764549889.669333148] [rosbag2_cpp]: Writing remaining messages from cache to the bag. It may take a while
[INFO] [1764549889.669978263] [rosbag2_recorder]: Event publisher thread: Exiting
[INFO] [1764549889.670010584] [rosbag2_recorder]: Recording stopped
