stdin is not a terminal device. Keyboard handling disabled.[INFO] [1764413305.934195145] [rosbag2_recorder]: Press SPACE for pausing/resuming
[INFO] [1764413305.934982143] [rosbag2_storage]: Opened database '/home/mobrob/ros_ws/dwa_baseline_2/world64_1129_024825/world64_1129_024825_0.db3' for READ_WRITE.
[INFO] [1764413305.935489013] [rosbag2_recorder]: Listening for topics...
[INFO] [1764413305.935502348] [rosbag2_recorder]: Event publisher thread: Starting
[INFO] [1764413305.935566922] [rosbag2_recorder]: Recording...
[INFO] [1764413306.040371694] [rosbag2_recorder]: Subscribed to topic '/odom'
[INFO] [1764413306.041338953] [rosbag2_recorder]: Subscribed to topic '/plan_barn'
[INFO] [1764413306.042105699] [rosbag2_recorder]: Subscribed to topic '/plan_barn_odom'
[INFO] [1764413306.042922795] [rosbag2_recorder]: Subscribed to topic '/scan'
[INFO] [1764413306.043798763] [rosbag2_recorder]: Subscribed to topic '/tf'
[INFO] [1764413306.044364987] [rosbag2_recorder]: Subscribed to topic '/tf_static'
[WARN] [1764413306.939036836] [rosbag2_recorder]: New publisher discovered on topic '/tf', offering incompatible QoS. No messages will be sent to it. Last incompatible policy: DURABILITY_QOS_POLICY
[WARN] [1764413306.941390855] [rosbag2_recorder]: New publisher discovered on topic '/tf', offering incompatible QoS. No messages will be sent to it. Last incompatible policy: DURABILITY_QOS_POLICY
[WARN] [1764413306.944408747] [rosbag2_recorder]: New publisher discovered on topic '/tf', offering incompatible QoS. No messages will be sent to it. Last incompatible policy: DURABILITY_QOS_POLICY
[WARN] [1764413306.967794239] [rosbag2_recorder]: A new publisher for subscribed topic /tf was found offering RMW_QOS_POLICY_DURABILITY_VOLATILE, but rosbag2 already subscribed requesting RMW_QOS_POLICY_DURABILITY_TRANSIENT_LOCAL. Messages from this new publisher will not be recorded.
[WARN] [1764413306.967832050] [rosbag2_recorder]: A new publisher for subscribed topic /tf was found offering RMW_QOS_POLICY_DURABILITY_VOLATILE, but rosbag2 already subscribed requesting RMW_QOS_POLICY_DURABILITY_TRANSIENT_LOCAL. Messages from this new publisher will not be recorded.
[WARN] [1764413306.967834976] [rosbag2_recorder]: A new publisher for subscribed topic /tf was found offering RMW_QOS_POLICY_DURABILITY_VOLATILE, but rosbag2 already subscribed requesting RMW_QOS_POLICY_DURABILITY_TRANSIENT_LOCAL. Messages from this new publisher will not be recorded.
[INFO] [1764413306.969247049] [rosbag2_recorder]: Subscribed to topic '/cmd_vel'
[INFO] [1764413306.969277583] [rosbag2_recorder]: All requested topics are subscribed. Stopping discovery...
[INFO] [1764413364.818533545] [rosbag2_cpp]: Writing remaining messages from cache to the bag. It may take a while
[INFO] [1764413364.819147058] [rosbag2_recorder]: Event publisher thread: Exiting
[INFO] [1764413364.819197340] [rosbag2_recorder]: Recording stopped
