stdin is not a terminal device. Keyboard handling disabled.[INFO] [1764546749.185337030] [rosbag2_recorder]: Press SPACE for pausing/resuming
[INFO] [1764546749.186354842] [rosbag2_storage]: Opened database '/home/mobrob/ros_ws/dwa_baseline_2/world42_1130_155229/world42_1130_155229_0.db3' for READ_WRITE.
[INFO] [1764546749.187282150] [rosbag2_recorder]: Listening for topics...
[INFO] [1764546749.187293586] [rosbag2_recorder]: Event publisher thread: Starting
[INFO] [1764546749.187413802] [rosbag2_recorder]: Recording...
[INFO] [1764546749.290686288] [rosbag2_recorder]: Subscribed to topic '/odom'
[INFO] [1764546749.291635935] [rosbag2_recorder]: Subscribed to topic '/tf'
[WARN] [1764546750.202849505] [rosbag2_recorder]: New publisher discovered on topic '/tf', offering incompatible QoS. No messages will be sent to it. Last incompatible policy: DURABILITY_QOS_POLICY
[WARN] [1764546750.207440886] [rosbag2_recorder]: A new publisher for subscribed topic /tf was found offering RMW_QOS_POLICY_DURABILITY_VOLATILE, but rosbag2 already subscribed requesting RMW_QOS_POLICY_DURABILITY_TRANSIENT_LOCAL. Messages from this new publisher will not be recorded.
[INFO] [1764546750.208454158] [rosbag2_recorder]: Subscribed to topic '/tf_static'
[WARN] [1764546751.182002861] [rosbag2_recorder]: New publisher discovered on topic '/tf', offering incompatible QoS. No messages will be sent to it. Last incompatible policy: DURABILITY_QOS_POLICY
[WARN] [1764546751.183099051] [rosbag2_recorder]: New publisher discovered on topic '/tf', offering incompatible QoS. No messages will be sent to it. Last incompatible policy: DURABILITY_QOS_POLICY
[INFO] [1764546751.231360004] [rosbag2_recorder]: Subscribed to topic '/cmd_vel'
[INFO] [1764546751.232219387] [rosbag2_recorder]: Subscribed to topic '/plan_barn'
[INFO] [1764546751.232886612] [rosbag2_recorder]: Subscribed to topic '/plan_barn_odom'
[INFO] [1764546751.233871167] [rosbag2_recorder]: Subscribed to topic '/scan'
[INFO] [1764546751.233889972] [rosbag2_recorder]: All requested topics are subscribed. Stopping discovery...
[INFO] [1764546756.040677710] [rosbag2_cpp]: Writing remaining messages from cache to the bag. It may take a while
[INFO] [1764546756.041392228] [rosbag2_recorder]: Event publisher thread: Exiting
[INFO] [1764546756.041430154] [rosbag2_recorder]: Recording stopped
