stdin is not a terminal device. Keyboard handling disabled.[INFO] [1764622496.578448911] [rosbag2_recorder]: Press SPACE for pausing/resuming
[INFO] [1764622496.579769843] [rosbag2_storage]: Opened database '/home/mobrob/ros_ws/dwa_baseline_2/world271_1201_125456/world271_1201_125456_0.db3' for READ_WRITE.
[INFO] [1764622496.581065093] [rosbag2_recorder]: Listening for topics...
[INFO] [1764622496.581190501] [rosbag2_recorder]: Recording...
[INFO] [1764622496.582082353] [rosbag2_recorder]: Event publisher thread: Starting
[INFO] [1764622496.683854017] [rosbag2_recorder]: Subscribed to topic '/odom'
[INFO] [1764622496.685382856] [rosbag2_recorder]: Subscribed to topic '/tf'
[INFO] [1764622496.686111271] [rosbag2_recorder]: Subscribed to topic '/tf_static'
[WARN] [1764622497.577452996] [rosbag2_recorder]: New publisher discovered on topic '/tf', offering incompatible QoS. No messages will be sent to it. Last incompatible policy: DURABILITY_QOS_POLICY
[WARN] [1764622497.592135553] [rosbag2_recorder]: New publisher discovered on topic '/tf', offering incompatible QoS. No messages will be sent to it. Last incompatible policy: DURABILITY_QOS_POLICY
[WARN] [1764622497.600797434] [rosbag2_recorder]: A new publisher for subscribed topic /tf was found offering RMW_QOS_POLICY_DURABILITY_VOLATILE, but rosbag2 already subscribed requesting RMW_QOS_POLICY_DURABILITY_TRANSIENT_LOCAL. Messages from this new publisher will not be recorded.
[WARN] [1764622497.600840807] [rosbag2_recorder]: A new publisher for subscribed topic /tf was found offering RMW_QOS_POLICY_DURABILITY_VOLATILE, but rosbag2 already subscribed requesting RMW_QOS_POLICY_DURABILITY_TRANSIENT_LOCAL. Messages from this new publisher will not be recorded.
[INFO] [1764622497.602461996] [rosbag2_recorder]: Subscribed to topic '/cmd_vel'
[INFO] [1764622497.603974110] [rosbag2_recorder]: Subscribed to topic '/scan'
[INFO] [1764622498.638492372] [rosbag2_recorder]: Subscribed to topic '/plan_barn'
[INFO] [1764622498.639674392] [rosbag2_recorder]: Subscribed to topic '/plan_barn_odom'
[INFO] [1764622498.639696388] [rosbag2_recorder]: All requested topics are subscribed. Stopping discovery...
[WARN] [1764622499.574020048] [rosbag2_recorder]: New publisher discovered on topic '/tf', offering incompatible QoS. No messages will be sent to it. Last incompatible policy: DURABILITY_QOS_POLICY
[INFO] [1764622566.472932918] [rosbag2_cpp]: Writing remaining messages from cache to the bag. It may take a while
[INFO] [1764622566.473801622] [rosbag2_recorder]: Event publisher thread: Exiting
[INFO] [1764622566.473840587] [rosbag2_recorder]: Recording stopped
