stdin is not a terminal device. Keyboard handling disabled.[INFO] [1764615224.456782850] [rosbag2_recorder]: Press SPACE for pausing/resuming
[INFO] [1764615224.458019793] [rosbag2_storage]: Opened database '/home/mobrob/ros_ws/dwa_baseline_2/world252_1201_105344/world252_1201_105344_0.db3' for READ_WRITE.
[INFO] [1764615224.458977502] [rosbag2_recorder]: Listening for topics...
[INFO] [1764615224.458999436] [rosbag2_recorder]: Event publisher thread: Starting
[INFO] [1764615224.459083804] [rosbag2_recorder]: Recording...
[INFO] [1764615224.561504102] [rosbag2_recorder]: Subscribed to topic '/odom'
[INFO] [1764615224.562249275] [rosbag2_recorder]: Subscribed to topic '/plan_barn_odom'
[INFO] [1764615224.563103161] [rosbag2_recorder]: Subscribed to topic '/scan'
[INFO] [1764615224.564093713] [rosbag2_recorder]: Subscribed to topic '/tf'
[INFO] [1764615225.476069826] [rosbag2_recorder]: Subscribed to topic '/cmd_vel'
[INFO] [1764615225.476944184] [rosbag2_recorder]: Subscribed to topic '/tf_static'
[WARN] [1764615225.477025707] [rosbag2_recorder]: New publisher discovered on topic '/tf', offering incompatible QoS. No messages will be sent to it. Last incompatible policy: DURABILITY_QOS_POLICY
[WARN] [1764615225.579165222] [rosbag2_recorder]: A new publisher for subscribed topic /tf was found offering RMW_QOS_POLICY_DURABILITY_VOLATILE, but rosbag2 already subscribed requesting RMW_QOS_POLICY_DURABILITY_TRANSIENT_LOCAL. Messages from this new publisher will not be recorded.
[WARN] [1764615226.453844797] [rosbag2_recorder]: New publisher discovered on topic '/tf', offering incompatible QoS. No messages will be sent to it. Last incompatible policy: DURABILITY_QOS_POLICY
[WARN] [1764615226.456346240] [rosbag2_recorder]: New publisher discovered on topic '/tf', offering incompatible QoS. No messages will be sent to it. Last incompatible policy: DURABILITY_QOS_POLICY
[INFO] [1764615226.503936620] [rosbag2_recorder]: Subscribed to topic '/plan_barn'
[INFO] [1764615226.503978485] [rosbag2_recorder]: All requested topics are subscribed. Stopping discovery...
[INFO] [1764615265.326808846] [rosbag2_cpp]: Writing remaining messages from cache to the bag. It may take a while
[INFO] [1764615265.327415942] [rosbag2_recorder]: Event publisher thread: Exiting
[INFO] [1764615265.327447195] [rosbag2_recorder]: Recording stopped
