stdin is not a terminal device. Keyboard handling disabled.[INFO] [1764542434.465947230] [rosbag2_recorder]: Press SPACE for pausing/resuming
[INFO] [1764542434.467107364] [rosbag2_storage]: Opened database '/home/mobrob/ros_ws/dwa_baseline_2/world29_1130_144034/world29_1130_144034_0.db3' for READ_WRITE.
[INFO] [1764542434.467786224] [rosbag2_recorder]: Listening for topics...
[INFO] [1764542434.467798064] [rosbag2_recorder]: Event publisher thread: Starting
[INFO] [1764542434.467912685] [rosbag2_recorder]: Recording...
[INFO] [1764542434.570943034] [rosbag2_recorder]: Subscribed to topic '/cmd_vel'
[INFO] [1764542434.572524450] [rosbag2_recorder]: Subscribed to topic '/odom'
[INFO] [1764542434.573950779] [rosbag2_recorder]: Subscribed to topic '/tf'
[INFO] [1764542434.574802654] [rosbag2_recorder]: Subscribed to topic '/tf_static'
[WARN] [1764542435.469792541] [rosbag2_recorder]: New publisher discovered on topic '/tf', offering incompatible QoS. No messages will be sent to it. Last incompatible policy: DURABILITY_QOS_POLICY
[WARN] [1764542435.472846766] [rosbag2_recorder]: New publisher discovered on topic '/tf', offering incompatible QoS. No messages will be sent to it. Last incompatible policy: DURABILITY_QOS_POLICY
[WARN] [1764542435.475526965] [rosbag2_recorder]: New publisher discovered on topic '/tf', offering incompatible QoS. No messages will be sent to it. Last incompatible policy: DURABILITY_QOS_POLICY
[WARN] [1764542435.494512065] [rosbag2_recorder]: A new publisher for subscribed topic /tf was found offering RMW_QOS_POLICY_DURABILITY_VOLATILE, but rosbag2 already subscribed requesting RMW_QOS_POLICY_DURABILITY_TRANSIENT_LOCAL. Messages from this new publisher will not be recorded.
[WARN] [1764542435.494563083] [rosbag2_recorder]: A new publisher for subscribed topic /tf was found offering RMW_QOS_POLICY_DURABILITY_VOLATILE, but rosbag2 already subscribed requesting RMW_QOS_POLICY_DURABILITY_TRANSIENT_LOCAL. Messages from this new publisher will not be recorded.
[WARN] [1764542435.494574285] [rosbag2_recorder]: A new publisher for subscribed topic /tf was found offering RMW_QOS_POLICY_DURABILITY_VOLATILE, but rosbag2 already subscribed requesting RMW_QOS_POLICY_DURABILITY_TRANSIENT_LOCAL. Messages from this new publisher will not be recorded.
[INFO] [1764542435.496117226] [rosbag2_recorder]: Subscribed to topic '/plan_barn'
[INFO] [1764542435.497267366] [rosbag2_recorder]: Subscribed to topic '/plan_barn_odom'
[INFO] [1764542435.498942885] [rosbag2_recorder]: Subscribed to topic '/scan'
[INFO] [1764542435.498973688] [rosbag2_recorder]: All requested topics are subscribed. Stopping discovery...
[INFO] [1764542483.341152661] [rosbag2_cpp]: Writing remaining messages from cache to the bag. It may take a while
[INFO] [1764542483.342072487] [rosbag2_recorder]: Event publisher thread: Exiting
[INFO] [1764542483.342123284] [rosbag2_recorder]: Recording stopped
