stdin is not a terminal device. Keyboard handling disabled.[INFO] [1764438937.882454707] [rosbag2_recorder]: Press SPACE for pausing/resuming
[INFO] [1764438937.883511361] [rosbag2_storage]: Opened database '/home/mobrob/ros_ws/dwa_baseline_2/world137_1129_095537/world137_1129_095537_0.db3' for READ_WRITE.
[INFO] [1764438937.884420140] [rosbag2_recorder]: Listening for topics...
[INFO] [1764438937.884458683] [rosbag2_recorder]: Event publisher thread: Starting
[INFO] [1764438937.884518756] [rosbag2_recorder]: Recording...
[INFO] [1764438937.988718661] [rosbag2_recorder]: Subscribed to topic '/odom'
[INFO] [1764438937.990279789] [rosbag2_recorder]: Subscribed to topic '/tf'
[INFO] [1764438937.991068903] [rosbag2_recorder]: Subscribed to topic '/tf_static'
[WARN] [1764438938.881619714] [rosbag2_recorder]: New publisher discovered on topic '/tf', offering incompatible QoS. No messages will be sent to it. Last incompatible policy: DURABILITY_QOS_POLICY
[WARN] [1764438938.887779000] [rosbag2_recorder]: New publisher discovered on topic '/tf', offering incompatible QoS. No messages will be sent to it. Last incompatible policy: DURABILITY_QOS_POLICY
[WARN] [1764438938.908173871] [rosbag2_recorder]: A new publisher for subscribed topic /tf was found offering RMW_QOS_POLICY_DURABILITY_VOLATILE, but rosbag2 already subscribed requesting RMW_QOS_POLICY_DURABILITY_TRANSIENT_LOCAL. Messages from this new publisher will not be recorded.
[WARN] [1764438938.908205071] [rosbag2_recorder]: A new publisher for subscribed topic /tf was found offering RMW_QOS_POLICY_DURABILITY_VOLATILE, but rosbag2 already subscribed requesting RMW_QOS_POLICY_DURABILITY_TRANSIENT_LOCAL. Messages from this new publisher will not be recorded.
[INFO] [1764438938.909722314] [rosbag2_recorder]: Subscribed to topic '/cmd_vel'
[INFO] [1764438938.911375158] [rosbag2_recorder]: Subscribed to topic '/scan'
[WARN] [1764438939.878503426] [rosbag2_recorder]: New publisher discovered on topic '/tf', offering incompatible QoS. No messages will be sent to it. Last incompatible policy: DURABILITY_QOS_POLICY
[INFO] [1764438939.949995456] [rosbag2_recorder]: Subscribed to topic '/plan_barn'
[INFO] [1764438939.950751944] [rosbag2_recorder]: Subscribed to topic '/plan_barn_odom'
[INFO] [1764438939.950766469] [rosbag2_recorder]: All requested topics are subscribed. Stopping discovery...
[INFO] [1764438992.746248038] [rosbag2_cpp]: Writing remaining messages from cache to the bag. It may take a while
[INFO] [1764438992.746830880] [rosbag2_recorder]: Event publisher thread: Exiting
[INFO] [1764438992.746859913] [rosbag2_recorder]: Recording stopped
