stdin is not a terminal device. Keyboard handling disabled.[INFO] [1764472628.383668254] [rosbag2_recorder]: Press SPACE for pausing/resuming
[INFO] [1764472628.384617640] [rosbag2_storage]: Opened database '/home/mobrob/ros_ws/dwa_baseline_2/world227_1129_191708/world227_1129_191708_0.db3' for READ_WRITE.
[INFO] [1764472628.387451840] [rosbag2_recorder]: Listening for topics...
[INFO] [1764472628.387574067] [rosbag2_recorder]: Recording...
[INFO] [1764472628.387722862] [rosbag2_recorder]: Event publisher thread: Starting
[INFO] [1764472628.491143700] [rosbag2_recorder]: Subscribed to topic '/cmd_vel'
[INFO] [1764472628.492265393] [rosbag2_recorder]: Subscribed to topic '/odom'
[INFO] [1764472628.493108339] [rosbag2_recorder]: Subscribed to topic '/scan'
[INFO] [1764472628.494045865] [rosbag2_recorder]: Subscribed to topic '/tf'
[WARN] [1764472629.385288696] [rosbag2_recorder]: New publisher discovered on topic '/tf', offering incompatible QoS. No messages will be sent to it. Last incompatible policy: DURABILITY_QOS_POLICY
[WARN] [1764472629.385971118] [rosbag2_recorder]: New publisher discovered on topic '/tf', offering incompatible QoS. No messages will be sent to it. Last incompatible policy: DURABILITY_QOS_POLICY
[WARN] [1764472629.387927815] [rosbag2_recorder]: New publisher discovered on topic '/tf', offering incompatible QoS. No messages will be sent to it. Last incompatible policy: DURABILITY_QOS_POLICY
[WARN] [1764472629.408968575] [rosbag2_recorder]: A new publisher for subscribed topic /tf was found offering RMW_QOS_POLICY_DURABILITY_VOLATILE, but rosbag2 already subscribed requesting RMW_QOS_POLICY_DURABILITY_TRANSIENT_LOCAL. Messages from this new publisher will not be recorded.
[WARN] [1764472629.409002376] [rosbag2_recorder]: A new publisher for subscribed topic /tf was found offering RMW_QOS_POLICY_DURABILITY_VOLATILE, but rosbag2 already subscribed requesting RMW_QOS_POLICY_DURABILITY_TRANSIENT_LOCAL. Messages from this new publisher will not be recorded.
[WARN] [1764472629.409005556] [rosbag2_recorder]: A new publisher for subscribed topic /tf was found offering RMW_QOS_POLICY_DURABILITY_VOLATILE, but rosbag2 already subscribed requesting RMW_QOS_POLICY_DURABILITY_TRANSIENT_LOCAL. Messages from this new publisher will not be recorded.
[INFO] [1764472629.410075211] [rosbag2_recorder]: Subscribed to topic '/plan_barn'
[INFO] [1764472629.411010152] [rosbag2_recorder]: Subscribed to topic '/plan_barn_odom'
[INFO] [1764472629.412173750] [rosbag2_recorder]: Subscribed to topic '/tf_static'
[INFO] [1764472629.412195494] [rosbag2_recorder]: All requested topics are subscribed. Stopping discovery...
[INFO] [1764472754.256096311] [rosbag2_cpp]: Writing remaining messages from cache to the bag. It may take a while
[INFO] [1764472754.256707449] [rosbag2_recorder]: Event publisher thread: Exiting
[INFO] [1764472754.256739848] [rosbag2_recorder]: Recording stopped
