stdin is not a terminal device. Keyboard handling disabled.[INFO] [1764540433.435284633] [rosbag2_recorder]: Press SPACE for pausing/resuming
[INFO] [1764540433.436043117] [rosbag2_storage]: Opened database '/home/mobrob/ros_ws/dwa_baseline_2/world23_1130_140713/world23_1130_140713_0.db3' for READ_WRITE.
[INFO] [1764540433.436585198] [rosbag2_recorder]: Listening for topics...
[INFO] [1764540433.436598359] [rosbag2_recorder]: Event publisher thread: Starting
[INFO] [1764540433.436662500] [rosbag2_recorder]: Recording...
[INFO] [1764540433.539576083] [rosbag2_recorder]: Subscribed to topic '/odom'
[INFO] [1764540433.540211084] [rosbag2_recorder]: Subscribed to topic '/plan_barn'
[INFO] [1764540433.540655838] [rosbag2_recorder]: Subscribed to topic '/plan_barn_odom'
[INFO] [1764540433.541353347] [rosbag2_recorder]: Subscribed to topic '/scan'
[INFO] [1764540433.542139558] [rosbag2_recorder]: Subscribed to topic '/tf'
[WARN] [1764540434.463283546] [rosbag2_recorder]: New publisher discovered on topic '/tf', offering incompatible QoS. No messages will be sent to it. Last incompatible policy: DURABILITY_QOS_POLICY
[WARN] [1764540434.467210774] [rosbag2_recorder]: New publisher discovered on topic '/tf', offering incompatible QoS. No messages will be sent to it. Last incompatible policy: DURABILITY_QOS_POLICY
[WARN] [1764540434.558243624] [rosbag2_recorder]: A new publisher for subscribed topic /tf was found offering RMW_QOS_POLICY_DURABILITY_VOLATILE, but rosbag2 already subscribed requesting RMW_QOS_POLICY_DURABILITY_TRANSIENT_LOCAL. Messages from this new publisher will not be recorded.
[WARN] [1764540434.558286467] [rosbag2_recorder]: A new publisher for subscribed topic /tf was found offering RMW_QOS_POLICY_DURABILITY_VOLATILE, but rosbag2 already subscribed requesting RMW_QOS_POLICY_DURABILITY_TRANSIENT_LOCAL. Messages from this new publisher will not be recorded.
[INFO] [1764540434.559556448] [rosbag2_recorder]: Subscribed to topic '/tf_static'
[WARN] [1764540435.433852076] [rosbag2_recorder]: New publisher discovered on topic '/tf', offering incompatible QoS. No messages will be sent to it. Last incompatible policy: DURABILITY_QOS_POLICY
[INFO] [1764540435.484312023] [rosbag2_recorder]: Subscribed to topic '/cmd_vel'
[INFO] [1764540435.484356872] [rosbag2_recorder]: All requested topics are subscribed. Stopping discovery...
[INFO] [1764540440.312694323] [rosbag2_cpp]: Writing remaining messages from cache to the bag. It may take a while
[INFO] [1764540440.313290103] [rosbag2_recorder]: Event publisher thread: Exiting
[INFO] [1764540440.313337369] [rosbag2_recorder]: Recording stopped
