stdin is not a terminal device. Keyboard handling disabled.[INFO] [1764454372.272016937] [rosbag2_recorder]: Press SPACE for pausing/resuming
[INFO] [1764454372.272806514] [rosbag2_storage]: Opened database '/home/mobrob/ros_ws/dwa_baseline_2/world179_1129_141252/world179_1129_141252_0.db3' for READ_WRITE.
[INFO] [1764454372.273741950] [rosbag2_recorder]: Listening for topics...
[INFO] [1764454372.273757626] [rosbag2_recorder]: Event publisher thread: Starting
[INFO] [1764454372.273871777] [rosbag2_recorder]: Recording...
[INFO] [1764454372.377240770] [rosbag2_recorder]: Subscribed to topic '/cmd_vel'
[INFO] [1764454372.378316970] [rosbag2_recorder]: Subscribed to topic '/odom'
[INFO] [1764454372.379010197] [rosbag2_recorder]: Subscribed to topic '/plan_barn'
[INFO] [1764454372.379572789] [rosbag2_recorder]: Subscribed to topic '/plan_barn_odom'
[INFO] [1764454372.380432109] [rosbag2_recorder]: Subscribed to topic '/scan'
[INFO] [1764454372.381396237] [rosbag2_recorder]: Subscribed to topic '/tf'
[WARN] [1764454373.279701880] [rosbag2_recorder]: New publisher discovered on topic '/tf', offering incompatible QoS. No messages will be sent to it. Last incompatible policy: DURABILITY_QOS_POLICY
[WARN] [1764454373.285689813] [rosbag2_recorder]: New publisher discovered on topic '/tf', offering incompatible QoS. No messages will be sent to it. Last incompatible policy: DURABILITY_QOS_POLICY
[WARN] [1764454373.287764614] [rosbag2_recorder]: New publisher discovered on topic '/tf', offering incompatible QoS. No messages will be sent to it. Last incompatible policy: DURABILITY_QOS_POLICY
[WARN] [1764454373.297340898] [rosbag2_recorder]: A new publisher for subscribed topic /tf was found offering RMW_QOS_POLICY_DURABILITY_VOLATILE, but rosbag2 already subscribed requesting RMW_QOS_POLICY_DURABILITY_TRANSIENT_LOCAL. Messages from this new publisher will not be recorded.
[WARN] [1764454373.297373295] [rosbag2_recorder]: A new publisher for subscribed topic /tf was found offering RMW_QOS_POLICY_DURABILITY_VOLATILE, but rosbag2 already subscribed requesting RMW_QOS_POLICY_DURABILITY_TRANSIENT_LOCAL. Messages from this new publisher will not be recorded.
[WARN] [1764454373.297376400] [rosbag2_recorder]: A new publisher for subscribed topic /tf was found offering RMW_QOS_POLICY_DURABILITY_VOLATILE, but rosbag2 already subscribed requesting RMW_QOS_POLICY_DURABILITY_TRANSIENT_LOCAL. Messages from this new publisher will not be recorded.
[INFO] [1764454373.298407472] [rosbag2_recorder]: Subscribed to topic '/tf_static'
[INFO] [1764454373.298441146] [rosbag2_recorder]: All requested topics are subscribed. Stopping discovery...
[INFO] [1764454400.155916145] [rosbag2_cpp]: Writing remaining messages from cache to the bag. It may take a while
[INFO] [1764454400.156740475] [rosbag2_recorder]: Event publisher thread: Exiting
[INFO] [1764454400.156772773] [rosbag2_recorder]: Recording stopped
