stdin is not a terminal device. Keyboard handling disabled.[INFO] [1764548731.285328638] [rosbag2_recorder]: Press SPACE for pausing/resuming
[INFO] [1764548731.286141324] [rosbag2_storage]: Opened database '/home/mobrob/ros_ws/dwa_baseline_2/world48_1130_162531/world48_1130_162531_0.db3' for READ_WRITE.
[INFO] [1764548731.286779801] [rosbag2_recorder]: Listening for topics...
[INFO] [1764548731.286791339] [rosbag2_recorder]: Event publisher thread: Starting
[INFO] [1764548731.286855645] [rosbag2_recorder]: Recording...
[INFO] [1764548731.390426442] [rosbag2_recorder]: Subscribed to topic '/odom'
[INFO] [1764548731.392290473] [rosbag2_recorder]: Subscribed to topic '/tf'
[WARN] [1764548732.290688890] [rosbag2_recorder]: New publisher discovered on topic '/tf', offering incompatible QoS. No messages will be sent to it. Last incompatible policy: DURABILITY_QOS_POLICY
[WARN] [1764548732.297603165] [rosbag2_recorder]: New publisher discovered on topic '/tf', offering incompatible QoS. No messages will be sent to it. Last incompatible policy: DURABILITY_QOS_POLICY
[WARN] [1764548732.304882480] [rosbag2_recorder]: A new publisher for subscribed topic /tf was found offering RMW_QOS_POLICY_DURABILITY_VOLATILE, but rosbag2 already subscribed requesting RMW_QOS_POLICY_DURABILITY_TRANSIENT_LOCAL. Messages from this new publisher will not be recorded.
[WARN] [1764548732.304921471] [rosbag2_recorder]: A new publisher for subscribed topic /tf was found offering RMW_QOS_POLICY_DURABILITY_VOLATILE, but rosbag2 already subscribed requesting RMW_QOS_POLICY_DURABILITY_TRANSIENT_LOCAL. Messages from this new publisher will not be recorded.
[INFO] [1764548732.305933578] [rosbag2_recorder]: Subscribed to topic '/cmd_vel'
[INFO] [1764548732.306974819] [rosbag2_recorder]: Subscribed to topic '/plan_barn'
[INFO] [1764548732.307764796] [rosbag2_recorder]: Subscribed to topic '/plan_barn_odom'
[INFO] [1764548732.308979511] [rosbag2_recorder]: Subscribed to topic '/scan'
[INFO] [1764548732.310127705] [rosbag2_recorder]: Subscribed to topic '/tf_static'
[INFO] [1764548732.310158865] [rosbag2_recorder]: All requested topics are subscribed. Stopping discovery...
[WARN] [1764548733.281516816] [rosbag2_recorder]: New publisher discovered on topic '/tf', offering incompatible QoS. No messages will be sent to it. Last incompatible policy: DURABILITY_QOS_POLICY
[INFO] [1764548738.155737993] [rosbag2_cpp]: Writing remaining messages from cache to the bag. It may take a while
[INFO] [1764548738.156229721] [rosbag2_recorder]: Event publisher thread: Exiting
[INFO] [1764548738.156283736] [rosbag2_recorder]: Recording stopped
