stdin is not a terminal device. Keyboard handling disabled.[INFO] [1764198342.183441607] [rosbag2_recorder]: Press SPACE for pausing/resuming
[INFO] [1764198342.184510780] [rosbag2_storage]: Opened database '/home/mobrob/ros_ws/dwa_baseline_2/world146_1126_150542/world146_1126_150542_0.db3' for READ_WRITE.
[INFO] [1764198342.188043115] [rosbag2_recorder]: Listening for topics...
[INFO] [1764198342.188067995] [rosbag2_recorder]: Event publisher thread: Starting
[INFO] [1764198342.188196111] [rosbag2_recorder]: Recording...
[INFO] [1764198342.291015276] [rosbag2_recorder]: Subscribed to topic '/cmd_vel'
[INFO] [1764198342.292538792] [rosbag2_recorder]: Subscribed to topic '/odom'
[INFO] [1764198342.293991230] [rosbag2_recorder]: Subscribed to topic '/tf'
[WARN] [1764198343.189472091] [rosbag2_recorder]: New publisher discovered on topic '/tf', offering incompatible QoS. No messages will be sent to it. Last incompatible policy: DURABILITY_QOS_POLICY
[WARN] [1764198343.202557590] [rosbag2_recorder]: New publisher discovered on topic '/tf', offering incompatible QoS. No messages will be sent to it. Last incompatible policy: DURABILITY_QOS_POLICY
[WARN] [1764198343.208685487] [rosbag2_recorder]: A new publisher for subscribed topic /tf was found offering RMW_QOS_POLICY_DURABILITY_VOLATILE, but rosbag2 already subscribed requesting RMW_QOS_POLICY_DURABILITY_TRANSIENT_LOCAL. Messages from this new publisher will not be recorded.
[WARN] [1764198343.208730854] [rosbag2_recorder]: A new publisher for subscribed topic /tf was found offering RMW_QOS_POLICY_DURABILITY_VOLATILE, but rosbag2 already subscribed requesting RMW_QOS_POLICY_DURABILITY_TRANSIENT_LOCAL. Messages from this new publisher will not be recorded.
[WARN] [1764198343.209248181] [rosbag2_recorder]: New publisher discovered on topic '/tf', offering incompatible QoS. No messages will be sent to it. Last incompatible policy: DURABILITY_QOS_POLICY
[INFO] [1764198343.210077156] [rosbag2_recorder]: Subscribed to topic '/plan_barn'
[INFO] [1764198343.210916378] [rosbag2_recorder]: Subscribed to topic '/plan_barn_odom'
[INFO] [1764198343.212437181] [rosbag2_recorder]: Subscribed to topic '/scan'
[INFO] [1764198343.213548194] [rosbag2_recorder]: Subscribed to topic '/tf_static'
[INFO] [1764198343.213570311] [rosbag2_recorder]: All requested topics are subscribed. Stopping discovery...
[INFO] [1764198349.049675505] [rosbag2_cpp]: Writing remaining messages from cache to the bag. It may take a while
[INFO] [1764198349.050409584] [rosbag2_recorder]: Event publisher thread: Exiting
[INFO] [1764198349.050452112] [rosbag2_recorder]: Recording stopped
