stdin is not a terminal device. Keyboard handling disabled.[INFO] [1764555901.787145440] [rosbag2_recorder]: Press SPACE for pausing/resuming
[INFO] [1764555901.788409634] [rosbag2_storage]: Opened database '/home/mobrob/ros_ws/dwa_baseline_2/world69_1130_182501/world69_1130_182501_0.db3' for READ_WRITE.
[INFO] [1764555901.789135884] [rosbag2_recorder]: Listening for topics...
[INFO] [1764555901.789147665] [rosbag2_recorder]: Event publisher thread: Starting
[INFO] [1764555901.789251663] [rosbag2_recorder]: Recording...
[INFO] [1764555901.891949888] [rosbag2_recorder]: Subscribed to topic '/odom'
[INFO] [1764555901.892753373] [rosbag2_recorder]: Subscribed to topic '/scan'
[INFO] [1764555901.893562863] [rosbag2_recorder]: Subscribed to topic '/tf'
[INFO] [1764555901.893998520] [rosbag2_recorder]: Subscribed to topic '/tf_static'
[WARN] [1764555902.797541000] [rosbag2_recorder]: New publisher discovered on topic '/tf', offering incompatible QoS. No messages will be sent to it. Last incompatible policy: DURABILITY_QOS_POLICY
[WARN] [1764555902.806001431] [rosbag2_recorder]: A new publisher for subscribed topic /tf was found offering RMW_QOS_POLICY_DURABILITY_VOLATILE, but rosbag2 already subscribed requesting RMW_QOS_POLICY_DURABILITY_TRANSIENT_LOCAL. Messages from this new publisher will not be recorded.
[INFO] [1764555902.810311306] [rosbag2_recorder]: Subscribed to topic '/plan_barn'
[INFO] [1764555902.811554441] [rosbag2_recorder]: Subscribed to topic '/plan_barn_odom'
[WARN] [1764555902.819770793] [rosbag2_recorder]: New publisher discovered on topic '/tf', offering incompatible QoS. No messages will be sent to it. Last incompatible policy: DURABILITY_QOS_POLICY
[WARN] [1764555903.787810721] [rosbag2_recorder]: New publisher discovered on topic '/tf', offering incompatible QoS. No messages will be sent to it. Last incompatible policy: DURABILITY_QOS_POLICY
[INFO] [1764555903.837336569] [rosbag2_recorder]: Subscribed to topic '/cmd_vel'
[INFO] [1764555903.837382559] [rosbag2_recorder]: All requested topics are subscribed. Stopping discovery...
[INFO] [1764555908.678766600] [rosbag2_cpp]: Writing remaining messages from cache to the bag. It may take a while
[INFO] [1764555908.679461229] [rosbag2_recorder]: Event publisher thread: Exiting
[INFO] [1764555908.679515352] [rosbag2_recorder]: Recording stopped
