stdin is not a terminal device. Keyboard handling disabled.[INFO] [1764234192.228683317] [rosbag2_recorder]: Press SPACE for pausing/resuming
[INFO] [1764234192.229541148] [rosbag2_storage]: Opened database '/home/mobrob/ros_ws/dwa_baseline_2/world212_1127_010312/world212_1127_010312_0.db3' for READ_WRITE.
[INFO] [1764234192.229974924] [rosbag2_recorder]: Listening for topics...
[INFO] [1764234192.229986515] [rosbag2_recorder]: Event publisher thread: Starting
[INFO] [1764234192.230047700] [rosbag2_recorder]: Recording...
[INFO] [1764234192.606523996] [rosbag2_recorder]: Subscribed to topic '/plan_barn'
[INFO] [1764234192.607836515] [rosbag2_recorder]: Subscribed to topic '/plan_barn_odom'
[INFO] [1764234192.609327763] [rosbag2_recorder]: Subscribed to topic '/tf_static'
[INFO] [1764234192.711646991] [rosbag2_recorder]: Subscribed to topic '/odom'
[INFO] [1764234192.712613279] [rosbag2_recorder]: Subscribed to topic '/tf'
[WARN] [1764234193.231847015] [rosbag2_recorder]: New publisher discovered on topic '/tf', offering incompatible QoS. No messages will be sent to it. Last incompatible policy: DURABILITY_QOS_POLICY
[WARN] [1764234193.242952323] [rosbag2_recorder]: New publisher discovered on topic '/tf', offering incompatible QoS. No messages will be sent to it. Last incompatible policy: DURABILITY_QOS_POLICY
[WARN] [1764234193.247906670] [rosbag2_recorder]: New publisher discovered on topic '/tf', offering incompatible QoS. No messages will be sent to it. Last incompatible policy: DURABILITY_QOS_POLICY
[WARN] [1764234193.327995058] [rosbag2_recorder]: A new publisher for subscribed topic /tf was found offering RMW_QOS_POLICY_DURABILITY_VOLATILE, but rosbag2 already subscribed requesting RMW_QOS_POLICY_DURABILITY_TRANSIENT_LOCAL. Messages from this new publisher will not be recorded.
[WARN] [1764234193.328048220] [rosbag2_recorder]: A new publisher for subscribed topic /tf was found offering RMW_QOS_POLICY_DURABILITY_VOLATILE, but rosbag2 already subscribed requesting RMW_QOS_POLICY_DURABILITY_TRANSIENT_LOCAL. Messages from this new publisher will not be recorded.
[WARN] [1764234193.328059092] [rosbag2_recorder]: A new publisher for subscribed topic /tf was found offering RMW_QOS_POLICY_DURABILITY_VOLATILE, but rosbag2 already subscribed requesting RMW_QOS_POLICY_DURABILITY_TRANSIENT_LOCAL. Messages from this new publisher will not be recorded.
[INFO] [1764234193.329839283] [rosbag2_recorder]: Subscribed to topic '/cmd_vel'
[INFO] [1764234194.269511941] [rosbag2_recorder]: Subscribed to topic '/scan'
[INFO] [1764234194.269545593] [rosbag2_recorder]: All requested topics are subscribed. Stopping discovery...
[INFO] [1764234238.093190440] [rosbag2_cpp]: Writing remaining messages from cache to the bag. It may take a while
[INFO] [1764234238.094085584] [rosbag2_recorder]: Event publisher thread: Exiting
[INFO] [1764234238.094124402] [rosbag2_recorder]: Recording stopped
