stdin is not a terminal device. Keyboard handling disabled.[INFO] [1764620821.288020702] [rosbag2_recorder]: Press SPACE for pausing/resuming
[INFO] [1764620821.289022044] [rosbag2_storage]: Opened database '/home/mobrob/ros_ws/dwa_baseline_2/world267_1201_122701/world267_1201_122701_0.db3' for READ_WRITE.
[INFO] [1764620821.289817307] [rosbag2_recorder]: Listening for topics...
[INFO] [1764620821.289828908] [rosbag2_recorder]: Event publisher thread: Starting
[INFO] [1764620821.289891793] [rosbag2_recorder]: Recording...
[INFO] [1764620821.393033216] [rosbag2_recorder]: Subscribed to topic '/cmd_vel'
[INFO] [1764620821.393960492] [rosbag2_recorder]: Subscribed to topic '/odom'
[INFO] [1764620821.394837348] [rosbag2_recorder]: Subscribed to topic '/tf'
[INFO] [1764620821.395643600] [rosbag2_recorder]: Subscribed to topic '/tf_static'
[WARN] [1764620822.291918945] [rosbag2_recorder]: New publisher discovered on topic '/tf', offering incompatible QoS. No messages will be sent to it. Last incompatible policy: DURABILITY_QOS_POLICY
[WARN] [1764620822.296646829] [rosbag2_recorder]: New publisher discovered on topic '/tf', offering incompatible QoS. No messages will be sent to it. Last incompatible policy: DURABILITY_QOS_POLICY
[WARN] [1764620822.314084590] [rosbag2_recorder]: A new publisher for subscribed topic /tf was found offering RMW_QOS_POLICY_DURABILITY_VOLATILE, but rosbag2 already subscribed requesting RMW_QOS_POLICY_DURABILITY_TRANSIENT_LOCAL. Messages from this new publisher will not be recorded.
[WARN] [1764620822.314111893] [rosbag2_recorder]: A new publisher for subscribed topic /tf was found offering RMW_QOS_POLICY_DURABILITY_VOLATILE, but rosbag2 already subscribed requesting RMW_QOS_POLICY_DURABILITY_TRANSIENT_LOCAL. Messages from this new publisher will not be recorded.
[INFO] [1764620822.315048163] [rosbag2_recorder]: Subscribed to topic '/plan_barn'
[INFO] [1764620822.316112362] [rosbag2_recorder]: Subscribed to topic '/plan_barn_odom'
[WARN] [1764620823.286470065] [rosbag2_recorder]: New publisher discovered on topic '/tf', offering incompatible QoS. No messages will be sent to it. Last incompatible policy: DURABILITY_QOS_POLICY
[INFO] [1764620823.355564986] [rosbag2_recorder]: Subscribed to topic '/scan'
[INFO] [1764620823.355593851] [rosbag2_recorder]: All requested topics are subscribed. Stopping discovery...
[INFO] [1764620892.162841474] [rosbag2_cpp]: Writing remaining messages from cache to the bag. It may take a while
[INFO] [1764620892.163424348] [rosbag2_recorder]: Event publisher thread: Exiting
[INFO] [1764620892.163454962] [rosbag2_recorder]: Recording stopped
