stdin is not a terminal device. Keyboard handling disabled.[INFO] [1764474965.773372438] [rosbag2_recorder]: Press SPACE for pausing/resuming
[INFO] [1764474965.774739568] [rosbag2_storage]: Opened database '/home/mobrob/ros_ws/dwa_baseline_2/world234_1129_195605/world234_1129_195605_0.db3' for READ_WRITE.
[INFO] [1764474965.775921789] [rosbag2_recorder]: Listening for topics...
[INFO] [1764474965.776005319] [rosbag2_recorder]: Event publisher thread: Starting
[INFO] [1764474965.776065386] [rosbag2_recorder]: Recording...
[INFO] [1764474965.879010174] [rosbag2_recorder]: Subscribed to topic '/cmd_vel'
[INFO] [1764474965.880206924] [rosbag2_recorder]: Subscribed to topic '/odom'
[INFO] [1764474965.881713615] [rosbag2_recorder]: Subscribed to topic '/tf'
[INFO] [1764474965.882582007] [rosbag2_recorder]: Subscribed to topic '/tf_static'
[WARN] [1764474966.768786766] [rosbag2_recorder]: New publisher discovered on topic '/tf', offering incompatible QoS. No messages will be sent to it. Last incompatible policy: DURABILITY_QOS_POLICY
[WARN] [1764474966.776402577] [rosbag2_recorder]: New publisher discovered on topic '/tf', offering incompatible QoS. No messages will be sent to it. Last incompatible policy: DURABILITY_QOS_POLICY
[WARN] [1764474966.785417544] [rosbag2_recorder]: New publisher discovered on topic '/tf', offering incompatible QoS. No messages will be sent to it. Last incompatible policy: DURABILITY_QOS_POLICY
[WARN] [1764474966.799268049] [rosbag2_recorder]: A new publisher for subscribed topic /tf was found offering RMW_QOS_POLICY_DURABILITY_VOLATILE, but rosbag2 already subscribed requesting RMW_QOS_POLICY_DURABILITY_TRANSIENT_LOCAL. Messages from this new publisher will not be recorded.
[WARN] [1764474966.799299509] [rosbag2_recorder]: A new publisher for subscribed topic /tf was found offering RMW_QOS_POLICY_DURABILITY_VOLATILE, but rosbag2 already subscribed requesting RMW_QOS_POLICY_DURABILITY_TRANSIENT_LOCAL. Messages from this new publisher will not be recorded.
[WARN] [1764474966.799302717] [rosbag2_recorder]: A new publisher for subscribed topic /tf was found offering RMW_QOS_POLICY_DURABILITY_VOLATILE, but rosbag2 already subscribed requesting RMW_QOS_POLICY_DURABILITY_TRANSIENT_LOCAL. Messages from this new publisher will not be recorded.
[INFO] [1764474966.800315981] [rosbag2_recorder]: Subscribed to topic '/plan_barn'
[INFO] [1764474966.801103341] [rosbag2_recorder]: Subscribed to topic '/plan_barn_odom'
[INFO] [1764474966.802283576] [rosbag2_recorder]: Subscribed to topic '/scan'
[INFO] [1764474966.802302828] [rosbag2_recorder]: All requested topics are subscribed. Stopping discovery...
[INFO] [1764475039.649240409] [rosbag2_cpp]: Writing remaining messages from cache to the bag. It may take a while
[INFO] [1764475039.649861208] [rosbag2_recorder]: Event publisher thread: Exiting
[INFO] [1764475039.649906566] [rosbag2_recorder]: Recording stopped
