stdin is not a terminal device. Keyboard handling disabled.[INFO] [1764612345.307444684] [rosbag2_recorder]: Press SPACE for pausing/resuming
[INFO] [1764612345.308784474] [rosbag2_storage]: Opened database '/home/mobrob/ros_ws/dwa_baseline_2/world242_1201_100545/world242_1201_100545_0.db3' for READ_WRITE.
[INFO] [1764612345.310286673] [rosbag2_recorder]: Listening for topics...
[INFO] [1764612345.310368071] [rosbag2_recorder]: Event publisher thread: Starting
[INFO] [1764612345.310427875] [rosbag2_recorder]: Recording...
[INFO] [1764612345.413987064] [rosbag2_recorder]: Subscribed to topic '/cmd_vel'
[INFO] [1764612345.415359735] [rosbag2_recorder]: Subscribed to topic '/odom'
[INFO] [1764612345.416656621] [rosbag2_recorder]: Subscribed to topic '/tf'
[WARN] [1764612346.323791642] [rosbag2_recorder]: New publisher discovered on topic '/tf', offering incompatible QoS. No messages will be sent to it. Last incompatible policy: DURABILITY_QOS_POLICY
[WARN] [1764612346.325963421] [rosbag2_recorder]: New publisher discovered on topic '/tf', offering incompatible QoS. No messages will be sent to it. Last incompatible policy: DURABILITY_QOS_POLICY
[WARN] [1764612346.329672019] [rosbag2_recorder]: A new publisher for subscribed topic /tf was found offering RMW_QOS_POLICY_DURABILITY_VOLATILE, but rosbag2 already subscribed requesting RMW_QOS_POLICY_DURABILITY_TRANSIENT_LOCAL. Messages from this new publisher will not be recorded.
[WARN] [1764612346.329711562] [rosbag2_recorder]: A new publisher for subscribed topic /tf was found offering RMW_QOS_POLICY_DURABILITY_VOLATILE, but rosbag2 already subscribed requesting RMW_QOS_POLICY_DURABILITY_TRANSIENT_LOCAL. Messages from this new publisher will not be recorded.
[INFO] [1764612346.331472223] [rosbag2_recorder]: Subscribed to topic '/plan_barn'
[INFO] [1764612346.332513758] [rosbag2_recorder]: Subscribed to topic '/plan_barn_odom'
[INFO] [1764612346.333721713] [rosbag2_recorder]: Subscribed to topic '/scan'
[WARN] [1764612347.303023560] [rosbag2_recorder]: New publisher discovered on topic '/tf', offering incompatible QoS. No messages will be sent to it. Last incompatible policy: DURABILITY_QOS_POLICY
[INFO] [1764612347.367514397] [rosbag2_recorder]: Subscribed to topic '/tf_static'
[INFO] [1764612347.367558653] [rosbag2_recorder]: All requested topics are subscribed. Stopping discovery...
[INFO] [1764612404.190432221] [rosbag2_cpp]: Writing remaining messages from cache to the bag. It may take a while
[INFO] [1764612404.191327386] [rosbag2_recorder]: Event publisher thread: Exiting
[INFO] [1764612404.191379229] [rosbag2_recorder]: Recording stopped
