stdin is not a terminal device. Keyboard handling disabled.[INFO] [1764264886.774933770] [rosbag2_recorder]: Press SPACE for pausing/resuming
[INFO] [1764264886.776226740] [rosbag2_storage]: Opened database '/home/mobrob/ros_ws/dwa_baseline_2/world274_1127_093446/world274_1127_093446_0.db3' for READ_WRITE.
[INFO] [1764264886.776907551] [rosbag2_recorder]: Listening for topics...
[INFO] [1764264886.776921222] [rosbag2_recorder]: Event publisher thread: Starting
[INFO] [1764264886.777108219] [rosbag2_recorder]: Recording...
[INFO] [1764264886.880455073] [rosbag2_recorder]: Subscribed to topic '/cmd_vel'
[INFO] [1764264886.881796820] [rosbag2_recorder]: Subscribed to topic '/plan_barn'
[INFO] [1764264886.882653977] [rosbag2_recorder]: Subscribed to topic '/plan_barn_odom'
[INFO] [1764264887.086860048] [rosbag2_recorder]: Subscribed to topic '/odom'
[INFO] [1764264887.088036476] [rosbag2_recorder]: Subscribed to topic '/tf'
[WARN] [1764264887.769692639] [rosbag2_recorder]: New publisher discovered on topic '/tf', offering incompatible QoS. No messages will be sent to it. Last incompatible policy: DURABILITY_QOS_POLICY
[WARN] [1764264887.776253392] [rosbag2_recorder]: New publisher discovered on topic '/tf', offering incompatible QoS. No messages will be sent to it. Last incompatible policy: DURABILITY_QOS_POLICY
[WARN] [1764264887.792802341] [rosbag2_recorder]: New publisher discovered on topic '/tf', offering incompatible QoS. No messages will be sent to it. Last incompatible policy: DURABILITY_QOS_POLICY
[WARN] [1764264887.805151675] [rosbag2_recorder]: A new publisher for subscribed topic /tf was found offering RMW_QOS_POLICY_DURABILITY_VOLATILE, but rosbag2 already subscribed requesting RMW_QOS_POLICY_DURABILITY_TRANSIENT_LOCAL. Messages from this new publisher will not be recorded.
[WARN] [1764264887.805195732] [rosbag2_recorder]: A new publisher for subscribed topic /tf was found offering RMW_QOS_POLICY_DURABILITY_VOLATILE, but rosbag2 already subscribed requesting RMW_QOS_POLICY_DURABILITY_TRANSIENT_LOCAL. Messages from this new publisher will not be recorded.
[WARN] [1764264887.805205531] [rosbag2_recorder]: A new publisher for subscribed topic /tf was found offering RMW_QOS_POLICY_DURABILITY_VOLATILE, but rosbag2 already subscribed requesting RMW_QOS_POLICY_DURABILITY_TRANSIENT_LOCAL. Messages from this new publisher will not be recorded.
[INFO] [1764264887.806457527] [rosbag2_recorder]: Subscribed to topic '/tf_static'
[INFO] [1764264888.846313422] [rosbag2_recorder]: Subscribed to topic '/scan'
[INFO] [1764264888.846354936] [rosbag2_recorder]: All requested topics are subscribed. Stopping discovery...
[INFO] [1764264932.642983283] [rosbag2_cpp]: Writing remaining messages from cache to the bag. It may take a while
[INFO] [1764264932.643652871] [rosbag2_recorder]: Event publisher thread: Exiting
[INFO] [1764264932.643688882] [rosbag2_recorder]: Recording stopped
