stdin is not a terminal device. Keyboard handling disabled.[INFO] [1764555096.999442502] [rosbag2_recorder]: Press SPACE for pausing/resuming
[INFO] [1764555097.000183274] [rosbag2_storage]: Opened database '/home/mobrob/ros_ws/dwa_baseline_2/world67_1130_181136/world67_1130_181136_0.db3' for READ_WRITE.
[INFO] [1764555097.000559897] [rosbag2_recorder]: Listening for topics...
[INFO] [1764555097.000572686] [rosbag2_recorder]: Event publisher thread: Starting
[INFO] [1764555097.000626915] [rosbag2_recorder]: Recording...
[INFO] [1764555097.105161904] [rosbag2_recorder]: Subscribed to topic '/cmd_vel'
[INFO] [1764555097.106821440] [rosbag2_recorder]: Subscribed to topic '/odom'
[INFO] [1764555097.108438957] [rosbag2_recorder]: Subscribed to topic '/tf'
[INFO] [1764555097.109408005] [rosbag2_recorder]: Subscribed to topic '/tf_static'
[WARN] [1764555098.005951658] [rosbag2_recorder]: New publisher discovered on topic '/tf', offering incompatible QoS. No messages will be sent to it. Last incompatible policy: DURABILITY_QOS_POLICY
[WARN] [1764555098.006245836] [rosbag2_recorder]: New publisher discovered on topic '/tf', offering incompatible QoS. No messages will be sent to it. Last incompatible policy: DURABILITY_QOS_POLICY
[WARN] [1764555098.007510054] [rosbag2_recorder]: New publisher discovered on topic '/tf', offering incompatible QoS. No messages will be sent to it. Last incompatible policy: DURABILITY_QOS_POLICY
[WARN] [1764555098.028345620] [rosbag2_recorder]: A new publisher for subscribed topic /tf was found offering RMW_QOS_POLICY_DURABILITY_VOLATILE, but rosbag2 already subscribed requesting RMW_QOS_POLICY_DURABILITY_TRANSIENT_LOCAL. Messages from this new publisher will not be recorded.
[WARN] [1764555098.028401527] [rosbag2_recorder]: A new publisher for subscribed topic /tf was found offering RMW_QOS_POLICY_DURABILITY_VOLATILE, but rosbag2 already subscribed requesting RMW_QOS_POLICY_DURABILITY_TRANSIENT_LOCAL. Messages from this new publisher will not be recorded.
[WARN] [1764555098.028411809] [rosbag2_recorder]: A new publisher for subscribed topic /tf was found offering RMW_QOS_POLICY_DURABILITY_VOLATILE, but rosbag2 already subscribed requesting RMW_QOS_POLICY_DURABILITY_TRANSIENT_LOCAL. Messages from this new publisher will not be recorded.
[INFO] [1764555098.029830392] [rosbag2_recorder]: Subscribed to topic '/plan_barn'
[INFO] [1764555098.030904595] [rosbag2_recorder]: Subscribed to topic '/plan_barn_odom'
[INFO] [1764555098.032321291] [rosbag2_recorder]: Subscribed to topic '/scan'
[INFO] [1764555098.032342876] [rosbag2_recorder]: All requested topics are subscribed. Stopping discovery...
[INFO] [1764555134.877395974] [rosbag2_cpp]: Writing remaining messages from cache to the bag. It may take a while
[INFO] [1764555134.877966365] [rosbag2_recorder]: Event publisher thread: Exiting
[INFO] [1764555134.878007323] [rosbag2_recorder]: Recording stopped
