stdin is not a terminal device. Keyboard handling disabled.[INFO] [1764265881.622488057] [rosbag2_recorder]: Press SPACE for pausing/resuming
[INFO] [1764265881.623846984] [rosbag2_storage]: Opened database '/home/mobrob/ros_ws/dwa_baseline_2/world276_1127_095121/world276_1127_095121_0.db3' for READ_WRITE.
[INFO] [1764265881.624524153] [rosbag2_recorder]: Listening for topics...
[INFO] [1764265881.624535160] [rosbag2_recorder]: Event publisher thread: Starting
[INFO] [1764265881.624652320] [rosbag2_recorder]: Recording...
[INFO] [1764265881.730432356] [rosbag2_recorder]: Subscribed to topic '/cmd_vel'
[INFO] [1764265881.732148851] [rosbag2_recorder]: Subscribed to topic '/odom'
[INFO] [1764265881.733117934] [rosbag2_recorder]: Subscribed to topic '/plan_barn'
[INFO] [1764265881.733800868] [rosbag2_recorder]: Subscribed to topic '/plan_barn_odom'
[INFO] [1764265881.735228193] [rosbag2_recorder]: Subscribed to topic '/tf'
[INFO] [1764265881.735888691] [rosbag2_recorder]: Subscribed to topic '/tf_static'
[WARN] [1764265882.617430947] [rosbag2_recorder]: New publisher discovered on topic '/tf', offering incompatible QoS. No messages will be sent to it. Last incompatible policy: DURABILITY_QOS_POLICY
[WARN] [1764265882.624978054] [rosbag2_recorder]: New publisher discovered on topic '/tf', offering incompatible QoS. No messages will be sent to it. Last incompatible policy: DURABILITY_QOS_POLICY
[WARN] [1764265882.634000773] [rosbag2_recorder]: New publisher discovered on topic '/tf', offering incompatible QoS. No messages will be sent to it. Last incompatible policy: DURABILITY_QOS_POLICY
[WARN] [1764265882.654559576] [rosbag2_recorder]: A new publisher for subscribed topic /tf was found offering RMW_QOS_POLICY_DURABILITY_VOLATILE, but rosbag2 already subscribed requesting RMW_QOS_POLICY_DURABILITY_TRANSIENT_LOCAL. Messages from this new publisher will not be recorded.
[WARN] [1764265882.654590773] [rosbag2_recorder]: A new publisher for subscribed topic /tf was found offering RMW_QOS_POLICY_DURABILITY_VOLATILE, but rosbag2 already subscribed requesting RMW_QOS_POLICY_DURABILITY_TRANSIENT_LOCAL. Messages from this new publisher will not be recorded.
[WARN] [1764265882.654593615] [rosbag2_recorder]: A new publisher for subscribed topic /tf was found offering RMW_QOS_POLICY_DURABILITY_VOLATILE, but rosbag2 already subscribed requesting RMW_QOS_POLICY_DURABILITY_TRANSIENT_LOCAL. Messages from this new publisher will not be recorded.
[INFO] [1764265883.687472627] [rosbag2_recorder]: Subscribed to topic '/scan'
[INFO] [1764265883.687512258] [rosbag2_recorder]: All requested topics are subscribed. Stopping discovery...
[INFO] [1764265888.490735064] [rosbag2_cpp]: Writing remaining messages from cache to the bag. It may take a while
[INFO] [1764265888.491392425] [rosbag2_recorder]: Event publisher thread: Exiting
[INFO] [1764265888.491424445] [rosbag2_recorder]: Recording stopped
