stdin is not a terminal device. Keyboard handling disabled.[INFO] [1764592184.176548018] [rosbag2_recorder]: Press SPACE for pausing/resuming
[INFO] [1764592184.177856132] [rosbag2_storage]: Opened database '/home/mobrob/ros_ws/dwa_baseline_2/world179_1201_042944/world179_1201_042944_0.db3' for READ_WRITE.
[INFO] [1764592184.178724886] [rosbag2_recorder]: Listening for topics...
[INFO] [1764592184.178844469] [rosbag2_recorder]: Recording...
[INFO] [1764592184.179721593] [rosbag2_recorder]: Event publisher thread: Starting
[INFO] [1764592184.585420711] [rosbag2_recorder]: Subscribed to topic '/cmd_vel'
[INFO] [1764592184.586821885] [rosbag2_recorder]: Subscribed to topic '/odom'
[INFO] [1764592184.588157027] [rosbag2_recorder]: Subscribed to topic '/tf'
[WARN] [1764592185.172676960] [rosbag2_recorder]: New publisher discovered on topic '/tf', offering incompatible QoS. No messages will be sent to it. Last incompatible policy: DURABILITY_QOS_POLICY
[WARN] [1764592185.177547307] [rosbag2_recorder]: New publisher discovered on topic '/tf', offering incompatible QoS. No messages will be sent to it. Last incompatible policy: DURABILITY_QOS_POLICY
[WARN] [1764592185.197900219] [rosbag2_recorder]: A new publisher for subscribed topic /tf was found offering RMW_QOS_POLICY_DURABILITY_VOLATILE, but rosbag2 already subscribed requesting RMW_QOS_POLICY_DURABILITY_TRANSIENT_LOCAL. Messages from this new publisher will not be recorded.
[WARN] [1764592185.197979043] [rosbag2_recorder]: A new publisher for subscribed topic /tf was found offering RMW_QOS_POLICY_DURABILITY_VOLATILE, but rosbag2 already subscribed requesting RMW_QOS_POLICY_DURABILITY_TRANSIENT_LOCAL. Messages from this new publisher will not be recorded.
[INFO] [1764592185.199016417] [rosbag2_recorder]: Subscribed to topic '/tf_static'
[WARN] [1764592186.177057434] [rosbag2_recorder]: New publisher discovered on topic '/tf', offering incompatible QoS. No messages will be sent to it. Last incompatible policy: DURABILITY_QOS_POLICY
[INFO] [1764592186.231337740] [rosbag2_recorder]: Subscribed to topic '/plan_barn'
[INFO] [1764592186.232254368] [rosbag2_recorder]: Subscribed to topic '/plan_barn_odom'
[INFO] [1764592186.233866481] [rosbag2_recorder]: Subscribed to topic '/scan'
[INFO] [1764592186.233903144] [rosbag2_recorder]: All requested topics are subscribed. Stopping discovery...
[INFO] [1764592212.064368399] [rosbag2_cpp]: Writing remaining messages from cache to the bag. It may take a while
[INFO] [1764592212.064937362] [rosbag2_recorder]: Event publisher thread: Exiting
[INFO] [1764592212.065000347] [rosbag2_recorder]: Recording stopped
