stdin is not a terminal device. Keyboard handling disabled.[INFO] [1764437040.605831503] [rosbag2_recorder]: Press SPACE for pausing/resuming
[INFO] [1764437040.607184561] [rosbag2_storage]: Opened database '/home/mobrob/ros_ws/dwa_baseline_2/world131_1129_092400/world131_1129_092400_0.db3' for READ_WRITE.
[INFO] [1764437040.607891578] [rosbag2_recorder]: Listening for topics...
[INFO] [1764437040.607964242] [rosbag2_recorder]: Event publisher thread: Starting
[INFO] [1764437040.608083552] [rosbag2_recorder]: Recording...
[INFO] [1764437040.711999308] [rosbag2_recorder]: Subscribed to topic '/odom'
[INFO] [1764437040.712880749] [rosbag2_recorder]: Subscribed to topic '/scan'
[INFO] [1764437040.713761454] [rosbag2_recorder]: Subscribed to topic '/tf'
[INFO] [1764437040.714264779] [rosbag2_recorder]: Subscribed to topic '/tf_static'
[WARN] [1764437041.614478745] [rosbag2_recorder]: New publisher discovered on topic '/tf', offering incompatible QoS. No messages will be sent to it. Last incompatible policy: DURABILITY_QOS_POLICY
[WARN] [1764437041.614631999] [rosbag2_recorder]: New publisher discovered on topic '/tf', offering incompatible QoS. No messages will be sent to it. Last incompatible policy: DURABILITY_QOS_POLICY
[WARN] [1764437041.618259419] [rosbag2_recorder]: New publisher discovered on topic '/tf', offering incompatible QoS. No messages will be sent to it. Last incompatible policy: DURABILITY_QOS_POLICY
[WARN] [1764437041.628518279] [rosbag2_recorder]: A new publisher for subscribed topic /tf was found offering RMW_QOS_POLICY_DURABILITY_VOLATILE, but rosbag2 already subscribed requesting RMW_QOS_POLICY_DURABILITY_TRANSIENT_LOCAL. Messages from this new publisher will not be recorded.
[WARN] [1764437041.628552567] [rosbag2_recorder]: A new publisher for subscribed topic /tf was found offering RMW_QOS_POLICY_DURABILITY_VOLATILE, but rosbag2 already subscribed requesting RMW_QOS_POLICY_DURABILITY_TRANSIENT_LOCAL. Messages from this new publisher will not be recorded.
[WARN] [1764437041.628555438] [rosbag2_recorder]: A new publisher for subscribed topic /tf was found offering RMW_QOS_POLICY_DURABILITY_VOLATILE, but rosbag2 already subscribed requesting RMW_QOS_POLICY_DURABILITY_TRANSIENT_LOCAL. Messages from this new publisher will not be recorded.
[INFO] [1764437041.629520400] [rosbag2_recorder]: Subscribed to topic '/cmd_vel'
[INFO] [1764437041.630332742] [rosbag2_recorder]: Subscribed to topic '/plan_barn'
[INFO] [1764437041.631056818] [rosbag2_recorder]: Subscribed to topic '/plan_barn_odom'
[INFO] [1764437041.631078829] [rosbag2_recorder]: All requested topics are subscribed. Stopping discovery...
[INFO] [1764437047.477739431] [rosbag2_cpp]: Writing remaining messages from cache to the bag. It may take a while
[INFO] [1764437047.478456243] [rosbag2_recorder]: Event publisher thread: Exiting
[INFO] [1764437047.478506149] [rosbag2_recorder]: Recording stopped
