stdin is not a terminal device. Keyboard handling disabled.[INFO] [1764190659.806856289] [rosbag2_recorder]: Press SPACE for pausing/resuming
[INFO] [1764190659.807763400] [rosbag2_storage]: Opened database '/home/mobrob/ros_ws/dwa_baseline_2/world132_1126_125739/world132_1126_125739_0.db3' for READ_WRITE.
[INFO] [1764190659.808777709] [rosbag2_recorder]: Listening for topics...
[INFO] [1764190659.808815928] [rosbag2_recorder]: Event publisher thread: Starting
[INFO] [1764190659.808899959] [rosbag2_recorder]: Recording...
[INFO] [1764190659.912544610] [rosbag2_recorder]: Subscribed to topic '/cmd_vel'
[INFO] [1764190659.914016930] [rosbag2_recorder]: Subscribed to topic '/odom'
[INFO] [1764190659.915440908] [rosbag2_recorder]: Subscribed to topic '/tf'
[WARN] [1764190660.827746326] [rosbag2_recorder]: New publisher discovered on topic '/tf', offering incompatible QoS. No messages will be sent to it. Last incompatible policy: DURABILITY_QOS_POLICY
[WARN] [1764190660.834796606] [rosbag2_recorder]: A new publisher for subscribed topic /tf was found offering RMW_QOS_POLICY_DURABILITY_VOLATILE, but rosbag2 already subscribed requesting RMW_QOS_POLICY_DURABILITY_TRANSIENT_LOCAL. Messages from this new publisher will not be recorded.
[INFO] [1764190660.836597941] [rosbag2_recorder]: Subscribed to topic '/plan_barn'
[INFO] [1764190660.838177561] [rosbag2_recorder]: Subscribed to topic '/plan_barn_odom'
[INFO] [1764190660.841119687] [rosbag2_recorder]: Subscribed to topic '/scan'
[INFO] [1764190660.842526918] [rosbag2_recorder]: Subscribed to topic '/tf_static'
[INFO] [1764190660.842557985] [rosbag2_recorder]: All requested topics are subscribed. Stopping discovery...
[WARN] [1764190661.801896899] [rosbag2_recorder]: New publisher discovered on topic '/tf', offering incompatible QoS. No messages will be sent to it. Last incompatible policy: DURABILITY_QOS_POLICY
[WARN] [1764190661.802781517] [rosbag2_recorder]: New publisher discovered on topic '/tf', offering incompatible QoS. No messages will be sent to it. Last incompatible policy: DURABILITY_QOS_POLICY
[INFO] [1764190708.664894599] [rosbag2_cpp]: Writing remaining messages from cache to the bag. It may take a while
[INFO] [1764190708.665495542] [rosbag2_recorder]: Event publisher thread: Exiting
[INFO] [1764190708.665529361] [rosbag2_recorder]: Recording stopped
