stdin is not a terminal device. Keyboard handling disabled.[INFO] [1764250854.472273303] [rosbag2_recorder]: Press SPACE for pausing/resuming
[INFO] [1764250854.473321397] [rosbag2_storage]: Opened database '/home/mobrob/ros_ws/dwa_baseline_2/world245_1127_054054/world245_1127_054054_0.db3' for READ_WRITE.
[INFO] [1764250854.473821264] [rosbag2_recorder]: Listening for topics...
[INFO] [1764250854.473830700] [rosbag2_recorder]: Event publisher thread: Starting
[INFO] [1764250854.473919085] [rosbag2_recorder]: Recording...
[INFO] [1764250854.777830686] [rosbag2_recorder]: Subscribed to topic '/odom'
[INFO] [1764250854.778744635] [rosbag2_recorder]: Subscribed to topic '/plan_barn'
[INFO] [1764250854.779360416] [rosbag2_recorder]: Subscribed to topic '/plan_barn_odom'
[INFO] [1764250854.780612068] [rosbag2_recorder]: Subscribed to topic '/tf'
[WARN] [1764250855.470036300] [rosbag2_recorder]: New publisher discovered on topic '/tf', offering incompatible QoS. No messages will be sent to it. Last incompatible policy: DURABILITY_QOS_POLICY
[WARN] [1764250855.488917194] [rosbag2_recorder]: A new publisher for subscribed topic /tf was found offering RMW_QOS_POLICY_DURABILITY_VOLATILE, but rosbag2 already subscribed requesting RMW_QOS_POLICY_DURABILITY_TRANSIENT_LOCAL. Messages from this new publisher will not be recorded.
[INFO] [1764250855.489913219] [rosbag2_recorder]: Subscribed to topic '/cmd_vel'
[INFO] [1764250855.490894445] [rosbag2_recorder]: Subscribed to topic '/tf_static'
[WARN] [1764250855.584111583] [rosbag2_recorder]: New publisher discovered on topic '/tf', offering incompatible QoS. No messages will be sent to it. Last incompatible policy: DURABILITY_QOS_POLICY
[INFO] [1764250855.593921862] [rosbag2_recorder]: Subscribed to topic '/scan'
[INFO] [1764250855.593956032] [rosbag2_recorder]: All requested topics are subscribed. Stopping discovery...
[WARN] [1764250856.260304956] [rosbag2_recorder]: New publisher discovered on topic '/tf', offering incompatible QoS. No messages will be sent to it. Last incompatible policy: DURABILITY_QOS_POLICY
[INFO] [1764250894.349462483] [rosbag2_cpp]: Writing remaining messages from cache to the bag. It may take a while
[INFO] [1764250894.350328924] [rosbag2_recorder]: Event publisher thread: Exiting
[INFO] [1764250894.350366869] [rosbag2_recorder]: Recording stopped
