stdin is not a terminal device. Keyboard handling disabled.[INFO] [1764442588.149480992] [rosbag2_recorder]: Press SPACE for pausing/resuming
[INFO] [1764442588.150393162] [rosbag2_storage]: Opened database '/home/mobrob/ros_ws/dwa_baseline_2/world147_1129_105628/world147_1129_105628_0.db3' for READ_WRITE.
[INFO] [1764442588.150998616] [rosbag2_recorder]: Listening for topics...
[INFO] [1764442588.151019079] [rosbag2_recorder]: Event publisher thread: Starting
[INFO] [1764442588.151092575] [rosbag2_recorder]: Recording...
[INFO] [1764442588.253150912] [rosbag2_recorder]: Subscribed to topic '/cmd_vel'
[INFO] [1764442588.254142211] [rosbag2_recorder]: Subscribed to topic '/odom'
[INFO] [1764442588.255137906] [rosbag2_recorder]: Subscribed to topic '/tf'
[INFO] [1764442588.255892867] [rosbag2_recorder]: Subscribed to topic '/tf_static'
[WARN] [1764442589.162137422] [rosbag2_recorder]: New publisher discovered on topic '/tf', offering incompatible QoS. No messages will be sent to it. Last incompatible policy: DURABILITY_QOS_POLICY
[WARN] [1764442589.164479558] [rosbag2_recorder]: A new publisher for subscribed topic /tf was found offering RMW_QOS_POLICY_DURABILITY_VOLATILE, but rosbag2 already subscribed requesting RMW_QOS_POLICY_DURABILITY_TRANSIENT_LOCAL. Messages from this new publisher will not be recorded.
[INFO] [1764442589.167534230] [rosbag2_recorder]: Subscribed to topic '/scan'
[WARN] [1764442589.168427234] [rosbag2_recorder]: New publisher discovered on topic '/tf', offering incompatible QoS. No messages will be sent to it. Last incompatible policy: DURABILITY_QOS_POLICY
[INFO] [1764442589.270686863] [rosbag2_recorder]: Subscribed to topic '/plan_barn'
[INFO] [1764442589.271506858] [rosbag2_recorder]: Subscribed to topic '/plan_barn_odom'
[INFO] [1764442589.271522532] [rosbag2_recorder]: All requested topics are subscribed. Stopping discovery...
[WARN] [1764442590.152036725] [rosbag2_recorder]: New publisher discovered on topic '/tf', offering incompatible QoS. No messages will be sent to it. Last incompatible policy: DURABILITY_QOS_POLICY
[INFO] [1764442659.026804272] [rosbag2_cpp]: Writing remaining messages from cache to the bag. It may take a while
[INFO] [1764442659.027569658] [rosbag2_recorder]: Event publisher thread: Exiting
[INFO] [1764442659.027612945] [rosbag2_recorder]: Recording stopped
