stdin is not a terminal device. Keyboard handling disabled.[INFO] [1764418397.301552843] [rosbag2_recorder]: Press SPACE for pausing/resuming
[INFO] [1764418397.302396009] [rosbag2_storage]: Opened database '/home/mobrob/ros_ws/dwa_baseline_2/world78_1129_041317/world78_1129_041317_0.db3' for READ_WRITE.
[INFO] [1764418397.303008857] [rosbag2_recorder]: Listening for topics...
[INFO] [1764418397.303020962] [rosbag2_recorder]: Event publisher thread: Starting
[INFO] [1764418397.303069484] [rosbag2_recorder]: Recording...
[INFO] [1764418397.406363924] [rosbag2_recorder]: Subscribed to topic '/cmd_vel'
[INFO] [1764418397.407644613] [rosbag2_recorder]: Subscribed to topic '/odom'
[INFO] [1764418397.408892675] [rosbag2_recorder]: Subscribed to topic '/tf'
[WARN] [1764418398.300218757] [rosbag2_recorder]: New publisher discovered on topic '/tf', offering incompatible QoS. No messages will be sent to it. Last incompatible policy: DURABILITY_QOS_POLICY
[WARN] [1764418398.304748786] [rosbag2_recorder]: New publisher discovered on topic '/tf', offering incompatible QoS. No messages will be sent to it. Last incompatible policy: DURABILITY_QOS_POLICY
[WARN] [1764418398.315796665] [rosbag2_recorder]: New publisher discovered on topic '/tf', offering incompatible QoS. No messages will be sent to it. Last incompatible policy: DURABILITY_QOS_POLICY
[WARN] [1764418398.324557726] [rosbag2_recorder]: A new publisher for subscribed topic /tf was found offering RMW_QOS_POLICY_DURABILITY_VOLATILE, but rosbag2 already subscribed requesting RMW_QOS_POLICY_DURABILITY_TRANSIENT_LOCAL. Messages from this new publisher will not be recorded.
[WARN] [1764418398.324585766] [rosbag2_recorder]: A new publisher for subscribed topic /tf was found offering RMW_QOS_POLICY_DURABILITY_VOLATILE, but rosbag2 already subscribed requesting RMW_QOS_POLICY_DURABILITY_TRANSIENT_LOCAL. Messages from this new publisher will not be recorded.
[WARN] [1764418398.324588579] [rosbag2_recorder]: A new publisher for subscribed topic /tf was found offering RMW_QOS_POLICY_DURABILITY_VOLATILE, but rosbag2 already subscribed requesting RMW_QOS_POLICY_DURABILITY_TRANSIENT_LOCAL. Messages from this new publisher will not be recorded.
[INFO] [1764418398.325548627] [rosbag2_recorder]: Subscribed to topic '/plan_barn'
[INFO] [1764418398.326723384] [rosbag2_recorder]: Subscribed to topic '/plan_barn_odom'
[INFO] [1764418398.327917525] [rosbag2_recorder]: Subscribed to topic '/scan'
[INFO] [1764418398.329120102] [rosbag2_recorder]: Subscribed to topic '/tf_static'
[INFO] [1764418398.329146478] [rosbag2_recorder]: All requested topics are subscribed. Stopping discovery...
[INFO] [1764418570.188421723] [rosbag2_cpp]: Writing remaining messages from cache to the bag. It may take a while
[INFO] [1764418570.189034099] [rosbag2_recorder]: Event publisher thread: Exiting
[INFO] [1764418570.189076125] [rosbag2_recorder]: Recording stopped
