stdin is not a terminal device. Keyboard handling disabled.[INFO] [1764269260.116389127] [rosbag2_recorder]: Press SPACE for pausing/resuming
[INFO] [1764269260.117408550] [rosbag2_storage]: Opened database '/home/mobrob/ros_ws/dwa_baseline_2/world281_1127_104739/world281_1127_104739_0.db3' for READ_WRITE.
[INFO] [1764269260.118540077] [rosbag2_recorder]: Listening for topics...
[INFO] [1764269260.118597108] [rosbag2_recorder]: Event publisher thread: Starting
[INFO] [1764269260.118641201] [rosbag2_recorder]: Recording...
[INFO] [1764269260.222124928] [rosbag2_recorder]: Subscribed to topic '/odom'
[INFO] [1764269260.223750780] [rosbag2_recorder]: Subscribed to topic '/tf'
[WARN] [1764269261.118463138] [rosbag2_recorder]: New publisher discovered on topic '/tf', offering incompatible QoS. No messages will be sent to it. Last incompatible policy: DURABILITY_QOS_POLICY
[WARN] [1764269261.119902672] [rosbag2_recorder]: New publisher discovered on topic '/tf', offering incompatible QoS. No messages will be sent to it. Last incompatible policy: DURABILITY_QOS_POLICY
[WARN] [1764269261.131117129] [rosbag2_recorder]: New publisher discovered on topic '/tf', offering incompatible QoS. No messages will be sent to it. Last incompatible policy: DURABILITY_QOS_POLICY
[WARN] [1764269261.141813313] [rosbag2_recorder]: A new publisher for subscribed topic /tf was found offering RMW_QOS_POLICY_DURABILITY_VOLATILE, but rosbag2 already subscribed requesting RMW_QOS_POLICY_DURABILITY_TRANSIENT_LOCAL. Messages from this new publisher will not be recorded.
[WARN] [1764269261.141857841] [rosbag2_recorder]: A new publisher for subscribed topic /tf was found offering RMW_QOS_POLICY_DURABILITY_VOLATILE, but rosbag2 already subscribed requesting RMW_QOS_POLICY_DURABILITY_TRANSIENT_LOCAL. Messages from this new publisher will not be recorded.
[WARN] [1764269261.141867325] [rosbag2_recorder]: A new publisher for subscribed topic /tf was found offering RMW_QOS_POLICY_DURABILITY_VOLATILE, but rosbag2 already subscribed requesting RMW_QOS_POLICY_DURABILITY_TRANSIENT_LOCAL. Messages from this new publisher will not be recorded.
[INFO] [1764269261.143705903] [rosbag2_recorder]: Subscribed to topic '/cmd_vel'
[INFO] [1764269261.144918274] [rosbag2_recorder]: Subscribed to topic '/plan_barn'
[INFO] [1764269261.145900645] [rosbag2_recorder]: Subscribed to topic '/plan_barn_odom'
[INFO] [1764269261.147348998] [rosbag2_recorder]: Subscribed to topic '/scan'
[INFO] [1764269261.148379248] [rosbag2_recorder]: Subscribed to topic '/tf_static'
[INFO] [1764269261.148400330] [rosbag2_recorder]: All requested topics are subscribed. Stopping discovery...
[INFO] [1764269299.985481916] [rosbag2_cpp]: Writing remaining messages from cache to the bag. It may take a while
[INFO] [1764269299.986099125] [rosbag2_recorder]: Event publisher thread: Exiting
[INFO] [1764269299.986127247] [rosbag2_recorder]: Recording stopped
