stdin is not a terminal device. Keyboard handling disabled.[INFO] [1764450379.887332915] [rosbag2_recorder]: Press SPACE for pausing/resuming
[INFO] [1764450379.888422174] [rosbag2_storage]: Opened database '/home/mobrob/ros_ws/dwa_baseline_2/world167_1129_130619/world167_1129_130619_0.db3' for READ_WRITE.
[INFO] [1764450379.890002209] [rosbag2_recorder]: Listening for topics...
[INFO] [1764450379.890100300] [rosbag2_recorder]: Recording...
[INFO] [1764450379.890189090] [rosbag2_recorder]: Event publisher thread: Starting
[INFO] [1764450379.994624773] [rosbag2_recorder]: Subscribed to topic '/cmd_vel'
[INFO] [1764450379.995655028] [rosbag2_recorder]: Subscribed to topic '/odom'
[INFO] [1764450379.996570985] [rosbag2_recorder]: Subscribed to topic '/tf'
[INFO] [1764450379.997191650] [rosbag2_recorder]: Subscribed to topic '/tf_static'
[WARN] [1764450380.891843567] [rosbag2_recorder]: New publisher discovered on topic '/tf', offering incompatible QoS. No messages will be sent to it. Last incompatible policy: DURABILITY_QOS_POLICY
[WARN] [1764450380.896406784] [rosbag2_recorder]: New publisher discovered on topic '/tf', offering incompatible QoS. No messages will be sent to it. Last incompatible policy: DURABILITY_QOS_POLICY
[WARN] [1764450380.900109846] [rosbag2_recorder]: New publisher discovered on topic '/tf', offering incompatible QoS. No messages will be sent to it. Last incompatible policy: DURABILITY_QOS_POLICY
[WARN] [1764450380.916338034] [rosbag2_recorder]: A new publisher for subscribed topic /tf was found offering RMW_QOS_POLICY_DURABILITY_VOLATILE, but rosbag2 already subscribed requesting RMW_QOS_POLICY_DURABILITY_TRANSIENT_LOCAL. Messages from this new publisher will not be recorded.
[WARN] [1764450380.916374571] [rosbag2_recorder]: A new publisher for subscribed topic /tf was found offering RMW_QOS_POLICY_DURABILITY_VOLATILE, but rosbag2 already subscribed requesting RMW_QOS_POLICY_DURABILITY_TRANSIENT_LOCAL. Messages from this new publisher will not be recorded.
[WARN] [1764450380.916377783] [rosbag2_recorder]: A new publisher for subscribed topic /tf was found offering RMW_QOS_POLICY_DURABILITY_VOLATILE, but rosbag2 already subscribed requesting RMW_QOS_POLICY_DURABILITY_TRANSIENT_LOCAL. Messages from this new publisher will not be recorded.
[INFO] [1764450381.950573162] [rosbag2_recorder]: Subscribed to topic '/plan_barn'
[INFO] [1764450381.951852191] [rosbag2_recorder]: Subscribed to topic '/plan_barn_odom'
[INFO] [1764450381.953267915] [rosbag2_recorder]: Subscribed to topic '/scan'
[INFO] [1764450381.953293952] [rosbag2_recorder]: All requested topics are subscribed. Stopping discovery...
[INFO] [1764450439.762245076] [rosbag2_cpp]: Writing remaining messages from cache to the bag. It may take a while
[INFO] [1764450439.762829364] [rosbag2_recorder]: Event publisher thread: Exiting
[INFO] [1764450439.762863162] [rosbag2_recorder]: Recording stopped
