stdin is not a terminal device. Keyboard handling disabled.[INFO] [1764421078.785925956] [rosbag2_recorder]: Press SPACE for pausing/resuming
[INFO] [1764421078.786675483] [rosbag2_storage]: Opened database '/home/mobrob/ros_ws/dwa_baseline_2/world86_1129_045758/world86_1129_045758_0.db3' for READ_WRITE.
[INFO] [1764421078.787355814] [rosbag2_recorder]: Listening for topics...
[INFO] [1764421078.787367663] [rosbag2_recorder]: Event publisher thread: Starting
[INFO] [1764421078.787473942] [rosbag2_recorder]: Recording...
[INFO] [1764421078.890845864] [rosbag2_recorder]: Subscribed to topic '/cmd_vel'
[INFO] [1764421078.892437360] [rosbag2_recorder]: Subscribed to topic '/odom'
[INFO] [1764421078.893440327] [rosbag2_recorder]: Subscribed to topic '/tf'
[WARN] [1764421079.788613691] [rosbag2_recorder]: New publisher discovered on topic '/tf', offering incompatible QoS. No messages will be sent to it. Last incompatible policy: DURABILITY_QOS_POLICY
[WARN] [1764421079.790225109] [rosbag2_recorder]: New publisher discovered on topic '/tf', offering incompatible QoS. No messages will be sent to it. Last incompatible policy: DURABILITY_QOS_POLICY
[WARN] [1764421079.807052278] [rosbag2_recorder]: A new publisher for subscribed topic /tf was found offering RMW_QOS_POLICY_DURABILITY_VOLATILE, but rosbag2 already subscribed requesting RMW_QOS_POLICY_DURABILITY_TRANSIENT_LOCAL. Messages from this new publisher will not be recorded.
[WARN] [1764421079.807088744] [rosbag2_recorder]: A new publisher for subscribed topic /tf was found offering RMW_QOS_POLICY_DURABILITY_VOLATILE, but rosbag2 already subscribed requesting RMW_QOS_POLICY_DURABILITY_TRANSIENT_LOCAL. Messages from this new publisher will not be recorded.
[INFO] [1764421079.808557794] [rosbag2_recorder]: Subscribed to topic '/plan_barn_odom'
[WARN] [1764421079.809882565] [rosbag2_recorder]: New publisher discovered on topic '/tf', offering incompatible QoS. No messages will be sent to it. Last incompatible policy: DURABILITY_QOS_POLICY
[INFO] [1764421079.810327191] [rosbag2_recorder]: Subscribed to topic '/scan'
[INFO] [1764421079.811480917] [rosbag2_recorder]: Subscribed to topic '/tf_static'
[INFO] [1764421079.915751372] [rosbag2_recorder]: Subscribed to topic '/plan_barn'
[INFO] [1764421079.915792503] [rosbag2_recorder]: All requested topics are subscribed. Stopping discovery...
[INFO] [1764421131.665768717] [rosbag2_cpp]: Writing remaining messages from cache to the bag. It may take a while
[INFO] [1764421131.666629346] [rosbag2_recorder]: Event publisher thread: Exiting
[INFO] [1764421131.666684254] [rosbag2_recorder]: Recording stopped
