stdin is not a terminal device. Keyboard handling disabled.[INFO] [1764190999.111337940] [rosbag2_recorder]: Press SPACE for pausing/resuming
[INFO] [1764190999.112067634] [rosbag2_storage]: Opened database '/home/mobrob/ros_ws/dwa_baseline_2/world133_1126_130318/world133_1126_130318_0.db3' for READ_WRITE.
[INFO] [1764190999.112649740] [rosbag2_recorder]: Listening for topics...
[INFO] [1764190999.112665536] [rosbag2_recorder]: Event publisher thread: Starting
[INFO] [1764190999.112725856] [rosbag2_recorder]: Recording...
[INFO] [1764190999.215262176] [rosbag2_recorder]: Subscribed to topic '/scan'
[INFO] [1764190999.216472236] [rosbag2_recorder]: Subscribed to topic '/tf_static'
[INFO] [1764191000.230113013] [rosbag2_recorder]: Subscribed to topic '/cmd_vel'
[INFO] [1764191000.231164338] [rosbag2_recorder]: Subscribed to topic '/odom'
[INFO] [1764191000.231897537] [rosbag2_recorder]: Subscribed to topic '/tf'
[WARN] [1764191001.108719948] [rosbag2_recorder]: New publisher discovered on topic '/tf', offering incompatible QoS. No messages will be sent to it. Last incompatible policy: DURABILITY_QOS_POLICY
[WARN] [1764191001.115569531] [rosbag2_recorder]: New publisher discovered on topic '/tf', offering incompatible QoS. No messages will be sent to it. Last incompatible policy: DURABILITY_QOS_POLICY
[WARN] [1764191001.116315793] [rosbag2_recorder]: New publisher discovered on topic '/tf', offering incompatible QoS. No messages will be sent to it. Last incompatible policy: DURABILITY_QOS_POLICY
[WARN] [1764191001.157554523] [rosbag2_recorder]: A new publisher for subscribed topic /tf was found offering RMW_QOS_POLICY_DURABILITY_VOLATILE, but rosbag2 already subscribed requesting RMW_QOS_POLICY_DURABILITY_TRANSIENT_LOCAL. Messages from this new publisher will not be recorded.
[WARN] [1764191001.157612842] [rosbag2_recorder]: A new publisher for subscribed topic /tf was found offering RMW_QOS_POLICY_DURABILITY_VOLATILE, but rosbag2 already subscribed requesting RMW_QOS_POLICY_DURABILITY_TRANSIENT_LOCAL. Messages from this new publisher will not be recorded.
[WARN] [1764191001.157623171] [rosbag2_recorder]: A new publisher for subscribed topic /tf was found offering RMW_QOS_POLICY_DURABILITY_VOLATILE, but rosbag2 already subscribed requesting RMW_QOS_POLICY_DURABILITY_TRANSIENT_LOCAL. Messages from this new publisher will not be recorded.
[INFO] [1764191002.197384933] [rosbag2_recorder]: Subscribed to topic '/plan_barn'
[INFO] [1764191002.198773820] [rosbag2_recorder]: Subscribed to topic '/plan_barn_odom'
[INFO] [1764191002.198803569] [rosbag2_recorder]: All requested topics are subscribed. Stopping discovery...
[INFO] [1764191053.972619765] [rosbag2_cpp]: Writing remaining messages from cache to the bag. It may take a while
[INFO] [1764191053.973255880] [rosbag2_recorder]: Event publisher thread: Exiting
[INFO] [1764191053.973308900] [rosbag2_recorder]: Recording stopped
