stdin is not a terminal device. Keyboard handling disabled.[INFO] [1764187066.696914155] [rosbag2_recorder]: Press SPACE for pausing/resuming
[INFO] [1764187066.697697474] [rosbag2_storage]: Opened database '/home/mobrob/ros_ws/dwa_baseline_2/world125_1126_115746/world125_1126_115746_0.db3' for READ_WRITE.
[INFO] [1764187066.698190214] [rosbag2_recorder]: Listening for topics...
[INFO] [1764187066.698202299] [rosbag2_recorder]: Event publisher thread: Starting
[INFO] [1764187066.698256862] [rosbag2_recorder]: Recording...
[INFO] [1764187066.800745705] [rosbag2_recorder]: Subscribed to topic '/odom'
[INFO] [1764187066.802200553] [rosbag2_recorder]: Subscribed to topic '/tf'
[INFO] [1764187067.005070892] [rosbag2_recorder]: Subscribed to topic '/cmd_vel'
[INFO] [1764187067.717924919] [rosbag2_recorder]: Subscribed to topic '/tf_static'
[WARN] [1764187067.721312514] [rosbag2_recorder]: New publisher discovered on topic '/tf', offering incompatible QoS. No messages will be sent to it. Last incompatible policy: DURABILITY_QOS_POLICY
[WARN] [1764187067.821701362] [rosbag2_recorder]: A new publisher for subscribed topic /tf was found offering RMW_QOS_POLICY_DURABILITY_VOLATILE, but rosbag2 already subscribed requesting RMW_QOS_POLICY_DURABILITY_TRANSIENT_LOCAL. Messages from this new publisher will not be recorded.
[INFO] [1764187067.823120698] [rosbag2_recorder]: Subscribed to topic '/scan'
[WARN] [1764187068.694048740] [rosbag2_recorder]: New publisher discovered on topic '/tf', offering incompatible QoS. No messages will be sent to it. Last incompatible policy: DURABILITY_QOS_POLICY
[WARN] [1764187068.695434407] [rosbag2_recorder]: New publisher discovered on topic '/tf', offering incompatible QoS. No messages will be sent to it. Last incompatible policy: DURABILITY_QOS_POLICY
[INFO] [1764187068.753260342] [rosbag2_recorder]: Subscribed to topic '/plan_barn'
[INFO] [1764187068.754501347] [rosbag2_recorder]: Subscribed to topic '/plan_barn_odom'
[INFO] [1764187068.754531627] [rosbag2_recorder]: All requested topics are subscribed. Stopping discovery...
[INFO] [1764187069.586753001] [rosbag2_cpp]: Writing remaining messages from cache to the bag. It may take a while
[INFO] [1764187069.587360797] [rosbag2_recorder]: Event publisher thread: Exiting
[INFO] [1764187069.587408208] [rosbag2_recorder]: Recording stopped
