stdin is not a terminal device. Keyboard handling disabled.[INFO] [1764439273.013788436] [rosbag2_recorder]: Press SPACE for pausing/resuming
[INFO] [1764439273.014507798] [rosbag2_storage]: Opened database '/home/mobrob/ros_ws/dwa_baseline_2/world138_1129_100112/world138_1129_100112_0.db3' for READ_WRITE.
[INFO] [1764439273.015130082] [rosbag2_recorder]: Listening for topics...
[INFO] [1764439273.015142673] [rosbag2_recorder]: Event publisher thread: Starting
[INFO] [1764439273.015197643] [rosbag2_recorder]: Recording...
[INFO] [1764439273.117067050] [rosbag2_recorder]: Subscribed to topic '/cmd_vel'
[INFO] [1764439273.420960730] [rosbag2_recorder]: Subscribed to topic '/odom'
[INFO] [1764439273.422581496] [rosbag2_recorder]: Subscribed to topic '/tf'
[WARN] [1764439273.851551196] [rosbag2_recorder]: New publisher discovered on topic '/tf', offering incompatible QoS. No messages will be sent to it. Last incompatible policy: DURABILITY_QOS_POLICY
[WARN] [1764439273.930654141] [rosbag2_recorder]: A new publisher for subscribed topic /tf was found offering RMW_QOS_POLICY_DURABILITY_VOLATILE, but rosbag2 already subscribed requesting RMW_QOS_POLICY_DURABILITY_TRANSIENT_LOCAL. Messages from this new publisher will not be recorded.
[INFO] [1764439273.931487027] [rosbag2_recorder]: Subscribed to topic '/tf_static'
[WARN] [1764439274.029763193] [rosbag2_recorder]: New publisher discovered on topic '/tf', offering incompatible QoS. No messages will be sent to it. Last incompatible policy: DURABILITY_QOS_POLICY
[INFO] [1764439274.035552436] [rosbag2_recorder]: Subscribed to topic '/plan_barn'
[INFO] [1764439274.036631332] [rosbag2_recorder]: Subscribed to topic '/plan_barn_odom'
[INFO] [1764439274.038018613] [rosbag2_recorder]: Subscribed to topic '/scan'
[INFO] [1764439274.038046020] [rosbag2_recorder]: All requested topics are subscribed. Stopping discovery...
[WARN] [1764439275.011599221] [rosbag2_recorder]: New publisher discovered on topic '/tf', offering incompatible QoS. No messages will be sent to it. Last incompatible policy: DURABILITY_QOS_POLICY
[INFO] [1764439353.895787450] [rosbag2_cpp]: Writing remaining messages from cache to the bag. It may take a while
[INFO] [1764439353.896355922] [rosbag2_recorder]: Event publisher thread: Exiting
[INFO] [1764439353.896402485] [rosbag2_recorder]: Recording stopped
