stdin is not a terminal device. Keyboard handling disabled.[INFO] [1764207849.130014815] [rosbag2_recorder]: Press SPACE for pausing/resuming
[INFO] [1764207849.130745615] [rosbag2_storage]: Opened database '/home/mobrob/ros_ws/dwa_baseline_2/world164_1126_174408/world164_1126_174408_0.db3' for READ_WRITE.
[INFO] [1764207849.131154974] [rosbag2_recorder]: Listening for topics...
[INFO] [1764207849.131166880] [rosbag2_recorder]: Event publisher thread: Starting
[INFO] [1764207849.131240398] [rosbag2_recorder]: Recording...
[INFO] [1764207850.142141262] [rosbag2_recorder]: Subscribed to topic '/scan'
[INFO] [1764207850.145003550] [rosbag2_recorder]: Subscribed to topic '/tf_static'
[INFO] [1764207850.248248027] [rosbag2_recorder]: Subscribed to topic '/odom'
[INFO] [1764207850.249228391] [rosbag2_recorder]: Subscribed to topic '/plan_barn'
[INFO] [1764207850.250295385] [rosbag2_recorder]: Subscribed to topic '/plan_barn_odom'
[INFO] [1764207850.251063205] [rosbag2_recorder]: Subscribed to topic '/tf'
[WARN] [1764207851.126259450] [rosbag2_recorder]: New publisher discovered on topic '/tf', offering incompatible QoS. No messages will be sent to it. Last incompatible policy: DURABILITY_QOS_POLICY
[WARN] [1764207851.128408572] [rosbag2_recorder]: New publisher discovered on topic '/tf', offering incompatible QoS. No messages will be sent to it. Last incompatible policy: DURABILITY_QOS_POLICY
[WARN] [1764207851.130068240] [rosbag2_recorder]: New publisher discovered on topic '/tf', offering incompatible QoS. No messages will be sent to it. Last incompatible policy: DURABILITY_QOS_POLICY
[WARN] [1764207851.175978487] [rosbag2_recorder]: A new publisher for subscribed topic /tf was found offering RMW_QOS_POLICY_DURABILITY_VOLATILE, but rosbag2 already subscribed requesting RMW_QOS_POLICY_DURABILITY_TRANSIENT_LOCAL. Messages from this new publisher will not be recorded.
[WARN] [1764207851.176030181] [rosbag2_recorder]: A new publisher for subscribed topic /tf was found offering RMW_QOS_POLICY_DURABILITY_VOLATILE, but rosbag2 already subscribed requesting RMW_QOS_POLICY_DURABILITY_TRANSIENT_LOCAL. Messages from this new publisher will not be recorded.
[WARN] [1764207851.176040354] [rosbag2_recorder]: A new publisher for subscribed topic /tf was found offering RMW_QOS_POLICY_DURABILITY_VOLATILE, but rosbag2 already subscribed requesting RMW_QOS_POLICY_DURABILITY_TRANSIENT_LOCAL. Messages from this new publisher will not be recorded.
[INFO] [1764207851.177594226] [rosbag2_recorder]: Subscribed to topic '/cmd_vel'
[INFO] [1764207851.177623338] [rosbag2_recorder]: All requested topics are subscribed. Stopping discovery...
[INFO] [1764207855.980475500] [rosbag2_cpp]: Writing remaining messages from cache to the bag. It may take a while
[INFO] [1764207855.980973082] [rosbag2_recorder]: Event publisher thread: Exiting
[INFO] [1764207855.981022492] [rosbag2_recorder]: Recording stopped
