stdin is not a terminal device. Keyboard handling disabled.[INFO] [1764405180.566289848] [rosbag2_recorder]: Press SPACE for pausing/resuming
[INFO] [1764405180.567359102] [rosbag2_storage]: Opened database '/home/mobrob/ros_ws/dwa_baseline_2/world41_1129_003300/world41_1129_003300_0.db3' for READ_WRITE.
[INFO] [1764405180.568486572] [rosbag2_recorder]: Listening for topics...
[INFO] [1764405180.568612667] [rosbag2_recorder]: Recording...
[INFO] [1764405180.572857845] [rosbag2_recorder]: Event publisher thread: Starting
[INFO] [1764405180.976451526] [rosbag2_recorder]: Subscribed to topic '/cmd_vel'
[INFO] [1764405180.977372226] [rosbag2_recorder]: Subscribed to topic '/odom'
[INFO] [1764405180.978262504] [rosbag2_recorder]: Subscribed to topic '/tf'
[INFO] [1764405180.978863512] [rosbag2_recorder]: Subscribed to topic '/tf_static'
[WARN] [1764405181.564940353] [rosbag2_recorder]: New publisher discovered on topic '/tf', offering incompatible QoS. No messages will be sent to it. Last incompatible policy: DURABILITY_QOS_POLICY
[WARN] [1764405181.586927174] [rosbag2_recorder]: A new publisher for subscribed topic /tf was found offering RMW_QOS_POLICY_DURABILITY_VOLATILE, but rosbag2 already subscribed requesting RMW_QOS_POLICY_DURABILITY_TRANSIENT_LOCAL. Messages from this new publisher will not be recorded.
[INFO] [1764405181.589555609] [rosbag2_recorder]: Subscribed to topic '/plan_barn'
[INFO] [1764405181.591778053] [rosbag2_recorder]: Subscribed to topic '/plan_barn_odom'
[INFO] [1764405181.595936745] [rosbag2_recorder]: Subscribed to topic '/scan'
[INFO] [1764405181.595979387] [rosbag2_recorder]: All requested topics are subscribed. Stopping discovery...
[WARN] [1764405182.569129019] [rosbag2_recorder]: New publisher discovered on topic '/tf', offering incompatible QoS. No messages will be sent to it. Last incompatible policy: DURABILITY_QOS_POLICY
[WARN] [1764405182.569828330] [rosbag2_recorder]: New publisher discovered on topic '/tf', offering incompatible QoS. No messages will be sent to it. Last incompatible policy: DURABILITY_QOS_POLICY
[INFO] [1764405230.451681997] [rosbag2_cpp]: Writing remaining messages from cache to the bag. It may take a while
[INFO] [1764405230.452540385] [rosbag2_recorder]: Event publisher thread: Exiting
[INFO] [1764405230.452583027] [rosbag2_recorder]: Recording stopped
