stdin is not a terminal device. Keyboard handling disabled.[INFO] [1764257813.053171604] [rosbag2_recorder]: Press SPACE for pausing/resuming
[INFO] [1764257813.054023195] [rosbag2_storage]: Opened database '/home/mobrob/ros_ws/dwa_baseline_2/world259_1127_073652/world259_1127_073652_0.db3' for READ_WRITE.
[INFO] [1764257813.054571289] [rosbag2_recorder]: Listening for topics...
[INFO] [1764257813.054678514] [rosbag2_recorder]: Recording...
[INFO] [1764257813.054580111] [rosbag2_recorder]: Event publisher thread: Starting
[INFO] [1764257813.157135652] [rosbag2_recorder]: Subscribed to topic '/odom'
[INFO] [1764257813.158017169] [rosbag2_recorder]: Subscribed to topic '/plan_barn'
[INFO] [1764257813.158580600] [rosbag2_recorder]: Subscribed to topic '/plan_barn_odom'
[INFO] [1764257813.160034269] [rosbag2_recorder]: Subscribed to topic '/tf'
[WARN] [1764257814.064840054] [rosbag2_recorder]: New publisher discovered on topic '/tf', offering incompatible QoS. No messages will be sent to it. Last incompatible policy: DURABILITY_QOS_POLICY
[WARN] [1764257814.068951456] [rosbag2_recorder]: New publisher discovered on topic '/tf', offering incompatible QoS. No messages will be sent to it. Last incompatible policy: DURABILITY_QOS_POLICY
[WARN] [1764257814.071091903] [rosbag2_recorder]: A new publisher for subscribed topic /tf was found offering RMW_QOS_POLICY_DURABILITY_VOLATILE, but rosbag2 already subscribed requesting RMW_QOS_POLICY_DURABILITY_TRANSIENT_LOCAL. Messages from this new publisher will not be recorded.
[WARN] [1764257814.071124735] [rosbag2_recorder]: A new publisher for subscribed topic /tf was found offering RMW_QOS_POLICY_DURABILITY_VOLATILE, but rosbag2 already subscribed requesting RMW_QOS_POLICY_DURABILITY_TRANSIENT_LOCAL. Messages from this new publisher will not be recorded.
[INFO] [1764257814.073585531] [rosbag2_recorder]: Subscribed to topic '/cmd_vel'
[INFO] [1764257814.074794661] [rosbag2_recorder]: Subscribed to topic '/tf_static'
[WARN] [1764257815.055131658] [rosbag2_recorder]: New publisher discovered on topic '/tf', offering incompatible QoS. No messages will be sent to it. Last incompatible policy: DURABILITY_QOS_POLICY
[INFO] [1764257815.103339375] [rosbag2_recorder]: Subscribed to topic '/scan'
[INFO] [1764257815.103385065] [rosbag2_recorder]: All requested topics are subscribed. Stopping discovery...
[INFO] [1764257819.931922622] [rosbag2_cpp]: Writing remaining messages from cache to the bag. It may take a while
[INFO] [1764257819.932381367] [rosbag2_recorder]: Event publisher thread: Exiting
[INFO] [1764257819.932409917] [rosbag2_recorder]: Recording stopped
