stdin is not a terminal device. Keyboard handling disabled.[INFO] [1764494244.465737887] [rosbag2_recorder]: Press SPACE for pausing/resuming
[INFO] [1764494244.466611795] [rosbag2_storage]: Opened database '/home/mobrob/ros_ws/dwa_baseline_2/world287_1130_011724/world287_1130_011724_0.db3' for READ_WRITE.
[INFO] [1764494244.467650971] [rosbag2_recorder]: Listening for topics...
[INFO] [1764494244.467666219] [rosbag2_recorder]: Event publisher thread: Starting
[INFO] [1764494244.467789867] [rosbag2_recorder]: Recording...
[INFO] [1764494244.571445349] [rosbag2_recorder]: Subscribed to topic '/cmd_vel'
[INFO] [1764494244.572433403] [rosbag2_recorder]: Subscribed to topic '/odom'
[INFO] [1764494244.573308794] [rosbag2_recorder]: Subscribed to topic '/tf'
[INFO] [1764494244.573935952] [rosbag2_recorder]: Subscribed to topic '/tf_static'
[WARN] [1764494245.465627894] [rosbag2_recorder]: New publisher discovered on topic '/tf', offering incompatible QoS. No messages will be sent to it. Last incompatible policy: DURABILITY_QOS_POLICY
[WARN] [1764494245.476432361] [rosbag2_recorder]: New publisher discovered on topic '/tf', offering incompatible QoS. No messages will be sent to it. Last incompatible policy: DURABILITY_QOS_POLICY
[WARN] [1764494245.476886863] [rosbag2_recorder]: New publisher discovered on topic '/tf', offering incompatible QoS. No messages will be sent to it. Last incompatible policy: DURABILITY_QOS_POLICY
[WARN] [1764494245.490070617] [rosbag2_recorder]: A new publisher for subscribed topic /tf was found offering RMW_QOS_POLICY_DURABILITY_VOLATILE, but rosbag2 already subscribed requesting RMW_QOS_POLICY_DURABILITY_TRANSIENT_LOCAL. Messages from this new publisher will not be recorded.
[WARN] [1764494245.490109355] [rosbag2_recorder]: A new publisher for subscribed topic /tf was found offering RMW_QOS_POLICY_DURABILITY_VOLATILE, but rosbag2 already subscribed requesting RMW_QOS_POLICY_DURABILITY_TRANSIENT_LOCAL. Messages from this new publisher will not be recorded.
[WARN] [1764494245.490115131] [rosbag2_recorder]: A new publisher for subscribed topic /tf was found offering RMW_QOS_POLICY_DURABILITY_VOLATILE, but rosbag2 already subscribed requesting RMW_QOS_POLICY_DURABILITY_TRANSIENT_LOCAL. Messages from this new publisher will not be recorded.
[INFO] [1764494245.491137699] [rosbag2_recorder]: Subscribed to topic '/plan_barn'
[INFO] [1764494245.491997094] [rosbag2_recorder]: Subscribed to topic '/plan_barn_odom'
[INFO] [1764494245.493596083] [rosbag2_recorder]: Subscribed to topic '/scan'
[INFO] [1764494245.493618151] [rosbag2_recorder]: All requested topics are subscribed. Stopping discovery...
[INFO] [1764494326.337982448] [rosbag2_cpp]: Writing remaining messages from cache to the bag. It may take a while
[INFO] [1764494326.338892024] [rosbag2_recorder]: Event publisher thread: Exiting
[INFO] [1764494326.338941851] [rosbag2_recorder]: Recording stopped
