stdin is not a terminal device. Keyboard handling disabled.[INFO] [1764629306.056912686] [rosbag2_recorder]: Press SPACE for pausing/resuming
[INFO] [1764629306.058263664] [rosbag2_storage]: Opened database '/home/mobrob/ros_ws/dwa_baseline_2/world289_1201_144825/world289_1201_144825_0.db3' for READ_WRITE.
[INFO] [1764629306.059200981] [rosbag2_recorder]: Listening for topics...
[INFO] [1764629306.059210566] [rosbag2_recorder]: Event publisher thread: Starting
[INFO] [1764629306.059318399] [rosbag2_recorder]: Recording...
[INFO] [1764629306.162975599] [rosbag2_recorder]: Subscribed to topic '/cmd_vel'
[INFO] [1764629306.164430933] [rosbag2_recorder]: Subscribed to topic '/odom'
[INFO] [1764629306.165775267] [rosbag2_recorder]: Subscribed to topic '/tf'
[INFO] [1764629307.079064268] [rosbag2_recorder]: Subscribed to topic '/tf_static'
[WARN] [1764629307.081804247] [rosbag2_recorder]: New publisher discovered on topic '/tf', offering incompatible QoS. No messages will be sent to it. Last incompatible policy: DURABILITY_QOS_POLICY
[WARN] [1764629307.082479401] [rosbag2_recorder]: New publisher discovered on topic '/tf', offering incompatible QoS. No messages will be sent to it. Last incompatible policy: DURABILITY_QOS_POLICY
[WARN] [1764629307.182696246] [rosbag2_recorder]: A new publisher for subscribed topic /tf was found offering RMW_QOS_POLICY_DURABILITY_VOLATILE, but rosbag2 already subscribed requesting RMW_QOS_POLICY_DURABILITY_TRANSIENT_LOCAL. Messages from this new publisher will not be recorded.
[WARN] [1764629307.182746594] [rosbag2_recorder]: A new publisher for subscribed topic /tf was found offering RMW_QOS_POLICY_DURABILITY_VOLATILE, but rosbag2 already subscribed requesting RMW_QOS_POLICY_DURABILITY_TRANSIENT_LOCAL. Messages from this new publisher will not be recorded.
[INFO] [1764629307.184450626] [rosbag2_recorder]: Subscribed to topic '/scan'
[WARN] [1764629308.058171509] [rosbag2_recorder]: New publisher discovered on topic '/tf', offering incompatible QoS. No messages will be sent to it. Last incompatible policy: DURABILITY_QOS_POLICY
[INFO] [1764629308.110990846] [rosbag2_recorder]: Subscribed to topic '/plan_barn'
[INFO] [1764629308.111917005] [rosbag2_recorder]: Subscribed to topic '/plan_barn_odom'
[INFO] [1764629308.111939002] [rosbag2_recorder]: All requested topics are subscribed. Stopping discovery...
[INFO] [1764629376.914861272] [rosbag2_cpp]: Writing remaining messages from cache to the bag. It may take a while
[INFO] [1764629376.915493575] [rosbag2_recorder]: Event publisher thread: Exiting
[INFO] [1764629376.915529569] [rosbag2_recorder]: Recording stopped
