stdin is not a terminal device. Keyboard handling disabled.[INFO] [1764578569.007454090] [rosbag2_recorder]: Press SPACE for pausing/resuming
[INFO] [1764578569.008267053] [rosbag2_storage]: Opened database '/home/mobrob/ros_ws/dwa_baseline_2/world137_1201_004248/world137_1201_004248_0.db3' for READ_WRITE.
[INFO] [1764578569.008775011] [rosbag2_recorder]: Listening for topics...
[INFO] [1764578569.008786606] [rosbag2_recorder]: Event publisher thread: Starting
[INFO] [1764578569.008849486] [rosbag2_recorder]: Recording...
[INFO] [1764578569.111488844] [rosbag2_recorder]: Subscribed to topic '/cmd_vel'
[INFO] [1764578569.112393061] [rosbag2_recorder]: Subscribed to topic '/odom'
[INFO] [1764578569.113201279] [rosbag2_recorder]: Subscribed to topic '/tf'
[WARN] [1764578570.018959720] [rosbag2_recorder]: New publisher discovered on topic '/tf', offering incompatible QoS. No messages will be sent to it. Last incompatible policy: DURABILITY_QOS_POLICY
[WARN] [1764578570.019863354] [rosbag2_recorder]: New publisher discovered on topic '/tf', offering incompatible QoS. No messages will be sent to it. Last incompatible policy: DURABILITY_QOS_POLICY
[WARN] [1764578570.026684159] [rosbag2_recorder]: A new publisher for subscribed topic /tf was found offering RMW_QOS_POLICY_DURABILITY_VOLATILE, but rosbag2 already subscribed requesting RMW_QOS_POLICY_DURABILITY_TRANSIENT_LOCAL. Messages from this new publisher will not be recorded.
[WARN] [1764578570.026721306] [rosbag2_recorder]: A new publisher for subscribed topic /tf was found offering RMW_QOS_POLICY_DURABILITY_VOLATILE, but rosbag2 already subscribed requesting RMW_QOS_POLICY_DURABILITY_TRANSIENT_LOCAL. Messages from this new publisher will not be recorded.
[INFO] [1764578570.027709341] [rosbag2_recorder]: Subscribed to topic '/plan_barn'
[INFO] [1764578570.028636101] [rosbag2_recorder]: Subscribed to topic '/plan_barn_odom'
[INFO] [1764578570.029784423] [rosbag2_recorder]: Subscribed to topic '/scan'
[INFO] [1764578570.030514394] [rosbag2_recorder]: Subscribed to topic '/tf_static'
[INFO] [1764578570.030532319] [rosbag2_recorder]: All requested topics are subscribed. Stopping discovery...
[WARN] [1764578571.005845506] [rosbag2_recorder]: New publisher discovered on topic '/tf', offering incompatible QoS. No messages will be sent to it. Last incompatible policy: DURABILITY_QOS_POLICY
[INFO] [1764578682.888742506] [rosbag2_cpp]: Writing remaining messages from cache to the bag. It may take a while
[INFO] [1764578682.889340413] [rosbag2_recorder]: Event publisher thread: Exiting
[INFO] [1764578682.889389835] [rosbag2_recorder]: Recording stopped
