stdin is not a terminal device. Keyboard handling disabled.[INFO] [1764561590.656465451] [rosbag2_recorder]: Press SPACE for pausing/resuming
[INFO] [1764561590.657201700] [rosbag2_storage]: Opened database '/home/mobrob/ros_ws/dwa_baseline_2/world85_1130_195950/world85_1130_195950_0.db3' for READ_WRITE.
[INFO] [1764561590.657794713] [rosbag2_recorder]: Listening for topics...
[INFO] [1764561590.657806553] [rosbag2_recorder]: Event publisher thread: Starting
[INFO] [1764561590.657864602] [rosbag2_recorder]: Recording...
[INFO] [1764561590.760953290] [rosbag2_recorder]: Subscribed to topic '/cmd_vel'
[INFO] [1764561590.762322615] [rosbag2_recorder]: Subscribed to topic '/odom'
[INFO] [1764561590.763651907] [rosbag2_recorder]: Subscribed to topic '/tf'
[WARN] [1764561591.661711936] [rosbag2_recorder]: New publisher discovered on topic '/tf', offering incompatible QoS. No messages will be sent to it. Last incompatible policy: DURABILITY_QOS_POLICY
[WARN] [1764561591.674766843] [rosbag2_recorder]: New publisher discovered on topic '/tf', offering incompatible QoS. No messages will be sent to it. Last incompatible policy: DURABILITY_QOS_POLICY
[WARN] [1764561591.679372417] [rosbag2_recorder]: A new publisher for subscribed topic /tf was found offering RMW_QOS_POLICY_DURABILITY_VOLATILE, but rosbag2 already subscribed requesting RMW_QOS_POLICY_DURABILITY_TRANSIENT_LOCAL. Messages from this new publisher will not be recorded.
[WARN] [1764561591.679405463] [rosbag2_recorder]: A new publisher for subscribed topic /tf was found offering RMW_QOS_POLICY_DURABILITY_VOLATILE, but rosbag2 already subscribed requesting RMW_QOS_POLICY_DURABILITY_TRANSIENT_LOCAL. Messages from this new publisher will not be recorded.
[INFO] [1764561591.680409834] [rosbag2_recorder]: Subscribed to topic '/plan_barn'
[INFO] [1764561591.681290094] [rosbag2_recorder]: Subscribed to topic '/plan_barn_odom'
[INFO] [1764561591.682420327] [rosbag2_recorder]: Subscribed to topic '/tf_static'
[WARN] [1764561592.655826732] [rosbag2_recorder]: New publisher discovered on topic '/tf', offering incompatible QoS. No messages will be sent to it. Last incompatible policy: DURABILITY_QOS_POLICY
[INFO] [1764561592.721182006] [rosbag2_recorder]: Subscribed to topic '/scan'
[INFO] [1764561592.721223635] [rosbag2_recorder]: All requested topics are subscribed. Stopping discovery...
[INFO] [1764561593.541561705] [rosbag2_cpp]: Writing remaining messages from cache to the bag. It may take a while
[INFO] [1764561593.542046016] [rosbag2_recorder]: Event publisher thread: Exiting
[INFO] [1764561593.542094990] [rosbag2_recorder]: Recording stopped
