stdin is not a terminal device. Keyboard handling disabled.[INFO] [1764398065.212190338] [rosbag2_recorder]: Press SPACE for pausing/resuming
[INFO] [1764398065.213451121] [rosbag2_storage]: Opened database '/home/mobrob/ros_ws/dwa_baseline_2/world18_1128_223425/world18_1128_223425_0.db3' for READ_WRITE.
[INFO] [1764398065.214061099] [rosbag2_recorder]: Listening for topics...
[INFO] [1764398065.214169746] [rosbag2_recorder]: Recording...
[INFO] [1764398065.215389079] [rosbag2_recorder]: Event publisher thread: Starting
[INFO] [1764398065.317245254] [rosbag2_recorder]: Subscribed to topic '/cmd_vel'
[INFO] [1764398065.318659061] [rosbag2_recorder]: Subscribed to topic '/odom'
[INFO] [1764398065.319498173] [rosbag2_recorder]: Subscribed to topic '/plan_barn'
[INFO] [1764398065.320242153] [rosbag2_recorder]: Subscribed to topic '/plan_barn_odom'
[INFO] [1764398065.321326494] [rosbag2_recorder]: Subscribed to topic '/tf'
[INFO] [1764398066.236508663] [rosbag2_recorder]: Subscribed to topic '/tf_static'
[WARN] [1764398066.237554879] [rosbag2_recorder]: New publisher discovered on topic '/tf', offering incompatible QoS. No messages will be sent to it. Last incompatible policy: DURABILITY_QOS_POLICY
[WARN] [1764398066.340217689] [rosbag2_recorder]: A new publisher for subscribed topic /tf was found offering RMW_QOS_POLICY_DURABILITY_VOLATILE, but rosbag2 already subscribed requesting RMW_QOS_POLICY_DURABILITY_TRANSIENT_LOCAL. Messages from this new publisher will not be recorded.
[WARN] [1764398067.209112586] [rosbag2_recorder]: New publisher discovered on topic '/tf', offering incompatible QoS. No messages will be sent to it. Last incompatible policy: DURABILITY_QOS_POLICY
[WARN] [1764398067.209202998] [rosbag2_recorder]: New publisher discovered on topic '/tf', offering incompatible QoS. No messages will be sent to it. Last incompatible policy: DURABILITY_QOS_POLICY
[INFO] [1764398067.273388981] [rosbag2_recorder]: Subscribed to topic '/scan'
[INFO] [1764398067.273430139] [rosbag2_recorder]: All requested topics are subscribed. Stopping discovery...
[INFO] [1764398117.097394875] [rosbag2_cpp]: Writing remaining messages from cache to the bag. It may take a while
[INFO] [1764398117.098190140] [rosbag2_recorder]: Event publisher thread: Exiting
[INFO] [1764398117.098231003] [rosbag2_recorder]: Recording stopped
