stdin is not a terminal device. Keyboard handling disabled.[INFO] [1764480763.057278082] [rosbag2_recorder]: Press SPACE for pausing/resuming
[INFO] [1764480763.058030341] [rosbag2_storage]: Opened database '/home/mobrob/ros_ws/dwa_baseline_2/world250_1129_213242/world250_1129_213242_0.db3' for READ_WRITE.
[INFO] [1764480763.058817871] [rosbag2_recorder]: Listening for topics...
[INFO] [1764480763.058835347] [rosbag2_recorder]: Event publisher thread: Starting
[INFO] [1764480763.058955775] [rosbag2_recorder]: Recording...
[INFO] [1764480763.163205337] [rosbag2_recorder]: Subscribed to topic '/cmd_vel'
[INFO] [1764480763.164836167] [rosbag2_recorder]: Subscribed to topic '/odom'
[INFO] [1764480763.165986624] [rosbag2_recorder]: Subscribed to topic '/plan_barn'
[INFO] [1764480763.167026188] [rosbag2_recorder]: Subscribed to topic '/plan_barn_odom'
[INFO] [1764480763.168649026] [rosbag2_recorder]: Subscribed to topic '/scan'
[INFO] [1764480763.170576649] [rosbag2_recorder]: Subscribed to topic '/tf'
[WARN] [1764480764.058346239] [rosbag2_recorder]: New publisher discovered on topic '/tf', offering incompatible QoS. No messages will be sent to it. Last incompatible policy: DURABILITY_QOS_POLICY
[WARN] [1764480764.076512076] [rosbag2_recorder]: New publisher discovered on topic '/tf', offering incompatible QoS. No messages will be sent to it. Last incompatible policy: DURABILITY_QOS_POLICY
[WARN] [1764480764.084896372] [rosbag2_recorder]: A new publisher for subscribed topic /tf was found offering RMW_QOS_POLICY_DURABILITY_VOLATILE, but rosbag2 already subscribed requesting RMW_QOS_POLICY_DURABILITY_TRANSIENT_LOCAL. Messages from this new publisher will not be recorded.
[WARN] [1764480764.084935419] [rosbag2_recorder]: A new publisher for subscribed topic /tf was found offering RMW_QOS_POLICY_DURABILITY_VOLATILE, but rosbag2 already subscribed requesting RMW_QOS_POLICY_DURABILITY_TRANSIENT_LOCAL. Messages from this new publisher will not be recorded.
[INFO] [1764480764.085991586] [rosbag2_recorder]: Subscribed to topic '/tf_static'
[INFO] [1764480764.086015784] [rosbag2_recorder]: All requested topics are subscribed. Stopping discovery...
[WARN] [1764480765.058244671] [rosbag2_recorder]: New publisher discovered on topic '/tf', offering incompatible QoS. No messages will be sent to it. Last incompatible policy: DURABILITY_QOS_POLICY
[INFO] [1764480769.934402438] [rosbag2_cpp]: Writing remaining messages from cache to the bag. It may take a while
[INFO] [1764480769.934915291] [rosbag2_recorder]: Event publisher thread: Exiting
[INFO] [1764480769.934961554] [rosbag2_recorder]: Recording stopped
