stdin is not a terminal device. Keyboard handling disabled.[INFO] [1764233893.718496455] [rosbag2_recorder]: Press SPACE for pausing/resuming
[INFO] [1764233893.719287379] [rosbag2_storage]: Opened database '/home/mobrob/ros_ws/dwa_baseline_2/world212_1127_005813/world212_1127_005813_0.db3' for READ_WRITE.
[INFO] [1764233893.720142613] [rosbag2_recorder]: Listening for topics...
[INFO] [1764233893.720173603] [rosbag2_recorder]: Event publisher thread: Starting
[INFO] [1764233893.720279100] [rosbag2_recorder]: Recording...
[INFO] [1764233893.823575760] [rosbag2_recorder]: Subscribed to topic '/cmd_vel'
[INFO] [1764233893.824502616] [rosbag2_recorder]: Subscribed to topic '/odom'
[INFO] [1764233893.825358018] [rosbag2_recorder]: Subscribed to topic '/tf'
[INFO] [1764233893.825855020] [rosbag2_recorder]: Subscribed to topic '/tf_static'
[WARN] [1764233894.727790224] [rosbag2_recorder]: New publisher discovered on topic '/tf', offering incompatible QoS. No messages will be sent to it. Last incompatible policy: DURABILITY_QOS_POLICY
[WARN] [1764233894.735138043] [rosbag2_recorder]: New publisher discovered on topic '/tf', offering incompatible QoS. No messages will be sent to it. Last incompatible policy: DURABILITY_QOS_POLICY
[WARN] [1764233894.736858995] [rosbag2_recorder]: A new publisher for subscribed topic /tf was found offering RMW_QOS_POLICY_DURABILITY_VOLATILE, but rosbag2 already subscribed requesting RMW_QOS_POLICY_DURABILITY_TRANSIENT_LOCAL. Messages from this new publisher will not be recorded.
[WARN] [1764233894.736891036] [rosbag2_recorder]: A new publisher for subscribed topic /tf was found offering RMW_QOS_POLICY_DURABILITY_VOLATILE, but rosbag2 already subscribed requesting RMW_QOS_POLICY_DURABILITY_TRANSIENT_LOCAL. Messages from this new publisher will not be recorded.
[WARN] [1764233894.736895494] [rosbag2_recorder]: A new publisher for subscribed topic /tf was found offering RMW_QOS_POLICY_DURABILITY_VOLATILE, but rosbag2 already subscribed requesting RMW_QOS_POLICY_DURABILITY_TRANSIENT_LOCAL. Messages from this new publisher will not be recorded.
[INFO] [1764233894.738313550] [rosbag2_recorder]: Subscribed to topic '/plan_barn'
[INFO] [1764233894.739602400] [rosbag2_recorder]: Subscribed to topic '/plan_barn_odom'
[INFO] [1764233894.740772703] [rosbag2_recorder]: Subscribed to topic '/scan'
[INFO] [1764233894.740788458] [rosbag2_recorder]: All requested topics are subscribed. Stopping discovery...
[INFO] [1764233900.588074781] [rosbag2_cpp]: Writing remaining messages from cache to the bag. It may take a while
[INFO] [1764233900.588811806] [rosbag2_recorder]: Event publisher thread: Exiting
[INFO] [1764233900.588847721] [rosbag2_recorder]: Recording stopped
