stdin is not a terminal device. Keyboard handling disabled.[INFO] [1764268039.615884376] [rosbag2_recorder]: Press SPACE for pausing/resuming
[INFO] [1764268039.616610693] [rosbag2_storage]: Opened database '/home/mobrob/ros_ws/dwa_baseline_2/world279_1127_102719/world279_1127_102719_0.db3' for READ_WRITE.
[INFO] [1764268039.620581772] [rosbag2_recorder]: Listening for topics...
[INFO] [1764268039.620650677] [rosbag2_recorder]: Event publisher thread: Starting
[INFO] [1764268039.620702072] [rosbag2_recorder]: Recording...
[INFO] [1764268039.724237743] [rosbag2_recorder]: Subscribed to topic '/cmd_vel'
[INFO] [1764268039.725258619] [rosbag2_recorder]: Subscribed to topic '/odom'
[INFO] [1764268039.726065190] [rosbag2_recorder]: Subscribed to topic '/scan'
[INFO] [1764268039.726905862] [rosbag2_recorder]: Subscribed to topic '/tf'
[INFO] [1764268039.727417891] [rosbag2_recorder]: Subscribed to topic '/tf_static'
[WARN] [1764268040.622237240] [rosbag2_recorder]: New publisher discovered on topic '/tf', offering incompatible QoS. No messages will be sent to it. Last incompatible policy: DURABILITY_QOS_POLICY
[WARN] [1764268040.641819120] [rosbag2_recorder]: A new publisher for subscribed topic /tf was found offering RMW_QOS_POLICY_DURABILITY_VOLATILE, but rosbag2 already subscribed requesting RMW_QOS_POLICY_DURABILITY_TRANSIENT_LOCAL. Messages from this new publisher will not be recorded.
[WARN] [1764268040.641853050] [rosbag2_recorder]: A new publisher for subscribed topic /tf was found offering RMW_QOS_POLICY_DURABILITY_VOLATILE, but rosbag2 already subscribed requesting RMW_QOS_POLICY_DURABILITY_TRANSIENT_LOCAL. Messages from this new publisher will not be recorded.
[WARN] [1764268040.641856083] [rosbag2_recorder]: A new publisher for subscribed topic /tf was found offering RMW_QOS_POLICY_DURABILITY_VOLATILE, but rosbag2 already subscribed requesting RMW_QOS_POLICY_DURABILITY_TRANSIENT_LOCAL. Messages from this new publisher will not be recorded.
[INFO] [1764268040.642812275] [rosbag2_recorder]: Subscribed to topic '/plan_barn'
[INFO] [1764268040.643944399] [rosbag2_recorder]: Subscribed to topic '/plan_barn_odom'
[INFO] [1764268040.643965662] [rosbag2_recorder]: All requested topics are subscribed. Stopping discovery...
[INFO] [1764268046.499171307] [rosbag2_cpp]: Writing remaining messages from cache to the bag. It may take a while
[INFO] [1764268046.499857457] [rosbag2_recorder]: Event publisher thread: Exiting
[INFO] [1764268046.499923737] [rosbag2_recorder]: Recording stopped
