stdin is not a terminal device. Keyboard handling disabled.[INFO] [1764209969.880808441] [rosbag2_recorder]: Press SPACE for pausing/resuming
[INFO] [1764209969.881610947] [rosbag2_storage]: Opened database '/home/mobrob/ros_ws/dwa_baseline_2/world168_1126_181929/world168_1126_181929_0.db3' for READ_WRITE.
[INFO] [1764209969.882002708] [rosbag2_recorder]: Listening for topics...
[INFO] [1764209969.882017611] [rosbag2_recorder]: Event publisher thread: Starting
[INFO] [1764209969.882077549] [rosbag2_recorder]: Recording...
[INFO] [1764209969.984357924] [rosbag2_recorder]: Subscribed to topic '/odom'
[INFO] [1764209969.985969999] [rosbag2_recorder]: Subscribed to topic '/tf'
[WARN] [1764209970.885389972] [rosbag2_recorder]: New publisher discovered on topic '/tf', offering incompatible QoS. No messages will be sent to it. Last incompatible policy: DURABILITY_QOS_POLICY
[WARN] [1764209970.887702123] [rosbag2_recorder]: New publisher discovered on topic '/tf', offering incompatible QoS. No messages will be sent to it. Last incompatible policy: DURABILITY_QOS_POLICY
[WARN] [1764209970.889403995] [rosbag2_recorder]: New publisher discovered on topic '/tf', offering incompatible QoS. No messages will be sent to it. Last incompatible policy: DURABILITY_QOS_POLICY
[WARN] [1764209970.896270972] [rosbag2_recorder]: A new publisher for subscribed topic /tf was found offering RMW_QOS_POLICY_DURABILITY_VOLATILE, but rosbag2 already subscribed requesting RMW_QOS_POLICY_DURABILITY_TRANSIENT_LOCAL. Messages from this new publisher will not be recorded.
[WARN] [1764209970.896318863] [rosbag2_recorder]: A new publisher for subscribed topic /tf was found offering RMW_QOS_POLICY_DURABILITY_VOLATILE, but rosbag2 already subscribed requesting RMW_QOS_POLICY_DURABILITY_TRANSIENT_LOCAL. Messages from this new publisher will not be recorded.
[WARN] [1764209970.896324086] [rosbag2_recorder]: A new publisher for subscribed topic /tf was found offering RMW_QOS_POLICY_DURABILITY_VOLATILE, but rosbag2 already subscribed requesting RMW_QOS_POLICY_DURABILITY_TRANSIENT_LOCAL. Messages from this new publisher will not be recorded.
[INFO] [1764209970.900418736] [rosbag2_recorder]: Subscribed to topic '/cmd_vel'
[INFO] [1764209970.902333816] [rosbag2_recorder]: Subscribed to topic '/plan_barn'
[INFO] [1764209970.903870234] [rosbag2_recorder]: Subscribed to topic '/plan_barn_odom'
[INFO] [1764209970.905418162] [rosbag2_recorder]: Subscribed to topic '/tf_static'
[INFO] [1764209971.933751267] [rosbag2_recorder]: Subscribed to topic '/scan'
[INFO] [1764209971.933782631] [rosbag2_recorder]: All requested topics are subscribed. Stopping discovery...
[INFO] [1764209976.762865141] [rosbag2_cpp]: Writing remaining messages from cache to the bag. It may take a while
[INFO] [1764209976.763380560] [rosbag2_recorder]: Event publisher thread: Exiting
[INFO] [1764209976.763431439] [rosbag2_recorder]: Recording stopped
