stdin is not a terminal device. Keyboard handling disabled.[INFO] [1764432899.110294506] [rosbag2_recorder]: Press SPACE for pausing/resuming
[INFO] [1764432899.111066885] [rosbag2_storage]: Opened database '/home/mobrob/ros_ws/dwa_baseline_2/world121_1129_081458/world121_1129_081458_0.db3' for READ_WRITE.
[INFO] [1764432899.111440546] [rosbag2_recorder]: Listening for topics...
[INFO] [1764432899.111454155] [rosbag2_recorder]: Event publisher thread: Starting
[INFO] [1764432899.111514670] [rosbag2_recorder]: Recording...
[INFO] [1764432899.214942708] [rosbag2_recorder]: Subscribed to topic '/odom'
[INFO] [1764432899.215889388] [rosbag2_recorder]: Subscribed to topic '/scan'
[INFO] [1764432899.216861459] [rosbag2_recorder]: Subscribed to topic '/tf'
[WARN] [1764432900.114967759] [rosbag2_recorder]: New publisher discovered on topic '/tf', offering incompatible QoS. No messages will be sent to it. Last incompatible policy: DURABILITY_QOS_POLICY
[WARN] [1764432900.117547544] [rosbag2_recorder]: New publisher discovered on topic '/tf', offering incompatible QoS. No messages will be sent to it. Last incompatible policy: DURABILITY_QOS_POLICY
[WARN] [1764432900.121612962] [rosbag2_recorder]: New publisher discovered on topic '/tf', offering incompatible QoS. No messages will be sent to it. Last incompatible policy: DURABILITY_QOS_POLICY
[WARN] [1764432900.133639583] [rosbag2_recorder]: A new publisher for subscribed topic /tf was found offering RMW_QOS_POLICY_DURABILITY_VOLATILE, but rosbag2 already subscribed requesting RMW_QOS_POLICY_DURABILITY_TRANSIENT_LOCAL. Messages from this new publisher will not be recorded.
[WARN] [1764432900.133674047] [rosbag2_recorder]: A new publisher for subscribed topic /tf was found offering RMW_QOS_POLICY_DURABILITY_VOLATILE, but rosbag2 already subscribed requesting RMW_QOS_POLICY_DURABILITY_TRANSIENT_LOCAL. Messages from this new publisher will not be recorded.
[WARN] [1764432900.133676952] [rosbag2_recorder]: A new publisher for subscribed topic /tf was found offering RMW_QOS_POLICY_DURABILITY_VOLATILE, but rosbag2 already subscribed requesting RMW_QOS_POLICY_DURABILITY_TRANSIENT_LOCAL. Messages from this new publisher will not be recorded.
[INFO] [1764432900.135005084] [rosbag2_recorder]: Subscribed to topic '/cmd_vel'
[INFO] [1764432900.135791907] [rosbag2_recorder]: Subscribed to topic '/plan_barn'
[INFO] [1764432900.136473225] [rosbag2_recorder]: Subscribed to topic '/plan_barn_odom'
[INFO] [1764432900.137246299] [rosbag2_recorder]: Subscribed to topic '/tf_static'
[INFO] [1764432900.137257269] [rosbag2_recorder]: All requested topics are subscribed. Stopping discovery...
[INFO] [1764432944.990085089] [rosbag2_cpp]: Writing remaining messages from cache to the bag. It may take a while
[INFO] [1764432944.990672946] [rosbag2_recorder]: Event publisher thread: Exiting
[INFO] [1764432944.990719043] [rosbag2_recorder]: Recording stopped
