stdin is not a terminal device. Keyboard handling disabled.[INFO] [1764576258.129101021] [rosbag2_recorder]: Press SPACE for pausing/resuming
[INFO] [1764576258.129885085] [rosbag2_storage]: Opened database '/home/mobrob/ros_ws/dwa_baseline_2/world130_1201_000417/world130_1201_000417_0.db3' for READ_WRITE.
[INFO] [1764576258.130269253] [rosbag2_recorder]: Listening for topics...
[INFO] [1764576258.130285597] [rosbag2_recorder]: Event publisher thread: Starting
[INFO] [1764576258.130353584] [rosbag2_recorder]: Recording...
[INFO] [1764576258.234563008] [rosbag2_recorder]: Subscribed to topic '/cmd_vel'
[INFO] [1764576258.236003040] [rosbag2_recorder]: Subscribed to topic '/odom'
[INFO] [1764576258.237382164] [rosbag2_recorder]: Subscribed to topic '/tf'
[INFO] [1764576258.238130781] [rosbag2_recorder]: Subscribed to topic '/tf_static'
[WARN] [1764576259.133416236] [rosbag2_recorder]: New publisher discovered on topic '/tf', offering incompatible QoS. No messages will be sent to it. Last incompatible policy: DURABILITY_QOS_POLICY
[WARN] [1764576259.133896160] [rosbag2_recorder]: New publisher discovered on topic '/tf', offering incompatible QoS. No messages will be sent to it. Last incompatible policy: DURABILITY_QOS_POLICY
[WARN] [1764576259.135447157] [rosbag2_recorder]: New publisher discovered on topic '/tf', offering incompatible QoS. No messages will be sent to it. Last incompatible policy: DURABILITY_QOS_POLICY
[WARN] [1764576259.156218379] [rosbag2_recorder]: A new publisher for subscribed topic /tf was found offering RMW_QOS_POLICY_DURABILITY_VOLATILE, but rosbag2 already subscribed requesting RMW_QOS_POLICY_DURABILITY_TRANSIENT_LOCAL. Messages from this new publisher will not be recorded.
[WARN] [1764576259.156253839] [rosbag2_recorder]: A new publisher for subscribed topic /tf was found offering RMW_QOS_POLICY_DURABILITY_VOLATILE, but rosbag2 already subscribed requesting RMW_QOS_POLICY_DURABILITY_TRANSIENT_LOCAL. Messages from this new publisher will not be recorded.
[WARN] [1764576259.156256925] [rosbag2_recorder]: A new publisher for subscribed topic /tf was found offering RMW_QOS_POLICY_DURABILITY_VOLATILE, but rosbag2 already subscribed requesting RMW_QOS_POLICY_DURABILITY_TRANSIENT_LOCAL. Messages from this new publisher will not be recorded.
[INFO] [1764576259.157572043] [rosbag2_recorder]: Subscribed to topic '/scan'
[INFO] [1764576260.194470757] [rosbag2_recorder]: Subscribed to topic '/plan_barn'
[INFO] [1764576260.195761199] [rosbag2_recorder]: Subscribed to topic '/plan_barn_odom'
[INFO] [1764576260.195791361] [rosbag2_recorder]: All requested topics are subscribed. Stopping discovery...
[INFO] [1764576306.010173586] [rosbag2_cpp]: Writing remaining messages from cache to the bag. It may take a while
[INFO] [1764576306.010781601] [rosbag2_recorder]: Event publisher thread: Exiting
[INFO] [1764576306.010828355] [rosbag2_recorder]: Recording stopped
