stdin is not a terminal device. Keyboard handling disabled.[INFO] [1764394769.036701373] [rosbag2_recorder]: Press SPACE for pausing/resuming
[INFO] [1764394769.037485506] [rosbag2_storage]: Opened database '/home/mobrob/ros_ws/dwa_baseline_2/world8_1128_213928/world8_1128_213928_0.db3' for READ_WRITE.
[INFO] [1764394769.037899598] [rosbag2_recorder]: Listening for topics...
[INFO] [1764394769.037910304] [rosbag2_recorder]: Event publisher thread: Starting
[INFO] [1764394769.037975952] [rosbag2_recorder]: Recording...
[INFO] [1764394769.140697125] [rosbag2_recorder]: Subscribed to topic '/cmd_vel'
[INFO] [1764394769.142242424] [rosbag2_recorder]: Subscribed to topic '/odom'
[INFO] [1764394769.143648807] [rosbag2_recorder]: Subscribed to topic '/scan'
[INFO] [1764394769.145101392] [rosbag2_recorder]: Subscribed to topic '/tf'
[WARN] [1764394770.036325427] [rosbag2_recorder]: New publisher discovered on topic '/tf', offering incompatible QoS. No messages will be sent to it. Last incompatible policy: DURABILITY_QOS_POLICY
[WARN] [1764394770.055436795] [rosbag2_recorder]: New publisher discovered on topic '/tf', offering incompatible QoS. No messages will be sent to it. Last incompatible policy: DURABILITY_QOS_POLICY
[WARN] [1764394770.059066802] [rosbag2_recorder]: A new publisher for subscribed topic /tf was found offering RMW_QOS_POLICY_DURABILITY_VOLATILE, but rosbag2 already subscribed requesting RMW_QOS_POLICY_DURABILITY_TRANSIENT_LOCAL. Messages from this new publisher will not be recorded.
[WARN] [1764394770.059099271] [rosbag2_recorder]: A new publisher for subscribed topic /tf was found offering RMW_QOS_POLICY_DURABILITY_VOLATILE, but rosbag2 already subscribed requesting RMW_QOS_POLICY_DURABILITY_TRANSIENT_LOCAL. Messages from this new publisher will not be recorded.
[INFO] [1764394770.060084149] [rosbag2_recorder]: Subscribed to topic '/plan_barn_odom'
[INFO] [1764394770.060945482] [rosbag2_recorder]: Subscribed to topic '/tf_static'
[INFO] [1764394770.165619428] [rosbag2_recorder]: Subscribed to topic '/plan_barn'
[INFO] [1764394770.165645537] [rosbag2_recorder]: All requested topics are subscribed. Stopping discovery...
[WARN] [1764394771.031810349] [rosbag2_recorder]: New publisher discovered on topic '/tf', offering incompatible QoS. No messages will be sent to it. Last incompatible policy: DURABILITY_QOS_POLICY
[INFO] [1764394821.913307199] [rosbag2_cpp]: Writing remaining messages from cache to the bag. It may take a while
[INFO] [1764394821.913877537] [rosbag2_recorder]: Event publisher thread: Exiting
[INFO] [1764394821.913918360] [rosbag2_recorder]: Recording stopped
