stdin is not a terminal device. Keyboard handling disabled.[INFO] [1764143443.779585740] [rosbag2_recorder]: Press SPACE for pausing/resuming
[INFO] [1764143443.780334953] [rosbag2_storage]: Opened database '/home/mobrob/ros_ws/dwa_baseline_2/world32_1125_235043/world32_1125_235043_0.db3' for READ_WRITE.
[INFO] [1764143443.780750444] [rosbag2_recorder]: Listening for topics...
[INFO] [1764143443.780783989] [rosbag2_recorder]: Event publisher thread: Starting
[INFO] [1764143443.780844667] [rosbag2_recorder]: Recording...
[INFO] [1764143443.884032740] [rosbag2_recorder]: Subscribed to topic '/odom'
[INFO] [1764143443.885331383] [rosbag2_recorder]: Subscribed to topic '/scan'
[INFO] [1764143443.886351621] [rosbag2_recorder]: Subscribed to topic '/tf'
[INFO] [1764143443.886940023] [rosbag2_recorder]: Subscribed to topic '/tf_static'
[WARN] [1764143444.776073541] [rosbag2_recorder]: New publisher discovered on topic '/tf', offering incompatible QoS. No messages will be sent to it. Last incompatible policy: DURABILITY_QOS_POLICY
[WARN] [1764143444.794993473] [rosbag2_recorder]: A new publisher for subscribed topic /tf was found offering RMW_QOS_POLICY_DURABILITY_VOLATILE, but rosbag2 already subscribed requesting RMW_QOS_POLICY_DURABILITY_TRANSIENT_LOCAL. Messages from this new publisher will not be recorded.
[WARN] [1764143444.795500127] [rosbag2_recorder]: New publisher discovered on topic '/tf', offering incompatible QoS. No messages will be sent to it. Last incompatible policy: DURABILITY_QOS_POLICY
[INFO] [1764143444.798640541] [rosbag2_recorder]: Subscribed to topic '/cmd_vel'
[WARN] [1764143444.799858844] [rosbag2_recorder]: New publisher discovered on topic '/tf', offering incompatible QoS. No messages will be sent to it. Last incompatible policy: DURABILITY_QOS_POLICY
[INFO] [1764143444.903881670] [rosbag2_recorder]: Subscribed to topic '/plan_barn'
[INFO] [1764143444.904725425] [rosbag2_recorder]: Subscribed to topic '/plan_barn_odom'
[INFO] [1764143444.904743829] [rosbag2_recorder]: All requested topics are subscribed. Stopping discovery...
[INFO] [1764143495.658861086] [rosbag2_cpp]: Writing remaining messages from cache to the bag. It may take a while
[INFO] [1764143495.659433646] [rosbag2_recorder]: Event publisher thread: Exiting
[INFO] [1764143495.659468874] [rosbag2_recorder]: Recording stopped
