stdin is not a terminal device. Keyboard handling disabled.[INFO] [1764404493.145698733] [rosbag2_recorder]: Press SPACE for pausing/resuming
[INFO] [1764404493.146916371] [rosbag2_storage]: Opened database '/home/mobrob/ros_ws/dwa_baseline_2/world39_1129_002133/world39_1129_002133_0.db3' for READ_WRITE.
[INFO] [1764404493.148112348] [rosbag2_recorder]: Listening for topics...
[INFO] [1764404493.148169557] [rosbag2_recorder]: Event publisher thread: Starting
[INFO] [1764404493.148250150] [rosbag2_recorder]: Recording...
[INFO] [1764404493.251930637] [rosbag2_recorder]: Subscribed to topic '/cmd_vel'
[INFO] [1764404493.253536565] [rosbag2_recorder]: Subscribed to topic '/odom'
[INFO] [1764404493.254459074] [rosbag2_recorder]: Subscribed to topic '/scan'
[INFO] [1764404493.255463347] [rosbag2_recorder]: Subscribed to topic '/tf'
[INFO] [1764404493.256410904] [rosbag2_recorder]: Subscribed to topic '/tf_static'
[WARN] [1764404494.152177232] [rosbag2_recorder]: New publisher discovered on topic '/tf', offering incompatible QoS. No messages will be sent to it. Last incompatible policy: DURABILITY_QOS_POLICY
[WARN] [1764404494.159105236] [rosbag2_recorder]: New publisher discovered on topic '/tf', offering incompatible QoS. No messages will be sent to it. Last incompatible policy: DURABILITY_QOS_POLICY
[WARN] [1764404494.172522306] [rosbag2_recorder]: A new publisher for subscribed topic /tf was found offering RMW_QOS_POLICY_DURABILITY_VOLATILE, but rosbag2 already subscribed requesting RMW_QOS_POLICY_DURABILITY_TRANSIENT_LOCAL. Messages from this new publisher will not be recorded.
[WARN] [1764404494.172553709] [rosbag2_recorder]: A new publisher for subscribed topic /tf was found offering RMW_QOS_POLICY_DURABILITY_VOLATILE, but rosbag2 already subscribed requesting RMW_QOS_POLICY_DURABILITY_TRANSIENT_LOCAL. Messages from this new publisher will not be recorded.
[INFO] [1764404494.173506474] [rosbag2_recorder]: Subscribed to topic '/plan_barn'
[INFO] [1764404494.174300653] [rosbag2_recorder]: Subscribed to topic '/plan_barn_odom'
[INFO] [1764404494.174323138] [rosbag2_recorder]: All requested topics are subscribed. Stopping discovery...
[WARN] [1764404495.142981274] [rosbag2_recorder]: New publisher discovered on topic '/tf', offering incompatible QoS. No messages will be sent to it. Last incompatible policy: DURABILITY_QOS_POLICY
[INFO] [1764404545.028077470] [rosbag2_cpp]: Writing remaining messages from cache to the bag. It may take a while
[INFO] [1764404545.028612854] [rosbag2_recorder]: Event publisher thread: Exiting
[INFO] [1764404545.028641108] [rosbag2_recorder]: Recording stopped
