stdin is not a terminal device. Keyboard handling disabled.[INFO] [1764182513.051298174] [rosbag2_recorder]: Press SPACE for pausing/resuming
[INFO] [1764182513.052031217] [rosbag2_storage]: Opened database '/home/mobrob/ros_ws/dwa_baseline_2/world115_1126_104152/world115_1126_104152_0.db3' for READ_WRITE.
[INFO] [1764182513.052416818] [rosbag2_recorder]: Listening for topics...
[INFO] [1764182513.052428840] [rosbag2_recorder]: Event publisher thread: Starting
[INFO] [1764182513.052486494] [rosbag2_recorder]: Recording...
[INFO] [1764182513.155683275] [rosbag2_recorder]: Subscribed to topic '/cmd_vel'
[INFO] [1764182513.156992302] [rosbag2_recorder]: Subscribed to topic '/odom'
[INFO] [1764182513.157833082] [rosbag2_recorder]: Subscribed to topic '/scan'
[INFO] [1764182513.158672554] [rosbag2_recorder]: Subscribed to topic '/tf'
[WARN] [1764182514.053419083] [rosbag2_recorder]: New publisher discovered on topic '/tf', offering incompatible QoS. No messages will be sent to it. Last incompatible policy: DURABILITY_QOS_POLICY
[WARN] [1764182514.074731593] [rosbag2_recorder]: A new publisher for subscribed topic /tf was found offering RMW_QOS_POLICY_DURABILITY_VOLATILE, but rosbag2 already subscribed requesting RMW_QOS_POLICY_DURABILITY_TRANSIENT_LOCAL. Messages from this new publisher will not be recorded.
[WARN] [1764182514.081297099] [rosbag2_recorder]: New publisher discovered on topic '/tf', offering incompatible QoS. No messages will be sent to it. Last incompatible policy: DURABILITY_QOS_POLICY
[INFO] [1764182514.179934391] [rosbag2_recorder]: Subscribed to topic '/tf_static'
[WARN] [1764182515.051409826] [rosbag2_recorder]: New publisher discovered on topic '/tf', offering incompatible QoS. No messages will be sent to it. Last incompatible policy: DURABILITY_QOS_POLICY
[INFO] [1764182515.109102511] [rosbag2_recorder]: Subscribed to topic '/plan_barn'
[INFO] [1764182515.110210792] [rosbag2_recorder]: Subscribed to topic '/plan_barn_odom'
[INFO] [1764182515.110245072] [rosbag2_recorder]: All requested topics are subscribed. Stopping discovery...
[INFO] [1764182537.914183253] [rosbag2_cpp]: Writing remaining messages from cache to the bag. It may take a while
[INFO] [1764182537.914755069] [rosbag2_recorder]: Event publisher thread: Exiting
[INFO] [1764182537.914797965] [rosbag2_recorder]: Recording stopped
