stdin is not a terminal device. Keyboard handling disabled.[INFO] [1764400707.044264358] [rosbag2_recorder]: Press SPACE for pausing/resuming
[INFO] [1764400707.045554651] [rosbag2_storage]: Opened database '/home/mobrob/ros_ws/dwa_baseline_2/world26_1128_231826/world26_1128_231826_0.db3' for READ_WRITE.
[INFO] [1764400707.046199920] [rosbag2_recorder]: Listening for topics...
[INFO] [1764400707.046212267] [rosbag2_recorder]: Event publisher thread: Starting
[INFO] [1764400707.046326146] [rosbag2_recorder]: Recording...
[INFO] [1764400707.150331057] [rosbag2_recorder]: Subscribed to topic '/cmd_vel'
[INFO] [1764400707.151212068] [rosbag2_recorder]: Subscribed to topic '/odom'
[INFO] [1764400707.151982249] [rosbag2_recorder]: Subscribed to topic '/scan'
[INFO] [1764400707.152833088] [rosbag2_recorder]: Subscribed to topic '/tf'
[WARN] [1764400708.051453316] [rosbag2_recorder]: New publisher discovered on topic '/tf', offering incompatible QoS. No messages will be sent to it. Last incompatible policy: DURABILITY_QOS_POLICY
[WARN] [1764400708.055451890] [rosbag2_recorder]: New publisher discovered on topic '/tf', offering incompatible QoS. No messages will be sent to it. Last incompatible policy: DURABILITY_QOS_POLICY
[WARN] [1764400708.064554758] [rosbag2_recorder]: A new publisher for subscribed topic /tf was found offering RMW_QOS_POLICY_DURABILITY_VOLATILE, but rosbag2 already subscribed requesting RMW_QOS_POLICY_DURABILITY_TRANSIENT_LOCAL. Messages from this new publisher will not be recorded.
[WARN] [1764400708.064597170] [rosbag2_recorder]: A new publisher for subscribed topic /tf was found offering RMW_QOS_POLICY_DURABILITY_VOLATILE, but rosbag2 already subscribed requesting RMW_QOS_POLICY_DURABILITY_TRANSIENT_LOCAL. Messages from this new publisher will not be recorded.
[INFO] [1764400708.066155008] [rosbag2_recorder]: Subscribed to topic '/plan_barn'
[INFO] [1764400708.067390009] [rosbag2_recorder]: Subscribed to topic '/plan_barn_odom'
[WARN] [1764400709.041619243] [rosbag2_recorder]: New publisher discovered on topic '/tf', offering incompatible QoS. No messages will be sent to it. Last incompatible policy: DURABILITY_QOS_POLICY
[INFO] [1764400709.105709728] [rosbag2_recorder]: Subscribed to topic '/tf_static'
[INFO] [1764400709.105737458] [rosbag2_recorder]: All requested topics are subscribed. Stopping discovery...
[INFO] [1764400761.919140173] [rosbag2_cpp]: Writing remaining messages from cache to the bag. It may take a while
[INFO] [1764400761.920001328] [rosbag2_recorder]: Event publisher thread: Exiting
[INFO] [1764400761.920036214] [rosbag2_recorder]: Recording stopped
