stdin is not a terminal device. Keyboard handling disabled.[INFO] [1764496197.467854829] [rosbag2_recorder]: Press SPACE for pausing/resuming
[INFO] [1764496197.468838020] [rosbag2_storage]: Opened database '/home/mobrob/ros_ws/dwa_baseline_2/world292_1130_014957/world292_1130_014957_0.db3' for READ_WRITE.
[INFO] [1764496197.469668627] [rosbag2_recorder]: Listening for topics...
[INFO] [1764496197.469766038] [rosbag2_recorder]: Recording...
[INFO] [1764496197.470126640] [rosbag2_recorder]: Event publisher thread: Starting
[INFO] [1764496197.572859704] [rosbag2_recorder]: Subscribed to topic '/cmd_vel'
[INFO] [1764496197.574407744] [rosbag2_recorder]: Subscribed to topic '/odom'
[INFO] [1764496197.575608123] [rosbag2_recorder]: Subscribed to topic '/scan'
[INFO] [1764496197.576742291] [rosbag2_recorder]: Subscribed to topic '/tf'
[WARN] [1764496198.470928521] [rosbag2_recorder]: New publisher discovered on topic '/tf', offering incompatible QoS. No messages will be sent to it. Last incompatible policy: DURABILITY_QOS_POLICY
[WARN] [1764496198.473382138] [rosbag2_recorder]: New publisher discovered on topic '/tf', offering incompatible QoS. No messages will be sent to it. Last incompatible policy: DURABILITY_QOS_POLICY
[WARN] [1764496198.493076248] [rosbag2_recorder]: A new publisher for subscribed topic /tf was found offering RMW_QOS_POLICY_DURABILITY_VOLATILE, but rosbag2 already subscribed requesting RMW_QOS_POLICY_DURABILITY_TRANSIENT_LOCAL. Messages from this new publisher will not be recorded.
[WARN] [1764496198.493104751] [rosbag2_recorder]: A new publisher for subscribed topic /tf was found offering RMW_QOS_POLICY_DURABILITY_VOLATILE, but rosbag2 already subscribed requesting RMW_QOS_POLICY_DURABILITY_TRANSIENT_LOCAL. Messages from this new publisher will not be recorded.
[INFO] [1764496198.493967401] [rosbag2_recorder]: Subscribed to topic '/plan_barn'
[INFO] [1764496198.494748604] [rosbag2_recorder]: Subscribed to topic '/plan_barn_odom'
[INFO] [1764496198.495514479] [rosbag2_recorder]: Subscribed to topic '/tf_static'
[INFO] [1764496198.495533364] [rosbag2_recorder]: All requested topics are subscribed. Stopping discovery...
[WARN] [1764496199.463931649] [rosbag2_recorder]: New publisher discovered on topic '/tf', offering incompatible QoS. No messages will be sent to it. Last incompatible policy: DURABILITY_QOS_POLICY
[INFO] [1764496313.349850543] [rosbag2_cpp]: Writing remaining messages from cache to the bag. It may take a while
[INFO] [1764496313.350468158] [rosbag2_recorder]: Event publisher thread: Exiting
[INFO] [1764496313.350507175] [rosbag2_recorder]: Recording stopped
