stdin is not a terminal device. Keyboard handling disabled.[INFO] [1764205389.975004828] [rosbag2_recorder]: Press SPACE for pausing/resuming
[INFO] [1764205389.975860646] [rosbag2_storage]: Opened database '/home/mobrob/ros_ws/dwa_baseline_2/world159_1126_170309/world159_1126_170309_0.db3' for READ_WRITE.
[INFO] [1764205389.976388570] [rosbag2_recorder]: Listening for topics...
[INFO] [1764205389.976435496] [rosbag2_recorder]: Event publisher thread: Starting
[INFO] [1764205389.976494977] [rosbag2_recorder]: Recording...
[INFO] [1764205390.080299039] [rosbag2_recorder]: Subscribed to topic '/cmd_vel'
[INFO] [1764205390.999850454] [rosbag2_recorder]: Subscribed to topic '/scan'
[INFO] [1764205391.001936336] [rosbag2_recorder]: Subscribed to topic '/tf_static'
[INFO] [1764205391.107773024] [rosbag2_recorder]: Subscribed to topic '/odom'
[INFO] [1764205391.108845017] [rosbag2_recorder]: Subscribed to topic '/tf'
[WARN] [1764205391.971182714] [rosbag2_recorder]: New publisher discovered on topic '/tf', offering incompatible QoS. No messages will be sent to it. Last incompatible policy: DURABILITY_QOS_POLICY
[WARN] [1764205391.975655870] [rosbag2_recorder]: New publisher discovered on topic '/tf', offering incompatible QoS. No messages will be sent to it. Last incompatible policy: DURABILITY_QOS_POLICY
[WARN] [1764205391.976539369] [rosbag2_recorder]: New publisher discovered on topic '/tf', offering incompatible QoS. No messages will be sent to it. Last incompatible policy: DURABILITY_QOS_POLICY
[WARN] [1764205392.037353292] [rosbag2_recorder]: A new publisher for subscribed topic /tf was found offering RMW_QOS_POLICY_DURABILITY_VOLATILE, but rosbag2 already subscribed requesting RMW_QOS_POLICY_DURABILITY_TRANSIENT_LOCAL. Messages from this new publisher will not be recorded.
[WARN] [1764205392.037398700] [rosbag2_recorder]: A new publisher for subscribed topic /tf was found offering RMW_QOS_POLICY_DURABILITY_VOLATILE, but rosbag2 already subscribed requesting RMW_QOS_POLICY_DURABILITY_TRANSIENT_LOCAL. Messages from this new publisher will not be recorded.
[WARN] [1764205392.037401968] [rosbag2_recorder]: A new publisher for subscribed topic /tf was found offering RMW_QOS_POLICY_DURABILITY_VOLATILE, but rosbag2 already subscribed requesting RMW_QOS_POLICY_DURABILITY_TRANSIENT_LOCAL. Messages from this new publisher will not be recorded.
[INFO] [1764205392.038620821] [rosbag2_recorder]: Subscribed to topic '/plan_barn'
[INFO] [1764205392.039684919] [rosbag2_recorder]: Subscribed to topic '/plan_barn_odom'
[INFO] [1764205392.039705269] [rosbag2_recorder]: All requested topics are subscribed. Stopping discovery...
[INFO] [1764205433.844410818] [rosbag2_cpp]: Writing remaining messages from cache to the bag. It may take a while
[INFO] [1764205433.844990950] [rosbag2_recorder]: Event publisher thread: Exiting
[INFO] [1764205433.845020631] [rosbag2_recorder]: Recording stopped
