stdin is not a terminal device. Keyboard handling disabled.[INFO] [1764585507.454957759] [rosbag2_recorder]: Press SPACE for pausing/resuming
[INFO] [1764585507.455690354] [rosbag2_storage]: Opened database '/home/mobrob/ros_ws/dwa_baseline_2/world156_1201_023827/world156_1201_023827_0.db3' for READ_WRITE.
[INFO] [1764585507.456236369] [rosbag2_recorder]: Listening for topics...
[INFO] [1764585507.456249326] [rosbag2_recorder]: Event publisher thread: Starting
[INFO] [1764585507.456312097] [rosbag2_recorder]: Recording...
[INFO] [1764585507.559654475] [rosbag2_recorder]: Subscribed to topic '/cmd_vel'
[INFO] [1764585507.560975984] [rosbag2_recorder]: Subscribed to topic '/odom'
[INFO] [1764585507.562287357] [rosbag2_recorder]: Subscribed to topic '/tf'
[INFO] [1764585507.563075710] [rosbag2_recorder]: Subscribed to topic '/tf_static'
[WARN] [1764585508.466265053] [rosbag2_recorder]: New publisher discovered on topic '/tf', offering incompatible QoS. No messages will be sent to it. Last incompatible policy: DURABILITY_QOS_POLICY
[WARN] [1764585508.468354384] [rosbag2_recorder]: New publisher discovered on topic '/tf', offering incompatible QoS. No messages will be sent to it. Last incompatible policy: DURABILITY_QOS_POLICY
[WARN] [1764585508.473392416] [rosbag2_recorder]: New publisher discovered on topic '/tf', offering incompatible QoS. No messages will be sent to it. Last incompatible policy: DURABILITY_QOS_POLICY
[WARN] [1764585508.478395972] [rosbag2_recorder]: A new publisher for subscribed topic /tf was found offering RMW_QOS_POLICY_DURABILITY_VOLATILE, but rosbag2 already subscribed requesting RMW_QOS_POLICY_DURABILITY_TRANSIENT_LOCAL. Messages from this new publisher will not be recorded.
[WARN] [1764585508.478424661] [rosbag2_recorder]: A new publisher for subscribed topic /tf was found offering RMW_QOS_POLICY_DURABILITY_VOLATILE, but rosbag2 already subscribed requesting RMW_QOS_POLICY_DURABILITY_TRANSIENT_LOCAL. Messages from this new publisher will not be recorded.
[WARN] [1764585508.478427512] [rosbag2_recorder]: A new publisher for subscribed topic /tf was found offering RMW_QOS_POLICY_DURABILITY_VOLATILE, but rosbag2 already subscribed requesting RMW_QOS_POLICY_DURABILITY_TRANSIENT_LOCAL. Messages from this new publisher will not be recorded.
[INFO] [1764585508.479305259] [rosbag2_recorder]: Subscribed to topic '/plan_barn'
[INFO] [1764585508.480000865] [rosbag2_recorder]: Subscribed to topic '/plan_barn_odom'
[INFO] [1764585508.481008325] [rosbag2_recorder]: Subscribed to topic '/scan'
[INFO] [1764585508.481037853] [rosbag2_recorder]: All requested topics are subscribed. Stopping discovery...
[INFO] [1764585549.319510111] [rosbag2_cpp]: Writing remaining messages from cache to the bag. It may take a while
[INFO] [1764585549.320100098] [rosbag2_recorder]: Event publisher thread: Exiting
[INFO] [1764585549.320146012] [rosbag2_recorder]: Recording stopped
