stdin is not a terminal device. Keyboard handling disabled.[INFO] [1764220128.747225656] [rosbag2_recorder]: Press SPACE for pausing/resuming
[INFO] [1764220128.748370877] [rosbag2_storage]: Opened database '/home/mobrob/ros_ws/dwa_baseline_2/world186_1126_210848/world186_1126_210848_0.db3' for READ_WRITE.
[INFO] [1764220128.749257069] [rosbag2_recorder]: Listening for topics...
[INFO] [1764220128.749293128] [rosbag2_recorder]: Event publisher thread: Starting
[INFO] [1764220128.749366527] [rosbag2_recorder]: Recording...
[INFO] [1764220128.852897153] [rosbag2_recorder]: Subscribed to topic '/cmd_vel'
[INFO] [1764220128.853827826] [rosbag2_recorder]: Subscribed to topic '/odom'
[INFO] [1764220128.854641268] [rosbag2_recorder]: Subscribed to topic '/scan'
[INFO] [1764220128.855696601] [rosbag2_recorder]: Subscribed to topic '/tf'
[WARN] [1764220129.761198248] [rosbag2_recorder]: New publisher discovered on topic '/tf', offering incompatible QoS. No messages will be sent to it. Last incompatible policy: DURABILITY_QOS_POLICY
[WARN] [1764220129.768373382] [rosbag2_recorder]: A new publisher for subscribed topic /tf was found offering RMW_QOS_POLICY_DURABILITY_VOLATILE, but rosbag2 already subscribed requesting RMW_QOS_POLICY_DURABILITY_TRANSIENT_LOCAL. Messages from this new publisher will not be recorded.
[INFO] [1764220129.769250442] [rosbag2_recorder]: Subscribed to topic '/plan_barn'
[INFO] [1764220129.769962549] [rosbag2_recorder]: Subscribed to topic '/plan_barn_odom'
[INFO] [1764220129.770732630] [rosbag2_recorder]: Subscribed to topic '/tf_static'
[INFO] [1764220129.770759936] [rosbag2_recorder]: All requested topics are subscribed. Stopping discovery...
[WARN] [1764220130.743884624] [rosbag2_recorder]: New publisher discovered on topic '/tf', offering incompatible QoS. No messages will be sent to it. Last incompatible policy: DURABILITY_QOS_POLICY
[WARN] [1764220130.744123599] [rosbag2_recorder]: New publisher discovered on topic '/tf', offering incompatible QoS. No messages will be sent to it. Last incompatible policy: DURABILITY_QOS_POLICY
[INFO] [1764220193.619773179] [rosbag2_cpp]: Writing remaining messages from cache to the bag. It may take a while
[INFO] [1764220193.620639140] [rosbag2_recorder]: Event publisher thread: Exiting
[INFO] [1764220193.620689140] [rosbag2_recorder]: Recording stopped
