stdin is not a terminal device. Keyboard handling disabled.[INFO] [1764540725.797968903] [rosbag2_recorder]: Press SPACE for pausing/resuming
[INFO] [1764540725.798802722] [rosbag2_storage]: Opened database '/home/mobrob/ros_ws/dwa_baseline_2/world23_1130_141205/world23_1130_141205_0.db3' for READ_WRITE.
[INFO] [1764540725.799210426] [rosbag2_recorder]: Listening for topics...
[INFO] [1764540725.799221817] [rosbag2_recorder]: Event publisher thread: Starting
[INFO] [1764540725.799284770] [rosbag2_recorder]: Recording...
[INFO] [1764540725.902473086] [rosbag2_recorder]: Subscribed to topic '/cmd_vel'
[INFO] [1764540725.903840858] [rosbag2_recorder]: Subscribed to topic '/odom'
[INFO] [1764540725.905156532] [rosbag2_recorder]: Subscribed to topic '/tf'
[WARN] [1764540726.796114984] [rosbag2_recorder]: New publisher discovered on topic '/tf', offering incompatible QoS. No messages will be sent to it. Last incompatible policy: DURABILITY_QOS_POLICY
[WARN] [1764540726.808122419] [rosbag2_recorder]: New publisher discovered on topic '/tf', offering incompatible QoS. No messages will be sent to it. Last incompatible policy: DURABILITY_QOS_POLICY
[WARN] [1764540726.820157978] [rosbag2_recorder]: A new publisher for subscribed topic /tf was found offering RMW_QOS_POLICY_DURABILITY_VOLATILE, but rosbag2 already subscribed requesting RMW_QOS_POLICY_DURABILITY_TRANSIENT_LOCAL. Messages from this new publisher will not be recorded.
[WARN] [1764540726.820210303] [rosbag2_recorder]: A new publisher for subscribed topic /tf was found offering RMW_QOS_POLICY_DURABILITY_VOLATILE, but rosbag2 already subscribed requesting RMW_QOS_POLICY_DURABILITY_TRANSIENT_LOCAL. Messages from this new publisher will not be recorded.
[INFO] [1764540726.821790061] [rosbag2_recorder]: Subscribed to topic '/tf_static'
[WARN] [1764540727.795083825] [rosbag2_recorder]: New publisher discovered on topic '/tf', offering incompatible QoS. No messages will be sent to it. Last incompatible policy: DURABILITY_QOS_POLICY
[INFO] [1764540727.858955259] [rosbag2_recorder]: Subscribed to topic '/plan_barn'
[INFO] [1764540727.859902681] [rosbag2_recorder]: Subscribed to topic '/plan_barn_odom'
[INFO] [1764540727.861303207] [rosbag2_recorder]: Subscribed to topic '/scan'
[INFO] [1764540727.861328818] [rosbag2_recorder]: All requested topics are subscribed. Stopping discovery...
[INFO] [1764540780.676577859] [rosbag2_cpp]: Writing remaining messages from cache to the bag. It may take a while
[INFO] [1764540780.677192545] [rosbag2_recorder]: Event publisher thread: Exiting
[INFO] [1764540780.677245526] [rosbag2_recorder]: Recording stopped
