stdin is not a terminal device. Keyboard handling disabled.[INFO] [1764575545.684301909] [rosbag2_recorder]: Press SPACE for pausing/resuming
[INFO] [1764575545.685308240] [rosbag2_storage]: Opened database '/home/mobrob/ros_ws/dwa_baseline_2/world127_1130_235225/world127_1130_235225_0.db3' for READ_WRITE.
[INFO] [1764575545.686032172] [rosbag2_recorder]: Listening for topics...
[INFO] [1764575545.686070022] [rosbag2_recorder]: Event publisher thread: Starting
[INFO] [1764575545.686155201] [rosbag2_recorder]: Recording...
[INFO] [1764575545.788716741] [rosbag2_recorder]: Subscribed to topic '/cmd_vel'
[INFO] [1764575545.789640246] [rosbag2_recorder]: Subscribed to topic '/odom'
[INFO] [1764575545.790416569] [rosbag2_recorder]: Subscribed to topic '/scan'
[INFO] [1764575545.791359371] [rosbag2_recorder]: Subscribed to topic '/tf'
[WARN] [1764575546.691465519] [rosbag2_recorder]: New publisher discovered on topic '/tf', offering incompatible QoS. No messages will be sent to it. Last incompatible policy: DURABILITY_QOS_POLICY
[WARN] [1764575546.694072188] [rosbag2_recorder]: New publisher discovered on topic '/tf', offering incompatible QoS. No messages will be sent to it. Last incompatible policy: DURABILITY_QOS_POLICY
[WARN] [1764575546.695348128] [rosbag2_recorder]: New publisher discovered on topic '/tf', offering incompatible QoS. No messages will be sent to it. Last incompatible policy: DURABILITY_QOS_POLICY
[WARN] [1764575546.708233558] [rosbag2_recorder]: A new publisher for subscribed topic /tf was found offering RMW_QOS_POLICY_DURABILITY_VOLATILE, but rosbag2 already subscribed requesting RMW_QOS_POLICY_DURABILITY_TRANSIENT_LOCAL. Messages from this new publisher will not be recorded.
[WARN] [1764575546.708269371] [rosbag2_recorder]: A new publisher for subscribed topic /tf was found offering RMW_QOS_POLICY_DURABILITY_VOLATILE, but rosbag2 already subscribed requesting RMW_QOS_POLICY_DURABILITY_TRANSIENT_LOCAL. Messages from this new publisher will not be recorded.
[WARN] [1764575546.708272294] [rosbag2_recorder]: A new publisher for subscribed topic /tf was found offering RMW_QOS_POLICY_DURABILITY_VOLATILE, but rosbag2 already subscribed requesting RMW_QOS_POLICY_DURABILITY_TRANSIENT_LOCAL. Messages from this new publisher will not be recorded.
[INFO] [1764575546.709233574] [rosbag2_recorder]: Subscribed to topic '/plan_barn_odom'
[INFO] [1764575546.710221874] [rosbag2_recorder]: Subscribed to topic '/tf_static'
[INFO] [1764575547.750270139] [rosbag2_recorder]: Subscribed to topic '/plan_barn'
[INFO] [1764575547.750317643] [rosbag2_recorder]: All requested topics are subscribed. Stopping discovery...
[INFO] [1764575609.553928124] [rosbag2_cpp]: Writing remaining messages from cache to the bag. It may take a while
[INFO] [1764575609.554786125] [rosbag2_recorder]: Event publisher thread: Exiting
[INFO] [1764575609.554829258] [rosbag2_recorder]: Recording stopped
