stdin is not a terminal device. Keyboard handling disabled.[INFO] [1764490286.002706927] [rosbag2_recorder]: Press SPACE for pausing/resuming
[INFO] [1764490286.003611476] [rosbag2_storage]: Opened database '/home/mobrob/ros_ws/dwa_baseline_2/world274_1130_001125/world274_1130_001125_0.db3' for READ_WRITE.
[INFO] [1764490286.004287655] [rosbag2_recorder]: Listening for topics...
[INFO] [1764490286.004303833] [rosbag2_recorder]: Event publisher thread: Starting
[INFO] [1764490286.004408112] [rosbag2_recorder]: Recording...
[INFO] [1764490286.406531605] [rosbag2_recorder]: Subscribed to topic '/cmd_vel'
[INFO] [1764490286.408021333] [rosbag2_recorder]: Subscribed to topic '/odom'
[INFO] [1764490286.409185276] [rosbag2_recorder]: Subscribed to topic '/scan'
[INFO] [1764490286.410518811] [rosbag2_recorder]: Subscribed to topic '/tf'
[WARN] [1764490286.835000479] [rosbag2_recorder]: New publisher discovered on topic '/tf', offering incompatible QoS. No messages will be sent to it. Last incompatible policy: DURABILITY_QOS_POLICY
[WARN] [1764490286.914006509] [rosbag2_recorder]: A new publisher for subscribed topic /tf was found offering RMW_QOS_POLICY_DURABILITY_VOLATILE, but rosbag2 already subscribed requesting RMW_QOS_POLICY_DURABILITY_TRANSIENT_LOCAL. Messages from this new publisher will not be recorded.
[INFO] [1764490286.915098120] [rosbag2_recorder]: Subscribed to topic '/tf_static'
[WARN] [1764490287.023258950] [rosbag2_recorder]: New publisher discovered on topic '/tf', offering incompatible QoS. No messages will be sent to it. Last incompatible policy: DURABILITY_QOS_POLICY
[WARN] [1764490287.036795375] [rosbag2_recorder]: New publisher discovered on topic '/tf', offering incompatible QoS. No messages will be sent to it. Last incompatible policy: DURABILITY_QOS_POLICY
[INFO] [1764490288.051899202] [rosbag2_recorder]: Subscribed to topic '/plan_barn'
[INFO] [1764490288.052784792] [rosbag2_recorder]: Subscribed to topic '/plan_barn_odom'
[INFO] [1764490288.052814056] [rosbag2_recorder]: All requested topics are subscribed. Stopping discovery...
[INFO] [1764490332.888175544] [rosbag2_cpp]: Writing remaining messages from cache to the bag. It may take a while
[INFO] [1764490332.889075216] [rosbag2_recorder]: Event publisher thread: Exiting
[INFO] [1764490332.889118659] [rosbag2_recorder]: Recording stopped
