stdin is not a terminal device. Keyboard handling disabled.[INFO] [1764157833.138106064] [rosbag2_recorder]: Press SPACE for pausing/resuming
[INFO] [1764157833.139128240] [rosbag2_storage]: Opened database '/home/mobrob/ros_ws/dwa_baseline_2/world63_1126_035032/world63_1126_035032_0.db3' for READ_WRITE.
[INFO] [1764157833.139799278] [rosbag2_recorder]: Listening for topics...
[INFO] [1764157833.139806271] [rosbag2_recorder]: Event publisher thread: Starting
[INFO] [1764157833.139923047] [rosbag2_recorder]: Recording...
[INFO] [1764157833.243363679] [rosbag2_recorder]: Subscribed to topic '/odom'
[INFO] [1764157833.244636798] [rosbag2_recorder]: Subscribed to topic '/scan'
[INFO] [1764157833.246001739] [rosbag2_recorder]: Subscribed to topic '/tf'
[INFO] [1764157833.246911723] [rosbag2_recorder]: Subscribed to topic '/tf_static'
[WARN] [1764157834.154073660] [rosbag2_recorder]: New publisher discovered on topic '/tf', offering incompatible QoS. No messages will be sent to it. Last incompatible policy: DURABILITY_QOS_POLICY
[WARN] [1764157834.160258695] [rosbag2_recorder]: New publisher discovered on topic '/tf', offering incompatible QoS. No messages will be sent to it. Last incompatible policy: DURABILITY_QOS_POLICY
[WARN] [1764157834.163951530] [rosbag2_recorder]: A new publisher for subscribed topic /tf was found offering RMW_QOS_POLICY_DURABILITY_VOLATILE, but rosbag2 already subscribed requesting RMW_QOS_POLICY_DURABILITY_TRANSIENT_LOCAL. Messages from this new publisher will not be recorded.
[WARN] [1764157834.163983953] [rosbag2_recorder]: A new publisher for subscribed topic /tf was found offering RMW_QOS_POLICY_DURABILITY_VOLATILE, but rosbag2 already subscribed requesting RMW_QOS_POLICY_DURABILITY_TRANSIENT_LOCAL. Messages from this new publisher will not be recorded.
[INFO] [1764157834.165173225] [rosbag2_recorder]: Subscribed to topic '/cmd_vel'
[INFO] [1764157834.166308502] [rosbag2_recorder]: Subscribed to topic '/plan_barn'
[INFO] [1764157834.167068751] [rosbag2_recorder]: Subscribed to topic '/plan_barn_odom'
[INFO] [1764157834.167082017] [rosbag2_recorder]: All requested topics are subscribed. Stopping discovery...
[WARN] [1764157835.139723717] [rosbag2_recorder]: New publisher discovered on topic '/tf', offering incompatible QoS. No messages will be sent to it. Last incompatible policy: DURABILITY_QOS_POLICY
[INFO] [1764157874.000685486] [rosbag2_cpp]: Writing remaining messages from cache to the bag. It may take a while
[INFO] [1764157874.001460407] [rosbag2_recorder]: Event publisher thread: Exiting
[INFO] [1764157874.001493041] [rosbag2_recorder]: Recording stopped
