stdin is not a terminal device. Keyboard handling disabled.[INFO] [1764131782.408646180] [rosbag2_recorder]: Press SPACE for pausing/resuming
[INFO] [1764131782.409904057] [rosbag2_storage]: Opened database '/home/mobrob/ros_ws/dwa_baseline_2/world9_1125_203622/world9_1125_203622_0.db3' for READ_WRITE.
[INFO] [1764131782.410959309] [rosbag2_recorder]: Listening for topics...
[INFO] [1764131782.410969064] [rosbag2_recorder]: Event publisher thread: Starting
[INFO] [1764131782.411090363] [rosbag2_recorder]: Recording...
[INFO] [1764131782.514954041] [rosbag2_recorder]: Subscribed to topic '/cmd_vel'
[INFO] [1764131782.515979890] [rosbag2_recorder]: Subscribed to topic '/odom'
[INFO] [1764131782.516960842] [rosbag2_recorder]: Subscribed to topic '/tf'
[WARN] [1764131783.406968596] [rosbag2_recorder]: New publisher discovered on topic '/tf', offering incompatible QoS. No messages will be sent to it. Last incompatible policy: DURABILITY_QOS_POLICY
[WARN] [1764131783.407939440] [rosbag2_recorder]: New publisher discovered on topic '/tf', offering incompatible QoS. No messages will be sent to it. Last incompatible policy: DURABILITY_QOS_POLICY
[WARN] [1764131783.412945172] [rosbag2_recorder]: New publisher discovered on topic '/tf', offering incompatible QoS. No messages will be sent to it. Last incompatible policy: DURABILITY_QOS_POLICY
[WARN] [1764131783.434694756] [rosbag2_recorder]: A new publisher for subscribed topic /tf was found offering RMW_QOS_POLICY_DURABILITY_VOLATILE, but rosbag2 already subscribed requesting RMW_QOS_POLICY_DURABILITY_TRANSIENT_LOCAL. Messages from this new publisher will not be recorded.
[WARN] [1764131783.434731160] [rosbag2_recorder]: A new publisher for subscribed topic /tf was found offering RMW_QOS_POLICY_DURABILITY_VOLATILE, but rosbag2 already subscribed requesting RMW_QOS_POLICY_DURABILITY_TRANSIENT_LOCAL. Messages from this new publisher will not be recorded.
[WARN] [1764131783.434734190] [rosbag2_recorder]: A new publisher for subscribed topic /tf was found offering RMW_QOS_POLICY_DURABILITY_VOLATILE, but rosbag2 already subscribed requesting RMW_QOS_POLICY_DURABILITY_TRANSIENT_LOCAL. Messages from this new publisher will not be recorded.
[INFO] [1764131783.435752753] [rosbag2_recorder]: Subscribed to topic '/plan_barn'
[INFO] [1764131783.436724273] [rosbag2_recorder]: Subscribed to topic '/plan_barn_odom'
[INFO] [1764131783.438023500] [rosbag2_recorder]: Subscribed to topic '/scan'
[INFO] [1764131783.439164681] [rosbag2_recorder]: Subscribed to topic '/tf_static'
[INFO] [1764131783.439188700] [rosbag2_recorder]: All requested topics are subscribed. Stopping discovery...
[INFO] [1764131826.274963864] [rosbag2_cpp]: Writing remaining messages from cache to the bag. It may take a while
[INFO] [1764131826.275714052] [rosbag2_recorder]: Event publisher thread: Exiting
[INFO] [1764131826.275748998] [rosbag2_recorder]: Recording stopped
