stdin is not a terminal device. Keyboard handling disabled.[INFO] [1764170772.272594589] [rosbag2_recorder]: Press SPACE for pausing/resuming
[INFO] [1764170772.273795036] [rosbag2_storage]: Opened database '/home/mobrob/ros_ws/dwa_baseline_2/world90_1126_072612/world90_1126_072612_0.db3' for READ_WRITE.
[INFO] [1764170772.274736755] [rosbag2_recorder]: Listening for topics...
[INFO] [1764170772.274748735] [rosbag2_recorder]: Event publisher thread: Starting
[INFO] [1764170772.274829904] [rosbag2_recorder]: Recording...
[INFO] [1764170773.291550440] [rosbag2_recorder]: Subscribed to topic '/cmd_vel'
[INFO] [1764170773.293585441] [rosbag2_recorder]: Subscribed to topic '/plan_barn'
[INFO] [1764170773.294775905] [rosbag2_recorder]: Subscribed to topic '/plan_barn_odom'
[INFO] [1764170773.399658132] [rosbag2_recorder]: Subscribed to topic '/odom'
[INFO] [1764170773.401510569] [rosbag2_recorder]: Subscribed to topic '/tf'
[INFO] [1764170773.402562993] [rosbag2_recorder]: Subscribed to topic '/tf_static'
[WARN] [1764170774.268263628] [rosbag2_recorder]: New publisher discovered on topic '/tf', offering incompatible QoS. No messages will be sent to it. Last incompatible policy: DURABILITY_QOS_POLICY
[WARN] [1764170774.270188291] [rosbag2_recorder]: New publisher discovered on topic '/tf', offering incompatible QoS. No messages will be sent to it. Last incompatible policy: DURABILITY_QOS_POLICY
[WARN] [1764170774.276197010] [rosbag2_recorder]: New publisher discovered on topic '/tf', offering incompatible QoS. No messages will be sent to it. Last incompatible policy: DURABILITY_QOS_POLICY
[WARN] [1764170774.331848661] [rosbag2_recorder]: A new publisher for subscribed topic /tf was found offering RMW_QOS_POLICY_DURABILITY_VOLATILE, but rosbag2 already subscribed requesting RMW_QOS_POLICY_DURABILITY_TRANSIENT_LOCAL. Messages from this new publisher will not be recorded.
[WARN] [1764170774.331895373] [rosbag2_recorder]: A new publisher for subscribed topic /tf was found offering RMW_QOS_POLICY_DURABILITY_VOLATILE, but rosbag2 already subscribed requesting RMW_QOS_POLICY_DURABILITY_TRANSIENT_LOCAL. Messages from this new publisher will not be recorded.
[WARN] [1764170774.331905325] [rosbag2_recorder]: A new publisher for subscribed topic /tf was found offering RMW_QOS_POLICY_DURABILITY_VOLATILE, but rosbag2 already subscribed requesting RMW_QOS_POLICY_DURABILITY_TRANSIENT_LOCAL. Messages from this new publisher will not be recorded.
[INFO] [1764170774.333831489] [rosbag2_recorder]: Subscribed to topic '/scan'
[INFO] [1764170774.333867833] [rosbag2_recorder]: All requested topics are subscribed. Stopping discovery...
[INFO] [1764170812.144645307] [rosbag2_cpp]: Writing remaining messages from cache to the bag. It may take a while
[INFO] [1764170812.145257750] [rosbag2_recorder]: Event publisher thread: Exiting
[INFO] [1764170812.145321731] [rosbag2_recorder]: Recording stopped
