stdin is not a terminal device. Keyboard handling disabled.[INFO] [1764213318.004571459] [rosbag2_recorder]: Press SPACE for pausing/resuming
[INFO] [1764213318.005924578] [rosbag2_storage]: Opened database '/home/mobrob/ros_ws/dwa_baseline_2/world174_1126_191517/world174_1126_191517_0.db3' for READ_WRITE.
[INFO] [1764213318.007024117] [rosbag2_recorder]: Listening for topics...
[INFO] [1764213318.007032515] [rosbag2_recorder]: Event publisher thread: Starting
[INFO] [1764213318.007155672] [rosbag2_recorder]: Recording...
[INFO] [1764213318.432875933] [rosbag2_recorder]: Subscribed to topic '/cmd_vel'
[INFO] [1764213318.434787228] [rosbag2_recorder]: Subscribed to topic '/odom'
[INFO] [1764213318.436357843] [rosbag2_recorder]: Subscribed to topic '/tf'
[WARN] [1764213319.021807172] [rosbag2_recorder]: New publisher discovered on topic '/tf', offering incompatible QoS. No messages will be sent to it. Last incompatible policy: DURABILITY_QOS_POLICY
[WARN] [1764213319.045073552] [rosbag2_recorder]: A new publisher for subscribed topic /tf was found offering RMW_QOS_POLICY_DURABILITY_VOLATILE, but rosbag2 already subscribed requesting RMW_QOS_POLICY_DURABILITY_TRANSIENT_LOCAL. Messages from this new publisher will not be recorded.
[INFO] [1764213319.046312482] [rosbag2_recorder]: Subscribed to topic '/plan_barn'
[INFO] [1764213319.047169229] [rosbag2_recorder]: Subscribed to topic '/plan_barn_odom'
[INFO] [1764213319.047947506] [rosbag2_recorder]: Subscribed to topic '/tf_static'
[WARN] [1764213320.000943793] [rosbag2_recorder]: New publisher discovered on topic '/tf', offering incompatible QoS. No messages will be sent to it. Last incompatible policy: DURABILITY_QOS_POLICY
[WARN] [1764213320.001288384] [rosbag2_recorder]: New publisher discovered on topic '/tf', offering incompatible QoS. No messages will be sent to it. Last incompatible policy: DURABILITY_QOS_POLICY
[INFO] [1764213320.079509534] [rosbag2_recorder]: Subscribed to topic '/scan'
[INFO] [1764213320.079539864] [rosbag2_recorder]: All requested topics are subscribed. Stopping discovery...
[INFO] [1764213398.851832760] [rosbag2_cpp]: Writing remaining messages from cache to the bag. It may take a while
[INFO] [1764213398.852561587] [rosbag2_recorder]: Event publisher thread: Exiting
[INFO] [1764213398.852606970] [rosbag2_recorder]: Recording stopped
