stdin is not a terminal device. Keyboard handling disabled.[INFO] [1764578742.159911047] [rosbag2_recorder]: Press SPACE for pausing/resuming
[INFO] [1764578742.160652117] [rosbag2_storage]: Opened database '/home/mobrob/ros_ws/dwa_baseline_2/world137_1201_004542/world137_1201_004542_0.db3' for READ_WRITE.
[INFO] [1764578742.161036005] [rosbag2_recorder]: Listening for topics...
[INFO] [1764578742.161062699] [rosbag2_recorder]: Event publisher thread: Starting
[INFO] [1764578742.161125729] [rosbag2_recorder]: Recording...
[INFO] [1764578742.264268726] [rosbag2_recorder]: Subscribed to topic '/odom'
[INFO] [1764578742.265411811] [rosbag2_recorder]: Subscribed to topic '/tf'
[WARN] [1764578743.157015095] [rosbag2_recorder]: New publisher discovered on topic '/tf', offering incompatible QoS. No messages will be sent to it. Last incompatible policy: DURABILITY_QOS_POLICY
[WARN] [1764578743.161462177] [rosbag2_recorder]: New publisher discovered on topic '/tf', offering incompatible QoS. No messages will be sent to it. Last incompatible policy: DURABILITY_QOS_POLICY
[WARN] [1764578743.167421817] [rosbag2_recorder]: New publisher discovered on topic '/tf', offering incompatible QoS. No messages will be sent to it. Last incompatible policy: DURABILITY_QOS_POLICY
[WARN] [1764578743.181648734] [rosbag2_recorder]: A new publisher for subscribed topic /tf was found offering RMW_QOS_POLICY_DURABILITY_VOLATILE, but rosbag2 already subscribed requesting RMW_QOS_POLICY_DURABILITY_TRANSIENT_LOCAL. Messages from this new publisher will not be recorded.
[WARN] [1764578743.181680804] [rosbag2_recorder]: A new publisher for subscribed topic /tf was found offering RMW_QOS_POLICY_DURABILITY_VOLATILE, but rosbag2 already subscribed requesting RMW_QOS_POLICY_DURABILITY_TRANSIENT_LOCAL. Messages from this new publisher will not be recorded.
[WARN] [1764578743.181684835] [rosbag2_recorder]: A new publisher for subscribed topic /tf was found offering RMW_QOS_POLICY_DURABILITY_VOLATILE, but rosbag2 already subscribed requesting RMW_QOS_POLICY_DURABILITY_TRANSIENT_LOCAL. Messages from this new publisher will not be recorded.
[INFO] [1764578743.182977854] [rosbag2_recorder]: Subscribed to topic '/cmd_vel'
[INFO] [1764578743.183983661] [rosbag2_recorder]: Subscribed to topic '/plan_barn'
[INFO] [1764578743.184734423] [rosbag2_recorder]: Subscribed to topic '/plan_barn_odom'
[INFO] [1764578743.186017292] [rosbag2_recorder]: Subscribed to topic '/scan'
[INFO] [1764578743.187145699] [rosbag2_recorder]: Subscribed to topic '/tf_static'
[INFO] [1764578743.187170632] [rosbag2_recorder]: All requested topics are subscribed. Stopping discovery...
[INFO] [1764578749.038165895] [rosbag2_cpp]: Writing remaining messages from cache to the bag. It may take a while
[INFO] [1764578749.038626601] [rosbag2_recorder]: Event publisher thread: Exiting
[INFO] [1764578749.038659645] [rosbag2_recorder]: Recording stopped
