stdin is not a terminal device. Keyboard handling disabled.[INFO] [1764488144.004338631] [rosbag2_recorder]: Press SPACE for pausing/resuming
[INFO] [1764488144.005727405] [rosbag2_storage]: Opened database '/home/mobrob/ros_ws/dwa_baseline_2/world269_1129_233543/world269_1129_233543_0.db3' for READ_WRITE.
[INFO] [1764488144.008979928] [rosbag2_recorder]: Listening for topics...
[INFO] [1764488144.008991800] [rosbag2_recorder]: Event publisher thread: Starting
[INFO] [1764488144.009170541] [rosbag2_recorder]: Recording...
[INFO] [1764488144.112789291] [rosbag2_recorder]: Subscribed to topic '/odom'
[INFO] [1764488144.113644305] [rosbag2_recorder]: Subscribed to topic '/plan_barn_odom'
[INFO] [1764488144.115083470] [rosbag2_recorder]: Subscribed to topic '/tf'
[INFO] [1764488144.115647015] [rosbag2_recorder]: Subscribed to topic '/tf_static'
[WARN] [1764488145.003057667] [rosbag2_recorder]: New publisher discovered on topic '/tf', offering incompatible QoS. No messages will be sent to it. Last incompatible policy: DURABILITY_QOS_POLICY
[WARN] [1764488145.029001639] [rosbag2_recorder]: A new publisher for subscribed topic /tf was found offering RMW_QOS_POLICY_DURABILITY_VOLATILE, but rosbag2 already subscribed requesting RMW_QOS_POLICY_DURABILITY_TRANSIENT_LOCAL. Messages from this new publisher will not be recorded.
[INFO] [1764488145.031510500] [rosbag2_recorder]: Subscribed to topic '/cmd_vel'
[INFO] [1764488145.033877358] [rosbag2_recorder]: Subscribed to topic '/scan'
[WARN] [1764488145.034777940] [rosbag2_recorder]: New publisher discovered on topic '/tf', offering incompatible QoS. No messages will be sent to it. Last incompatible policy: DURABILITY_QOS_POLICY
[WARN] [1764488145.999831898] [rosbag2_recorder]: New publisher discovered on topic '/tf', offering incompatible QoS. No messages will be sent to it. Last incompatible policy: DURABILITY_QOS_POLICY
[INFO] [1764488146.067696646] [rosbag2_recorder]: Subscribed to topic '/plan_barn'
[INFO] [1764488146.067750647] [rosbag2_recorder]: All requested topics are subscribed. Stopping discovery...
[INFO] [1764488248.859120437] [rosbag2_cpp]: Writing remaining messages from cache to the bag. It may take a while
[INFO] [1764488248.859960862] [rosbag2_recorder]: Event publisher thread: Exiting
[INFO] [1764488248.860006354] [rosbag2_recorder]: Recording stopped
