stdin is not a terminal device. Keyboard handling disabled.[INFO] [1765675945.872574937] [rosbag2_recorder]: Press SPACE for pausing/resuming
[INFO] [1765675945.873848036] [rosbag2_storage]: Opened database '/home/mobrob/ros_ws/dwa_baseline_2/world125_1213_173225/world125_1213_173225_0.db3' for READ_WRITE.
[INFO] [1765675945.875024432] [rosbag2_recorder]: Listening for topics...
[INFO] [1765675945.875041174] [rosbag2_recorder]: Event publisher thread: Starting
[INFO] [1765675945.875153510] [rosbag2_recorder]: Recording...
[INFO] [1765675945.978534800] [rosbag2_recorder]: Subscribed to topic '/cmd_vel'
[INFO] [1765675945.980211650] [rosbag2_recorder]: Subscribed to topic '/odom'
[INFO] [1765675945.981722436] [rosbag2_recorder]: Subscribed to topic '/tf'
[INFO] [1765675945.982603905] [rosbag2_recorder]: Subscribed to topic '/tf_static'
[WARN] [1765675946.873475117] [rosbag2_recorder]: New publisher discovered on topic '/tf', offering incompatible QoS. No messages will be sent to it. Last incompatible policy: DURABILITY_QOS_POLICY
[WARN] [1765675946.874294841] [rosbag2_recorder]: New publisher discovered on topic '/tf', offering incompatible QoS. No messages will be sent to it. Last incompatible policy: DURABILITY_QOS_POLICY
[WARN] [1765675946.875777587] [rosbag2_recorder]: New publisher discovered on topic '/tf', offering incompatible QoS. No messages will be sent to it. Last incompatible policy: DURABILITY_QOS_POLICY
[WARN] [1765675946.897270208] [rosbag2_recorder]: A new publisher for subscribed topic /tf was found offering RMW_QOS_POLICY_DURABILITY_VOLATILE, but rosbag2 already subscribed requesting RMW_QOS_POLICY_DURABILITY_TRANSIENT_LOCAL. Messages from this new publisher will not be recorded.
[WARN] [1765675946.897314756] [rosbag2_recorder]: A new publisher for subscribed topic /tf was found offering RMW_QOS_POLICY_DURABILITY_VOLATILE, but rosbag2 already subscribed requesting RMW_QOS_POLICY_DURABILITY_TRANSIENT_LOCAL. Messages from this new publisher will not be recorded.
[WARN] [1765675946.897324527] [rosbag2_recorder]: A new publisher for subscribed topic /tf was found offering RMW_QOS_POLICY_DURABILITY_VOLATILE, but rosbag2 already subscribed requesting RMW_QOS_POLICY_DURABILITY_TRANSIENT_LOCAL. Messages from this new publisher will not be recorded.
[INFO] [1765675946.898693747] [rosbag2_recorder]: Subscribed to topic '/plan_barn'
[INFO] [1765675946.899746925] [rosbag2_recorder]: Subscribed to topic '/plan_barn_odom'
[INFO] [1765675946.901217108] [rosbag2_recorder]: Subscribed to topic '/scan'
[INFO] [1765675946.901244057] [rosbag2_recorder]: All requested topics are subscribed. Stopping discovery...
[INFO] [1765675952.738850383] [rosbag2_cpp]: Writing remaining messages from cache to the bag. It may take a while
[INFO] [1765675952.739491950] [rosbag2_recorder]: Event publisher thread: Exiting
[INFO] [1765675952.739531774] [rosbag2_recorder]: Recording stopped
