stdin is not a terminal device. Keyboard handling disabled.[INFO] [1764231552.009784161] [rosbag2_recorder]: Press SPACE for pausing/resuming
[INFO] [1764231552.010655438] [rosbag2_storage]: Opened database '/home/mobrob/ros_ws/dwa_baseline_2/world208_1127_001911/world208_1127_001911_0.db3' for READ_WRITE.
[INFO] [1764231552.011197526] [rosbag2_recorder]: Listening for topics...
[INFO] [1764231552.011207746] [rosbag2_recorder]: Event publisher thread: Starting
[INFO] [1764231552.011380078] [rosbag2_recorder]: Recording...
[INFO] [1764231552.115175661] [rosbag2_recorder]: Subscribed to topic '/cmd_vel'
[INFO] [1764231552.116537092] [rosbag2_recorder]: Subscribed to topic '/odom'
[INFO] [1764231552.117562969] [rosbag2_recorder]: Subscribed to topic '/tf'
[WARN] [1764231553.008483787] [rosbag2_recorder]: New publisher discovered on topic '/tf', offering incompatible QoS. No messages will be sent to it. Last incompatible policy: DURABILITY_QOS_POLICY
[WARN] [1764231553.021242972] [rosbag2_recorder]: New publisher discovered on topic '/tf', offering incompatible QoS. No messages will be sent to it. Last incompatible policy: DURABILITY_QOS_POLICY
[WARN] [1764231553.036462368] [rosbag2_recorder]: A new publisher for subscribed topic /tf was found offering RMW_QOS_POLICY_DURABILITY_VOLATILE, but rosbag2 already subscribed requesting RMW_QOS_POLICY_DURABILITY_TRANSIENT_LOCAL. Messages from this new publisher will not be recorded.
[WARN] [1764231553.036500201] [rosbag2_recorder]: A new publisher for subscribed topic /tf was found offering RMW_QOS_POLICY_DURABILITY_VOLATILE, but rosbag2 already subscribed requesting RMW_QOS_POLICY_DURABILITY_TRANSIENT_LOCAL. Messages from this new publisher will not be recorded.
[INFO] [1764231553.037434056] [rosbag2_recorder]: Subscribed to topic '/plan_barn'
[INFO] [1764231553.038524896] [rosbag2_recorder]: Subscribed to topic '/plan_barn_odom'
[INFO] [1764231553.039842374] [rosbag2_recorder]: Subscribed to topic '/scan'
[INFO] [1764231553.040669282] [rosbag2_recorder]: Subscribed to topic '/tf_static'
[INFO] [1764231553.040694061] [rosbag2_recorder]: All requested topics are subscribed. Stopping discovery...
[WARN] [1764231554.004651872] [rosbag2_recorder]: New publisher discovered on topic '/tf', offering incompatible QoS. No messages will be sent to it. Last incompatible policy: DURABILITY_QOS_POLICY
[INFO] [1764231631.891884705] [rosbag2_cpp]: Writing remaining messages from cache to the bag. It may take a while
[INFO] [1764231631.892600923] [rosbag2_recorder]: Event publisher thread: Exiting
[INFO] [1764231631.892634006] [rosbag2_recorder]: Recording stopped
