stdin is not a terminal device. Keyboard handling disabled.[INFO] [1764138052.101410070] [rosbag2_recorder]: Press SPACE for pausing/resuming
[INFO] [1764138052.102721325] [rosbag2_storage]: Opened database '/home/mobrob/ros_ws/dwa_baseline_2/world20_1125_222051/world20_1125_222051_0.db3' for READ_WRITE.
[INFO] [1764138052.104006710] [rosbag2_recorder]: Listening for topics...
[INFO] [1764138052.104015925] [rosbag2_recorder]: Event publisher thread: Starting
[INFO] [1764138052.104109937] [rosbag2_recorder]: Recording...
[INFO] [1764138052.209119001] [rosbag2_recorder]: Subscribed to topic '/cmd_vel'
[INFO] [1764138053.122762877] [rosbag2_recorder]: Subscribed to topic '/odom'
[INFO] [1764138053.124105632] [rosbag2_recorder]: Subscribed to topic '/plan_barn'
[INFO] [1764138053.124870249] [rosbag2_recorder]: Subscribed to topic '/plan_barn_odom'
[INFO] [1764138053.126048890] [rosbag2_recorder]: Subscribed to topic '/tf'
[INFO] [1764138053.126939899] [rosbag2_recorder]: Subscribed to topic '/tf_static'
[WARN] [1764138054.096150928] [rosbag2_recorder]: New publisher discovered on topic '/tf', offering incompatible QoS. No messages will be sent to it. Last incompatible policy: DURABILITY_QOS_POLICY
[WARN] [1764138054.096216162] [rosbag2_recorder]: New publisher discovered on topic '/tf', offering incompatible QoS. No messages will be sent to it. Last incompatible policy: DURABILITY_QOS_POLICY
[WARN] [1764138054.098614049] [rosbag2_recorder]: New publisher discovered on topic '/tf', offering incompatible QoS. No messages will be sent to it. Last incompatible policy: DURABILITY_QOS_POLICY
[WARN] [1764138054.160768580] [rosbag2_recorder]: A new publisher for subscribed topic /tf was found offering RMW_QOS_POLICY_DURABILITY_VOLATILE, but rosbag2 already subscribed requesting RMW_QOS_POLICY_DURABILITY_TRANSIENT_LOCAL. Messages from this new publisher will not be recorded.
[WARN] [1764138054.160796072] [rosbag2_recorder]: A new publisher for subscribed topic /tf was found offering RMW_QOS_POLICY_DURABILITY_VOLATILE, but rosbag2 already subscribed requesting RMW_QOS_POLICY_DURABILITY_TRANSIENT_LOCAL. Messages from this new publisher will not be recorded.
[WARN] [1764138054.160798861] [rosbag2_recorder]: A new publisher for subscribed topic /tf was found offering RMW_QOS_POLICY_DURABILITY_VOLATILE, but rosbag2 already subscribed requesting RMW_QOS_POLICY_DURABILITY_TRANSIENT_LOCAL. Messages from this new publisher will not be recorded.
[INFO] [1764138054.162171428] [rosbag2_recorder]: Subscribed to topic '/scan'
[INFO] [1764138054.162195074] [rosbag2_recorder]: All requested topics are subscribed. Stopping discovery...
[INFO] [1764138092.957015198] [rosbag2_cpp]: Writing remaining messages from cache to the bag. It may take a while
[INFO] [1764138092.957778122] [rosbag2_recorder]: Event publisher thread: Exiting
[INFO] [1764138092.957813115] [rosbag2_recorder]: Recording stopped
