stdin is not a terminal device. Keyboard handling disabled.[INFO] [1764178784.397783773] [rosbag2_recorder]: Press SPACE for pausing/resuming
[INFO] [1764178784.399095647] [rosbag2_storage]: Opened database '/home/mobrob/ros_ws/dwa_baseline_2/world108_1126_093944/world108_1126_093944_0.db3' for READ_WRITE.
[INFO] [1764178784.400345315] [rosbag2_recorder]: Listening for topics...
[INFO] [1764178784.400372223] [rosbag2_recorder]: Event publisher thread: Starting
[INFO] [1764178784.400473017] [rosbag2_recorder]: Recording...
[INFO] [1764178784.804532177] [rosbag2_recorder]: Subscribed to topic '/cmd_vel'
[INFO] [1764178784.805885020] [rosbag2_recorder]: Subscribed to topic '/odom'
[INFO] [1764178784.807230167] [rosbag2_recorder]: Subscribed to topic '/tf'
[WARN] [1764178784.830031039] [rosbag2_recorder]: New publisher discovered on topic '/tf', offering incompatible QoS. No messages will be sent to it. Last incompatible policy: DURABILITY_QOS_POLICY
[WARN] [1764178784.909062767] [rosbag2_recorder]: A new publisher for subscribed topic /tf was found offering RMW_QOS_POLICY_DURABILITY_VOLATILE, but rosbag2 already subscribed requesting RMW_QOS_POLICY_DURABILITY_TRANSIENT_LOCAL. Messages from this new publisher will not be recorded.
[INFO] [1764178784.910048450] [rosbag2_recorder]: Subscribed to topic '/tf_static'
[WARN] [1764178785.396959851] [rosbag2_recorder]: New publisher discovered on topic '/tf', offering incompatible QoS. No messages will be sent to it. Last incompatible policy: DURABILITY_QOS_POLICY
[INFO] [1764178785.423397853] [rosbag2_recorder]: Subscribed to topic '/scan'
[INFO] [1764178785.527013378] [rosbag2_recorder]: Subscribed to topic '/plan_barn'
[INFO] [1764178785.527969577] [rosbag2_recorder]: Subscribed to topic '/plan_barn_odom'
[INFO] [1764178785.527994392] [rosbag2_recorder]: All requested topics are subscribed. Stopping discovery...
[WARN] [1764178786.394780234] [rosbag2_recorder]: New publisher discovered on topic '/tf', offering incompatible QoS. No messages will be sent to it. Last incompatible policy: DURABILITY_QOS_POLICY
[INFO] [1764178822.273345852] [rosbag2_cpp]: Writing remaining messages from cache to the bag. It may take a while
[INFO] [1764178822.274225739] [rosbag2_recorder]: Event publisher thread: Exiting
[INFO] [1764178822.274269303] [rosbag2_recorder]: Recording stopped
