stdin is not a terminal device. Keyboard handling disabled.[INFO] [1764616604.515944487] [rosbag2_recorder]: Press SPACE for pausing/resuming
[INFO] [1764616604.516666770] [rosbag2_storage]: Opened database '/home/mobrob/ros_ws/dwa_baseline_2/world255_1201_111644/world255_1201_111644_0.db3' for READ_WRITE.
[INFO] [1764616604.517138235] [rosbag2_recorder]: Listening for topics...
[INFO] [1764616604.517150158] [rosbag2_recorder]: Event publisher thread: Starting
[INFO] [1764616604.517212166] [rosbag2_recorder]: Recording...
[INFO] [1764616604.622146543] [rosbag2_recorder]: Subscribed to topic '/cmd_vel'
[INFO] [1764616604.623548858] [rosbag2_recorder]: Subscribed to topic '/odom'
[INFO] [1764616604.624875725] [rosbag2_recorder]: Subscribed to topic '/tf'
[WARN] [1764616605.520049693] [rosbag2_recorder]: New publisher discovered on topic '/tf', offering incompatible QoS. No messages will be sent to it. Last incompatible policy: DURABILITY_QOS_POLICY
[WARN] [1764616605.528106002] [rosbag2_recorder]: New publisher discovered on topic '/tf', offering incompatible QoS. No messages will be sent to it. Last incompatible policy: DURABILITY_QOS_POLICY
[WARN] [1764616605.545959418] [rosbag2_recorder]: A new publisher for subscribed topic /tf was found offering RMW_QOS_POLICY_DURABILITY_VOLATILE, but rosbag2 already subscribed requesting RMW_QOS_POLICY_DURABILITY_TRANSIENT_LOCAL. Messages from this new publisher will not be recorded.
[WARN] [1764616605.545994598] [rosbag2_recorder]: A new publisher for subscribed topic /tf was found offering RMW_QOS_POLICY_DURABILITY_VOLATILE, but rosbag2 already subscribed requesting RMW_QOS_POLICY_DURABILITY_TRANSIENT_LOCAL. Messages from this new publisher will not be recorded.
[INFO] [1764616605.547195853] [rosbag2_recorder]: Subscribed to topic '/plan_barn'
[INFO] [1764616605.547992413] [rosbag2_recorder]: Subscribed to topic '/plan_barn_odom'
[INFO] [1764616605.549030674] [rosbag2_recorder]: Subscribed to topic '/scan'
[INFO] [1764616605.549863526] [rosbag2_recorder]: Subscribed to topic '/tf_static'
[INFO] [1764616605.549878473] [rosbag2_recorder]: All requested topics are subscribed. Stopping discovery...
[WARN] [1764616606.512707333] [rosbag2_recorder]: New publisher discovered on topic '/tf', offering incompatible QoS. No messages will be sent to it. Last incompatible policy: DURABILITY_QOS_POLICY
[INFO] [1764616679.395829978] [rosbag2_cpp]: Writing remaining messages from cache to the bag. It may take a while
[INFO] [1764616679.396426369] [rosbag2_recorder]: Event publisher thread: Exiting
[INFO] [1764616679.396476877] [rosbag2_recorder]: Recording stopped
