stdin is not a terminal device. Keyboard handling disabled.[INFO] [1764252786.697791187] [rosbag2_recorder]: Press SPACE for pausing/resuming
[INFO] [1764252786.698568140] [rosbag2_storage]: Opened database '/home/mobrob/ros_ws/dwa_baseline_2/world249_1127_061306/world249_1127_061306_0.db3' for READ_WRITE.
[INFO] [1764252786.699103164] [rosbag2_recorder]: Listening for topics...
[INFO] [1764252786.699116544] [rosbag2_recorder]: Event publisher thread: Starting
[INFO] [1764252786.699170359] [rosbag2_recorder]: Recording...
[INFO] [1764252787.102030235] [rosbag2_recorder]: Subscribed to topic '/odom'
[INFO] [1764252787.102920401] [rosbag2_recorder]: Subscribed to topic '/tf'
[WARN] [1764252787.124617876] [rosbag2_recorder]: New publisher discovered on topic '/tf', offering incompatible QoS. No messages will be sent to it. Last incompatible policy: DURABILITY_QOS_POLICY
[WARN] [1764252787.204423212] [rosbag2_recorder]: A new publisher for subscribed topic /tf was found offering RMW_QOS_POLICY_DURABILITY_VOLATILE, but rosbag2 already subscribed requesting RMW_QOS_POLICY_DURABILITY_TRANSIENT_LOCAL. Messages from this new publisher will not be recorded.
[INFO] [1764252787.205250305] [rosbag2_recorder]: Subscribed to topic '/tf_static'
[WARN] [1764252787.703027727] [rosbag2_recorder]: New publisher discovered on topic '/tf', offering incompatible QoS. No messages will be sent to it. Last incompatible policy: DURABILITY_QOS_POLICY
[WARN] [1764252787.708406513] [rosbag2_recorder]: New publisher discovered on topic '/tf', offering incompatible QoS. No messages will be sent to it. Last incompatible policy: DURABILITY_QOS_POLICY
[INFO] [1764252787.715631181] [rosbag2_recorder]: Subscribed to topic '/cmd_vel'
[INFO] [1764252787.716845361] [rosbag2_recorder]: Subscribed to topic '/plan_barn'
[INFO] [1764252787.718244264] [rosbag2_recorder]: Subscribed to topic '/plan_barn_odom'
[INFO] [1764252787.719738338] [rosbag2_recorder]: Subscribed to topic '/scan'
[INFO] [1764252787.719767238] [rosbag2_recorder]: All requested topics are subscribed. Stopping discovery...
[INFO] [1764252789.588977468] [rosbag2_cpp]: Writing remaining messages from cache to the bag. It may take a while
[INFO] [1764252789.589429426] [rosbag2_recorder]: Event publisher thread: Exiting
[INFO] [1764252789.589466948] [rosbag2_recorder]: Recording stopped
