stdin is not a terminal device. Keyboard handling disabled.[INFO] [1764616869.053180820] [rosbag2_recorder]: Press SPACE for pausing/resuming
[INFO] [1764616869.053938724] [rosbag2_storage]: Opened database '/home/mobrob/ros_ws/dwa_baseline_2/world256_1201_112108/world256_1201_112108_0.db3' for READ_WRITE.
[INFO] [1764616869.054460051] [rosbag2_recorder]: Listening for topics...
[INFO] [1764616869.054470677] [rosbag2_recorder]: Event publisher thread: Starting
[INFO] [1764616869.054523872] [rosbag2_recorder]: Recording...
[INFO] [1764616869.157481787] [rosbag2_recorder]: Subscribed to topic '/cmd_vel'
[INFO] [1764616869.158980517] [rosbag2_recorder]: Subscribed to topic '/odom'
[INFO] [1764616869.160175464] [rosbag2_recorder]: Subscribed to topic '/scan'
[INFO] [1764616869.161525318] [rosbag2_recorder]: Subscribed to topic '/tf'
[WARN] [1764616870.053155072] [rosbag2_recorder]: New publisher discovered on topic '/tf', offering incompatible QoS. No messages will be sent to it. Last incompatible policy: DURABILITY_QOS_POLICY
[WARN] [1764616870.057909492] [rosbag2_recorder]: New publisher discovered on topic '/tf', offering incompatible QoS. No messages will be sent to it. Last incompatible policy: DURABILITY_QOS_POLICY
[WARN] [1764616870.065691557] [rosbag2_recorder]: New publisher discovered on topic '/tf', offering incompatible QoS. No messages will be sent to it. Last incompatible policy: DURABILITY_QOS_POLICY
[WARN] [1764616870.079397849] [rosbag2_recorder]: A new publisher for subscribed topic /tf was found offering RMW_QOS_POLICY_DURABILITY_VOLATILE, but rosbag2 already subscribed requesting RMW_QOS_POLICY_DURABILITY_TRANSIENT_LOCAL. Messages from this new publisher will not be recorded.
[WARN] [1764616870.079432897] [rosbag2_recorder]: A new publisher for subscribed topic /tf was found offering RMW_QOS_POLICY_DURABILITY_VOLATILE, but rosbag2 already subscribed requesting RMW_QOS_POLICY_DURABILITY_TRANSIENT_LOCAL. Messages from this new publisher will not be recorded.
[WARN] [1764616870.079435572] [rosbag2_recorder]: A new publisher for subscribed topic /tf was found offering RMW_QOS_POLICY_DURABILITY_VOLATILE, but rosbag2 already subscribed requesting RMW_QOS_POLICY_DURABILITY_TRANSIENT_LOCAL. Messages from this new publisher will not be recorded.
[INFO] [1764616870.080333577] [rosbag2_recorder]: Subscribed to topic '/plan_barn'
[INFO] [1764616870.081341995] [rosbag2_recorder]: Subscribed to topic '/plan_barn_odom'
[INFO] [1764616870.082290204] [rosbag2_recorder]: Subscribed to topic '/tf_static'
[INFO] [1764616870.082309918] [rosbag2_recorder]: All requested topics are subscribed. Stopping discovery...
[INFO] [1764616875.931437180] [rosbag2_cpp]: Writing remaining messages from cache to the bag. It may take a while
[INFO] [1764616875.932119546] [rosbag2_recorder]: Event publisher thread: Exiting
[INFO] [1764616875.932169078] [rosbag2_recorder]: Recording stopped
