stdin is not a terminal device. Keyboard handling disabled.[INFO] [1764457154.294678658] [rosbag2_recorder]: Press SPACE for pausing/resuming
[INFO] [1764457154.295463250] [rosbag2_storage]: Opened database '/home/mobrob/ros_ws/dwa_baseline_2/world186_1129_145914/world186_1129_145914_0.db3' for READ_WRITE.
[INFO] [1764457154.299215825] [rosbag2_recorder]: Listening for topics...
[INFO] [1764457154.299286352] [rosbag2_recorder]: Event publisher thread: Starting
[INFO] [1764457154.299381768] [rosbag2_recorder]: Recording...
[INFO] [1764457154.402901221] [rosbag2_recorder]: Subscribed to topic '/cmd_vel'
[INFO] [1764457154.404387090] [rosbag2_recorder]: Subscribed to topic '/odom'
[INFO] [1764457154.405754228] [rosbag2_recorder]: Subscribed to topic '/tf'
[WARN] [1764457155.296327022] [rosbag2_recorder]: New publisher discovered on topic '/tf', offering incompatible QoS. No messages will be sent to it. Last incompatible policy: DURABILITY_QOS_POLICY
[WARN] [1764457155.310321987] [rosbag2_recorder]: New publisher discovered on topic '/tf', offering incompatible QoS. No messages will be sent to it. Last incompatible policy: DURABILITY_QOS_POLICY
[WARN] [1764457155.313779968] [rosbag2_recorder]: New publisher discovered on topic '/tf', offering incompatible QoS. No messages will be sent to it. Last incompatible policy: DURABILITY_QOS_POLICY
[WARN] [1764457155.320304071] [rosbag2_recorder]: A new publisher for subscribed topic /tf was found offering RMW_QOS_POLICY_DURABILITY_VOLATILE, but rosbag2 already subscribed requesting RMW_QOS_POLICY_DURABILITY_TRANSIENT_LOCAL. Messages from this new publisher will not be recorded.
[WARN] [1764457155.320342460] [rosbag2_recorder]: A new publisher for subscribed topic /tf was found offering RMW_QOS_POLICY_DURABILITY_VOLATILE, but rosbag2 already subscribed requesting RMW_QOS_POLICY_DURABILITY_TRANSIENT_LOCAL. Messages from this new publisher will not be recorded.
[WARN] [1764457155.320346192] [rosbag2_recorder]: A new publisher for subscribed topic /tf was found offering RMW_QOS_POLICY_DURABILITY_VOLATILE, but rosbag2 already subscribed requesting RMW_QOS_POLICY_DURABILITY_TRANSIENT_LOCAL. Messages from this new publisher will not be recorded.
[INFO] [1764457155.321540907] [rosbag2_recorder]: Subscribed to topic '/plan_barn'
[INFO] [1764457155.322792511] [rosbag2_recorder]: Subscribed to topic '/plan_barn_odom'
[INFO] [1764457155.324381847] [rosbag2_recorder]: Subscribed to topic '/scan'
[INFO] [1764457155.325204689] [rosbag2_recorder]: Subscribed to topic '/tf_static'
[INFO] [1764457155.325220771] [rosbag2_recorder]: All requested topics are subscribed. Stopping discovery...
[INFO] [1764457166.178020571] [rosbag2_cpp]: Writing remaining messages from cache to the bag. It may take a while
[INFO] [1764457166.178732610] [rosbag2_recorder]: Event publisher thread: Exiting
[INFO] [1764457166.178773132] [rosbag2_recorder]: Recording stopped
