stdin is not a terminal device. Keyboard handling disabled.[INFO] [1764203349.129269002] [rosbag2_recorder]: Press SPACE for pausing/resuming
[INFO] [1764203349.130061193] [rosbag2_storage]: Opened database '/home/mobrob/ros_ws/dwa_baseline_2/world154_1126_162908/world154_1126_162908_0.db3' for READ_WRITE.
[INFO] [1764203349.130613479] [rosbag2_recorder]: Listening for topics...
[INFO] [1764203349.130626711] [rosbag2_recorder]: Event publisher thread: Starting
[INFO] [1764203349.130683357] [rosbag2_recorder]: Recording...
[INFO] [1764203349.234631431] [rosbag2_recorder]: Subscribed to topic '/cmd_vel'
[INFO] [1764203349.236055609] [rosbag2_recorder]: Subscribed to topic '/odom'
[INFO] [1764203349.237434425] [rosbag2_recorder]: Subscribed to topic '/scan'
[INFO] [1764203349.238852605] [rosbag2_recorder]: Subscribed to topic '/tf'
[INFO] [1764203349.240104767] [rosbag2_recorder]: Subscribed to topic '/tf_static'
[WARN] [1764203350.132221396] [rosbag2_recorder]: New publisher discovered on topic '/tf', offering incompatible QoS. No messages will be sent to it. Last incompatible policy: DURABILITY_QOS_POLICY
[WARN] [1764203350.133590164] [rosbag2_recorder]: New publisher discovered on topic '/tf', offering incompatible QoS. No messages will be sent to it. Last incompatible policy: DURABILITY_QOS_POLICY
[WARN] [1764203350.137519885] [rosbag2_recorder]: New publisher discovered on topic '/tf', offering incompatible QoS. No messages will be sent to it. Last incompatible policy: DURABILITY_QOS_POLICY
[WARN] [1764203350.156037190] [rosbag2_recorder]: A new publisher for subscribed topic /tf was found offering RMW_QOS_POLICY_DURABILITY_VOLATILE, but rosbag2 already subscribed requesting RMW_QOS_POLICY_DURABILITY_TRANSIENT_LOCAL. Messages from this new publisher will not be recorded.
[WARN] [1764203350.156072510] [rosbag2_recorder]: A new publisher for subscribed topic /tf was found offering RMW_QOS_POLICY_DURABILITY_VOLATILE, but rosbag2 already subscribed requesting RMW_QOS_POLICY_DURABILITY_TRANSIENT_LOCAL. Messages from this new publisher will not be recorded.
[WARN] [1764203350.156075878] [rosbag2_recorder]: A new publisher for subscribed topic /tf was found offering RMW_QOS_POLICY_DURABILITY_VOLATILE, but rosbag2 already subscribed requesting RMW_QOS_POLICY_DURABILITY_TRANSIENT_LOCAL. Messages from this new publisher will not be recorded.
[INFO] [1764203351.190979708] [rosbag2_recorder]: Subscribed to topic '/plan_barn'
[INFO] [1764203351.191867054] [rosbag2_recorder]: Subscribed to topic '/plan_barn_odom'
[INFO] [1764203351.191882950] [rosbag2_recorder]: All requested topics are subscribed. Stopping discovery...
[INFO] [1764203421.013345001] [rosbag2_cpp]: Writing remaining messages from cache to the bag. It may take a while
[INFO] [1764203421.013984624] [rosbag2_recorder]: Event publisher thread: Exiting
[INFO] [1764203421.014036444] [rosbag2_recorder]: Recording stopped
