stdin is not a terminal device. Keyboard handling disabled.[INFO] [1764253871.283147817] [rosbag2_recorder]: Press SPACE for pausing/resuming
[INFO] [1764253871.283888561] [rosbag2_storage]: Opened database '/home/mobrob/ros_ws/dwa_baseline_2/world252_1127_063111/world252_1127_063111_0.db3' for READ_WRITE.
[INFO] [1764253871.284558121] [rosbag2_recorder]: Listening for topics...
[INFO] [1764253871.284569832] [rosbag2_recorder]: Event publisher thread: Starting
[INFO] [1764253871.284623626] [rosbag2_recorder]: Recording...
[INFO] [1764253871.389625034] [rosbag2_recorder]: Subscribed to topic '/odom'
[INFO] [1764253871.391093110] [rosbag2_recorder]: Subscribed to topic '/tf'
[WARN] [1764253872.287602146] [rosbag2_recorder]: New publisher discovered on topic '/tf', offering incompatible QoS. No messages will be sent to it. Last incompatible policy: DURABILITY_QOS_POLICY
[WARN] [1764253872.287968015] [rosbag2_recorder]: New publisher discovered on topic '/tf', offering incompatible QoS. No messages will be sent to it. Last incompatible policy: DURABILITY_QOS_POLICY
[WARN] [1764253872.306960511] [rosbag2_recorder]: A new publisher for subscribed topic /tf was found offering RMW_QOS_POLICY_DURABILITY_VOLATILE, but rosbag2 already subscribed requesting RMW_QOS_POLICY_DURABILITY_TRANSIENT_LOCAL. Messages from this new publisher will not be recorded.
[WARN] [1764253872.307015546] [rosbag2_recorder]: A new publisher for subscribed topic /tf was found offering RMW_QOS_POLICY_DURABILITY_VOLATILE, but rosbag2 already subscribed requesting RMW_QOS_POLICY_DURABILITY_TRANSIENT_LOCAL. Messages from this new publisher will not be recorded.
[INFO] [1764253872.310669042] [rosbag2_recorder]: Subscribed to topic '/cmd_vel'
[INFO] [1764253872.314556061] [rosbag2_recorder]: Subscribed to topic '/plan_barn_odom'
[INFO] [1764253872.318279767] [rosbag2_recorder]: Subscribed to topic '/scan'
[INFO] [1764253872.322152953] [rosbag2_recorder]: Subscribed to topic '/tf_static'
[WARN] [1764253873.281343733] [rosbag2_recorder]: New publisher discovered on topic '/tf', offering incompatible QoS. No messages will be sent to it. Last incompatible policy: DURABILITY_QOS_POLICY
[INFO] [1764253873.359517260] [rosbag2_recorder]: Subscribed to topic '/plan_barn'
[INFO] [1764253873.359548875] [rosbag2_recorder]: All requested topics are subscribed. Stopping discovery...
[INFO] [1764253913.162272878] [rosbag2_cpp]: Writing remaining messages from cache to the bag. It may take a while
[INFO] [1764253913.163147563] [rosbag2_recorder]: Event publisher thread: Exiting
[INFO] [1764253913.163209840] [rosbag2_recorder]: Recording stopped
