stdin is not a terminal device. Keyboard handling disabled.[INFO] [1764158270.186480211] [rosbag2_recorder]: Press SPACE for pausing/resuming
[INFO] [1764158270.187367720] [rosbag2_storage]: Opened database '/home/mobrob/ros_ws/dwa_baseline_2/world64_1126_035750/world64_1126_035750_0.db3' for READ_WRITE.
[INFO] [1764158270.188349072] [rosbag2_recorder]: Listening for topics...
[INFO] [1764158270.188368998] [rosbag2_recorder]: Event publisher thread: Starting
[INFO] [1764158270.188457219] [rosbag2_recorder]: Recording...
[INFO] [1764158270.290769174] [rosbag2_recorder]: Subscribed to topic '/cmd_vel'
[INFO] [1764158270.291892279] [rosbag2_recorder]: Subscribed to topic '/odom'
[INFO] [1764158270.292730365] [rosbag2_recorder]: Subscribed to topic '/plan_barn'
[INFO] [1764158270.293286513] [rosbag2_recorder]: Subscribed to topic '/plan_barn_odom'
[INFO] [1764158270.294193205] [rosbag2_recorder]: Subscribed to topic '/tf'
[WARN] [1764158271.190508806] [rosbag2_recorder]: New publisher discovered on topic '/tf', offering incompatible QoS. No messages will be sent to it. Last incompatible policy: DURABILITY_QOS_POLICY
[WARN] [1764158271.205683646] [rosbag2_recorder]: New publisher discovered on topic '/tf', offering incompatible QoS. No messages will be sent to it. Last incompatible policy: DURABILITY_QOS_POLICY
[WARN] [1764158271.209164194] [rosbag2_recorder]: A new publisher for subscribed topic /tf was found offering RMW_QOS_POLICY_DURABILITY_VOLATILE, but rosbag2 already subscribed requesting RMW_QOS_POLICY_DURABILITY_TRANSIENT_LOCAL. Messages from this new publisher will not be recorded.
[WARN] [1764158271.209210054] [rosbag2_recorder]: A new publisher for subscribed topic /tf was found offering RMW_QOS_POLICY_DURABILITY_VOLATILE, but rosbag2 already subscribed requesting RMW_QOS_POLICY_DURABILITY_TRANSIENT_LOCAL. Messages from this new publisher will not be recorded.
[INFO] [1764158271.210975906] [rosbag2_recorder]: Subscribed to topic '/tf_static'
[WARN] [1764158271.213425412] [rosbag2_recorder]: New publisher discovered on topic '/tf', offering incompatible QoS. No messages will be sent to it. Last incompatible policy: DURABILITY_QOS_POLICY
[INFO] [1764158272.253537856] [rosbag2_recorder]: Subscribed to topic '/scan'
[INFO] [1764158272.253576696] [rosbag2_recorder]: All requested topics are subscribed. Stopping discovery...
[INFO] [1764158320.051619152] [rosbag2_cpp]: Writing remaining messages from cache to the bag. It may take a while
[INFO] [1764158320.052211518] [rosbag2_recorder]: Event publisher thread: Exiting
[INFO] [1764158320.052257179] [rosbag2_recorder]: Recording stopped
