stdin is not a terminal device. Keyboard handling disabled.[INFO] [1764604393.449981316] [rosbag2_recorder]: Press SPACE for pausing/resuming
[INFO] [1764604393.450800392] [rosbag2_storage]: Opened database '/home/mobrob/ros_ws/dwa_baseline_2/world218_1201_075313/world218_1201_075313_0.db3' for READ_WRITE.
[INFO] [1764604393.452484206] [rosbag2_recorder]: Listening for topics...
[INFO] [1764604393.452497761] [rosbag2_recorder]: Event publisher thread: Starting
[INFO] [1764604393.452585758] [rosbag2_recorder]: Recording...
[INFO] [1764604393.555392485] [rosbag2_recorder]: Subscribed to topic '/cmd_vel'
[INFO] [1764604393.556379341] [rosbag2_recorder]: Subscribed to topic '/odom'
[INFO] [1764604393.557514787] [rosbag2_recorder]: Subscribed to topic '/tf'
[WARN] [1764604394.447465879] [rosbag2_recorder]: New publisher discovered on topic '/tf', offering incompatible QoS. No messages will be sent to it. Last incompatible policy: DURABILITY_QOS_POLICY
[WARN] [1764604394.471572185] [rosbag2_recorder]: A new publisher for subscribed topic /tf was found offering RMW_QOS_POLICY_DURABILITY_VOLATILE, but rosbag2 already subscribed requesting RMW_QOS_POLICY_DURABILITY_TRANSIENT_LOCAL. Messages from this new publisher will not be recorded.
[INFO] [1764604394.472997578] [rosbag2_recorder]: Subscribed to topic '/tf_static'
[WARN] [1764604394.477680027] [rosbag2_recorder]: New publisher discovered on topic '/tf', offering incompatible QoS. No messages will be sent to it. Last incompatible policy: DURABILITY_QOS_POLICY
[INFO] [1764604394.575796656] [rosbag2_recorder]: Subscribed to topic '/plan_barn'
[INFO] [1764604394.576545932] [rosbag2_recorder]: Subscribed to topic '/plan_barn_odom'
[WARN] [1764604395.446581655] [rosbag2_recorder]: New publisher discovered on topic '/tf', offering incompatible QoS. No messages will be sent to it. Last incompatible policy: DURABILITY_QOS_POLICY
[INFO] [1764604395.500367929] [rosbag2_recorder]: Subscribed to topic '/scan'
[INFO] [1764604395.500400122] [rosbag2_recorder]: All requested topics are subscribed. Stopping discovery...
[INFO] [1764604409.325663486] [rosbag2_cpp]: Writing remaining messages from cache to the bag. It may take a while
[INFO] [1764604409.326349485] [rosbag2_recorder]: Event publisher thread: Exiting
[INFO] [1764604409.326384916] [rosbag2_recorder]: Recording stopped
