stdin is not a terminal device. Keyboard handling disabled.[INFO] [1764159464.868683890] [rosbag2_recorder]: Press SPACE for pausing/resuming
[INFO] [1764159464.869770327] [rosbag2_storage]: Opened database '/home/mobrob/ros_ws/dwa_baseline_2/world67_1126_041744/world67_1126_041744_0.db3' for READ_WRITE.
[INFO] [1764159464.870406273] [rosbag2_recorder]: Listening for topics...
[INFO] [1764159464.870417325] [rosbag2_recorder]: Event publisher thread: Starting
[INFO] [1764159464.870594567] [rosbag2_recorder]: Recording...
[INFO] [1764159464.973299784] [rosbag2_recorder]: Subscribed to topic '/cmd_vel'
[INFO] [1764159464.974536871] [rosbag2_recorder]: Subscribed to topic '/odom'
[INFO] [1764159464.975953441] [rosbag2_recorder]: Subscribed to topic '/tf'
[INFO] [1764159464.976554818] [rosbag2_recorder]: Subscribed to topic '/tf_static'
[WARN] [1764159465.873060261] [rosbag2_recorder]: New publisher discovered on topic '/tf', offering incompatible QoS. No messages will be sent to it. Last incompatible policy: DURABILITY_QOS_POLICY
[WARN] [1764159465.874847639] [rosbag2_recorder]: New publisher discovered on topic '/tf', offering incompatible QoS. No messages will be sent to it. Last incompatible policy: DURABILITY_QOS_POLICY
[WARN] [1764159465.885089814] [rosbag2_recorder]: New publisher discovered on topic '/tf', offering incompatible QoS. No messages will be sent to it. Last incompatible policy: DURABILITY_QOS_POLICY
[WARN] [1764159465.891639251] [rosbag2_recorder]: A new publisher for subscribed topic /tf was found offering RMW_QOS_POLICY_DURABILITY_VOLATILE, but rosbag2 already subscribed requesting RMW_QOS_POLICY_DURABILITY_TRANSIENT_LOCAL. Messages from this new publisher will not be recorded.
[WARN] [1764159465.891671306] [rosbag2_recorder]: A new publisher for subscribed topic /tf was found offering RMW_QOS_POLICY_DURABILITY_VOLATILE, but rosbag2 already subscribed requesting RMW_QOS_POLICY_DURABILITY_TRANSIENT_LOCAL. Messages from this new publisher will not be recorded.
[WARN] [1764159465.891674205] [rosbag2_recorder]: A new publisher for subscribed topic /tf was found offering RMW_QOS_POLICY_DURABILITY_VOLATILE, but rosbag2 already subscribed requesting RMW_QOS_POLICY_DURABILITY_TRANSIENT_LOCAL. Messages from this new publisher will not be recorded.
[INFO] [1764159465.893037909] [rosbag2_recorder]: Subscribed to topic '/plan_barn'
[INFO] [1764159465.894052577] [rosbag2_recorder]: Subscribed to topic '/plan_barn_odom'
[INFO] [1764159465.895293527] [rosbag2_recorder]: Subscribed to topic '/scan'
[INFO] [1764159465.895316233] [rosbag2_recorder]: All requested topics are subscribed. Stopping discovery...
[INFO] [1764159501.740452732] [rosbag2_cpp]: Writing remaining messages from cache to the bag. It may take a while
[INFO] [1764159501.741169202] [rosbag2_recorder]: Event publisher thread: Exiting
[INFO] [1764159501.741208724] [rosbag2_recorder]: Recording stopped
