stdin is not a terminal device. Keyboard handling disabled.[INFO] [1764570935.522067046] [rosbag2_recorder]: Press SPACE for pausing/resuming
[INFO] [1764570935.522842233] [rosbag2_storage]: Opened database '/home/mobrob/ros_ws/dwa_baseline_2/world114_1130_223535/world114_1130_223535_0.db3' for READ_WRITE.
[INFO] [1764570935.523312318] [rosbag2_recorder]: Listening for topics...
[INFO] [1764570935.523402556] [rosbag2_recorder]: Recording...
[INFO] [1764570935.523436245] [rosbag2_recorder]: Event publisher thread: Starting
[INFO] [1764570935.626045590] [rosbag2_recorder]: Subscribed to topic '/cmd_vel'
[INFO] [1764570935.627065517] [rosbag2_recorder]: Subscribed to topic '/odom'
[INFO] [1764570935.628356764] [rosbag2_recorder]: Subscribed to topic '/scan'
[INFO] [1764570935.629660749] [rosbag2_recorder]: Subscribed to topic '/tf'
[WARN] [1764570936.518669591] [rosbag2_recorder]: New publisher discovered on topic '/tf', offering incompatible QoS. No messages will be sent to it. Last incompatible policy: DURABILITY_QOS_POLICY
[WARN] [1764570936.533023841] [rosbag2_recorder]: New publisher discovered on topic '/tf', offering incompatible QoS. No messages will be sent to it. Last incompatible policy: DURABILITY_QOS_POLICY
[WARN] [1764570936.546049647] [rosbag2_recorder]: A new publisher for subscribed topic /tf was found offering RMW_QOS_POLICY_DURABILITY_VOLATILE, but rosbag2 already subscribed requesting RMW_QOS_POLICY_DURABILITY_TRANSIENT_LOCAL. Messages from this new publisher will not be recorded.
[WARN] [1764570936.546088619] [rosbag2_recorder]: A new publisher for subscribed topic /tf was found offering RMW_QOS_POLICY_DURABILITY_VOLATILE, but rosbag2 already subscribed requesting RMW_QOS_POLICY_DURABILITY_TRANSIENT_LOCAL. Messages from this new publisher will not be recorded.
[INFO] [1764570936.547785385] [rosbag2_recorder]: Subscribed to topic '/plan_barn'
[INFO] [1764570936.549948354] [rosbag2_recorder]: Subscribed to topic '/plan_barn_odom'
[INFO] [1764570936.551780487] [rosbag2_recorder]: Subscribed to topic '/tf_static'
[INFO] [1764570936.551817138] [rosbag2_recorder]: All requested topics are subscribed. Stopping discovery...
[WARN] [1764570937.519844331] [rosbag2_recorder]: New publisher discovered on topic '/tf', offering incompatible QoS. No messages will be sent to it. Last incompatible policy: DURABILITY_QOS_POLICY
[INFO] [1764571004.397970953] [rosbag2_cpp]: Writing remaining messages from cache to the bag. It may take a while
[INFO] [1764571004.398639073] [rosbag2_recorder]: Event publisher thread: Exiting
[INFO] [1764571004.398679594] [rosbag2_recorder]: Recording stopped
