stdin is not a terminal device. Keyboard handling disabled.[INFO] [1764589356.157686583] [rosbag2_recorder]: Press SPACE for pausing/resuming
[INFO] [1764589356.158756937] [rosbag2_storage]: Opened database '/home/mobrob/ros_ws/dwa_baseline_2/world169_1201_034236/world169_1201_034236_0.db3' for READ_WRITE.
[INFO] [1764589356.159279905] [rosbag2_recorder]: Listening for topics...
[INFO] [1764589356.159367784] [rosbag2_recorder]: Recording...
[INFO] [1764589356.161613148] [rosbag2_recorder]: Event publisher thread: Starting
[INFO] [1764589356.263960542] [rosbag2_recorder]: Subscribed to topic '/cmd_vel'
[INFO] [1764589356.264812188] [rosbag2_recorder]: Subscribed to topic '/odom'
[INFO] [1764589356.265520441] [rosbag2_recorder]: Subscribed to topic '/scan'
[INFO] [1764589356.266480768] [rosbag2_recorder]: Subscribed to topic '/tf'
[INFO] [1764589356.267232430] [rosbag2_recorder]: Subscribed to topic '/tf_static'
[WARN] [1764589357.169774270] [rosbag2_recorder]: New publisher discovered on topic '/tf', offering incompatible QoS. No messages will be sent to it. Last incompatible policy: DURABILITY_QOS_POLICY
[WARN] [1764589357.179645564] [rosbag2_recorder]: New publisher discovered on topic '/tf', offering incompatible QoS. No messages will be sent to it. Last incompatible policy: DURABILITY_QOS_POLICY
[WARN] [1764589357.185331137] [rosbag2_recorder]: A new publisher for subscribed topic /tf was found offering RMW_QOS_POLICY_DURABILITY_VOLATILE, but rosbag2 already subscribed requesting RMW_QOS_POLICY_DURABILITY_TRANSIENT_LOCAL. Messages from this new publisher will not be recorded.
[WARN] [1764589357.185380207] [rosbag2_recorder]: A new publisher for subscribed topic /tf was found offering RMW_QOS_POLICY_DURABILITY_VOLATILE, but rosbag2 already subscribed requesting RMW_QOS_POLICY_DURABILITY_TRANSIENT_LOCAL. Messages from this new publisher will not be recorded.
[INFO] [1764589357.187072885] [rosbag2_recorder]: Subscribed to topic '/plan_barn'
[INFO] [1764589357.188298201] [rosbag2_recorder]: Subscribed to topic '/plan_barn_odom'
[INFO] [1764589357.188326237] [rosbag2_recorder]: All requested topics are subscribed. Stopping discovery...
[WARN] [1764589358.157529018] [rosbag2_recorder]: New publisher discovered on topic '/tf', offering incompatible QoS. No messages will be sent to it. Last incompatible policy: DURABILITY_QOS_POLICY
[INFO] [1764589402.024330400] [rosbag2_cpp]: Writing remaining messages from cache to the bag. It may take a while
[INFO] [1764589402.024899865] [rosbag2_recorder]: Event publisher thread: Exiting
[INFO] [1764589402.024930549] [rosbag2_recorder]: Recording stopped
