stdin is not a terminal device. Keyboard handling disabled.[INFO] [1764172552.839821646] [rosbag2_recorder]: Press SPACE for pausing/resuming
[INFO] [1764172552.840691780] [rosbag2_storage]: Opened database '/home/mobrob/ros_ws/dwa_baseline_2/world95_1126_075552/world95_1126_075552_0.db3' for READ_WRITE.
[INFO] [1764172552.841330400] [rosbag2_recorder]: Listening for topics...
[INFO] [1764172552.841359204] [rosbag2_recorder]: Event publisher thread: Starting
[INFO] [1764172552.841443754] [rosbag2_recorder]: Recording...
[INFO] [1764172552.944762394] [rosbag2_recorder]: Subscribed to topic '/cmd_vel'
[INFO] [1764172552.945887219] [rosbag2_recorder]: Subscribed to topic '/odom'
[INFO] [1764172552.947050227] [rosbag2_recorder]: Subscribed to topic '/scan'
[INFO] [1764172552.948282139] [rosbag2_recorder]: Subscribed to topic '/tf'
[WARN] [1764172553.844575444] [rosbag2_recorder]: New publisher discovered on topic '/tf', offering incompatible QoS. No messages will be sent to it. Last incompatible policy: DURABILITY_QOS_POLICY
[WARN] [1764172553.851120102] [rosbag2_recorder]: New publisher discovered on topic '/tf', offering incompatible QoS. No messages will be sent to it. Last incompatible policy: DURABILITY_QOS_POLICY
[WARN] [1764172553.865347537] [rosbag2_recorder]: A new publisher for subscribed topic /tf was found offering RMW_QOS_POLICY_DURABILITY_VOLATILE, but rosbag2 already subscribed requesting RMW_QOS_POLICY_DURABILITY_TRANSIENT_LOCAL. Messages from this new publisher will not be recorded.
[WARN] [1764172553.865385751] [rosbag2_recorder]: A new publisher for subscribed topic /tf was found offering RMW_QOS_POLICY_DURABILITY_VOLATILE, but rosbag2 already subscribed requesting RMW_QOS_POLICY_DURABILITY_TRANSIENT_LOCAL. Messages from this new publisher will not be recorded.
[INFO] [1764172553.866298678] [rosbag2_recorder]: Subscribed to topic '/plan_barn'
[INFO] [1764172553.867050445] [rosbag2_recorder]: Subscribed to topic '/plan_barn_odom'
[INFO] [1764172553.867735833] [rosbag2_recorder]: Subscribed to topic '/tf_static'
[INFO] [1764172553.867750628] [rosbag2_recorder]: All requested topics are subscribed. Stopping discovery...
[WARN] [1764172554.837516136] [rosbag2_recorder]: New publisher discovered on topic '/tf', offering incompatible QoS. No messages will be sent to it. Last incompatible policy: DURABILITY_QOS_POLICY
[INFO] [1764172604.712283815] [rosbag2_cpp]: Writing remaining messages from cache to the bag. It may take a while
[INFO] [1764172604.712888595] [rosbag2_recorder]: Event publisher thread: Exiting
[INFO] [1764172604.712918495] [rosbag2_recorder]: Recording stopped
