stdin is not a terminal device. Keyboard handling disabled.[INFO] [1764210707.616153211] [rosbag2_recorder]: Press SPACE for pausing/resuming
[INFO] [1764210707.617428960] [rosbag2_storage]: Opened database '/home/mobrob/ros_ws/dwa_baseline_2/world169_1126_183147/world169_1126_183147_0.db3' for READ_WRITE.
[INFO] [1764210707.618122227] [rosbag2_recorder]: Listening for topics...
[INFO] [1764210707.618129966] [rosbag2_recorder]: Event publisher thread: Starting
[INFO] [1764210707.618358931] [rosbag2_recorder]: Recording...
[INFO] [1764210707.719828149] [rosbag2_recorder]: Subscribed to topic '/cmd_vel'
[INFO] [1764210707.821280442] [rosbag2_recorder]: Subscribed to topic '/odom'
[INFO] [1764210707.822057748] [rosbag2_recorder]: Subscribed to topic '/tf'
[WARN] [1764210707.913101436] [rosbag2_recorder]: New publisher discovered on topic '/tf', offering incompatible QoS. No messages will be sent to it. Last incompatible policy: DURABILITY_QOS_POLICY
[WARN] [1764210707.913950025] [rosbag2_recorder]: New publisher discovered on topic '/tf', offering incompatible QoS. No messages will be sent to it. Last incompatible policy: DURABILITY_QOS_POLICY
[WARN] [1764210707.923311956] [rosbag2_recorder]: A new publisher for subscribed topic /tf was found offering RMW_QOS_POLICY_DURABILITY_VOLATILE, but rosbag2 already subscribed requesting RMW_QOS_POLICY_DURABILITY_TRANSIENT_LOCAL. Messages from this new publisher will not be recorded.
[WARN] [1764210707.923352346] [rosbag2_recorder]: A new publisher for subscribed topic /tf was found offering RMW_QOS_POLICY_DURABILITY_VOLATILE, but rosbag2 already subscribed requesting RMW_QOS_POLICY_DURABILITY_TRANSIENT_LOCAL. Messages from this new publisher will not be recorded.
[INFO] [1764210707.924682125] [rosbag2_recorder]: Subscribed to topic '/scan'
[INFO] [1764210707.925516813] [rosbag2_recorder]: Subscribed to topic '/tf_static'
[WARN] [1764210708.999037136] [rosbag2_recorder]: New publisher discovered on topic '/tf', offering incompatible QoS. No messages will be sent to it. Last incompatible policy: DURABILITY_QOS_POLICY
[INFO] [1764210710.080400437] [rosbag2_recorder]: Subscribed to topic '/plan_barn'
[INFO] [1764210710.081608745] [rosbag2_recorder]: Subscribed to topic '/plan_barn_odom'
[INFO] [1764210710.081630792] [rosbag2_recorder]: All requested topics are subscribed. Stopping discovery...
[INFO] [1764210756.492908299] [rosbag2_cpp]: Writing remaining messages from cache to the bag. It may take a while
[INFO] [1764210756.493484874] [rosbag2_recorder]: Event publisher thread: Exiting
[INFO] [1764210756.493529385] [rosbag2_recorder]: Recording stopped
