stdin is not a terminal device. Keyboard handling disabled.[INFO] [1764242285.834539294] [rosbag2_recorder]: Press SPACE for pausing/resuming
[INFO] [1764242285.835263151] [rosbag2_storage]: Opened database '/home/mobrob/ros_ws/dwa_baseline_2/world228_1127_031805/world228_1127_031805_0.db3' for READ_WRITE.
[INFO] [1764242285.835767054] [rosbag2_recorder]: Listening for topics...
[INFO] [1764242285.835777166] [rosbag2_recorder]: Event publisher thread: Starting
[INFO] [1764242285.835837653] [rosbag2_recorder]: Recording...
[INFO] [1764242285.939656849] [rosbag2_recorder]: Subscribed to topic '/cmd_vel'
[INFO] [1764242285.940791423] [rosbag2_recorder]: Subscribed to topic '/odom'
[INFO] [1764242285.941791323] [rosbag2_recorder]: Subscribed to topic '/tf'
[INFO] [1764242285.942539685] [rosbag2_recorder]: Subscribed to topic '/tf_static'
[WARN] [1764242286.843080665] [rosbag2_recorder]: New publisher discovered on topic '/tf', offering incompatible QoS. No messages will be sent to it. Last incompatible policy: DURABILITY_QOS_POLICY
[WARN] [1764242286.849009942] [rosbag2_recorder]: New publisher discovered on topic '/tf', offering incompatible QoS. No messages will be sent to it. Last incompatible policy: DURABILITY_QOS_POLICY
[WARN] [1764242286.856773214] [rosbag2_recorder]: A new publisher for subscribed topic /tf was found offering RMW_QOS_POLICY_DURABILITY_VOLATILE, but rosbag2 already subscribed requesting RMW_QOS_POLICY_DURABILITY_TRANSIENT_LOCAL. Messages from this new publisher will not be recorded.
[WARN] [1764242286.856802648] [rosbag2_recorder]: A new publisher for subscribed topic /tf was found offering RMW_QOS_POLICY_DURABILITY_VOLATILE, but rosbag2 already subscribed requesting RMW_QOS_POLICY_DURABILITY_TRANSIENT_LOCAL. Messages from this new publisher will not be recorded.
[INFO] [1764242286.857673300] [rosbag2_recorder]: Subscribed to topic '/plan_barn'
[INFO] [1764242286.858435209] [rosbag2_recorder]: Subscribed to topic '/plan_barn_odom'
[WARN] [1764242287.833628169] [rosbag2_recorder]: New publisher discovered on topic '/tf', offering incompatible QoS. No messages will be sent to it. Last incompatible policy: DURABILITY_QOS_POLICY
[INFO] [1764242287.899019148] [rosbag2_recorder]: Subscribed to topic '/scan'
[INFO] [1764242287.899063209] [rosbag2_recorder]: All requested topics are subscribed. Stopping discovery...
[INFO] [1764242321.708810511] [rosbag2_cpp]: Writing remaining messages from cache to the bag. It may take a while
[INFO] [1764242321.709385675] [rosbag2_recorder]: Event publisher thread: Exiting
[INFO] [1764242321.709432862] [rosbag2_recorder]: Recording stopped
