stdin is not a terminal device. Keyboard handling disabled.[INFO] [1764229043.168671031] [rosbag2_recorder]: Press SPACE for pausing/resuming
[INFO] [1764229043.169901519] [rosbag2_storage]: Opened database '/home/mobrob/ros_ws/dwa_baseline_2/world203_1126_233723/world203_1126_233723_0.db3' for READ_WRITE.
[INFO] [1764229043.170514593] [rosbag2_recorder]: Listening for topics...
[INFO] [1764229043.170537249] [rosbag2_recorder]: Event publisher thread: Starting
[INFO] [1764229043.170661052] [rosbag2_recorder]: Recording...
[INFO] [1764229043.273209356] [rosbag2_recorder]: Subscribed to topic '/odom'
[INFO] [1764229043.274256393] [rosbag2_recorder]: Subscribed to topic '/tf'
[INFO] [1764229043.274845401] [rosbag2_recorder]: Subscribed to topic '/tf_static'
[WARN] [1764229044.174729754] [rosbag2_recorder]: New publisher discovered on topic '/tf', offering incompatible QoS. No messages will be sent to it. Last incompatible policy: DURABILITY_QOS_POLICY
[WARN] [1764229044.186367386] [rosbag2_recorder]: A new publisher for subscribed topic /tf was found offering RMW_QOS_POLICY_DURABILITY_VOLATILE, but rosbag2 already subscribed requesting RMW_QOS_POLICY_DURABILITY_TRANSIENT_LOCAL. Messages from this new publisher will not be recorded.
[INFO] [1764229044.187835313] [rosbag2_recorder]: Subscribed to topic '/scan'
[WARN] [1764229045.173093177] [rosbag2_recorder]: New publisher discovered on topic '/tf', offering incompatible QoS. No messages will be sent to it. Last incompatible policy: DURABILITY_QOS_POLICY
[WARN] [1764229045.173346016] [rosbag2_recorder]: New publisher discovered on topic '/tf', offering incompatible QoS. No messages will be sent to it. Last incompatible policy: DURABILITY_QOS_POLICY
[INFO] [1764229045.212853184] [rosbag2_recorder]: Subscribed to topic '/cmd_vel'
[INFO] [1764229045.214338759] [rosbag2_recorder]: Subscribed to topic '/plan_barn'
[INFO] [1764229045.215478486] [rosbag2_recorder]: Subscribed to topic '/plan_barn_odom'
[INFO] [1764229045.215503915] [rosbag2_recorder]: All requested topics are subscribed. Stopping discovery...
[INFO] [1764229109.049343733] [rosbag2_cpp]: Writing remaining messages from cache to the bag. It may take a while
[INFO] [1764229109.049931369] [rosbag2_recorder]: Event publisher thread: Exiting
[INFO] [1764229109.049968838] [rosbag2_recorder]: Recording stopped
