stdin is not a terminal device. Keyboard handling disabled.[INFO] [1764601211.214560013] [rosbag2_recorder]: Press SPACE for pausing/resuming
[INFO] [1764601211.215329620] [rosbag2_storage]: Opened database '/home/mobrob/ros_ws/dwa_baseline_2/world209_1201_070011/world209_1201_070011_0.db3' for READ_WRITE.
[INFO] [1764601211.216094351] [rosbag2_recorder]: Listening for topics...
[INFO] [1764601211.216112264] [rosbag2_recorder]: Event publisher thread: Starting
[INFO] [1764601211.216217996] [rosbag2_recorder]: Recording...
[INFO] [1764601211.318779048] [rosbag2_recorder]: Subscribed to topic '/cmd_vel'
[INFO] [1764601211.320373485] [rosbag2_recorder]: Subscribed to topic '/odom'
[INFO] [1764601211.321440156] [rosbag2_recorder]: Subscribed to topic '/plan_barn'
[INFO] [1764601211.322136424] [rosbag2_recorder]: Subscribed to topic '/plan_barn_odom'
[INFO] [1764601211.323765727] [rosbag2_recorder]: Subscribed to topic '/tf'
[WARN] [1764601212.554860472] [rosbag2_recorder]: New publisher discovered on topic '/tf', offering incompatible QoS. No messages will be sent to it. Last incompatible policy: DURABILITY_QOS_POLICY
[WARN] [1764601212.556671236] [rosbag2_recorder]: New publisher discovered on topic '/tf', offering incompatible QoS. No messages will be sent to it. Last incompatible policy: DURABILITY_QOS_POLICY
[WARN] [1764601212.644860227] [rosbag2_recorder]: A new publisher for subscribed topic /tf was found offering RMW_QOS_POLICY_DURABILITY_VOLATILE, but rosbag2 already subscribed requesting RMW_QOS_POLICY_DURABILITY_TRANSIENT_LOCAL. Messages from this new publisher will not be recorded.
[WARN] [1764601212.644900593] [rosbag2_recorder]: A new publisher for subscribed topic /tf was found offering RMW_QOS_POLICY_DURABILITY_VOLATILE, but rosbag2 already subscribed requesting RMW_QOS_POLICY_DURABILITY_TRANSIENT_LOCAL. Messages from this new publisher will not be recorded.
[INFO] [1764601212.646138847] [rosbag2_recorder]: Subscribed to topic '/scan'
[INFO] [1764601212.647382065] [rosbag2_recorder]: Subscribed to topic '/tf_static'
[INFO] [1764601212.647407757] [rosbag2_recorder]: All requested topics are subscribed. Stopping discovery...
[WARN] [1764601213.217571282] [rosbag2_recorder]: New publisher discovered on topic '/tf', offering incompatible QoS. No messages will be sent to it. Last incompatible policy: DURABILITY_QOS_POLICY
[INFO] [1764601261.105141566] [rosbag2_cpp]: Writing remaining messages from cache to the bag. It may take a while
[INFO] [1764601261.105707116] [rosbag2_recorder]: Event publisher thread: Exiting
[INFO] [1764601261.105739078] [rosbag2_recorder]: Recording stopped
