stdin is not a terminal device. Keyboard handling disabled.[INFO] [1764594758.491931131] [rosbag2_recorder]: Press SPACE for pausing/resuming
[INFO] [1764594758.492749778] [rosbag2_storage]: Opened database '/home/mobrob/ros_ws/dwa_baseline_2/world188_1201_051238/world188_1201_051238_0.db3' for READ_WRITE.
[INFO] [1764594758.493618802] [rosbag2_recorder]: Listening for topics...
[INFO] [1764594758.493634534] [rosbag2_recorder]: Event publisher thread: Starting
[INFO] [1764594758.493715938] [rosbag2_recorder]: Recording...
[INFO] [1764594758.597605288] [rosbag2_recorder]: Subscribed to topic '/odom'
[INFO] [1764594758.599012678] [rosbag2_recorder]: Subscribed to topic '/tf'
[INFO] [1764594758.599748092] [rosbag2_recorder]: Subscribed to topic '/tf_static'
[WARN] [1764594759.516912683] [rosbag2_recorder]: New publisher discovered on topic '/tf', offering incompatible QoS. No messages will be sent to it. Last incompatible policy: DURABILITY_QOS_POLICY
[WARN] [1764594759.519431620] [rosbag2_recorder]: A new publisher for subscribed topic /tf was found offering RMW_QOS_POLICY_DURABILITY_VOLATILE, but rosbag2 already subscribed requesting RMW_QOS_POLICY_DURABILITY_TRANSIENT_LOCAL. Messages from this new publisher will not be recorded.
[INFO] [1764594759.521305208] [rosbag2_recorder]: Subscribed to topic '/cmd_vel'
[INFO] [1764594759.522569370] [rosbag2_recorder]: Subscribed to topic '/plan_barn_odom'
[WARN] [1764594760.493722984] [rosbag2_recorder]: New publisher discovered on topic '/tf', offering incompatible QoS. No messages will be sent to it. Last incompatible policy: DURABILITY_QOS_POLICY
[WARN] [1764594760.494307223] [rosbag2_recorder]: New publisher discovered on topic '/tf', offering incompatible QoS. No messages will be sent to it. Last incompatible policy: DURABILITY_QOS_POLICY
[INFO] [1764594760.550171211] [rosbag2_recorder]: Subscribed to topic '/plan_barn'
[INFO] [1764594760.551359176] [rosbag2_recorder]: Subscribed to topic '/scan'
[INFO] [1764594760.551381559] [rosbag2_recorder]: All requested topics are subscribed. Stopping discovery...
[INFO] [1764594829.369573549] [rosbag2_cpp]: Writing remaining messages from cache to the bag. It may take a while
[INFO] [1764594829.370179276] [rosbag2_recorder]: Event publisher thread: Exiting
[INFO] [1764594829.370214215] [rosbag2_recorder]: Recording stopped
