stdin is not a terminal device. Keyboard handling disabled.[INFO] [1764588581.797306434] [rosbag2_recorder]: Press SPACE for pausing/resuming
[INFO] [1764588581.798609184] [rosbag2_storage]: Opened database '/home/mobrob/ros_ws/dwa_baseline_2/world166_1201_032941/world166_1201_032941_0.db3' for READ_WRITE.
[INFO] [1764588581.799247405] [rosbag2_recorder]: Listening for topics...
[INFO] [1764588581.799256511] [rosbag2_recorder]: Event publisher thread: Starting
[INFO] [1764588581.799376114] [rosbag2_recorder]: Recording...
[INFO] [1764588581.901952194] [rosbag2_recorder]: Subscribed to topic '/odom'
[INFO] [1764588581.903115715] [rosbag2_recorder]: Subscribed to topic '/tf'
[INFO] [1764588581.903659150] [rosbag2_recorder]: Subscribed to topic '/tf_static'
[WARN] [1764588582.805318897] [rosbag2_recorder]: New publisher discovered on topic '/tf', offering incompatible QoS. No messages will be sent to it. Last incompatible policy: DURABILITY_QOS_POLICY
[WARN] [1764588582.810080918] [rosbag2_recorder]: A new publisher for subscribed topic /tf was found offering RMW_QOS_POLICY_DURABILITY_VOLATILE, but rosbag2 already subscribed requesting RMW_QOS_POLICY_DURABILITY_TRANSIENT_LOCAL. Messages from this new publisher will not be recorded.
[INFO] [1764588582.811707271] [rosbag2_recorder]: Subscribed to topic '/cmd_vel'
[INFO] [1764588582.812689197] [rosbag2_recorder]: Subscribed to topic '/plan_barn'
[INFO] [1764588582.814129070] [rosbag2_recorder]: Subscribed to topic '/plan_barn_odom'
[WARN] [1764588582.815318273] [rosbag2_recorder]: New publisher discovered on topic '/tf', offering incompatible QoS. No messages will be sent to it. Last incompatible policy: DURABILITY_QOS_POLICY
[WARN] [1764588583.801992108] [rosbag2_recorder]: New publisher discovered on topic '/tf', offering incompatible QoS. No messages will be sent to it. Last incompatible policy: DURABILITY_QOS_POLICY
[INFO] [1764588583.838604675] [rosbag2_recorder]: Subscribed to topic '/scan'
[INFO] [1764588583.838631961] [rosbag2_recorder]: All requested topics are subscribed. Stopping discovery...
[INFO] [1764588639.676737451] [rosbag2_cpp]: Writing remaining messages from cache to the bag. It may take a while
[INFO] [1764588639.677608102] [rosbag2_recorder]: Event publisher thread: Exiting
[INFO] [1764588639.677651068] [rosbag2_recorder]: Recording stopped
