stdin is not a terminal device. Keyboard handling disabled.[INFO] [1764251413.985891896] [rosbag2_recorder]: Press SPACE for pausing/resuming
[INFO] [1764251413.986878732] [rosbag2_storage]: Opened database '/home/mobrob/ros_ws/dwa_baseline_2/world247_1127_055013/world247_1127_055013_0.db3' for READ_WRITE.
[INFO] [1764251413.987730489] [rosbag2_recorder]: Listening for topics...
[INFO] [1764251413.987738601] [rosbag2_recorder]: Event publisher thread: Starting
[INFO] [1764251413.987872991] [rosbag2_recorder]: Recording...
[INFO] [1764251414.093056486] [rosbag2_recorder]: Subscribed to topic '/cmd_vel'
[INFO] [1764251414.094177885] [rosbag2_recorder]: Subscribed to topic '/odom'
[INFO] [1764251414.095160557] [rosbag2_recorder]: Subscribed to topic '/scan'
[INFO] [1764251414.096123404] [rosbag2_recorder]: Subscribed to topic '/tf'
[INFO] [1764251414.096670464] [rosbag2_recorder]: Subscribed to topic '/tf_static'
[WARN] [1764251415.003603537] [rosbag2_recorder]: New publisher discovered on topic '/tf', offering incompatible QoS. No messages will be sent to it. Last incompatible policy: DURABILITY_QOS_POLICY
[WARN] [1764251415.011548590] [rosbag2_recorder]: New publisher discovered on topic '/tf', offering incompatible QoS. No messages will be sent to it. Last incompatible policy: DURABILITY_QOS_POLICY
[WARN] [1764251415.011717525] [rosbag2_recorder]: A new publisher for subscribed topic /tf was found offering RMW_QOS_POLICY_DURABILITY_VOLATILE, but rosbag2 already subscribed requesting RMW_QOS_POLICY_DURABILITY_TRANSIENT_LOCAL. Messages from this new publisher will not be recorded.
[WARN] [1764251415.011742376] [rosbag2_recorder]: A new publisher for subscribed topic /tf was found offering RMW_QOS_POLICY_DURABILITY_VOLATILE, but rosbag2 already subscribed requesting RMW_QOS_POLICY_DURABILITY_TRANSIENT_LOCAL. Messages from this new publisher will not be recorded.
[INFO] [1764251415.013396835] [rosbag2_recorder]: Subscribed to topic '/plan_barn'
[INFO] [1764251415.014416645] [rosbag2_recorder]: Subscribed to topic '/plan_barn_odom'
[INFO] [1764251415.014449852] [rosbag2_recorder]: All requested topics are subscribed. Stopping discovery...
[WARN] [1764251415.981652482] [rosbag2_recorder]: New publisher discovered on topic '/tf', offering incompatible QoS. No messages will be sent to it. Last incompatible policy: DURABILITY_QOS_POLICY
[INFO] [1764251475.852702374] [rosbag2_cpp]: Writing remaining messages from cache to the bag. It may take a while
[INFO] [1764251475.853598728] [rosbag2_recorder]: Event publisher thread: Exiting
[INFO] [1764251475.853634039] [rosbag2_recorder]: Recording stopped
