stdin is not a terminal device. Keyboard handling disabled.[INFO] [1764402120.100681883] [rosbag2_recorder]: Press SPACE for pausing/resuming
[INFO] [1764402120.101702018] [rosbag2_storage]: Opened database '/home/mobrob/ros_ws/dwa_baseline_2/world31_1128_234159/world31_1128_234159_0.db3' for READ_WRITE.
[INFO] [1764402120.102391199] [rosbag2_recorder]: Listening for topics...
[INFO] [1764402120.102400447] [rosbag2_recorder]: Event publisher thread: Starting
[INFO] [1764402120.102513131] [rosbag2_recorder]: Recording...
[INFO] [1764402120.204329221] [rosbag2_recorder]: Subscribed to topic '/cmd_vel'
[INFO] [1764402120.205266727] [rosbag2_recorder]: Subscribed to topic '/odom'
[INFO] [1764402120.206135107] [rosbag2_recorder]: Subscribed to topic '/tf'
[INFO] [1764402120.206603452] [rosbag2_recorder]: Subscribed to topic '/tf_static'
[WARN] [1764402121.113267354] [rosbag2_recorder]: New publisher discovered on topic '/tf', offering incompatible QoS. No messages will be sent to it. Last incompatible policy: DURABILITY_QOS_POLICY
[WARN] [1764402121.120863533] [rosbag2_recorder]: A new publisher for subscribed topic /tf was found offering RMW_QOS_POLICY_DURABILITY_VOLATILE, but rosbag2 already subscribed requesting RMW_QOS_POLICY_DURABILITY_TRANSIENT_LOCAL. Messages from this new publisher will not be recorded.
[INFO] [1764402121.123350403] [rosbag2_recorder]: Subscribed to topic '/plan_barn'
[INFO] [1764402121.125709202] [rosbag2_recorder]: Subscribed to topic '/plan_barn_odom'
[INFO] [1764402121.127745536] [rosbag2_recorder]: Subscribed to topic '/scan'
[INFO] [1764402121.127786202] [rosbag2_recorder]: All requested topics are subscribed. Stopping discovery...
[WARN] [1764402122.096708897] [rosbag2_recorder]: New publisher discovered on topic '/tf', offering incompatible QoS. No messages will be sent to it. Last incompatible policy: DURABILITY_QOS_POLICY
[WARN] [1764402122.096774830] [rosbag2_recorder]: New publisher discovered on topic '/tf', offering incompatible QoS. No messages will be sent to it. Last incompatible policy: DURABILITY_QOS_POLICY
[INFO] [1764402171.972587702] [rosbag2_cpp]: Writing remaining messages from cache to the bag. It may take a while
[INFO] [1764402171.973430270] [rosbag2_recorder]: Event publisher thread: Exiting
[INFO] [1764402171.973461736] [rosbag2_recorder]: Recording stopped
