stdin is not a terminal device. Keyboard handling disabled.[INFO] [1764169656.090038338] [rosbag2_recorder]: Press SPACE for pausing/resuming
[INFO] [1764169656.091392492] [rosbag2_storage]: Opened database '/home/mobrob/ros_ws/dwa_baseline_2/world87_1126_070735/world87_1126_070735_0.db3' for READ_WRITE.
[INFO] [1764169656.092450949] [rosbag2_recorder]: Listening for topics...
[INFO] [1764169656.092511955] [rosbag2_recorder]: Event publisher thread: Starting
[INFO] [1764169656.092581312] [rosbag2_recorder]: Recording...
[INFO] [1764169656.197567906] [rosbag2_recorder]: Subscribed to topic '/cmd_vel'
[INFO] [1764169656.199385063] [rosbag2_recorder]: Subscribed to topic '/odom'
[INFO] [1764169656.200640161] [rosbag2_recorder]: Subscribed to topic '/tf'
[WARN] [1764169657.086365114] [rosbag2_recorder]: New publisher discovered on topic '/tf', offering incompatible QoS. No messages will be sent to it. Last incompatible policy: DURABILITY_QOS_POLICY
[WARN] [1764169657.094101971] [rosbag2_recorder]: New publisher discovered on topic '/tf', offering incompatible QoS. No messages will be sent to it. Last incompatible policy: DURABILITY_QOS_POLICY
[WARN] [1764169657.112780656] [rosbag2_recorder]: A new publisher for subscribed topic /tf was found offering RMW_QOS_POLICY_DURABILITY_VOLATILE, but rosbag2 already subscribed requesting RMW_QOS_POLICY_DURABILITY_TRANSIENT_LOCAL. Messages from this new publisher will not be recorded.
[WARN] [1764169657.112816458] [rosbag2_recorder]: A new publisher for subscribed topic /tf was found offering RMW_QOS_POLICY_DURABILITY_VOLATILE, but rosbag2 already subscribed requesting RMW_QOS_POLICY_DURABILITY_TRANSIENT_LOCAL. Messages from this new publisher will not be recorded.
[INFO] [1764169657.113792341] [rosbag2_recorder]: Subscribed to topic '/plan_barn'
[INFO] [1764169657.114715150] [rosbag2_recorder]: Subscribed to topic '/plan_barn_odom'
[INFO] [1764169657.116320653] [rosbag2_recorder]: Subscribed to topic '/scan'
[INFO] [1764169657.117381326] [rosbag2_recorder]: Subscribed to topic '/tf_static'
[INFO] [1764169657.117404325] [rosbag2_recorder]: All requested topics are subscribed. Stopping discovery...
[WARN] [1764169658.085442619] [rosbag2_recorder]: New publisher discovered on topic '/tf', offering incompatible QoS. No messages will be sent to it. Last incompatible policy: DURABILITY_QOS_POLICY
[INFO] [1764169692.958041759] [rosbag2_cpp]: Writing remaining messages from cache to the bag. It may take a while
[INFO] [1764169692.958904784] [rosbag2_recorder]: Event publisher thread: Exiting
[INFO] [1764169692.958949088] [rosbag2_recorder]: Recording stopped
