stdin is not a terminal device. Keyboard handling disabled.[INFO] [1764574612.863617724] [rosbag2_recorder]: Press SPACE for pausing/resuming
[INFO] [1764574612.864512691] [rosbag2_storage]: Opened database '/home/mobrob/ros_ws/dwa_baseline_2/world126_1130_233652/world126_1130_233652_0.db3' for READ_WRITE.
[INFO] [1764574612.865416007] [rosbag2_recorder]: Listening for topics...
[INFO] [1764574612.865521776] [rosbag2_recorder]: Recording...
[INFO] [1764574612.866639793] [rosbag2_recorder]: Event publisher thread: Starting
[INFO] [1764574612.968231459] [rosbag2_recorder]: Subscribed to topic '/odom'
[INFO] [1764574612.969817920] [rosbag2_recorder]: Subscribed to topic '/tf'
[WARN] [1764574613.868519298] [rosbag2_recorder]: New publisher discovered on topic '/tf', offering incompatible QoS. No messages will be sent to it. Last incompatible policy: DURABILITY_QOS_POLICY
[WARN] [1764574613.875142924] [rosbag2_recorder]: New publisher discovered on topic '/tf', offering incompatible QoS. No messages will be sent to it. Last incompatible policy: DURABILITY_QOS_POLICY
[WARN] [1764574613.877012859] [rosbag2_recorder]: New publisher discovered on topic '/tf', offering incompatible QoS. No messages will be sent to it. Last incompatible policy: DURABILITY_QOS_POLICY
[WARN] [1764574613.879823564] [rosbag2_recorder]: A new publisher for subscribed topic /tf was found offering RMW_QOS_POLICY_DURABILITY_VOLATILE, but rosbag2 already subscribed requesting RMW_QOS_POLICY_DURABILITY_TRANSIENT_LOCAL. Messages from this new publisher will not be recorded.
[WARN] [1764574613.879858293] [rosbag2_recorder]: A new publisher for subscribed topic /tf was found offering RMW_QOS_POLICY_DURABILITY_VOLATILE, but rosbag2 already subscribed requesting RMW_QOS_POLICY_DURABILITY_TRANSIENT_LOCAL. Messages from this new publisher will not be recorded.
[WARN] [1764574613.879862537] [rosbag2_recorder]: A new publisher for subscribed topic /tf was found offering RMW_QOS_POLICY_DURABILITY_VOLATILE, but rosbag2 already subscribed requesting RMW_QOS_POLICY_DURABILITY_TRANSIENT_LOCAL. Messages from this new publisher will not be recorded.
[INFO] [1764574613.881580085] [rosbag2_recorder]: Subscribed to topic '/plan_barn_odom'
[INFO] [1764574613.883318075] [rosbag2_recorder]: Subscribed to topic '/scan'
[INFO] [1764574613.884555433] [rosbag2_recorder]: Subscribed to topic '/tf_static'
[INFO] [1764574613.989994851] [rosbag2_recorder]: Subscribed to topic '/cmd_vel'
[INFO] [1764574614.917293924] [rosbag2_recorder]: Subscribed to topic '/plan_barn'
[INFO] [1764574614.917326863] [rosbag2_recorder]: All requested topics are subscribed. Stopping discovery...
[INFO] [1764574746.717710721] [rosbag2_cpp]: Writing remaining messages from cache to the bag. It may take a while
[INFO] [1764574746.718273965] [rosbag2_recorder]: Event publisher thread: Exiting
[INFO] [1764574746.718333967] [rosbag2_recorder]: Recording stopped
