stdin is not a terminal device. Keyboard handling disabled.[INFO] [1764228258.880517384] [rosbag2_recorder]: Press SPACE for pausing/resuming
[INFO] [1764228258.881301590] [rosbag2_storage]: Opened database '/home/mobrob/ros_ws/dwa_baseline_2/world201_1126_232418/world201_1126_232418_0.db3' for READ_WRITE.
[INFO] [1764228258.881836659] [rosbag2_recorder]: Listening for topics...
[INFO] [1764228258.881847697] [rosbag2_recorder]: Event publisher thread: Starting
[INFO] [1764228258.881898750] [rosbag2_recorder]: Recording...
[INFO] [1764228258.984999793] [rosbag2_recorder]: Subscribed to topic '/cmd_vel'
[INFO] [1764228258.986650807] [rosbag2_recorder]: Subscribed to topic '/odom'
[INFO] [1764228258.988115798] [rosbag2_recorder]: Subscribed to topic '/tf'
[WARN] [1764228259.888151079] [rosbag2_recorder]: New publisher discovered on topic '/tf', offering incompatible QoS. No messages will be sent to it. Last incompatible policy: DURABILITY_QOS_POLICY
[WARN] [1764228259.891215080] [rosbag2_recorder]: New publisher discovered on topic '/tf', offering incompatible QoS. No messages will be sent to it. Last incompatible policy: DURABILITY_QOS_POLICY
[WARN] [1764228259.908806886] [rosbag2_recorder]: A new publisher for subscribed topic /tf was found offering RMW_QOS_POLICY_DURABILITY_VOLATILE, but rosbag2 already subscribed requesting RMW_QOS_POLICY_DURABILITY_TRANSIENT_LOCAL. Messages from this new publisher will not be recorded.
[WARN] [1764228259.908838666] [rosbag2_recorder]: A new publisher for subscribed topic /tf was found offering RMW_QOS_POLICY_DURABILITY_VOLATILE, but rosbag2 already subscribed requesting RMW_QOS_POLICY_DURABILITY_TRANSIENT_LOCAL. Messages from this new publisher will not be recorded.
[INFO] [1764228259.909753828] [rosbag2_recorder]: Subscribed to topic '/plan_barn'
[INFO] [1764228259.910488529] [rosbag2_recorder]: Subscribed to topic '/plan_barn_odom'
[INFO] [1764228259.911503484] [rosbag2_recorder]: Subscribed to topic '/scan'
[INFO] [1764228259.912580336] [rosbag2_recorder]: Subscribed to topic '/tf_static'
[INFO] [1764228259.912607790] [rosbag2_recorder]: All requested topics are subscribed. Stopping discovery...
[WARN] [1764228260.876743773] [rosbag2_recorder]: New publisher discovered on topic '/tf', offering incompatible QoS. No messages will be sent to it. Last incompatible policy: DURABILITY_QOS_POLICY
[INFO] [1764228351.753166383] [rosbag2_cpp]: Writing remaining messages from cache to the bag. It may take a while
[INFO] [1764228351.753790970] [rosbag2_recorder]: Event publisher thread: Exiting
[INFO] [1764228351.753844315] [rosbag2_recorder]: Recording stopped
