stdin is not a terminal device. Keyboard handling disabled.[INFO] [1764469206.896606711] [rosbag2_recorder]: Press SPACE for pausing/resuming
[INFO] [1764469206.897803169] [rosbag2_storage]: Opened database '/home/mobrob/ros_ws/dwa_baseline_2/world217_1129_182006/world217_1129_182006_0.db3' for READ_WRITE.
[INFO] [1764469206.898536396] [rosbag2_recorder]: Listening for topics...
[INFO] [1764469206.898550291] [rosbag2_recorder]: Event publisher thread: Starting
[INFO] [1764469206.898639490] [rosbag2_recorder]: Recording...
[INFO] [1764469207.001301844] [rosbag2_recorder]: Subscribed to topic '/cmd_vel'
[INFO] [1764469207.002598361] [rosbag2_recorder]: Subscribed to topic '/odom'
[INFO] [1764469207.004043632] [rosbag2_recorder]: Subscribed to topic '/scan'
[INFO] [1764469207.005550806] [rosbag2_recorder]: Subscribed to topic '/tf'
[INFO] [1764469207.006559295] [rosbag2_recorder]: Subscribed to topic '/tf_static'
[WARN] [1764469207.908384985] [rosbag2_recorder]: New publisher discovered on topic '/tf', offering incompatible QoS. No messages will be sent to it. Last incompatible policy: DURABILITY_QOS_POLICY
[WARN] [1764469207.923271148] [rosbag2_recorder]: A new publisher for subscribed topic /tf was found offering RMW_QOS_POLICY_DURABILITY_VOLATILE, but rosbag2 already subscribed requesting RMW_QOS_POLICY_DURABILITY_TRANSIENT_LOCAL. Messages from this new publisher will not be recorded.
[WARN] [1764469207.923327181] [rosbag2_recorder]: A new publisher for subscribed topic /tf was found offering RMW_QOS_POLICY_DURABILITY_VOLATILE, but rosbag2 already subscribed requesting RMW_QOS_POLICY_DURABILITY_TRANSIENT_LOCAL. Messages from this new publisher will not be recorded.
[INFO] [1764469208.949271909] [rosbag2_recorder]: Subscribed to topic '/plan_barn'
[INFO] [1764469208.950510047] [rosbag2_recorder]: Subscribed to topic '/plan_barn_odom'
[INFO] [1764469208.950532252] [rosbag2_recorder]: All requested topics are subscribed. Stopping discovery...
[WARN] [1764469209.893117743] [rosbag2_recorder]: New publisher discovered on topic '/tf', offering incompatible QoS. No messages will be sent to it. Last incompatible policy: DURABILITY_QOS_POLICY
[INFO] [1764469213.767194287] [rosbag2_cpp]: Writing remaining messages from cache to the bag. It may take a while
[INFO] [1764469213.767900221] [rosbag2_recorder]: Event publisher thread: Exiting
[INFO] [1764469213.767952873] [rosbag2_recorder]: Recording stopped
