stdin is not a terminal device. Keyboard handling disabled.[INFO] [1764453222.793413803] [rosbag2_recorder]: Press SPACE for pausing/resuming
[INFO] [1764453222.794695373] [rosbag2_storage]: Opened database '/home/mobrob/ros_ws/dwa_baseline_2/world176_1129_135342/world176_1129_135342_0.db3' for READ_WRITE.
[INFO] [1764453222.795328507] [rosbag2_recorder]: Listening for topics...
[INFO] [1764453222.795444924] [rosbag2_recorder]: Recording...
[INFO] [1764453222.798222981] [rosbag2_recorder]: Event publisher thread: Starting
[INFO] [1764453222.898674597] [rosbag2_recorder]: Subscribed to topic '/odom'
[INFO] [1764453222.900408842] [rosbag2_recorder]: Subscribed to topic '/tf'
[WARN] [1764453223.799474774] [rosbag2_recorder]: New publisher discovered on topic '/tf', offering incompatible QoS. No messages will be sent to it. Last incompatible policy: DURABILITY_QOS_POLICY
[WARN] [1764453223.802810079] [rosbag2_recorder]: New publisher discovered on topic '/tf', offering incompatible QoS. No messages will be sent to it. Last incompatible policy: DURABILITY_QOS_POLICY
[WARN] [1764453223.810141980] [rosbag2_recorder]: A new publisher for subscribed topic /tf was found offering RMW_QOS_POLICY_DURABILITY_VOLATILE, but rosbag2 already subscribed requesting RMW_QOS_POLICY_DURABILITY_TRANSIENT_LOCAL. Messages from this new publisher will not be recorded.
[WARN] [1764453223.810185140] [rosbag2_recorder]: A new publisher for subscribed topic /tf was found offering RMW_QOS_POLICY_DURABILITY_VOLATILE, but rosbag2 already subscribed requesting RMW_QOS_POLICY_DURABILITY_TRANSIENT_LOCAL. Messages from this new publisher will not be recorded.
[WARN] [1764453223.811393825] [rosbag2_recorder]: New publisher discovered on topic '/tf', offering incompatible QoS. No messages will be sent to it. Last incompatible policy: DURABILITY_QOS_POLICY
[INFO] [1764453223.811872533] [rosbag2_recorder]: Subscribed to topic '/plan_barn'
[INFO] [1764453223.813099208] [rosbag2_recorder]: Subscribed to topic '/plan_barn_odom'
[INFO] [1764453223.814888839] [rosbag2_recorder]: Subscribed to topic '/scan'
[INFO] [1764453223.816384896] [rosbag2_recorder]: Subscribed to topic '/tf_static'
[INFO] [1764453223.919958178] [rosbag2_recorder]: Subscribed to topic '/cmd_vel'
[INFO] [1764453223.920001228] [rosbag2_recorder]: All requested topics are subscribed. Stopping discovery...
[INFO] [1764453229.678666759] [rosbag2_cpp]: Writing remaining messages from cache to the bag. It may take a while
[INFO] [1764453229.679312299] [rosbag2_recorder]: Event publisher thread: Exiting
[INFO] [1764453229.679354058] [rosbag2_recorder]: Recording stopped
