stdin is not a terminal device. Keyboard handling disabled.[INFO] [1764129009.579040016] [rosbag2_recorder]: Press SPACE for pausing/resuming
[INFO] [1764129009.580142519] [rosbag2_storage]: Opened database '/home/mobrob/ros_ws/dwa_baseline_2/world4_1125_195009/world4_1125_195009_0.db3' for READ_WRITE.
[INFO] [1764129009.581193955] [rosbag2_recorder]: Listening for topics...
[INFO] [1764129009.581236365] [rosbag2_recorder]: Event publisher thread: Starting
[INFO] [1764129009.581302395] [rosbag2_recorder]: Recording...
[INFO] [1764129009.685214741] [rosbag2_recorder]: Subscribed to topic '/odom'
[INFO] [1764129009.686040721] [rosbag2_recorder]: Subscribed to topic '/tf'
[INFO] [1764129009.989822983] [rosbag2_recorder]: Subscribed to topic '/cmd_vel'
[WARN] [1764129010.096544990] [rosbag2_recorder]: New publisher discovered on topic '/tf', offering incompatible QoS. No messages will be sent to it. Last incompatible policy: DURABILITY_QOS_POLICY
[WARN] [1764129010.193966029] [rosbag2_recorder]: A new publisher for subscribed topic /tf was found offering RMW_QOS_POLICY_DURABILITY_VOLATILE, but rosbag2 already subscribed requesting RMW_QOS_POLICY_DURABILITY_TRANSIENT_LOCAL. Messages from this new publisher will not be recorded.
[INFO] [1764129010.195165376] [rosbag2_recorder]: Subscribed to topic '/tf_static'
[WARN] [1764129010.906628620] [rosbag2_recorder]: New publisher discovered on topic '/tf', offering incompatible QoS. No messages will be sent to it. Last incompatible policy: DURABILITY_QOS_POLICY
[WARN] [1764129010.915164765] [rosbag2_recorder]: New publisher discovered on topic '/tf', offering incompatible QoS. No messages will be sent to it. Last incompatible policy: DURABILITY_QOS_POLICY
[INFO] [1764129011.014188437] [rosbag2_recorder]: Subscribed to topic '/scan'
[INFO] [1764129011.635246317] [rosbag2_recorder]: Subscribed to topic '/plan_barn'
[INFO] [1764129011.636476723] [rosbag2_recorder]: Subscribed to topic '/plan_barn_odom'
[INFO] [1764129011.636498507] [rosbag2_recorder]: All requested topics are subscribed. Stopping discovery...
[INFO] [1764129065.436263218] [rosbag2_cpp]: Writing remaining messages from cache to the bag. It may take a while
[INFO] [1764129065.436901200] [rosbag2_recorder]: Event publisher thread: Exiting
[INFO] [1764129065.436937955] [rosbag2_recorder]: Recording stopped
