stdin is not a terminal device. Keyboard handling disabled.[INFO] [1764490713.404609928] [rosbag2_recorder]: Press SPACE for pausing/resuming
[INFO] [1764490713.405849836] [rosbag2_storage]: Opened database '/home/mobrob/ros_ws/dwa_baseline_2/world276_1130_001833/world276_1130_001833_0.db3' for READ_WRITE.
[INFO] [1764490713.406527587] [rosbag2_recorder]: Listening for topics...
[INFO] [1764490713.406643772] [rosbag2_recorder]: Recording...
[INFO] [1764490713.406769812] [rosbag2_recorder]: Event publisher thread: Starting
[INFO] [1764490713.510004645] [rosbag2_recorder]: Subscribed to topic '/cmd_vel'
[INFO] [1764490713.511239532] [rosbag2_recorder]: Subscribed to topic '/odom'
[INFO] [1764490713.512206926] [rosbag2_recorder]: Subscribed to topic '/scan'
[INFO] [1764490713.513282518] [rosbag2_recorder]: Subscribed to topic '/tf'
[WARN] [1764490714.417462809] [rosbag2_recorder]: New publisher discovered on topic '/tf', offering incompatible QoS. No messages will be sent to it. Last incompatible policy: DURABILITY_QOS_POLICY
[WARN] [1764490714.425470490] [rosbag2_recorder]: A new publisher for subscribed topic /tf was found offering RMW_QOS_POLICY_DURABILITY_VOLATILE, but rosbag2 already subscribed requesting RMW_QOS_POLICY_DURABILITY_TRANSIENT_LOCAL. Messages from this new publisher will not be recorded.
[INFO] [1764490714.426509614] [rosbag2_recorder]: Subscribed to topic '/plan_barn'
[INFO] [1764490714.427561135] [rosbag2_recorder]: Subscribed to topic '/plan_barn_odom'
[INFO] [1764490714.428559063] [rosbag2_recorder]: Subscribed to topic '/tf_static'
[INFO] [1764490714.428580352] [rosbag2_recorder]: All requested topics are subscribed. Stopping discovery...
[WARN] [1764490715.401461522] [rosbag2_recorder]: New publisher discovered on topic '/tf', offering incompatible QoS. No messages will be sent to it. Last incompatible policy: DURABILITY_QOS_POLICY
[WARN] [1764490715.402687833] [rosbag2_recorder]: New publisher discovered on topic '/tf', offering incompatible QoS. No messages will be sent to it. Last incompatible policy: DURABILITY_QOS_POLICY
[INFO] [1764490720.263410214] [rosbag2_cpp]: Writing remaining messages from cache to the bag. It may take a while
[INFO] [1764490720.263879444] [rosbag2_recorder]: Event publisher thread: Exiting
[INFO] [1764490720.263917342] [rosbag2_recorder]: Recording stopped
