stdin is not a terminal device. Keyboard handling disabled.[INFO] [1764212204.360241753] [rosbag2_recorder]: Press SPACE for pausing/resuming
[INFO] [1764212204.361115850] [rosbag2_storage]: Opened database '/home/mobrob/ros_ws/dwa_baseline_2/world172_1126_185644/world172_1126_185644_0.db3' for READ_WRITE.
[INFO] [1764212204.362164313] [rosbag2_recorder]: Listening for topics...
[INFO] [1764212204.362177277] [rosbag2_recorder]: Event publisher thread: Starting
[INFO] [1764212204.362291527] [rosbag2_recorder]: Recording...
[INFO] [1764212204.465467449] [rosbag2_recorder]: Subscribed to topic '/odom'
[INFO] [1764212204.466424254] [rosbag2_recorder]: Subscribed to topic '/plan_barn'
[INFO] [1764212204.467091718] [rosbag2_recorder]: Subscribed to topic '/plan_barn_odom'
[INFO] [1764212204.468144716] [rosbag2_recorder]: Subscribed to topic '/tf'
[WARN] [1764212205.370540567] [rosbag2_recorder]: New publisher discovered on topic '/tf', offering incompatible QoS. No messages will be sent to it. Last incompatible policy: DURABILITY_QOS_POLICY
[WARN] [1764212205.377495703] [rosbag2_recorder]: New publisher discovered on topic '/tf', offering incompatible QoS. No messages will be sent to it. Last incompatible policy: DURABILITY_QOS_POLICY
[WARN] [1764212205.386202054] [rosbag2_recorder]: New publisher discovered on topic '/tf', offering incompatible QoS. No messages will be sent to it. Last incompatible policy: DURABILITY_QOS_POLICY
[WARN] [1764212205.389104165] [rosbag2_recorder]: A new publisher for subscribed topic /tf was found offering RMW_QOS_POLICY_DURABILITY_VOLATILE, but rosbag2 already subscribed requesting RMW_QOS_POLICY_DURABILITY_TRANSIENT_LOCAL. Messages from this new publisher will not be recorded.
[WARN] [1764212205.389135183] [rosbag2_recorder]: A new publisher for subscribed topic /tf was found offering RMW_QOS_POLICY_DURABILITY_VOLATILE, but rosbag2 already subscribed requesting RMW_QOS_POLICY_DURABILITY_TRANSIENT_LOCAL. Messages from this new publisher will not be recorded.
[WARN] [1764212205.389138780] [rosbag2_recorder]: A new publisher for subscribed topic /tf was found offering RMW_QOS_POLICY_DURABILITY_VOLATILE, but rosbag2 already subscribed requesting RMW_QOS_POLICY_DURABILITY_TRANSIENT_LOCAL. Messages from this new publisher will not be recorded.
[INFO] [1764212205.390666803] [rosbag2_recorder]: Subscribed to topic '/cmd_vel'
[INFO] [1764212205.391939548] [rosbag2_recorder]: Subscribed to topic '/scan'
[INFO] [1764212205.392876250] [rosbag2_recorder]: Subscribed to topic '/tf_static'
[INFO] [1764212205.392906146] [rosbag2_recorder]: All requested topics are subscribed. Stopping discovery...
[INFO] [1764212258.224446187] [rosbag2_cpp]: Writing remaining messages from cache to the bag. It may take a while
[INFO] [1764212258.225035716] [rosbag2_recorder]: Event publisher thread: Exiting
[INFO] [1764212258.225084316] [rosbag2_recorder]: Recording stopped
