stdin is not a terminal device. Keyboard handling disabled.[INFO] [1759380979.517390325] [rosbag2_recorder]: Press SPACE for pausing/resuming
[INFO] [1759380979.518204803] [rosbag2_storage]: Opened database '/home/mobrob/ros_ws/bags/world75_1001_215619/world75_1001_215619_0.db3' for READ_WRITE.
[INFO] [1759380979.518959653] [rosbag2_recorder]: Listening for topics...
[INFO] [1759380979.518974213] [rosbag2_recorder]: Event publisher thread: Starting
[INFO] [1759380979.519090752] [rosbag2_recorder]: Recording...
[INFO] [1759380979.721329675] [rosbag2_recorder]: Subscribed to topic '/odom'
[INFO] [1759380979.722462106] [rosbag2_recorder]: Subscribed to topic '/tf'
[INFO] [1759380979.824379177] [rosbag2_recorder]: Subscribed to topic '/scan'
[WARN] [1759380980.517891710] [rosbag2_recorder]: New publisher discovered on topic '/tf', offering incompatible QoS. No messages will be sent to it. Last incompatible policy: DURABILITY_QOS_POLICY
[WARN] [1759380980.530962376] [rosbag2_recorder]: A new publisher for subscribed topic /tf was found offering RMW_QOS_POLICY_DURABILITY_VOLATILE, but rosbag2 already subscribed requesting RMW_QOS_POLICY_DURABILITY_TRANSIENT_LOCAL. Messages from this new publisher will not be recorded.
[INFO] [1759380980.538294007] [rosbag2_recorder]: Subscribed to topic '/tf_static'
[WARN] [1759380980.543234866] [rosbag2_recorder]: New publisher discovered on topic '/tf', offering incompatible QoS. No messages will be sent to it. Last incompatible policy: DURABILITY_QOS_POLICY
[WARN] [1759380980.544413727] [rosbag2_recorder]: New publisher discovered on topic '/tf', offering incompatible QoS. No messages will be sent to it. Last incompatible policy: DURABILITY_QOS_POLICY
[INFO] [1759380980.644613909] [rosbag2_recorder]: Subscribed to topic '/cmd_vel'
[INFO] [1759380980.645619299] [rosbag2_recorder]: Subscribed to topic '/plan_barn'
[INFO] [1759380980.646657984] [rosbag2_recorder]: Subscribed to topic '/plan_barn_odom'
[INFO] [1759380980.646692468] [rosbag2_recorder]: All requested topics are subscribed. Stopping discovery...
[INFO] [1759381282.375501098] [rosbag2_cpp]: Writing remaining messages from cache to the bag. It may take a while
[INFO] [1759381282.376466309] [rosbag2_recorder]: Event publisher thread: Exiting
[INFO] [1759381282.376513639] [rosbag2_recorder]: Recording stopped
