stdin is not a terminal device. Keyboard handling disabled.[INFO] [1759462294.082085161] [rosbag2_recorder]: Press SPACE for pausing/resuming
[INFO] [1759462294.083536387] [rosbag2_storage]: Opened database '/home/mobrob/ros_ws/bags/world266_1002_203133/world266_1002_203133_0.db3' for READ_WRITE.
[INFO] [1759462294.085102381] [rosbag2_recorder]: Listening for topics...
[INFO] [1759462294.085113632] [rosbag2_recorder]: Event publisher thread: Starting
[INFO] [1759462294.085710624] [rosbag2_recorder]: Recording...
[INFO] [1759462294.289142370] [rosbag2_recorder]: Subscribed to topic '/cmd_vel'
[INFO] [1759462294.290332228] [rosbag2_recorder]: Subscribed to topic '/odom'
[INFO] [1759462294.291435756] [rosbag2_recorder]: Subscribed to topic '/tf'
[WARN] [1759462294.306980996] [rosbag2_recorder]: New publisher discovered on topic '/tf', offering incompatible QoS. No messages will be sent to it. Last incompatible policy: DURABILITY_QOS_POLICY
[WARN] [1759462294.393246263] [rosbag2_recorder]: A new publisher for subscribed topic /tf was found offering RMW_QOS_POLICY_DURABILITY_VOLATILE, but rosbag2 already subscribed requesting RMW_QOS_POLICY_DURABILITY_TRANSIENT_LOCAL. Messages from this new publisher will not be recorded.
[INFO] [1759462294.394303737] [rosbag2_recorder]: Subscribed to topic '/plan_barn'
[INFO] [1759462294.395112874] [rosbag2_recorder]: Subscribed to topic '/plan_barn_odom'
[WARN] [1759462295.106886749] [rosbag2_recorder]: New publisher discovered on topic '/tf', offering incompatible QoS. No messages will be sent to it. Last incompatible policy: DURABILITY_QOS_POLICY
[INFO] [1759462295.116265471] [rosbag2_recorder]: Subscribed to topic '/tf_static'
[WARN] [1759462295.142844385] [rosbag2_recorder]: New publisher discovered on topic '/tf', offering incompatible QoS. No messages will be sent to it. Last incompatible policy: DURABILITY_QOS_POLICY
[INFO] [1759462296.161515043] [rosbag2_recorder]: Subscribed to topic '/scan'
[INFO] [1759462296.161547984] [rosbag2_recorder]: All requested topics are subscribed. Stopping discovery...
[INFO] [1759462469.919096276] [rosbag2_cpp]: Writing remaining messages from cache to the bag. It may take a while
[INFO] [1759462469.919999378] [rosbag2_recorder]: Event publisher thread: Exiting
[INFO] [1759462469.920036335] [rosbag2_recorder]: Recording stopped
