stdin is not a terminal device. Keyboard handling disabled.[INFO] [1759459717.121902892] [rosbag2_recorder]: Press SPACE for pausing/resuming
[INFO] [1759459717.123239040] [rosbag2_storage]: Opened database '/home/mobrob/ros_ws/bags/world187_1002_194836/world187_1002_194836_0.db3' for READ_WRITE.
[INFO] [1759459717.124027996] [rosbag2_recorder]: Listening for topics...
[INFO] [1759459717.124066382] [rosbag2_recorder]: Event publisher thread: Starting
[INFO] [1759459717.124158705] [rosbag2_recorder]: Recording...
[INFO] [1759459717.229182788] [rosbag2_recorder]: Subscribed to topic '/cmd_vel'
[INFO] [1759459717.231479285] [rosbag2_recorder]: Subscribed to topic '/odom'
[INFO] [1759459717.233891299] [rosbag2_recorder]: Subscribed to topic '/tf'
[INFO] [1759459717.235093397] [rosbag2_recorder]: Subscribed to topic '/tf_static'
[WARN] [1759459717.238072035] [rosbag2_recorder]: New publisher discovered on topic '/tf', offering incompatible QoS. No messages will be sent to it. Last incompatible policy: DURABILITY_QOS_POLICY
[WARN] [1759459717.337652142] [rosbag2_recorder]: A new publisher for subscribed topic /tf was found offering RMW_QOS_POLICY_DURABILITY_VOLATILE, but rosbag2 already subscribed requesting RMW_QOS_POLICY_DURABILITY_TRANSIENT_LOCAL. Messages from this new publisher will not be recorded.
[WARN] [1759459718.151459025] [rosbag2_recorder]: New publisher discovered on topic '/tf', offering incompatible QoS. No messages will be sent to it. Last incompatible policy: DURABILITY_QOS_POLICY
[INFO] [1759459718.161084400] [rosbag2_recorder]: Subscribed to topic '/scan'
[WARN] [1759459719.119244804] [rosbag2_recorder]: New publisher discovered on topic '/tf', offering incompatible QoS. No messages will be sent to it. Last incompatible policy: DURABILITY_QOS_POLICY
[INFO] [1759459719.200831088] [rosbag2_recorder]: Subscribed to topic '/plan_barn'
[INFO] [1759459719.202361883] [rosbag2_recorder]: Subscribed to topic '/plan_barn_odom'
[INFO] [1759459719.202390409] [rosbag2_recorder]: All requested topics are subscribed. Stopping discovery...
[INFO] [1759459914.996056989] [rosbag2_cpp]: Writing remaining messages from cache to the bag. It may take a while
[INFO] [1759459914.996881077] [rosbag2_recorder]: Event publisher thread: Exiting
[INFO] [1759459914.996920445] [rosbag2_recorder]: Recording stopped
