stdin is not a terminal device. Keyboard handling disabled.[INFO] [1759320436.552544468] [rosbag2_recorder]: Press SPACE for pausing/resuming
[INFO] [1759320436.553872417] [rosbag2_storage]: Opened database '/home/mobrob/ros_ws/bags/world12_1001_050716/world12_1001_050716_0.db3' for READ_WRITE.
[INFO] [1759320436.554910474] [rosbag2_recorder]: Listening for topics...
[INFO] [1759320436.554920434] [rosbag2_recorder]: Event publisher thread: Starting
[INFO] [1759320436.555045673] [rosbag2_recorder]: Recording...
[INFO] [1759320436.657817836] [rosbag2_recorder]: Subscribed to topic '/cmd_vel'
[INFO] [1759320437.063772521] [rosbag2_recorder]: Subscribed to topic '/odom'
[INFO] [1759320437.065226990] [rosbag2_recorder]: Subscribed to topic '/tf'
[WARN] [1759320437.585687929] [rosbag2_recorder]: New publisher discovered on topic '/tf', offering incompatible QoS. No messages will be sent to it. Last incompatible policy: DURABILITY_QOS_POLICY
[WARN] [1759320437.610844879] [rosbag2_recorder]: New publisher discovered on topic '/tf', offering incompatible QoS. No messages will be sent to it. Last incompatible policy: DURABILITY_QOS_POLICY
[WARN] [1759320437.677293500] [rosbag2_recorder]: A new publisher for subscribed topic /tf was found offering RMW_QOS_POLICY_DURABILITY_VOLATILE, but rosbag2 already subscribed requesting RMW_QOS_POLICY_DURABILITY_TRANSIENT_LOCAL. Messages from this new publisher will not be recorded.
[WARN] [1759320437.677344020] [rosbag2_recorder]: A new publisher for subscribed topic /tf was found offering RMW_QOS_POLICY_DURABILITY_VOLATILE, but rosbag2 already subscribed requesting RMW_QOS_POLICY_DURABILITY_TRANSIENT_LOCAL. Messages from this new publisher will not be recorded.
[WARN] [1759320438.549765744] [rosbag2_recorder]: New publisher discovered on topic '/tf', offering incompatible QoS. No messages will be sent to it. Last incompatible policy: DURABILITY_QOS_POLICY
[INFO] [1759320438.614884732] [rosbag2_recorder]: Subscribed to topic '/plan_barn'
[INFO] [1759320438.615892768] [rosbag2_recorder]: Subscribed to topic '/plan_barn_odom'
[INFO] [1759320438.617210983] [rosbag2_recorder]: Subscribed to topic '/scan'
[INFO] [1759320438.618847002] [rosbag2_recorder]: Subscribed to topic '/tf_static'
[INFO] [1759320438.618887909] [rosbag2_recorder]: All requested topics are subscribed. Stopping discovery...
[INFO] [1759320510.404217538] [rosbag2_cpp]: Writing remaining messages from cache to the bag. It may take a while
[INFO] [1759320510.405124452] [rosbag2_recorder]: Event publisher thread: Exiting
[INFO] [1759320510.405181117] [rosbag2_recorder]: Recording stopped
