stdin is not a terminal device. Keyboard handling disabled.[INFO] [1759546563.842381749] [rosbag2_recorder]: Press SPACE for pausing/resuming
[INFO] [1759546563.843800664] [rosbag2_storage]: Opened database '/home/mobrob/ros_ws/bags/world187_1003_195603/world187_1003_195603_0.db3' for READ_WRITE.
[INFO] [1759546563.846729301] [rosbag2_recorder]: Listening for topics...
[INFO] [1759546563.846878371] [rosbag2_recorder]: Recording...
[INFO] [1759546563.846967486] [rosbag2_recorder]: Event publisher thread: Starting
[INFO] [1759546564.352657705] [rosbag2_recorder]: Subscribed to topic '/odom'
[INFO] [1759546564.354914036] [rosbag2_recorder]: Subscribed to topic '/tf'
[INFO] [1759546564.356372297] [rosbag2_recorder]: Subscribed to topic '/tf_static'
[INFO] [1759546564.459287488] [rosbag2_recorder]: Subscribed to topic '/cmd_vel'
[INFO] [1759546564.883533623] [rosbag2_recorder]: Subscribed to topic '/scan'
[WARN] [1759546564.884960394] [rosbag2_recorder]: New publisher discovered on topic '/tf', offering incompatible QoS. No messages will be sent to it. Last incompatible policy: DURABILITY_QOS_POLICY
[WARN] [1759546564.986814921] [rosbag2_recorder]: A new publisher for subscribed topic /tf was found offering RMW_QOS_POLICY_DURABILITY_VOLATILE, but rosbag2 already subscribed requesting RMW_QOS_POLICY_DURABILITY_TRANSIENT_LOCAL. Messages from this new publisher will not be recorded.
[WARN] [1759546564.986850326] [rosbag2_recorder]: A new publisher for subscribed topic /tf was found offering RMW_QOS_POLICY_DURABILITY_VOLATILE, but rosbag2 already subscribed requesting RMW_QOS_POLICY_DURABILITY_TRANSIENT_LOCAL. Messages from this new publisher will not be recorded.
[WARN] [1759546565.838040028] [rosbag2_recorder]: New publisher discovered on topic '/tf', offering incompatible QoS. No messages will be sent to it. Last incompatible policy: DURABILITY_QOS_POLICY
[INFO] [1759546565.922379734] [rosbag2_recorder]: Subscribed to topic '/plan_barn'
[INFO] [1759546565.924254682] [rosbag2_recorder]: Subscribed to topic '/plan_barn_odom'
[INFO] [1759546565.924283976] [rosbag2_recorder]: All requested topics are subscribed. Stopping discovery...
[INFO] [1759546915.716496098] [rosbag2_cpp]: Writing remaining messages from cache to the bag. It may take a while
[INFO] [1759546915.717346940] [rosbag2_recorder]: Event publisher thread: Exiting
[INFO] [1759546915.717387460] [rosbag2_recorder]: Recording stopped
