stdin is not a terminal device. Keyboard handling disabled.[INFO] [1759378992.759472556] [rosbag2_recorder]: Press SPACE for pausing/resuming
[INFO] [1759378992.760491210] [rosbag2_storage]: Opened database '/home/mobrob/ros_ws/bags/world36_1001_212312/world36_1001_212312_0.db3' for READ_WRITE.
[INFO] [1759378992.761207125] [rosbag2_recorder]: Listening for topics...
[INFO] [1759378992.761219402] [rosbag2_recorder]: Event publisher thread: Starting
[INFO] [1759378992.761281426] [rosbag2_recorder]: Recording...
[INFO] [1759378992.865306524] [rosbag2_recorder]: Subscribed to topic '/cmd_vel'
[INFO] [1759378993.881541287] [rosbag2_recorder]: Subscribed to topic '/odom'
[INFO] [1759378993.883958675] [rosbag2_recorder]: Subscribed to topic '/scan'
[INFO] [1759378993.886214197] [rosbag2_recorder]: Subscribed to topic '/tf'
[INFO] [1759378993.887554663] [rosbag2_recorder]: Subscribed to topic '/tf_static'
[WARN] [1759378994.757627181] [rosbag2_recorder]: New publisher discovered on topic '/tf', offering incompatible QoS. No messages will be sent to it. Last incompatible policy: DURABILITY_QOS_POLICY
[WARN] [1759378994.761590654] [rosbag2_recorder]: New publisher discovered on topic '/tf', offering incompatible QoS. No messages will be sent to it. Last incompatible policy: DURABILITY_QOS_POLICY
[WARN] [1759378994.761870790] [rosbag2_recorder]: New publisher discovered on topic '/tf', offering incompatible QoS. No messages will be sent to it. Last incompatible policy: DURABILITY_QOS_POLICY
[WARN] [1759378994.832201819] [rosbag2_recorder]: A new publisher for subscribed topic /tf was found offering RMW_QOS_POLICY_DURABILITY_VOLATILE, but rosbag2 already subscribed requesting RMW_QOS_POLICY_DURABILITY_TRANSIENT_LOCAL. Messages from this new publisher will not be recorded.
[WARN] [1759378994.832239344] [rosbag2_recorder]: A new publisher for subscribed topic /tf was found offering RMW_QOS_POLICY_DURABILITY_VOLATILE, but rosbag2 already subscribed requesting RMW_QOS_POLICY_DURABILITY_TRANSIENT_LOCAL. Messages from this new publisher will not be recorded.
[WARN] [1759378994.832242904] [rosbag2_recorder]: A new publisher for subscribed topic /tf was found offering RMW_QOS_POLICY_DURABILITY_VOLATILE, but rosbag2 already subscribed requesting RMW_QOS_POLICY_DURABILITY_TRANSIENT_LOCAL. Messages from this new publisher will not be recorded.
[INFO] [1759378994.833729145] [rosbag2_recorder]: Subscribed to topic '/plan_barn'
[INFO] [1759378994.835304551] [rosbag2_recorder]: Subscribed to topic '/plan_barn_odom'
[INFO] [1759378994.835343632] [rosbag2_recorder]: All requested topics are subscribed. Stopping discovery...
[INFO] [1759379061.632025041] [rosbag2_cpp]: Writing remaining messages from cache to the bag. It may take a while
[INFO] [1759379061.632771742] [rosbag2_recorder]: Event publisher thread: Exiting
[INFO] [1759379061.632812875] [rosbag2_recorder]: Recording stopped
