stdin is not a terminal device. Keyboard handling disabled.[INFO] [1759599135.851018914] [rosbag2_recorder]: Press SPACE for pausing/resuming
[INFO] [1759599135.851784909] [rosbag2_storage]: Opened database '/home/mobrob/ros_ws/bags/world36_1004_103215/world36_1004_103215_0.db3' for READ_WRITE.
[INFO] [1759599135.852439409] [rosbag2_recorder]: Listening for topics...
[INFO] [1759599135.852535784] [rosbag2_recorder]: Recording...
[INFO] [1759599135.852607619] [rosbag2_recorder]: Event publisher thread: Starting
[INFO] [1759599136.280158262] [rosbag2_recorder]: Subscribed to topic '/odom'
[INFO] [1759599136.281579665] [rosbag2_recorder]: Subscribed to topic '/plan_barn'
[INFO] [1759599136.282758677] [rosbag2_recorder]: Subscribed to topic '/plan_barn_odom'
[INFO] [1759599136.284455454] [rosbag2_recorder]: Subscribed to topic '/tf'
[INFO] [1759599136.286054822] [rosbag2_recorder]: Subscribed to topic '/tf_static'
[INFO] [1759599136.491067200] [rosbag2_recorder]: Subscribed to topic '/scan'
[WARN] [1759599136.858536152] [rosbag2_recorder]: New publisher discovered on topic '/tf', offering incompatible QoS. No messages will be sent to it. Last incompatible policy: DURABILITY_QOS_POLICY
[WARN] [1759599136.861899724] [rosbag2_recorder]: New publisher discovered on topic '/tf', offering incompatible QoS. No messages will be sent to it. Last incompatible policy: DURABILITY_QOS_POLICY
[WARN] [1759599136.870653019] [rosbag2_recorder]: New publisher discovered on topic '/tf', offering incompatible QoS. No messages will be sent to it. Last incompatible policy: DURABILITY_QOS_POLICY
[WARN] [1759599136.901012071] [rosbag2_recorder]: A new publisher for subscribed topic /tf was found offering RMW_QOS_POLICY_DURABILITY_VOLATILE, but rosbag2 already subscribed requesting RMW_QOS_POLICY_DURABILITY_TRANSIENT_LOCAL. Messages from this new publisher will not be recorded.
[WARN] [1759599136.901040866] [rosbag2_recorder]: A new publisher for subscribed topic /tf was found offering RMW_QOS_POLICY_DURABILITY_VOLATILE, but rosbag2 already subscribed requesting RMW_QOS_POLICY_DURABILITY_TRANSIENT_LOCAL. Messages from this new publisher will not be recorded.
[WARN] [1759599136.901043785] [rosbag2_recorder]: A new publisher for subscribed topic /tf was found offering RMW_QOS_POLICY_DURABILITY_VOLATILE, but rosbag2 already subscribed requesting RMW_QOS_POLICY_DURABILITY_TRANSIENT_LOCAL. Messages from this new publisher will not be recorded.
[INFO] [1759599136.902306407] [rosbag2_recorder]: Subscribed to topic '/cmd_vel'
[INFO] [1759599136.902329102] [rosbag2_recorder]: All requested topics are subscribed. Stopping discovery...
[INFO] [1759599151.760639477] [rosbag2_cpp]: Writing remaining messages from cache to the bag. It may take a while
[INFO] [1759599151.761136546] [rosbag2_recorder]: Event publisher thread: Exiting
[INFO] [1759599151.761164239] [rosbag2_recorder]: Recording stopped
