stdin is not a terminal device. Keyboard handling disabled.[INFO] [1759306515.383317611] [rosbag2_recorder]: Press SPACE for pausing/resuming
[INFO] [1759306515.384535394] [rosbag2_storage]: Opened database '/home/mobrob/ros_ws/bags/world203_1001_011515/world203_1001_011515_0.db3' for READ_WRITE.
[INFO] [1759306515.385279065] [rosbag2_recorder]: Listening for topics...
[INFO] [1759306515.385293555] [rosbag2_recorder]: Event publisher thread: Starting
[INFO] [1759306515.385374350] [rosbag2_recorder]: Recording...
[INFO] [1759306515.489233880] [rosbag2_recorder]: Subscribed to topic '/cmd_vel'
[INFO] [1759306515.491257892] [rosbag2_recorder]: Subscribed to topic '/plan_barn'
[INFO] [1759306515.493053591] [rosbag2_recorder]: Subscribed to topic '/plan_barn_odom'
[INFO] [1759306515.494967348] [rosbag2_recorder]: Subscribed to topic '/tf_static'
[INFO] [1759306515.598301630] [rosbag2_recorder]: Subscribed to topic '/odom'
[INFO] [1759306515.599238337] [rosbag2_recorder]: Subscribed to topic '/tf'
[WARN] [1759306516.425401295] [rosbag2_recorder]: New publisher discovered on topic '/tf', offering incompatible QoS. No messages will be sent to it. Last incompatible policy: DURABILITY_QOS_POLICY
[WARN] [1759306516.518426161] [rosbag2_recorder]: A new publisher for subscribed topic /tf was found offering RMW_QOS_POLICY_DURABILITY_VOLATILE, but rosbag2 already subscribed requesting RMW_QOS_POLICY_DURABILITY_TRANSIENT_LOCAL. Messages from this new publisher will not be recorded.
[WARN] [1759306517.383481271] [rosbag2_recorder]: New publisher discovered on topic '/tf', offering incompatible QoS. No messages will be sent to it. Last incompatible policy: DURABILITY_QOS_POLICY
[WARN] [1759306517.385872629] [rosbag2_recorder]: New publisher discovered on topic '/tf', offering incompatible QoS. No messages will be sent to it. Last incompatible policy: DURABILITY_QOS_POLICY
[INFO] [1759306517.459800494] [rosbag2_recorder]: Subscribed to topic '/scan'
[INFO] [1759306517.459833311] [rosbag2_recorder]: All requested topics are subscribed. Stopping discovery...
[INFO] [1759306666.247316081] [rosbag2_cpp]: Writing remaining messages from cache to the bag. It may take a while
[INFO] [1759306666.248239632] [rosbag2_recorder]: Event publisher thread: Exiting
[INFO] [1759306666.248298264] [rosbag2_recorder]: Recording stopped
