stdin is not a terminal device. Keyboard handling disabled.[INFO] [1759591980.287470498] [rosbag2_recorder]: Press SPACE for pausing/resuming
[INFO] [1759591980.288306977] [rosbag2_storage]: Opened database '/home/mobrob/ros_ws/bags/world187_1004_083300/world187_1004_083300_0.db3' for READ_WRITE.
[INFO] [1759591980.289288628] [rosbag2_recorder]: Listening for topics...
[INFO] [1759591980.289389722] [rosbag2_recorder]: Recording...
[INFO] [1759591980.291238033] [rosbag2_recorder]: Event publisher thread: Starting
[INFO] [1759591980.493070716] [rosbag2_recorder]: Subscribed to topic '/odom'
[INFO] [1759591980.494450162] [rosbag2_recorder]: Subscribed to topic '/tf'
[WARN] [1759591981.629172019] [rosbag2_recorder]: New publisher discovered on topic '/tf', offering incompatible QoS. No messages will be sent to it. Last incompatible policy: DURABILITY_QOS_POLICY
[WARN] [1759591981.709528030] [rosbag2_recorder]: A new publisher for subscribed topic /tf was found offering RMW_QOS_POLICY_DURABILITY_VOLATILE, but rosbag2 already subscribed requesting RMW_QOS_POLICY_DURABILITY_TRANSIENT_LOCAL. Messages from this new publisher will not be recorded.
[INFO] [1759591981.710708113] [rosbag2_recorder]: Subscribed to topic '/cmd_vel'
[INFO] [1759591981.711603875] [rosbag2_recorder]: Subscribed to topic '/tf_static'
[INFO] [1759591982.636827757] [rosbag2_recorder]: Subscribed to topic '/scan'
[WARN] [1759591983.287937081] [rosbag2_recorder]: New publisher discovered on topic '/tf', offering incompatible QoS. No messages will be sent to it. Last incompatible policy: DURABILITY_QOS_POLICY
[WARN] [1759591983.288613359] [rosbag2_recorder]: New publisher discovered on topic '/tf', offering incompatible QoS. No messages will be sent to it. Last incompatible policy: DURABILITY_QOS_POLICY
[INFO] [1759591983.363361445] [rosbag2_recorder]: Subscribed to topic '/plan_barn'
[INFO] [1759591983.364532315] [rosbag2_recorder]: Subscribed to topic '/plan_barn_odom'
[INFO] [1759591983.364548746] [rosbag2_recorder]: All requested topics are subscribed. Stopping discovery...
[INFO] [1759592332.164604830] [rosbag2_cpp]: Writing remaining messages from cache to the bag. It may take a while
[INFO] [1759592332.165206103] [rosbag2_recorder]: Event publisher thread: Exiting
[INFO] [1759592332.165249633] [rosbag2_recorder]: Recording stopped
