stdin is not a terminal device. Keyboard handling disabled.[INFO] [1759374770.914089122] [rosbag2_recorder]: Press SPACE for pausing/resuming
[INFO] [1759374770.915431725] [rosbag2_storage]: Opened database '/home/mobrob/ros_ws/bags/world12_1001_201250/world12_1001_201250_0.db3' for READ_WRITE.
[INFO] [1759374770.916463228] [rosbag2_recorder]: Listening for topics...
[INFO] [1759374770.916602214] [rosbag2_recorder]: Recording...
[INFO] [1759374770.919875151] [rosbag2_recorder]: Event publisher thread: Starting
[INFO] [1759374771.025944607] [rosbag2_recorder]: Subscribed to topic '/cmd_vel'
[INFO] [1759374771.031512695] [rosbag2_recorder]: Subscribed to topic '/plan_barn'
[INFO] [1759374771.033208323] [rosbag2_recorder]: Subscribed to topic '/plan_barn_odom'
[INFO] [1759374771.135618038] [rosbag2_recorder]: Subscribed to topic '/odom'
[INFO] [1759374771.137233297] [rosbag2_recorder]: Subscribed to topic '/tf'
[WARN] [1759374771.942343420] [rosbag2_recorder]: New publisher discovered on topic '/tf', offering incompatible QoS. No messages will be sent to it. Last incompatible policy: DURABILITY_QOS_POLICY
[WARN] [1759374771.951592088] [rosbag2_recorder]: A new publisher for subscribed topic /tf was found offering RMW_QOS_POLICY_DURABILITY_VOLATILE, but rosbag2 already subscribed requesting RMW_QOS_POLICY_DURABILITY_TRANSIENT_LOCAL. Messages from this new publisher will not be recorded.
[WARN] [1759374771.954661965] [rosbag2_recorder]: New publisher discovered on topic '/tf', offering incompatible QoS. No messages will be sent to it. Last incompatible policy: DURABILITY_QOS_POLICY
[INFO] [1759374771.959524929] [rosbag2_recorder]: Subscribed to topic '/scan'
[WARN] [1759374772.908416505] [rosbag2_recorder]: New publisher discovered on topic '/tf', offering incompatible QoS. No messages will be sent to it. Last incompatible policy: DURABILITY_QOS_POLICY
[INFO] [1759374772.998077048] [rosbag2_recorder]: Subscribed to topic '/tf_static'
[INFO] [1759374772.998117890] [rosbag2_recorder]: All requested topics are subscribed. Stopping discovery...
[INFO] [1759374912.774216493] [rosbag2_cpp]: Writing remaining messages from cache to the bag. It may take a while
[INFO] [1759374912.774957276] [rosbag2_recorder]: Event publisher thread: Exiting
[INFO] [1759374912.774990927] [rosbag2_recorder]: Recording stopped
