stdin is not a terminal device. Keyboard handling disabled.[INFO] [1759610840.425738610] [rosbag2_recorder]: Press SPACE for pausing/resuming
[INFO] [1759610840.426945852] [rosbag2_storage]: Opened database '/home/mobrob/ros_ws/bags/world69_1004_134720/world69_1004_134720_0.db3' for READ_WRITE.
[INFO] [1759610840.427836190] [rosbag2_recorder]: Listening for topics...
[INFO] [1759610840.427850373] [rosbag2_recorder]: Event publisher thread: Starting
[INFO] [1759610840.427949992] [rosbag2_recorder]: Recording...
[INFO] [1759610840.831649357] [rosbag2_recorder]: Subscribed to topic '/cmd_vel'
[INFO] [1759610840.833261008] [rosbag2_recorder]: Subscribed to topic '/tf_static'
[INFO] [1759610841.219563033] [rosbag2_recorder]: Subscribed to topic '/odom'
[INFO] [1759610841.556422765] [rosbag2_recorder]: Subscribed to topic '/tf'
[INFO] [1759610841.660378110] [rosbag2_recorder]: Subscribed to topic '/scan'
[WARN] [1759610842.449541493] [rosbag2_recorder]: New publisher discovered on topic '/tf', offering incompatible QoS. No messages will be sent to it. Last incompatible policy: DURABILITY_QOS_POLICY
[WARN] [1759610842.452195625] [rosbag2_recorder]: New publisher discovered on topic '/tf', offering incompatible QoS. No messages will be sent to it. Last incompatible policy: DURABILITY_QOS_POLICY
[WARN] [1759610842.476466251] [rosbag2_recorder]: A new publisher for subscribed topic /tf was found offering RMW_QOS_POLICY_DURABILITY_VOLATILE, but rosbag2 already subscribed requesting RMW_QOS_POLICY_DURABILITY_TRANSIENT_LOCAL. Messages from this new publisher will not be recorded.
[WARN] [1759610842.476505317] [rosbag2_recorder]: A new publisher for subscribed topic /tf was found offering RMW_QOS_POLICY_DURABILITY_VOLATILE, but rosbag2 already subscribed requesting RMW_QOS_POLICY_DURABILITY_TRANSIENT_LOCAL. Messages from this new publisher will not be recorded.
[INFO] [1759610842.478242540] [rosbag2_recorder]: Subscribed to topic '/plan_barn'
[INFO] [1759610842.479736143] [rosbag2_recorder]: Subscribed to topic '/plan_barn_odom'
[INFO] [1759610842.479778037] [rosbag2_recorder]: All requested topics are subscribed. Stopping discovery...
[WARN] [1759610843.426620079] [rosbag2_recorder]: New publisher discovered on topic '/tf', offering incompatible QoS. No messages will be sent to it. Last incompatible policy: DURABILITY_QOS_POLICY
[INFO] [1759611192.301761326] [rosbag2_cpp]: Writing remaining messages from cache to the bag. It may take a while
[INFO] [1759611192.302628962] [rosbag2_recorder]: Event publisher thread: Exiting
[INFO] [1759611192.302669328] [rosbag2_recorder]: Recording stopped
