stdin is not a terminal device. Keyboard handling disabled.[INFO] [1759377983.184067494] [rosbag2_recorder]: Press SPACE for pausing/resuming
[INFO] [1759377983.184919098] [rosbag2_storage]: Opened database '/home/mobrob/ros_ws/bags/world36_1001_210623/world36_1001_210623_0.db3' for READ_WRITE.
[INFO] [1759377983.185905454] [rosbag2_recorder]: Listening for topics...
[INFO] [1759377983.186100531] [rosbag2_recorder]: Recording...
[INFO] [1759377983.186157602] [rosbag2_recorder]: Event publisher thread: Starting
[INFO] [1759377983.290497478] [rosbag2_recorder]: Subscribed to topic '/cmd_vel'
[INFO] [1759377983.292539963] [rosbag2_recorder]: Subscribed to topic '/odom'
[INFO] [1759377983.294794522] [rosbag2_recorder]: Subscribed to topic '/tf'
[INFO] [1759377983.296517211] [rosbag2_recorder]: Subscribed to topic '/tf_static'
[WARN] [1759377983.299347960] [rosbag2_recorder]: New publisher discovered on topic '/tf', offering incompatible QoS. No messages will be sent to it. Last incompatible policy: DURABILITY_QOS_POLICY
[WARN] [1759377983.398493326] [rosbag2_recorder]: A new publisher for subscribed topic /tf was found offering RMW_QOS_POLICY_DURABILITY_VOLATILE, but rosbag2 already subscribed requesting RMW_QOS_POLICY_DURABILITY_TRANSIENT_LOCAL. Messages from this new publisher will not be recorded.
[WARN] [1759377984.207327450] [rosbag2_recorder]: New publisher discovered on topic '/tf', offering incompatible QoS. No messages will be sent to it. Last incompatible policy: DURABILITY_QOS_POLICY
[WARN] [1759377985.191013559] [rosbag2_recorder]: New publisher discovered on topic '/tf', offering incompatible QoS. No messages will be sent to it. Last incompatible policy: DURABILITY_QOS_POLICY
[INFO] [1759377985.240005572] [rosbag2_recorder]: Subscribed to topic '/plan_barn'
[INFO] [1759377985.241263602] [rosbag2_recorder]: Subscribed to topic '/plan_barn_odom'
[INFO] [1759377985.242912117] [rosbag2_recorder]: Subscribed to topic '/scan'
[INFO] [1759377985.242941917] [rosbag2_recorder]: All requested topics are subscribed. Stopping discovery...
[INFO] [1759378286.049385261] [rosbag2_cpp]: Writing remaining messages from cache to the bag. It may take a while
[INFO] [1759378286.050046672] [rosbag2_recorder]: Event publisher thread: Exiting
[INFO] [1759378286.050083394] [rosbag2_recorder]: Recording stopped
