stdin is not a terminal device. Keyboard handling disabled.[INFO] [1759576183.087843745] [rosbag2_recorder]: Press SPACE for pausing/resuming
[INFO] [1759576183.088588781] [rosbag2_storage]: Opened database '/home/mobrob/ros_ws/bags/world75_1004_040942/world75_1004_040942_0.db3' for READ_WRITE.
[INFO] [1759576183.089291128] [rosbag2_recorder]: Listening for topics...
[INFO] [1759576183.089302077] [rosbag2_recorder]: Event publisher thread: Starting
[INFO] [1759576183.089367819] [rosbag2_recorder]: Recording...
[INFO] [1759576183.194504608] [rosbag2_recorder]: Subscribed to topic '/cmd_vel'
[INFO] [1759576183.196105031] [rosbag2_recorder]: Subscribed to topic '/odom'
[INFO] [1759576183.198217931] [rosbag2_recorder]: Subscribed to topic '/tf'
[WARN] [1759576183.198261066] [rosbag2_recorder]: New publisher discovered on topic '/tf', offering incompatible QoS. No messages will be sent to it. Last incompatible policy: DURABILITY_QOS_POLICY
[WARN] [1759576183.300219883] [rosbag2_recorder]: A new publisher for subscribed topic /tf was found offering RMW_QOS_POLICY_DURABILITY_VOLATILE, but rosbag2 already subscribed requesting RMW_QOS_POLICY_DURABILITY_TRANSIENT_LOCAL. Messages from this new publisher will not be recorded.
[INFO] [1759576183.301340404] [rosbag2_recorder]: Subscribed to topic '/tf_static'
[WARN] [1759576184.113299033] [rosbag2_recorder]: New publisher discovered on topic '/tf', offering incompatible QoS. No messages will be sent to it. Last incompatible policy: DURABILITY_QOS_POLICY
[INFO] [1759576184.129518243] [rosbag2_recorder]: Subscribed to topic '/scan'
[INFO] [1759576184.234198453] [rosbag2_recorder]: Subscribed to topic '/plan_barn'
[INFO] [1759576184.235377030] [rosbag2_recorder]: Subscribed to topic '/plan_barn_odom'
[INFO] [1759576184.235394381] [rosbag2_recorder]: All requested topics are subscribed. Stopping discovery...
[WARN] [1759576185.090967390] [rosbag2_recorder]: New publisher discovered on topic '/tf', offering incompatible QoS. No messages will be sent to it. Last incompatible policy: DURABILITY_QOS_POLICY
[INFO] [1759576534.949634999] [rosbag2_cpp]: Writing remaining messages from cache to the bag. It may take a while
[INFO] [1759576534.950332925] [rosbag2_recorder]: Event publisher thread: Exiting
[INFO] [1759576534.950361315] [rosbag2_recorder]: Recording stopped
