stdin is not a terminal device. Keyboard handling disabled.[INFO] [1759338333.019456685] [rosbag2_recorder]: Press SPACE for pausing/resuming
[INFO] [1759338333.020359239] [rosbag2_storage]: Opened database '/home/mobrob/ros_ws/bags/world203_1001_100532/world203_1001_100532_0.db3' for READ_WRITE.
[INFO] [1759338333.020830267] [rosbag2_recorder]: Listening for topics...
[INFO] [1759338333.020844450] [rosbag2_recorder]: Event publisher thread: Starting
[INFO] [1759338333.020913436] [rosbag2_recorder]: Recording...
[INFO] [1759338333.126563057] [rosbag2_recorder]: Subscribed to topic '/cmd_vel'
[INFO] [1759338333.229096643] [rosbag2_recorder]: Subscribed to topic '/odom'
[INFO] [1759338333.230902743] [rosbag2_recorder]: Subscribed to topic '/tf'
[WARN] [1759338333.251579683] [rosbag2_recorder]: New publisher discovered on topic '/tf', offering incompatible QoS. No messages will be sent to it. Last incompatible policy: DURABILITY_QOS_POLICY
[WARN] [1759338333.332965669] [rosbag2_recorder]: A new publisher for subscribed topic /tf was found offering RMW_QOS_POLICY_DURABILITY_VOLATILE, but rosbag2 already subscribed requesting RMW_QOS_POLICY_DURABILITY_TRANSIENT_LOCAL. Messages from this new publisher will not be recorded.
[WARN] [1759338334.049460319] [rosbag2_recorder]: New publisher discovered on topic '/tf', offering incompatible QoS. No messages will be sent to it. Last incompatible policy: DURABILITY_QOS_POLICY
[INFO] [1759338334.054517577] [rosbag2_recorder]: Subscribed to topic '/plan_barn'
[INFO] [1759338334.057599034] [rosbag2_recorder]: Subscribed to topic '/plan_barn_odom'
[INFO] [1759338334.059574170] [rosbag2_recorder]: Subscribed to topic '/tf_static'
[WARN] [1759338335.015179169] [rosbag2_recorder]: New publisher discovered on topic '/tf', offering incompatible QoS. No messages will be sent to it. Last incompatible policy: DURABILITY_QOS_POLICY
[INFO] [1759338335.116112359] [rosbag2_recorder]: Subscribed to topic '/scan'
[INFO] [1759338335.116158320] [rosbag2_recorder]: All requested topics are subscribed. Stopping discovery...
[INFO] [1759338392.868788741] [rosbag2_cpp]: Writing remaining messages from cache to the bag. It may take a while
[INFO] [1759338392.869462874] [rosbag2_recorder]: Event publisher thread: Exiting
[INFO] [1759338392.869516322] [rosbag2_recorder]: Recording stopped
