stdin is not a terminal device. Keyboard handling disabled.[INFO] [1759433745.716304881] [rosbag2_recorder]: Press SPACE for pausing/resuming
[INFO] [1759433745.717636104] [rosbag2_storage]: Opened database '/home/mobrob/ros_ws/bags/world266_1002_123545/world266_1002_123545_0.db3' for READ_WRITE.
[INFO] [1759433745.719486018] [rosbag2_recorder]: Listening for topics...
[INFO] [1759433745.719621624] [rosbag2_recorder]: Recording...
[INFO] [1759433745.719974413] [rosbag2_recorder]: Event publisher thread: Starting
[INFO] [1759433745.923257247] [rosbag2_recorder]: Subscribed to topic '/cmd_vel'
[INFO] [1759433745.924479150] [rosbag2_recorder]: Subscribed to topic '/odom'
[INFO] [1759433745.925397697] [rosbag2_recorder]: Subscribed to topic '/plan_barn'
[INFO] [1759433745.926297314] [rosbag2_recorder]: Subscribed to topic '/plan_barn_odom'
[INFO] [1759433745.928086442] [rosbag2_recorder]: Subscribed to topic '/tf'
[INFO] [1759433746.030960765] [rosbag2_recorder]: Subscribed to topic '/scan'
[WARN] [1759433746.740622982] [rosbag2_recorder]: New publisher discovered on topic '/tf', offering incompatible QoS. No messages will be sent to it. Last incompatible policy: DURABILITY_QOS_POLICY
[WARN] [1759433746.756837176] [rosbag2_recorder]: A new publisher for subscribed topic /tf was found offering RMW_QOS_POLICY_DURABILITY_VOLATILE, but rosbag2 already subscribed requesting RMW_QOS_POLICY_DURABILITY_TRANSIENT_LOCAL. Messages from this new publisher will not be recorded.
[WARN] [1759433746.759341188] [rosbag2_recorder]: New publisher discovered on topic '/tf', offering incompatible QoS. No messages will be sent to it. Last incompatible policy: DURABILITY_QOS_POLICY
[INFO] [1759433746.760450778] [rosbag2_recorder]: Subscribed to topic '/tf_static'
[INFO] [1759433746.760476323] [rosbag2_recorder]: All requested topics are subscribed. Stopping discovery...
[WARN] [1759433746.770336106] [rosbag2_recorder]: New publisher discovered on topic '/tf', offering incompatible QoS. No messages will be sent to it. Last incompatible policy: DURABILITY_QOS_POLICY
[INFO] [1759433782.570219212] [rosbag2_cpp]: Writing remaining messages from cache to the bag. It may take a while
[INFO] [1759433782.571109278] [rosbag2_recorder]: Event publisher thread: Exiting
[INFO] [1759433782.571153603] [rosbag2_recorder]: Recording stopped
