stdin is not a terminal device. Keyboard handling disabled.[INFO] [1759525624.034370624] [rosbag2_recorder]: Press SPACE for pausing/resuming
[INFO] [1759525624.035762103] [rosbag2_storage]: Opened database '/home/mobrob/ros_ws/bags/world12_1003_140703/world12_1003_140703_0.db3' for READ_WRITE.
[INFO] [1759525624.037259188] [rosbag2_recorder]: Listening for topics...
[INFO] [1759525624.037374098] [rosbag2_recorder]: Recording...
[INFO] [1759525624.039437644] [rosbag2_recorder]: Event publisher thread: Starting
[INFO] [1759525624.140458545] [rosbag2_recorder]: Subscribed to topic '/tf_static'
[INFO] [1759525624.242811775] [rosbag2_recorder]: Subscribed to topic '/odom'
[INFO] [1759525624.243546233] [rosbag2_recorder]: Subscribed to topic '/tf'
[WARN] [1759525624.279833573] [rosbag2_recorder]: New publisher discovered on topic '/tf', offering incompatible QoS. No messages will be sent to it. Last incompatible policy: DURABILITY_QOS_POLICY
[WARN] [1759525624.345766565] [rosbag2_recorder]: A new publisher for subscribed topic /tf was found offering RMW_QOS_POLICY_DURABILITY_VOLATILE, but rosbag2 already subscribed requesting RMW_QOS_POLICY_DURABILITY_TRANSIENT_LOCAL. Messages from this new publisher will not be recorded.
[WARN] [1759525625.033156385] [rosbag2_recorder]: New publisher discovered on topic '/tf', offering incompatible QoS. No messages will be sent to it. Last incompatible policy: DURABILITY_QOS_POLICY
[INFO] [1759525625.165066293] [rosbag2_recorder]: Subscribed to topic '/cmd_vel'
[WARN] [1759525626.030565301] [rosbag2_recorder]: New publisher discovered on topic '/tf', offering incompatible QoS. No messages will be sent to it. Last incompatible policy: DURABILITY_QOS_POLICY
[INFO] [1759525626.106418582] [rosbag2_recorder]: Subscribed to topic '/plan_barn'
[INFO] [1759525626.107875795] [rosbag2_recorder]: Subscribed to topic '/plan_barn_odom'
[INFO] [1759525626.109157650] [rosbag2_recorder]: Subscribed to topic '/scan'
[INFO] [1759525626.109174729] [rosbag2_recorder]: All requested topics are subscribed. Stopping discovery...
[INFO] [1759525698.893800603] [rosbag2_cpp]: Writing remaining messages from cache to the bag. It may take a while
[INFO] [1759525698.894444158] [rosbag2_recorder]: Event publisher thread: Exiting
[INFO] [1759525698.894491215] [rosbag2_recorder]: Recording stopped
