stdin is not a terminal device. Keyboard handling disabled.[INFO] [1759569834.572040304] [rosbag2_recorder]: Press SPACE for pausing/resuming
[INFO] [1759569834.572885181] [rosbag2_storage]: Opened database '/home/mobrob/ros_ws/bags/world266_1004_022354/world266_1004_022354_0.db3' for READ_WRITE.
[INFO] [1759569834.573696300] [rosbag2_recorder]: Listening for topics...
[INFO] [1759569834.573718128] [rosbag2_recorder]: Event publisher thread: Starting
[INFO] [1759569834.573807802] [rosbag2_recorder]: Recording...
[INFO] [1759569835.005569610] [rosbag2_recorder]: Subscribed to topic '/cmd_vel'
[INFO] [1759569835.006987608] [rosbag2_recorder]: Subscribed to topic '/odom'
[INFO] [1759569835.008166186] [rosbag2_recorder]: Subscribed to topic '/plan_barn'
[INFO] [1759569835.009051452] [rosbag2_recorder]: Subscribed to topic '/plan_barn_odom'
[INFO] [1759569835.010573702] [rosbag2_recorder]: Subscribed to topic '/tf'
[INFO] [1759569835.316674807] [rosbag2_recorder]: Subscribed to topic '/scan'
[WARN] [1759569835.590200504] [rosbag2_recorder]: New publisher discovered on topic '/tf', offering incompatible QoS. No messages will be sent to it. Last incompatible policy: DURABILITY_QOS_POLICY
[WARN] [1759569835.623000055] [rosbag2_recorder]: A new publisher for subscribed topic /tf was found offering RMW_QOS_POLICY_DURABILITY_VOLATILE, but rosbag2 already subscribed requesting RMW_QOS_POLICY_DURABILITY_TRANSIENT_LOCAL. Messages from this new publisher will not be recorded.
[INFO] [1759569835.624768296] [rosbag2_recorder]: Subscribed to topic '/tf_static'
[INFO] [1759569835.624807336] [rosbag2_recorder]: All requested topics are subscribed. Stopping discovery...
[WARN] [1759569836.569067933] [rosbag2_recorder]: New publisher discovered on topic '/tf', offering incompatible QoS. No messages will be sent to it. Last incompatible policy: DURABILITY_QOS_POLICY
[WARN] [1759569836.571437189] [rosbag2_recorder]: New publisher discovered on topic '/tf', offering incompatible QoS. No messages will be sent to it. Last incompatible policy: DURABILITY_QOS_POLICY
[INFO] [1759569988.438768217] [rosbag2_cpp]: Writing remaining messages from cache to the bag. It may take a while
[INFO] [1759569988.439346953] [rosbag2_recorder]: Event publisher thread: Exiting
[INFO] [1759569988.439376141] [rosbag2_recorder]: Recording stopped
