stdin is not a terminal device. Keyboard handling disabled.[INFO] [1759336211.091075395] [rosbag2_recorder]: Press SPACE for pausing/resuming
[INFO] [1759336211.092470045] [rosbag2_storage]: Opened database '/home/mobrob/ros_ws/bags/world125_1001_093010/world125_1001_093010_0.db3' for READ_WRITE.
[INFO] [1759336211.093554661] [rosbag2_recorder]: Listening for topics...
[INFO] [1759336211.093566942] [rosbag2_recorder]: Event publisher thread: Starting
[INFO] [1759336211.093711477] [rosbag2_recorder]: Recording...
[INFO] [1759336211.200109679] [rosbag2_recorder]: Subscribed to topic '/cmd_vel'
[INFO] [1759336211.204305018] [rosbag2_recorder]: Subscribed to topic '/odom'
[INFO] [1759336211.206585461] [rosbag2_recorder]: Subscribed to topic '/plan_barn'
[INFO] [1759336211.210647715] [rosbag2_recorder]: Subscribed to topic '/plan_barn_odom'
[INFO] [1759336211.214761484] [rosbag2_recorder]: Subscribed to topic '/tf'
[INFO] [1759336211.216516592] [rosbag2_recorder]: Subscribed to topic '/tf_static'
[WARN] [1759336211.342745877] [rosbag2_recorder]: New publisher discovered on topic '/tf', offering incompatible QoS. No messages will be sent to it. Last incompatible policy: DURABILITY_QOS_POLICY
[WARN] [1759336211.421375607] [rosbag2_recorder]: A new publisher for subscribed topic /tf was found offering RMW_QOS_POLICY_DURABILITY_VOLATILE, but rosbag2 already subscribed requesting RMW_QOS_POLICY_DURABILITY_TRANSIENT_LOCAL. Messages from this new publisher will not be recorded.
[WARN] [1759336212.085991894] [rosbag2_recorder]: New publisher discovered on topic '/tf', offering incompatible QoS. No messages will be sent to it. Last incompatible policy: DURABILITY_QOS_POLICY
[WARN] [1759336212.100183495] [rosbag2_recorder]: New publisher discovered on topic '/tf', offering incompatible QoS. No messages will be sent to it. Last incompatible policy: DURABILITY_QOS_POLICY
[INFO] [1759336212.138814496] [rosbag2_recorder]: Subscribed to topic '/scan'
[INFO] [1759336212.145343689] [rosbag2_recorder]: All requested topics are subscribed. Stopping discovery...
[INFO] [1759336297.944209743] [rosbag2_cpp]: Writing remaining messages from cache to the bag. It may take a while
[INFO] [1759336297.945010432] [rosbag2_recorder]: Event publisher thread: Exiting
[INFO] [1759336297.945061342] [rosbag2_recorder]: Recording stopped
