stdin is not a terminal device. Keyboard handling disabled.[INFO] [1759415800.769523986] [rosbag2_recorder]: Press SPACE for pausing/resuming
[INFO] [1759415800.770488361] [rosbag2_storage]: Opened database '/home/mobrob/ros_ws/bags/world69_1002_073640/world69_1002_073640_0.db3' for READ_WRITE.
[INFO] [1759415800.771420459] [rosbag2_recorder]: Listening for topics...
[INFO] [1759415800.771463063] [rosbag2_recorder]: Event publisher thread: Starting
[INFO] [1759415800.771540402] [rosbag2_recorder]: Recording...
[INFO] [1759415801.176161811] [rosbag2_recorder]: Subscribed to topic '/odom'
[INFO] [1759415801.179613617] [rosbag2_recorder]: Subscribed to topic '/scan'
[INFO] [1759415801.182921667] [rosbag2_recorder]: Subscribed to topic '/tf'
[INFO] [1759415802.105125675] [rosbag2_recorder]: Subscribed to topic '/tf_static'
[WARN] [1759415802.127545414] [rosbag2_recorder]: New publisher discovered on topic '/tf', offering incompatible QoS. No messages will be sent to it. Last incompatible policy: DURABILITY_QOS_POLICY
[WARN] [1759415802.208714823] [rosbag2_recorder]: A new publisher for subscribed topic /tf was found offering RMW_QOS_POLICY_DURABILITY_VOLATILE, but rosbag2 already subscribed requesting RMW_QOS_POLICY_DURABILITY_TRANSIENT_LOCAL. Messages from this new publisher will not be recorded.
[INFO] [1759415802.210854612] [rosbag2_recorder]: Subscribed to topic '/cmd_vel'
[WARN] [1759415803.119749582] [rosbag2_recorder]: New publisher discovered on topic '/tf', offering incompatible QoS. No messages will be sent to it. Last incompatible policy: DURABILITY_QOS_POLICY
[INFO] [1759415803.141453355] [rosbag2_recorder]: Subscribed to topic '/plan_barn'
[INFO] [1759415803.142608729] [rosbag2_recorder]: Subscribed to topic '/plan_barn_odom'
[INFO] [1759415803.142639930] [rosbag2_recorder]: All requested topics are subscribed. Stopping discovery...
[WARN] [1759415803.772259541] [rosbag2_recorder]: New publisher discovered on topic '/tf', offering incompatible QoS. No messages will be sent to it. Last incompatible policy: DURABILITY_QOS_POLICY
[INFO] [1759415820.627465768] [rosbag2_cpp]: Writing remaining messages from cache to the bag. It may take a while
[INFO] [1759415820.628127350] [rosbag2_recorder]: Event publisher thread: Exiting
[INFO] [1759415820.628174550] [rosbag2_recorder]: Recording stopped
