stdin is not a terminal device. Keyboard handling disabled.[INFO] [1759584802.956372113] [rosbag2_recorder]: Press SPACE for pausing/resuming
[INFO] [1759584802.957128567] [rosbag2_storage]: Opened database '/home/mobrob/ros_ws/bags/world210_1004_063322/world210_1004_063322_0.db3' for READ_WRITE.
[INFO] [1759584802.960510115] [rosbag2_recorder]: Listening for topics...
[INFO] [1759584802.960526795] [rosbag2_recorder]: Event publisher thread: Starting
[INFO] [1759584802.960700242] [rosbag2_recorder]: Recording...
[INFO] [1759584803.738345360] [rosbag2_recorder]: Subscribed to topic '/plan_barn_odom'
[INFO] [1759584804.076973752] [rosbag2_recorder]: Subscribed to topic '/cmd_vel'
[INFO] [1759584804.179865928] [rosbag2_recorder]: Subscribed to topic '/odom'
[INFO] [1759584804.181676593] [rosbag2_recorder]: Subscribed to topic '/tf'
[WARN] [1759584804.958655107] [rosbag2_recorder]: New publisher discovered on topic '/tf', offering incompatible QoS. No messages will be sent to it. Last incompatible policy: DURABILITY_QOS_POLICY
[WARN] [1759584804.988701999] [rosbag2_recorder]: New publisher discovered on topic '/tf', offering incompatible QoS. No messages will be sent to it. Last incompatible policy: DURABILITY_QOS_POLICY
[WARN] [1759584804.992874638] [rosbag2_recorder]: A new publisher for subscribed topic /tf was found offering RMW_QOS_POLICY_DURABILITY_VOLATILE, but rosbag2 already subscribed requesting RMW_QOS_POLICY_DURABILITY_TRANSIENT_LOCAL. Messages from this new publisher will not be recorded.
[WARN] [1759584804.992927520] [rosbag2_recorder]: A new publisher for subscribed topic /tf was found offering RMW_QOS_POLICY_DURABILITY_VOLATILE, but rosbag2 already subscribed requesting RMW_QOS_POLICY_DURABILITY_TRANSIENT_LOCAL. Messages from this new publisher will not be recorded.
[WARN] [1759584804.992932399] [rosbag2_recorder]: A new publisher for subscribed topic /tf was found offering RMW_QOS_POLICY_DURABILITY_VOLATILE, but rosbag2 already subscribed requesting RMW_QOS_POLICY_DURABILITY_TRANSIENT_LOCAL. Messages from this new publisher will not be recorded.
[INFO] [1759584804.998586495] [rosbag2_recorder]: Subscribed to topic '/plan_barn'
[INFO] [1759584805.001612703] [rosbag2_recorder]: Subscribed to topic '/scan'
[INFO] [1759584805.003637957] [rosbag2_recorder]: Subscribed to topic '/tf_static'
[INFO] [1759584805.003684832] [rosbag2_recorder]: All requested topics are subscribed. Stopping discovery...
[INFO] [1759585154.814863474] [rosbag2_cpp]: Writing remaining messages from cache to the bag. It may take a while
[INFO] [1759585154.815547423] [rosbag2_recorder]: Event publisher thread: Exiting
[INFO] [1759585154.815595207] [rosbag2_recorder]: Recording stopped
