stdin is not a terminal device. Keyboard handling disabled.[INFO] [1759445182.956909009] [rosbag2_recorder]: Press SPACE for pausing/resuming
[INFO] [1759445182.958222837] [rosbag2_storage]: Opened database '/home/mobrob/ros_ws/bags/world203_1002_154622/world203_1002_154622_0.db3' for READ_WRITE.
[INFO] [1759445182.959325638] [rosbag2_recorder]: Listening for topics...
[INFO] [1759445182.959337440] [rosbag2_recorder]: Event publisher thread: Starting
[INFO] [1759445182.959461299] [rosbag2_recorder]: Recording...
[INFO] [1759445183.164246071] [rosbag2_recorder]: Subscribed to topic '/odom'
[INFO] [1759445183.166255977] [rosbag2_recorder]: Subscribed to topic '/tf'
[WARN] [1759445183.196166825] [rosbag2_recorder]: New publisher discovered on topic '/tf', offering incompatible QoS. No messages will be sent to it. Last incompatible policy: DURABILITY_QOS_POLICY
[WARN] [1759445183.268787555] [rosbag2_recorder]: A new publisher for subscribed topic /tf was found offering RMW_QOS_POLICY_DURABILITY_VOLATILE, but rosbag2 already subscribed requesting RMW_QOS_POLICY_DURABILITY_TRANSIENT_LOCAL. Messages from this new publisher will not be recorded.
[INFO] [1759445183.994681527] [rosbag2_recorder]: Subscribed to topic '/plan_barn'
[WARN] [1759445183.996834299] [rosbag2_recorder]: New publisher discovered on topic '/tf', offering incompatible QoS. No messages will be sent to it. Last incompatible policy: DURABILITY_QOS_POLICY
[INFO] [1759445184.004416890] [rosbag2_recorder]: Subscribed to topic '/plan_barn_odom'
[INFO] [1759445184.012304569] [rosbag2_recorder]: Subscribed to topic '/tf_static'
[WARN] [1759445184.014204884] [rosbag2_recorder]: New publisher discovered on topic '/tf', offering incompatible QoS. No messages will be sent to it. Last incompatible policy: DURABILITY_QOS_POLICY
[INFO] [1759445184.119750388] [rosbag2_recorder]: Subscribed to topic '/cmd_vel'
[INFO] [1759445185.064147343] [rosbag2_recorder]: Subscribed to topic '/scan'
[INFO] [1759445185.064188399] [rosbag2_recorder]: All requested topics are subscribed. Stopping discovery...
[INFO] [1759445318.809546765] [rosbag2_cpp]: Writing remaining messages from cache to the bag. It may take a while
[INFO] [1759445318.810576091] [rosbag2_recorder]: Event publisher thread: Exiting
[INFO] [1759445318.810618845] [rosbag2_recorder]: Recording stopped
