stdin is not a terminal device. Keyboard handling disabled.[INFO] [1759342168.932083097] [rosbag2_recorder]: Press SPACE for pausing/resuming
[INFO] [1759342168.933142235] [rosbag2_storage]: Opened database '/home/mobrob/ros_ws/bags/world69_1001_110928/world69_1001_110928_0.db3' for READ_WRITE.
[INFO] [1759342168.933689399] [rosbag2_recorder]: Listening for topics...
[INFO] [1759342168.933696853] [rosbag2_recorder]: Event publisher thread: Starting
[INFO] [1759342168.933839581] [rosbag2_recorder]: Recording...
[INFO] [1759342169.042529513] [rosbag2_recorder]: Subscribed to topic '/tf_static'
[INFO] [1759342169.958509495] [rosbag2_recorder]: Subscribed to topic '/odom'
[INFO] [1759342169.966405829] [rosbag2_recorder]: Subscribed to topic '/plan_barn'
[INFO] [1759342169.972049096] [rosbag2_recorder]: Subscribed to topic '/plan_barn_odom'
[INFO] [1759342169.974521202] [rosbag2_recorder]: Subscribed to topic '/tf'
[WARN] [1759342169.977983438] [rosbag2_recorder]: New publisher discovered on topic '/tf', offering incompatible QoS. No messages will be sent to it. Last incompatible policy: DURABILITY_QOS_POLICY
[WARN] [1759342170.077512994] [rosbag2_recorder]: A new publisher for subscribed topic /tf was found offering RMW_QOS_POLICY_DURABILITY_VOLATILE, but rosbag2 already subscribed requesting RMW_QOS_POLICY_DURABILITY_TRANSIENT_LOCAL. Messages from this new publisher will not be recorded.
[INFO] [1759342170.079291797] [rosbag2_recorder]: Subscribed to topic '/cmd_vel'
[WARN] [1759342170.929063472] [rosbag2_recorder]: New publisher discovered on topic '/tf', offering incompatible QoS. No messages will be sent to it. Last incompatible policy: DURABILITY_QOS_POLICY
[WARN] [1759342170.936149623] [rosbag2_recorder]: New publisher discovered on topic '/tf', offering incompatible QoS. No messages will be sent to it. Last incompatible policy: DURABILITY_QOS_POLICY
[INFO] [1759342171.019451400] [rosbag2_recorder]: Subscribed to topic '/scan'
[INFO] [1759342171.019500677] [rosbag2_recorder]: All requested topics are subscribed. Stopping discovery...
[INFO] [1759342186.787851602] [rosbag2_cpp]: Writing remaining messages from cache to the bag. It may take a while
[INFO] [1759342186.788625350] [rosbag2_recorder]: Event publisher thread: Exiting
[INFO] [1759342186.788700754] [rosbag2_recorder]: Recording stopped
