stdin is not a terminal device. Keyboard handling disabled.[INFO] [1759376550.663475549] [rosbag2_recorder]: Press SPACE for pausing/resuming
[INFO] [1759376550.664324600] [rosbag2_storage]: Opened database '/home/mobrob/ros_ws/bags/world12_1001_204230/world12_1001_204230_0.db3' for READ_WRITE.
[INFO] [1759376550.665143229] [rosbag2_recorder]: Listening for topics...
[INFO] [1759376550.665156685] [rosbag2_recorder]: Event publisher thread: Starting
[INFO] [1759376550.665226688] [rosbag2_recorder]: Recording...
[INFO] [1759376551.375050358] [rosbag2_recorder]: Subscribed to topic '/cmd_vel'
[INFO] [1759376551.381195109] [rosbag2_recorder]: Subscribed to topic '/tf_static'
[INFO] [1759376551.483516639] [rosbag2_recorder]: Subscribed to topic '/odom'
[INFO] [1759376551.484335692] [rosbag2_recorder]: Subscribed to topic '/plan_barn'
[INFO] [1759376551.485151309] [rosbag2_recorder]: Subscribed to topic '/plan_barn_odom'
[INFO] [1759376551.485815570] [rosbag2_recorder]: Subscribed to topic '/tf'
[WARN] [1759376551.698103803] [rosbag2_recorder]: New publisher discovered on topic '/tf', offering incompatible QoS. No messages will be sent to it. Last incompatible policy: DURABILITY_QOS_POLICY
[WARN] [1759376551.792756670] [rosbag2_recorder]: A new publisher for subscribed topic /tf was found offering RMW_QOS_POLICY_DURABILITY_VOLATILE, but rosbag2 already subscribed requesting RMW_QOS_POLICY_DURABILITY_TRANSIENT_LOCAL. Messages from this new publisher will not be recorded.
[WARN] [1759376552.669839171] [rosbag2_recorder]: New publisher discovered on topic '/tf', offering incompatible QoS. No messages will be sent to it. Last incompatible policy: DURABILITY_QOS_POLICY
[WARN] [1759376552.677514712] [rosbag2_recorder]: New publisher discovered on topic '/tf', offering incompatible QoS. No messages will be sent to it. Last incompatible policy: DURABILITY_QOS_POLICY
[INFO] [1759376552.734787078] [rosbag2_recorder]: Subscribed to topic '/scan'
[INFO] [1759376552.734840233] [rosbag2_recorder]: All requested topics are subscribed. Stopping discovery...
[INFO] [1759376753.517649113] [rosbag2_cpp]: Writing remaining messages from cache to the bag. It may take a while
[INFO] [1759376753.518355875] [rosbag2_recorder]: Event publisher thread: Exiting
[INFO] [1759376753.518396160] [rosbag2_recorder]: Recording stopped
