stdin is not a terminal device. Keyboard handling disabled.[INFO] [1759382425.710765540] [rosbag2_recorder]: Press SPACE for pausing/resuming
[INFO] [1759382425.711741224] [rosbag2_storage]: Opened database '/home/mobrob/ros_ws/bags/world125_1001_222025/world125_1001_222025_0.db3' for READ_WRITE.
[INFO] [1759382425.714626212] [rosbag2_recorder]: Listening for topics...
[INFO] [1759382425.714759446] [rosbag2_recorder]: Recording...
[INFO] [1759382425.714822057] [rosbag2_recorder]: Event publisher thread: Starting
[INFO] [1759382426.136316767] [rosbag2_recorder]: Subscribed to topic '/cmd_vel'
[INFO] [1759382426.138846549] [rosbag2_recorder]: Subscribed to topic '/odom'
[INFO] [1759382426.140390186] [rosbag2_recorder]: Subscribed to topic '/scan'
[INFO] [1759382426.141997442] [rosbag2_recorder]: Subscribed to topic '/tf'
[INFO] [1759382426.142928603] [rosbag2_recorder]: Subscribed to topic '/tf_static'
[WARN] [1759382426.143968767] [rosbag2_recorder]: New publisher discovered on topic '/tf', offering incompatible QoS. No messages will be sent to it. Last incompatible policy: DURABILITY_QOS_POLICY
[WARN] [1759382426.246022892] [rosbag2_recorder]: A new publisher for subscribed topic /tf was found offering RMW_QOS_POLICY_DURABILITY_VOLATILE, but rosbag2 already subscribed requesting RMW_QOS_POLICY_DURABILITY_TRANSIENT_LOCAL. Messages from this new publisher will not be recorded.
[INFO] [1759382426.775700492] [rosbag2_recorder]: Subscribed to topic '/plan_barn'
[INFO] [1759382426.783425055] [rosbag2_recorder]: Subscribed to topic '/plan_barn_odom'
[INFO] [1759382426.783603238] [rosbag2_recorder]: All requested topics are subscribed. Stopping discovery...
[WARN] [1759382427.710446428] [rosbag2_recorder]: New publisher discovered on topic '/tf', offering incompatible QoS. No messages will be sent to it. Last incompatible policy: DURABILITY_QOS_POLICY
[WARN] [1759382427.729742499] [rosbag2_recorder]: New publisher discovered on topic '/tf', offering incompatible QoS. No messages will be sent to it. Last incompatible policy: DURABILITY_QOS_POLICY
[INFO] [1759382533.571208688] [rosbag2_cpp]: Writing remaining messages from cache to the bag. It may take a while
[INFO] [1759382533.572013960] [rosbag2_recorder]: Event publisher thread: Exiting
[INFO] [1759382533.572049742] [rosbag2_recorder]: Recording stopped
