stdin is not a terminal device. Keyboard handling disabled.[INFO] [1759536024.151156812] [rosbag2_recorder]: Press SPACE for pausing/resuming
[INFO] [1759536024.152304143] [rosbag2_storage]: Opened database '/home/mobrob/ros_ws/bags/world203_1003_170024/world203_1003_170024_0.db3' for READ_WRITE.
[INFO] [1759536024.153101233] [rosbag2_recorder]: Listening for topics...
[INFO] [1759536024.153112207] [rosbag2_recorder]: Event publisher thread: Starting
[INFO] [1759536024.153209970] [rosbag2_recorder]: Recording...
[INFO] [1759536024.256822312] [rosbag2_recorder]: Subscribed to topic '/cmd_vel'
[INFO] [1759536024.359419980] [rosbag2_recorder]: Subscribed to topic '/odom'
[INFO] [1759536024.361517198] [rosbag2_recorder]: Subscribed to topic '/tf'
[INFO] [1759536024.362741483] [rosbag2_recorder]: Subscribed to topic '/tf_static'
[WARN] [1759536025.198816604] [rosbag2_recorder]: New publisher discovered on topic '/tf', offering incompatible QoS. No messages will be sent to it. Last incompatible policy: DURABILITY_QOS_POLICY
[WARN] [1759536025.281872895] [rosbag2_recorder]: A new publisher for subscribed topic /tf was found offering RMW_QOS_POLICY_DURABILITY_VOLATILE, but rosbag2 already subscribed requesting RMW_QOS_POLICY_DURABILITY_TRANSIENT_LOCAL. Messages from this new publisher will not be recorded.
[INFO] [1759536025.284207168] [rosbag2_recorder]: Subscribed to topic '/plan_barn'
[INFO] [1759536025.285884592] [rosbag2_recorder]: Subscribed to topic '/plan_barn_odom'
[WARN] [1759536026.150692292] [rosbag2_recorder]: New publisher discovered on topic '/tf', offering incompatible QoS. No messages will be sent to it. Last incompatible policy: DURABILITY_QOS_POLICY
[WARN] [1759536026.156049208] [rosbag2_recorder]: New publisher discovered on topic '/tf', offering incompatible QoS. No messages will be sent to it. Last incompatible policy: DURABILITY_QOS_POLICY
[INFO] [1759536026.225861035] [rosbag2_recorder]: Subscribed to topic '/scan'
[INFO] [1759536026.225911173] [rosbag2_recorder]: All requested topics are subscribed. Stopping discovery...
[INFO] [1759536376.023415549] [rosbag2_cpp]: Writing remaining messages from cache to the bag. It may take a while
[INFO] [1759536376.024276583] [rosbag2_recorder]: Event publisher thread: Exiting
[INFO] [1759536376.024325058] [rosbag2_recorder]: Recording stopped
