stdin is not a terminal device. Keyboard handling disabled.[INFO] [1759452209.148426983] [rosbag2_recorder]: Press SPACE for pausing/resuming
[INFO] [1759452209.149257797] [rosbag2_storage]: Opened database '/home/mobrob/ros_ws/bags/world210_1002_174328/world210_1002_174328_0.db3' for READ_WRITE.
[INFO] [1759452209.149860305] [rosbag2_recorder]: Listening for topics...
[INFO] [1759452209.149873919] [rosbag2_recorder]: Event publisher thread: Starting
[INFO] [1759452209.149935159] [rosbag2_recorder]: Recording...
[INFO] [1759452209.257474490] [rosbag2_recorder]: Subscribed to topic '/tf_static'
[INFO] [1759452209.360066920] [rosbag2_recorder]: Subscribed to topic '/odom'
[INFO] [1759452209.360929270] [rosbag2_recorder]: Subscribed to topic '/tf'
[WARN] [1759452210.199142188] [rosbag2_recorder]: New publisher discovered on topic '/tf', offering incompatible QoS. No messages will be sent to it. Last incompatible policy: DURABILITY_QOS_POLICY
[WARN] [1759452210.278685416] [rosbag2_recorder]: A new publisher for subscribed topic /tf was found offering RMW_QOS_POLICY_DURABILITY_VOLATILE, but rosbag2 already subscribed requesting RMW_QOS_POLICY_DURABILITY_TRANSIENT_LOCAL. Messages from this new publisher will not be recorded.
[INFO] [1759452210.280902378] [rosbag2_recorder]: Subscribed to topic '/cmd_vel'
[WARN] [1759452211.142084663] [rosbag2_recorder]: New publisher discovered on topic '/tf', offering incompatible QoS. No messages will be sent to it. Last incompatible policy: DURABILITY_QOS_POLICY
[WARN] [1759452211.150598919] [rosbag2_recorder]: New publisher discovered on topic '/tf', offering incompatible QoS. No messages will be sent to it. Last incompatible policy: DURABILITY_QOS_POLICY
[INFO] [1759452211.225925368] [rosbag2_recorder]: Subscribed to topic '/plan_barn'
[INFO] [1759452211.227214151] [rosbag2_recorder]: Subscribed to topic '/plan_barn_odom'
[INFO] [1759452212.176543077] [rosbag2_recorder]: Subscribed to topic '/scan'
[INFO] [1759452212.176589606] [rosbag2_recorder]: All requested topics are subscribed. Stopping discovery...
[INFO] [1759452305.002251146] [rosbag2_cpp]: Writing remaining messages from cache to the bag. It may take a while
[INFO] [1759452305.003235430] [rosbag2_recorder]: Event publisher thread: Exiting
[INFO] [1759452305.003301734] [rosbag2_recorder]: Recording stopped
