stdin is not a terminal device. Keyboard handling disabled.[INFO] [1759609120.041726096] [rosbag2_recorder]: Press SPACE for pausing/resuming
[INFO] [1759609120.042464534] [rosbag2_storage]: Opened database '/home/mobrob/ros_ws/bags/world210_1004_131839/world210_1004_131839_0.db3' for READ_WRITE.
[INFO] [1759609120.043054853] [rosbag2_recorder]: Listening for topics...
[INFO] [1759609120.043072265] [rosbag2_recorder]: Event publisher thread: Starting
[INFO] [1759609120.043174814] [rosbag2_recorder]: Recording...
[INFO] [1759609120.152044322] [rosbag2_recorder]: Subscribed to topic '/cmd_vel'
[INFO] [1759609120.154272874] [rosbag2_recorder]: Subscribed to topic '/odom'
[INFO] [1759609120.156038573] [rosbag2_recorder]: Subscribed to topic '/tf'
[INFO] [1759609120.157480679] [rosbag2_recorder]: Subscribed to topic '/tf_static'
[WARN] [1759609120.271947711] [rosbag2_recorder]: New publisher discovered on topic '/tf', offering incompatible QoS. No messages will be sent to it. Last incompatible policy: DURABILITY_QOS_POLICY
[WARN] [1759609120.360976450] [rosbag2_recorder]: A new publisher for subscribed topic /tf was found offering RMW_QOS_POLICY_DURABILITY_VOLATILE, but rosbag2 already subscribed requesting RMW_QOS_POLICY_DURABILITY_TRANSIENT_LOCAL. Messages from this new publisher will not be recorded.
[WARN] [1759609121.047827075] [rosbag2_recorder]: New publisher discovered on topic '/tf', offering incompatible QoS. No messages will be sent to it. Last incompatible policy: DURABILITY_QOS_POLICY
[INFO] [1759609121.077967026] [rosbag2_recorder]: Subscribed to topic '/plan_barn'
[INFO] [1759609121.079576741] [rosbag2_recorder]: Subscribed to topic '/plan_barn_odom'
[INFO] [1759609121.080773771] [rosbag2_recorder]: Subscribed to topic '/scan'
[INFO] [1759609121.080791394] [rosbag2_recorder]: All requested topics are subscribed. Stopping discovery...
[WARN] [1759609122.043199883] [rosbag2_recorder]: New publisher discovered on topic '/tf', offering incompatible QoS. No messages will be sent to it. Last incompatible policy: DURABILITY_QOS_POLICY
[INFO] [1759609215.906060001] [rosbag2_cpp]: Writing remaining messages from cache to the bag. It may take a while
[INFO] [1759609215.907026701] [rosbag2_recorder]: Event publisher thread: Exiting
[INFO] [1759609215.907068485] [rosbag2_recorder]: Recording stopped
