stdin is not a terminal device. Keyboard handling disabled.[INFO] [1759563340.059897963] [rosbag2_recorder]: Press SPACE for pausing/resuming
[INFO] [1759563340.060612572] [rosbag2_storage]: Opened database '/home/mobrob/ros_ws/bags/world69_1004_003539/world69_1004_003539_0.db3' for READ_WRITE.
[INFO] [1759563340.061540070] [rosbag2_recorder]: Listening for topics...
[INFO] [1759563340.061560614] [rosbag2_recorder]: Event publisher thread: Starting
[INFO] [1759563340.061682264] [rosbag2_recorder]: Recording...
[INFO] [1759563340.165293495] [rosbag2_recorder]: Subscribed to topic '/odom'
[INFO] [1759563340.166556213] [rosbag2_recorder]: Subscribed to topic '/tf'
[INFO] [1759563340.167472361] [rosbag2_recorder]: Subscribed to topic '/tf_static'
[WARN] [1759563341.058329640] [rosbag2_recorder]: New publisher discovered on topic '/tf', offering incompatible QoS. No messages will be sent to it. Last incompatible policy: DURABILITY_QOS_POLICY
[WARN] [1759563341.078555943] [rosbag2_recorder]: New publisher discovered on topic '/tf', offering incompatible QoS. No messages will be sent to it. Last incompatible policy: DURABILITY_QOS_POLICY
[WARN] [1759563341.084359156] [rosbag2_recorder]: A new publisher for subscribed topic /tf was found offering RMW_QOS_POLICY_DURABILITY_VOLATILE, but rosbag2 already subscribed requesting RMW_QOS_POLICY_DURABILITY_TRANSIENT_LOCAL. Messages from this new publisher will not be recorded.
[WARN] [1759563341.084394795] [rosbag2_recorder]: A new publisher for subscribed topic /tf was found offering RMW_QOS_POLICY_DURABILITY_VOLATILE, but rosbag2 already subscribed requesting RMW_QOS_POLICY_DURABILITY_TRANSIENT_LOCAL. Messages from this new publisher will not be recorded.
[WARN] [1759563341.084404549] [rosbag2_recorder]: A new publisher for subscribed topic /tf was found offering RMW_QOS_POLICY_DURABILITY_VOLATILE, but rosbag2 already subscribed requesting RMW_QOS_POLICY_DURABILITY_TRANSIENT_LOCAL. Messages from this new publisher will not be recorded.
[INFO] [1759563341.086055233] [rosbag2_recorder]: Subscribed to topic '/cmd_vel'
[INFO] [1759563341.087462454] [rosbag2_recorder]: Subscribed to topic '/scan'
[INFO] [1759563341.191927552] [rosbag2_recorder]: Subscribed to topic '/plan_barn'
[INFO] [1759563341.193110959] [rosbag2_recorder]: Subscribed to topic '/plan_barn_odom'
[INFO] [1759563341.193129590] [rosbag2_recorder]: All requested topics are subscribed. Stopping discovery...
[INFO] [1759563449.930995753] [rosbag2_cpp]: Writing remaining messages from cache to the bag. It may take a while
[INFO] [1759563449.931672802] [rosbag2_recorder]: Event publisher thread: Exiting
[INFO] [1759563449.931705497] [rosbag2_recorder]: Recording stopped
