stdin is not a terminal device. Keyboard handling disabled.[INFO] [1759530326.809328009] [rosbag2_recorder]: Press SPACE for pausing/resuming
[INFO] [1759530326.810120676] [rosbag2_storage]: Opened database '/home/mobrob/ros_ws/bags/world75_1003_152526/world75_1003_152526_0.db3' for READ_WRITE.
[INFO] [1759530326.810517806] [rosbag2_recorder]: Listening for topics...
[INFO] [1759530326.810531252] [rosbag2_recorder]: Event publisher thread: Starting
[INFO] [1759530326.810590169] [rosbag2_recorder]: Recording...
[INFO] [1759530326.915373547] [rosbag2_recorder]: Subscribed to topic '/cmd_vel'
[INFO] [1759530326.918951577] [rosbag2_recorder]: Subscribed to topic '/tf_static'
[INFO] [1759530327.021648867] [rosbag2_recorder]: Subscribed to topic '/odom'
[INFO] [1759530327.022646971] [rosbag2_recorder]: Subscribed to topic '/tf'
[WARN] [1759530327.827829883] [rosbag2_recorder]: New publisher discovered on topic '/tf', offering incompatible QoS. No messages will be sent to it. Last incompatible policy: DURABILITY_QOS_POLICY
[WARN] [1759530327.840405387] [rosbag2_recorder]: A new publisher for subscribed topic /tf was found offering RMW_QOS_POLICY_DURABILITY_VOLATILE, but rosbag2 already subscribed requesting RMW_QOS_POLICY_DURABILITY_TRANSIENT_LOCAL. Messages from this new publisher will not be recorded.
[INFO] [1759530327.842771763] [rosbag2_recorder]: Subscribed to topic '/plan_barn_odom'
[WARN] [1759530327.843854610] [rosbag2_recorder]: New publisher discovered on topic '/tf', offering incompatible QoS. No messages will be sent to it. Last incompatible policy: DURABILITY_QOS_POLICY
[INFO] [1759530327.845576210] [rosbag2_recorder]: Subscribed to topic '/scan'
[INFO] [1759530327.951814531] [rosbag2_recorder]: Subscribed to topic '/plan_barn'
[INFO] [1759530327.951861305] [rosbag2_recorder]: All requested topics are subscribed. Stopping discovery...
[WARN] [1759530328.807350493] [rosbag2_recorder]: New publisher discovered on topic '/tf', offering incompatible QoS. No messages will be sent to it. Last incompatible policy: DURABILITY_QOS_POLICY
[INFO] [1759530425.679150805] [rosbag2_cpp]: Writing remaining messages from cache to the bag. It may take a while
[INFO] [1759530425.679817203] [rosbag2_recorder]: Event publisher thread: Exiting
[INFO] [1759530425.679859371] [rosbag2_recorder]: Recording stopped
