stdin is not a terminal device. Keyboard handling disabled.[INFO] [1759588020.358814944] [rosbag2_recorder]: Press SPACE for pausing/resuming
[INFO] [1759588020.359581627] [rosbag2_storage]: Opened database '/home/mobrob/ros_ws/bags/world69_1004_072700/world69_1004_072700_0.db3' for READ_WRITE.
[INFO] [1759588020.360758394] [rosbag2_recorder]: Listening for topics...
[INFO] [1759588020.360862059] [rosbag2_recorder]: Recording...
[INFO] [1759588020.362861281] [rosbag2_recorder]: Event publisher thread: Starting
[INFO] [1759588020.465007192] [rosbag2_recorder]: Subscribed to topic '/cmd_vel'
[INFO] [1759588020.467748044] [rosbag2_recorder]: Subscribed to topic '/scan'
[INFO] [1759588020.875399823] [rosbag2_recorder]: Subscribed to topic '/odom'
[INFO] [1759588020.878801348] [rosbag2_recorder]: Subscribed to topic '/tf'
[WARN] [1759588020.882716194] [rosbag2_recorder]: New publisher discovered on topic '/tf', offering incompatible QoS. No messages will be sent to it. Last incompatible policy: DURABILITY_QOS_POLICY
[WARN] [1759588020.981107711] [rosbag2_recorder]: A new publisher for subscribed topic /tf was found offering RMW_QOS_POLICY_DURABILITY_VOLATILE, but rosbag2 already subscribed requesting RMW_QOS_POLICY_DURABILITY_TRANSIENT_LOCAL. Messages from this new publisher will not be recorded.
[INFO] [1759588020.982583262] [rosbag2_recorder]: Subscribed to topic '/tf_static'
[WARN] [1759588021.371757784] [rosbag2_recorder]: New publisher discovered on topic '/tf', offering incompatible QoS. No messages will be sent to it. Last incompatible policy: DURABILITY_QOS_POLICY
[WARN] [1759588021.379961485] [rosbag2_recorder]: New publisher discovered on topic '/tf', offering incompatible QoS. No messages will be sent to it. Last incompatible policy: DURABILITY_QOS_POLICY
[INFO] [1759588021.394641607] [rosbag2_recorder]: Subscribed to topic '/plan_barn'
[INFO] [1759588021.396279199] [rosbag2_recorder]: Subscribed to topic '/plan_barn_odom'
[INFO] [1759588021.396313371] [rosbag2_recorder]: All requested topics are subscribed. Stopping discovery...
[INFO] [1759588372.235584414] [rosbag2_cpp]: Writing remaining messages from cache to the bag. It may take a while
[INFO] [1759588372.236236783] [rosbag2_recorder]: Event publisher thread: Exiting
[INFO] [1759588372.236280693] [rosbag2_recorder]: Recording stopped
