stdin is not a terminal device. Keyboard handling disabled.[INFO] [1759547632.693224803] [rosbag2_recorder]: Press SPACE for pausing/resuming
[INFO] [1759547632.694034904] [rosbag2_storage]: Opened database '/home/mobrob/ros_ws/bags/world266_1003_201352/world266_1003_201352_0.db3' for READ_WRITE.
[INFO] [1759547632.694837584] [rosbag2_recorder]: Listening for topics...
[INFO] [1759547632.694862425] [rosbag2_recorder]: Event publisher thread: Starting
[INFO] [1759547632.694987578] [rosbag2_recorder]: Recording...
[INFO] [1759547632.801934097] [rosbag2_recorder]: Subscribed to topic '/cmd_vel'
[INFO] [1759547632.806119015] [rosbag2_recorder]: Subscribed to topic '/odom'
[INFO] [1759547632.808886362] [rosbag2_recorder]: Subscribed to topic '/tf'
[INFO] [1759547632.810696494] [rosbag2_recorder]: Subscribed to topic '/tf_static'
[WARN] [1759547633.701424975] [rosbag2_recorder]: New publisher discovered on topic '/tf', offering incompatible QoS. No messages will be sent to it. Last incompatible policy: DURABILITY_QOS_POLICY
[WARN] [1759547633.731447580] [rosbag2_recorder]: A new publisher for subscribed topic /tf was found offering RMW_QOS_POLICY_DURABILITY_VOLATILE, but rosbag2 already subscribed requesting RMW_QOS_POLICY_DURABILITY_TRANSIENT_LOCAL. Messages from this new publisher will not be recorded.
[INFO] [1759547633.733269882] [rosbag2_recorder]: Subscribed to topic '/plan_barn_odom'
[INFO] [1759547633.734958527] [rosbag2_recorder]: Subscribed to topic '/scan'
[WARN] [1759547634.687658388] [rosbag2_recorder]: New publisher discovered on topic '/tf', offering incompatible QoS. No messages will be sent to it. Last incompatible policy: DURABILITY_QOS_POLICY
[WARN] [1759547634.688224441] [rosbag2_recorder]: New publisher discovered on topic '/tf', offering incompatible QoS. No messages will be sent to it. Last incompatible policy: DURABILITY_QOS_POLICY
[INFO] [1759547634.774049560] [rosbag2_recorder]: Subscribed to topic '/plan_barn'
[INFO] [1759547634.774093958] [rosbag2_recorder]: All requested topics are subscribed. Stopping discovery...
[INFO] [1759547935.542644715] [rosbag2_cpp]: Writing remaining messages from cache to the bag. It may take a while
[INFO] [1759547935.543550743] [rosbag2_recorder]: Event publisher thread: Exiting
[INFO] [1759547935.543599149] [rosbag2_recorder]: Recording stopped
