stdin is not a terminal device. Keyboard handling disabled.[INFO] [1759605942.999754431] [rosbag2_recorder]: Press SPACE for pausing/resuming
[INFO] [1759605943.001068475] [rosbag2_storage]: Opened database '/home/mobrob/ros_ws/bags/world203_1004_122542/world203_1004_122542_0.db3' for READ_WRITE.
[INFO] [1759605943.002276815] [rosbag2_recorder]: Listening for topics...
[INFO] [1759605943.002290281] [rosbag2_recorder]: Event publisher thread: Starting
[INFO] [1759605943.002376157] [rosbag2_recorder]: Recording...
[INFO] [1759605943.409276423] [rosbag2_recorder]: Subscribed to topic '/cmd_vel'
[INFO] [1759605943.512343305] [rosbag2_recorder]: Subscribed to topic '/odom'
[INFO] [1759605943.515399483] [rosbag2_recorder]: Subscribed to topic '/tf'
[WARN] [1759605944.004340314] [rosbag2_recorder]: New publisher discovered on topic '/tf', offering incompatible QoS. No messages will be sent to it. Last incompatible policy: DURABILITY_QOS_POLICY
[WARN] [1759605944.024968802] [rosbag2_recorder]: New publisher discovered on topic '/tf', offering incompatible QoS. No messages will be sent to it. Last incompatible policy: DURABILITY_QOS_POLICY
[WARN] [1759605944.025344784] [rosbag2_recorder]: A new publisher for subscribed topic /tf was found offering RMW_QOS_POLICY_DURABILITY_VOLATILE, but rosbag2 already subscribed requesting RMW_QOS_POLICY_DURABILITY_TRANSIENT_LOCAL. Messages from this new publisher will not be recorded.
[WARN] [1759605944.025363135] [rosbag2_recorder]: A new publisher for subscribed topic /tf was found offering RMW_QOS_POLICY_DURABILITY_VOLATILE, but rosbag2 already subscribed requesting RMW_QOS_POLICY_DURABILITY_TRANSIENT_LOCAL. Messages from this new publisher will not be recorded.
[INFO] [1759605944.030928373] [rosbag2_recorder]: Subscribed to topic '/plan_barn'
[INFO] [1759605944.033792895] [rosbag2_recorder]: Subscribed to topic '/plan_barn_odom'
[INFO] [1759605944.037144781] [rosbag2_recorder]: Subscribed to topic '/scan'
[INFO] [1759605944.041503882] [rosbag2_recorder]: Subscribed to topic '/tf_static'
[INFO] [1759605944.041558350] [rosbag2_recorder]: All requested topics are subscribed. Stopping discovery...
[WARN] [1759605944.375674548] [rosbag2_recorder]: New publisher discovered on topic '/tf', offering incompatible QoS. No messages will be sent to it. Last incompatible policy: DURABILITY_QOS_POLICY
[INFO] [1759606294.883537722] [rosbag2_cpp]: Writing remaining messages from cache to the bag. It may take a while
[INFO] [1759606294.884444680] [rosbag2_recorder]: Event publisher thread: Exiting
[INFO] [1759606294.884479287] [rosbag2_recorder]: Recording stopped
