stdin is not a terminal device. Keyboard handling disabled.[INFO] [1759601405.839107778] [rosbag2_recorder]: Press SPACE for pausing/resuming
[INFO] [1759601405.840002835] [rosbag2_storage]: Opened database '/home/mobrob/ros_ws/bags/world75_1004_111005/world75_1004_111005_0.db3' for READ_WRITE.
[INFO] [1759601405.840500271] [rosbag2_recorder]: Listening for topics...
[INFO] [1759601405.840512347] [rosbag2_recorder]: Event publisher thread: Starting
[INFO] [1759601405.840573302] [rosbag2_recorder]: Recording...
[INFO] [1759601406.045799054] [rosbag2_recorder]: Subscribed to topic '/cmd_vel'
[INFO] [1759601406.047597274] [rosbag2_recorder]: Subscribed to topic '/odom'
[INFO] [1759601406.049146468] [rosbag2_recorder]: Subscribed to topic '/tf'
[WARN] [1759601406.872830582] [rosbag2_recorder]: New publisher discovered on topic '/tf', offering incompatible QoS. No messages will be sent to it. Last incompatible policy: DURABILITY_QOS_POLICY
[WARN] [1759601406.894583708] [rosbag2_recorder]: New publisher discovered on topic '/tf', offering incompatible QoS. No messages will be sent to it. Last incompatible policy: DURABILITY_QOS_POLICY
[WARN] [1759601406.963111556] [rosbag2_recorder]: A new publisher for subscribed topic /tf was found offering RMW_QOS_POLICY_DURABILITY_VOLATILE, but rosbag2 already subscribed requesting RMW_QOS_POLICY_DURABILITY_TRANSIENT_LOCAL. Messages from this new publisher will not be recorded.
[WARN] [1759601406.963148908] [rosbag2_recorder]: A new publisher for subscribed topic /tf was found offering RMW_QOS_POLICY_DURABILITY_VOLATILE, but rosbag2 already subscribed requesting RMW_QOS_POLICY_DURABILITY_TRANSIENT_LOCAL. Messages from this new publisher will not be recorded.
[INFO] [1759601406.964551418] [rosbag2_recorder]: Subscribed to topic '/plan_barn'
[INFO] [1759601406.965958940] [rosbag2_recorder]: Subscribed to topic '/plan_barn_odom'
[INFO] [1759601406.967443153] [rosbag2_recorder]: Subscribed to topic '/tf_static'
[WARN] [1759601407.843767901] [rosbag2_recorder]: New publisher discovered on topic '/tf', offering incompatible QoS. No messages will be sent to it. Last incompatible policy: DURABILITY_QOS_POLICY
[INFO] [1759601407.903872091] [rosbag2_recorder]: Subscribed to topic '/scan'
[INFO] [1759601407.903907138] [rosbag2_recorder]: All requested topics are subscribed. Stopping discovery...
[INFO] [1759601605.710827226] [rosbag2_cpp]: Writing remaining messages from cache to the bag. It may take a while
[INFO] [1759601605.711584858] [rosbag2_recorder]: Event publisher thread: Exiting
[INFO] [1759601605.711617949] [rosbag2_recorder]: Recording stopped
