stdin is not a terminal device. Keyboard handling disabled.[INFO] [1759589730.390666091] [rosbag2_recorder]: Press SPACE for pausing/resuming
[INFO] [1759589730.391899649] [rosbag2_storage]: Opened database '/home/mobrob/ros_ws/bags/world69_1004_075530/world69_1004_075530_0.db3' for READ_WRITE.
[INFO] [1759589730.394072828] [rosbag2_recorder]: Listening for topics...
[INFO] [1759589730.394082277] [rosbag2_recorder]: Event publisher thread: Starting
[INFO] [1759589730.394202137] [rosbag2_recorder]: Recording...
[INFO] [1759589730.497925668] [rosbag2_recorder]: Subscribed to topic '/cmd_vel'
[INFO] [1759589730.499632405] [rosbag2_recorder]: Subscribed to topic '/odom'
[INFO] [1759589730.501548470] [rosbag2_recorder]: Subscribed to topic '/scan'
[INFO] [1759589730.503295499] [rosbag2_recorder]: Subscribed to topic '/tf'
[WARN] [1759589731.379996011] [rosbag2_recorder]: New publisher discovered on topic '/tf', offering incompatible QoS. No messages will be sent to it. Last incompatible policy: DURABILITY_QOS_POLICY
[WARN] [1759589731.411666476] [rosbag2_recorder]: New publisher discovered on topic '/tf', offering incompatible QoS. No messages will be sent to it. Last incompatible policy: DURABILITY_QOS_POLICY
[WARN] [1759589731.424635386] [rosbag2_recorder]: A new publisher for subscribed topic /tf was found offering RMW_QOS_POLICY_DURABILITY_VOLATILE, but rosbag2 already subscribed requesting RMW_QOS_POLICY_DURABILITY_TRANSIENT_LOCAL. Messages from this new publisher will not be recorded.
[WARN] [1759589731.424677641] [rosbag2_recorder]: A new publisher for subscribed topic /tf was found offering RMW_QOS_POLICY_DURABILITY_VOLATILE, but rosbag2 already subscribed requesting RMW_QOS_POLICY_DURABILITY_TRANSIENT_LOCAL. Messages from this new publisher will not be recorded.
[WARN] [1759589732.381728137] [rosbag2_recorder]: New publisher discovered on topic '/tf', offering incompatible QoS. No messages will be sent to it. Last incompatible policy: DURABILITY_QOS_POLICY
[INFO] [1759589732.470829884] [rosbag2_recorder]: Subscribed to topic '/plan_barn'
[INFO] [1759589732.472406465] [rosbag2_recorder]: Subscribed to topic '/plan_barn_odom'
[INFO] [1759589732.473937750] [rosbag2_recorder]: Subscribed to topic '/tf_static'
[INFO] [1759589732.473960048] [rosbag2_recorder]: All requested topics are subscribed. Stopping discovery...
[INFO] [1759590082.267420840] [rosbag2_cpp]: Writing remaining messages from cache to the bag. It may take a while
[INFO] [1759590082.268016617] [rosbag2_recorder]: Event publisher thread: Exiting
[INFO] [1759590082.268047008] [rosbag2_recorder]: Recording stopped
