stdin is not a terminal device. Keyboard handling disabled.[INFO] [1759566362.346054437] [rosbag2_recorder]: Press SPACE for pausing/resuming
[INFO] [1759566362.347233837] [rosbag2_storage]: Opened database '/home/mobrob/ros_ws/bags/world187_1004_012602/world187_1004_012602_0.db3' for READ_WRITE.
[INFO] [1759566362.348164143] [rosbag2_recorder]: Listening for topics...
[INFO] [1759566362.348176001] [rosbag2_recorder]: Event publisher thread: Starting
[INFO] [1759566362.348283811] [rosbag2_recorder]: Recording...
[INFO] [1759566362.752389768] [rosbag2_recorder]: Subscribed to topic '/odom'
[INFO] [1759566362.755171798] [rosbag2_recorder]: Subscribed to topic '/tf'
[WARN] [1759566362.855224320] [rosbag2_recorder]: New publisher discovered on topic '/tf', offering incompatible QoS. No messages will be sent to it. Last incompatible policy: DURABILITY_QOS_POLICY
[WARN] [1759566362.858055050] [rosbag2_recorder]: A new publisher for subscribed topic /tf was found offering RMW_QOS_POLICY_DURABILITY_VOLATILE, but rosbag2 already subscribed requesting RMW_QOS_POLICY_DURABILITY_TRANSIENT_LOCAL. Messages from this new publisher will not be recorded.
[INFO] [1759566362.859498793] [rosbag2_recorder]: Subscribed to topic '/tf_static'
[WARN] [1759566363.363267797] [rosbag2_recorder]: New publisher discovered on topic '/tf', offering incompatible QoS. No messages will be sent to it. Last incompatible policy: DURABILITY_QOS_POLICY
[INFO] [1759566363.379286778] [rosbag2_recorder]: Subscribed to topic '/plan_barn_odom'
[INFO] [1759566363.768360914] [rosbag2_recorder]: Subscribed to topic '/cmd_vel'
[INFO] [1759566363.769819055] [rosbag2_recorder]: Subscribed to topic '/plan_barn'
[WARN] [1759566364.352129927] [rosbag2_recorder]: New publisher discovered on topic '/tf', offering incompatible QoS. No messages will be sent to it. Last incompatible policy: DURABILITY_QOS_POLICY
[INFO] [1759566364.394604364] [rosbag2_recorder]: Subscribed to topic '/scan'
[INFO] [1759566364.394644605] [rosbag2_recorder]: All requested topics are subscribed. Stopping discovery...
[INFO] [1759566449.217866133] [rosbag2_cpp]: Writing remaining messages from cache to the bag. It may take a while
[INFO] [1759566449.218461528] [rosbag2_recorder]: Event publisher thread: Exiting
[INFO] [1759566449.218497283] [rosbag2_recorder]: Recording stopped
