stdin is not a terminal device. Keyboard handling disabled.[INFO] [1759315097.280564336] [rosbag2_recorder]: Press SPACE for pausing/resuming
[INFO] [1759315097.281356415] [rosbag2_storage]: Opened database '/home/mobrob/ros_ws/bags/world69_1001_033817/world69_1001_033817_0.db3' for READ_WRITE.
[INFO] [1759315097.281995015] [rosbag2_recorder]: Listening for topics...
[INFO] [1759315097.282008776] [rosbag2_recorder]: Event publisher thread: Starting
[INFO] [1759315097.282086397] [rosbag2_recorder]: Recording...
[INFO] [1759315097.789060325] [rosbag2_recorder]: Subscribed to topic '/odom'
[INFO] [1759315097.790168870] [rosbag2_recorder]: Subscribed to topic '/tf'
[INFO] [1759315097.892152281] [rosbag2_recorder]: Subscribed to topic '/tf_static'
[WARN] [1759315098.323580503] [rosbag2_recorder]: New publisher discovered on topic '/tf', offering incompatible QoS. No messages will be sent to it. Last incompatible policy: DURABILITY_QOS_POLICY
[WARN] [1759315098.406618956] [rosbag2_recorder]: A new publisher for subscribed topic /tf was found offering RMW_QOS_POLICY_DURABILITY_VOLATILE, but rosbag2 already subscribed requesting RMW_QOS_POLICY_DURABILITY_TRANSIENT_LOCAL. Messages from this new publisher will not be recorded.
[INFO] [1759315098.408867303] [rosbag2_recorder]: Subscribed to topic '/cmd_vel'
[WARN] [1759315099.275159409] [rosbag2_recorder]: New publisher discovered on topic '/tf', offering incompatible QoS. No messages will be sent to it. Last incompatible policy: DURABILITY_QOS_POLICY
[WARN] [1759315099.282305691] [rosbag2_recorder]: New publisher discovered on topic '/tf', offering incompatible QoS. No messages will be sent to it. Last incompatible policy: DURABILITY_QOS_POLICY
[INFO] [1759315099.347080892] [rosbag2_recorder]: Subscribed to topic '/plan_barn'
[INFO] [1759315099.348126175] [rosbag2_recorder]: Subscribed to topic '/plan_barn_odom'
[INFO] [1759315099.349352707] [rosbag2_recorder]: Subscribed to topic '/scan'
[INFO] [1759315099.349372249] [rosbag2_recorder]: All requested topics are subscribed. Stopping discovery...
[INFO] [1759315206.142729194] [rosbag2_cpp]: Writing remaining messages from cache to the bag. It may take a while
[INFO] [1759315206.143615160] [rosbag2_recorder]: Event publisher thread: Exiting
[INFO] [1759315206.143670983] [rosbag2_recorder]: Recording stopped
