stdin is not a terminal device. Keyboard handling disabled.[INFO] [1759587927.759664726] [rosbag2_recorder]: Press SPACE for pausing/resuming
[INFO] [1759587927.760904979] [rosbag2_storage]: Opened database '/home/mobrob/ros_ws/bags/world69_1004_072527/world69_1004_072527_0.db3' for READ_WRITE.
[INFO] [1759587927.761708092] [rosbag2_recorder]: Listening for topics...
[INFO] [1759587927.761788570] [rosbag2_recorder]: Event publisher thread: Starting
[INFO] [1759587927.761843281] [rosbag2_recorder]: Recording...
[INFO] [1759587927.867763505] [rosbag2_recorder]: Subscribed to topic '/odom'
[INFO] [1759587927.869835052] [rosbag2_recorder]: Subscribed to topic '/tf'
[WARN] [1759587928.762129003] [rosbag2_recorder]: New publisher discovered on topic '/tf', offering incompatible QoS. No messages will be sent to it. Last incompatible policy: DURABILITY_QOS_POLICY
[WARN] [1759587928.778483694] [rosbag2_recorder]: A new publisher for subscribed topic /tf was found offering RMW_QOS_POLICY_DURABILITY_VOLATILE, but rosbag2 already subscribed requesting RMW_QOS_POLICY_DURABILITY_TRANSIENT_LOCAL. Messages from this new publisher will not be recorded.
[INFO] [1759587928.781374200] [rosbag2_recorder]: Subscribed to topic '/scan'
[INFO] [1759587928.783769162] [rosbag2_recorder]: Subscribed to topic '/tf_static'
[WARN] [1759587928.785673827] [rosbag2_recorder]: New publisher discovered on topic '/tf', offering incompatible QoS. No messages will be sent to it. Last incompatible policy: DURABILITY_QOS_POLICY
[INFO] [1759587928.887084867] [rosbag2_recorder]: Subscribed to topic '/cmd_vel'
[INFO] [1759587928.888186611] [rosbag2_recorder]: Subscribed to topic '/plan_barn'
[INFO] [1759587928.889178130] [rosbag2_recorder]: Subscribed to topic '/plan_barn_odom'
[INFO] [1759587928.889197002] [rosbag2_recorder]: All requested topics are subscribed. Stopping discovery...
[WARN] [1759587929.756814285] [rosbag2_recorder]: New publisher discovered on topic '/tf', offering incompatible QoS. No messages will be sent to it. Last incompatible policy: DURABILITY_QOS_POLICY
[INFO] [1759587943.682089521] [rosbag2_cpp]: Writing remaining messages from cache to the bag. It may take a while
[INFO] [1759587943.682809217] [rosbag2_recorder]: Event publisher thread: Exiting
[INFO] [1759587943.682850960] [rosbag2_recorder]: Recording stopped
