stdin is not a terminal device. Keyboard handling disabled.[INFO] [1759585332.355009603] [rosbag2_recorder]: Press SPACE for pausing/resuming
[INFO] [1759585332.355739636] [rosbag2_storage]: Opened database '/home/mobrob/ros_ws/bags/world210_1004_064212/world210_1004_064212_0.db3' for READ_WRITE.
[INFO] [1759585332.356304317] [rosbag2_recorder]: Listening for topics...
[INFO] [1759585332.356315011] [rosbag2_recorder]: Event publisher thread: Starting
[INFO] [1759585332.356381376] [rosbag2_recorder]: Recording...
[INFO] [1759585332.460854470] [rosbag2_recorder]: Subscribed to topic '/cmd_vel'
[INFO] [1759585332.462525277] [rosbag2_recorder]: Subscribed to topic '/odom'
[INFO] [1759585332.463981963] [rosbag2_recorder]: Subscribed to topic '/plan_barn'
[INFO] [1759585332.465298761] [rosbag2_recorder]: Subscribed to topic '/plan_barn_odom'
[INFO] [1759585332.467149174] [rosbag2_recorder]: Subscribed to topic '/tf'
[INFO] [1759585332.468191319] [rosbag2_recorder]: Subscribed to topic '/tf_static'
[WARN] [1759585332.600078875] [rosbag2_recorder]: New publisher discovered on topic '/tf', offering incompatible QoS. No messages will be sent to it. Last incompatible policy: DURABILITY_QOS_POLICY
[WARN] [1759585332.672193782] [rosbag2_recorder]: A new publisher for subscribed topic /tf was found offering RMW_QOS_POLICY_DURABILITY_VOLATILE, but rosbag2 already subscribed requesting RMW_QOS_POLICY_DURABILITY_TRANSIENT_LOCAL. Messages from this new publisher will not be recorded.
[WARN] [1759585333.380097131] [rosbag2_recorder]: New publisher discovered on topic '/tf', offering incompatible QoS. No messages will be sent to it. Last incompatible policy: DURABILITY_QOS_POLICY
[INFO] [1759585333.393958383] [rosbag2_recorder]: Subscribed to topic '/scan'
[INFO] [1759585333.394001346] [rosbag2_recorder]: All requested topics are subscribed. Stopping discovery...
[WARN] [1759585334.360463145] [rosbag2_recorder]: New publisher discovered on topic '/tf', offering incompatible QoS. No messages will be sent to it. Last incompatible policy: DURABILITY_QOS_POLICY
[INFO] [1759585684.221599744] [rosbag2_cpp]: Writing remaining messages from cache to the bag. It may take a while
[INFO] [1759585684.222321425] [rosbag2_recorder]: Event publisher thread: Exiting
[INFO] [1759585684.222366482] [rosbag2_recorder]: Recording stopped
