stdin is not a terminal device. Keyboard handling disabled.[INFO] [1759303543.080722376] [rosbag2_recorder]: Press SPACE for pausing/resuming
[INFO] [1759303543.082051087] [rosbag2_storage]: Opened database '/home/mobrob/ros_ws/bags/world125_1001_002542/world125_1001_002542_0.db3' for READ_WRITE.
[INFO] [1759303543.082901396] [rosbag2_recorder]: Listening for topics...
[INFO] [1759303543.082920303] [rosbag2_recorder]: Event publisher thread: Starting
[INFO] [1759303543.083046605] [rosbag2_recorder]: Recording...
[INFO] [1759303543.189472432] [rosbag2_recorder]: Subscribed to topic '/cmd_vel'
[INFO] [1759303543.191318590] [rosbag2_recorder]: Subscribed to topic '/odom'
[INFO] [1759303543.192674890] [rosbag2_recorder]: Subscribed to topic '/plan_barn'
[INFO] [1759303543.194018924] [rosbag2_recorder]: Subscribed to topic '/plan_barn_odom'
[INFO] [1759303543.196191583] [rosbag2_recorder]: Subscribed to topic '/tf'
[INFO] [1759303543.197222516] [rosbag2_recorder]: Subscribed to topic '/tf_static'
[WARN] [1759303544.080664868] [rosbag2_recorder]: New publisher discovered on topic '/tf', offering incompatible QoS. No messages will be sent to it. Last incompatible policy: DURABILITY_QOS_POLICY
[WARN] [1759303544.108471613] [rosbag2_recorder]: New publisher discovered on topic '/tf', offering incompatible QoS. No messages will be sent to it. Last incompatible policy: DURABILITY_QOS_POLICY
[WARN] [1759303544.110594742] [rosbag2_recorder]: New publisher discovered on topic '/tf', offering incompatible QoS. No messages will be sent to it. Last incompatible policy: DURABILITY_QOS_POLICY
[WARN] [1759303544.128909630] [rosbag2_recorder]: A new publisher for subscribed topic /tf was found offering RMW_QOS_POLICY_DURABILITY_VOLATILE, but rosbag2 already subscribed requesting RMW_QOS_POLICY_DURABILITY_TRANSIENT_LOCAL. Messages from this new publisher will not be recorded.
[WARN] [1759303544.128959268] [rosbag2_recorder]: A new publisher for subscribed topic /tf was found offering RMW_QOS_POLICY_DURABILITY_VOLATILE, but rosbag2 already subscribed requesting RMW_QOS_POLICY_DURABILITY_TRANSIENT_LOCAL. Messages from this new publisher will not be recorded.
[WARN] [1759303544.128994189] [rosbag2_recorder]: A new publisher for subscribed topic /tf was found offering RMW_QOS_POLICY_DURABILITY_VOLATILE, but rosbag2 already subscribed requesting RMW_QOS_POLICY_DURABILITY_TRANSIENT_LOCAL. Messages from this new publisher will not be recorded.
[INFO] [1759303544.130788143] [rosbag2_recorder]: Subscribed to topic '/scan'
[INFO] [1759303544.130827481] [rosbag2_recorder]: All requested topics are subscribed. Stopping discovery...
[INFO] [1759303654.907335322] [rosbag2_cpp]: Writing remaining messages from cache to the bag. It may take a while
[INFO] [1759303654.908382649] [rosbag2_recorder]: Event publisher thread: Exiting
[INFO] [1759303654.908453041] [rosbag2_recorder]: Recording stopped
