stdin is not a terminal device. Keyboard handling disabled.[INFO] [1759379273.495259914] [rosbag2_recorder]: Press SPACE for pausing/resuming
[INFO] [1759379273.496656384] [rosbag2_storage]: Opened database '/home/mobrob/ros_ws/bags/world75_1001_212753/world75_1001_212753_0.db3' for READ_WRITE.
[INFO] [1759379273.497773261] [rosbag2_recorder]: Listening for topics...
[INFO] [1759379273.497804177] [rosbag2_recorder]: Event publisher thread: Starting
[INFO] [1759379273.497898043] [rosbag2_recorder]: Recording...
[INFO] [1759379273.601263937] [rosbag2_recorder]: Subscribed to topic '/cmd_vel'
[INFO] [1759379273.602986933] [rosbag2_recorder]: Subscribed to topic '/odom'
[INFO] [1759379273.604831102] [rosbag2_recorder]: Subscribed to topic '/tf'
[WARN] [1759379273.732706089] [rosbag2_recorder]: New publisher discovered on topic '/tf', offering incompatible QoS. No messages will be sent to it. Last incompatible policy: DURABILITY_QOS_POLICY
[WARN] [1759379273.807887469] [rosbag2_recorder]: A new publisher for subscribed topic /tf was found offering RMW_QOS_POLICY_DURABILITY_VOLATILE, but rosbag2 already subscribed requesting RMW_QOS_POLICY_DURABILITY_TRANSIENT_LOCAL. Messages from this new publisher will not be recorded.
[WARN] [1759379274.502868040] [rosbag2_recorder]: New publisher discovered on topic '/tf', offering incompatible QoS. No messages will be sent to it. Last incompatible policy: DURABILITY_QOS_POLICY
[INFO] [1759379274.529150998] [rosbag2_recorder]: Subscribed to topic '/plan_barn_odom'
[WARN] [1759379274.534726054] [rosbag2_recorder]: New publisher discovered on topic '/tf', offering incompatible QoS. No messages will be sent to it. Last incompatible policy: DURABILITY_QOS_POLICY
[INFO] [1759379274.634762239] [rosbag2_recorder]: Subscribed to topic '/plan_barn'
[INFO] [1759379274.636153150] [rosbag2_recorder]: Subscribed to topic '/tf_static'
[INFO] [1759379275.578279412] [rosbag2_recorder]: Subscribed to topic '/scan'
[INFO] [1759379275.578323219] [rosbag2_recorder]: All requested topics are subscribed. Stopping discovery...
[INFO] [1759379454.346386848] [rosbag2_cpp]: Writing remaining messages from cache to the bag. It may take a while
[INFO] [1759379454.347250799] [rosbag2_recorder]: Event publisher thread: Exiting
[INFO] [1759379454.347284404] [rosbag2_recorder]: Recording stopped
