stdin is not a terminal device. Keyboard handling disabled.[INFO] [1759303721.585218536] [rosbag2_recorder]: Press SPACE for pausing/resuming
[INFO] [1759303721.586569943] [rosbag2_storage]: Opened database '/home/mobrob/ros_ws/bags/world125_1001_002841/world125_1001_002841_0.db3' for READ_WRITE.
[INFO] [1759303721.588058706] [rosbag2_recorder]: Listening for topics...
[INFO] [1759303721.588077521] [rosbag2_recorder]: Event publisher thread: Starting
[INFO] [1759303721.588196383] [rosbag2_recorder]: Recording...
[INFO] [1759303721.694378282] [rosbag2_recorder]: Subscribed to topic '/tf_static'
[INFO] [1759303721.797335444] [rosbag2_recorder]: Subscribed to topic '/odom'
[INFO] [1759303721.798348727] [rosbag2_recorder]: Subscribed to topic '/tf'
[WARN] [1759303721.826995044] [rosbag2_recorder]: New publisher discovered on topic '/tf', offering incompatible QoS. No messages will be sent to it. Last incompatible policy: DURABILITY_QOS_POLICY
[WARN] [1759303721.900519384] [rosbag2_recorder]: A new publisher for subscribed topic /tf was found offering RMW_QOS_POLICY_DURABILITY_VOLATILE, but rosbag2 already subscribed requesting RMW_QOS_POLICY_DURABILITY_TRANSIENT_LOCAL. Messages from this new publisher will not be recorded.
[WARN] [1759303722.585898793] [rosbag2_recorder]: New publisher discovered on topic '/tf', offering incompatible QoS. No messages will be sent to it. Last incompatible policy: DURABILITY_QOS_POLICY
[INFO] [1759303722.619812201] [rosbag2_recorder]: Subscribed to topic '/cmd_vel'
[INFO] [1759303722.624232714] [rosbag2_recorder]: Subscribed to topic '/plan_barn_odom'
[INFO] [1759303722.627718101] [rosbag2_recorder]: Subscribed to topic '/scan'
[WARN] [1759303722.628762478] [rosbag2_recorder]: New publisher discovered on topic '/tf', offering incompatible QoS. No messages will be sent to it. Last incompatible policy: DURABILITY_QOS_POLICY
[INFO] [1759303722.733494132] [rosbag2_recorder]: Subscribed to topic '/plan_barn'
[INFO] [1759303722.733546504] [rosbag2_recorder]: All requested topics are subscribed. Stopping discovery...
[INFO] [1759303839.434255503] [rosbag2_cpp]: Writing remaining messages from cache to the bag. It may take a while
[INFO] [1759303839.435003307] [rosbag2_recorder]: Event publisher thread: Exiting
[INFO] [1759303839.435072961] [rosbag2_recorder]: Recording stopped
