stdin is not a terminal device. Keyboard handling disabled.[INFO] [1759332220.635038174] [rosbag2_recorder]: Press SPACE for pausing/resuming
[INFO] [1759332220.636018697] [rosbag2_storage]: Opened database '/home/mobrob/ros_ws/bags/world75_1001_082340/world75_1001_082340_0.db3' for READ_WRITE.
[INFO] [1759332220.636732494] [rosbag2_recorder]: Listening for topics...
[INFO] [1759332220.636758022] [rosbag2_recorder]: Event publisher thread: Starting
[INFO] [1759332220.636847559] [rosbag2_recorder]: Recording...
[INFO] [1759332220.741519357] [rosbag2_recorder]: Subscribed to topic '/odom'
[INFO] [1759332220.744543657] [rosbag2_recorder]: Subscribed to topic '/tf'
[INFO] [1759332220.746906078] [rosbag2_recorder]: Subscribed to topic '/tf_static'
[INFO] [1759332220.849131746] [rosbag2_recorder]: Subscribed to topic '/cmd_vel'
[WARN] [1759332220.879223037] [rosbag2_recorder]: New publisher discovered on topic '/tf', offering incompatible QoS. No messages will be sent to it. Last incompatible policy: DURABILITY_QOS_POLICY
[WARN] [1759332220.951106531] [rosbag2_recorder]: A new publisher for subscribed topic /tf was found offering RMW_QOS_POLICY_DURABILITY_VOLATILE, but rosbag2 already subscribed requesting RMW_QOS_POLICY_DURABILITY_TRANSIENT_LOCAL. Messages from this new publisher will not be recorded.
[WARN] [1759332221.659726154] [rosbag2_recorder]: New publisher discovered on topic '/tf', offering incompatible QoS. No messages will be sent to it. Last incompatible policy: DURABILITY_QOS_POLICY
[INFO] [1759332221.667931550] [rosbag2_recorder]: Subscribed to topic '/plan_barn_odom'
[WARN] [1759332221.671527034] [rosbag2_recorder]: New publisher discovered on topic '/tf', offering incompatible QoS. No messages will be sent to it. Last incompatible policy: DURABILITY_QOS_POLICY
[INFO] [1759332221.771548773] [rosbag2_recorder]: Subscribed to topic '/plan_barn'
[INFO] [1759332222.697265370] [rosbag2_recorder]: Subscribed to topic '/scan'
[INFO] [1759332222.697307024] [rosbag2_recorder]: All requested topics are subscribed. Stopping discovery...
[INFO] [1759332236.551408473] [rosbag2_cpp]: Writing remaining messages from cache to the bag. It may take a while
[INFO] [1759332236.552014456] [rosbag2_recorder]: Event publisher thread: Exiting
[INFO] [1759332236.552069495] [rosbag2_recorder]: Recording stopped
