stdin is not a terminal device. Keyboard handling disabled.[INFO] [1759404485.625835234] [rosbag2_recorder]: Press SPACE for pausing/resuming
[INFO] [1759404485.627154219] [rosbag2_storage]: Opened database '/home/mobrob/ros_ws/bags/world203_1002_042805/world203_1002_042805_0.db3' for READ_WRITE.
[INFO] [1759404485.628211157] [rosbag2_recorder]: Listening for topics...
[INFO] [1759404485.628224210] [rosbag2_recorder]: Event publisher thread: Starting
[INFO] [1759404485.628357967] [rosbag2_recorder]: Recording...
[INFO] [1759404485.735813319] [rosbag2_recorder]: Subscribed to topic '/cmd_vel'
[INFO] [1759404485.738935726] [rosbag2_recorder]: Subscribed to topic '/odom'
[INFO] [1759404485.741628768] [rosbag2_recorder]: Subscribed to topic '/tf'
[WARN] [1759404486.631608635] [rosbag2_recorder]: New publisher discovered on topic '/tf', offering incompatible QoS. No messages will be sent to it. Last incompatible policy: DURABILITY_QOS_POLICY
[WARN] [1759404486.639176798] [rosbag2_recorder]: New publisher discovered on topic '/tf', offering incompatible QoS. No messages will be sent to it. Last incompatible policy: DURABILITY_QOS_POLICY
[WARN] [1759404486.665985320] [rosbag2_recorder]: A new publisher for subscribed topic /tf was found offering RMW_QOS_POLICY_DURABILITY_VOLATILE, but rosbag2 already subscribed requesting RMW_QOS_POLICY_DURABILITY_TRANSIENT_LOCAL. Messages from this new publisher will not be recorded.
[WARN] [1759404486.666027593] [rosbag2_recorder]: A new publisher for subscribed topic /tf was found offering RMW_QOS_POLICY_DURABILITY_VOLATILE, but rosbag2 already subscribed requesting RMW_QOS_POLICY_DURABILITY_TRANSIENT_LOCAL. Messages from this new publisher will not be recorded.
[INFO] [1759404486.667478573] [rosbag2_recorder]: Subscribed to topic '/plan_barn'
[INFO] [1759404486.668752073] [rosbag2_recorder]: Subscribed to topic '/plan_barn_odom'
[INFO] [1759404486.669955503] [rosbag2_recorder]: Subscribed to topic '/tf_static'
[WARN] [1759404487.622638812] [rosbag2_recorder]: New publisher discovered on topic '/tf', offering incompatible QoS. No messages will be sent to it. Last incompatible policy: DURABILITY_QOS_POLICY
[INFO] [1759404487.727503948] [rosbag2_recorder]: Subscribed to topic '/scan'
[INFO] [1759404487.727561055] [rosbag2_recorder]: All requested topics are subscribed. Stopping discovery...
[INFO] [1759404552.499070658] [rosbag2_cpp]: Writing remaining messages from cache to the bag. It may take a while
[INFO] [1759404552.500033777] [rosbag2_recorder]: Event publisher thread: Exiting
[INFO] [1759404552.500070335] [rosbag2_recorder]: Recording stopped
