stdin is not a terminal device. Keyboard handling disabled.[INFO] [1759304641.440589652] [rosbag2_recorder]: Press SPACE for pausing/resuming
[INFO] [1759304641.441367357] [rosbag2_storage]: Opened database '/home/mobrob/ros_ws/bags/world125_1001_004401/world125_1001_004401_0.db3' for READ_WRITE.
[INFO] [1759304641.442276525] [rosbag2_recorder]: Listening for topics...
[INFO] [1759304641.442303137] [rosbag2_recorder]: Event publisher thread: Starting
[INFO] [1759304641.442437076] [rosbag2_recorder]: Recording...
[INFO] [1759304641.547853919] [rosbag2_recorder]: Subscribed to topic '/cmd_vel'
[INFO] [1759304641.651510419] [rosbag2_recorder]: Subscribed to topic '/odom'
[INFO] [1759304641.652881340] [rosbag2_recorder]: Subscribed to topic '/tf'
[INFO] [1759304642.476138696] [rosbag2_recorder]: Subscribed to topic '/plan_barn_odom'
[INFO] [1759304642.478378104] [rosbag2_recorder]: Subscribed to topic '/tf_static'
[INFO] [1759304642.583088326] [rosbag2_recorder]: Subscribed to topic '/plan_barn'
[WARN] [1759304643.440208542] [rosbag2_recorder]: New publisher discovered on topic '/tf', offering incompatible QoS. No messages will be sent to it. Last incompatible policy: DURABILITY_QOS_POLICY
[WARN] [1759304643.445536695] [rosbag2_recorder]: New publisher discovered on topic '/tf', offering incompatible QoS. No messages will be sent to it. Last incompatible policy: DURABILITY_QOS_POLICY
[WARN] [1759304643.449904412] [rosbag2_recorder]: New publisher discovered on topic '/tf', offering incompatible QoS. No messages will be sent to it. Last incompatible policy: DURABILITY_QOS_POLICY
[WARN] [1759304643.523323225] [rosbag2_recorder]: A new publisher for subscribed topic /tf was found offering RMW_QOS_POLICY_DURABILITY_VOLATILE, but rosbag2 already subscribed requesting RMW_QOS_POLICY_DURABILITY_TRANSIENT_LOCAL. Messages from this new publisher will not be recorded.
[WARN] [1759304643.523363932] [rosbag2_recorder]: A new publisher for subscribed topic /tf was found offering RMW_QOS_POLICY_DURABILITY_VOLATILE, but rosbag2 already subscribed requesting RMW_QOS_POLICY_DURABILITY_TRANSIENT_LOCAL. Messages from this new publisher will not be recorded.
[WARN] [1759304643.523368571] [rosbag2_recorder]: A new publisher for subscribed topic /tf was found offering RMW_QOS_POLICY_DURABILITY_VOLATILE, but rosbag2 already subscribed requesting RMW_QOS_POLICY_DURABILITY_TRANSIENT_LOCAL. Messages from this new publisher will not be recorded.
[INFO] [1759304643.525012537] [rosbag2_recorder]: Subscribed to topic '/scan'
[INFO] [1759304643.525044135] [rosbag2_recorder]: All requested topics are subscribed. Stopping discovery...
[INFO] [1759304748.305578348] [rosbag2_cpp]: Writing remaining messages from cache to the bag. It may take a while
[INFO] [1759304748.306309612] [rosbag2_recorder]: Event publisher thread: Exiting
[INFO] [1759304748.306349038] [rosbag2_recorder]: Recording stopped
