stdin is not a terminal device. Keyboard handling disabled.[INFO] [1759621360.467881405] [rosbag2_recorder]: Press SPACE for pausing/resuming
[INFO] [1759621360.468669220] [rosbag2_storage]: Opened database '/home/mobrob/ros_ws/bags/world12_1004_164240/world12_1004_164240_0.db3' for READ_WRITE.
[INFO] [1759621360.469441418] [rosbag2_recorder]: Listening for topics...
[INFO] [1759621360.469453283] [rosbag2_recorder]: Event publisher thread: Starting
[INFO] [1759621360.469509680] [rosbag2_recorder]: Recording...
[INFO] [1759621360.672636662] [rosbag2_recorder]: Subscribed to topic '/odom'
[INFO] [1759621360.674488478] [rosbag2_recorder]: Subscribed to topic '/tf'
[WARN] [1759621360.711000449] [rosbag2_recorder]: New publisher discovered on topic '/tf', offering incompatible QoS. No messages will be sent to it. Last incompatible policy: DURABILITY_QOS_POLICY
[WARN] [1759621360.776348620] [rosbag2_recorder]: A new publisher for subscribed topic /tf was found offering RMW_QOS_POLICY_DURABILITY_VOLATILE, but rosbag2 already subscribed requesting RMW_QOS_POLICY_DURABILITY_TRANSIENT_LOCAL. Messages from this new publisher will not be recorded.
[INFO] [1759621360.777899822] [rosbag2_recorder]: Subscribed to topic '/tf_static'
[INFO] [1759621361.497158813] [rosbag2_recorder]: Subscribed to topic '/plan_barn'
[WARN] [1759621361.498563005] [rosbag2_recorder]: New publisher discovered on topic '/tf', offering incompatible QoS. No messages will be sent to it. Last incompatible policy: DURABILITY_QOS_POLICY
[INFO] [1759621361.500112311] [rosbag2_recorder]: Subscribed to topic '/plan_barn_odom'
[WARN] [1759621361.501151486] [rosbag2_recorder]: New publisher discovered on topic '/tf', offering incompatible QoS. No messages will be sent to it. Last incompatible policy: DURABILITY_QOS_POLICY
[INFO] [1759621361.502844318] [rosbag2_recorder]: Subscribed to topic '/scan'
[INFO] [1759621362.536871490] [rosbag2_recorder]: Subscribed to topic '/cmd_vel'
[INFO] [1759621362.536913355] [rosbag2_recorder]: All requested topics are subscribed. Stopping discovery...
[INFO] [1759621376.361984367] [rosbag2_cpp]: Writing remaining messages from cache to the bag. It may take a while
[INFO] [1759621376.362565820] [rosbag2_recorder]: Event publisher thread: Exiting
[INFO] [1759621376.362610063] [rosbag2_recorder]: Recording stopped
