stdin is not a terminal device. Keyboard handling disabled.[INFO] [1759559662.677142393] [rosbag2_recorder]: Press SPACE for pausing/resuming
[INFO] [1759559662.678125593] [rosbag2_storage]: Opened database '/home/mobrob/ros_ws/bags/world203_1003_233422/world203_1003_233422_0.db3' for READ_WRITE.
[INFO] [1759559662.678597596] [rosbag2_recorder]: Listening for topics...
[INFO] [1759559662.678610497] [rosbag2_recorder]: Event publisher thread: Starting
[INFO] [1759559662.678692161] [rosbag2_recorder]: Recording...
[INFO] [1759559662.782078686] [rosbag2_recorder]: Subscribed to topic '/cmd_vel'
[INFO] [1759559662.784986674] [rosbag2_recorder]: Subscribed to topic '/odom'
[INFO] [1759559662.786835488] [rosbag2_recorder]: Subscribed to topic '/plan_barn'
[INFO] [1759559662.788784521] [rosbag2_recorder]: Subscribed to topic '/plan_barn_odom'
[INFO] [1759559662.792069616] [rosbag2_recorder]: Subscribed to topic '/tf'
[WARN] [1759559663.696981517] [rosbag2_recorder]: New publisher discovered on topic '/tf', offering incompatible QoS. No messages will be sent to it. Last incompatible policy: DURABILITY_QOS_POLICY
[WARN] [1759559663.708123741] [rosbag2_recorder]: A new publisher for subscribed topic /tf was found offering RMW_QOS_POLICY_DURABILITY_VOLATILE, but rosbag2 already subscribed requesting RMW_QOS_POLICY_DURABILITY_TRANSIENT_LOCAL. Messages from this new publisher will not be recorded.
[INFO] [1759559663.711005016] [rosbag2_recorder]: Subscribed to topic '/tf_static'
[WARN] [1759559664.675492073] [rosbag2_recorder]: New publisher discovered on topic '/tf', offering incompatible QoS. No messages will be sent to it. Last incompatible policy: DURABILITY_QOS_POLICY
[WARN] [1759559664.677037160] [rosbag2_recorder]: New publisher discovered on topic '/tf', offering incompatible QoS. No messages will be sent to it. Last incompatible policy: DURABILITY_QOS_POLICY
[INFO] [1759559665.681744335] [rosbag2_recorder]: Subscribed to topic '/scan'
[INFO] [1759559665.681785313] [rosbag2_recorder]: All requested topics are subscribed. Stopping discovery...
[INFO] [1759559965.551917533] [rosbag2_cpp]: Writing remaining messages from cache to the bag. It may take a while
[INFO] [1759559965.552500162] [rosbag2_recorder]: Event publisher thread: Exiting
[INFO] [1759559965.552541402] [rosbag2_recorder]: Recording stopped
