stdin is not a terminal device. Keyboard handling disabled.[INFO] [1759570920.897172413] [rosbag2_recorder]: Press SPACE for pausing/resuming
[INFO] [1759570920.898221059] [rosbag2_storage]: Opened database '/home/mobrob/ros_ws/bags/world12_1004_024200/world12_1004_024200_0.db3' for READ_WRITE.
[INFO] [1759570920.899158359] [rosbag2_recorder]: Listening for topics...
[INFO] [1759570920.899268205] [rosbag2_recorder]: Recording...
[INFO] [1759570920.901997052] [rosbag2_recorder]: Event publisher thread: Starting
[INFO] [1759570921.277306802] [rosbag2_recorder]: Subscribed to topic '/tf_static'
[INFO] [1759570921.379877403] [rosbag2_recorder]: Subscribed to topic '/cmd_vel'
[INFO] [1759570921.381403576] [rosbag2_recorder]: Subscribed to topic '/odom'
[INFO] [1759570921.382280007] [rosbag2_recorder]: Subscribed to topic '/tf'
[WARN] [1759570921.896101350] [rosbag2_recorder]: New publisher discovered on topic '/tf', offering incompatible QoS. No messages will be sent to it. Last incompatible policy: DURABILITY_QOS_POLICY
[WARN] [1759570921.920965629] [rosbag2_recorder]: New publisher discovered on topic '/tf', offering incompatible QoS. No messages will be sent to it. Last incompatible policy: DURABILITY_QOS_POLICY
[WARN] [1759570921.993881948] [rosbag2_recorder]: A new publisher for subscribed topic /tf was found offering RMW_QOS_POLICY_DURABILITY_VOLATILE, but rosbag2 already subscribed requesting RMW_QOS_POLICY_DURABILITY_TRANSIENT_LOCAL. Messages from this new publisher will not be recorded.
[WARN] [1759570921.993917059] [rosbag2_recorder]: A new publisher for subscribed topic /tf was found offering RMW_QOS_POLICY_DURABILITY_VOLATILE, but rosbag2 already subscribed requesting RMW_QOS_POLICY_DURABILITY_TRANSIENT_LOCAL. Messages from this new publisher will not be recorded.
[INFO] [1759570921.995356572] [rosbag2_recorder]: Subscribed to topic '/plan_barn'
[INFO] [1759570921.996523689] [rosbag2_recorder]: Subscribed to topic '/plan_barn_odom'
[INFO] [1759570921.998034198] [rosbag2_recorder]: Subscribed to topic '/scan'
[INFO] [1759570921.998054712] [rosbag2_recorder]: All requested topics are subscribed. Stopping discovery...
[WARN] [1759570922.900897168] [rosbag2_recorder]: New publisher discovered on topic '/tf', offering incompatible QoS. No messages will be sent to it. Last incompatible policy: DURABILITY_QOS_POLICY
[INFO] [1759571021.767278561] [rosbag2_cpp]: Writing remaining messages from cache to the bag. It may take a while
[INFO] [1759571021.768260994] [rosbag2_recorder]: Event publisher thread: Exiting
[INFO] [1759571021.768290027] [rosbag2_recorder]: Recording stopped
