stdin is not a terminal device. Keyboard handling disabled.[INFO] [1759600442.119477912] [rosbag2_recorder]: Press SPACE for pausing/resuming
[INFO] [1759600442.120486670] [rosbag2_storage]: Opened database '/home/mobrob/ros_ws/bags/world75_1004_105401/world75_1004_105401_0.db3' for READ_WRITE.
[INFO] [1759600442.121470871] [rosbag2_recorder]: Listening for topics...
[INFO] [1759600442.121477489] [rosbag2_recorder]: Event publisher thread: Starting
[INFO] [1759600442.121565716] [rosbag2_recorder]: Recording...
[INFO] [1759600442.225990909] [rosbag2_recorder]: Subscribed to topic '/odom'
[INFO] [1759600442.227444800] [rosbag2_recorder]: Subscribed to topic '/plan_barn'
[INFO] [1759600442.228823322] [rosbag2_recorder]: Subscribed to topic '/plan_barn_odom'
[INFO] [1759600442.230741335] [rosbag2_recorder]: Subscribed to topic '/tf'
[INFO] [1759600443.159467649] [rosbag2_recorder]: Subscribed to topic '/tf_static'
[INFO] [1759600443.264490050] [rosbag2_recorder]: Subscribed to topic '/cmd_vel'
[WARN] [1759600444.113996189] [rosbag2_recorder]: New publisher discovered on topic '/tf', offering incompatible QoS. No messages will be sent to it. Last incompatible policy: DURABILITY_QOS_POLICY
[WARN] [1759600444.119317692] [rosbag2_recorder]: New publisher discovered on topic '/tf', offering incompatible QoS. No messages will be sent to it. Last incompatible policy: DURABILITY_QOS_POLICY
[WARN] [1759600444.200051608] [rosbag2_recorder]: A new publisher for subscribed topic /tf was found offering RMW_QOS_POLICY_DURABILITY_VOLATILE, but rosbag2 already subscribed requesting RMW_QOS_POLICY_DURABILITY_TRANSIENT_LOCAL. Messages from this new publisher will not be recorded.
[WARN] [1759600444.200081837] [rosbag2_recorder]: A new publisher for subscribed topic /tf was found offering RMW_QOS_POLICY_DURABILITY_VOLATILE, but rosbag2 already subscribed requesting RMW_QOS_POLICY_DURABILITY_TRANSIENT_LOCAL. Messages from this new publisher will not be recorded.
[WARN] [1759600444.200084994] [rosbag2_recorder]: A new publisher for subscribed topic /tf was found offering RMW_QOS_POLICY_DURABILITY_VOLATILE, but rosbag2 already subscribed requesting RMW_QOS_POLICY_DURABILITY_TRANSIENT_LOCAL. Messages from this new publisher will not be recorded.
[INFO] [1759600444.201668317] [rosbag2_recorder]: Subscribed to topic '/scan'
[INFO] [1759600444.201691581] [rosbag2_recorder]: All requested topics are subscribed. Stopping discovery...
[INFO] [1759600638.980553562] [rosbag2_cpp]: Writing remaining messages from cache to the bag. It may take a while
[INFO] [1759600638.981305216] [rosbag2_recorder]: Event publisher thread: Exiting
[INFO] [1759600638.981356061] [rosbag2_recorder]: Recording stopped
