stdin is not a terminal device. Keyboard handling disabled.[INFO] [1759457188.175840165] [rosbag2_recorder]: Press SPACE for pausing/resuming
[INFO] [1759457188.177234201] [rosbag2_storage]: Opened database '/home/mobrob/ros_ws/bags/world187_1002_190628/world187_1002_190628_0.db3' for READ_WRITE.
[INFO] [1759457188.177914830] [rosbag2_recorder]: Listening for topics...
[INFO] [1759457188.177925269] [rosbag2_recorder]: Event publisher thread: Starting
[INFO] [1759457188.178029663] [rosbag2_recorder]: Recording...
[INFO] [1759457188.282899580] [rosbag2_recorder]: Subscribed to topic '/scan'
[INFO] [1759457189.527715015] [rosbag2_recorder]: Subscribed to topic '/odom'
[INFO] [1759457189.531827564] [rosbag2_recorder]: Subscribed to topic '/tf'
[INFO] [1759457189.636482387] [rosbag2_recorder]: Subscribed to topic '/plan_barn'
[INFO] [1759457189.637811977] [rosbag2_recorder]: Subscribed to topic '/plan_barn_odom'
[WARN] [1759457190.181134305] [rosbag2_recorder]: New publisher discovered on topic '/tf', offering incompatible QoS. No messages will be sent to it. Last incompatible policy: DURABILITY_QOS_POLICY
[WARN] [1759457190.194497028] [rosbag2_recorder]: New publisher discovered on topic '/tf', offering incompatible QoS. No messages will be sent to it. Last incompatible policy: DURABILITY_QOS_POLICY
[WARN] [1759457190.198146298] [rosbag2_recorder]: New publisher discovered on topic '/tf', offering incompatible QoS. No messages will be sent to it. Last incompatible policy: DURABILITY_QOS_POLICY
[WARN] [1759457190.259948563] [rosbag2_recorder]: A new publisher for subscribed topic /tf was found offering RMW_QOS_POLICY_DURABILITY_VOLATILE, but rosbag2 already subscribed requesting RMW_QOS_POLICY_DURABILITY_TRANSIENT_LOCAL. Messages from this new publisher will not be recorded.
[WARN] [1759457190.259983891] [rosbag2_recorder]: A new publisher for subscribed topic /tf was found offering RMW_QOS_POLICY_DURABILITY_VOLATILE, but rosbag2 already subscribed requesting RMW_QOS_POLICY_DURABILITY_TRANSIENT_LOCAL. Messages from this new publisher will not be recorded.
[WARN] [1759457190.259988841] [rosbag2_recorder]: A new publisher for subscribed topic /tf was found offering RMW_QOS_POLICY_DURABILITY_VOLATILE, but rosbag2 already subscribed requesting RMW_QOS_POLICY_DURABILITY_TRANSIENT_LOCAL. Messages from this new publisher will not be recorded.
[INFO] [1759457190.263040975] [rosbag2_recorder]: Subscribed to topic '/cmd_vel'
[INFO] [1759457190.264989521] [rosbag2_recorder]: Subscribed to topic '/tf_static'
[INFO] [1759457190.265018822] [rosbag2_recorder]: All requested topics are subscribed. Stopping discovery...
[INFO] [1759457396.022980832] [rosbag2_cpp]: Writing remaining messages from cache to the bag. It may take a while
[INFO] [1759457396.023647380] [rosbag2_recorder]: Event publisher thread: Exiting
[INFO] [1759457396.023685692] [rosbag2_recorder]: Recording stopped
