stdin is not a terminal device. Keyboard handling disabled.[INFO] [1759318759.843599542] [rosbag2_recorder]: Press SPACE for pausing/resuming
[INFO] [1759318759.844579200] [rosbag2_storage]: Opened database '/home/mobrob/ros_ws/bags/world266_1001_043919/world266_1001_043919_0.db3' for READ_WRITE.
[INFO] [1759318759.845156739] [rosbag2_recorder]: Listening for topics...
[INFO] [1759318759.845230614] [rosbag2_recorder]: Event publisher thread: Starting
[INFO] [1759318759.845255999] [rosbag2_recorder]: Recording...
[INFO] [1759318759.949450347] [rosbag2_recorder]: Subscribed to topic '/odom'
[INFO] [1759318759.951214816] [rosbag2_recorder]: Subscribed to topic '/tf'
[WARN] [1759318759.952014915] [rosbag2_recorder]: New publisher discovered on topic '/tf', offering incompatible QoS. No messages will be sent to it. Last incompatible policy: DURABILITY_QOS_POLICY
[INFO] [1759318759.952323878] [rosbag2_recorder]: Subscribed to topic '/tf_static'
[WARN] [1759318760.053565366] [rosbag2_recorder]: A new publisher for subscribed topic /tf was found offering RMW_QOS_POLICY_DURABILITY_VOLATILE, but rosbag2 already subscribed requesting RMW_QOS_POLICY_DURABILITY_TRANSIENT_LOCAL. Messages from this new publisher will not be recorded.
[WARN] [1759318760.872127354] [rosbag2_recorder]: New publisher discovered on topic '/tf', offering incompatible QoS. No messages will be sent to it. Last incompatible policy: DURABILITY_QOS_POLICY
[WARN] [1759318760.878657387] [rosbag2_recorder]: New publisher discovered on topic '/tf', offering incompatible QoS. No messages will be sent to it. Last incompatible policy: DURABILITY_QOS_POLICY
[INFO] [1759318761.894958405] [rosbag2_recorder]: Subscribed to topic '/cmd_vel'
[INFO] [1759318761.896455973] [rosbag2_recorder]: Subscribed to topic '/plan_barn'
[INFO] [1759318761.897558764] [rosbag2_recorder]: Subscribed to topic '/plan_barn_odom'
[INFO] [1759318761.899120388] [rosbag2_recorder]: Subscribed to topic '/scan'
[INFO] [1759318761.899146883] [rosbag2_recorder]: All requested topics are subscribed. Stopping discovery...
[INFO] [1759318775.747575780] [rosbag2_cpp]: Writing remaining messages from cache to the bag. It may take a while
[INFO] [1759318775.748133260] [rosbag2_recorder]: Event publisher thread: Exiting
[INFO] [1759318775.748175018] [rosbag2_recorder]: Recording stopped
