stdin is not a terminal device. Keyboard handling disabled.[INFO] [1759578597.472127899] [rosbag2_recorder]: Press SPACE for pausing/resuming
[INFO] [1759578597.473346386] [rosbag2_storage]: Opened database '/home/mobrob/ros_ws/bags/world125_1004_044957/world125_1004_044957_0.db3' for READ_WRITE.
[INFO] [1759578597.474253627] [rosbag2_recorder]: Listening for topics...
[INFO] [1759578597.474376622] [rosbag2_recorder]: Recording...
[INFO] [1759578597.474549763] [rosbag2_recorder]: Event publisher thread: Starting
[INFO] [1759578597.578400884] [rosbag2_recorder]: Subscribed to topic '/cmd_vel'
[INFO] [1759578597.582674946] [rosbag2_recorder]: Subscribed to topic '/odom'
[INFO] [1759578597.586009246] [rosbag2_recorder]: Subscribed to topic '/tf'
[INFO] [1759578598.507892371] [rosbag2_recorder]: Subscribed to topic '/tf_static'
[WARN] [1759578598.508563479] [rosbag2_recorder]: New publisher discovered on topic '/tf', offering incompatible QoS. No messages will be sent to it. Last incompatible policy: DURABILITY_QOS_POLICY
[WARN] [1759578598.511802884] [rosbag2_recorder]: New publisher discovered on topic '/tf', offering incompatible QoS. No messages will be sent to it. Last incompatible policy: DURABILITY_QOS_POLICY
[WARN] [1759578598.610365648] [rosbag2_recorder]: A new publisher for subscribed topic /tf was found offering RMW_QOS_POLICY_DURABILITY_VOLATILE, but rosbag2 already subscribed requesting RMW_QOS_POLICY_DURABILITY_TRANSIENT_LOCAL. Messages from this new publisher will not be recorded.
[WARN] [1759578598.610398121] [rosbag2_recorder]: A new publisher for subscribed topic /tf was found offering RMW_QOS_POLICY_DURABILITY_VOLATILE, but rosbag2 already subscribed requesting RMW_QOS_POLICY_DURABILITY_TRANSIENT_LOCAL. Messages from this new publisher will not be recorded.
[INFO] [1759578598.611901768] [rosbag2_recorder]: Subscribed to topic '/plan_barn'
[INFO] [1759578598.613448324] [rosbag2_recorder]: Subscribed to topic '/plan_barn_odom'
[WARN] [1759578599.483236553] [rosbag2_recorder]: New publisher discovered on topic '/tf', offering incompatible QoS. No messages will be sent to it. Last incompatible policy: DURABILITY_QOS_POLICY
[INFO] [1759578599.540632030] [rosbag2_recorder]: Subscribed to topic '/scan'
[INFO] [1759578599.540660388] [rosbag2_recorder]: All requested topics are subscribed. Stopping discovery...
[INFO] [1759578693.339552000] [rosbag2_cpp]: Writing remaining messages from cache to the bag. It may take a while
[INFO] [1759578693.340462228] [rosbag2_recorder]: Event publisher thread: Exiting
[INFO] [1759578693.340523045] [rosbag2_recorder]: Recording stopped
