stdin is not a terminal device. Keyboard handling disabled.[INFO] [1759461787.300179864] [rosbag2_recorder]: Press SPACE for pausing/resuming
[INFO] [1759461787.301252028] [rosbag2_storage]: Opened database '/home/mobrob/ros_ws/bags/world266_1002_202307/world266_1002_202307_0.db3' for READ_WRITE.
[INFO] [1759461787.301876782] [rosbag2_recorder]: Listening for topics...
[INFO] [1759461787.301905374] [rosbag2_recorder]: Event publisher thread: Starting
[INFO] [1759461787.301982362] [rosbag2_recorder]: Recording...
[INFO] [1759461787.806221163] [rosbag2_recorder]: Subscribed to topic '/odom'
[INFO] [1759461787.807447800] [rosbag2_recorder]: Subscribed to topic '/tf'
[WARN] [1759461788.306830602] [rosbag2_recorder]: New publisher discovered on topic '/tf', offering incompatible QoS. No messages will be sent to it. Last incompatible policy: DURABILITY_QOS_POLICY
[WARN] [1759461788.316754635] [rosbag2_recorder]: A new publisher for subscribed topic /tf was found offering RMW_QOS_POLICY_DURABILITY_VOLATILE, but rosbag2 already subscribed requesting RMW_QOS_POLICY_DURABILITY_TRANSIENT_LOCAL. Messages from this new publisher will not be recorded.
[INFO] [1759461788.325358522] [rosbag2_recorder]: Subscribed to topic '/cmd_vel'
[WARN] [1759461788.326906599] [rosbag2_recorder]: New publisher discovered on topic '/tf', offering incompatible QoS. No messages will be sent to it. Last incompatible policy: DURABILITY_QOS_POLICY
[INFO] [1759461788.431085502] [rosbag2_recorder]: Subscribed to topic '/tf_static'
[WARN] [1759461789.316273756] [rosbag2_recorder]: New publisher discovered on topic '/tf', offering incompatible QoS. No messages will be sent to it. Last incompatible policy: DURABILITY_QOS_POLICY
[INFO] [1759461789.370114452] [rosbag2_recorder]: Subscribed to topic '/plan_barn'
[INFO] [1759461789.371748238] [rosbag2_recorder]: Subscribed to topic '/plan_barn_odom'
[INFO] [1759461789.373775517] [rosbag2_recorder]: Subscribed to topic '/scan'
[INFO] [1759461789.373808677] [rosbag2_recorder]: All requested topics are subscribed. Stopping discovery...
[INFO] [1759461949.135964659] [rosbag2_cpp]: Writing remaining messages from cache to the bag. It may take a while
[INFO] [1759461949.137212462] [rosbag2_recorder]: Event publisher thread: Exiting
[INFO] [1759461949.137363917] [rosbag2_recorder]: Recording stopped
