stdin is not a terminal device. Keyboard handling disabled.[INFO] [1759314250.257835011] [rosbag2_recorder]: Press SPACE for pausing/resuming
[INFO] [1759314250.258754744] [rosbag2_storage]: Opened database '/home/mobrob/ros_ws/bags/world69_1001_032410/world69_1001_032410_0.db3' for READ_WRITE.
[INFO] [1759314250.259294675] [rosbag2_recorder]: Listening for topics...
[INFO] [1759314250.259341676] [rosbag2_recorder]: Event publisher thread: Starting
[INFO] [1759314250.259444937] [rosbag2_recorder]: Recording...
[INFO] [1759314250.362860411] [rosbag2_recorder]: Subscribed to topic '/cmd_vel'
[INFO] [1759314250.364906511] [rosbag2_recorder]: Subscribed to topic '/plan_barn_odom'
[INFO] [1759314250.366345290] [rosbag2_recorder]: Subscribed to topic '/scan'
[INFO] [1759314250.468688245] [rosbag2_recorder]: Subscribed to topic '/odom'
[INFO] [1759314250.469574851] [rosbag2_recorder]: Subscribed to topic '/plan_barn'
[INFO] [1759314250.471295424] [rosbag2_recorder]: Subscribed to topic '/tf'
[WARN] [1759314251.286097328] [rosbag2_recorder]: New publisher discovered on topic '/tf', offering incompatible QoS. No messages will be sent to it. Last incompatible policy: DURABILITY_QOS_POLICY
[WARN] [1759314251.288387974] [rosbag2_recorder]: New publisher discovered on topic '/tf', offering incompatible QoS. No messages will be sent to it. Last incompatible policy: DURABILITY_QOS_POLICY
[WARN] [1759314251.295385777] [rosbag2_recorder]: New publisher discovered on topic '/tf', offering incompatible QoS. No messages will be sent to it. Last incompatible policy: DURABILITY_QOS_POLICY
[WARN] [1759314251.387683852] [rosbag2_recorder]: A new publisher for subscribed topic /tf was found offering RMW_QOS_POLICY_DURABILITY_VOLATILE, but rosbag2 already subscribed requesting RMW_QOS_POLICY_DURABILITY_TRANSIENT_LOCAL. Messages from this new publisher will not be recorded.
[WARN] [1759314251.387726670] [rosbag2_recorder]: A new publisher for subscribed topic /tf was found offering RMW_QOS_POLICY_DURABILITY_VOLATILE, but rosbag2 already subscribed requesting RMW_QOS_POLICY_DURABILITY_TRANSIENT_LOCAL. Messages from this new publisher will not be recorded.
[WARN] [1759314251.387730840] [rosbag2_recorder]: A new publisher for subscribed topic /tf was found offering RMW_QOS_POLICY_DURABILITY_VOLATILE, but rosbag2 already subscribed requesting RMW_QOS_POLICY_DURABILITY_TRANSIENT_LOCAL. Messages from this new publisher will not be recorded.
[INFO] [1759314251.389039010] [rosbag2_recorder]: Subscribed to topic '/tf_static'
[INFO] [1759314251.389074678] [rosbag2_recorder]: All requested topics are subscribed. Stopping discovery...
[INFO] [1759314355.116238086] [rosbag2_cpp]: Writing remaining messages from cache to the bag. It may take a while
[INFO] [1759314355.116964440] [rosbag2_recorder]: Event publisher thread: Exiting
[INFO] [1759314355.117005074] [rosbag2_recorder]: Recording stopped
