stdin is not a terminal device. Keyboard handling disabled.[INFO] [1759566738.563215435] [rosbag2_recorder]: Press SPACE for pausing/resuming
[INFO] [1759566738.563966600] [rosbag2_storage]: Opened database '/home/mobrob/ros_ws/bags/world187_1004_013218/world187_1004_013218_0.db3' for READ_WRITE.
[INFO] [1759566738.564584795] [rosbag2_recorder]: Listening for topics...
[INFO] [1759566738.564605449] [rosbag2_recorder]: Event publisher thread: Starting
[INFO] [1759566738.564687193] [rosbag2_recorder]: Recording...
[INFO] [1759566738.668896420] [rosbag2_recorder]: Subscribed to topic '/cmd_vel'
[INFO] [1759566738.771061434] [rosbag2_recorder]: Subscribed to topic '/odom'
[INFO] [1759566738.772250005] [rosbag2_recorder]: Subscribed to topic '/tf'
[INFO] [1759566738.773304737] [rosbag2_recorder]: Subscribed to topic '/tf_static'
[WARN] [1759566738.817181703] [rosbag2_recorder]: New publisher discovered on topic '/tf', offering incompatible QoS. No messages will be sent to it. Last incompatible policy: DURABILITY_QOS_POLICY
[WARN] [1759566738.875493750] [rosbag2_recorder]: A new publisher for subscribed topic /tf was found offering RMW_QOS_POLICY_DURABILITY_VOLATILE, but rosbag2 already subscribed requesting RMW_QOS_POLICY_DURABILITY_TRANSIENT_LOCAL. Messages from this new publisher will not be recorded.
[WARN] [1759566739.569744263] [rosbag2_recorder]: New publisher discovered on topic '/tf', offering incompatible QoS. No messages will be sent to it. Last incompatible policy: DURABILITY_QOS_POLICY
[INFO] [1759566739.593208354] [rosbag2_recorder]: Subscribed to topic '/plan_barn'
[WARN] [1759566739.594242770] [rosbag2_recorder]: New publisher discovered on topic '/tf', offering incompatible QoS. No messages will be sent to it. Last incompatible policy: DURABILITY_QOS_POLICY
[INFO] [1759566739.594955697] [rosbag2_recorder]: Subscribed to topic '/plan_barn_odom'
[INFO] [1759566740.636568664] [rosbag2_recorder]: Subscribed to topic '/scan'
[INFO] [1759566740.636595316] [rosbag2_recorder]: All requested topics are subscribed. Stopping discovery...
[INFO] [1759566829.418874678] [rosbag2_cpp]: Writing remaining messages from cache to the bag. It may take a while
[INFO] [1759566829.419425441] [rosbag2_recorder]: Event publisher thread: Exiting
[INFO] [1759566829.419468702] [rosbag2_recorder]: Recording stopped
