stdin is not a terminal device. Keyboard handling disabled.[INFO] [1759336629.195258383] [rosbag2_recorder]: Press SPACE for pausing/resuming
[INFO] [1759336629.196135814] [rosbag2_storage]: Opened database '/home/mobrob/ros_ws/bags/world125_1001_093709/world125_1001_093709_0.db3' for READ_WRITE.
[INFO] [1759336629.196738691] [rosbag2_recorder]: Listening for topics...
[INFO] [1759336629.196780308] [rosbag2_recorder]: Event publisher thread: Starting
[INFO] [1759336629.196862947] [rosbag2_recorder]: Recording...
[INFO] [1759336629.577903609] [rosbag2_recorder]: Subscribed to topic '/tf_static'
[INFO] [1759336629.682558686] [rosbag2_recorder]: Subscribed to topic '/odom'
[INFO] [1759336629.684417634] [rosbag2_recorder]: Subscribed to topic '/tf'
[WARN] [1759336630.204746792] [rosbag2_recorder]: New publisher discovered on topic '/tf', offering incompatible QoS. No messages will be sent to it. Last incompatible policy: DURABILITY_QOS_POLICY
[WARN] [1759336630.231715855] [rosbag2_recorder]: New publisher discovered on topic '/tf', offering incompatible QoS. No messages will be sent to it. Last incompatible policy: DURABILITY_QOS_POLICY
[WARN] [1759336630.301969344] [rosbag2_recorder]: A new publisher for subscribed topic /tf was found offering RMW_QOS_POLICY_DURABILITY_VOLATILE, but rosbag2 already subscribed requesting RMW_QOS_POLICY_DURABILITY_TRANSIENT_LOCAL. Messages from this new publisher will not be recorded.
[WARN] [1759336630.302021376] [rosbag2_recorder]: A new publisher for subscribed topic /tf was found offering RMW_QOS_POLICY_DURABILITY_VOLATILE, but rosbag2 already subscribed requesting RMW_QOS_POLICY_DURABILITY_TRANSIENT_LOCAL. Messages from this new publisher will not be recorded.
[INFO] [1759336630.303512390] [rosbag2_recorder]: Subscribed to topic '/plan_barn'
[INFO] [1759336630.304655010] [rosbag2_recorder]: Subscribed to topic '/plan_barn_odom'
[INFO] [1759336630.306367738] [rosbag2_recorder]: Subscribed to topic '/scan'
[WARN] [1759336631.189789061] [rosbag2_recorder]: New publisher discovered on topic '/tf', offering incompatible QoS. No messages will be sent to it. Last incompatible policy: DURABILITY_QOS_POLICY
[INFO] [1759336631.240542324] [rosbag2_recorder]: Subscribed to topic '/cmd_vel'
[INFO] [1759336631.240588504] [rosbag2_recorder]: All requested topics are subscribed. Stopping discovery...
[INFO] [1759336645.088082640] [rosbag2_cpp]: Writing remaining messages from cache to the bag. It may take a while
[INFO] [1759336645.088628743] [rosbag2_recorder]: Event publisher thread: Exiting
[INFO] [1759336645.088663996] [rosbag2_recorder]: Recording stopped
