stdin is not a terminal device. Keyboard handling disabled.[INFO] [1759562815.774392086] [rosbag2_recorder]: Press SPACE for pausing/resuming
[INFO] [1759562815.775639637] [rosbag2_storage]: Opened database '/home/mobrob/ros_ws/bags/world210_1004_002655/world210_1004_002655_0.db3' for READ_WRITE.
[INFO] [1759562815.776543164] [rosbag2_recorder]: Listening for topics...
[INFO] [1759562815.776565941] [rosbag2_recorder]: Event publisher thread: Starting
[INFO] [1759562815.776673010] [rosbag2_recorder]: Recording...
[INFO] [1759562815.880749312] [rosbag2_recorder]: Subscribed to topic '/odom'
[INFO] [1759562815.883790434] [rosbag2_recorder]: Subscribed to topic '/tf'
[WARN] [1759562815.992622383] [rosbag2_recorder]: New publisher discovered on topic '/tf', offering incompatible QoS. No messages will be sent to it. Last incompatible policy: DURABILITY_QOS_POLICY
[WARN] [1759562816.086194693] [rosbag2_recorder]: A new publisher for subscribed topic /tf was found offering RMW_QOS_POLICY_DURABILITY_VOLATILE, but rosbag2 already subscribed requesting RMW_QOS_POLICY_DURABILITY_TRANSIENT_LOCAL. Messages from this new publisher will not be recorded.
[WARN] [1759562816.793877622] [rosbag2_recorder]: New publisher discovered on topic '/tf', offering incompatible QoS. No messages will be sent to it. Last incompatible policy: DURABILITY_QOS_POLICY
[INFO] [1759562816.800028438] [rosbag2_recorder]: Subscribed to topic '/scan'
[INFO] [1759562816.803710818] [rosbag2_recorder]: Subscribed to topic '/tf_static'
[INFO] [1759562816.910579188] [rosbag2_recorder]: Subscribed to topic '/cmd_vel'
[WARN] [1759562817.774795636] [rosbag2_recorder]: New publisher discovered on topic '/tf', offering incompatible QoS. No messages will be sent to it. Last incompatible policy: DURABILITY_QOS_POLICY
[INFO] [1759562817.841093806] [rosbag2_recorder]: Subscribed to topic '/plan_barn'
[INFO] [1759562817.842278567] [rosbag2_recorder]: Subscribed to topic '/plan_barn_odom'
[INFO] [1759562817.842294340] [rosbag2_recorder]: All requested topics are subscribed. Stopping discovery...
[INFO] [1759563167.650123202] [rosbag2_cpp]: Writing remaining messages from cache to the bag. It may take a while
[INFO] [1759563167.651003043] [rosbag2_recorder]: Event publisher thread: Exiting
[INFO] [1759563167.651048876] [rosbag2_recorder]: Recording stopped
