stdin is not a terminal device. Keyboard handling disabled.[INFO] [1759407278.208487193] [rosbag2_recorder]: Press SPACE for pausing/resuming
[INFO] [1759407278.209237572] [rosbag2_storage]: Opened database '/home/mobrob/ros_ws/bags/world210_1002_051438/world210_1002_051438_0.db3' for READ_WRITE.
[INFO] [1759407278.209833517] [rosbag2_recorder]: Listening for topics...
[INFO] [1759407278.209848291] [rosbag2_recorder]: Event publisher thread: Starting
[INFO] [1759407278.209900372] [rosbag2_recorder]: Recording...
[INFO] [1759407278.317987298] [rosbag2_recorder]: Subscribed to topic '/cmd_vel'
[INFO] [1759407278.420736941] [rosbag2_recorder]: Subscribed to topic '/odom'
[INFO] [1759407278.422002569] [rosbag2_recorder]: Subscribed to topic '/tf'
[WARN] [1759407279.209097799] [rosbag2_recorder]: New publisher discovered on topic '/tf', offering incompatible QoS. No messages will be sent to it. Last incompatible policy: DURABILITY_QOS_POLICY
[WARN] [1759407279.244771052] [rosbag2_recorder]: A new publisher for subscribed topic /tf was found offering RMW_QOS_POLICY_DURABILITY_VOLATILE, but rosbag2 already subscribed requesting RMW_QOS_POLICY_DURABILITY_TRANSIENT_LOCAL. Messages from this new publisher will not be recorded.
[INFO] [1759407279.246808729] [rosbag2_recorder]: Subscribed to topic '/plan_barn'
[INFO] [1759407279.248323966] [rosbag2_recorder]: Subscribed to topic '/plan_barn_odom'
[INFO] [1759407279.250332844] [rosbag2_recorder]: Subscribed to topic '/scan'
[INFO] [1759407279.252023784] [rosbag2_recorder]: Subscribed to topic '/tf_static'
[INFO] [1759407279.252056306] [rosbag2_recorder]: All requested topics are subscribed. Stopping discovery...
[WARN] [1759407280.203519971] [rosbag2_recorder]: New publisher discovered on topic '/tf', offering incompatible QoS. No messages will be sent to it. Last incompatible policy: DURABILITY_QOS_POLICY
[WARN] [1759407280.207416514] [rosbag2_recorder]: New publisher discovered on topic '/tf', offering incompatible QoS. No messages will be sent to it. Last incompatible policy: DURABILITY_QOS_POLICY
[INFO] [1759407375.071225180] [rosbag2_cpp]: Writing remaining messages from cache to the bag. It may take a while
[INFO] [1759407375.071954879] [rosbag2_recorder]: Event publisher thread: Exiting
[INFO] [1759407375.071998403] [rosbag2_recorder]: Recording stopped
