stdin is not a terminal device. Keyboard handling disabled.[INFO] [1759415714.706413900] [rosbag2_recorder]: Press SPACE for pausing/resuming
[INFO] [1759415714.707677975] [rosbag2_storage]: Opened database '/home/mobrob/ros_ws/bags/world69_1002_073514/world69_1002_073514_0.db3' for READ_WRITE.
[INFO] [1759415714.708531813] [rosbag2_recorder]: Listening for topics...
[INFO] [1759415714.708546041] [rosbag2_recorder]: Event publisher thread: Starting
[INFO] [1759415714.708656778] [rosbag2_recorder]: Recording...
[INFO] [1759415714.811286026] [rosbag2_recorder]: Subscribed to topic '/cmd_vel'
[INFO] [1759415714.812295334] [rosbag2_recorder]: Subscribed to topic '/odom'
[INFO] [1759415714.813374877] [rosbag2_recorder]: Subscribed to topic '/tf'
[INFO] [1759415714.814187626] [rosbag2_recorder]: Subscribed to topic '/tf_static'
[WARN] [1759415715.708930937] [rosbag2_recorder]: New publisher discovered on topic '/tf', offering incompatible QoS. No messages will be sent to it. Last incompatible policy: DURABILITY_QOS_POLICY
[WARN] [1759415715.727002540] [rosbag2_recorder]: A new publisher for subscribed topic /tf was found offering RMW_QOS_POLICY_DURABILITY_VOLATILE, but rosbag2 already subscribed requesting RMW_QOS_POLICY_DURABILITY_TRANSIENT_LOCAL. Messages from this new publisher will not be recorded.
[WARN] [1759415715.727043577] [rosbag2_recorder]: A new publisher for subscribed topic /tf was found offering RMW_QOS_POLICY_DURABILITY_VOLATILE, but rosbag2 already subscribed requesting RMW_QOS_POLICY_DURABILITY_TRANSIENT_LOCAL. Messages from this new publisher will not be recorded.
[WARN] [1759415715.729267450] [rosbag2_recorder]: New publisher discovered on topic '/tf', offering incompatible QoS. No messages will be sent to it. Last incompatible policy: DURABILITY_QOS_POLICY
[INFO] [1759415715.832028422] [rosbag2_recorder]: Subscribed to topic '/plan_barn'
[INFO] [1759415715.833059611] [rosbag2_recorder]: Subscribed to topic '/plan_barn_odom'
[INFO] [1759415715.834739012] [rosbag2_recorder]: Subscribed to topic '/scan'
[INFO] [1759415715.834770046] [rosbag2_recorder]: All requested topics are subscribed. Stopping discovery...
[INFO] [1759415734.569782517] [rosbag2_cpp]: Writing remaining messages from cache to the bag. It may take a while
[INFO] [1759415734.570558876] [rosbag2_recorder]: Event publisher thread: Exiting
[INFO] [1759415734.570597003] [rosbag2_recorder]: Recording stopped
