stdin is not a terminal device. Keyboard handling disabled.[INFO] [1759530492.608860458] [rosbag2_recorder]: Press SPACE for pausing/resuming
[INFO] [1759530492.609946325] [rosbag2_storage]: Opened database '/home/mobrob/ros_ws/bags/world75_1003_152812/world75_1003_152812_0.db3' for READ_WRITE.
[INFO] [1759530492.610486251] [rosbag2_recorder]: Listening for topics...
[INFO] [1759530492.610499093] [rosbag2_recorder]: Event publisher thread: Starting
[INFO] [1759530492.610586764] [rosbag2_recorder]: Recording...
[INFO] [1759530492.719482889] [rosbag2_recorder]: Subscribed to topic '/plan_barn'
[INFO] [1759530492.720585730] [rosbag2_recorder]: Subscribed to topic '/plan_barn_odom'
[INFO] [1759530492.724190548] [rosbag2_recorder]: Subscribed to topic '/tf_static'
[INFO] [1759530492.826815740] [rosbag2_recorder]: Subscribed to topic '/odom'
[INFO] [1759530492.827608154] [rosbag2_recorder]: Subscribed to topic '/tf'
[WARN] [1759530493.631437389] [rosbag2_recorder]: New publisher discovered on topic '/tf', offering incompatible QoS. No messages will be sent to it. Last incompatible policy: DURABILITY_QOS_POLICY
[WARN] [1759530493.642339504] [rosbag2_recorder]: New publisher discovered on topic '/tf', offering incompatible QoS. No messages will be sent to it. Last incompatible policy: DURABILITY_QOS_POLICY
[WARN] [1759530493.645893364] [rosbag2_recorder]: New publisher discovered on topic '/tf', offering incompatible QoS. No messages will be sent to it. Last incompatible policy: DURABILITY_QOS_POLICY
[WARN] [1759530493.652015281] [rosbag2_recorder]: A new publisher for subscribed topic /tf was found offering RMW_QOS_POLICY_DURABILITY_VOLATILE, but rosbag2 already subscribed requesting RMW_QOS_POLICY_DURABILITY_TRANSIENT_LOCAL. Messages from this new publisher will not be recorded.
[WARN] [1759530493.652072723] [rosbag2_recorder]: A new publisher for subscribed topic /tf was found offering RMW_QOS_POLICY_DURABILITY_VOLATILE, but rosbag2 already subscribed requesting RMW_QOS_POLICY_DURABILITY_TRANSIENT_LOCAL. Messages from this new publisher will not be recorded.
[WARN] [1759530493.652084673] [rosbag2_recorder]: A new publisher for subscribed topic /tf was found offering RMW_QOS_POLICY_DURABILITY_VOLATILE, but rosbag2 already subscribed requesting RMW_QOS_POLICY_DURABILITY_TRANSIENT_LOCAL. Messages from this new publisher will not be recorded.
[INFO] [1759530493.655121904] [rosbag2_recorder]: Subscribed to topic '/cmd_vel'
[INFO] [1759530493.657511025] [rosbag2_recorder]: Subscribed to topic '/scan'
[INFO] [1759530493.657553155] [rosbag2_recorder]: All requested topics are subscribed. Stopping discovery...
[INFO] [1759530564.454400135] [rosbag2_cpp]: Writing remaining messages from cache to the bag. It may take a while
[INFO] [1759530564.455436468] [rosbag2_recorder]: Event publisher thread: Exiting
[INFO] [1759530564.455490241] [rosbag2_recorder]: Recording stopped
