stdin is not a terminal device. Keyboard handling disabled.[INFO] [1759598280.520283526] [rosbag2_recorder]: Press SPACE for pausing/resuming
[INFO] [1759598280.521004020] [rosbag2_storage]: Opened database '/home/mobrob/ros_ws/bags/world36_1004_101800/world36_1004_101800_0.db3' for READ_WRITE.
[INFO] [1759598280.521690110] [rosbag2_recorder]: Listening for topics...
[INFO] [1759598280.521701552] [rosbag2_recorder]: Event publisher thread: Starting
[INFO] [1759598280.521771178] [rosbag2_recorder]: Recording...
[INFO] [1759598280.628783695] [rosbag2_recorder]: Subscribed to topic '/plan_barn'
[INFO] [1759598280.630307461] [rosbag2_recorder]: Subscribed to topic '/plan_barn_odom'
[INFO] [1759598280.732941879] [rosbag2_recorder]: Subscribed to topic '/cmd_vel'
[INFO] [1759598280.733835237] [rosbag2_recorder]: Subscribed to topic '/odom'
[INFO] [1759598280.735537287] [rosbag2_recorder]: Subscribed to topic '/tf'
[WARN] [1759598280.761110396] [rosbag2_recorder]: New publisher discovered on topic '/tf', offering incompatible QoS. No messages will be sent to it. Last incompatible policy: DURABILITY_QOS_POLICY
[WARN] [1759598280.837910694] [rosbag2_recorder]: A new publisher for subscribed topic /tf was found offering RMW_QOS_POLICY_DURABILITY_VOLATILE, but rosbag2 already subscribed requesting RMW_QOS_POLICY_DURABILITY_TRANSIENT_LOCAL. Messages from this new publisher will not be recorded.
[INFO] [1759598280.838901782] [rosbag2_recorder]: Subscribed to topic '/tf_static'
[WARN] [1759598281.540017031] [rosbag2_recorder]: New publisher discovered on topic '/tf', offering incompatible QoS. No messages will be sent to it. Last incompatible policy: DURABILITY_QOS_POLICY
[INFO] [1759598281.562671689] [rosbag2_recorder]: Subscribed to topic '/scan'
[INFO] [1759598281.562782594] [rosbag2_recorder]: All requested topics are subscribed. Stopping discovery...
[WARN] [1759598282.522471904] [rosbag2_recorder]: New publisher discovered on topic '/tf', offering incompatible QoS. No messages will be sent to it. Last incompatible policy: DURABILITY_QOS_POLICY
[INFO] [1759598401.382439866] [rosbag2_cpp]: Writing remaining messages from cache to the bag. It may take a while
[INFO] [1759598401.383292408] [rosbag2_recorder]: Event publisher thread: Exiting
[INFO] [1759598401.383341972] [rosbag2_recorder]: Recording stopped
