stdin is not a terminal device. Keyboard handling disabled.[INFO] [1759425993.337624309] [rosbag2_recorder]: Press SPACE for pausing/resuming
[INFO] [1759425993.338555507] [rosbag2_storage]: Opened database '/home/mobrob/ros_ws/bags/world187_1002_102633/world187_1002_102633_0.db3' for READ_WRITE.
[INFO] [1759425993.339097447] [rosbag2_recorder]: Listening for topics...
[INFO] [1759425993.339109797] [rosbag2_recorder]: Event publisher thread: Starting
[INFO] [1759425993.339182015] [rosbag2_recorder]: Recording...
[INFO] [1759425993.743665247] [rosbag2_recorder]: Subscribed to topic '/odom'
[INFO] [1759425993.746025922] [rosbag2_recorder]: Subscribed to topic '/tf'
[INFO] [1759425993.747437246] [rosbag2_recorder]: Subscribed to topic '/tf_static'
[INFO] [1759425994.368006514] [rosbag2_recorder]: Subscribed to topic '/plan_barn_odom'
[WARN] [1759425994.373944791] [rosbag2_recorder]: New publisher discovered on topic '/tf', offering incompatible QoS. No messages will be sent to it. Last incompatible policy: DURABILITY_QOS_POLICY
[WARN] [1759425994.470516875] [rosbag2_recorder]: A new publisher for subscribed topic /tf was found offering RMW_QOS_POLICY_DURABILITY_VOLATILE, but rosbag2 already subscribed requesting RMW_QOS_POLICY_DURABILITY_TRANSIENT_LOCAL. Messages from this new publisher will not be recorded.
[WARN] [1759425994.718863053] [rosbag2_recorder]: New publisher discovered on topic '/tf', offering incompatible QoS. No messages will be sent to it. Last incompatible policy: DURABILITY_QOS_POLICY
[INFO] [1759425994.779154606] [rosbag2_recorder]: Subscribed to topic '/cmd_vel'
[INFO] [1759425994.781058727] [rosbag2_recorder]: Subscribed to topic '/scan'
[WARN] [1759425995.354224257] [rosbag2_recorder]: New publisher discovered on topic '/tf', offering incompatible QoS. No messages will be sent to it. Last incompatible policy: DURABILITY_QOS_POLICY
[INFO] [1759425995.412581054] [rosbag2_recorder]: Subscribed to topic '/plan_barn'
[INFO] [1759425995.413509338] [rosbag2_recorder]: All requested topics are subscribed. Stopping discovery...
[INFO] [1759426053.211830691] [rosbag2_cpp]: Writing remaining messages from cache to the bag. It may take a while
[INFO] [1759426053.212473478] [rosbag2_recorder]: Event publisher thread: Exiting
[INFO] [1759426053.212507189] [rosbag2_recorder]: Recording stopped
