stdin is not a terminal device. Keyboard handling disabled.[INFO] [1759318383.800500870] [rosbag2_recorder]: Press SPACE for pausing/resuming
[INFO] [1759318383.801479793] [rosbag2_storage]: Opened database '/home/mobrob/ros_ws/bags/world266_1001_043303/world266_1001_043303_0.db3' for READ_WRITE.
[INFO] [1759318383.802158890] [rosbag2_recorder]: Listening for topics...
[INFO] [1759318383.802170581] [rosbag2_recorder]: Event publisher thread: Starting
[INFO] [1759318383.802303885] [rosbag2_recorder]: Recording...
[INFO] [1759318383.906820508] [rosbag2_recorder]: Subscribed to topic '/cmd_vel'
[INFO] [1759318383.910188352] [rosbag2_recorder]: Subscribed to topic '/odom'
[INFO] [1759318383.912655131] [rosbag2_recorder]: Subscribed to topic '/tf'
[WARN] [1759318384.813156027] [rosbag2_recorder]: New publisher discovered on topic '/tf', offering incompatible QoS. No messages will be sent to it. Last incompatible policy: DURABILITY_QOS_POLICY
[WARN] [1759318384.832797314] [rosbag2_recorder]: A new publisher for subscribed topic /tf was found offering RMW_QOS_POLICY_DURABILITY_VOLATILE, but rosbag2 already subscribed requesting RMW_QOS_POLICY_DURABILITY_TRANSIENT_LOCAL. Messages from this new publisher will not be recorded.
[INFO] [1759318384.834392813] [rosbag2_recorder]: Subscribed to topic '/plan_barn'
[INFO] [1759318384.835868657] [rosbag2_recorder]: Subscribed to topic '/plan_barn_odom'
[INFO] [1759318384.837751668] [rosbag2_recorder]: Subscribed to topic '/scan'
[INFO] [1759318384.839184817] [rosbag2_recorder]: Subscribed to topic '/tf_static'
[INFO] [1759318384.839220102] [rosbag2_recorder]: All requested topics are subscribed. Stopping discovery...
[WARN] [1759318385.795483782] [rosbag2_recorder]: New publisher discovered on topic '/tf', offering incompatible QoS. No messages will be sent to it. Last incompatible policy: DURABILITY_QOS_POLICY
[WARN] [1759318385.797968290] [rosbag2_recorder]: New publisher discovered on topic '/tf', offering incompatible QoS. No messages will be sent to it. Last incompatible policy: DURABILITY_QOS_POLICY
[INFO] [1759318537.655683226] [rosbag2_cpp]: Writing remaining messages from cache to the bag. It may take a while
[INFO] [1759318537.656574231] [rosbag2_recorder]: Event publisher thread: Exiting
[INFO] [1759318537.656628036] [rosbag2_recorder]: Recording stopped
