stdin is not a terminal device. Keyboard handling disabled.[INFO] [1759305772.383065485] [rosbag2_recorder]: Press SPACE for pausing/resuming
[INFO] [1759305772.383867354] [rosbag2_storage]: Opened database '/home/mobrob/ros_ws/bags/world203_1001_010252/world203_1001_010252_0.db3' for READ_WRITE.
[INFO] [1759305772.384474287] [rosbag2_recorder]: Listening for topics...
[INFO] [1759305772.384489402] [rosbag2_recorder]: Event publisher thread: Starting
[INFO] [1759305772.384559608] [rosbag2_recorder]: Recording...
[INFO] [1759305772.788620832] [rosbag2_recorder]: Subscribed to topic '/cmd_vel'
[INFO] [1759305772.790659639] [rosbag2_recorder]: Subscribed to topic '/tf_static'
[INFO] [1759305772.894791556] [rosbag2_recorder]: Subscribed to topic '/odom'
[INFO] [1759305772.896015129] [rosbag2_recorder]: Subscribed to topic '/tf'
[INFO] [1759305773.821782534] [rosbag2_recorder]: Subscribed to topic '/plan_barn'
[INFO] [1759305773.823106100] [rosbag2_recorder]: Subscribed to topic '/plan_barn_odom'
[WARN] [1759305774.390928193] [rosbag2_recorder]: New publisher discovered on topic '/tf', offering incompatible QoS. No messages will be sent to it. Last incompatible policy: DURABILITY_QOS_POLICY
[WARN] [1759305774.445159135] [rosbag2_recorder]: A new publisher for subscribed topic /tf was found offering RMW_QOS_POLICY_DURABILITY_VOLATILE, but rosbag2 already subscribed requesting RMW_QOS_POLICY_DURABILITY_TRANSIENT_LOCAL. Messages from this new publisher will not be recorded.
[WARN] [1759305774.445194102] [rosbag2_recorder]: A new publisher for subscribed topic /tf was found offering RMW_QOS_POLICY_DURABILITY_VOLATILE, but rosbag2 already subscribed requesting RMW_QOS_POLICY_DURABILITY_TRANSIENT_LOCAL. Messages from this new publisher will not be recorded.
[WARN] [1759305775.376975664] [rosbag2_recorder]: New publisher discovered on topic '/tf', offering incompatible QoS. No messages will be sent to it. Last incompatible policy: DURABILITY_QOS_POLICY
[INFO] [1759305775.392600596] [rosbag2_recorder]: Subscribed to topic '/scan'
[INFO] [1759305775.392635917] [rosbag2_recorder]: All requested topics are subscribed. Stopping discovery...
[INFO] [1759305852.224295356] [rosbag2_cpp]: Writing remaining messages from cache to the bag. It may take a while
[INFO] [1759305852.225132869] [rosbag2_recorder]: Event publisher thread: Exiting
[INFO] [1759305852.225192804] [rosbag2_recorder]: Recording stopped
