stdin is not a terminal device. Keyboard handling disabled.[INFO] [1759577789.689976701] [rosbag2_recorder]: Press SPACE for pausing/resuming
[INFO] [1759577789.691287300] [rosbag2_storage]: Opened database '/home/mobrob/ros_ws/bags/world125_1004_043629/world125_1004_043629_0.db3' for READ_WRITE.
[INFO] [1759577789.692146649] [rosbag2_recorder]: Listening for topics...
[INFO] [1759577789.692177062] [rosbag2_recorder]: Event publisher thread: Starting
[INFO] [1759577789.692283746] [rosbag2_recorder]: Recording...
[INFO] [1759577790.072706084] [rosbag2_recorder]: Subscribed to topic '/tf_static'
[INFO] [1759577790.176279027] [rosbag2_recorder]: Subscribed to topic '/cmd_vel'
[INFO] [1759577790.177786678] [rosbag2_recorder]: Subscribed to topic '/odom'
[INFO] [1759577790.178761426] [rosbag2_recorder]: Subscribed to topic '/tf'
[WARN] [1759577790.699015268] [rosbag2_recorder]: New publisher discovered on topic '/tf', offering incompatible QoS. No messages will be sent to it. Last incompatible policy: DURABILITY_QOS_POLICY
[WARN] [1759577790.705523957] [rosbag2_recorder]: New publisher discovered on topic '/tf', offering incompatible QoS. No messages will be sent to it. Last incompatible policy: DURABILITY_QOS_POLICY
[WARN] [1759577790.793791741] [rosbag2_recorder]: A new publisher for subscribed topic /tf was found offering RMW_QOS_POLICY_DURABILITY_VOLATILE, but rosbag2 already subscribed requesting RMW_QOS_POLICY_DURABILITY_TRANSIENT_LOCAL. Messages from this new publisher will not be recorded.
[WARN] [1759577790.793843326] [rosbag2_recorder]: A new publisher for subscribed topic /tf was found offering RMW_QOS_POLICY_DURABILITY_VOLATILE, but rosbag2 already subscribed requesting RMW_QOS_POLICY_DURABILITY_TRANSIENT_LOCAL. Messages from this new publisher will not be recorded.
[INFO] [1759577791.044970509] [rosbag2_recorder]: Subscribed to topic '/plan_barn_odom'
[INFO] [1759577791.148953044] [rosbag2_recorder]: Subscribed to topic '/plan_barn'
[WARN] [1759577791.688880263] [rosbag2_recorder]: New publisher discovered on topic '/tf', offering incompatible QoS. No messages will be sent to it. Last incompatible policy: DURABILITY_QOS_POLICY
[INFO] [1759577791.771249714] [rosbag2_recorder]: Subscribed to topic '/scan'
[INFO] [1759577791.771301059] [rosbag2_recorder]: All requested topics are subscribed. Stopping discovery...
[INFO] [1759577885.572166353] [rosbag2_cpp]: Writing remaining messages from cache to the bag. It may take a while
[INFO] [1759577885.573067496] [rosbag2_recorder]: Event publisher thread: Exiting
[INFO] [1759577885.573108171] [rosbag2_recorder]: Recording stopped
