stdin is not a terminal device. Keyboard handling disabled.[INFO] [1759567665.001626387] [rosbag2_recorder]: Press SPACE for pausing/resuming
[INFO] [1759567665.002951651] [rosbag2_storage]: Opened database '/home/mobrob/ros_ws/bags/world266_1004_014744/world266_1004_014744_0.db3' for READ_WRITE.
[INFO] [1759567665.003899958] [rosbag2_recorder]: Listening for topics...
[INFO] [1759567665.004030950] [rosbag2_recorder]: Recording...
[INFO] [1759567665.003913366] [rosbag2_recorder]: Event publisher thread: Starting
[INFO] [1759567665.108489940] [rosbag2_recorder]: Subscribed to topic '/cmd_vel'
[INFO] [1759567665.110549080] [rosbag2_recorder]: Subscribed to topic '/odom'
[INFO] [1759567665.113304808] [rosbag2_recorder]: Subscribed to topic '/plan_barn'
[INFO] [1759567665.114550026] [rosbag2_recorder]: Subscribed to topic '/plan_barn_odom'
[INFO] [1759567665.116902204] [rosbag2_recorder]: Subscribed to topic '/tf'
[INFO] [1759567665.119045103] [rosbag2_recorder]: Subscribed to topic '/tf_static'
[WARN] [1759567666.001981717] [rosbag2_recorder]: New publisher discovered on topic '/tf', offering incompatible QoS. No messages will be sent to it. Last incompatible policy: DURABILITY_QOS_POLICY
[WARN] [1759567666.018646385] [rosbag2_recorder]: New publisher discovered on topic '/tf', offering incompatible QoS. No messages will be sent to it. Last incompatible policy: DURABILITY_QOS_POLICY
[WARN] [1759567666.038456432] [rosbag2_recorder]: A new publisher for subscribed topic /tf was found offering RMW_QOS_POLICY_DURABILITY_VOLATILE, but rosbag2 already subscribed requesting RMW_QOS_POLICY_DURABILITY_TRANSIENT_LOCAL. Messages from this new publisher will not be recorded.
[WARN] [1759567666.038488078] [rosbag2_recorder]: A new publisher for subscribed topic /tf was found offering RMW_QOS_POLICY_DURABILITY_VOLATILE, but rosbag2 already subscribed requesting RMW_QOS_POLICY_DURABILITY_TRANSIENT_LOCAL. Messages from this new publisher will not be recorded.
[INFO] [1759567666.040426436] [rosbag2_recorder]: Subscribed to topic '/scan'
[INFO] [1759567666.040466184] [rosbag2_recorder]: All requested topics are subscribed. Stopping discovery...
[WARN] [1759567666.998787855] [rosbag2_recorder]: New publisher discovered on topic '/tf', offering incompatible QoS. No messages will be sent to it. Last incompatible policy: DURABILITY_QOS_POLICY
[INFO] [1759567896.865437116] [rosbag2_cpp]: Writing remaining messages from cache to the bag. It may take a while
[INFO] [1759567896.866263311] [rosbag2_recorder]: Event publisher thread: Exiting
[INFO] [1759567896.866304173] [rosbag2_recorder]: Recording stopped
