stdin is not a terminal device. Keyboard handling disabled.[INFO] [1759617649.935489605] [rosbag2_recorder]: Press SPACE for pausing/resuming
[INFO] [1759617649.936501904] [rosbag2_storage]: Opened database '/home/mobrob/ros_ws/bags/world187_1004_154049/world187_1004_154049_0.db3' for READ_WRITE.
[INFO] [1759617649.939976227] [rosbag2_recorder]: Listening for topics...
[INFO] [1759617649.940007594] [rosbag2_recorder]: Event publisher thread: Starting
[INFO] [1759617649.940170063] [rosbag2_recorder]: Recording...
[INFO] [1759617650.044371552] [rosbag2_recorder]: Subscribed to topic '/odom'
[INFO] [1759617650.046669734] [rosbag2_recorder]: Subscribed to topic '/tf'
[INFO] [1759617650.048059785] [rosbag2_recorder]: Subscribed to topic '/tf_static'
[WARN] [1759617650.070965450] [rosbag2_recorder]: New publisher discovered on topic '/tf', offering incompatible QoS. No messages will be sent to it. Last incompatible policy: DURABILITY_QOS_POLICY
[WARN] [1759617650.149327523] [rosbag2_recorder]: A new publisher for subscribed topic /tf was found offering RMW_QOS_POLICY_DURABILITY_VOLATILE, but rosbag2 already subscribed requesting RMW_QOS_POLICY_DURABILITY_TRANSIENT_LOCAL. Messages from this new publisher will not be recorded.
[INFO] [1759617650.150758826] [rosbag2_recorder]: Subscribed to topic '/cmd_vel'
[INFO] [1759617650.966193023] [rosbag2_recorder]: Subscribed to topic '/plan_barn'
[INFO] [1759617650.969485524] [rosbag2_recorder]: Subscribed to topic '/plan_barn_odom'
[WARN] [1759617650.970551410] [rosbag2_recorder]: New publisher discovered on topic '/tf', offering incompatible QoS. No messages will be sent to it. Last incompatible policy: DURABILITY_QOS_POLICY
[INFO] [1759617650.971447327] [rosbag2_recorder]: Subscribed to topic '/scan'
[INFO] [1759617650.971468331] [rosbag2_recorder]: All requested topics are subscribed. Stopping discovery...
[WARN] [1759617651.938682510] [rosbag2_recorder]: New publisher discovered on topic '/tf', offering incompatible QoS. No messages will be sent to it. Last incompatible policy: DURABILITY_QOS_POLICY
[INFO] [1759617665.838956752] [rosbag2_cpp]: Writing remaining messages from cache to the bag. It may take a while
[INFO] [1759617665.839546278] [rosbag2_recorder]: Event publisher thread: Exiting
[INFO] [1759617665.839591897] [rosbag2_recorder]: Recording stopped
