stdin is not a terminal device. Keyboard handling disabled.[INFO] [1759548510.651371973] [rosbag2_recorder]: Press SPACE for pausing/resuming
[INFO] [1759548510.652181527] [rosbag2_storage]: Opened database '/home/mobrob/ros_ws/bags/world266_1003_202830/world266_1003_202830_0.db3' for READ_WRITE.
[INFO] [1759548510.653065323] [rosbag2_recorder]: Listening for topics...
[INFO] [1759548510.653075093] [rosbag2_recorder]: Event publisher thread: Starting
[INFO] [1759548510.653197321] [rosbag2_recorder]: Recording...
[INFO] [1759548510.757288933] [rosbag2_recorder]: Subscribed to topic '/tf_static'
[INFO] [1759548510.860481913] [rosbag2_recorder]: Subscribed to topic '/cmd_vel'
[INFO] [1759548510.861972498] [rosbag2_recorder]: Subscribed to topic '/odom'
[INFO] [1759548510.862985490] [rosbag2_recorder]: Subscribed to topic '/plan_barn_odom'
[INFO] [1759548510.864976467] [rosbag2_recorder]: Subscribed to topic '/scan'
[INFO] [1759548510.866574947] [rosbag2_recorder]: Subscribed to topic '/tf'
[WARN] [1759548512.650830791] [rosbag2_recorder]: New publisher discovered on topic '/tf', offering incompatible QoS. No messages will be sent to it. Last incompatible policy: DURABILITY_QOS_POLICY
[WARN] [1759548512.653575005] [rosbag2_recorder]: New publisher discovered on topic '/tf', offering incompatible QoS. No messages will be sent to it. Last incompatible policy: DURABILITY_QOS_POLICY
[WARN] [1759548512.670855812] [rosbag2_recorder]: New publisher discovered on topic '/tf', offering incompatible QoS. No messages will be sent to it. Last incompatible policy: DURABILITY_QOS_POLICY
[WARN] [1759548512.712637395] [rosbag2_recorder]: A new publisher for subscribed topic /tf was found offering RMW_QOS_POLICY_DURABILITY_VOLATILE, but rosbag2 already subscribed requesting RMW_QOS_POLICY_DURABILITY_TRANSIENT_LOCAL. Messages from this new publisher will not be recorded.
[WARN] [1759548512.712667602] [rosbag2_recorder]: A new publisher for subscribed topic /tf was found offering RMW_QOS_POLICY_DURABILITY_VOLATILE, but rosbag2 already subscribed requesting RMW_QOS_POLICY_DURABILITY_TRANSIENT_LOCAL. Messages from this new publisher will not be recorded.
[WARN] [1759548512.712670795] [rosbag2_recorder]: A new publisher for subscribed topic /tf was found offering RMW_QOS_POLICY_DURABILITY_VOLATILE, but rosbag2 already subscribed requesting RMW_QOS_POLICY_DURABILITY_TRANSIENT_LOCAL. Messages from this new publisher will not be recorded.
[INFO] [1759548512.714471609] [rosbag2_recorder]: Subscribed to topic '/plan_barn'
[INFO] [1759548512.714501980] [rosbag2_recorder]: All requested topics are subscribed. Stopping discovery...
[INFO] [1759548540.490052728] [rosbag2_cpp]: Writing remaining messages from cache to the bag. It may take a while
[INFO] [1759548540.491020296] [rosbag2_recorder]: Event publisher thread: Exiting
[INFO] [1759548540.491092839] [rosbag2_recorder]: Recording stopped
