stdin is not a terminal device. Keyboard handling disabled.[INFO] [1759572826.875255856] [rosbag2_recorder]: Press SPACE for pausing/resuming
[INFO] [1759572826.876598473] [rosbag2_storage]: Opened database '/home/mobrob/ros_ws/bags/world36_1004_031346/world36_1004_031346_0.db3' for READ_WRITE.
[INFO] [1759572826.880776518] [rosbag2_recorder]: Listening for topics...
[INFO] [1759572826.880944569] [rosbag2_recorder]: Recording...
[INFO] [1759572826.880990904] [rosbag2_recorder]: Event publisher thread: Starting
[INFO] [1759572826.986057884] [rosbag2_recorder]: Subscribed to topic '/cmd_vel'
[INFO] [1759572826.987346556] [rosbag2_recorder]: Subscribed to topic '/odom'
[INFO] [1759572826.988835441] [rosbag2_recorder]: Subscribed to topic '/tf'
[WARN] [1759572827.871576311] [rosbag2_recorder]: New publisher discovered on topic '/tf', offering incompatible QoS. No messages will be sent to it. Last incompatible policy: DURABILITY_QOS_POLICY
[WARN] [1759572827.878187672] [rosbag2_recorder]: New publisher discovered on topic '/tf', offering incompatible QoS. No messages will be sent to it. Last incompatible policy: DURABILITY_QOS_POLICY
[WARN] [1759572827.896596657] [rosbag2_recorder]: New publisher discovered on topic '/tf', offering incompatible QoS. No messages will be sent to it. Last incompatible policy: DURABILITY_QOS_POLICY
[WARN] [1759572827.911871812] [rosbag2_recorder]: A new publisher for subscribed topic /tf was found offering RMW_QOS_POLICY_DURABILITY_VOLATILE, but rosbag2 already subscribed requesting RMW_QOS_POLICY_DURABILITY_TRANSIENT_LOCAL. Messages from this new publisher will not be recorded.
[WARN] [1759572827.911921721] [rosbag2_recorder]: A new publisher for subscribed topic /tf was found offering RMW_QOS_POLICY_DURABILITY_VOLATILE, but rosbag2 already subscribed requesting RMW_QOS_POLICY_DURABILITY_TRANSIENT_LOCAL. Messages from this new publisher will not be recorded.
[WARN] [1759572827.911931872] [rosbag2_recorder]: A new publisher for subscribed topic /tf was found offering RMW_QOS_POLICY_DURABILITY_VOLATILE, but rosbag2 already subscribed requesting RMW_QOS_POLICY_DURABILITY_TRANSIENT_LOCAL. Messages from this new publisher will not be recorded.
[INFO] [1759572827.913774723] [rosbag2_recorder]: Subscribed to topic '/plan_barn'
[INFO] [1759572827.915497558] [rosbag2_recorder]: Subscribed to topic '/plan_barn_odom'
[INFO] [1759572827.917494340] [rosbag2_recorder]: Subscribed to topic '/tf_static'
[INFO] [1759572828.964105971] [rosbag2_recorder]: Subscribed to topic '/scan'
[INFO] [1759572828.964142963] [rosbag2_recorder]: All requested topics are subscribed. Stopping discovery...
[INFO] [1759572885.733534476] [rosbag2_cpp]: Writing remaining messages from cache to the bag. It may take a while
[INFO] [1759572885.734446039] [rosbag2_recorder]: Event publisher thread: Exiting
[INFO] [1759572885.734488242] [rosbag2_recorder]: Recording stopped
