stdin is not a terminal device. Keyboard handling disabled.[INFO] [1759557571.274732741] [rosbag2_recorder]: Press SPACE for pausing/resuming
[INFO] [1759557571.276007164] [rosbag2_storage]: Opened database '/home/mobrob/ros_ws/bags/world125_1003_225931/world125_1003_225931_0.db3' for READ_WRITE.
[INFO] [1759557571.276747180] [rosbag2_recorder]: Listening for topics...
[INFO] [1759557571.276756880] [rosbag2_recorder]: Event publisher thread: Starting
[INFO] [1759557571.276911015] [rosbag2_recorder]: Recording...
[INFO] [1759557571.381645289] [rosbag2_recorder]: Subscribed to topic '/cmd_vel'
[INFO] [1759557571.384961891] [rosbag2_recorder]: Subscribed to topic '/scan'
[INFO] [1759557571.589902341] [rosbag2_recorder]: Subscribed to topic '/odom'
[INFO] [1759557571.591885036] [rosbag2_recorder]: Subscribed to topic '/tf'
[INFO] [1759557571.593198557] [rosbag2_recorder]: Subscribed to topic '/tf_static'
[WARN] [1759557572.295883989] [rosbag2_recorder]: New publisher discovered on topic '/tf', offering incompatible QoS. No messages will be sent to it. Last incompatible policy: DURABILITY_QOS_POLICY
[WARN] [1759557572.307246791] [rosbag2_recorder]: A new publisher for subscribed topic /tf was found offering RMW_QOS_POLICY_DURABILITY_VOLATILE, but rosbag2 already subscribed requesting RMW_QOS_POLICY_DURABILITY_TRANSIENT_LOCAL. Messages from this new publisher will not be recorded.
[WARN] [1759557572.310617880] [rosbag2_recorder]: New publisher discovered on topic '/tf', offering incompatible QoS. No messages will be sent to it. Last incompatible policy: DURABILITY_QOS_POLICY
[INFO] [1759557572.413652588] [rosbag2_recorder]: Subscribed to topic '/plan_barn'
[INFO] [1759557572.415361952] [rosbag2_recorder]: Subscribed to topic '/plan_barn_odom'
[INFO] [1759557572.415392479] [rosbag2_recorder]: All requested topics are subscribed. Stopping discovery...
[WARN] [1759557573.273024914] [rosbag2_recorder]: New publisher discovered on topic '/tf', offering incompatible QoS. No messages will be sent to it. Last incompatible policy: DURABILITY_QOS_POLICY
[INFO] [1759557745.150739214] [rosbag2_cpp]: Writing remaining messages from cache to the bag. It may take a while
[INFO] [1759557745.151286511] [rosbag2_recorder]: Event publisher thread: Exiting
[INFO] [1759557745.151315603] [rosbag2_recorder]: Recording stopped
