stdin is not a terminal device. Keyboard handling disabled.[INFO] [1759328303.589734623] [rosbag2_recorder]: Press SPACE for pausing/resuming
[INFO] [1759328303.590606280] [rosbag2_storage]: Opened database '/home/mobrob/ros_ws/bags/world36_1001_071823/world36_1001_071823_0.db3' for READ_WRITE.
[INFO] [1759328303.591226141] [rosbag2_recorder]: Listening for topics...
[INFO] [1759328303.591262979] [rosbag2_recorder]: Event publisher thread: Starting
[INFO] [1759328303.591339466] [rosbag2_recorder]: Recording...
[INFO] [1759328303.695413457] [rosbag2_recorder]: Subscribed to topic '/cmd_vel'
[INFO] [1759328303.697181008] [rosbag2_recorder]: Subscribed to topic '/odom'
[INFO] [1759328303.698375854] [rosbag2_recorder]: Subscribed to topic '/plan_barn'
[INFO] [1759328303.699366230] [rosbag2_recorder]: Subscribed to topic '/plan_barn_odom'
[INFO] [1759328303.701167425] [rosbag2_recorder]: Subscribed to topic '/tf'
[INFO] [1759328303.702489139] [rosbag2_recorder]: Subscribed to topic '/tf_static'
[WARN] [1759328304.597088594] [rosbag2_recorder]: New publisher discovered on topic '/tf', offering incompatible QoS. No messages will be sent to it. Last incompatible policy: DURABILITY_QOS_POLICY
[WARN] [1759328304.605087509] [rosbag2_recorder]: New publisher discovered on topic '/tf', offering incompatible QoS. No messages will be sent to it. Last incompatible policy: DURABILITY_QOS_POLICY
[WARN] [1759328304.608028164] [rosbag2_recorder]: New publisher discovered on topic '/tf', offering incompatible QoS. No messages will be sent to it. Last incompatible policy: DURABILITY_QOS_POLICY
[WARN] [1759328304.624241577] [rosbag2_recorder]: A new publisher for subscribed topic /tf was found offering RMW_QOS_POLICY_DURABILITY_VOLATILE, but rosbag2 already subscribed requesting RMW_QOS_POLICY_DURABILITY_TRANSIENT_LOCAL. Messages from this new publisher will not be recorded.
[WARN] [1759328304.624285023] [rosbag2_recorder]: A new publisher for subscribed topic /tf was found offering RMW_QOS_POLICY_DURABILITY_VOLATILE, but rosbag2 already subscribed requesting RMW_QOS_POLICY_DURABILITY_TRANSIENT_LOCAL. Messages from this new publisher will not be recorded.
[WARN] [1759328304.624289250] [rosbag2_recorder]: A new publisher for subscribed topic /tf was found offering RMW_QOS_POLICY_DURABILITY_VOLATILE, but rosbag2 already subscribed requesting RMW_QOS_POLICY_DURABILITY_TRANSIENT_LOCAL. Messages from this new publisher will not be recorded.
[INFO] [1759328304.625815529] [rosbag2_recorder]: Subscribed to topic '/scan'
[INFO] [1759328304.625863019] [rosbag2_recorder]: All requested topics are subscribed. Stopping discovery...
[INFO] [1759328319.479623505] [rosbag2_cpp]: Writing remaining messages from cache to the bag. It may take a while
[INFO] [1759328319.480239642] [rosbag2_recorder]: Event publisher thread: Exiting
[INFO] [1759328319.480279301] [rosbag2_recorder]: Recording stopped
