stdin is not a terminal device. Keyboard handling disabled.[INFO] [1759572248.294199774] [rosbag2_recorder]: Press SPACE for pausing/resuming
[INFO] [1759572248.295012576] [rosbag2_storage]: Opened database '/home/mobrob/ros_ws/bags/world36_1004_030408/world36_1004_030408_0.db3' for READ_WRITE.
[INFO] [1759572248.295509513] [rosbag2_recorder]: Listening for topics...
[INFO] [1759572248.295521880] [rosbag2_recorder]: Event publisher thread: Starting
[INFO] [1759572248.295606093] [rosbag2_recorder]: Recording...
[INFO] [1759572248.399511827] [rosbag2_recorder]: Subscribed to topic '/odom'
[INFO] [1759572248.402009178] [rosbag2_recorder]: Subscribed to topic '/scan'
[INFO] [1759572248.404259222] [rosbag2_recorder]: Subscribed to topic '/tf'
[WARN] [1759572248.415115391] [rosbag2_recorder]: New publisher discovered on topic '/tf', offering incompatible QoS. No messages will be sent to it. Last incompatible policy: DURABILITY_QOS_POLICY
[WARN] [1759572248.505619878] [rosbag2_recorder]: A new publisher for subscribed topic /tf was found offering RMW_QOS_POLICY_DURABILITY_VOLATILE, but rosbag2 already subscribed requesting RMW_QOS_POLICY_DURABILITY_TRANSIENT_LOCAL. Messages from this new publisher will not be recorded.
[INFO] [1759572248.506530724] [rosbag2_recorder]: Subscribed to topic '/tf_static'
[WARN] [1759572249.319144036] [rosbag2_recorder]: New publisher discovered on topic '/tf', offering incompatible QoS. No messages will be sent to it. Last incompatible policy: DURABILITY_QOS_POLICY
[INFO] [1759572249.328648205] [rosbag2_recorder]: Subscribed to topic '/cmd_vel'
[INFO] [1759572249.331576062] [rosbag2_recorder]: Subscribed to topic '/plan_barn'
[INFO] [1759572249.334302359] [rosbag2_recorder]: Subscribed to topic '/plan_barn_odom'
[INFO] [1759572249.334343615] [rosbag2_recorder]: All requested topics are subscribed. Stopping discovery...
[WARN] [1759572249.334981402] [rosbag2_recorder]: New publisher discovered on topic '/tf', offering incompatible QoS. No messages will be sent to it. Last incompatible policy: DURABILITY_QOS_POLICY
[INFO] [1759572307.172790510] [rosbag2_cpp]: Writing remaining messages from cache to the bag. It may take a while
[INFO] [1759572307.173367280] [rosbag2_recorder]: Event publisher thread: Exiting
[INFO] [1759572307.173414206] [rosbag2_recorder]: Recording stopped
