stdin is not a terminal device. Keyboard handling disabled.[INFO] [1759440967.254878943] [rosbag2_recorder]: Press SPACE for pausing/resuming
[INFO] [1759440967.255750445] [rosbag2_storage]: Opened database '/home/mobrob/ros_ws/bags/world75_1002_143607/world75_1002_143607_0.db3' for READ_WRITE.
[INFO] [1759440967.256297840] [rosbag2_recorder]: Listening for topics...
[INFO] [1759440967.256304935] [rosbag2_recorder]: Event publisher thread: Starting
[INFO] [1759440967.256432818] [rosbag2_recorder]: Recording...
[INFO] [1759440967.364844806] [rosbag2_recorder]: Subscribed to topic '/cmd_vel'
[INFO] [1759440967.367120520] [rosbag2_recorder]: Subscribed to topic '/odom'
[INFO] [1759440967.369036936] [rosbag2_recorder]: Subscribed to topic '/scan'
[INFO] [1759440967.371322048] [rosbag2_recorder]: Subscribed to topic '/tf'
[INFO] [1759440967.372677509] [rosbag2_recorder]: Subscribed to topic '/tf_static'
[WARN] [1759440968.264635696] [rosbag2_recorder]: New publisher discovered on topic '/tf', offering incompatible QoS. No messages will be sent to it. Last incompatible policy: DURABILITY_QOS_POLICY
[WARN] [1759440968.300231393] [rosbag2_recorder]: A new publisher for subscribed topic /tf was found offering RMW_QOS_POLICY_DURABILITY_VOLATILE, but rosbag2 already subscribed requesting RMW_QOS_POLICY_DURABILITY_TRANSIENT_LOCAL. Messages from this new publisher will not be recorded.
[WARN] [1759440968.300604204] [rosbag2_recorder]: New publisher discovered on topic '/tf', offering incompatible QoS. No messages will be sent to it. Last incompatible policy: DURABILITY_QOS_POLICY
[WARN] [1759440969.273554898] [rosbag2_recorder]: New publisher discovered on topic '/tf', offering incompatible QoS. No messages will be sent to it. Last incompatible policy: DURABILITY_QOS_POLICY
[INFO] [1759440969.357707293] [rosbag2_recorder]: Subscribed to topic '/plan_barn'
[INFO] [1759440969.359271131] [rosbag2_recorder]: Subscribed to topic '/plan_barn_odom'
[INFO] [1759440969.359299855] [rosbag2_recorder]: All requested topics are subscribed. Stopping discovery...
[INFO] [1759441026.111554068] [rosbag2_cpp]: Writing remaining messages from cache to the bag. It may take a while
[INFO] [1759441026.112404161] [rosbag2_recorder]: Event publisher thread: Exiting
[INFO] [1759441026.112459099] [rosbag2_recorder]: Recording stopped
