stdin is not a terminal device. Keyboard handling disabled.[INFO] [1759620711.157295134] [rosbag2_recorder]: Press SPACE for pausing/resuming
[INFO] [1759620711.158440499] [rosbag2_storage]: Opened database '/home/mobrob/ros_ws/bags/world12_1004_163151/world12_1004_163151_0.db3' for READ_WRITE.
[INFO] [1759620711.159170803] [rosbag2_recorder]: Listening for topics...
[INFO] [1759620711.159188886] [rosbag2_recorder]: Event publisher thread: Starting
[INFO] [1759620711.159360900] [rosbag2_recorder]: Recording...
[INFO] [1759620711.264395899] [rosbag2_recorder]: Subscribed to topic '/cmd_vel'
[INFO] [1759620711.269479301] [rosbag2_recorder]: Subscribed to topic '/odom'
[INFO] [1759620711.271720486] [rosbag2_recorder]: Subscribed to topic '/tf'
[INFO] [1759620711.375798734] [rosbag2_recorder]: Subscribed to topic '/plan_barn'
[INFO] [1759620711.376752782] [rosbag2_recorder]: Subscribed to topic '/plan_barn_odom'
[WARN] [1759620712.157449615] [rosbag2_recorder]: New publisher discovered on topic '/tf', offering incompatible QoS. No messages will be sent to it. Last incompatible policy: DURABILITY_QOS_POLICY
[WARN] [1759620712.200899427] [rosbag2_recorder]: A new publisher for subscribed topic /tf was found offering RMW_QOS_POLICY_DURABILITY_VOLATILE, but rosbag2 already subscribed requesting RMW_QOS_POLICY_DURABILITY_TRANSIENT_LOCAL. Messages from this new publisher will not be recorded.
[INFO] [1759620712.211639231] [rosbag2_recorder]: Subscribed to topic '/tf_static'
[WARN] [1759620712.228680041] [rosbag2_recorder]: New publisher discovered on topic '/tf', offering incompatible QoS. No messages will be sent to it. Last incompatible policy: DURABILITY_QOS_POLICY
[INFO] [1759620712.317628998] [rosbag2_recorder]: Subscribed to topic '/scan'
[INFO] [1759620712.317673954] [rosbag2_recorder]: All requested topics are subscribed. Stopping discovery...
[WARN] [1759620713.157128260] [rosbag2_recorder]: New publisher discovered on topic '/tf', offering incompatible QoS. No messages will be sent to it. Last incompatible policy: DURABILITY_QOS_POLICY
[INFO] [1759620825.006580723] [rosbag2_cpp]: Writing remaining messages from cache to the bag. It may take a while
[INFO] [1759620825.007376337] [rosbag2_recorder]: Event publisher thread: Exiting
[INFO] [1759620825.007418399] [rosbag2_recorder]: Recording stopped
