stdin is not a terminal device. Keyboard handling disabled.[INFO] [1759537887.044085365] [rosbag2_recorder]: Press SPACE for pausing/resuming
[INFO] [1759537887.045403013] [rosbag2_storage]: Opened database '/home/mobrob/ros_ws/bags/world203_1003_173126/world203_1003_173126_0.db3' for READ_WRITE.
[INFO] [1759537887.046571090] [rosbag2_recorder]: Listening for topics...
[INFO] [1759537887.046607149] [rosbag2_recorder]: Event publisher thread: Starting
[INFO] [1759537887.046687472] [rosbag2_recorder]: Recording...
[INFO] [1759537887.453310002] [rosbag2_recorder]: Subscribed to topic '/odom'
[INFO] [1759537887.454457160] [rosbag2_recorder]: Subscribed to topic '/tf'
[WARN] [1759537887.581444062] [rosbag2_recorder]: New publisher discovered on topic '/tf', offering incompatible QoS. No messages will be sent to it. Last incompatible policy: DURABILITY_QOS_POLICY
[WARN] [1759537887.657400622] [rosbag2_recorder]: A new publisher for subscribed topic /tf was found offering RMW_QOS_POLICY_DURABILITY_VOLATILE, but rosbag2 already subscribed requesting RMW_QOS_POLICY_DURABILITY_TRANSIENT_LOCAL. Messages from this new publisher will not be recorded.
[INFO] [1759537887.658887860] [rosbag2_recorder]: Subscribed to topic '/tf_static'
[INFO] [1759537888.074280843] [rosbag2_recorder]: Subscribed to topic '/cmd_vel'
[INFO] [1759537888.077738652] [rosbag2_recorder]: Subscribed to topic '/scan'
[WARN] [1759537888.079539882] [rosbag2_recorder]: New publisher discovered on topic '/tf', offering incompatible QoS. No messages will be sent to it. Last incompatible policy: DURABILITY_QOS_POLICY
[WARN] [1759537888.080423924] [rosbag2_recorder]: New publisher discovered on topic '/tf', offering incompatible QoS. No messages will be sent to it. Last incompatible policy: DURABILITY_QOS_POLICY
[INFO] [1759537888.182661941] [rosbag2_recorder]: Subscribed to topic '/plan_barn'
[INFO] [1759537888.184000606] [rosbag2_recorder]: Subscribed to topic '/plan_barn_odom'
[INFO] [1759537888.184022975] [rosbag2_recorder]: All requested topics are subscribed. Stopping discovery...
[INFO] [1759538011.905101273] [rosbag2_cpp]: Writing remaining messages from cache to the bag. It may take a while
[INFO] [1759538011.905806960] [rosbag2_recorder]: Event publisher thread: Exiting
[INFO] [1759538011.905853001] [rosbag2_recorder]: Recording stopped
