stdin is not a terminal device. Keyboard handling disabled.[INFO] [1759317473.655976022] [rosbag2_recorder]: Press SPACE for pausing/resuming
[INFO] [1759317473.656886737] [rosbag2_storage]: Opened database '/home/mobrob/ros_ws/bags/world187_1001_041753/world187_1001_041753_0.db3' for READ_WRITE.
[INFO] [1759317473.657826175] [rosbag2_recorder]: Listening for topics...
[INFO] [1759317473.657838309] [rosbag2_recorder]: Event publisher thread: Starting
[INFO] [1759317473.657987662] [rosbag2_recorder]: Recording...
[INFO] [1759317473.761262749] [rosbag2_recorder]: Subscribed to topic '/odom'
[INFO] [1759317473.764389303] [rosbag2_recorder]: Subscribed to topic '/plan_barn_odom'
[INFO] [1759317473.766567818] [rosbag2_recorder]: Subscribed to topic '/scan'
[INFO] [1759317473.768563627] [rosbag2_recorder]: Subscribed to topic '/tf'
[WARN] [1759317473.901482022] [rosbag2_recorder]: New publisher discovered on topic '/tf', offering incompatible QoS. No messages will be sent to it. Last incompatible policy: DURABILITY_QOS_POLICY
[WARN] [1759317473.971519319] [rosbag2_recorder]: A new publisher for subscribed topic /tf was found offering RMW_QOS_POLICY_DURABILITY_VOLATILE, but rosbag2 already subscribed requesting RMW_QOS_POLICY_DURABILITY_TRANSIENT_LOCAL. Messages from this new publisher will not be recorded.
[INFO] [1759317473.972767977] [rosbag2_recorder]: Subscribed to topic '/tf_static'
[INFO] [1759317474.689835863] [rosbag2_recorder]: Subscribed to topic '/cmd_vel'
[WARN] [1759317474.694375751] [rosbag2_recorder]: New publisher discovered on topic '/tf', offering incompatible QoS. No messages will be sent to it. Last incompatible policy: DURABILITY_QOS_POLICY
[WARN] [1759317474.700420374] [rosbag2_recorder]: New publisher discovered on topic '/tf', offering incompatible QoS. No messages will be sent to it. Last incompatible policy: DURABILITY_QOS_POLICY
[INFO] [1759317475.728895102] [rosbag2_recorder]: Subscribed to topic '/plan_barn'
[INFO] [1759317475.728948312] [rosbag2_recorder]: All requested topics are subscribed. Stopping discovery...
[INFO] [1759317556.510017555] [rosbag2_cpp]: Writing remaining messages from cache to the bag. It may take a while
[INFO] [1759317556.510884105] [rosbag2_recorder]: Event publisher thread: Exiting
[INFO] [1759317556.510930419] [rosbag2_recorder]: Recording stopped
