stdin is not a terminal device. Keyboard handling disabled.[INFO] [1759342713.550965276] [rosbag2_recorder]: Press SPACE for pausing/resuming
[INFO] [1759342713.551734415] [rosbag2_storage]: Opened database '/home/mobrob/ros_ws/bags/world69_1001_111833/world69_1001_111833_0.db3' for READ_WRITE.
[INFO] [1759342713.552295653] [rosbag2_recorder]: Listening for topics...
[INFO] [1759342713.552310533] [rosbag2_recorder]: Event publisher thread: Starting
[INFO] [1759342713.552383484] [rosbag2_recorder]: Recording...
[INFO] [1759342713.923573268] [rosbag2_recorder]: Subscribed to topic '/tf_static'
[INFO] [1759342714.327212298] [rosbag2_recorder]: Subscribed to topic '/odom'
[INFO] [1759342714.328081359] [rosbag2_recorder]: Subscribed to topic '/tf'
[WARN] [1759342714.560428269] [rosbag2_recorder]: New publisher discovered on topic '/tf', offering incompatible QoS. No messages will be sent to it. Last incompatible policy: DURABILITY_QOS_POLICY
[WARN] [1759342714.566749198] [rosbag2_recorder]: New publisher discovered on topic '/tf', offering incompatible QoS. No messages will be sent to it. Last incompatible policy: DURABILITY_QOS_POLICY
[WARN] [1759342714.635797107] [rosbag2_recorder]: A new publisher for subscribed topic /tf was found offering RMW_QOS_POLICY_DURABILITY_VOLATILE, but rosbag2 already subscribed requesting RMW_QOS_POLICY_DURABILITY_TRANSIENT_LOCAL. Messages from this new publisher will not be recorded.
[WARN] [1759342714.635853455] [rosbag2_recorder]: A new publisher for subscribed topic /tf was found offering RMW_QOS_POLICY_DURABILITY_VOLATILE, but rosbag2 already subscribed requesting RMW_QOS_POLICY_DURABILITY_TRANSIENT_LOCAL. Messages from this new publisher will not be recorded.
[INFO] [1759342714.637334803] [rosbag2_recorder]: Subscribed to topic '/cmd_vel'
[INFO] [1759342714.638531759] [rosbag2_recorder]: Subscribed to topic '/plan_barn'
[INFO] [1759342714.639525888] [rosbag2_recorder]: Subscribed to topic '/plan_barn_odom'
[INFO] [1759342714.641145776] [rosbag2_recorder]: Subscribed to topic '/scan'
[INFO] [1759342714.641179382] [rosbag2_recorder]: All requested topics are subscribed. Stopping discovery...
[WARN] [1759342715.555133246] [rosbag2_recorder]: New publisher discovered on topic '/tf', offering incompatible QoS. No messages will be sent to it. Last incompatible policy: DURABILITY_QOS_POLICY
[INFO] [1759342729.468888632] [rosbag2_cpp]: Writing remaining messages from cache to the bag. It may take a while
[INFO] [1759342729.469495626] [rosbag2_recorder]: Event publisher thread: Exiting
[INFO] [1759342729.469548393] [rosbag2_recorder]: Recording stopped
