stdin is not a terminal device. Keyboard handling disabled.[INFO] [1759564075.993813857] [rosbag2_recorder]: Press SPACE for pausing/resuming
[INFO] [1759564075.995119299] [rosbag2_storage]: Opened database '/home/mobrob/ros_ws/bags/world69_1004_004755/world69_1004_004755_0.db3' for READ_WRITE.
[INFO] [1759564075.996844384] [rosbag2_recorder]: Listening for topics...
[INFO] [1759564075.997071102] [rosbag2_recorder]: Event publisher thread: Starting
[INFO] [1759564075.997076549] [rosbag2_recorder]: Recording...
[INFO] [1759564076.101539272] [rosbag2_recorder]: Subscribed to topic '/odom'
[INFO] [1759564076.103340519] [rosbag2_recorder]: Subscribed to topic '/scan'
[INFO] [1759564076.105202757] [rosbag2_recorder]: Subscribed to topic '/tf'
[WARN] [1759564076.224092718] [rosbag2_recorder]: New publisher discovered on topic '/tf', offering incompatible QoS. No messages will be sent to it. Last incompatible policy: DURABILITY_QOS_POLICY
[WARN] [1759564076.307975935] [rosbag2_recorder]: A new publisher for subscribed topic /tf was found offering RMW_QOS_POLICY_DURABILITY_VOLATILE, but rosbag2 already subscribed requesting RMW_QOS_POLICY_DURABILITY_TRANSIENT_LOCAL. Messages from this new publisher will not be recorded.
[INFO] [1759564076.309288750] [rosbag2_recorder]: Subscribed to topic '/cmd_vel'
[INFO] [1759564076.310207958] [rosbag2_recorder]: Subscribed to topic '/tf_static'
[WARN] [1759564077.009569830] [rosbag2_recorder]: New publisher discovered on topic '/tf', offering incompatible QoS. No messages will be sent to it. Last incompatible policy: DURABILITY_QOS_POLICY
[INFO] [1759564077.026055127] [rosbag2_recorder]: Subscribed to topic '/plan_barn'
[WARN] [1759564077.028147359] [rosbag2_recorder]: New publisher discovered on topic '/tf', offering incompatible QoS. No messages will be sent to it. Last incompatible policy: DURABILITY_QOS_POLICY
[INFO] [1759564077.030467176] [rosbag2_recorder]: Subscribed to topic '/plan_barn_odom'
[INFO] [1759564077.030511466] [rosbag2_recorder]: All requested topics are subscribed. Stopping discovery...
[INFO] [1759564179.861495215] [rosbag2_cpp]: Writing remaining messages from cache to the bag. It may take a while
[INFO] [1759564179.862056847] [rosbag2_recorder]: Event publisher thread: Exiting
[INFO] [1759564179.862086563] [rosbag2_recorder]: Recording stopped
