stdin is not a terminal device. Keyboard handling disabled.[INFO] [1759595490.727112516] [rosbag2_recorder]: Press SPACE for pausing/resuming
[INFO] [1759595490.728331016] [rosbag2_storage]: Opened database '/home/mobrob/ros_ws/bags/world266_1004_093130/world266_1004_093130_0.db3' for READ_WRITE.
[INFO] [1759595490.729032118] [rosbag2_recorder]: Listening for topics...
[INFO] [1759595490.729059630] [rosbag2_recorder]: Event publisher thread: Starting
[INFO] [1759595490.729153280] [rosbag2_recorder]: Recording...
[INFO] [1759595491.233485360] [rosbag2_recorder]: Subscribed to topic '/cmd_vel'
[INFO] [1759595491.234472530] [rosbag2_recorder]: Subscribed to topic '/odom'
[INFO] [1759595491.235412481] [rosbag2_recorder]: Subscribed to topic '/tf'
[WARN] [1759595491.729729320] [rosbag2_recorder]: New publisher discovered on topic '/tf', offering incompatible QoS. No messages will be sent to it. Last incompatible policy: DURABILITY_QOS_POLICY
[WARN] [1759595491.746498225] [rosbag2_recorder]: A new publisher for subscribed topic /tf was found offering RMW_QOS_POLICY_DURABILITY_VOLATILE, but rosbag2 already subscribed requesting RMW_QOS_POLICY_DURABILITY_TRANSIENT_LOCAL. Messages from this new publisher will not be recorded.
[INFO] [1759595491.753309185] [rosbag2_recorder]: Subscribed to topic '/scan'
[WARN] [1759595491.754358961] [rosbag2_recorder]: New publisher discovered on topic '/tf', offering incompatible QoS. No messages will be sent to it. Last incompatible policy: DURABILITY_QOS_POLICY
[INFO] [1759595491.756856386] [rosbag2_recorder]: Subscribed to topic '/tf_static'
[WARN] [1759595491.760676917] [rosbag2_recorder]: New publisher discovered on topic '/tf', offering incompatible QoS. No messages will be sent to it. Last incompatible policy: DURABILITY_QOS_POLICY
[INFO] [1759595491.862442774] [rosbag2_recorder]: Subscribed to topic '/plan_barn'
[INFO] [1759595491.863818101] [rosbag2_recorder]: Subscribed to topic '/plan_barn_odom'
[INFO] [1759595491.863840430] [rosbag2_recorder]: All requested topics are subscribed. Stopping discovery...
[INFO] [1759595842.598815540] [rosbag2_cpp]: Writing remaining messages from cache to the bag. It may take a while
[INFO] [1759595842.599712177] [rosbag2_recorder]: Event publisher thread: Exiting
[INFO] [1759595842.599745055] [rosbag2_recorder]: Recording stopped
