stdin is not a terminal device. Keyboard handling disabled.[INFO] [1759405337.606942885] [rosbag2_recorder]: Press SPACE for pausing/resuming
[INFO] [1759405337.608306833] [rosbag2_storage]: Opened database '/home/mobrob/ros_ws/bags/world203_1002_044217/world203_1002_044217_0.db3' for READ_WRITE.
[INFO] [1759405337.609086756] [rosbag2_recorder]: Listening for topics...
[INFO] [1759405337.609099380] [rosbag2_recorder]: Event publisher thread: Starting
[INFO] [1759405337.609239922] [rosbag2_recorder]: Recording...
[INFO] [1759405337.716700971] [rosbag2_recorder]: Subscribed to topic '/odom'
[INFO] [1759405337.719487833] [rosbag2_recorder]: Subscribed to topic '/tf'
[WARN] [1759405337.726512980] [rosbag2_recorder]: New publisher discovered on topic '/tf', offering incompatible QoS. No messages will be sent to it. Last incompatible policy: DURABILITY_QOS_POLICY
[WARN] [1759405337.820719355] [rosbag2_recorder]: A new publisher for subscribed topic /tf was found offering RMW_QOS_POLICY_DURABILITY_VOLATILE, but rosbag2 already subscribed requesting RMW_QOS_POLICY_DURABILITY_TRANSIENT_LOCAL. Messages from this new publisher will not be recorded.
[INFO] [1759405337.822525801] [rosbag2_recorder]: Subscribed to topic '/tf_static'
[WARN] [1759405338.606293762] [rosbag2_recorder]: New publisher discovered on topic '/tf', offering incompatible QoS. No messages will be sent to it. Last incompatible policy: DURABILITY_QOS_POLICY
[INFO] [1759405338.636948440] [rosbag2_recorder]: Subscribed to topic '/plan_barn'
[INFO] [1759405338.643412966] [rosbag2_recorder]: Subscribed to topic '/plan_barn_odom'
[INFO] [1759405338.748070097] [rosbag2_recorder]: Subscribed to topic '/cmd_vel'
[INFO] [1759405338.750000939] [rosbag2_recorder]: Subscribed to topic '/scan'
[INFO] [1759405338.750030373] [rosbag2_recorder]: All requested topics are subscribed. Stopping discovery...
[WARN] [1759405339.630053229] [rosbag2_recorder]: New publisher discovered on topic '/tf', offering incompatible QoS. No messages will be sent to it. Last incompatible policy: DURABILITY_QOS_POLICY
[INFO] [1759405401.473997434] [rosbag2_cpp]: Writing remaining messages from cache to the bag. It may take a while
[INFO] [1759405401.474878252] [rosbag2_recorder]: Event publisher thread: Exiting
[INFO] [1759405401.474922712] [rosbag2_recorder]: Recording stopped
