stdin is not a terminal device. Keyboard handling disabled.[INFO] [1759541863.107342575] [rosbag2_recorder]: Press SPACE for pausing/resuming
[INFO] [1759541863.108237464] [rosbag2_storage]: Opened database '/home/mobrob/ros_ws/bags/world69_1003_183742/world69_1003_183742_0.db3' for READ_WRITE.
[INFO] [1759541863.108744135] [rosbag2_recorder]: Listening for topics...
[INFO] [1759541863.108756384] [rosbag2_recorder]: Event publisher thread: Starting
[INFO] [1759541863.108808036] [rosbag2_recorder]: Recording...
[INFO] [1759541863.613303186] [rosbag2_recorder]: Subscribed to topic '/cmd_vel'
[INFO] [1759541863.615057087] [rosbag2_recorder]: Subscribed to topic '/odom'
[INFO] [1759541863.616626463] [rosbag2_recorder]: Subscribed to topic '/tf'
[WARN] [1759541864.113899679] [rosbag2_recorder]: New publisher discovered on topic '/tf', offering incompatible QoS. No messages will be sent to it. Last incompatible policy: DURABILITY_QOS_POLICY
[WARN] [1759541864.117587339] [rosbag2_recorder]: New publisher discovered on topic '/tf', offering incompatible QoS. No messages will be sent to it. Last incompatible policy: DURABILITY_QOS_POLICY
[WARN] [1759541864.133435222] [rosbag2_recorder]: A new publisher for subscribed topic /tf was found offering RMW_QOS_POLICY_DURABILITY_VOLATILE, but rosbag2 already subscribed requesting RMW_QOS_POLICY_DURABILITY_TRANSIENT_LOCAL. Messages from this new publisher will not be recorded.
[WARN] [1759541864.134079506] [rosbag2_recorder]: A new publisher for subscribed topic /tf was found offering RMW_QOS_POLICY_DURABILITY_VOLATILE, but rosbag2 already subscribed requesting RMW_QOS_POLICY_DURABILITY_TRANSIENT_LOCAL. Messages from this new publisher will not be recorded.
[INFO] [1759541864.142962528] [rosbag2_recorder]: Subscribed to topic '/tf_static'
[WARN] [1759541864.151572564] [rosbag2_recorder]: New publisher discovered on topic '/tf', offering incompatible QoS. No messages will be sent to it. Last incompatible policy: DURABILITY_QOS_POLICY
[INFO] [1759541864.247534107] [rosbag2_recorder]: Subscribed to topic '/plan_barn'
[INFO] [1759541864.248706376] [rosbag2_recorder]: Subscribed to topic '/plan_barn_odom'
[INFO] [1759541864.250591594] [rosbag2_recorder]: Subscribed to topic '/scan'
[INFO] [1759541864.250617472] [rosbag2_recorder]: All requested topics are subscribed. Stopping discovery...
[INFO] [1759542059.975556753] [rosbag2_cpp]: Writing remaining messages from cache to the bag. It may take a while
[INFO] [1759542059.976138512] [rosbag2_recorder]: Event publisher thread: Exiting
[INFO] [1759542059.976186042] [rosbag2_recorder]: Recording stopped
