stdin is not a terminal device. Keyboard handling disabled.[INFO] [1759433549.694886806] [rosbag2_recorder]: Press SPACE for pausing/resuming
[INFO] [1759433549.696224905] [rosbag2_storage]: Opened database '/home/mobrob/ros_ws/bags/world266_1002_123229/world266_1002_123229_0.db3' for READ_WRITE.
[INFO] [1759433549.697373278] [rosbag2_recorder]: Listening for topics...
[INFO] [1759433549.697521069] [rosbag2_recorder]: Event publisher thread: Starting
[INFO] [1759433549.698149313] [rosbag2_recorder]: Recording...
[INFO] [1759433550.504801164] [rosbag2_recorder]: Subscribed to topic '/cmd_vel'
[INFO] [1759433550.506227151] [rosbag2_recorder]: Subscribed to topic '/odom'
[INFO] [1759433550.507466786] [rosbag2_recorder]: Subscribed to topic '/tf'
[WARN] [1759433550.678820549] [rosbag2_recorder]: New publisher discovered on topic '/tf', offering incompatible QoS. No messages will be sent to it. Last incompatible policy: DURABILITY_QOS_POLICY
[WARN] [1759433550.682064578] [rosbag2_recorder]: New publisher discovered on topic '/tf', offering incompatible QoS. No messages will be sent to it. Last incompatible policy: DURABILITY_QOS_POLICY
[WARN] [1759433550.715078385] [rosbag2_recorder]: A new publisher for subscribed topic /tf was found offering RMW_QOS_POLICY_DURABILITY_VOLATILE, but rosbag2 already subscribed requesting RMW_QOS_POLICY_DURABILITY_TRANSIENT_LOCAL. Messages from this new publisher will not be recorded.
[WARN] [1759433550.715128277] [rosbag2_recorder]: A new publisher for subscribed topic /tf was found offering RMW_QOS_POLICY_DURABILITY_VOLATILE, but rosbag2 already subscribed requesting RMW_QOS_POLICY_DURABILITY_TRANSIENT_LOCAL. Messages from this new publisher will not be recorded.
[INFO] [1759433550.720103330] [rosbag2_recorder]: Subscribed to topic '/tf_static'
[INFO] [1759433550.826876469] [rosbag2_recorder]: Subscribed to topic '/plan_barn'
[INFO] [1759433550.828459850] [rosbag2_recorder]: Subscribed to topic '/plan_barn_odom'
[INFO] [1759433550.830462817] [rosbag2_recorder]: Subscribed to topic '/scan'
[INFO] [1759433550.830489593] [rosbag2_recorder]: All requested topics are subscribed. Stopping discovery...
[WARN] [1759433551.720703913] [rosbag2_recorder]: New publisher discovered on topic '/tf', offering incompatible QoS. No messages will be sent to it. Last incompatible policy: DURABILITY_QOS_POLICY
[INFO] [1759433587.543930766] [rosbag2_cpp]: Writing remaining messages from cache to the bag. It may take a while
[INFO] [1759433587.544579292] [rosbag2_recorder]: Event publisher thread: Exiting
[INFO] [1759433587.544611666] [rosbag2_recorder]: Recording stopped
