stdin is not a terminal device. Keyboard handling disabled.[INFO] [1759321196.294099516] [rosbag2_recorder]: Press SPACE for pausing/resuming
[INFO] [1759321196.295473390] [rosbag2_storage]: Opened database '/home/mobrob/ros_ws/bags/world12_1001_051956/world12_1001_051956_0.db3' for READ_WRITE.
[INFO] [1759321196.296477300] [rosbag2_recorder]: Listening for topics...
[INFO] [1759321196.296623415] [rosbag2_recorder]: Recording...
[INFO] [1759321196.297612329] [rosbag2_recorder]: Event publisher thread: Starting
[INFO] [1759321196.400929320] [rosbag2_recorder]: Subscribed to topic '/tf_static'
[INFO] [1759321196.504080744] [rosbag2_recorder]: Subscribed to topic '/cmd_vel'
[INFO] [1759321196.505456196] [rosbag2_recorder]: Subscribed to topic '/odom'
[INFO] [1759321196.506407631] [rosbag2_recorder]: Subscribed to topic '/tf'
[INFO] [1759321196.609948802] [rosbag2_recorder]: Subscribed to topic '/scan'
[WARN] [1759321197.321606413] [rosbag2_recorder]: New publisher discovered on topic '/tf', offering incompatible QoS. No messages will be sent to it. Last incompatible policy: DURABILITY_QOS_POLICY
[WARN] [1759321197.328397496] [rosbag2_recorder]: A new publisher for subscribed topic /tf was found offering RMW_QOS_POLICY_DURABILITY_VOLATILE, but rosbag2 already subscribed requesting RMW_QOS_POLICY_DURABILITY_TRANSIENT_LOCAL. Messages from this new publisher will not be recorded.
[INFO] [1759321197.334347753] [rosbag2_recorder]: Subscribed to topic '/plan_barn'
[INFO] [1759321197.342572473] [rosbag2_recorder]: Subscribed to topic '/plan_barn_odom'
[INFO] [1759321197.342688500] [rosbag2_recorder]: All requested topics are subscribed. Stopping discovery...
[WARN] [1759321198.291201827] [rosbag2_recorder]: New publisher discovered on topic '/tf', offering incompatible QoS. No messages will be sent to it. Last incompatible policy: DURABILITY_QOS_POLICY
[WARN] [1759321198.291750484] [rosbag2_recorder]: New publisher discovered on topic '/tf', offering incompatible QoS. No messages will be sent to it. Last incompatible policy: DURABILITY_QOS_POLICY
[INFO] [1759327591.142529235] [rosbag2_cpp]: Writing remaining messages from cache to the bag. It may take a while
[INFO] [1759327591.143547030] [rosbag2_recorder]: Event publisher thread: Exiting
[INFO] [1759327591.143608514] [rosbag2_recorder]: Recording stopped
