stdin is not a terminal device. Keyboard handling disabled.[INFO] [1759407137.940559187] [rosbag2_recorder]: Press SPACE for pausing/resuming
[INFO] [1759407137.941878198] [rosbag2_storage]: Opened database '/home/mobrob/ros_ws/bags/world210_1002_051217/world210_1002_051217_0.db3' for READ_WRITE.
[INFO] [1759407137.942495826] [rosbag2_recorder]: Listening for topics...
[INFO] [1759407137.942607192] [rosbag2_recorder]: Recording...
[INFO] [1759407137.944728819] [rosbag2_recorder]: Event publisher thread: Starting
[INFO] [1759407138.046803896] [rosbag2_recorder]: Subscribed to topic '/cmd_vel'
[INFO] [1759407138.050603973] [rosbag2_recorder]: Subscribed to topic '/odom'
[INFO] [1759407138.054258373] [rosbag2_recorder]: Subscribed to topic '/tf'
[WARN] [1759407138.187880092] [rosbag2_recorder]: New publisher discovered on topic '/tf', offering incompatible QoS. No messages will be sent to it. Last incompatible policy: DURABILITY_QOS_POLICY
[WARN] [1759407138.256126127] [rosbag2_recorder]: A new publisher for subscribed topic /tf was found offering RMW_QOS_POLICY_DURABILITY_VOLATILE, but rosbag2 already subscribed requesting RMW_QOS_POLICY_DURABILITY_TRANSIENT_LOCAL. Messages from this new publisher will not be recorded.
[INFO] [1759407138.256996793] [rosbag2_recorder]: Subscribed to topic '/tf_static'
[WARN] [1759407138.978728771] [rosbag2_recorder]: New publisher discovered on topic '/tf', offering incompatible QoS. No messages will be sent to it. Last incompatible policy: DURABILITY_QOS_POLICY
[WARN] [1759407138.986222522] [rosbag2_recorder]: New publisher discovered on topic '/tf', offering incompatible QoS. No messages will be sent to it. Last incompatible policy: DURABILITY_QOS_POLICY
[INFO] [1759407139.071915014] [rosbag2_recorder]: Subscribed to topic '/plan_barn'
[INFO] [1759407139.073035439] [rosbag2_recorder]: Subscribed to topic '/plan_barn_odom'
[INFO] [1759407140.004618210] [rosbag2_recorder]: Subscribed to topic '/scan'
[INFO] [1759407140.004660503] [rosbag2_recorder]: All requested topics are subscribed. Stopping discovery...
[INFO] [1759407211.801829670] [rosbag2_cpp]: Writing remaining messages from cache to the bag. It may take a while
[INFO] [1759407211.802689909] [rosbag2_recorder]: Event publisher thread: Exiting
[INFO] [1759407211.802734837] [rosbag2_recorder]: Recording stopped
