stdin is not a terminal device. Keyboard handling disabled.[INFO] [1759446939.351075610] [rosbag2_recorder]: Press SPACE for pausing/resuming
[INFO] [1759446939.352479885] [rosbag2_storage]: Opened database '/home/mobrob/ros_ws/bags/world203_1002_161539/world203_1002_161539_0.db3' for READ_WRITE.
[INFO] [1759446939.353862536] [rosbag2_recorder]: Listening for topics...
[INFO] [1759446939.353875272] [rosbag2_recorder]: Event publisher thread: Starting
[INFO] [1759446939.353985983] [rosbag2_recorder]: Recording...
[INFO] [1759446939.557751143] [rosbag2_recorder]: Subscribed to topic '/cmd_vel'
[INFO] [1759446939.561935959] [rosbag2_recorder]: Subscribed to topic '/odom'
[INFO] [1759446939.563702351] [rosbag2_recorder]: Subscribed to topic '/tf'
[WARN] [1759446939.568036994] [rosbag2_recorder]: New publisher discovered on topic '/tf', offering incompatible QoS. No messages will be sent to it. Last incompatible policy: DURABILITY_QOS_POLICY
[WARN] [1759446939.665681372] [rosbag2_recorder]: A new publisher for subscribed topic /tf was found offering RMW_QOS_POLICY_DURABILITY_VOLATILE, but rosbag2 already subscribed requesting RMW_QOS_POLICY_DURABILITY_TRANSIENT_LOCAL. Messages from this new publisher will not be recorded.
[INFO] [1759446939.666792027] [rosbag2_recorder]: Subscribed to topic '/tf_static'
[WARN] [1759446940.358033774] [rosbag2_recorder]: New publisher discovered on topic '/tf', offering incompatible QoS. No messages will be sent to it. Last incompatible policy: DURABILITY_QOS_POLICY
[INFO] [1759446940.487716726] [rosbag2_recorder]: Subscribed to topic '/plan_barn'
[INFO] [1759446940.488847153] [rosbag2_recorder]: Subscribed to topic '/plan_barn_odom'
[INFO] [1759446940.490346791] [rosbag2_recorder]: Subscribed to topic '/scan'
[INFO] [1759446940.490370183] [rosbag2_recorder]: All requested topics are subscribed. Stopping discovery...
[WARN] [1759446941.356229420] [rosbag2_recorder]: New publisher discovered on topic '/tf', offering incompatible QoS. No messages will be sent to it. Last incompatible policy: DURABILITY_QOS_POLICY
[INFO] [1759447071.201168255] [rosbag2_cpp]: Writing remaining messages from cache to the bag. It may take a while
[INFO] [1759447071.201934260] [rosbag2_recorder]: Event publisher thread: Exiting
[INFO] [1759447071.201976245] [rosbag2_recorder]: Recording stopped
