stdin is not a terminal device. Keyboard handling disabled.[INFO] [1760229424.333277727] [rosbag2_recorder]: Press SPACE for pausing/resuming
[INFO] [1760229424.334083479] [rosbag2_storage]: Opened database '/home/mobrob/ros_ws/bags_2/world69_1011_173704/world69_1011_173704_0.db3' for READ_WRITE.
[INFO] [1760229424.334751544] [rosbag2_recorder]: Listening for topics...
[INFO] [1760229424.334763871] [rosbag2_recorder]: Event publisher thread: Starting
[INFO] [1760229424.334875030] [rosbag2_recorder]: Recording...
[INFO] [1760229424.438287950] [rosbag2_recorder]: Subscribed to topic '/odom'
[INFO] [1760229424.439390342] [rosbag2_recorder]: Subscribed to topic '/tf'
[INFO] [1760229424.440126653] [rosbag2_recorder]: Subscribed to topic '/tf_static'
[WARN] [1760229425.353588818] [rosbag2_recorder]: New publisher discovered on topic '/tf', offering incompatible QoS. No messages will be sent to it. Last incompatible policy: DURABILITY_QOS_POLICY
[INFO] [1760229425.355195303] [rosbag2_recorder]: Subscribed to topic '/scan'
[WARN] [1760229425.356762279] [rosbag2_recorder]: New publisher discovered on topic '/tf', offering incompatible QoS. No messages will be sent to it. Last incompatible policy: DURABILITY_QOS_POLICY
[WARN] [1760229425.365768966] [rosbag2_recorder]: New publisher discovered on topic '/tf', offering incompatible QoS. No messages will be sent to it. Last incompatible policy: DURABILITY_QOS_POLICY
[WARN] [1760229425.458950453] [rosbag2_recorder]: A new publisher for subscribed topic /tf was found offering RMW_QOS_POLICY_DURABILITY_VOLATILE, but rosbag2 already subscribed requesting RMW_QOS_POLICY_DURABILITY_TRANSIENT_LOCAL. Messages from this new publisher will not be recorded.
[WARN] [1760229425.458998028] [rosbag2_recorder]: A new publisher for subscribed topic /tf was found offering RMW_QOS_POLICY_DURABILITY_VOLATILE, but rosbag2 already subscribed requesting RMW_QOS_POLICY_DURABILITY_TRANSIENT_LOCAL. Messages from this new publisher will not be recorded.
[WARN] [1760229425.459008504] [rosbag2_recorder]: A new publisher for subscribed topic /tf was found offering RMW_QOS_POLICY_DURABILITY_VOLATILE, but rosbag2 already subscribed requesting RMW_QOS_POLICY_DURABILITY_TRANSIENT_LOCAL. Messages from this new publisher will not be recorded.
[INFO] [1760229425.460830702] [rosbag2_recorder]: Subscribed to topic '/cmd_vel'
[INFO] [1760229426.392306858] [rosbag2_recorder]: Subscribed to topic '/plan_barn'
[INFO] [1760229426.393238626] [rosbag2_recorder]: Subscribed to topic '/plan_barn_odom'
[INFO] [1760229426.393258549] [rosbag2_recorder]: All requested topics are subscribed. Stopping discovery...
[INFO] [1760229532.205634897] [rosbag2_cpp]: Writing remaining messages from cache to the bag. It may take a while
[INFO] [1760229532.206652155] [rosbag2_recorder]: Event publisher thread: Exiting
[INFO] [1760229532.206706865] [rosbag2_recorder]: Recording stopped
