stdin is not a terminal device. Keyboard handling disabled.[INFO] [1760200902.954651929] [rosbag2_recorder]: Press SPACE for pausing/resuming
[INFO] [1760200902.955921483] [rosbag2_storage]: Opened database '/home/mobrob/ros_ws/bags_2/world125_1011_094142/world125_1011_094142_0.db3' for READ_WRITE.
[INFO] [1760200902.957265466] [rosbag2_recorder]: Listening for topics...
[INFO] [1760200902.957274588] [rosbag2_recorder]: Event publisher thread: Starting
[INFO] [1760200902.957389509] [rosbag2_recorder]: Recording...
[INFO] [1760200903.062213417] [rosbag2_recorder]: Subscribed to topic '/cmd_vel'
[INFO] [1760200903.063682682] [rosbag2_recorder]: Subscribed to topic '/odom'
[INFO] [1760200903.065037772] [rosbag2_recorder]: Subscribed to topic '/tf'
[WARN] [1760200903.953172552] [rosbag2_recorder]: New publisher discovered on topic '/tf', offering incompatible QoS. No messages will be sent to it. Last incompatible policy: DURABILITY_QOS_POLICY
[WARN] [1760200903.957506832] [rosbag2_recorder]: New publisher discovered on topic '/tf', offering incompatible QoS. No messages will be sent to it. Last incompatible policy: DURABILITY_QOS_POLICY
[WARN] [1760200903.967793579] [rosbag2_recorder]: New publisher discovered on topic '/tf', offering incompatible QoS. No messages will be sent to it. Last incompatible policy: DURABILITY_QOS_POLICY
[WARN] [1760200903.982245710] [rosbag2_recorder]: A new publisher for subscribed topic /tf was found offering RMW_QOS_POLICY_DURABILITY_VOLATILE, but rosbag2 already subscribed requesting RMW_QOS_POLICY_DURABILITY_TRANSIENT_LOCAL. Messages from this new publisher will not be recorded.
[WARN] [1760200903.982276898] [rosbag2_recorder]: A new publisher for subscribed topic /tf was found offering RMW_QOS_POLICY_DURABILITY_VOLATILE, but rosbag2 already subscribed requesting RMW_QOS_POLICY_DURABILITY_TRANSIENT_LOCAL. Messages from this new publisher will not be recorded.
[WARN] [1760200903.982279996] [rosbag2_recorder]: A new publisher for subscribed topic /tf was found offering RMW_QOS_POLICY_DURABILITY_VOLATILE, but rosbag2 already subscribed requesting RMW_QOS_POLICY_DURABILITY_TRANSIENT_LOCAL. Messages from this new publisher will not be recorded.
[INFO] [1760200903.983293695] [rosbag2_recorder]: Subscribed to topic '/plan_barn'
[INFO] [1760200903.984349454] [rosbag2_recorder]: Subscribed to topic '/plan_barn_odom'
[INFO] [1760200903.985736640] [rosbag2_recorder]: Subscribed to topic '/scan'
[INFO] [1760200903.986866559] [rosbag2_recorder]: Subscribed to topic '/tf_static'
[INFO] [1760200903.986888160] [rosbag2_recorder]: All requested topics are subscribed. Stopping discovery...
[INFO] [1760201041.826697482] [rosbag2_cpp]: Writing remaining messages from cache to the bag. It may take a while
[INFO] [1760201041.827386048] [rosbag2_recorder]: Event publisher thread: Exiting
[INFO] [1760201041.827417567] [rosbag2_recorder]: Recording stopped
