stdin is not a terminal device. Keyboard handling disabled.[INFO] [1760350696.663927384] [rosbag2_recorder]: Press SPACE for pausing/resuming
[INFO] [1760350696.664927217] [rosbag2_storage]: Opened database '/home/mobrob/ros_ws/bags_2/world36_1013_031816/world36_1013_031816_0.db3' for READ_WRITE.
[INFO] [1760350696.665695470] [rosbag2_recorder]: Listening for topics...
[INFO] [1760350696.665705683] [rosbag2_recorder]: Event publisher thread: Starting
[INFO] [1760350696.665805561] [rosbag2_recorder]: Recording...
[INFO] [1760350696.768834818] [rosbag2_recorder]: Subscribed to topic '/odom'
[INFO] [1760350696.770055888] [rosbag2_recorder]: Subscribed to topic '/tf'
[INFO] [1760350696.770690399] [rosbag2_recorder]: Subscribed to topic '/tf_static'
[WARN] [1760350697.667468882] [rosbag2_recorder]: New publisher discovered on topic '/tf', offering incompatible QoS. No messages will be sent to it. Last incompatible policy: DURABILITY_QOS_POLICY
[WARN] [1760350697.683067271] [rosbag2_recorder]: A new publisher for subscribed topic /tf was found offering RMW_QOS_POLICY_DURABILITY_VOLATILE, but rosbag2 already subscribed requesting RMW_QOS_POLICY_DURABILITY_TRANSIENT_LOCAL. Messages from this new publisher will not be recorded.
[WARN] [1760350697.687478079] [rosbag2_recorder]: New publisher discovered on topic '/tf', offering incompatible QoS. No messages will be sent to it. Last incompatible policy: DURABILITY_QOS_POLICY
[INFO] [1760350697.690247024] [rosbag2_recorder]: Subscribed to topic '/cmd_vel'
[WARN] [1760350697.695010965] [rosbag2_recorder]: New publisher discovered on topic '/tf', offering incompatible QoS. No messages will be sent to it. Last incompatible policy: DURABILITY_QOS_POLICY
[INFO] [1760350697.795375948] [rosbag2_recorder]: Subscribed to topic '/plan_barn'
[INFO] [1760350697.796339311] [rosbag2_recorder]: Subscribed to topic '/plan_barn_odom'
[INFO] [1760350698.730367915] [rosbag2_recorder]: Subscribed to topic '/scan'
[INFO] [1760350698.730410558] [rosbag2_recorder]: All requested topics are subscribed. Stopping discovery...
[INFO] [1760350831.521182742] [rosbag2_cpp]: Writing remaining messages from cache to the bag. It may take a while
[INFO] [1760350831.521876466] [rosbag2_recorder]: Event publisher thread: Exiting
[INFO] [1760350831.521907392] [rosbag2_recorder]: Recording stopped
