stdin is not a terminal device. Keyboard handling disabled.[INFO] [1760218190.969821022] [rosbag2_recorder]: Press SPACE for pausing/resuming
[INFO] [1760218190.970710914] [rosbag2_storage]: Opened database '/home/mobrob/ros_ws/bags_2/world187_1011_142950/world187_1011_142950_0.db3' for READ_WRITE.
[INFO] [1760218190.971574476] [rosbag2_recorder]: Listening for topics...
[INFO] [1760218190.971584892] [rosbag2_recorder]: Event publisher thread: Starting
[INFO] [1760218190.971728132] [rosbag2_recorder]: Recording...
[INFO] [1760218191.075530483] [rosbag2_recorder]: Subscribed to topic '/cmd_vel'
[INFO] [1760218191.076520262] [rosbag2_recorder]: Subscribed to topic '/odom'
[INFO] [1760218191.078003803] [rosbag2_recorder]: Subscribed to topic '/tf'
[WARN] [1760218191.974854810] [rosbag2_recorder]: New publisher discovered on topic '/tf', offering incompatible QoS. No messages will be sent to it. Last incompatible policy: DURABILITY_QOS_POLICY
[WARN] [1760218191.976581192] [rosbag2_recorder]: New publisher discovered on topic '/tf', offering incompatible QoS. No messages will be sent to it. Last incompatible policy: DURABILITY_QOS_POLICY
[WARN] [1760218191.976879176] [rosbag2_recorder]: New publisher discovered on topic '/tf', offering incompatible QoS. No messages will be sent to it. Last incompatible policy: DURABILITY_QOS_POLICY
[WARN] [1760218191.997850825] [rosbag2_recorder]: A new publisher for subscribed topic /tf was found offering RMW_QOS_POLICY_DURABILITY_VOLATILE, but rosbag2 already subscribed requesting RMW_QOS_POLICY_DURABILITY_TRANSIENT_LOCAL. Messages from this new publisher will not be recorded.
[WARN] [1760218191.997892791] [rosbag2_recorder]: A new publisher for subscribed topic /tf was found offering RMW_QOS_POLICY_DURABILITY_VOLATILE, but rosbag2 already subscribed requesting RMW_QOS_POLICY_DURABILITY_TRANSIENT_LOCAL. Messages from this new publisher will not be recorded.
[WARN] [1760218191.997902898] [rosbag2_recorder]: A new publisher for subscribed topic /tf was found offering RMW_QOS_POLICY_DURABILITY_VOLATILE, but rosbag2 already subscribed requesting RMW_QOS_POLICY_DURABILITY_TRANSIENT_LOCAL. Messages from this new publisher will not be recorded.
[INFO] [1760218191.999261694] [rosbag2_recorder]: Subscribed to topic '/plan_barn'
[INFO] [1760218192.000255133] [rosbag2_recorder]: Subscribed to topic '/plan_barn_odom'
[INFO] [1760218192.001688647] [rosbag2_recorder]: Subscribed to topic '/scan'
[INFO] [1760218192.002816823] [rosbag2_recorder]: Subscribed to topic '/tf_static'
[INFO] [1760218192.002842512] [rosbag2_recorder]: All requested topics are subscribed. Stopping discovery...
[INFO] [1760218246.854528171] [rosbag2_cpp]: Writing remaining messages from cache to the bag. It may take a while
[INFO] [1760218246.855380917] [rosbag2_recorder]: Event publisher thread: Exiting
[INFO] [1760218246.855418888] [rosbag2_recorder]: Recording stopped
