stdin is not a terminal device. Keyboard handling disabled.[INFO] [1760216886.669572726] [rosbag2_recorder]: Press SPACE for pausing/resuming
[INFO] [1760216886.670296843] [rosbag2_storage]: Opened database '/home/mobrob/ros_ws/bags_2/world69_1011_140806/world69_1011_140806_0.db3' for READ_WRITE.
[INFO] [1760216886.670927133] [rosbag2_recorder]: Listening for topics...
[INFO] [1760216886.670939985] [rosbag2_recorder]: Event publisher thread: Starting
[INFO] [1760216886.670996682] [rosbag2_recorder]: Recording...
[INFO] [1760216886.774334157] [rosbag2_recorder]: Subscribed to topic '/cmd_vel'
[INFO] [1760216886.775492867] [rosbag2_recorder]: Subscribed to topic '/odom'
[INFO] [1760216886.776637009] [rosbag2_recorder]: Subscribed to topic '/tf'
[WARN] [1760216887.680351761] [rosbag2_recorder]: New publisher discovered on topic '/tf', offering incompatible QoS. No messages will be sent to it. Last incompatible policy: DURABILITY_QOS_POLICY
[WARN] [1760216887.703189449] [rosbag2_recorder]: A new publisher for subscribed topic /tf was found offering RMW_QOS_POLICY_DURABILITY_VOLATILE, but rosbag2 already subscribed requesting RMW_QOS_POLICY_DURABILITY_TRANSIENT_LOCAL. Messages from this new publisher will not be recorded.
[INFO] [1760216887.707813504] [rosbag2_recorder]: Subscribed to topic '/scan'
[INFO] [1760216887.710435868] [rosbag2_recorder]: Subscribed to topic '/tf_static'
[WARN] [1760216888.666863637] [rosbag2_recorder]: New publisher discovered on topic '/tf', offering incompatible QoS. No messages will be sent to it. Last incompatible policy: DURABILITY_QOS_POLICY
[WARN] [1760216888.667878800] [rosbag2_recorder]: New publisher discovered on topic '/tf', offering incompatible QoS. No messages will be sent to it. Last incompatible policy: DURABILITY_QOS_POLICY
[INFO] [1760216888.743880347] [rosbag2_recorder]: Subscribed to topic '/plan_barn'
[INFO] [1760216888.744936984] [rosbag2_recorder]: Subscribed to topic '/plan_barn_odom'
[INFO] [1760216888.744961156] [rosbag2_recorder]: All requested topics are subscribed. Stopping discovery...
[INFO] [1760216917.546728339] [rosbag2_cpp]: Writing remaining messages from cache to the bag. It may take a while
[INFO] [1760216917.547340857] [rosbag2_recorder]: Event publisher thread: Exiting
[INFO] [1760216917.547392894] [rosbag2_recorder]: Recording stopped
