stdin is not a terminal device. Keyboard handling disabled.[INFO] [1760333888.570245647] [rosbag2_recorder]: Press SPACE for pausing/resuming
[INFO] [1760333888.571048046] [rosbag2_storage]: Opened database '/home/mobrob/ros_ws/bags_2/world12_1012_223808/world12_1012_223808_0.db3' for READ_WRITE.
[INFO] [1760333888.571544278] [rosbag2_recorder]: Listening for topics...
[INFO] [1760333888.571558034] [rosbag2_recorder]: Event publisher thread: Starting
[INFO] [1760333888.571610755] [rosbag2_recorder]: Recording...
[INFO] [1760333888.673684907] [rosbag2_recorder]: Subscribed to topic '/odom'
[INFO] [1760333888.674915335] [rosbag2_recorder]: Subscribed to topic '/tf'
[INFO] [1760333888.675587714] [rosbag2_recorder]: Subscribed to topic '/tf_static'
[WARN] [1760333889.585918240] [rosbag2_recorder]: New publisher discovered on topic '/tf', offering incompatible QoS. No messages will be sent to it. Last incompatible policy: DURABILITY_QOS_POLICY
[WARN] [1760333889.587872815] [rosbag2_recorder]: A new publisher for subscribed topic /tf was found offering RMW_QOS_POLICY_DURABILITY_VOLATILE, but rosbag2 already subscribed requesting RMW_QOS_POLICY_DURABILITY_TRANSIENT_LOCAL. Messages from this new publisher will not be recorded.
[INFO] [1760333889.591174584] [rosbag2_recorder]: Subscribed to topic '/cmd_vel'
[INFO] [1760333889.592456403] [rosbag2_recorder]: Subscribed to topic '/plan_barn'
[INFO] [1760333889.593997286] [rosbag2_recorder]: Subscribed to topic '/plan_barn_odom'
[WARN] [1760333890.572187802] [rosbag2_recorder]: New publisher discovered on topic '/tf', offering incompatible QoS. No messages will be sent to it. Last incompatible policy: DURABILITY_QOS_POLICY
[WARN] [1760333890.572625633] [rosbag2_recorder]: New publisher discovered on topic '/tf', offering incompatible QoS. No messages will be sent to it. Last incompatible policy: DURABILITY_QOS_POLICY
[INFO] [1760333890.625964415] [rosbag2_recorder]: Subscribed to topic '/scan'
[INFO] [1760333890.625997507] [rosbag2_recorder]: All requested topics are subscribed. Stopping discovery...
[INFO] [1760333986.438113858] [rosbag2_cpp]: Writing remaining messages from cache to the bag. It may take a while
[INFO] [1760333986.438982587] [rosbag2_recorder]: Event publisher thread: Exiting
[INFO] [1760333986.439031792] [rosbag2_recorder]: Recording stopped
