stdin is not a terminal device. Keyboard handling disabled.[INFO] [1760219901.836394368] [rosbag2_recorder]: Press SPACE for pausing/resuming
[INFO] [1760219901.837619850] [rosbag2_storage]: Opened database '/home/mobrob/ros_ws/bags_2/world266_1011_145821/world266_1011_145821_0.db3' for READ_WRITE.
[INFO] [1760219901.838779978] [rosbag2_recorder]: Listening for topics...
[INFO] [1760219901.838789075] [rosbag2_recorder]: Event publisher thread: Starting
[INFO] [1760219901.838925827] [rosbag2_recorder]: Recording...
[INFO] [1760219901.941979821] [rosbag2_recorder]: Subscribed to topic '/cmd_vel'
[INFO] [1760219901.942997573] [rosbag2_recorder]: Subscribed to topic '/odom'
[INFO] [1760219901.943893698] [rosbag2_recorder]: Subscribed to topic '/scan'
[INFO] [1760219901.945137684] [rosbag2_recorder]: Subscribed to topic '/tf'
[INFO] [1760219901.945907500] [rosbag2_recorder]: Subscribed to topic '/tf_static'
[WARN] [1760219902.056795436] [rosbag2_recorder]: New publisher discovered on topic '/tf', offering incompatible QoS. No messages will be sent to it. Last incompatible policy: DURABILITY_QOS_POLICY
[WARN] [1760219902.150029831] [rosbag2_recorder]: A new publisher for subscribed topic /tf was found offering RMW_QOS_POLICY_DURABILITY_VOLATILE, but rosbag2 already subscribed requesting RMW_QOS_POLICY_DURABILITY_TRANSIENT_LOCAL. Messages from this new publisher will not be recorded.
[WARN] [1760219902.837715552] [rosbag2_recorder]: New publisher discovered on topic '/tf', offering incompatible QoS. No messages will be sent to it. Last incompatible policy: DURABILITY_QOS_POLICY
[WARN] [1760219902.839691947] [rosbag2_recorder]: New publisher discovered on topic '/tf', offering incompatible QoS. No messages will be sent to it. Last incompatible policy: DURABILITY_QOS_POLICY
[INFO] [1760219902.867063627] [rosbag2_recorder]: Subscribed to topic '/plan_barn'
[INFO] [1760219902.868531820] [rosbag2_recorder]: Subscribed to topic '/plan_barn_odom'
[INFO] [1760219902.868563734] [rosbag2_recorder]: All requested topics are subscribed. Stopping discovery...
[INFO] [1760219952.702988396] [rosbag2_cpp]: Writing remaining messages from cache to the bag. It may take a while
[INFO] [1760219952.703750570] [rosbag2_recorder]: Event publisher thread: Exiting
[INFO] [1760219952.703779047] [rosbag2_recorder]: Recording stopped
