stdin is not a terminal device. Keyboard handling disabled.[INFO] [1760171416.365396751] [rosbag2_recorder]: Press SPACE for pausing/resuming
[INFO] [1760171416.366623129] [rosbag2_storage]: Opened database '/home/mobrob/ros_ws/bags_2/world69_1011_013016/world69_1011_013016_0.db3' for READ_WRITE.
[INFO] [1760171416.368051978] [rosbag2_recorder]: Listening for topics...
[INFO] [1760171416.368165389] [rosbag2_recorder]: Recording...
[INFO] [1760171416.368665407] [rosbag2_recorder]: Event publisher thread: Starting
[INFO] [1760171416.472669636] [rosbag2_recorder]: Subscribed to topic '/cmd_vel'
[INFO] [1760171416.474016716] [rosbag2_recorder]: Subscribed to topic '/odom'
[INFO] [1760171416.474873902] [rosbag2_recorder]: Subscribed to topic '/plan_barn'
[INFO] [1760171416.475587536] [rosbag2_recorder]: Subscribed to topic '/plan_barn_odom'
[INFO] [1760171416.476951617] [rosbag2_recorder]: Subscribed to topic '/tf'
[WARN] [1760171417.365361853] [rosbag2_recorder]: New publisher discovered on topic '/tf', offering incompatible QoS. No messages will be sent to it. Last incompatible policy: DURABILITY_QOS_POLICY
[WARN] [1760171417.373853766] [rosbag2_recorder]: New publisher discovered on topic '/tf', offering incompatible QoS. No messages will be sent to it. Last incompatible policy: DURABILITY_QOS_POLICY
[WARN] [1760171417.394436682] [rosbag2_recorder]: A new publisher for subscribed topic /tf was found offering RMW_QOS_POLICY_DURABILITY_VOLATILE, but rosbag2 already subscribed requesting RMW_QOS_POLICY_DURABILITY_TRANSIENT_LOCAL. Messages from this new publisher will not be recorded.
[WARN] [1760171417.394482565] [rosbag2_recorder]: A new publisher for subscribed topic /tf was found offering RMW_QOS_POLICY_DURABILITY_VOLATILE, but rosbag2 already subscribed requesting RMW_QOS_POLICY_DURABILITY_TRANSIENT_LOCAL. Messages from this new publisher will not be recorded.
[WARN] [1760171417.394492603] [rosbag2_recorder]: A new publisher for subscribed topic /tf was found offering RMW_QOS_POLICY_DURABILITY_VOLATILE, but rosbag2 already subscribed requesting RMW_QOS_POLICY_DURABILITY_TRANSIENT_LOCAL. Messages from this new publisher will not be recorded.
[INFO] [1760171417.396108673] [rosbag2_recorder]: Subscribed to topic '/scan'
[INFO] [1760171417.397170514] [rosbag2_recorder]: Subscribed to topic '/tf_static'
[INFO] [1760171417.397194518] [rosbag2_recorder]: All requested topics are subscribed. Stopping discovery...
[INFO] [1760171768.224845254] [rosbag2_cpp]: Writing remaining messages from cache to the bag. It may take a while
[INFO] [1760171768.225745552] [rosbag2_recorder]: Event publisher thread: Exiting
[INFO] [1760171768.225786817] [rosbag2_recorder]: Recording stopped
