stdin is not a terminal device. Keyboard handling disabled.[INFO] [1760359048.746135303] [rosbag2_recorder]: Press SPACE for pausing/resuming
[INFO] [1760359048.747188787] [rosbag2_storage]: Opened database '/home/mobrob/ros_ws/bags_2/world210_1013_053728/world210_1013_053728_0.db3' for READ_WRITE.
[INFO] [1760359048.747664137] [rosbag2_recorder]: Listening for topics...
[INFO] [1760359048.747758970] [rosbag2_recorder]: Recording...
[INFO] [1760359048.747825330] [rosbag2_recorder]: Event publisher thread: Starting
[INFO] [1760359048.850358870] [rosbag2_recorder]: Subscribed to topic '/cmd_vel'
[INFO] [1760359048.852043450] [rosbag2_recorder]: Subscribed to topic '/tf_static'
[INFO] [1760359049.868054430] [rosbag2_recorder]: Subscribed to topic '/odom'
[INFO] [1760359049.869163566] [rosbag2_recorder]: Subscribed to topic '/plan_barn'
[INFO] [1760359049.870032846] [rosbag2_recorder]: Subscribed to topic '/plan_barn_odom'
[INFO] [1760359049.871029945] [rosbag2_recorder]: Subscribed to topic '/tf'
[WARN] [1760359050.744942959] [rosbag2_recorder]: New publisher discovered on topic '/tf', offering incompatible QoS. No messages will be sent to it. Last incompatible policy: DURABILITY_QOS_POLICY
[WARN] [1760359050.746063816] [rosbag2_recorder]: New publisher discovered on topic '/tf', offering incompatible QoS. No messages will be sent to it. Last incompatible policy: DURABILITY_QOS_POLICY
[WARN] [1760359050.746629315] [rosbag2_recorder]: New publisher discovered on topic '/tf', offering incompatible QoS. No messages will be sent to it. Last incompatible policy: DURABILITY_QOS_POLICY
[WARN] [1760359050.797977822] [rosbag2_recorder]: A new publisher for subscribed topic /tf was found offering RMW_QOS_POLICY_DURABILITY_VOLATILE, but rosbag2 already subscribed requesting RMW_QOS_POLICY_DURABILITY_TRANSIENT_LOCAL. Messages from this new publisher will not be recorded.
[WARN] [1760359050.798019261] [rosbag2_recorder]: A new publisher for subscribed topic /tf was found offering RMW_QOS_POLICY_DURABILITY_VOLATILE, but rosbag2 already subscribed requesting RMW_QOS_POLICY_DURABILITY_TRANSIENT_LOCAL. Messages from this new publisher will not be recorded.
[WARN] [1760359050.798023002] [rosbag2_recorder]: A new publisher for subscribed topic /tf was found offering RMW_QOS_POLICY_DURABILITY_VOLATILE, but rosbag2 already subscribed requesting RMW_QOS_POLICY_DURABILITY_TRANSIENT_LOCAL. Messages from this new publisher will not be recorded.
[INFO] [1760359050.800223363] [rosbag2_recorder]: Subscribed to topic '/scan'
[INFO] [1760359050.800257272] [rosbag2_recorder]: All requested topics are subscribed. Stopping discovery...
[INFO] [1760359400.602380792] [rosbag2_cpp]: Writing remaining messages from cache to the bag. It may take a while
[INFO] [1760359400.602946584] [rosbag2_recorder]: Event publisher thread: Exiting
[INFO] [1760359400.602979987] [rosbag2_recorder]: Recording stopped
