stdin is not a terminal device. Keyboard handling disabled.[INFO] [1760167523.139093853] [rosbag2_recorder]: Press SPACE for pausing/resuming
[INFO] [1760167523.140134712] [rosbag2_storage]: Opened database '/home/mobrob/ros_ws/bags_2/world210_1011_002523/world210_1011_002523_0.db3' for READ_WRITE.
[INFO] [1760167523.140938770] [rosbag2_recorder]: Listening for topics...
[INFO] [1760167523.140964380] [rosbag2_recorder]: Event publisher thread: Starting
[INFO] [1760167523.141039444] [rosbag2_recorder]: Recording...
[INFO] [1760167523.244309993] [rosbag2_recorder]: Subscribed to topic '/odom'
[INFO] [1760167523.245006191] [rosbag2_recorder]: Subscribed to topic '/plan_barn'
[INFO] [1760167523.245528900] [rosbag2_recorder]: Subscribed to topic '/plan_barn_odom'
[INFO] [1760167523.246380322] [rosbag2_recorder]: Subscribed to topic '/tf'
[WARN] [1760167524.154950853] [rosbag2_recorder]: New publisher discovered on topic '/tf', offering incompatible QoS. No messages will be sent to it. Last incompatible policy: DURABILITY_QOS_POLICY
[WARN] [1760167524.161882491] [rosbag2_recorder]: A new publisher for subscribed topic /tf was found offering RMW_QOS_POLICY_DURABILITY_VOLATILE, but rosbag2 already subscribed requesting RMW_QOS_POLICY_DURABILITY_TRANSIENT_LOCAL. Messages from this new publisher will not be recorded.
[INFO] [1760167524.162799981] [rosbag2_recorder]: Subscribed to topic '/tf_static'
[INFO] [1760167524.266640399] [rosbag2_recorder]: Subscribed to topic '/cmd_vel'
[WARN] [1760167525.144219246] [rosbag2_recorder]: New publisher discovered on topic '/tf', offering incompatible QoS. No messages will be sent to it. Last incompatible policy: DURABILITY_QOS_POLICY
[WARN] [1760167525.144337694] [rosbag2_recorder]: New publisher discovered on topic '/tf', offering incompatible QoS. No messages will be sent to it. Last incompatible policy: DURABILITY_QOS_POLICY
[INFO] [1760167525.198394128] [rosbag2_recorder]: Subscribed to topic '/scan'
[INFO] [1760167525.198428351] [rosbag2_recorder]: All requested topics are subscribed. Stopping discovery...
[INFO] [1760167875.007886885] [rosbag2_cpp]: Writing remaining messages from cache to the bag. It may take a while
[INFO] [1760167875.008485672] [rosbag2_recorder]: Event publisher thread: Exiting
[INFO] [1760167875.008520474] [rosbag2_recorder]: Recording stopped
