stdin is not a terminal device. Keyboard handling disabled.[INFO] [1760201407.861497278] [rosbag2_recorder]: Press SPACE for pausing/resuming
[INFO] [1760201407.862219022] [rosbag2_storage]: Opened database '/home/mobrob/ros_ws/bags_2/world203_1011_095007/world203_1011_095007_0.db3' for READ_WRITE.
[INFO] [1760201407.862732926] [rosbag2_recorder]: Listening for topics...
[INFO] [1760201407.862742869] [rosbag2_recorder]: Event publisher thread: Starting
[INFO] [1760201407.862805898] [rosbag2_recorder]: Recording...
[INFO] [1760201407.965809736] [rosbag2_recorder]: Subscribed to topic '/odom'
[INFO] [1760201407.967206889] [rosbag2_recorder]: Subscribed to topic '/tf'
[INFO] [1760201407.967914505] [rosbag2_recorder]: Subscribed to topic '/tf_static'
[WARN] [1760201408.877169650] [rosbag2_recorder]: New publisher discovered on topic '/tf', offering incompatible QoS. No messages will be sent to it. Last incompatible policy: DURABILITY_QOS_POLICY
[WARN] [1760201408.882238485] [rosbag2_recorder]: A new publisher for subscribed topic /tf was found offering RMW_QOS_POLICY_DURABILITY_VOLATILE, but rosbag2 already subscribed requesting RMW_QOS_POLICY_DURABILITY_TRANSIENT_LOCAL. Messages from this new publisher will not be recorded.
[WARN] [1760201408.882272354] [rosbag2_recorder]: A new publisher for subscribed topic /tf was found offering RMW_QOS_POLICY_DURABILITY_VOLATILE, but rosbag2 already subscribed requesting RMW_QOS_POLICY_DURABILITY_TRANSIENT_LOCAL. Messages from this new publisher will not be recorded.
[INFO] [1760201408.883503176] [rosbag2_recorder]: Subscribed to topic '/plan_barn'
[INFO] [1760201408.884441076] [rosbag2_recorder]: Subscribed to topic '/plan_barn_odom'
[WARN] [1760201409.858318006] [rosbag2_recorder]: New publisher discovered on topic '/tf', offering incompatible QoS. No messages will be sent to it. Last incompatible policy: DURABILITY_QOS_POLICY
[INFO] [1760201409.911661399] [rosbag2_recorder]: Subscribed to topic '/cmd_vel'
[INFO] [1760201409.912965448] [rosbag2_recorder]: Subscribed to topic '/scan'
[INFO] [1760201409.912999011] [rosbag2_recorder]: All requested topics are subscribed. Stopping discovery...
[INFO] [1760201423.781277695] [rosbag2_cpp]: Writing remaining messages from cache to the bag. It may take a while
[INFO] [1760201423.782027128] [rosbag2_recorder]: Event publisher thread: Exiting
[INFO] [1760201423.782071596] [rosbag2_recorder]: Recording stopped
