stdin is not a terminal device. Keyboard handling disabled.[INFO] [1760169854.492126806] [rosbag2_recorder]: Press SPACE for pausing/resuming
[INFO] [1760169854.493347730] [rosbag2_storage]: Opened database '/home/mobrob/ros_ws/bags_2/world69_1011_010414/world69_1011_010414_0.db3' for READ_WRITE.
[INFO] [1760169854.495176194] [rosbag2_recorder]: Listening for topics...
[INFO] [1760169854.495296808] [rosbag2_recorder]: Recording...
[INFO] [1760169854.495609992] [rosbag2_recorder]: Event publisher thread: Starting
[INFO] [1760169854.599275353] [rosbag2_recorder]: Subscribed to topic '/odom'
[INFO] [1760169854.600219666] [rosbag2_recorder]: Subscribed to topic '/plan_barn'
[INFO] [1760169854.601009163] [rosbag2_recorder]: Subscribed to topic '/plan_barn_odom'
[INFO] [1760169854.602419722] [rosbag2_recorder]: Subscribed to topic '/scan'
[INFO] [1760169854.603874118] [rosbag2_recorder]: Subscribed to topic '/tf'
[INFO] [1760169854.604628788] [rosbag2_recorder]: Subscribed to topic '/tf_static'
[WARN] [1760169855.490116500] [rosbag2_recorder]: New publisher discovered on topic '/tf', offering incompatible QoS. No messages will be sent to it. Last incompatible policy: DURABILITY_QOS_POLICY
[WARN] [1760169855.497628370] [rosbag2_recorder]: New publisher discovered on topic '/tf', offering incompatible QoS. No messages will be sent to it. Last incompatible policy: DURABILITY_QOS_POLICY
[WARN] [1760169855.501155157] [rosbag2_recorder]: New publisher discovered on topic '/tf', offering incompatible QoS. No messages will be sent to it. Last incompatible policy: DURABILITY_QOS_POLICY
[WARN] [1760169855.518254486] [rosbag2_recorder]: A new publisher for subscribed topic /tf was found offering RMW_QOS_POLICY_DURABILITY_VOLATILE, but rosbag2 already subscribed requesting RMW_QOS_POLICY_DURABILITY_TRANSIENT_LOCAL. Messages from this new publisher will not be recorded.
[WARN] [1760169855.518286198] [rosbag2_recorder]: A new publisher for subscribed topic /tf was found offering RMW_QOS_POLICY_DURABILITY_VOLATILE, but rosbag2 already subscribed requesting RMW_QOS_POLICY_DURABILITY_TRANSIENT_LOCAL. Messages from this new publisher will not be recorded.
[WARN] [1760169855.518289172] [rosbag2_recorder]: A new publisher for subscribed topic /tf was found offering RMW_QOS_POLICY_DURABILITY_VOLATILE, but rosbag2 already subscribed requesting RMW_QOS_POLICY_DURABILITY_TRANSIENT_LOCAL. Messages from this new publisher will not be recorded.
[INFO] [1760169855.519315021] [rosbag2_recorder]: Subscribed to topic '/cmd_vel'
[INFO] [1760169855.519337647] [rosbag2_recorder]: All requested topics are subscribed. Stopping discovery...
[INFO] [1760169870.385837336] [rosbag2_cpp]: Writing remaining messages from cache to the bag. It may take a while
[INFO] [1760169870.386572827] [rosbag2_recorder]: Event publisher thread: Exiting
[INFO] [1760169870.386614983] [rosbag2_recorder]: Recording stopped
