stdin is not a terminal device. Keyboard handling disabled.[INFO] [1760199931.558621246] [rosbag2_recorder]: Press SPACE for pausing/resuming
[INFO] [1760199931.559415469] [rosbag2_storage]: Opened database '/home/mobrob/ros_ws/bags_2/world125_1011_092531/world125_1011_092531_0.db3' for READ_WRITE.
[INFO] [1760199931.559990172] [rosbag2_recorder]: Listening for topics...
[INFO] [1760199931.560076890] [rosbag2_recorder]: Event publisher thread: Starting
[INFO] [1760199931.560095912] [rosbag2_recorder]: Recording...
[INFO] [1760199931.662881318] [rosbag2_recorder]: Subscribed to topic '/cmd_vel'
[INFO] [1760199931.663870129] [rosbag2_recorder]: Subscribed to topic '/odom'
[INFO] [1760199931.664519376] [rosbag2_recorder]: Subscribed to topic '/plan_barn_odom'
[INFO] [1760199931.665295363] [rosbag2_recorder]: Subscribed to topic '/scan'
[INFO] [1760199931.666139931] [rosbag2_recorder]: Subscribed to topic '/tf'
[WARN] [1760199932.565378478] [rosbag2_recorder]: New publisher discovered on topic '/tf', offering incompatible QoS. No messages will be sent to it. Last incompatible policy: DURABILITY_QOS_POLICY
[WARN] [1760199932.574735016] [rosbag2_recorder]: New publisher discovered on topic '/tf', offering incompatible QoS. No messages will be sent to it. Last incompatible policy: DURABILITY_QOS_POLICY
[WARN] [1760199932.585391978] [rosbag2_recorder]: A new publisher for subscribed topic /tf was found offering RMW_QOS_POLICY_DURABILITY_VOLATILE, but rosbag2 already subscribed requesting RMW_QOS_POLICY_DURABILITY_TRANSIENT_LOCAL. Messages from this new publisher will not be recorded.
[WARN] [1760199932.585428387] [rosbag2_recorder]: A new publisher for subscribed topic /tf was found offering RMW_QOS_POLICY_DURABILITY_VOLATILE, but rosbag2 already subscribed requesting RMW_QOS_POLICY_DURABILITY_TRANSIENT_LOCAL. Messages from this new publisher will not be recorded.
[INFO] [1760199932.586530815] [rosbag2_recorder]: Subscribed to topic '/plan_barn'
[INFO] [1760199932.587664671] [rosbag2_recorder]: Subscribed to topic '/tf_static'
[INFO] [1760199932.587688133] [rosbag2_recorder]: All requested topics are subscribed. Stopping discovery...
[WARN] [1760199933.554810714] [rosbag2_recorder]: New publisher discovered on topic '/tf', offering incompatible QoS. No messages will be sent to it. Last incompatible policy: DURABILITY_QOS_POLICY
[INFO] [1760200047.432348616] [rosbag2_cpp]: Writing remaining messages from cache to the bag. It may take a while
[INFO] [1760200047.433312259] [rosbag2_recorder]: Event publisher thread: Exiting
[INFO] [1760200047.433346013] [rosbag2_recorder]: Recording stopped
