stdin is not a terminal device. Keyboard handling disabled.[INFO] [1760165054.554251298] [rosbag2_recorder]: Press SPACE for pausing/resuming
[INFO] [1760165054.555054420] [rosbag2_storage]: Opened database '/home/mobrob/ros_ws/bags_2/world203_1010_234414/world203_1010_234414_0.db3' for READ_WRITE.
[INFO] [1760165054.555756145] [rosbag2_recorder]: Listening for topics...
[INFO] [1760165054.555767990] [rosbag2_recorder]: Event publisher thread: Starting
[INFO] [1760165054.555829035] [rosbag2_recorder]: Recording...
[INFO] [1760165054.658474427] [rosbag2_recorder]: Subscribed to topic '/cmd_vel'
[INFO] [1760165054.659458587] [rosbag2_recorder]: Subscribed to topic '/odom'
[INFO] [1760165054.660159599] [rosbag2_recorder]: Subscribed to topic '/plan_barn'
[INFO] [1760165054.661036584] [rosbag2_recorder]: Subscribed to topic '/plan_barn_odom'
[INFO] [1760165054.662068609] [rosbag2_recorder]: Subscribed to topic '/tf'
[INFO] [1760165054.662628655] [rosbag2_recorder]: Subscribed to topic '/tf_static'
[WARN] [1760165055.567768613] [rosbag2_recorder]: New publisher discovered on topic '/tf', offering incompatible QoS. No messages will be sent to it. Last incompatible policy: DURABILITY_QOS_POLICY
[WARN] [1760165055.576272307] [rosbag2_recorder]: A new publisher for subscribed topic /tf was found offering RMW_QOS_POLICY_DURABILITY_VOLATILE, but rosbag2 already subscribed requesting RMW_QOS_POLICY_DURABILITY_TRANSIENT_LOCAL. Messages from this new publisher will not be recorded.
[WARN] [1760165056.557086841] [rosbag2_recorder]: New publisher discovered on topic '/tf', offering incompatible QoS. No messages will be sent to it. Last incompatible policy: DURABILITY_QOS_POLICY
[WARN] [1760165056.558177144] [rosbag2_recorder]: New publisher discovered on topic '/tf', offering incompatible QoS. No messages will be sent to it. Last incompatible policy: DURABILITY_QOS_POLICY
[INFO] [1760165056.608196603] [rosbag2_recorder]: Subscribed to topic '/scan'
[INFO] [1760165056.608243302] [rosbag2_recorder]: All requested topics are subscribed. Stopping discovery...
[INFO] [1760165155.429905167] [rosbag2_cpp]: Writing remaining messages from cache to the bag. It may take a while
[INFO] [1760165155.430538241] [rosbag2_recorder]: Event publisher thread: Exiting
[INFO] [1760165155.430587119] [rosbag2_recorder]: Recording stopped
