stdin is not a terminal device. Keyboard handling disabled.[INFO] [1760366348.095726847] [rosbag2_recorder]: Press SPACE for pausing/resuming
[INFO] [1760366348.097010944] [rosbag2_storage]: Opened database '/home/mobrob/ros_ws/bags_2/world266_1013_073907/world266_1013_073907_0.db3' for READ_WRITE.
[INFO] [1760366348.098204479] [rosbag2_recorder]: Listening for topics...
[INFO] [1760366348.098287788] [rosbag2_recorder]: Event publisher thread: Starting
[INFO] [1760366348.098302880] [rosbag2_recorder]: Recording...
[INFO] [1760366348.200355721] [rosbag2_recorder]: Subscribed to topic '/cmd_vel'
[INFO] [1760366348.201305774] [rosbag2_recorder]: Subscribed to topic '/odom'
[INFO] [1760366348.202254756] [rosbag2_recorder]: Subscribed to topic '/plan_barn'
[INFO] [1760366348.202997669] [rosbag2_recorder]: Subscribed to topic '/plan_barn_odom'
[INFO] [1760366348.204281611] [rosbag2_recorder]: Subscribed to topic '/scan'
[INFO] [1760366348.205191496] [rosbag2_recorder]: Subscribed to topic '/tf'
[WARN] [1760366349.092328449] [rosbag2_recorder]: New publisher discovered on topic '/tf', offering incompatible QoS. No messages will be sent to it. Last incompatible policy: DURABILITY_QOS_POLICY
[WARN] [1760366349.115513367] [rosbag2_recorder]: A new publisher for subscribed topic /tf was found offering RMW_QOS_POLICY_DURABILITY_VOLATILE, but rosbag2 already subscribed requesting RMW_QOS_POLICY_DURABILITY_TRANSIENT_LOCAL. Messages from this new publisher will not be recorded.
[WARN] [1760366349.119560291] [rosbag2_recorder]: New publisher discovered on topic '/tf', offering incompatible QoS. No messages will be sent to it. Last incompatible policy: DURABILITY_QOS_POLICY
[WARN] [1760366349.121416684] [rosbag2_recorder]: New publisher discovered on topic '/tf', offering incompatible QoS. No messages will be sent to it. Last incompatible policy: DURABILITY_QOS_POLICY
[INFO] [1760366349.220366733] [rosbag2_recorder]: Subscribed to topic '/tf_static'
[INFO] [1760366349.220402256] [rosbag2_recorder]: All requested topics are subscribed. Stopping discovery...
[INFO] [1760366363.988636776] [rosbag2_cpp]: Writing remaining messages from cache to the bag. It may take a while
[INFO] [1760366363.989253084] [rosbag2_recorder]: Event publisher thread: Exiting
[INFO] [1760366363.989286804] [rosbag2_recorder]: Recording stopped
