stdin is not a terminal device. Keyboard handling disabled.[INFO] [1760214447.127445580] [rosbag2_recorder]: Press SPACE for pausing/resuming
[INFO] [1760214447.128483136] [rosbag2_storage]: Opened database '/home/mobrob/ros_ws/bags_2/world210_1011_132727/world210_1011_132727_0.db3' for READ_WRITE.
[INFO] [1760214447.129127398] [rosbag2_recorder]: Listening for topics...
[INFO] [1760214447.129257460] [rosbag2_recorder]: Recording...
[INFO] [1760214447.129656970] [rosbag2_recorder]: Event publisher thread: Starting
[INFO] [1760214447.232083394] [rosbag2_recorder]: Subscribed to topic '/cmd_vel'
[INFO] [1760214447.233135383] [rosbag2_recorder]: Subscribed to topic '/odom'
[INFO] [1760214447.234525950] [rosbag2_recorder]: Subscribed to topic '/scan'
[INFO] [1760214447.235472269] [rosbag2_recorder]: Subscribed to topic '/tf'
[INFO] [1760214447.236299019] [rosbag2_recorder]: Subscribed to topic '/tf_static'
[WARN] [1760214448.134608438] [rosbag2_recorder]: New publisher discovered on topic '/tf', offering incompatible QoS. No messages will be sent to it. Last incompatible policy: DURABILITY_QOS_POLICY
[WARN] [1760214448.144833285] [rosbag2_recorder]: New publisher discovered on topic '/tf', offering incompatible QoS. No messages will be sent to it. Last incompatible policy: DURABILITY_QOS_POLICY
[WARN] [1760214448.148548039] [rosbag2_recorder]: A new publisher for subscribed topic /tf was found offering RMW_QOS_POLICY_DURABILITY_VOLATILE, but rosbag2 already subscribed requesting RMW_QOS_POLICY_DURABILITY_TRANSIENT_LOCAL. Messages from this new publisher will not be recorded.
[WARN] [1760214448.148577937] [rosbag2_recorder]: A new publisher for subscribed topic /tf was found offering RMW_QOS_POLICY_DURABILITY_VOLATILE, but rosbag2 already subscribed requesting RMW_QOS_POLICY_DURABILITY_TRANSIENT_LOCAL. Messages from this new publisher will not be recorded.
[INFO] [1760214448.150684028] [rosbag2_recorder]: Subscribed to topic '/plan_barn'
[INFO] [1760214448.151914340] [rosbag2_recorder]: Subscribed to topic '/plan_barn_odom'
[INFO] [1760214448.151934663] [rosbag2_recorder]: All requested topics are subscribed. Stopping discovery...
[WARN] [1760214449.127448011] [rosbag2_recorder]: New publisher discovered on topic '/tf', offering incompatible QoS. No messages will be sent to it. Last incompatible policy: DURABILITY_QOS_POLICY
[INFO] [1760214546.002200811] [rosbag2_cpp]: Writing remaining messages from cache to the bag. It may take a while
[INFO] [1760214546.002798644] [rosbag2_recorder]: Event publisher thread: Exiting
[INFO] [1760214546.002845603] [rosbag2_recorder]: Recording stopped
