stdin is not a terminal device. Keyboard handling disabled.[INFO] [1760314058.072997178] [rosbag2_recorder]: Press SPACE for pausing/resuming
[INFO] [1760314058.073712322] [rosbag2_storage]: Opened database '/home/mobrob/ros_ws/bags_2/world12_1012_170737/world12_1012_170737_0.db3' for READ_WRITE.
[INFO] [1760314058.074189331] [rosbag2_recorder]: Listening for topics...
[INFO] [1760314058.074201657] [rosbag2_recorder]: Event publisher thread: Starting
[INFO] [1760314058.074261755] [rosbag2_recorder]: Recording...
[INFO] [1760314058.176911037] [rosbag2_recorder]: Subscribed to topic '/cmd_vel'
[INFO] [1760314058.177965203] [rosbag2_recorder]: Subscribed to topic '/odom'
[INFO] [1760314058.179540468] [rosbag2_recorder]: Subscribed to topic '/tf'
[WARN] [1760314059.086190205] [rosbag2_recorder]: New publisher discovered on topic '/tf', offering incompatible QoS. No messages will be sent to it. Last incompatible policy: DURABILITY_QOS_POLICY
[WARN] [1760314059.087213867] [rosbag2_recorder]: New publisher discovered on topic '/tf', offering incompatible QoS. No messages will be sent to it. Last incompatible policy: DURABILITY_QOS_POLICY
[WARN] [1760314059.092837609] [rosbag2_recorder]: A new publisher for subscribed topic /tf was found offering RMW_QOS_POLICY_DURABILITY_VOLATILE, but rosbag2 already subscribed requesting RMW_QOS_POLICY_DURABILITY_TRANSIENT_LOCAL. Messages from this new publisher will not be recorded.
[WARN] [1760314059.092872269] [rosbag2_recorder]: A new publisher for subscribed topic /tf was found offering RMW_QOS_POLICY_DURABILITY_VOLATILE, but rosbag2 already subscribed requesting RMW_QOS_POLICY_DURABILITY_TRANSIENT_LOCAL. Messages from this new publisher will not be recorded.
[INFO] [1760314060.126432612] [rosbag2_recorder]: Subscribed to topic '/plan_barn'
[INFO] [1760314060.127522934] [rosbag2_recorder]: Subscribed to topic '/plan_barn_odom'
[INFO] [1760314060.128960877] [rosbag2_recorder]: Subscribed to topic '/scan'
[INFO] [1760314060.130117843] [rosbag2_recorder]: Subscribed to topic '/tf_static'
[INFO] [1760314060.130141285] [rosbag2_recorder]: All requested topics are subscribed. Stopping discovery...
[WARN] [1760314061.069984636] [rosbag2_recorder]: New publisher discovered on topic '/tf', offering incompatible QoS. No messages will be sent to it. Last incompatible policy: DURABILITY_QOS_POLICY
[INFO] [1760314169.953862685] [rosbag2_cpp]: Writing remaining messages from cache to the bag. It may take a while
[INFO] [1760314169.954468614] [rosbag2_recorder]: Event publisher thread: Exiting
[INFO] [1760314169.954512920] [rosbag2_recorder]: Recording stopped
