stdin is not a terminal device. Keyboard handling disabled.[INFO] [1760220878.378563590] [rosbag2_recorder]: Press SPACE for pausing/resuming
[INFO] [1760220878.379767423] [rosbag2_storage]: Opened database '/home/mobrob/ros_ws/bags_2/world266_1011_151438/world266_1011_151438_0.db3' for READ_WRITE.
[INFO] [1760220878.380564005] [rosbag2_recorder]: Listening for topics...
[INFO] [1760220878.380575458] [rosbag2_recorder]: Event publisher thread: Starting
[INFO] [1760220878.380664704] [rosbag2_recorder]: Recording...
[INFO] [1760220878.483036487] [rosbag2_recorder]: Subscribed to topic '/cmd_vel'
[INFO] [1760220879.494317489] [rosbag2_recorder]: Subscribed to topic '/odom'
[INFO] [1760220879.495583902] [rosbag2_recorder]: Subscribed to topic '/tf'
[INFO] [1760220879.496313013] [rosbag2_recorder]: Subscribed to topic '/tf_static'
[WARN] [1760220880.377943406] [rosbag2_recorder]: New publisher discovered on topic '/tf', offering incompatible QoS. No messages will be sent to it. Last incompatible policy: DURABILITY_QOS_POLICY
[WARN] [1760220880.415591536] [rosbag2_recorder]: A new publisher for subscribed topic /tf was found offering RMW_QOS_POLICY_DURABILITY_VOLATILE, but rosbag2 already subscribed requesting RMW_QOS_POLICY_DURABILITY_TRANSIENT_LOCAL. Messages from this new publisher will not be recorded.
[INFO] [1760220880.416926911] [rosbag2_recorder]: Subscribed to topic '/plan_barn'
[INFO] [1760220880.418047608] [rosbag2_recorder]: Subscribed to topic '/plan_barn_odom'
[INFO] [1760220880.419533239] [rosbag2_recorder]: Subscribed to topic '/scan'
[INFO] [1760220880.419560503] [rosbag2_recorder]: All requested topics are subscribed. Stopping discovery...
[WARN] [1760220881.376979758] [rosbag2_recorder]: New publisher discovered on topic '/tf', offering incompatible QoS. No messages will be sent to it. Last incompatible policy: DURABILITY_QOS_POLICY
[WARN] [1760220881.378403039] [rosbag2_recorder]: New publisher discovered on topic '/tf', offering incompatible QoS. No messages will be sent to it. Last incompatible policy: DURABILITY_QOS_POLICY
[INFO] [1760220932.259672868] [rosbag2_cpp]: Writing remaining messages from cache to the bag. It may take a while
[INFO] [1760220932.260348732] [rosbag2_recorder]: Event publisher thread: Exiting
[INFO] [1760220932.260382621] [rosbag2_recorder]: Recording stopped
