stdin is not a terminal device. Keyboard handling disabled.[INFO] [1760203721.454757314] [rosbag2_recorder]: Press SPACE for pausing/resuming
[INFO] [1760203721.456116351] [rosbag2_storage]: Opened database '/home/mobrob/ros_ws/bags_2/world210_1011_102841/world210_1011_102841_0.db3' for READ_WRITE.
[INFO] [1760203721.456936091] [rosbag2_recorder]: Listening for topics...
[INFO] [1760203721.457035568] [rosbag2_recorder]: Event publisher thread: Starting
[INFO] [1760203721.457061454] [rosbag2_recorder]: Recording...
[INFO] [1760203721.559265910] [rosbag2_recorder]: Subscribed to topic '/odom'
[INFO] [1760203721.560670350] [rosbag2_recorder]: Subscribed to topic '/scan'
[INFO] [1760203721.562007037] [rosbag2_recorder]: Subscribed to topic '/tf'
[WARN] [1760203722.452551110] [rosbag2_recorder]: New publisher discovered on topic '/tf', offering incompatible QoS. No messages will be sent to it. Last incompatible policy: DURABILITY_QOS_POLICY
[WARN] [1760203722.460577426] [rosbag2_recorder]: New publisher discovered on topic '/tf', offering incompatible QoS. No messages will be sent to it. Last incompatible policy: DURABILITY_QOS_POLICY
[WARN] [1760203722.461964628] [rosbag2_recorder]: New publisher discovered on topic '/tf', offering incompatible QoS. No messages will be sent to it. Last incompatible policy: DURABILITY_QOS_POLICY
[WARN] [1760203722.470978669] [rosbag2_recorder]: A new publisher for subscribed topic /tf was found offering RMW_QOS_POLICY_DURABILITY_VOLATILE, but rosbag2 already subscribed requesting RMW_QOS_POLICY_DURABILITY_TRANSIENT_LOCAL. Messages from this new publisher will not be recorded.
[WARN] [1760203722.471025222] [rosbag2_recorder]: A new publisher for subscribed topic /tf was found offering RMW_QOS_POLICY_DURABILITY_VOLATILE, but rosbag2 already subscribed requesting RMW_QOS_POLICY_DURABILITY_TRANSIENT_LOCAL. Messages from this new publisher will not be recorded.
[WARN] [1760203722.471029425] [rosbag2_recorder]: A new publisher for subscribed topic /tf was found offering RMW_QOS_POLICY_DURABILITY_VOLATILE, but rosbag2 already subscribed requesting RMW_QOS_POLICY_DURABILITY_TRANSIENT_LOCAL. Messages from this new publisher will not be recorded.
[INFO] [1760203722.472022349] [rosbag2_recorder]: Subscribed to topic '/plan_barn_odom'
[INFO] [1760203722.473327937] [rosbag2_recorder]: Subscribed to topic '/tf_static'
[INFO] [1760203723.496225775] [rosbag2_recorder]: Subscribed to topic '/cmd_vel'
[INFO] [1760203723.497428214] [rosbag2_recorder]: Subscribed to topic '/plan_barn'
[INFO] [1760203723.497452835] [rosbag2_recorder]: All requested topics are subscribed. Stopping discovery...
[INFO] [1760203737.375476645] [rosbag2_cpp]: Writing remaining messages from cache to the bag. It may take a while
[INFO] [1760203737.376237613] [rosbag2_recorder]: Event publisher thread: Exiting
[INFO] [1760203737.376280364] [rosbag2_recorder]: Recording stopped
