stdin is not a terminal device. Keyboard handling disabled.[INFO] [1760354613.246636207] [rosbag2_recorder]: Press SPACE for pausing/resuming
[INFO] [1760354613.247947723] [rosbag2_storage]: Opened database '/home/mobrob/ros_ws/bags_2/world125_1013_042333/world125_1013_042333_0.db3' for READ_WRITE.
[INFO] [1760354613.250150484] [rosbag2_recorder]: Listening for topics...
[INFO] [1760354613.250271717] [rosbag2_recorder]: Recording...
[INFO] [1760354613.250302499] [rosbag2_recorder]: Event publisher thread: Starting
[INFO] [1760354613.353259116] [rosbag2_recorder]: Subscribed to topic '/cmd_vel'
[INFO] [1760354613.354305125] [rosbag2_recorder]: Subscribed to topic '/odom'
[INFO] [1760354613.355234225] [rosbag2_recorder]: Subscribed to topic '/scan'
[INFO] [1760354613.356155442] [rosbag2_recorder]: Subscribed to topic '/tf'
[INFO] [1760354613.356718947] [rosbag2_recorder]: Subscribed to topic '/tf_static'
[WARN] [1760354614.254019744] [rosbag2_recorder]: New publisher discovered on topic '/tf', offering incompatible QoS. No messages will be sent to it. Last incompatible policy: DURABILITY_QOS_POLICY
[WARN] [1760354614.254613945] [rosbag2_recorder]: New publisher discovered on topic '/tf', offering incompatible QoS. No messages will be sent to it. Last incompatible policy: DURABILITY_QOS_POLICY
[WARN] [1760354614.260309581] [rosbag2_recorder]: New publisher discovered on topic '/tf', offering incompatible QoS. No messages will be sent to it. Last incompatible policy: DURABILITY_QOS_POLICY
[WARN] [1760354614.274018134] [rosbag2_recorder]: A new publisher for subscribed topic /tf was found offering RMW_QOS_POLICY_DURABILITY_VOLATILE, but rosbag2 already subscribed requesting RMW_QOS_POLICY_DURABILITY_TRANSIENT_LOCAL. Messages from this new publisher will not be recorded.
[WARN] [1760354614.274053292] [rosbag2_recorder]: A new publisher for subscribed topic /tf was found offering RMW_QOS_POLICY_DURABILITY_VOLATILE, but rosbag2 already subscribed requesting RMW_QOS_POLICY_DURABILITY_TRANSIENT_LOCAL. Messages from this new publisher will not be recorded.
[WARN] [1760354614.274061960] [rosbag2_recorder]: A new publisher for subscribed topic /tf was found offering RMW_QOS_POLICY_DURABILITY_VOLATILE, but rosbag2 already subscribed requesting RMW_QOS_POLICY_DURABILITY_TRANSIENT_LOCAL. Messages from this new publisher will not be recorded.
[INFO] [1760354615.314915616] [rosbag2_recorder]: Subscribed to topic '/plan_barn'
[INFO] [1760354615.316881230] [rosbag2_recorder]: Subscribed to topic '/plan_barn_odom'
[INFO] [1760354615.316913982] [rosbag2_recorder]: All requested topics are subscribed. Stopping discovery...
[INFO] [1760354807.125344791] [rosbag2_cpp]: Writing remaining messages from cache to the bag. It may take a while
[INFO] [1760354807.126236075] [rosbag2_recorder]: Event publisher thread: Exiting
[INFO] [1760354807.126274713] [rosbag2_recorder]: Recording stopped
