stdin is not a terminal device. Keyboard handling disabled.[INFO] [1763620040.490155290] [rosbag2_recorder]: Press SPACE for pausing/resuming
[INFO] [1763620040.491498854] [rosbag2_storage]: Opened database '/home/mobrob/ros_ws/new_bt_mlp_asym/world203_1119_222720/world203_1119_222720_0.db3' for READ_WRITE.
[INFO] [1763620040.492181484] [rosbag2_recorder]: Listening for topics...
[INFO] [1763620040.492195935] [rosbag2_recorder]: Event publisher thread: Starting
[INFO] [1763620040.492313015] [rosbag2_recorder]: Recording...
[INFO] [1763620040.597038345] [rosbag2_recorder]: Subscribed to topic '/odom'
[INFO] [1763620040.598498440] [rosbag2_recorder]: Subscribed to topic '/tf'
[WARN] [1763620041.485086381] [rosbag2_recorder]: New publisher discovered on topic '/tf', offering incompatible QoS. No messages will be sent to it. Last incompatible policy: DURABILITY_QOS_POLICY
[WARN] [1763620041.492599150] [rosbag2_recorder]: New publisher discovered on topic '/tf', offering incompatible QoS. No messages will be sent to it. Last incompatible policy: DURABILITY_QOS_POLICY
[WARN] [1763620041.508566654] [rosbag2_recorder]: A new publisher for subscribed topic /tf was found offering RMW_QOS_POLICY_DURABILITY_VOLATILE, but rosbag2 already subscribed requesting RMW_QOS_POLICY_DURABILITY_TRANSIENT_LOCAL. Messages from this new publisher will not be recorded.
[WARN] [1763620041.508614673] [rosbag2_recorder]: A new publisher for subscribed topic /tf was found offering RMW_QOS_POLICY_DURABILITY_VOLATILE, but rosbag2 already subscribed requesting RMW_QOS_POLICY_DURABILITY_TRANSIENT_LOCAL. Messages from this new publisher will not be recorded.
[INFO] [1763620041.518166431] [rosbag2_recorder]: Subscribed to topic '/cmd_vel'
[WARN] [1763620041.518264368] [rosbag2_recorder]: New publisher discovered on topic '/tf', offering incompatible QoS. No messages will be sent to it. Last incompatible policy: DURABILITY_QOS_POLICY
[INFO] [1763620041.520863750] [rosbag2_recorder]: Subscribed to topic '/plan_barn'
[INFO] [1763620041.522842745] [rosbag2_recorder]: Subscribed to topic '/plan_barn_odom'
[INFO] [1763620041.525047829] [rosbag2_recorder]: Subscribed to topic '/scan'
[INFO] [1763620041.527498788] [rosbag2_recorder]: Subscribed to topic '/tf_static'
[INFO] [1763620041.527580637] [rosbag2_recorder]: All requested topics are subscribed. Stopping discovery...
[INFO] [1763620146.341893454] [rosbag2_cpp]: Writing remaining messages from cache to the bag. It may take a while
[INFO] [1763620146.342892520] [rosbag2_recorder]: Event publisher thread: Exiting
[INFO] [1763620146.342954070] [rosbag2_recorder]: Recording stopped
