stdin is not a terminal device. Keyboard handling disabled.[INFO] [1763622583.774484624] [rosbag2_recorder]: Press SPACE for pausing/resuming
[INFO] [1763622583.775243113] [rosbag2_storage]: Opened database '/home/mobrob/ros_ws/new_bt_mlp_asym/world210_1119_230943/world210_1119_230943_0.db3' for READ_WRITE.
[INFO] [1763622583.775799342] [rosbag2_recorder]: Listening for topics...
[INFO] [1763622583.775813275] [rosbag2_recorder]: Event publisher thread: Starting
[INFO] [1763622583.775881107] [rosbag2_recorder]: Recording...
[INFO] [1763622583.879243092] [rosbag2_recorder]: Subscribed to topic '/plan_barn_odom'
[INFO] [1763622583.881293958] [rosbag2_recorder]: Subscribed to topic '/tf_static'
[INFO] [1763622584.793943613] [rosbag2_recorder]: Subscribed to topic '/cmd_vel'
[INFO] [1763622584.898497926] [rosbag2_recorder]: Subscribed to topic '/odom'
[INFO] [1763622584.899540175] [rosbag2_recorder]: Subscribed to topic '/plan_barn'
[INFO] [1763622584.900532802] [rosbag2_recorder]: Subscribed to topic '/tf'
[WARN] [1763622585.773705662] [rosbag2_recorder]: New publisher discovered on topic '/tf', offering incompatible QoS. No messages will be sent to it. Last incompatible policy: DURABILITY_QOS_POLICY
[WARN] [1763622585.773830383] [rosbag2_recorder]: New publisher discovered on topic '/tf', offering incompatible QoS. No messages will be sent to it. Last incompatible policy: DURABILITY_QOS_POLICY
[WARN] [1763622585.780424992] [rosbag2_recorder]: New publisher discovered on topic '/tf', offering incompatible QoS. No messages will be sent to it. Last incompatible policy: DURABILITY_QOS_POLICY
[WARN] [1763622585.819693910] [rosbag2_recorder]: A new publisher for subscribed topic /tf was found offering RMW_QOS_POLICY_DURABILITY_VOLATILE, but rosbag2 already subscribed requesting RMW_QOS_POLICY_DURABILITY_TRANSIENT_LOCAL. Messages from this new publisher will not be recorded.
[WARN] [1763622585.819732671] [rosbag2_recorder]: A new publisher for subscribed topic /tf was found offering RMW_QOS_POLICY_DURABILITY_VOLATILE, but rosbag2 already subscribed requesting RMW_QOS_POLICY_DURABILITY_TRANSIENT_LOCAL. Messages from this new publisher will not be recorded.
[WARN] [1763622585.819736624] [rosbag2_recorder]: A new publisher for subscribed topic /tf was found offering RMW_QOS_POLICY_DURABILITY_VOLATILE, but rosbag2 already subscribed requesting RMW_QOS_POLICY_DURABILITY_TRANSIENT_LOCAL. Messages from this new publisher will not be recorded.
[INFO] [1763622585.821178110] [rosbag2_recorder]: Subscribed to topic '/scan'
[INFO] [1763622585.821219974] [rosbag2_recorder]: All requested topics are subscribed. Stopping discovery...
[INFO] [1763622590.629931066] [rosbag2_cpp]: Writing remaining messages from cache to the bag. It may take a while
[INFO] [1763622590.630539848] [rosbag2_recorder]: Event publisher thread: Exiting
[INFO] [1763622590.630578637] [rosbag2_recorder]: Recording stopped
