stdin is not a terminal device. Keyboard handling disabled.[INFO] [1763537665.742541196] [rosbag2_recorder]: Press SPACE for pausing/resuming
[INFO] [1763537665.743673816] [rosbag2_storage]: Opened database '/home/mobrob/ros_ws/new_bt_mlp_asym/world125_1118_233425/world125_1118_233425_0.db3' for READ_WRITE.
[INFO] [1763537665.744429735] [rosbag2_recorder]: Listening for topics...
[INFO] [1763537665.744558906] [rosbag2_recorder]: Recording...
[INFO] [1763537665.747637343] [rosbag2_recorder]: Event publisher thread: Starting
[INFO] [1763537666.250253047] [rosbag2_recorder]: Subscribed to topic '/cmd_vel'
[INFO] [1763537666.251283975] [rosbag2_recorder]: Subscribed to topic '/odom'
[INFO] [1763537666.252261793] [rosbag2_recorder]: Subscribed to topic '/tf'
[WARN] [1763537666.279722240] [rosbag2_recorder]: New publisher discovered on topic '/tf', offering incompatible QoS. No messages will be sent to it. Last incompatible policy: DURABILITY_QOS_POLICY
[WARN] [1763537666.353540014] [rosbag2_recorder]: A new publisher for subscribed topic /tf was found offering RMW_QOS_POLICY_DURABILITY_VOLATILE, but rosbag2 already subscribed requesting RMW_QOS_POLICY_DURABILITY_TRANSIENT_LOCAL. Messages from this new publisher will not be recorded.
[INFO] [1763537666.355017835] [rosbag2_recorder]: Subscribed to topic '/scan'
[INFO] [1763537666.355852481] [rosbag2_recorder]: Subscribed to topic '/tf_static'
[WARN] [1763537666.759730423] [rosbag2_recorder]: New publisher discovered on topic '/tf', offering incompatible QoS. No messages will be sent to it. Last incompatible policy: DURABILITY_QOS_POLICY
[INFO] [1763537666.871407486] [rosbag2_recorder]: Subscribed to topic '/plan_barn'
[INFO] [1763537666.872443029] [rosbag2_recorder]: Subscribed to topic '/plan_barn_odom'
[INFO] [1763537666.872474500] [rosbag2_recorder]: All requested topics are subscribed. Stopping discovery...
[WARN] [1763537667.740242331] [rosbag2_recorder]: New publisher discovered on topic '/tf', offering incompatible QoS. No messages will be sent to it. Last incompatible policy: DURABILITY_QOS_POLICY
[INFO] [1763537749.610169858] [rosbag2_cpp]: Writing remaining messages from cache to the bag. It may take a while
[INFO] [1763537749.611048964] [rosbag2_recorder]: Event publisher thread: Exiting
[INFO] [1763537749.611097550] [rosbag2_recorder]: Recording stopped
