stdin is not a terminal device. Keyboard handling disabled.[INFO] [1763622801.106049940] [rosbag2_recorder]: Press SPACE for pausing/resuming
[INFO] [1763622801.107402711] [rosbag2_storage]: Opened database '/home/mobrob/ros_ws/new_bt_mlp_asym/world210_1119_231320/world210_1119_231320_0.db3' for READ_WRITE.
[INFO] [1763622801.108086901] [rosbag2_recorder]: Listening for topics...
[INFO] [1763622801.108211252] [rosbag2_recorder]: Recording...
[INFO] [1763622801.111306338] [rosbag2_recorder]: Event publisher thread: Starting
[INFO] [1763622802.123753326] [rosbag2_recorder]: Subscribed to topic '/tf_static'
[INFO] [1763622802.229546073] [rosbag2_recorder]: Subscribed to topic '/cmd_vel'
[INFO] [1763622802.230721367] [rosbag2_recorder]: Subscribed to topic '/odom'
[INFO] [1763622802.231956133] [rosbag2_recorder]: Subscribed to topic '/plan_barn'
[INFO] [1763622802.232926084] [rosbag2_recorder]: Subscribed to topic '/plan_barn_odom'
[INFO] [1763622802.233894753] [rosbag2_recorder]: Subscribed to topic '/tf'
[WARN] [1763622803.099761265] [rosbag2_recorder]: New publisher discovered on topic '/tf', offering incompatible QoS. No messages will be sent to it. Last incompatible policy: DURABILITY_QOS_POLICY
[WARN] [1763622803.107852102] [rosbag2_recorder]: New publisher discovered on topic '/tf', offering incompatible QoS. No messages will be sent to it. Last incompatible policy: DURABILITY_QOS_POLICY
[WARN] [1763622803.108666885] [rosbag2_recorder]: New publisher discovered on topic '/tf', offering incompatible QoS. No messages will be sent to it. Last incompatible policy: DURABILITY_QOS_POLICY
[WARN] [1763622803.165659924] [rosbag2_recorder]: A new publisher for subscribed topic /tf was found offering RMW_QOS_POLICY_DURABILITY_VOLATILE, but rosbag2 already subscribed requesting RMW_QOS_POLICY_DURABILITY_TRANSIENT_LOCAL. Messages from this new publisher will not be recorded.
[WARN] [1763622803.165710704] [rosbag2_recorder]: A new publisher for subscribed topic /tf was found offering RMW_QOS_POLICY_DURABILITY_VOLATILE, but rosbag2 already subscribed requesting RMW_QOS_POLICY_DURABILITY_TRANSIENT_LOCAL. Messages from this new publisher will not be recorded.
[WARN] [1763622803.165715365] [rosbag2_recorder]: A new publisher for subscribed topic /tf was found offering RMW_QOS_POLICY_DURABILITY_VOLATILE, but rosbag2 already subscribed requesting RMW_QOS_POLICY_DURABILITY_TRANSIENT_LOCAL. Messages from this new publisher will not be recorded.
[INFO] [1763622803.167263526] [rosbag2_recorder]: Subscribed to topic '/scan'
[INFO] [1763622803.167302048] [rosbag2_recorder]: All requested topics are subscribed. Stopping discovery...
[INFO] [1763622883.978039176] [rosbag2_cpp]: Writing remaining messages from cache to the bag. It may take a while
[INFO] [1763622883.978980217] [rosbag2_recorder]: Event publisher thread: Exiting
[INFO] [1763622883.979025417] [rosbag2_recorder]: Recording stopped
