stdin is not a terminal device. Keyboard handling disabled.[INFO] [1763626471.590204696] [rosbag2_recorder]: Press SPACE for pausing/resuming
[INFO] [1763626471.591411140] [rosbag2_storage]: Opened database '/home/mobrob/ros_ws/new_bt_mlp_asym/world187_1120_001431/world187_1120_001431_0.db3' for READ_WRITE.
[INFO] [1763626471.592389594] [rosbag2_recorder]: Listening for topics...
[INFO] [1763626471.592422270] [rosbag2_recorder]: Event publisher thread: Starting
[INFO] [1763626471.592558317] [rosbag2_recorder]: Recording...
[INFO] [1763626471.700655808] [rosbag2_recorder]: Subscribed to topic '/odom'
[INFO] [1763626471.702780763] [rosbag2_recorder]: Subscribed to topic '/scan'
[INFO] [1763626471.704792416] [rosbag2_recorder]: Subscribed to topic '/tf'
[INFO] [1763626471.705527662] [rosbag2_recorder]: Subscribed to topic '/tf_static'
[WARN] [1763626472.593058029] [rosbag2_recorder]: New publisher discovered on topic '/tf', offering incompatible QoS. No messages will be sent to it. Last incompatible policy: DURABILITY_QOS_POLICY
[WARN] [1763626472.604476532] [rosbag2_recorder]: New publisher discovered on topic '/tf', offering incompatible QoS. No messages will be sent to it. Last incompatible policy: DURABILITY_QOS_POLICY
[WARN] [1763626472.618675825] [rosbag2_recorder]: A new publisher for subscribed topic /tf was found offering RMW_QOS_POLICY_DURABILITY_VOLATILE, but rosbag2 already subscribed requesting RMW_QOS_POLICY_DURABILITY_TRANSIENT_LOCAL. Messages from this new publisher will not be recorded.
[WARN] [1763626472.618735576] [rosbag2_recorder]: A new publisher for subscribed topic /tf was found offering RMW_QOS_POLICY_DURABILITY_VOLATILE, but rosbag2 already subscribed requesting RMW_QOS_POLICY_DURABILITY_TRANSIENT_LOCAL. Messages from this new publisher will not be recorded.
[INFO] [1763626472.623962505] [rosbag2_recorder]: Subscribed to topic '/cmd_vel'
[INFO] [1763626472.625053427] [rosbag2_recorder]: Subscribed to topic '/plan_barn'
[INFO] [1763626472.625903670] [rosbag2_recorder]: Subscribed to topic '/plan_barn_odom'
[INFO] [1763626472.625928323] [rosbag2_recorder]: All requested topics are subscribed. Stopping discovery...
[WARN] [1763626473.590022141] [rosbag2_recorder]: New publisher discovered on topic '/tf', offering incompatible QoS. No messages will be sent to it. Last incompatible policy: DURABILITY_QOS_POLICY
[INFO] [1763626478.458451024] [rosbag2_cpp]: Writing remaining messages from cache to the bag. It may take a while
[INFO] [1763626478.459134435] [rosbag2_recorder]: Event publisher thread: Exiting
[INFO] [1763626478.459174657] [rosbag2_recorder]: Recording stopped
