stdin is not a terminal device. Keyboard handling disabled.[37;1m2025-11-18 22:32:00.585 [31;1m[[37;1mRTPS_TRANSPORT_SHM[31;1m Error] [37mFailed init_port fastrtps_port7539: open_and_lock_file failed[34;1m -> Function [36mopen_port_internal[m
[37;1m2025-11-18 22:32:00.585 [31;1m[[37;1mRTPS_TRANSPORT_SHM[31;1m Error] [37mFailed init_port fastrtps_port7543: open_and_lock_file failed[34;1m -> Function [36mopen_port_internal[m
[37;1m2025-11-18 22:32:00.585 [31;1m[[37;1mRTPS_TRANSPORT_SHM[31;1m Error] [37mFailed init_port fastrtps_port7553: open_and_lock_file failed[34;1m -> Function [36mopen_port_internal[m
[INFO] [1763533920.596662117] [rosbag2_recorder]: Press SPACE for pausing/resuming
[INFO] [1763533920.597781733] [rosbag2_storage]: Opened database '/home/mobrob/ros_ws/new_bt_mlp_asym/world12_1118_223200/world12_1118_223200_0.db3' for READ_WRITE.
[INFO] [1763533920.598449613] [rosbag2_recorder]: Listening for topics...
[INFO] [1763533920.598556468] [rosbag2_recorder]: Recording...
[INFO] [1763533920.601757788] [rosbag2_recorder]: Event publisher thread: Starting
[INFO] [1763533920.706990556] [rosbag2_recorder]: Subscribed to topic '/cmd_vel'
[INFO] [1763533920.809694144] [rosbag2_recorder]: Subscribed to topic '/odom'
[INFO] [1763533920.810956288] [rosbag2_recorder]: Subscribed to topic '/tf'
[WARN] [1763533921.628151479] [rosbag2_recorder]: New publisher discovered on topic '/tf', offering incompatible QoS. No messages will be sent to it. Last incompatible policy: DURABILITY_QOS_POLICY
[INFO] [1763533921.633061786] [rosbag2_recorder]: Subscribed to topic '/tf_static'
[WARN] [1763533921.634965085] [rosbag2_recorder]: New publisher discovered on topic '/tf', offering incompatible QoS. No messages will be sent to it. Last incompatible policy: DURABILITY_QOS_POLICY
[WARN] [1763533921.736111108] [rosbag2_recorder]: A new publisher for subscribed topic /tf was found offering RMW_QOS_POLICY_DURABILITY_VOLATILE, but rosbag2 already subscribed requesting RMW_QOS_POLICY_DURABILITY_TRANSIENT_LOCAL. Messages from this new publisher will not be recorded.
[WARN] [1763533921.736146556] [rosbag2_recorder]: A new publisher for subscribed topic /tf was found offering RMW_QOS_POLICY_DURABILITY_VOLATILE, but rosbag2 already subscribed requesting RMW_QOS_POLICY_DURABILITY_TRANSIENT_LOCAL. Messages from this new publisher will not be recorded.
[INFO] [1763533921.737288070] [rosbag2_recorder]: Subscribed to topic '/plan_barn'
[INFO] [1763533921.738183008] [rosbag2_recorder]: Subscribed to topic '/plan_barn_odom'
[WARN] [1763533922.596823965] [rosbag2_recorder]: New publisher discovered on topic '/tf', offering incompatible QoS. No messages will be sent to it. Last incompatible policy: DURABILITY_QOS_POLICY
[INFO] [1763533922.681377128] [rosbag2_recorder]: Subscribed to topic '/scan'
[INFO] [1763533922.681413115] [rosbag2_recorder]: All requested topics are subscribed. Stopping discovery...
[INFO] [1763534003.450793113] [rosbag2_cpp]: Writing remaining messages from cache to the bag. It may take a while
[INFO] [1763534003.451600783] [rosbag2_recorder]: Event publisher thread: Exiting
[INFO] [1763534003.451649152] [rosbag2_recorder]: Recording stopped
