stdin is not a terminal device. Keyboard handling disabled.[INFO] [1763625695.711308191] [rosbag2_recorder]: Press SPACE for pausing/resuming
[INFO] [1763625695.712355347] [rosbag2_storage]: Opened database '/home/mobrob/ros_ws/new_bt_mlp_asym/world187_1120_000135/world187_1120_000135_0.db3' for READ_WRITE.
[INFO] [1763625695.713058390] [rosbag2_recorder]: Listening for topics...
[INFO] [1763625695.713072861] [rosbag2_recorder]: Event publisher thread: Starting
[INFO] [1763625695.713143625] [rosbag2_recorder]: Recording...
[INFO] [1763625695.816837934] [rosbag2_recorder]: Subscribed to topic '/cmd_vel'
[INFO] [1763625695.818584142] [rosbag2_recorder]: Subscribed to topic '/odom'
[INFO] [1763625695.819497205] [rosbag2_recorder]: Subscribed to topic '/plan_barn'
[INFO] [1763625695.820379206] [rosbag2_recorder]: Subscribed to topic '/plan_barn_odom'
[INFO] [1763625695.821821912] [rosbag2_recorder]: Subscribed to topic '/tf'
[WARN] [1763625696.723781570] [rosbag2_recorder]: New publisher discovered on topic '/tf', offering incompatible QoS. No messages will be sent to it. Last incompatible policy: DURABILITY_QOS_POLICY
[WARN] [1763625696.736067502] [rosbag2_recorder]: New publisher discovered on topic '/tf', offering incompatible QoS. No messages will be sent to it. Last incompatible policy: DURABILITY_QOS_POLICY
[WARN] [1763625696.740575517] [rosbag2_recorder]: A new publisher for subscribed topic /tf was found offering RMW_QOS_POLICY_DURABILITY_VOLATILE, but rosbag2 already subscribed requesting RMW_QOS_POLICY_DURABILITY_TRANSIENT_LOCAL. Messages from this new publisher will not be recorded.
[WARN] [1763625696.740624943] [rosbag2_recorder]: A new publisher for subscribed topic /tf was found offering RMW_QOS_POLICY_DURABILITY_VOLATILE, but rosbag2 already subscribed requesting RMW_QOS_POLICY_DURABILITY_TRANSIENT_LOCAL. Messages from this new publisher will not be recorded.
[INFO] [1763625696.743937725] [rosbag2_recorder]: Subscribed to topic '/scan'
[INFO] [1763625696.745695790] [rosbag2_recorder]: Subscribed to topic '/tf_static'
[INFO] [1763625696.745733254] [rosbag2_recorder]: All requested topics are subscribed. Stopping discovery...
[WARN] [1763625697.707789277] [rosbag2_recorder]: New publisher discovered on topic '/tf', offering incompatible QoS. No messages will be sent to it. Last incompatible policy: DURABILITY_QOS_POLICY
[INFO] [1763626067.585742663] [rosbag2_cpp]: Writing remaining messages from cache to the bag. It may take a while
[INFO] [1763626067.586365087] [rosbag2_recorder]: Event publisher thread: Exiting
[INFO] [1763626067.586409595] [rosbag2_recorder]: Recording stopped
