stdin is not a terminal device. Keyboard handling disabled.[INFO] [1763619056.562641578] [rosbag2_recorder]: Press SPACE for pausing/resuming
[INFO] [1763619056.563380332] [rosbag2_storage]: Opened database '/home/mobrob/ros_ws/new_bt_mlp_asym/world203_1119_221056/world203_1119_221056_0.db3' for READ_WRITE.
[INFO] [1763619056.564415442] [rosbag2_recorder]: Listening for topics...
[INFO] [1763619056.564437900] [rosbag2_recorder]: Event publisher thread: Starting
[INFO] [1763619056.564552751] [rosbag2_recorder]: Recording...
[INFO] [1763619056.669840591] [rosbag2_recorder]: Subscribed to topic '/cmd_vel'
[INFO] [1763619056.671601610] [rosbag2_recorder]: Subscribed to topic '/odom'
[INFO] [1763619056.673434186] [rosbag2_recorder]: Subscribed to topic '/tf'
[WARN] [1763619057.582505535] [rosbag2_recorder]: New publisher discovered on topic '/tf', offering incompatible QoS. No messages will be sent to it. Last incompatible policy: DURABILITY_QOS_POLICY
[WARN] [1763619057.586210012] [rosbag2_recorder]: A new publisher for subscribed topic /tf was found offering RMW_QOS_POLICY_DURABILITY_VOLATILE, but rosbag2 already subscribed requesting RMW_QOS_POLICY_DURABILITY_TRANSIENT_LOCAL. Messages from this new publisher will not be recorded.
[WARN] [1763619057.591619274] [rosbag2_recorder]: New publisher discovered on topic '/tf', offering incompatible QoS. No messages will be sent to it. Last incompatible policy: DURABILITY_QOS_POLICY
[INFO] [1763619057.593549829] [rosbag2_recorder]: Subscribed to topic '/scan'
[INFO] [1763619057.599139711] [rosbag2_recorder]: Subscribed to topic '/tf_static'
[WARN] [1763619058.563404606] [rosbag2_recorder]: New publisher discovered on topic '/tf', offering incompatible QoS. No messages will be sent to it. Last incompatible policy: DURABILITY_QOS_POLICY
[INFO] [1763619058.639179547] [rosbag2_recorder]: Subscribed to topic '/plan_barn'
[INFO] [1763619058.640566469] [rosbag2_recorder]: Subscribed to topic '/plan_barn_odom'
[INFO] [1763619058.640600224] [rosbag2_recorder]: All requested topics are subscribed. Stopping discovery...
[INFO] [1763619428.432375722] [rosbag2_cpp]: Writing remaining messages from cache to the bag. It may take a while
[INFO] [1763619428.433137622] [rosbag2_recorder]: Event publisher thread: Exiting
[INFO] [1763619428.433173023] [rosbag2_recorder]: Recording stopped
