stdin is not a terminal device. Keyboard handling disabled.[37;1m2025-11-18 22:09:32.547 [31;1m[[37;1mRTPS_TRANSPORT_SHM[31;1m Error] [37mFailed init_port fastrtps_port7539: open_and_lock_file failed[34;1m -> Function [36mopen_port_internal[m
[37;1m2025-11-18 22:09:32.547 [31;1m[[37;1mRTPS_TRANSPORT_SHM[31;1m Error] [37mFailed init_port fastrtps_port7543: open_and_lock_file failed[34;1m -> Function [36mopen_port_internal[m
[37;1m2025-11-18 22:09:32.547 [31;1m[[37;1mRTPS_TRANSPORT_SHM[31;1m Error] [37mFailed init_port fastrtps_port7553: open_and_lock_file failed[34;1m -> Function [36mopen_port_internal[m
[INFO] [1763532572.556163628] [rosbag2_recorder]: Press SPACE for pausing/resuming
[INFO] [1763532572.556929197] [rosbag2_storage]: Opened database '/home/mobrob/ros_ws/new_bt_mlp_asym/world12_1118_220932/world12_1118_220932_0.db3' for READ_WRITE.
[INFO] [1763532572.557505859] [rosbag2_recorder]: Listening for topics...
[INFO] [1763532572.557518290] [rosbag2_recorder]: Event publisher thread: Starting
[INFO] [1763532572.557602002] [rosbag2_recorder]: Recording...
[INFO] [1763532572.760832051] [rosbag2_recorder]: Subscribed to topic '/odom'
[WARN] [1763532572.761064669] [ROSBAG2_TRANSPORT]: Some, but not all, publishers on topic "/tf" are offering RMW_QOS_POLICY_DURABILITY_TRANSIENT_LOCAL. Falling back to RMW_QOS_POLICY_DURABILITY_VOLATILE as it will connect to all publishers. Previously-published latched messages will not be retrieved.
[INFO] [1763532572.761999905] [rosbag2_recorder]: Subscribed to topic '/tf'
[INFO] [1763532573.145235155] [rosbag2_recorder]: Subscribed to topic '/tf_static'
[INFO] [1763532573.655054909] [rosbag2_recorder]: Subscribed to topic '/cmd_vel'
[INFO] [1763532573.656331212] [rosbag2_recorder]: Subscribed to topic '/plan_barn'
[INFO] [1763532573.657518895] [rosbag2_recorder]: Subscribed to topic '/plan_barn_odom'
[INFO] [1763532573.659208803] [rosbag2_recorder]: Subscribed to topic '/scan'
[INFO] [1763532573.659231483] [rosbag2_recorder]: All requested topics are subscribed. Stopping discovery...
[INFO] [1763532654.399328769] [rosbag2_cpp]: Writing remaining messages from cache to the bag. It may take a while
[INFO] [1763532654.400021386] [rosbag2_recorder]: Event publisher thread: Exiting
[INFO] [1763532654.400069539] [rosbag2_recorder]: Recording stopped
