stdin is not a terminal device. Keyboard handling disabled.[37;1m2025-11-18 22:38:35.385 [31;1m[[37;1mRTPS_TRANSPORT_SHM[31;1m Error] [37mFailed init_port fastrtps_port7539: open_and_lock_file failed[34;1m -> Function [36mopen_port_internal[m
[37;1m2025-11-18 22:38:35.386 [31;1m[[37;1mRTPS_TRANSPORT_SHM[31;1m Error] [37mFailed init_port fastrtps_port7543: open_and_lock_file failed[34;1m -> Function [36mopen_port_internal[m
[37;1m2025-11-18 22:38:35.386 [31;1m[[37;1mRTPS_TRANSPORT_SHM[31;1m Error] [37mFailed init_port fastrtps_port7553: open_and_lock_file failed[34;1m -> Function [36mopen_port_internal[m
[INFO] [1763534315.396438818] [rosbag2_recorder]: Press SPACE for pausing/resuming
[INFO] [1763534315.397426873] [rosbag2_storage]: Opened database '/home/mobrob/ros_ws/new_bt_mlp_asym/world36_1118_223835/world36_1118_223835_0.db3' for READ_WRITE.
[INFO] [1763534315.398042501] [rosbag2_recorder]: Listening for topics...
[INFO] [1763534315.398055332] [rosbag2_recorder]: Event publisher thread: Starting
[INFO] [1763534315.398137212] [rosbag2_recorder]: Recording...
[INFO] [1763534315.504843184] [rosbag2_recorder]: Subscribed to topic '/cmd_vel'
[INFO] [1763534315.506484542] [rosbag2_recorder]: Subscribed to topic '/plan_barn'
[INFO] [1763534315.508209016] [rosbag2_recorder]: Subscribed to topic '/plan_barn_odom'
[INFO] [1763534315.509750871] [rosbag2_recorder]: Subscribed to topic '/tf_static'
[INFO] [1763534316.437287703] [rosbag2_recorder]: Subscribed to topic '/odom'
[WARN] [1763534316.437720535] [ROSBAG2_TRANSPORT]: Some, but not all, publishers on topic "/tf" are offering RMW_QOS_POLICY_DURABILITY_TRANSIENT_LOCAL. Falling back to RMW_QOS_POLICY_DURABILITY_VOLATILE as it will connect to all publishers. Previously-published latched messages will not be retrieved.
[INFO] [1763534316.438548969] [rosbag2_recorder]: Subscribed to topic '/tf'
[INFO] [1763534317.485146788] [rosbag2_recorder]: Subscribed to topic '/scan'
[INFO] [1763534317.485190239] [rosbag2_recorder]: All requested topics are subscribed. Stopping discovery...
[INFO] [1763534392.259346230] [rosbag2_cpp]: Writing remaining messages from cache to the bag. It may take a while
[INFO] [1763534392.260241621] [rosbag2_recorder]: Event publisher thread: Exiting
[INFO] [1763534392.260291744] [rosbag2_recorder]: Recording stopped
