stdin is not a terminal device. Keyboard handling disabled.[INFO] [1763702561.341570405] [rosbag2_recorder]: Press SPACE for pausing/resuming
[INFO] [1763702561.342327528] [rosbag2_storage]: Opened database '/home/mobrob/ros_ws/new_bt_mlp_asym/world12_1120_212241/world12_1120_212241_0.db3' for READ_WRITE.
[INFO] [1763702561.343049650] [rosbag2_recorder]: Listening for topics...
[INFO] [1763702561.343146323] [rosbag2_recorder]: Recording...
[INFO] [1763702561.343283148] [rosbag2_recorder]: Event publisher thread: Starting
[INFO] [1763702561.446389578] [rosbag2_recorder]: Subscribed to topic '/cmd_vel'
[INFO] [1763702561.447591056] [rosbag2_recorder]: Subscribed to topic '/odom'
[INFO] [1763702561.448698896] [rosbag2_recorder]: Subscribed to topic '/tf'
[INFO] [1763702561.449371278] [rosbag2_recorder]: Subscribed to topic '/tf_static'
[WARN] [1763702562.343823551] [rosbag2_recorder]: New publisher discovered on topic '/tf', offering incompatible QoS. No messages will be sent to it. Last incompatible policy: DURABILITY_QOS_POLICY
[WARN] [1763702562.368727083] [rosbag2_recorder]: A new publisher for subscribed topic /tf was found offering RMW_QOS_POLICY_DURABILITY_VOLATILE, but rosbag2 already subscribed requesting RMW_QOS_POLICY_DURABILITY_TRANSIENT_LOCAL. Messages from this new publisher will not be recorded.
[INFO] [1763702562.370270975] [rosbag2_recorder]: Subscribed to topic '/plan_barn'
[INFO] [1763702562.371492636] [rosbag2_recorder]: Subscribed to topic '/plan_barn_odom'
[INFO] [1763702562.372952372] [rosbag2_recorder]: Subscribed to topic '/scan'
[INFO] [1763702562.372977037] [rosbag2_recorder]: All requested topics are subscribed. Stopping discovery...
[WARN] [1763702563.337615687] [rosbag2_recorder]: New publisher discovered on topic '/tf', offering incompatible QoS. No messages will be sent to it. Last incompatible policy: DURABILITY_QOS_POLICY
[WARN] [1763702563.340201012] [rosbag2_recorder]: New publisher discovered on topic '/tf', offering incompatible QoS. No messages will be sent to it. Last incompatible policy: DURABILITY_QOS_POLICY
[INFO] [1763702652.217250191] [rosbag2_cpp]: Writing remaining messages from cache to the bag. It may take a while
[INFO] [1763702652.218137437] [rosbag2_recorder]: Event publisher thread: Exiting
[INFO] [1763702652.218174562] [rosbag2_recorder]: Recording stopped
