stdin is not a terminal device. Keyboard handling disabled.[INFO] [1763600150.736398638] [rosbag2_recorder]: Press SPACE for pausing/resuming
[INFO] [1763600150.737138441] [rosbag2_storage]: Opened database '/home/mobrob/ros_ws/new_bt_mlp_asym/world125_1119_165550/world125_1119_165550_0.db3' for READ_WRITE.
[INFO] [1763600150.737668755] [rosbag2_recorder]: Listening for topics...
[INFO] [1763600150.737681222] [rosbag2_recorder]: Event publisher thread: Starting
[INFO] [1763600150.737763458] [rosbag2_recorder]: Recording...
[INFO] [1763600151.497880479] [rosbag2_recorder]: Subscribed to topic '/cmd_vel'
[INFO] [1763600151.499926436] [rosbag2_recorder]: Subscribed to topic '/odom'
[INFO] [1763600151.501325581] [rosbag2_recorder]: Subscribed to topic '/plan_barn'
[INFO] [1763600151.502142176] [rosbag2_recorder]: Subscribed to topic '/plan_barn_odom'
[INFO] [1763600151.503301534] [rosbag2_recorder]: Subscribed to topic '/tf'
[WARN] [1763600151.753614101] [rosbag2_recorder]: New publisher discovered on topic '/tf', offering incompatible QoS. No messages will be sent to it. Last incompatible policy: DURABILITY_QOS_POLICY
[WARN] [1763600151.811403235] [rosbag2_recorder]: A new publisher for subscribed topic /tf was found offering RMW_QOS_POLICY_DURABILITY_VOLATILE, but rosbag2 already subscribed requesting RMW_QOS_POLICY_DURABILITY_TRANSIENT_LOCAL. Messages from this new publisher will not be recorded.
[INFO] [1763600151.812460274] [rosbag2_recorder]: Subscribed to topic '/tf_static'
[WARN] [1763600152.734352088] [rosbag2_recorder]: New publisher discovered on topic '/tf', offering incompatible QoS. No messages will be sent to it. Last incompatible policy: DURABILITY_QOS_POLICY
[WARN] [1763600152.734914561] [rosbag2_recorder]: New publisher discovered on topic '/tf', offering incompatible QoS. No messages will be sent to it. Last incompatible policy: DURABILITY_QOS_POLICY
[INFO] [1763600152.747814223] [rosbag2_recorder]: Subscribed to topic '/scan'
[INFO] [1763600152.747860031] [rosbag2_recorder]: All requested topics are subscribed. Stopping discovery...
[INFO] [1763600236.602028704] [rosbag2_cpp]: Writing remaining messages from cache to the bag. It may take a while
[INFO] [1763600236.602668914] [rosbag2_recorder]: Event publisher thread: Exiting
[INFO] [1763600236.602716039] [rosbag2_recorder]: Recording stopped
