stdin is not a terminal device. Keyboard handling disabled.[INFO] [1763616967.113676982] [rosbag2_recorder]: Press SPACE for pausing/resuming
[INFO] [1763616967.114455202] [rosbag2_storage]: Opened database '/home/mobrob/ros_ws/new_bt_mlp_asym/world125_1119_213606/world125_1119_213606_0.db3' for READ_WRITE.
[INFO] [1763616967.115077299] [rosbag2_recorder]: Listening for topics...
[INFO] [1763616967.115089004] [rosbag2_recorder]: Event publisher thread: Starting
[INFO] [1763616967.115201711] [rosbag2_recorder]: Recording...
[INFO] [1763616967.919624731] [rosbag2_recorder]: Subscribed to topic '/cmd_vel'
[INFO] [1763616968.136719557] [rosbag2_recorder]: Subscribed to topic '/tf_static'
[INFO] [1763616968.241204344] [rosbag2_recorder]: Subscribed to topic '/odom'
[INFO] [1763616968.242459030] [rosbag2_recorder]: Subscribed to topic '/plan_barn'
[INFO] [1763616968.243536037] [rosbag2_recorder]: Subscribed to topic '/plan_barn_odom'
[INFO] [1763616968.244901558] [rosbag2_recorder]: Subscribed to topic '/tf'
[WARN] [1763616969.110922177] [rosbag2_recorder]: New publisher discovered on topic '/tf', offering incompatible QoS. No messages will be sent to it. Last incompatible policy: DURABILITY_QOS_POLICY
[WARN] [1763616969.111455558] [rosbag2_recorder]: New publisher discovered on topic '/tf', offering incompatible QoS. No messages will be sent to it. Last incompatible policy: DURABILITY_QOS_POLICY
[WARN] [1763616969.117245306] [rosbag2_recorder]: New publisher discovered on topic '/tf', offering incompatible QoS. No messages will be sent to it. Last incompatible policy: DURABILITY_QOS_POLICY
[WARN] [1763616969.176058875] [rosbag2_recorder]: A new publisher for subscribed topic /tf was found offering RMW_QOS_POLICY_DURABILITY_VOLATILE, but rosbag2 already subscribed requesting RMW_QOS_POLICY_DURABILITY_TRANSIENT_LOCAL. Messages from this new publisher will not be recorded.
[WARN] [1763616969.176100260] [rosbag2_recorder]: A new publisher for subscribed topic /tf was found offering RMW_QOS_POLICY_DURABILITY_VOLATILE, but rosbag2 already subscribed requesting RMW_QOS_POLICY_DURABILITY_TRANSIENT_LOCAL. Messages from this new publisher will not be recorded.
[WARN] [1763616969.176115703] [rosbag2_recorder]: A new publisher for subscribed topic /tf was found offering RMW_QOS_POLICY_DURABILITY_VOLATILE, but rosbag2 already subscribed requesting RMW_QOS_POLICY_DURABILITY_TRANSIENT_LOCAL. Messages from this new publisher will not be recorded.
[INFO] [1763616969.178187421] [rosbag2_recorder]: Subscribed to topic '/scan'
[INFO] [1763616969.178218023] [rosbag2_recorder]: All requested topics are subscribed. Stopping discovery...
[INFO] [1763617053.976840956] [rosbag2_cpp]: Writing remaining messages from cache to the bag. It may take a while
[INFO] [1763617053.977612437] [rosbag2_recorder]: Event publisher thread: Exiting
[INFO] [1763617053.977658247] [rosbag2_recorder]: Recording stopped
