stdin is not a terminal device. Keyboard handling disabled.[INFO] [1763537810.594433122] [rosbag2_recorder]: Press SPACE for pausing/resuming
[INFO] [1763537810.595168442] [rosbag2_storage]: Opened database '/home/mobrob/ros_ws/new_bt_mlp_asym/world125_1118_233650/world125_1118_233650_0.db3' for READ_WRITE.
[INFO] [1763537810.595760160] [rosbag2_recorder]: Listening for topics...
[INFO] [1763537810.595772213] [rosbag2_recorder]: Event publisher thread: Starting
[INFO] [1763537810.595828891] [rosbag2_recorder]: Recording...
[INFO] [1763537810.704091325] [rosbag2_recorder]: Subscribed to topic '/plan_barn_odom'
[INFO] [1763537810.706594378] [rosbag2_recorder]: Subscribed to topic '/scan'
[INFO] [1763537810.808989019] [rosbag2_recorder]: Subscribed to topic '/odom'
[INFO] [1763537810.810268470] [rosbag2_recorder]: Subscribed to topic '/tf'
[WARN] [1763537810.865854413] [rosbag2_recorder]: New publisher discovered on topic '/tf', offering incompatible QoS. No messages will be sent to it. Last incompatible policy: DURABILITY_QOS_POLICY
[WARN] [1763537810.911567684] [rosbag2_recorder]: A new publisher for subscribed topic /tf was found offering RMW_QOS_POLICY_DURABILITY_VOLATILE, but rosbag2 already subscribed requesting RMW_QOS_POLICY_DURABILITY_TRANSIENT_LOCAL. Messages from this new publisher will not be recorded.
[INFO] [1763537812.031008041] [rosbag2_recorder]: Subscribed to topic '/tf_static'
[WARN] [1763537812.605288872] [rosbag2_recorder]: New publisher discovered on topic '/tf', offering incompatible QoS. No messages will be sent to it. Last incompatible policy: DURABILITY_QOS_POLICY
[WARN] [1763537812.612502917] [rosbag2_recorder]: New publisher discovered on topic '/tf', offering incompatible QoS. No messages will be sent to it. Last incompatible policy: DURABILITY_QOS_POLICY
[INFO] [1763537812.647106876] [rosbag2_recorder]: Subscribed to topic '/cmd_vel'
[INFO] [1763537812.648608155] [rosbag2_recorder]: Subscribed to topic '/plan_barn'
[INFO] [1763537812.648646317] [rosbag2_recorder]: All requested topics are subscribed. Stopping discovery...
[INFO] [1763537901.444587615] [rosbag2_cpp]: Writing remaining messages from cache to the bag. It may take a while
[INFO] [1763537901.445237322] [rosbag2_recorder]: Event publisher thread: Exiting
[INFO] [1763537901.445306344] [rosbag2_recorder]: Recording stopped
