stdin is not a terminal device. Keyboard handling disabled.[INFO] [1763065451.908092036] [rosbag2_recorder]: Press SPACE for pausing/resuming
[INFO] [1763065451.908874025] [rosbag2_storage]: Opened database '/home/mobrob/ros_ws/large_results/world202_1113_122411/world202_1113_122411_0.db3' for READ_WRITE.
[INFO] [1763065451.909294195] [rosbag2_recorder]: Listening for topics...
[INFO] [1763065451.909306647] [rosbag2_recorder]: Event publisher thread: Starting
[INFO] [1763065451.909361253] [rosbag2_recorder]: Recording...
[INFO] [1763065452.012679793] [rosbag2_recorder]: Subscribed to topic '/cmd_vel'
[INFO] [1763065452.013610674] [rosbag2_recorder]: Subscribed to topic '/odom'
[INFO] [1763065452.014591468] [rosbag2_recorder]: Subscribed to topic '/scan'
[INFO] [1763065452.015454362] [rosbag2_recorder]: Subscribed to topic '/tf'
[WARN] [1763065452.909407971] [rosbag2_recorder]: New publisher discovered on topic '/tf', offering incompatible QoS. No messages will be sent to it. Last incompatible policy: DURABILITY_QOS_POLICY
[WARN] [1763065452.910509061] [rosbag2_recorder]: New publisher discovered on topic '/tf', offering incompatible QoS. No messages will be sent to it. Last incompatible policy: DURABILITY_QOS_POLICY
[WARN] [1763065452.912896405] [rosbag2_recorder]: New publisher discovered on topic '/tf', offering incompatible QoS. No messages will be sent to it. Last incompatible policy: DURABILITY_QOS_POLICY
[WARN] [1763065452.929793207] [rosbag2_recorder]: A new publisher for subscribed topic /tf was found offering RMW_QOS_POLICY_DURABILITY_VOLATILE, but rosbag2 already subscribed requesting RMW_QOS_POLICY_DURABILITY_TRANSIENT_LOCAL. Messages from this new publisher will not be recorded.
[WARN] [1763065452.929832961] [rosbag2_recorder]: A new publisher for subscribed topic /tf was found offering RMW_QOS_POLICY_DURABILITY_VOLATILE, but rosbag2 already subscribed requesting RMW_QOS_POLICY_DURABILITY_TRANSIENT_LOCAL. Messages from this new publisher will not be recorded.
[WARN] [1763065452.929836946] [rosbag2_recorder]: A new publisher for subscribed topic /tf was found offering RMW_QOS_POLICY_DURABILITY_VOLATILE, but rosbag2 already subscribed requesting RMW_QOS_POLICY_DURABILITY_TRANSIENT_LOCAL. Messages from this new publisher will not be recorded.
[INFO] [1763065452.930901110] [rosbag2_recorder]: Subscribed to topic '/plan_barn'
[INFO] [1763065452.932270881] [rosbag2_recorder]: Subscribed to topic '/plan_barn_odom'
[INFO] [1763065452.933455398] [rosbag2_recorder]: Subscribed to topic '/tf_static'
[INFO] [1763065452.933482158] [rosbag2_recorder]: All requested topics are subscribed. Stopping discovery...
[INFO] [1763065541.790382610] [rosbag2_cpp]: Writing remaining messages from cache to the bag. It may take a while
[INFO] [1763065541.791009853] [rosbag2_recorder]: Event publisher thread: Exiting
[INFO] [1763065541.791055322] [rosbag2_recorder]: Recording stopped
