stdin is not a terminal device. Keyboard handling disabled.[INFO] [1762875866.469445688] [rosbag2_recorder]: Press SPACE for pausing/resuming
[INFO] [1762875866.470237298] [rosbag2_storage]: Opened database '/home/mobrob/ros_ws/large_results/world31_1111_074426/world31_1111_074426_0.db3' for READ_WRITE.
[INFO] [1762875866.471457099] [rosbag2_recorder]: Listening for topics...
[INFO] [1762875866.471469591] [rosbag2_recorder]: Event publisher thread: Starting
[INFO] [1762875866.471568351] [rosbag2_recorder]: Recording...
[INFO] [1762875866.574648100] [rosbag2_recorder]: Subscribed to topic '/cmd_vel'
[INFO] [1762875866.575522853] [rosbag2_recorder]: Subscribed to topic '/odom'
[INFO] [1762875866.576345746] [rosbag2_recorder]: Subscribed to topic '/tf'
[INFO] [1762875866.576883057] [rosbag2_recorder]: Subscribed to topic '/tf_static'
[WARN] [1762875867.480079733] [rosbag2_recorder]: New publisher discovered on topic '/tf', offering incompatible QoS. No messages will be sent to it. Last incompatible policy: DURABILITY_QOS_POLICY
[WARN] [1762875867.498164736] [rosbag2_recorder]: A new publisher for subscribed topic /tf was found offering RMW_QOS_POLICY_DURABILITY_VOLATILE, but rosbag2 already subscribed requesting RMW_QOS_POLICY_DURABILITY_TRANSIENT_LOCAL. Messages from this new publisher will not be recorded.
[WARN] [1762875867.498222261] [rosbag2_recorder]: A new publisher for subscribed topic /tf was found offering RMW_QOS_POLICY_DURABILITY_VOLATILE, but rosbag2 already subscribed requesting RMW_QOS_POLICY_DURABILITY_TRANSIENT_LOCAL. Messages from this new publisher will not be recorded.
[WARN] [1762875868.466226608] [rosbag2_recorder]: New publisher discovered on topic '/tf', offering incompatible QoS. No messages will be sent to it. Last incompatible policy: DURABILITY_QOS_POLICY
[INFO] [1762875868.528551807] [rosbag2_recorder]: Subscribed to topic '/plan_barn'
[INFO] [1762875868.529831080] [rosbag2_recorder]: Subscribed to topic '/plan_barn_odom'
[INFO] [1762875868.531449348] [rosbag2_recorder]: Subscribed to topic '/scan'
[INFO] [1762875868.531479570] [rosbag2_recorder]: All requested topics are subscribed. Stopping discovery...
[INFO] [1762875982.340129938] [rosbag2_cpp]: Writing remaining messages from cache to the bag. It may take a while
[INFO] [1762875982.341057551] [rosbag2_recorder]: Event publisher thread: Exiting
[INFO] [1762875982.341096848] [rosbag2_recorder]: Recording stopped
