stdin is not a terminal device. Keyboard handling disabled.[INFO] [1763196334.609840548] [rosbag2_recorder]: Press SPACE for pausing/resuming
[INFO] [1763196334.611140318] [rosbag2_storage]: Opened database '/home/mobrob/ros_ws/large_results/world299_1115_004534/world299_1115_004534_0.db3' for READ_WRITE.
[INFO] [1763196334.611866363] [rosbag2_recorder]: Listening for topics...
[INFO] [1763196334.611875648] [rosbag2_recorder]: Event publisher thread: Starting
[INFO] [1763196334.611975382] [rosbag2_recorder]: Recording...
[INFO] [1763196334.715202581] [rosbag2_recorder]: Subscribed to topic '/cmd_vel'
[INFO] [1763196334.716132376] [rosbag2_recorder]: Subscribed to topic '/odom'
[INFO] [1763196334.717073417] [rosbag2_recorder]: Subscribed to topic '/tf'
[INFO] [1763196334.717929499] [rosbag2_recorder]: Subscribed to topic '/tf_static'
[WARN] [1763196335.625813313] [rosbag2_recorder]: New publisher discovered on topic '/tf', offering incompatible QoS. No messages will be sent to it. Last incompatible policy: DURABILITY_QOS_POLICY
[WARN] [1763196335.627173382] [rosbag2_recorder]: New publisher discovered on topic '/tf', offering incompatible QoS. No messages will be sent to it. Last incompatible policy: DURABILITY_QOS_POLICY
[WARN] [1763196335.633291479] [rosbag2_recorder]: A new publisher for subscribed topic /tf was found offering RMW_QOS_POLICY_DURABILITY_VOLATILE, but rosbag2 already subscribed requesting RMW_QOS_POLICY_DURABILITY_TRANSIENT_LOCAL. Messages from this new publisher will not be recorded.
[WARN] [1763196335.633321183] [rosbag2_recorder]: A new publisher for subscribed topic /tf was found offering RMW_QOS_POLICY_DURABILITY_VOLATILE, but rosbag2 already subscribed requesting RMW_QOS_POLICY_DURABILITY_TRANSIENT_LOCAL. Messages from this new publisher will not be recorded.
[INFO] [1763196335.634385408] [rosbag2_recorder]: Subscribed to topic '/scan'
[WARN] [1763196336.610251913] [rosbag2_recorder]: New publisher discovered on topic '/tf', offering incompatible QoS. No messages will be sent to it. Last incompatible policy: DURABILITY_QOS_POLICY
[INFO] [1763196336.665412638] [rosbag2_recorder]: Subscribed to topic '/plan_barn'
[INFO] [1763196336.666461525] [rosbag2_recorder]: Subscribed to topic '/plan_barn_odom'
[INFO] [1763196336.666488375] [rosbag2_recorder]: All requested topics are subscribed. Stopping discovery...
[INFO] [1763196405.496276611] [rosbag2_cpp]: Writing remaining messages from cache to the bag. It may take a while
[INFO] [1763196405.496845766] [rosbag2_recorder]: Event publisher thread: Exiting
[INFO] [1763196405.496881649] [rosbag2_recorder]: Recording stopped
