stdin is not a terminal device. Keyboard handling disabled.[INFO] [1763086784.908802024] [rosbag2_recorder]: Press SPACE for pausing/resuming
[INFO] [1763086784.909559738] [rosbag2_storage]: Opened database '/home/mobrob/ros_ws/large_results/world218_1113_181944/world218_1113_181944_0.db3' for READ_WRITE.
[INFO] [1763086784.910066295] [rosbag2_recorder]: Listening for topics...
[INFO] [1763086784.910080273] [rosbag2_recorder]: Event publisher thread: Starting
[INFO] [1763086784.910133491] [rosbag2_recorder]: Recording...
[INFO] [1763086785.013451602] [rosbag2_recorder]: Subscribed to topic '/odom'
[INFO] [1763086785.014905319] [rosbag2_recorder]: Subscribed to topic '/tf'
[WARN] [1763086785.907275386] [rosbag2_recorder]: New publisher discovered on topic '/tf', offering incompatible QoS. No messages will be sent to it. Last incompatible policy: DURABILITY_QOS_POLICY
[WARN] [1763086785.910426452] [rosbag2_recorder]: New publisher discovered on topic '/tf', offering incompatible QoS. No messages will be sent to it. Last incompatible policy: DURABILITY_QOS_POLICY
[WARN] [1763086785.921427901] [rosbag2_recorder]: New publisher discovered on topic '/tf', offering incompatible QoS. No messages will be sent to it. Last incompatible policy: DURABILITY_QOS_POLICY
[WARN] [1763086785.925653323] [rosbag2_recorder]: A new publisher for subscribed topic /tf was found offering RMW_QOS_POLICY_DURABILITY_VOLATILE, but rosbag2 already subscribed requesting RMW_QOS_POLICY_DURABILITY_TRANSIENT_LOCAL. Messages from this new publisher will not be recorded.
[WARN] [1763086785.925699920] [rosbag2_recorder]: A new publisher for subscribed topic /tf was found offering RMW_QOS_POLICY_DURABILITY_VOLATILE, but rosbag2 already subscribed requesting RMW_QOS_POLICY_DURABILITY_TRANSIENT_LOCAL. Messages from this new publisher will not be recorded.
[WARN] [1763086785.925709816] [rosbag2_recorder]: A new publisher for subscribed topic /tf was found offering RMW_QOS_POLICY_DURABILITY_VOLATILE, but rosbag2 already subscribed requesting RMW_QOS_POLICY_DURABILITY_TRANSIENT_LOCAL. Messages from this new publisher will not be recorded.
[INFO] [1763086785.927557267] [rosbag2_recorder]: Subscribed to topic '/cmd_vel'
[INFO] [1763086785.929219881] [rosbag2_recorder]: Subscribed to topic '/plan_barn'
[INFO] [1763086785.930176703] [rosbag2_recorder]: Subscribed to topic '/plan_barn_odom'
[INFO] [1763086785.931575275] [rosbag2_recorder]: Subscribed to topic '/scan'
[INFO] [1763086785.932716527] [rosbag2_recorder]: Subscribed to topic '/tf_static'
[INFO] [1763086785.932737409] [rosbag2_recorder]: All requested topics are subscribed. Stopping discovery...
[INFO] [1763086800.812808145] [rosbag2_cpp]: Writing remaining messages from cache to the bag. It may take a while
[INFO] [1763086800.813425895] [rosbag2_recorder]: Event publisher thread: Exiting
[INFO] [1763086800.813471240] [rosbag2_recorder]: Recording stopped
