stdin is not a terminal device. Keyboard handling disabled.[INFO] [1763153477.201341426] [rosbag2_recorder]: Press SPACE for pausing/resuming
[INFO] [1763153477.202370566] [rosbag2_storage]: Opened database '/home/mobrob/ros_ws/large_results/world268_1114_125117/world268_1114_125117_0.db3' for READ_WRITE.
[INFO] [1763153477.203490655] [rosbag2_recorder]: Listening for topics...
[INFO] [1763153477.203500745] [rosbag2_recorder]: Event publisher thread: Starting
[INFO] [1763153477.203604692] [rosbag2_recorder]: Recording...
[INFO] [1763153477.305392538] [rosbag2_recorder]: Subscribed to topic '/cmd_vel'
[INFO] [1763153477.306596965] [rosbag2_recorder]: Subscribed to topic '/odom'
[INFO] [1763153477.307359324] [rosbag2_recorder]: Subscribed to topic '/scan'
[INFO] [1763153477.308221538] [rosbag2_recorder]: Subscribed to topic '/tf'
[WARN] [1763153478.212954845] [rosbag2_recorder]: New publisher discovered on topic '/tf', offering incompatible QoS. No messages will be sent to it. Last incompatible policy: DURABILITY_QOS_POLICY
[WARN] [1763153478.214759215] [rosbag2_recorder]: A new publisher for subscribed topic /tf was found offering RMW_QOS_POLICY_DURABILITY_VOLATILE, but rosbag2 already subscribed requesting RMW_QOS_POLICY_DURABILITY_TRANSIENT_LOCAL. Messages from this new publisher will not be recorded.
[INFO] [1763153478.216872226] [rosbag2_recorder]: Subscribed to topic '/plan_barn_odom'
[INFO] [1763153478.218221182] [rosbag2_recorder]: Subscribed to topic '/tf_static'
[INFO] [1763153478.321282111] [rosbag2_recorder]: Subscribed to topic '/plan_barn'
[INFO] [1763153478.321306786] [rosbag2_recorder]: All requested topics are subscribed. Stopping discovery...
[WARN] [1763153479.196441469] [rosbag2_recorder]: New publisher discovered on topic '/tf', offering incompatible QoS. No messages will be sent to it. Last incompatible policy: DURABILITY_QOS_POLICY
[WARN] [1763153479.201533633] [rosbag2_recorder]: New publisher discovered on topic '/tf', offering incompatible QoS. No messages will be sent to it. Last incompatible policy: DURABILITY_QOS_POLICY
[INFO] [1763153829.079754464] [rosbag2_cpp]: Writing remaining messages from cache to the bag. It may take a while
[INFO] [1763153829.080331553] [rosbag2_recorder]: Event publisher thread: Exiting
[INFO] [1763153829.080365315] [rosbag2_recorder]: Recording stopped
