stdin is not a terminal device. Keyboard handling disabled.[INFO] [1768374052.642268277] [rosbag2_recorder]: Press SPACE for pausing/resuming
[INFO] [1768374052.643579802] [rosbag2_storage]: Opened database '/home/mobrob/ros_ws/large_results/world75_0113_230052/world75_0113_230052_0.db3' for READ_WRITE.
[INFO] [1768374052.644258245] [rosbag2_recorder]: Listening for topics...
[INFO] [1768374052.644272338] [rosbag2_recorder]: Event publisher thread: Starting
[INFO] [1768374052.644382209] [rosbag2_recorder]: Recording...
[INFO] [1768374052.749071545] [rosbag2_recorder]: Subscribed to topic '/odom'
[INFO] [1768374052.751044662] [rosbag2_recorder]: Subscribed to topic '/tf'
[INFO] [1768374052.752257815] [rosbag2_recorder]: Subscribed to topic '/tf_static'
[INFO] [1768374053.675508969] [rosbag2_recorder]: Subscribed to topic '/cmd_vel'
[INFO] [1768374053.680124762] [rosbag2_recorder]: Subscribed to topic '/scan'
[WARN] [1768374053.681881424] [rosbag2_recorder]: New publisher discovered on topic '/tf', offering incompatible QoS. No messages will be sent to it. Last incompatible policy: DURABILITY_QOS_POLICY
[WARN] [1768374053.783807858] [rosbag2_recorder]: A new publisher for subscribed topic /tf was found offering RMW_QOS_POLICY_DURABILITY_VOLATILE, but rosbag2 already subscribed requesting RMW_QOS_POLICY_DURABILITY_TRANSIENT_LOCAL. Messages from this new publisher will not be recorded.
[WARN] [1768374053.783837102] [rosbag2_recorder]: A new publisher for subscribed topic /tf was found offering RMW_QOS_POLICY_DURABILITY_VOLATILE, but rosbag2 already subscribed requesting RMW_QOS_POLICY_DURABILITY_TRANSIENT_LOCAL. Messages from this new publisher will not be recorded.
[INFO] [1768374053.785058966] [rosbag2_recorder]: Subscribed to topic '/plan_barn'
[INFO] [1768374053.786500125] [rosbag2_recorder]: Subscribed to topic '/plan_barn_odom'
[INFO] [1768374053.786531854] [rosbag2_recorder]: All requested topics are subscribed. Stopping discovery...
[WARN] [1768374054.636796724] [rosbag2_recorder]: New publisher discovered on topic '/tf', offering incompatible QoS. No messages will be sent to it. Last incompatible policy: DURABILITY_QOS_POLICY
[INFO] [1768374121.491174566] [rosbag2_cpp]: Writing remaining messages from cache to the bag. It may take a while
[INFO] [1768374121.492033724] [rosbag2_recorder]: Event publisher thread: Exiting
[INFO] [1768374121.492068543] [rosbag2_recorder]: Recording stopped
