stdin is not a terminal device. Keyboard handling disabled.[INFO] [1762854896.642868052] [rosbag2_recorder]: Press SPACE for pausing/resuming
[INFO] [1762854896.643926766] [rosbag2_storage]: Opened database '/home/mobrob/ros_ws/large_results/world9_1111_015456/world9_1111_015456_0.db3' for READ_WRITE.
[INFO] [1762854896.644658371] [rosbag2_recorder]: Listening for topics...
[INFO] [1762854896.644666740] [rosbag2_recorder]: Event publisher thread: Starting
[INFO] [1762854896.644749766] [rosbag2_recorder]: Recording...
[INFO] [1762854896.749065401] [rosbag2_recorder]: Subscribed to topic '/cmd_vel'
[INFO] [1762854896.750815741] [rosbag2_recorder]: Subscribed to topic '/odom'
[INFO] [1762854896.752483731] [rosbag2_recorder]: Subscribed to topic '/tf'
[INFO] [1762854896.753210430] [rosbag2_recorder]: Subscribed to topic '/tf_static'
[WARN] [1762854897.663083700] [rosbag2_recorder]: New publisher discovered on topic '/tf', offering incompatible QoS. No messages will be sent to it. Last incompatible policy: DURABILITY_QOS_POLICY
[WARN] [1762854897.668696646] [rosbag2_recorder]: A new publisher for subscribed topic /tf was found offering RMW_QOS_POLICY_DURABILITY_VOLATILE, but rosbag2 already subscribed requesting RMW_QOS_POLICY_DURABILITY_TRANSIENT_LOCAL. Messages from this new publisher will not be recorded.
[INFO] [1762854897.669671036] [rosbag2_recorder]: Subscribed to topic '/plan_barn'
[INFO] [1762854897.670422730] [rosbag2_recorder]: Subscribed to topic '/plan_barn_odom'
[INFO] [1762854897.671374431] [rosbag2_recorder]: Subscribed to topic '/scan'
[INFO] [1762854897.671397372] [rosbag2_recorder]: All requested topics are subscribed. Stopping discovery...
[WARN] [1762854898.639582017] [rosbag2_recorder]: New publisher discovered on topic '/tf', offering incompatible QoS. No messages will be sent to it. Last incompatible policy: DURABILITY_QOS_POLICY
[WARN] [1762854898.639658415] [rosbag2_recorder]: New publisher discovered on topic '/tf', offering incompatible QoS. No messages will be sent to it. Last incompatible policy: DURABILITY_QOS_POLICY
[INFO] [1762854950.521754452] [rosbag2_cpp]: Writing remaining messages from cache to the bag. It may take a while
[INFO] [1762854950.522567004] [rosbag2_recorder]: Event publisher thread: Exiting
[INFO] [1762854950.522612893] [rosbag2_recorder]: Recording stopped
