stdin is not a terminal device. Keyboard handling disabled.[INFO] [1763168550.372194299] [rosbag2_recorder]: Press SPACE for pausing/resuming
[INFO] [1763168550.372962717] [rosbag2_storage]: Opened database '/home/mobrob/ros_ws/large_results/world280_1114_170230/world280_1114_170230_0.db3' for READ_WRITE.
[INFO] [1763168550.373458906] [rosbag2_recorder]: Listening for topics...
[INFO] [1763168550.373467256] [rosbag2_recorder]: Event publisher thread: Starting
[INFO] [1763168550.373559091] [rosbag2_recorder]: Recording...
[INFO] [1763168550.476422949] [rosbag2_recorder]: Subscribed to topic '/cmd_vel'
[INFO] [1763168550.477676953] [rosbag2_recorder]: Subscribed to topic '/odom'
[INFO] [1763168550.478660822] [rosbag2_recorder]: Subscribed to topic '/scan'
[INFO] [1763168550.479625594] [rosbag2_recorder]: Subscribed to topic '/tf'
[WARN] [1763168551.368983438] [rosbag2_recorder]: New publisher discovered on topic '/tf', offering incompatible QoS. No messages will be sent to it. Last incompatible policy: DURABILITY_QOS_POLICY
[WARN] [1763168551.376583771] [rosbag2_recorder]: New publisher discovered on topic '/tf', offering incompatible QoS. No messages will be sent to it. Last incompatible policy: DURABILITY_QOS_POLICY
[WARN] [1763168551.382829859] [rosbag2_recorder]: New publisher discovered on topic '/tf', offering incompatible QoS. No messages will be sent to it. Last incompatible policy: DURABILITY_QOS_POLICY
[WARN] [1763168551.393275887] [rosbag2_recorder]: A new publisher for subscribed topic /tf was found offering RMW_QOS_POLICY_DURABILITY_VOLATILE, but rosbag2 already subscribed requesting RMW_QOS_POLICY_DURABILITY_TRANSIENT_LOCAL. Messages from this new publisher will not be recorded.
[WARN] [1763168551.393308135] [rosbag2_recorder]: A new publisher for subscribed topic /tf was found offering RMW_QOS_POLICY_DURABILITY_VOLATILE, but rosbag2 already subscribed requesting RMW_QOS_POLICY_DURABILITY_TRANSIENT_LOCAL. Messages from this new publisher will not be recorded.
[WARN] [1763168551.393311255] [rosbag2_recorder]: A new publisher for subscribed topic /tf was found offering RMW_QOS_POLICY_DURABILITY_VOLATILE, but rosbag2 already subscribed requesting RMW_QOS_POLICY_DURABILITY_TRANSIENT_LOCAL. Messages from this new publisher will not be recorded.
[INFO] [1763168551.394272200] [rosbag2_recorder]: Subscribed to topic '/plan_barn'
[INFO] [1763168551.395056444] [rosbag2_recorder]: Subscribed to topic '/plan_barn_odom'
[INFO] [1763168551.395836816] [rosbag2_recorder]: Subscribed to topic '/tf_static'
[INFO] [1763168551.395850023] [rosbag2_recorder]: All requested topics are subscribed. Stopping discovery...
[INFO] [1763168902.247987376] [rosbag2_cpp]: Writing remaining messages from cache to the bag. It may take a while
[INFO] [1763168902.248581077] [rosbag2_recorder]: Event publisher thread: Exiting
[INFO] [1763168902.248613264] [rosbag2_recorder]: Recording stopped
