stdin is not a terminal device. Keyboard handling disabled.[INFO] [1762906257.408091107] [rosbag2_recorder]: Press SPACE for pausing/resuming
[INFO] [1762906257.408956847] [rosbag2_storage]: Opened database '/home/mobrob/ros_ws/large_results/world63_1111_161057/world63_1111_161057_0.db3' for READ_WRITE.
[INFO] [1762906257.409782224] [rosbag2_recorder]: Listening for topics...
[INFO] [1762906257.409790304] [rosbag2_recorder]: Event publisher thread: Starting
[INFO] [1762906257.409886576] [rosbag2_recorder]: Recording...
[INFO] [1762906257.512914714] [rosbag2_recorder]: Subscribed to topic '/cmd_vel'
[INFO] [1762906257.513963981] [rosbag2_recorder]: Subscribed to topic '/odom'
[INFO] [1762906257.514826073] [rosbag2_recorder]: Subscribed to topic '/plan_barn'
[INFO] [1762906257.515746786] [rosbag2_recorder]: Subscribed to topic '/plan_barn_odom'
[INFO] [1762906257.516996183] [rosbag2_recorder]: Subscribed to topic '/scan'
[INFO] [1762906257.518121906] [rosbag2_recorder]: Subscribed to topic '/tf'
[WARN] [1762906258.422079090] [rosbag2_recorder]: New publisher discovered on topic '/tf', offering incompatible QoS. No messages will be sent to it. Last incompatible policy: DURABILITY_QOS_POLICY
[WARN] [1762906258.423672411] [rosbag2_recorder]: New publisher discovered on topic '/tf', offering incompatible QoS. No messages will be sent to it. Last incompatible policy: DURABILITY_QOS_POLICY
[WARN] [1762906258.430349806] [rosbag2_recorder]: A new publisher for subscribed topic /tf was found offering RMW_QOS_POLICY_DURABILITY_VOLATILE, but rosbag2 already subscribed requesting RMW_QOS_POLICY_DURABILITY_TRANSIENT_LOCAL. Messages from this new publisher will not be recorded.
[WARN] [1762906258.430401209] [rosbag2_recorder]: A new publisher for subscribed topic /tf was found offering RMW_QOS_POLICY_DURABILITY_VOLATILE, but rosbag2 already subscribed requesting RMW_QOS_POLICY_DURABILITY_TRANSIENT_LOCAL. Messages from this new publisher will not be recorded.
[INFO] [1762906258.431814437] [rosbag2_recorder]: Subscribed to topic '/tf_static'
[INFO] [1762906258.431855762] [rosbag2_recorder]: All requested topics are subscribed. Stopping discovery...
[WARN] [1762906259.412968393] [rosbag2_recorder]: New publisher discovered on topic '/tf', offering incompatible QoS. No messages will be sent to it. Last incompatible policy: DURABILITY_QOS_POLICY
[INFO] [1762906316.284603170] [rosbag2_cpp]: Writing remaining messages from cache to the bag. It may take a while
[INFO] [1762906316.285198544] [rosbag2_recorder]: Event publisher thread: Exiting
[INFO] [1762906316.285233188] [rosbag2_recorder]: Recording stopped
