stdin is not a terminal device. Keyboard handling disabled.[INFO] [1767386486.561869453] [rosbag2_recorder]: Press SPACE for pausing/resuming
[INFO] [1767386486.563060404] [rosbag2_storage]: Opened database '/home/mobrob/ros_ws/large_results/world12_0102_124126/world12_0102_124126_0.db3' for READ_WRITE.
[INFO] [1767386486.563688130] [rosbag2_recorder]: Listening for topics...
[INFO] [1767386486.563817117] [rosbag2_recorder]: Recording...
[INFO] [1767386486.566058161] [rosbag2_recorder]: Event publisher thread: Starting
[INFO] [1767386486.666584251] [rosbag2_recorder]: Subscribed to topic '/cmd_vel'
[INFO] [1767386486.667782785] [rosbag2_recorder]: Subscribed to topic '/tf_static'
[INFO] [1767386487.684272918] [rosbag2_recorder]: Subscribed to topic '/odom'
[INFO] [1767386487.685768468] [rosbag2_recorder]: Subscribed to topic '/scan'
[INFO] [1767386487.686658871] [rosbag2_recorder]: Subscribed to topic '/tf'
[WARN] [1767386488.565124245] [rosbag2_recorder]: New publisher discovered on topic '/tf', offering incompatible QoS. No messages will be sent to it. Last incompatible policy: DURABILITY_QOS_POLICY
[WARN] [1767386488.566675022] [rosbag2_recorder]: New publisher discovered on topic '/tf', offering incompatible QoS. No messages will be sent to it. Last incompatible policy: DURABILITY_QOS_POLICY
[WARN] [1767386488.568257523] [rosbag2_recorder]: New publisher discovered on topic '/tf', offering incompatible QoS. No messages will be sent to it. Last incompatible policy: DURABILITY_QOS_POLICY
[WARN] [1767386488.616190455] [rosbag2_recorder]: A new publisher for subscribed topic /tf was found offering RMW_QOS_POLICY_DURABILITY_VOLATILE, but rosbag2 already subscribed requesting RMW_QOS_POLICY_DURABILITY_TRANSIENT_LOCAL. Messages from this new publisher will not be recorded.
[WARN] [1767386488.616233887] [rosbag2_recorder]: A new publisher for subscribed topic /tf was found offering RMW_QOS_POLICY_DURABILITY_VOLATILE, but rosbag2 already subscribed requesting RMW_QOS_POLICY_DURABILITY_TRANSIENT_LOCAL. Messages from this new publisher will not be recorded.
[WARN] [1767386488.616249061] [rosbag2_recorder]: A new publisher for subscribed topic /tf was found offering RMW_QOS_POLICY_DURABILITY_VOLATILE, but rosbag2 already subscribed requesting RMW_QOS_POLICY_DURABILITY_TRANSIENT_LOCAL. Messages from this new publisher will not be recorded.
[INFO] [1767386488.617747620] [rosbag2_recorder]: Subscribed to topic '/plan_barn'
[INFO] [1767386488.618843797] [rosbag2_recorder]: Subscribed to topic '/plan_barn_odom'
[INFO] [1767386488.618867780] [rosbag2_recorder]: All requested topics are subscribed. Stopping discovery...
[INFO] [1767386560.408724049] [rosbag2_cpp]: Writing remaining messages from cache to the bag. It may take a while
[INFO] [1767386560.409646201] [rosbag2_recorder]: Event publisher thread: Exiting
[INFO] [1767386560.409692401] [rosbag2_recorder]: Recording stopped
