stdin is not a terminal device. Keyboard handling disabled.[INFO] [1762973154.596566799] [rosbag2_recorder]: Press SPACE for pausing/resuming
[INFO] [1762973154.597297182] [rosbag2_storage]: Opened database '/home/mobrob/ros_ws/large_results/world124_1112_104554/world124_1112_104554_0.db3' for READ_WRITE.
[INFO] [1762973154.597812416] [rosbag2_recorder]: Listening for topics...
[INFO] [1762973154.597825304] [rosbag2_recorder]: Event publisher thread: Starting
[INFO] [1762973154.597876107] [rosbag2_recorder]: Recording...
[INFO] [1762973154.701546690] [rosbag2_recorder]: Subscribed to topic '/odom'
[INFO] [1762973154.702871359] [rosbag2_recorder]: Subscribed to topic '/scan'
[INFO] [1762973154.704173311] [rosbag2_recorder]: Subscribed to topic '/tf'
[INFO] [1762973154.704931365] [rosbag2_recorder]: Subscribed to topic '/tf_static'
[WARN] [1762973155.605583379] [rosbag2_recorder]: New publisher discovered on topic '/tf', offering incompatible QoS. No messages will be sent to it. Last incompatible policy: DURABILITY_QOS_POLICY
[WARN] [1762973155.615974303] [rosbag2_recorder]: A new publisher for subscribed topic /tf was found offering RMW_QOS_POLICY_DURABILITY_VOLATILE, but rosbag2 already subscribed requesting RMW_QOS_POLICY_DURABILITY_TRANSIENT_LOCAL. Messages from this new publisher will not be recorded.
[INFO] [1762973155.617443877] [rosbag2_recorder]: Subscribed to topic '/cmd_vel'
[INFO] [1762973155.619397628] [rosbag2_recorder]: Subscribed to topic '/plan_barn'
[INFO] [1762973155.620484743] [rosbag2_recorder]: Subscribed to topic '/plan_barn_odom'
[INFO] [1762973155.620509494] [rosbag2_recorder]: All requested topics are subscribed. Stopping discovery...
[WARN] [1762973156.592410020] [rosbag2_recorder]: New publisher discovered on topic '/tf', offering incompatible QoS. No messages will be sent to it. Last incompatible policy: DURABILITY_QOS_POLICY
[WARN] [1762973156.593350261] [rosbag2_recorder]: New publisher discovered on topic '/tf', offering incompatible QoS. No messages will be sent to it. Last incompatible policy: DURABILITY_QOS_POLICY
[INFO] [1762973253.476489321] [rosbag2_cpp]: Writing remaining messages from cache to the bag. It may take a while
[INFO] [1762973253.477323553] [rosbag2_recorder]: Event publisher thread: Exiting
[INFO] [1762973253.477370037] [rosbag2_recorder]: Recording stopped
