stdin is not a terminal device. Keyboard handling disabled.[INFO] [1762854641.201893948] [rosbag2_recorder]: Press SPACE for pausing/resuming
[INFO] [1762854641.202811492] [rosbag2_storage]: Opened database '/home/mobrob/ros_ws/large_results/world8_1111_015041/world8_1111_015041_0.db3' for READ_WRITE.
[INFO] [1762854641.203765183] [rosbag2_recorder]: Listening for topics...
[INFO] [1762854641.203860571] [rosbag2_recorder]: Recording...
[INFO] [1762854641.205216216] [rosbag2_recorder]: Event publisher thread: Starting
[INFO] [1762854641.307696036] [rosbag2_recorder]: Subscribed to topic '/odom'
[INFO] [1762854641.308510510] [rosbag2_recorder]: Subscribed to topic '/scan'
[INFO] [1762854641.309322020] [rosbag2_recorder]: Subscribed to topic '/tf'
[INFO] [1762854641.309794924] [rosbag2_recorder]: Subscribed to topic '/tf_static'
[WARN] [1762854642.216081019] [rosbag2_recorder]: New publisher discovered on topic '/tf', offering incompatible QoS. No messages will be sent to it. Last incompatible policy: DURABILITY_QOS_POLICY
[WARN] [1762854642.218596626] [rosbag2_recorder]: New publisher discovered on topic '/tf', offering incompatible QoS. No messages will be sent to it. Last incompatible policy: DURABILITY_QOS_POLICY
[WARN] [1762854642.226703177] [rosbag2_recorder]: A new publisher for subscribed topic /tf was found offering RMW_QOS_POLICY_DURABILITY_VOLATILE, but rosbag2 already subscribed requesting RMW_QOS_POLICY_DURABILITY_TRANSIENT_LOCAL. Messages from this new publisher will not be recorded.
[WARN] [1762854642.226750887] [rosbag2_recorder]: A new publisher for subscribed topic /tf was found offering RMW_QOS_POLICY_DURABILITY_VOLATILE, but rosbag2 already subscribed requesting RMW_QOS_POLICY_DURABILITY_TRANSIENT_LOCAL. Messages from this new publisher will not be recorded.
[INFO] [1762854642.229239231] [rosbag2_recorder]: Subscribed to topic '/cmd_vel'
[INFO] [1762854642.335017692] [rosbag2_recorder]: Subscribed to topic '/plan_barn'
[INFO] [1762854642.336131383] [rosbag2_recorder]: Subscribed to topic '/plan_barn_odom'
[INFO] [1762854642.336160275] [rosbag2_recorder]: All requested topics are subscribed. Stopping discovery...
[WARN] [1762854643.199612493] [rosbag2_recorder]: New publisher discovered on topic '/tf', offering incompatible QoS. No messages will be sent to it. Last incompatible policy: DURABILITY_QOS_POLICY
[INFO] [1762854710.058044761] [rosbag2_cpp]: Writing remaining messages from cache to the bag. It may take a while
[INFO] [1762854710.070285970] [rosbag2_recorder]: Event publisher thread: Exiting
[INFO] [1762854710.070372117] [rosbag2_recorder]: Recording stopped
