stdin is not a terminal device. Keyboard handling disabled.[INFO] [1762860086.536683412] [rosbag2_recorder]: Press SPACE for pausing/resuming
[INFO] [1762860086.537433366] [rosbag2_storage]: Opened database '/home/mobrob/ros_ws/large_results/world14_1111_032126/world14_1111_032126_0.db3' for READ_WRITE.
[INFO] [1762860086.538059310] [rosbag2_recorder]: Listening for topics...
[INFO] [1762860086.538068832] [rosbag2_recorder]: Event publisher thread: Starting
[INFO] [1762860086.538170802] [rosbag2_recorder]: Recording...
[INFO] [1762860087.549894562] [rosbag2_recorder]: Subscribed to topic '/plan_barn_odom'
[INFO] [1762860087.653548728] [rosbag2_recorder]: Subscribed to topic '/cmd_vel'
[INFO] [1762860087.654540847] [rosbag2_recorder]: Subscribed to topic '/odom'
[INFO] [1762860087.655313646] [rosbag2_recorder]: Subscribed to topic '/plan_barn'
[INFO] [1762860087.656342678] [rosbag2_recorder]: Subscribed to topic '/scan'
[INFO] [1762860087.657447972] [rosbag2_recorder]: Subscribed to topic '/tf'
[WARN] [1762860088.534462244] [rosbag2_recorder]: New publisher discovered on topic '/tf', offering incompatible QoS. No messages will be sent to it. Last incompatible policy: DURABILITY_QOS_POLICY
[WARN] [1762860088.536398398] [rosbag2_recorder]: New publisher discovered on topic '/tf', offering incompatible QoS. No messages will be sent to it. Last incompatible policy: DURABILITY_QOS_POLICY
[WARN] [1762860088.539939512] [rosbag2_recorder]: New publisher discovered on topic '/tf', offering incompatible QoS. No messages will be sent to it. Last incompatible policy: DURABILITY_QOS_POLICY
[WARN] [1762860088.583285891] [rosbag2_recorder]: A new publisher for subscribed topic /tf was found offering RMW_QOS_POLICY_DURABILITY_VOLATILE, but rosbag2 already subscribed requesting RMW_QOS_POLICY_DURABILITY_TRANSIENT_LOCAL. Messages from this new publisher will not be recorded.
[WARN] [1762860088.583326934] [rosbag2_recorder]: A new publisher for subscribed topic /tf was found offering RMW_QOS_POLICY_DURABILITY_VOLATILE, but rosbag2 already subscribed requesting RMW_QOS_POLICY_DURABILITY_TRANSIENT_LOCAL. Messages from this new publisher will not be recorded.
[WARN] [1762860088.583337506] [rosbag2_recorder]: A new publisher for subscribed topic /tf was found offering RMW_QOS_POLICY_DURABILITY_VOLATILE, but rosbag2 already subscribed requesting RMW_QOS_POLICY_DURABILITY_TRANSIENT_LOCAL. Messages from this new publisher will not be recorded.
[INFO] [1762860088.584953666] [rosbag2_recorder]: Subscribed to topic '/tf_static'
[INFO] [1762860088.584980640] [rosbag2_recorder]: All requested topics are subscribed. Stopping discovery...
[INFO] [1762860140.404311424] [rosbag2_cpp]: Writing remaining messages from cache to the bag. It may take a while
[INFO] [1762860140.405035505] [rosbag2_recorder]: Event publisher thread: Exiting
[INFO] [1762860140.405070178] [rosbag2_recorder]: Recording stopped
