stdin is not a terminal device. Keyboard handling disabled.[INFO] [1765748903.081982495] [rosbag2_recorder]: Press SPACE for pausing/resuming
[INFO] [1765748903.083038334] [rosbag2_storage]: Opened database '/home/mobrob/ros_ws/large_results/world75_1214_134822/world75_1214_134822_0.db3' for READ_WRITE.
[INFO] [1765748903.083915007] [rosbag2_recorder]: Listening for topics...
[INFO] [1765748903.083920760] [rosbag2_recorder]: Event publisher thread: Starting
[INFO] [1765748903.084012781] [rosbag2_recorder]: Recording...
[INFO] [1765748903.186458734] [rosbag2_recorder]: Subscribed to topic '/odom'
[INFO] [1765748903.187315984] [rosbag2_recorder]: Subscribed to topic '/scan'
[INFO] [1765748903.188153660] [rosbag2_recorder]: Subscribed to topic '/tf'
[WARN] [1765748904.084458180] [rosbag2_recorder]: New publisher discovered on topic '/tf', offering incompatible QoS. No messages will be sent to it. Last incompatible policy: DURABILITY_QOS_POLICY
[WARN] [1765748904.093611369] [rosbag2_recorder]: A new publisher for subscribed topic /tf was found offering RMW_QOS_POLICY_DURABILITY_VOLATILE, but rosbag2 already subscribed requesting RMW_QOS_POLICY_DURABILITY_TRANSIENT_LOCAL. Messages from this new publisher will not be recorded.
[WARN] [1765748904.101364268] [rosbag2_recorder]: New publisher discovered on topic '/tf', offering incompatible QoS. No messages will be sent to it. Last incompatible policy: DURABILITY_QOS_POLICY
[INFO] [1765748904.197221211] [rosbag2_recorder]: Subscribed to topic '/plan_barn'
[INFO] [1765748904.198234871] [rosbag2_recorder]: Subscribed to topic '/plan_barn_odom'
[INFO] [1765748904.199145012] [rosbag2_recorder]: Subscribed to topic '/tf_static'
[WARN] [1765748905.082897169] [rosbag2_recorder]: New publisher discovered on topic '/tf', offering incompatible QoS. No messages will be sent to it. Last incompatible policy: DURABILITY_QOS_POLICY
[INFO] [1765748905.117925586] [rosbag2_recorder]: Subscribed to topic '/cmd_vel'
[INFO] [1765748905.117969652] [rosbag2_recorder]: All requested topics are subscribed. Stopping discovery...
[INFO] [1765748918.975419404] [rosbag2_cpp]: Writing remaining messages from cache to the bag. It may take a while
[INFO] [1765748918.975986351] [rosbag2_recorder]: Event publisher thread: Exiting
[INFO] [1765748918.976031697] [rosbag2_recorder]: Recording stopped
