stdin is not a terminal device. Keyboard handling disabled.[INFO] [1768374915.396595215] [rosbag2_recorder]: Press SPACE for pausing/resuming
[INFO] [1768374915.397834489] [rosbag2_storage]: Opened database '/home/mobrob/ros_ws/large_results/world125_0113_231515/world125_0113_231515_0.db3' for READ_WRITE.
[INFO] [1768374915.398775280] [rosbag2_recorder]: Listening for topics...
[INFO] [1768374915.398785359] [rosbag2_recorder]: Event publisher thread: Starting
[INFO] [1768374915.398894592] [rosbag2_recorder]: Recording...
[INFO] [1768374915.501126662] [rosbag2_recorder]: Subscribed to topic '/odom'
[INFO] [1768374915.501980385] [rosbag2_recorder]: Subscribed to topic '/plan_barn_odom'
[INFO] [1768374915.503515482] [rosbag2_recorder]: Subscribed to topic '/tf'
[INFO] [1768374915.504289319] [rosbag2_recorder]: Subscribed to topic '/tf_static'
[WARN] [1768374915.636513552] [rosbag2_recorder]: New publisher discovered on topic '/tf', offering incompatible QoS. No messages will be sent to it. Last incompatible policy: DURABILITY_QOS_POLICY
[WARN] [1768374915.707213371] [rosbag2_recorder]: A new publisher for subscribed topic /tf was found offering RMW_QOS_POLICY_DURABILITY_VOLATILE, but rosbag2 already subscribed requesting RMW_QOS_POLICY_DURABILITY_TRANSIENT_LOCAL. Messages from this new publisher will not be recorded.
[WARN] [1768374916.397983291] [rosbag2_recorder]: New publisher discovered on topic '/tf', offering incompatible QoS. No messages will be sent to it. Last incompatible policy: DURABILITY_QOS_POLICY
[WARN] [1768374916.413474180] [rosbag2_recorder]: New publisher discovered on topic '/tf', offering incompatible QoS. No messages will be sent to it. Last incompatible policy: DURABILITY_QOS_POLICY
[INFO] [1768374916.423708626] [rosbag2_recorder]: Subscribed to topic '/cmd_vel'
[INFO] [1768374916.425583506] [rosbag2_recorder]: Subscribed to topic '/plan_barn'
[INFO] [1768374916.427589035] [rosbag2_recorder]: Subscribed to topic '/scan'
[INFO] [1768374916.427635079] [rosbag2_recorder]: All requested topics are subscribed. Stopping discovery...
[INFO] [1768375003.250530591] [rosbag2_cpp]: Writing remaining messages from cache to the bag. It may take a while
[INFO] [1768375003.251417295] [rosbag2_recorder]: Event publisher thread: Exiting
[INFO] [1768375003.251466075] [rosbag2_recorder]: Recording stopped
