stdin is not a terminal device. Keyboard handling disabled.[INFO] [1767390786.676997715] [rosbag2_recorder]: Press SPACE for pausing/resuming
[INFO] [1767390786.678202774] [rosbag2_storage]: Opened database '/home/mobrob/ros_ws/large_results/world203_0102_135306/world203_0102_135306_0.db3' for READ_WRITE.
[INFO] [1767390786.679063162] [rosbag2_recorder]: Listening for topics...
[INFO] [1767390786.679073514] [rosbag2_recorder]: Event publisher thread: Starting
[INFO] [1767390786.679170277] [rosbag2_recorder]: Recording...
[INFO] [1767390786.783170095] [rosbag2_recorder]: Subscribed to topic '/odom'
[INFO] [1767390786.784480927] [rosbag2_recorder]: Subscribed to topic '/scan'
[INFO] [1767390786.785838346] [rosbag2_recorder]: Subscribed to topic '/tf'
[WARN] [1767390787.687035845] [rosbag2_recorder]: New publisher discovered on topic '/tf', offering incompatible QoS. No messages will be sent to it. Last incompatible policy: DURABILITY_QOS_POLICY
[WARN] [1767390787.687533512] [rosbag2_recorder]: New publisher discovered on topic '/tf', offering incompatible QoS. No messages will be sent to it. Last incompatible policy: DURABILITY_QOS_POLICY
[WARN] [1767390787.696242640] [rosbag2_recorder]: New publisher discovered on topic '/tf', offering incompatible QoS. No messages will be sent to it. Last incompatible policy: DURABILITY_QOS_POLICY
[WARN] [1767390787.704851947] [rosbag2_recorder]: A new publisher for subscribed topic /tf was found offering RMW_QOS_POLICY_DURABILITY_VOLATILE, but rosbag2 already subscribed requesting RMW_QOS_POLICY_DURABILITY_TRANSIENT_LOCAL. Messages from this new publisher will not be recorded.
[WARN] [1767390787.704900644] [rosbag2_recorder]: A new publisher for subscribed topic /tf was found offering RMW_QOS_POLICY_DURABILITY_VOLATILE, but rosbag2 already subscribed requesting RMW_QOS_POLICY_DURABILITY_TRANSIENT_LOCAL. Messages from this new publisher will not be recorded.
[WARN] [1767390787.704916355] [rosbag2_recorder]: A new publisher for subscribed topic /tf was found offering RMW_QOS_POLICY_DURABILITY_VOLATILE, but rosbag2 already subscribed requesting RMW_QOS_POLICY_DURABILITY_TRANSIENT_LOCAL. Messages from this new publisher will not be recorded.
[INFO] [1767390787.706798329] [rosbag2_recorder]: Subscribed to topic '/cmd_vel'
[INFO] [1767390787.707962967] [rosbag2_recorder]: Subscribed to topic '/plan_barn'
[INFO] [1767390787.708975906] [rosbag2_recorder]: Subscribed to topic '/plan_barn_odom'
[INFO] [1767390787.710172472] [rosbag2_recorder]: Subscribed to topic '/tf_static'
[INFO] [1767390787.710197833] [rosbag2_recorder]: All requested topics are subscribed. Stopping discovery...
[INFO] [1767390909.545670176] [rosbag2_cpp]: Writing remaining messages from cache to the bag. It may take a while
[INFO] [1767390909.546576887] [rosbag2_recorder]: Event publisher thread: Exiting
[INFO] [1767390909.546613494] [rosbag2_recorder]: Recording stopped
