stdin is not a terminal device. Keyboard handling disabled.[INFO] [1762915626.826489470] [rosbag2_recorder]: Press SPACE for pausing/resuming
[INFO] [1762915626.827744132] [rosbag2_storage]: Opened database '/home/mobrob/ros_ws/large_results/world71_1111_184706/world71_1111_184706_0.db3' for READ_WRITE.
[INFO] [1762915626.828863273] [rosbag2_recorder]: Listening for topics...
[INFO] [1762915626.828989579] [rosbag2_recorder]: Recording...
[INFO] [1762915626.832242922] [rosbag2_recorder]: Event publisher thread: Starting
[INFO] [1762915626.935095092] [rosbag2_recorder]: Subscribed to topic '/cmd_vel'
[INFO] [1762915626.936129349] [rosbag2_recorder]: Subscribed to topic '/odom'
[INFO] [1762915626.937123228] [rosbag2_recorder]: Subscribed to topic '/tf'
[WARN] [1762915627.829286286] [rosbag2_recorder]: New publisher discovered on topic '/tf', offering incompatible QoS. No messages will be sent to it. Last incompatible policy: DURABILITY_QOS_POLICY
[WARN] [1762915627.840920353] [rosbag2_recorder]: New publisher discovered on topic '/tf', offering incompatible QoS. No messages will be sent to it. Last incompatible policy: DURABILITY_QOS_POLICY
[WARN] [1762915627.853882338] [rosbag2_recorder]: A new publisher for subscribed topic /tf was found offering RMW_QOS_POLICY_DURABILITY_VOLATILE, but rosbag2 already subscribed requesting RMW_QOS_POLICY_DURABILITY_TRANSIENT_LOCAL. Messages from this new publisher will not be recorded.
[WARN] [1762915627.853908013] [rosbag2_recorder]: A new publisher for subscribed topic /tf was found offering RMW_QOS_POLICY_DURABILITY_VOLATILE, but rosbag2 already subscribed requesting RMW_QOS_POLICY_DURABILITY_TRANSIENT_LOCAL. Messages from this new publisher will not be recorded.
[INFO] [1762915627.854916598] [rosbag2_recorder]: Subscribed to topic '/plan_barn'
[INFO] [1762915627.855754965] [rosbag2_recorder]: Subscribed to topic '/plan_barn_odom'
[INFO] [1762915627.856763437] [rosbag2_recorder]: Subscribed to topic '/scan'
[INFO] [1762915627.857573209] [rosbag2_recorder]: Subscribed to topic '/tf_static'
[INFO] [1762915627.857585099] [rosbag2_recorder]: All requested topics are subscribed. Stopping discovery...
[WARN] [1762915628.820748305] [rosbag2_recorder]: New publisher discovered on topic '/tf', offering incompatible QoS. No messages will be sent to it. Last incompatible policy: DURABILITY_QOS_POLICY
[INFO] [1762915686.716961988] [rosbag2_cpp]: Writing remaining messages from cache to the bag. It may take a while
[INFO] [1762915686.717818221] [rosbag2_recorder]: Event publisher thread: Exiting
[INFO] [1762915686.717857545] [rosbag2_recorder]: Recording stopped
