stdin is not a terminal device. Keyboard handling disabled.[INFO] [1762937792.799631530] [rosbag2_recorder]: Press SPACE for pausing/resuming
[INFO] [1762937792.800466703] [rosbag2_storage]: Opened database '/home/mobrob/ros_ws/large_results/world93_1112_005632/world93_1112_005632_0.db3' for READ_WRITE.
[INFO] [1762937792.801270920] [rosbag2_recorder]: Listening for topics...
[INFO] [1762937792.801284890] [rosbag2_recorder]: Event publisher thread: Starting
[INFO] [1762937792.801365757] [rosbag2_recorder]: Recording...
[INFO] [1762937792.904469362] [rosbag2_recorder]: Subscribed to topic '/cmd_vel'
[INFO] [1762937792.905916216] [rosbag2_recorder]: Subscribed to topic '/odom'
[INFO] [1762937792.907286251] [rosbag2_recorder]: Subscribed to topic '/tf'
[WARN] [1762937793.801819633] [rosbag2_recorder]: New publisher discovered on topic '/tf', offering incompatible QoS. No messages will be sent to it. Last incompatible policy: DURABILITY_QOS_POLICY
[WARN] [1762937793.818172215] [rosbag2_recorder]: A new publisher for subscribed topic /tf was found offering RMW_QOS_POLICY_DURABILITY_VOLATILE, but rosbag2 already subscribed requesting RMW_QOS_POLICY_DURABILITY_TRANSIENT_LOCAL. Messages from this new publisher will not be recorded.
[INFO] [1762937793.820444953] [rosbag2_recorder]: Subscribed to topic '/scan'
[INFO] [1762937793.821710303] [rosbag2_recorder]: Subscribed to topic '/tf_static'
[WARN] [1762937793.824605009] [rosbag2_recorder]: New publisher discovered on topic '/tf', offering incompatible QoS. No messages will be sent to it. Last incompatible policy: DURABILITY_QOS_POLICY
[WARN] [1762937794.800140852] [rosbag2_recorder]: New publisher discovered on topic '/tf', offering incompatible QoS. No messages will be sent to it. Last incompatible policy: DURABILITY_QOS_POLICY
[INFO] [1762937795.874774057] [rosbag2_recorder]: Subscribed to topic '/plan_barn'
[INFO] [1762937795.875664093] [rosbag2_recorder]: Subscribed to topic '/plan_barn_odom'
[INFO] [1762937795.875689667] [rosbag2_recorder]: All requested topics are subscribed. Stopping discovery...
[INFO] [1762937832.674658416] [rosbag2_cpp]: Writing remaining messages from cache to the bag. It may take a while
[INFO] [1762937832.675254112] [rosbag2_recorder]: Event publisher thread: Exiting
[INFO] [1762937832.675297537] [rosbag2_recorder]: Recording stopped
