stdin is not a terminal device. Keyboard handling disabled.[INFO] [1763148826.576451267] [rosbag2_recorder]: Press SPACE for pausing/resuming
[INFO] [1763148826.577681238] [rosbag2_storage]: Opened database '/home/mobrob/ros_ws/large_results/world265_1114_113346/world265_1114_113346_0.db3' for READ_WRITE.
[INFO] [1763148826.578353787] [rosbag2_recorder]: Listening for topics...
[INFO] [1763148826.578371620] [rosbag2_recorder]: Event publisher thread: Starting
[INFO] [1763148826.578467960] [rosbag2_recorder]: Recording...
[INFO] [1763148826.680702290] [rosbag2_recorder]: Subscribed to topic '/cmd_vel'
[INFO] [1763148826.681759134] [rosbag2_recorder]: Subscribed to topic '/odom'
[INFO] [1763148826.682712345] [rosbag2_recorder]: Subscribed to topic '/tf'
[WARN] [1763148827.575951631] [rosbag2_recorder]: New publisher discovered on topic '/tf', offering incompatible QoS. No messages will be sent to it. Last incompatible policy: DURABILITY_QOS_POLICY
[WARN] [1763148827.587190926] [rosbag2_recorder]: New publisher discovered on topic '/tf', offering incompatible QoS. No messages will be sent to it. Last incompatible policy: DURABILITY_QOS_POLICY
[WARN] [1763148827.597448733] [rosbag2_recorder]: A new publisher for subscribed topic /tf was found offering RMW_QOS_POLICY_DURABILITY_VOLATILE, but rosbag2 already subscribed requesting RMW_QOS_POLICY_DURABILITY_TRANSIENT_LOCAL. Messages from this new publisher will not be recorded.
[WARN] [1763148827.597495129] [rosbag2_recorder]: A new publisher for subscribed topic /tf was found offering RMW_QOS_POLICY_DURABILITY_VOLATILE, but rosbag2 already subscribed requesting RMW_QOS_POLICY_DURABILITY_TRANSIENT_LOCAL. Messages from this new publisher will not be recorded.
[INFO] [1763148827.598714527] [rosbag2_recorder]: Subscribed to topic '/plan_barn'
[INFO] [1763148827.599573520] [rosbag2_recorder]: Subscribed to topic '/plan_barn_odom'
[INFO] [1763148827.600627547] [rosbag2_recorder]: Subscribed to topic '/tf_static'
[WARN] [1763148828.574077063] [rosbag2_recorder]: New publisher discovered on topic '/tf', offering incompatible QoS. No messages will be sent to it. Last incompatible policy: DURABILITY_QOS_POLICY
[INFO] [1763148828.642018150] [rosbag2_recorder]: Subscribed to topic '/scan'
[INFO] [1763148828.642053073] [rosbag2_recorder]: All requested topics are subscribed. Stopping discovery...
[INFO] [1763148950.459490904] [rosbag2_cpp]: Writing remaining messages from cache to the bag. It may take a while
[INFO] [1763148950.460254559] [rosbag2_recorder]: Event publisher thread: Exiting
[INFO] [1763148950.460299443] [rosbag2_recorder]: Recording stopped
