stdin is not a terminal device. Keyboard handling disabled.[INFO] [1762861793.854779777] [rosbag2_recorder]: Press SPACE for pausing/resuming
[INFO] [1762861793.856044366] [rosbag2_storage]: Opened database '/home/mobrob/ros_ws/large_results/world15_1111_034953/world15_1111_034953_0.db3' for READ_WRITE.
[INFO] [1762861793.859204424] [rosbag2_recorder]: Listening for topics...
[INFO] [1762861793.859216675] [rosbag2_recorder]: Event publisher thread: Starting
[INFO] [1762861793.859357260] [rosbag2_recorder]: Recording...
[INFO] [1762861793.962842811] [rosbag2_recorder]: Subscribed to topic '/cmd_vel'
[INFO] [1762861793.963985188] [rosbag2_recorder]: Subscribed to topic '/odom'
[INFO] [1762861793.964868025] [rosbag2_recorder]: Subscribed to topic '/plan_barn'
[INFO] [1762861793.965339635] [rosbag2_recorder]: Subscribed to topic '/plan_barn_odom'
[INFO] [1762861793.966167457] [rosbag2_recorder]: Subscribed to topic '/tf'
[INFO] [1762861793.966742586] [rosbag2_recorder]: Subscribed to topic '/tf_static'
[WARN] [1762861794.857994781] [rosbag2_recorder]: New publisher discovered on topic '/tf', offering incompatible QoS. No messages will be sent to it. Last incompatible policy: DURABILITY_QOS_POLICY
[WARN] [1762861794.864525238] [rosbag2_recorder]: New publisher discovered on topic '/tf', offering incompatible QoS. No messages will be sent to it. Last incompatible policy: DURABILITY_QOS_POLICY
[WARN] [1762861794.880714592] [rosbag2_recorder]: A new publisher for subscribed topic /tf was found offering RMW_QOS_POLICY_DURABILITY_VOLATILE, but rosbag2 already subscribed requesting RMW_QOS_POLICY_DURABILITY_TRANSIENT_LOCAL. Messages from this new publisher will not be recorded.
[WARN] [1762861794.880749381] [rosbag2_recorder]: A new publisher for subscribed topic /tf was found offering RMW_QOS_POLICY_DURABILITY_VOLATILE, but rosbag2 already subscribed requesting RMW_QOS_POLICY_DURABILITY_TRANSIENT_LOCAL. Messages from this new publisher will not be recorded.
[INFO] [1762861794.882062921] [rosbag2_recorder]: Subscribed to topic '/scan'
[INFO] [1762861794.882087633] [rosbag2_recorder]: All requested topics are subscribed. Stopping discovery...
[WARN] [1762861795.852680380] [rosbag2_recorder]: New publisher discovered on topic '/tf', offering incompatible QoS. No messages will be sent to it. Last incompatible policy: DURABILITY_QOS_POLICY
[INFO] [1762861850.729961959] [rosbag2_cpp]: Writing remaining messages from cache to the bag. It may take a while
[INFO] [1762861850.730765866] [rosbag2_recorder]: Event publisher thread: Exiting
[INFO] [1762861850.730797242] [rosbag2_recorder]: Recording stopped
