stdin is not a terminal device. Keyboard handling disabled.[INFO] [1763188992.439966657] [rosbag2_recorder]: Press SPACE for pausing/resuming
[INFO] [1763188992.440732713] [rosbag2_storage]: Opened database '/home/mobrob/ros_ws/large_results/world294_1114_224312/world294_1114_224312_0.db3' for READ_WRITE.
[INFO] [1763188992.441239378] [rosbag2_recorder]: Listening for topics...
[INFO] [1763188992.441359026] [rosbag2_recorder]: Recording...
[INFO] [1763188992.442051686] [rosbag2_recorder]: Event publisher thread: Starting
[INFO] [1763188992.544811242] [rosbag2_recorder]: Subscribed to topic '/cmd_vel'
[INFO] [1763188992.545794191] [rosbag2_recorder]: Subscribed to topic '/odom'
[INFO] [1763188992.546706168] [rosbag2_recorder]: Subscribed to topic '/tf'
[WARN] [1763188993.455182383] [rosbag2_recorder]: New publisher discovered on topic '/tf', offering incompatible QoS. No messages will be sent to it. Last incompatible policy: DURABILITY_QOS_POLICY
[WARN] [1763188993.462043060] [rosbag2_recorder]: A new publisher for subscribed topic /tf was found offering RMW_QOS_POLICY_DURABILITY_VOLATILE, but rosbag2 already subscribed requesting RMW_QOS_POLICY_DURABILITY_TRANSIENT_LOCAL. Messages from this new publisher will not be recorded.
[INFO] [1763188993.463274998] [rosbag2_recorder]: Subscribed to topic '/plan_barn'
[WARN] [1763188993.464218865] [rosbag2_recorder]: New publisher discovered on topic '/tf', offering incompatible QoS. No messages will be sent to it. Last incompatible policy: DURABILITY_QOS_POLICY
[INFO] [1763188993.464915234] [rosbag2_recorder]: Subscribed to topic '/plan_barn_odom'
[INFO] [1763188993.466794335] [rosbag2_recorder]: Subscribed to topic '/scan'
[WARN] [1763188993.466902278] [rosbag2_recorder]: New publisher discovered on topic '/tf', offering incompatible QoS. No messages will be sent to it. Last incompatible policy: DURABILITY_QOS_POLICY
[INFO] [1763188993.467800653] [rosbag2_recorder]: Subscribed to topic '/tf_static'
[INFO] [1763188993.467831468] [rosbag2_recorder]: All requested topics are subscribed. Stopping discovery...
[INFO] [1763189144.324399194] [rosbag2_cpp]: Writing remaining messages from cache to the bag. It may take a while
[INFO] [1763189144.325301400] [rosbag2_recorder]: Event publisher thread: Exiting
[INFO] [1763189144.325347847] [rosbag2_recorder]: Recording stopped
