stdin is not a terminal device. Keyboard handling disabled.[INFO] [1763165363.440519940] [rosbag2_recorder]: Press SPACE for pausing/resuming
[INFO] [1763165363.441340934] [rosbag2_storage]: Opened database '/home/mobrob/ros_ws/large_results/world277_1114_160923/world277_1114_160923_0.db3' for READ_WRITE.
[INFO] [1763165363.441814165] [rosbag2_recorder]: Listening for topics...
[INFO] [1763165363.441827904] [rosbag2_recorder]: Event publisher thread: Starting
[INFO] [1763165363.441892725] [rosbag2_recorder]: Recording...
[INFO] [1763165363.544358791] [rosbag2_recorder]: Subscribed to topic '/cmd_vel'
[INFO] [1763165363.545721434] [rosbag2_recorder]: Subscribed to topic '/odom'
[INFO] [1763165363.546987068] [rosbag2_recorder]: Subscribed to topic '/tf'
[INFO] [1763165364.460873178] [rosbag2_recorder]: Subscribed to topic '/scan'
[WARN] [1763165364.463436405] [rosbag2_recorder]: New publisher discovered on topic '/tf', offering incompatible QoS. No messages will be sent to it. Last incompatible policy: DURABILITY_QOS_POLICY
[WARN] [1763165364.563191293] [rosbag2_recorder]: A new publisher for subscribed topic /tf was found offering RMW_QOS_POLICY_DURABILITY_VOLATILE, but rosbag2 already subscribed requesting RMW_QOS_POLICY_DURABILITY_TRANSIENT_LOCAL. Messages from this new publisher will not be recorded.
[WARN] [1763165365.450154490] [rosbag2_recorder]: New publisher discovered on topic '/tf', offering incompatible QoS. No messages will be sent to it. Last incompatible policy: DURABILITY_QOS_POLICY
[WARN] [1763165365.450440117] [rosbag2_recorder]: New publisher discovered on topic '/tf', offering incompatible QoS. No messages will be sent to it. Last incompatible policy: DURABILITY_QOS_POLICY
[INFO] [1763165365.483516357] [rosbag2_recorder]: Subscribed to topic '/plan_barn'
[INFO] [1763165365.484716466] [rosbag2_recorder]: Subscribed to topic '/plan_barn_odom'
[INFO] [1763165365.485825634] [rosbag2_recorder]: Subscribed to topic '/tf_static'
[INFO] [1763165365.485852857] [rosbag2_recorder]: All requested topics are subscribed. Stopping discovery...
[INFO] [1763165379.373198806] [rosbag2_cpp]: Writing remaining messages from cache to the bag. It may take a while
[INFO] [1763165379.373974961] [rosbag2_recorder]: Event publisher thread: Exiting
[INFO] [1763165379.374032446] [rosbag2_recorder]: Recording stopped
