stdin is not a terminal device. Keyboard handling disabled.[INFO] [1763079913.410340925] [rosbag2_recorder]: Press SPACE for pausing/resuming
[INFO] [1763079913.411606849] [rosbag2_storage]: Opened database '/home/mobrob/ros_ws/large_results/world213_1113_162513/world213_1113_162513_0.db3' for READ_WRITE.
[INFO] [1763079913.412238915] [rosbag2_recorder]: Listening for topics...
[INFO] [1763079913.412250017] [rosbag2_recorder]: Event publisher thread: Starting
[INFO] [1763079913.412364068] [rosbag2_recorder]: Recording...
[INFO] [1763079914.423239456] [rosbag2_recorder]: Subscribed to topic '/plan_barn_odom'
[INFO] [1763079914.526485622] [rosbag2_recorder]: Subscribed to topic '/cmd_vel'
[INFO] [1763079914.527568309] [rosbag2_recorder]: Subscribed to topic '/odom'
[INFO] [1763079914.528333474] [rosbag2_recorder]: Subscribed to topic '/plan_barn'
[INFO] [1763079914.529490606] [rosbag2_recorder]: Subscribed to topic '/tf'
[WARN] [1763079915.416634746] [rosbag2_recorder]: New publisher discovered on topic '/tf', offering incompatible QoS. No messages will be sent to it. Last incompatible policy: DURABILITY_QOS_POLICY
[WARN] [1763079915.420818116] [rosbag2_recorder]: New publisher discovered on topic '/tf', offering incompatible QoS. No messages will be sent to it. Last incompatible policy: DURABILITY_QOS_POLICY
[WARN] [1763079915.421237103] [rosbag2_recorder]: New publisher discovered on topic '/tf', offering incompatible QoS. No messages will be sent to it. Last incompatible policy: DURABILITY_QOS_POLICY
[WARN] [1763079915.447513815] [rosbag2_recorder]: A new publisher for subscribed topic /tf was found offering RMW_QOS_POLICY_DURABILITY_VOLATILE, but rosbag2 already subscribed requesting RMW_QOS_POLICY_DURABILITY_TRANSIENT_LOCAL. Messages from this new publisher will not be recorded.
[WARN] [1763079915.447551374] [rosbag2_recorder]: A new publisher for subscribed topic /tf was found offering RMW_QOS_POLICY_DURABILITY_VOLATILE, but rosbag2 already subscribed requesting RMW_QOS_POLICY_DURABILITY_TRANSIENT_LOCAL. Messages from this new publisher will not be recorded.
[WARN] [1763079915.447554436] [rosbag2_recorder]: A new publisher for subscribed topic /tf was found offering RMW_QOS_POLICY_DURABILITY_VOLATILE, but rosbag2 already subscribed requesting RMW_QOS_POLICY_DURABILITY_TRANSIENT_LOCAL. Messages from this new publisher will not be recorded.
[INFO] [1763079915.448781226] [rosbag2_recorder]: Subscribed to topic '/scan'
[INFO] [1763079915.449943461] [rosbag2_recorder]: Subscribed to topic '/tf_static'
[INFO] [1763079915.449965975] [rosbag2_recorder]: All requested topics are subscribed. Stopping discovery...
[INFO] [1763079929.317192711] [rosbag2_cpp]: Writing remaining messages from cache to the bag. It may take a while
[INFO] [1763079929.317983453] [rosbag2_recorder]: Event publisher thread: Exiting
[INFO] [1763079929.318025198] [rosbag2_recorder]: Recording stopped
