stdin is not a terminal device. Keyboard handling disabled.[INFO] [1768377976.660966059] [rosbag2_recorder]: Press SPACE for pausing/resuming
[INFO] [1768377976.662291431] [rosbag2_storage]: Opened database '/home/mobrob/ros_ws/large_results/world210_0114_000616/world210_0114_000616_0.db3' for READ_WRITE.
[INFO] [1768377976.667848563] [rosbag2_recorder]: Listening for topics...
[INFO] [1768377976.667855789] [rosbag2_recorder]: Event publisher thread: Starting
[INFO] [1768377976.668014898] [rosbag2_recorder]: Recording...
[INFO] [1768377976.771580855] [rosbag2_recorder]: Subscribed to topic '/cmd_vel'
[INFO] [1768377976.772523193] [rosbag2_recorder]: Subscribed to topic '/odom'
[INFO] [1768377976.773484531] [rosbag2_recorder]: Subscribed to topic '/plan_barn'
[INFO] [1768377976.774237116] [rosbag2_recorder]: Subscribed to topic '/plan_barn_odom'
[INFO] [1768377976.775377462] [rosbag2_recorder]: Subscribed to topic '/scan'
[INFO] [1768377976.776222033] [rosbag2_recorder]: Subscribed to topic '/tf'
[WARN] [1768377977.127068680] [rosbag2_recorder]: New publisher discovered on topic '/tf', offering incompatible QoS. No messages will be sent to it. Last incompatible policy: DURABILITY_QOS_POLICY
[WARN] [1768377977.182166436] [rosbag2_recorder]: A new publisher for subscribed topic /tf was found offering RMW_QOS_POLICY_DURABILITY_VOLATILE, but rosbag2 already subscribed requesting RMW_QOS_POLICY_DURABILITY_TRANSIENT_LOCAL. Messages from this new publisher will not be recorded.
[INFO] [1768377977.183177069] [rosbag2_recorder]: Subscribed to topic '/tf_static'
[INFO] [1768377977.183207242] [rosbag2_recorder]: All requested topics are subscribed. Stopping discovery...
[WARN] [1768377977.209390852] [rosbag2_recorder]: New publisher discovered on topic '/tf', offering incompatible QoS. No messages will be sent to it. Last incompatible policy: DURABILITY_QOS_POLICY
[WARN] [1768377977.693050351] [rosbag2_recorder]: New publisher discovered on topic '/tf', offering incompatible QoS. No messages will be sent to it. Last incompatible policy: DURABILITY_QOS_POLICY
[INFO] [1768378328.519025773] [rosbag2_cpp]: Writing remaining messages from cache to the bag. It may take a while
[INFO] [1768378328.519690896] [rosbag2_recorder]: Event publisher thread: Exiting
[INFO] [1768378328.519723727] [rosbag2_recorder]: Recording stopped
