stdin is not a terminal device. Keyboard handling disabled.[INFO] [1763177989.108358780] [rosbag2_recorder]: Press SPACE for pausing/resuming
[INFO] [1763177989.109216775] [rosbag2_storage]: Opened database '/home/mobrob/ros_ws/large_results/world287_1114_193948/world287_1114_193948_0.db3' for READ_WRITE.
[INFO] [1763177989.109645966] [rosbag2_recorder]: Listening for topics...
[INFO] [1763177989.109658835] [rosbag2_recorder]: Event publisher thread: Starting
[INFO] [1763177989.109723870] [rosbag2_recorder]: Recording...
[INFO] [1763177989.212470072] [rosbag2_recorder]: Subscribed to topic '/odom'
[INFO] [1763177989.213376226] [rosbag2_recorder]: Subscribed to topic '/scan'
[INFO] [1763177989.214237015] [rosbag2_recorder]: Subscribed to topic '/tf'
[WARN] [1763177990.113164530] [rosbag2_recorder]: New publisher discovered on topic '/tf', offering incompatible QoS. No messages will be sent to it. Last incompatible policy: DURABILITY_QOS_POLICY
[WARN] [1763177990.114339380] [rosbag2_recorder]: New publisher discovered on topic '/tf', offering incompatible QoS. No messages will be sent to it. Last incompatible policy: DURABILITY_QOS_POLICY
[WARN] [1763177990.126751747] [rosbag2_recorder]: A new publisher for subscribed topic /tf was found offering RMW_QOS_POLICY_DURABILITY_VOLATILE, but rosbag2 already subscribed requesting RMW_QOS_POLICY_DURABILITY_TRANSIENT_LOCAL. Messages from this new publisher will not be recorded.
[WARN] [1763177990.126807896] [rosbag2_recorder]: A new publisher for subscribed topic /tf was found offering RMW_QOS_POLICY_DURABILITY_VOLATILE, but rosbag2 already subscribed requesting RMW_QOS_POLICY_DURABILITY_TRANSIENT_LOCAL. Messages from this new publisher will not be recorded.
[INFO] [1763177990.128316409] [rosbag2_recorder]: Subscribed to topic '/cmd_vel'
[INFO] [1763177990.129442752] [rosbag2_recorder]: Subscribed to topic '/tf_static'
[WARN] [1763177991.106027263] [rosbag2_recorder]: New publisher discovered on topic '/tf', offering incompatible QoS. No messages will be sent to it. Last incompatible policy: DURABILITY_QOS_POLICY
[INFO] [1763177991.166904292] [rosbag2_recorder]: Subscribed to topic '/plan_barn'
[INFO] [1763177991.167777122] [rosbag2_recorder]: Subscribed to topic '/plan_barn_odom'
[INFO] [1763177991.167803617] [rosbag2_recorder]: All requested topics are subscribed. Stopping discovery...
[INFO] [1763178226.001705932] [rosbag2_cpp]: Writing remaining messages from cache to the bag. It may take a while
[INFO] [1763178226.002292258] [rosbag2_recorder]: Event publisher thread: Exiting
[INFO] [1763178226.002342907] [rosbag2_recorder]: Recording stopped
