stdin is not a terminal device. Keyboard handling disabled.[INFO] [1762854374.249741242] [rosbag2_recorder]: Press SPACE for pausing/resuming
[INFO] [1762854374.250642180] [rosbag2_storage]: Opened database '/home/mobrob/ros_ws/large_results/world8_1111_014614/world8_1111_014614_0.db3' for READ_WRITE.
[INFO] [1762854374.251175728] [rosbag2_recorder]: Listening for topics...
[INFO] [1762854374.251186288] [rosbag2_recorder]: Event publisher thread: Starting
[INFO] [1762854374.251291399] [rosbag2_recorder]: Recording...
[INFO] [1762854374.354992979] [rosbag2_recorder]: Subscribed to topic '/odom'
[INFO] [1762854374.356543426] [rosbag2_recorder]: Subscribed to topic '/tf'
[WARN] [1762854375.259828930] [rosbag2_recorder]: New publisher discovered on topic '/tf', offering incompatible QoS. No messages will be sent to it. Last incompatible policy: DURABILITY_QOS_POLICY
[WARN] [1762854375.268432514] [rosbag2_recorder]: A new publisher for subscribed topic /tf was found offering RMW_QOS_POLICY_DURABILITY_VOLATILE, but rosbag2 already subscribed requesting RMW_QOS_POLICY_DURABILITY_TRANSIENT_LOCAL. Messages from this new publisher will not be recorded.
[INFO] [1762854375.271464607] [rosbag2_recorder]: Subscribed to topic '/cmd_vel'
[INFO] [1762854375.273874566] [rosbag2_recorder]: Subscribed to topic '/plan_barn_odom'
[WARN] [1762854375.275129906] [rosbag2_recorder]: New publisher discovered on topic '/tf', offering incompatible QoS. No messages will be sent to it. Last incompatible policy: DURABILITY_QOS_POLICY
[INFO] [1762854375.275916180] [rosbag2_recorder]: Subscribed to topic '/scan'
[INFO] [1762854375.277795630] [rosbag2_recorder]: Subscribed to topic '/tf_static'
[INFO] [1762854375.383128022] [rosbag2_recorder]: Subscribed to topic '/plan_barn'
[INFO] [1762854375.383167447] [rosbag2_recorder]: All requested topics are subscribed. Stopping discovery...
[WARN] [1762854377.246124501] [rosbag2_recorder]: New publisher discovered on topic '/tf', offering incompatible QoS. No messages will be sent to it. Last incompatible policy: DURABILITY_QOS_POLICY
[INFO] [1762854470.126038615] [rosbag2_cpp]: Writing remaining messages from cache to the bag. It may take a while
[INFO] [1762854470.126905336] [rosbag2_recorder]: Event publisher thread: Exiting
[INFO] [1762854470.126952950] [rosbag2_recorder]: Recording stopped
