stdin is not a terminal device. Keyboard handling disabled.[INFO] [1763074072.673904945] [rosbag2_recorder]: Press SPACE for pausing/resuming
[INFO] [1763074072.675106912] [rosbag2_storage]: Opened database '/home/mobrob/ros_ws/large_results/world209_1113_144752/world209_1113_144752_0.db3' for READ_WRITE.
[INFO] [1763074072.675812632] [rosbag2_recorder]: Listening for topics...
[INFO] [1763074072.675824864] [rosbag2_recorder]: Event publisher thread: Starting
[INFO] [1763074072.675932669] [rosbag2_recorder]: Recording...
[INFO] [1763074072.778394235] [rosbag2_recorder]: Subscribed to topic '/odom'
[INFO] [1763074072.779116248] [rosbag2_recorder]: Subscribed to topic '/plan_barn'
[INFO] [1763074072.779880124] [rosbag2_recorder]: Subscribed to topic '/plan_barn_odom'
[INFO] [1763074072.781237259] [rosbag2_recorder]: Subscribed to topic '/tf'
[WARN] [1763074073.674761819] [rosbag2_recorder]: New publisher discovered on topic '/tf', offering incompatible QoS. No messages will be sent to it. Last incompatible policy: DURABILITY_QOS_POLICY
[WARN] [1763074073.681421119] [rosbag2_recorder]: New publisher discovered on topic '/tf', offering incompatible QoS. No messages will be sent to it. Last incompatible policy: DURABILITY_QOS_POLICY
[WARN] [1763074073.684177387] [rosbag2_recorder]: New publisher discovered on topic '/tf', offering incompatible QoS. No messages will be sent to it. Last incompatible policy: DURABILITY_QOS_POLICY
[WARN] [1763074073.692545642] [rosbag2_recorder]: A new publisher for subscribed topic /tf was found offering RMW_QOS_POLICY_DURABILITY_VOLATILE, but rosbag2 already subscribed requesting RMW_QOS_POLICY_DURABILITY_TRANSIENT_LOCAL. Messages from this new publisher will not be recorded.
[WARN] [1763074073.692580663] [rosbag2_recorder]: A new publisher for subscribed topic /tf was found offering RMW_QOS_POLICY_DURABILITY_VOLATILE, but rosbag2 already subscribed requesting RMW_QOS_POLICY_DURABILITY_TRANSIENT_LOCAL. Messages from this new publisher will not be recorded.
[WARN] [1763074073.692583484] [rosbag2_recorder]: A new publisher for subscribed topic /tf was found offering RMW_QOS_POLICY_DURABILITY_VOLATILE, but rosbag2 already subscribed requesting RMW_QOS_POLICY_DURABILITY_TRANSIENT_LOCAL. Messages from this new publisher will not be recorded.
[INFO] [1763074073.693635272] [rosbag2_recorder]: Subscribed to topic '/cmd_vel'
[INFO] [1763074073.694841326] [rosbag2_recorder]: Subscribed to topic '/scan'
[INFO] [1763074073.695774490] [rosbag2_recorder]: Subscribed to topic '/tf_static'
[INFO] [1763074073.695800143] [rosbag2_recorder]: All requested topics are subscribed. Stopping discovery...
[INFO] [1763074088.584438593] [rosbag2_cpp]: Writing remaining messages from cache to the bag. It may take a while
[INFO] [1763074088.585237812] [rosbag2_recorder]: Event publisher thread: Exiting
[INFO] [1763074088.585267991] [rosbag2_recorder]: Recording stopped
