stdin is not a terminal device. Keyboard handling disabled.[INFO] [1763053800.387901416] [rosbag2_recorder]: Press SPACE for pausing/resuming
[INFO] [1763053800.389025619] [rosbag2_storage]: Opened database '/home/mobrob/ros_ws/large_results/world192_1113_091000/world192_1113_091000_0.db3' for READ_WRITE.
[INFO] [1763053800.389843805] [rosbag2_recorder]: Listening for topics...
[INFO] [1763053800.389856276] [rosbag2_recorder]: Event publisher thread: Starting
[INFO] [1763053800.389960236] [rosbag2_recorder]: Recording...
[INFO] [1763053800.492760082] [rosbag2_recorder]: Subscribed to topic '/cmd_vel'
[INFO] [1763053800.494319793] [rosbag2_recorder]: Subscribed to topic '/odom'
[INFO] [1763053800.495233705] [rosbag2_recorder]: Subscribed to topic '/tf'
[WARN] [1763053801.390072061] [rosbag2_recorder]: New publisher discovered on topic '/tf', offering incompatible QoS. No messages will be sent to it. Last incompatible policy: DURABILITY_QOS_POLICY
[WARN] [1763053801.399592471] [rosbag2_recorder]: New publisher discovered on topic '/tf', offering incompatible QoS. No messages will be sent to it. Last incompatible policy: DURABILITY_QOS_POLICY
[WARN] [1763053801.404168031] [rosbag2_recorder]: A new publisher for subscribed topic /tf was found offering RMW_QOS_POLICY_DURABILITY_VOLATILE, but rosbag2 already subscribed requesting RMW_QOS_POLICY_DURABILITY_TRANSIENT_LOCAL. Messages from this new publisher will not be recorded.
[WARN] [1763053801.404211982] [rosbag2_recorder]: A new publisher for subscribed topic /tf was found offering RMW_QOS_POLICY_DURABILITY_VOLATILE, but rosbag2 already subscribed requesting RMW_QOS_POLICY_DURABILITY_TRANSIENT_LOCAL. Messages from this new publisher will not be recorded.
[INFO] [1763053801.407613003] [rosbag2_recorder]: Subscribed to topic '/plan_barn'
[WARN] [1763053801.411272970] [rosbag2_recorder]: New publisher discovered on topic '/tf', offering incompatible QoS. No messages will be sent to it. Last incompatible policy: DURABILITY_QOS_POLICY
[INFO] [1763053801.411791711] [rosbag2_recorder]: Subscribed to topic '/plan_barn_odom'
[INFO] [1763053801.413641655] [rosbag2_recorder]: Subscribed to topic '/tf_static'
[INFO] [1763053802.447487622] [rosbag2_recorder]: Subscribed to topic '/scan'
[INFO] [1763053802.447523585] [rosbag2_recorder]: All requested topics are subscribed. Stopping discovery...
[INFO] [1763053983.271589170] [rosbag2_cpp]: Writing remaining messages from cache to the bag. It may take a while
[INFO] [1763053983.272413046] [rosbag2_recorder]: Event publisher thread: Exiting
[INFO] [1763053983.272454431] [rosbag2_recorder]: Recording stopped
