stdin is not a terminal device. Keyboard handling disabled.[INFO] [1762952561.218089947] [rosbag2_recorder]: Press SPACE for pausing/resuming
[INFO] [1762952561.219315902] [rosbag2_storage]: Opened database '/home/mobrob/ros_ws/large_results/world107_1112_050241/world107_1112_050241_0.db3' for READ_WRITE.
[INFO] [1762952561.223820148] [rosbag2_recorder]: Listening for topics...
[INFO] [1762952561.223848420] [rosbag2_recorder]: Event publisher thread: Starting
[INFO] [1762952561.223974422] [rosbag2_recorder]: Recording...
[INFO] [1762952561.326704227] [rosbag2_recorder]: Subscribed to topic '/odom'
[INFO] [1762952561.327581667] [rosbag2_recorder]: Subscribed to topic '/scan'
[INFO] [1762952561.328521076] [rosbag2_recorder]: Subscribed to topic '/tf'
[WARN] [1762952562.227558615] [rosbag2_recorder]: New publisher discovered on topic '/tf', offering incompatible QoS. No messages will be sent to it. Last incompatible policy: DURABILITY_QOS_POLICY
[WARN] [1762952562.230713426] [rosbag2_recorder]: New publisher discovered on topic '/tf', offering incompatible QoS. No messages will be sent to it. Last incompatible policy: DURABILITY_QOS_POLICY
[WARN] [1762952562.239191698] [rosbag2_recorder]: A new publisher for subscribed topic /tf was found offering RMW_QOS_POLICY_DURABILITY_VOLATILE, but rosbag2 already subscribed requesting RMW_QOS_POLICY_DURABILITY_TRANSIENT_LOCAL. Messages from this new publisher will not be recorded.
[WARN] [1762952562.239229158] [rosbag2_recorder]: A new publisher for subscribed topic /tf was found offering RMW_QOS_POLICY_DURABILITY_VOLATILE, but rosbag2 already subscribed requesting RMW_QOS_POLICY_DURABILITY_TRANSIENT_LOCAL. Messages from this new publisher will not be recorded.
[INFO] [1762952562.240867100] [rosbag2_recorder]: Subscribed to topic '/cmd_vel'
[INFO] [1762952562.241858106] [rosbag2_recorder]: Subscribed to topic '/plan_barn_odom'
[INFO] [1762952562.242667119] [rosbag2_recorder]: Subscribed to topic '/tf_static'
[WARN] [1762952563.214492518] [rosbag2_recorder]: New publisher discovered on topic '/tf', offering incompatible QoS. No messages will be sent to it. Last incompatible policy: DURABILITY_QOS_POLICY
[INFO] [1762952563.278972440] [rosbag2_recorder]: Subscribed to topic '/plan_barn'
[INFO] [1762952563.279007466] [rosbag2_recorder]: All requested topics are subscribed. Stopping discovery...
[INFO] [1762952637.092813511] [rosbag2_cpp]: Writing remaining messages from cache to the bag. It may take a while
[INFO] [1762952637.093734618] [rosbag2_recorder]: Event publisher thread: Exiting
[INFO] [1762952637.093779633] [rosbag2_recorder]: Recording stopped
