stdin is not a terminal device. Keyboard handling disabled.[INFO] [1765749514.157592878] [rosbag2_recorder]: Press SPACE for pausing/resuming
[INFO] [1765749514.158647778] [rosbag2_storage]: Opened database '/home/mobrob/ros_ws/large_results/world75_1214_135834/world75_1214_135834_0.db3' for READ_WRITE.
[INFO] [1765749514.159414428] [rosbag2_recorder]: Listening for topics...
[INFO] [1765749514.159424102] [rosbag2_recorder]: Event publisher thread: Starting
[INFO] [1765749514.159540391] [rosbag2_recorder]: Recording...
[INFO] [1765749514.264876037] [rosbag2_recorder]: Subscribed to topic '/cmd_vel'
[INFO] [1765749514.266485955] [rosbag2_recorder]: Subscribed to topic '/odom'
[INFO] [1765749514.267975999] [rosbag2_recorder]: Subscribed to topic '/tf'
[WARN] [1765749515.166196798] [rosbag2_recorder]: New publisher discovered on topic '/tf', offering incompatible QoS. No messages will be sent to it. Last incompatible policy: DURABILITY_QOS_POLICY
[WARN] [1765749515.166493096] [rosbag2_recorder]: New publisher discovered on topic '/tf', offering incompatible QoS. No messages will be sent to it. Last incompatible policy: DURABILITY_QOS_POLICY
[WARN] [1765749515.173486581] [rosbag2_recorder]: New publisher discovered on topic '/tf', offering incompatible QoS. No messages will be sent to it. Last incompatible policy: DURABILITY_QOS_POLICY
[WARN] [1765749515.181500702] [rosbag2_recorder]: A new publisher for subscribed topic /tf was found offering RMW_QOS_POLICY_DURABILITY_VOLATILE, but rosbag2 already subscribed requesting RMW_QOS_POLICY_DURABILITY_TRANSIENT_LOCAL. Messages from this new publisher will not be recorded.
[WARN] [1765749515.181525022] [rosbag2_recorder]: A new publisher for subscribed topic /tf was found offering RMW_QOS_POLICY_DURABILITY_VOLATILE, but rosbag2 already subscribed requesting RMW_QOS_POLICY_DURABILITY_TRANSIENT_LOCAL. Messages from this new publisher will not be recorded.
[WARN] [1765749515.181532311] [rosbag2_recorder]: A new publisher for subscribed topic /tf was found offering RMW_QOS_POLICY_DURABILITY_VOLATILE, but rosbag2 already subscribed requesting RMW_QOS_POLICY_DURABILITY_TRANSIENT_LOCAL. Messages from this new publisher will not be recorded.
[INFO] [1765749515.182385617] [rosbag2_recorder]: Subscribed to topic '/plan_barn'
[INFO] [1765749515.183169523] [rosbag2_recorder]: Subscribed to topic '/plan_barn_odom'
[INFO] [1765749515.184051817] [rosbag2_recorder]: Subscribed to topic '/tf_static'
[INFO] [1765749516.214663295] [rosbag2_recorder]: Subscribed to topic '/scan'
[INFO] [1765749516.214702131] [rosbag2_recorder]: All requested topics are subscribed. Stopping discovery...
[INFO] [1765749573.034643308] [rosbag2_cpp]: Writing remaining messages from cache to the bag. It may take a while
[INFO] [1765749573.035420791] [rosbag2_recorder]: Event publisher thread: Exiting
[INFO] [1765749573.035452278] [rosbag2_recorder]: Recording stopped
