stdin is not a terminal device. Keyboard handling disabled.[INFO] [1762995657.004038309] [rosbag2_recorder]: Press SPACE for pausing/resuming
[INFO] [1762995657.005219844] [rosbag2_storage]: Opened database '/home/mobrob/ros_ws/large_results/world144_1112_170056/world144_1112_170056_0.db3' for READ_WRITE.
[INFO] [1762995657.006074015] [rosbag2_recorder]: Listening for topics...
[INFO] [1762995657.006195815] [rosbag2_recorder]: Recording...
[INFO] [1762995657.006619361] [rosbag2_recorder]: Event publisher thread: Starting
[INFO] [1762995657.109130939] [rosbag2_recorder]: Subscribed to topic '/cmd_vel'
[INFO] [1762995657.110249970] [rosbag2_recorder]: Subscribed to topic '/odom'
[INFO] [1762995657.111117725] [rosbag2_recorder]: Subscribed to topic '/tf'
[WARN] [1762995658.014604018] [rosbag2_recorder]: New publisher discovered on topic '/tf', offering incompatible QoS. No messages will be sent to it. Last incompatible policy: DURABILITY_QOS_POLICY
[WARN] [1762995658.023667253] [rosbag2_recorder]: A new publisher for subscribed topic /tf was found offering RMW_QOS_POLICY_DURABILITY_VOLATILE, but rosbag2 already subscribed requesting RMW_QOS_POLICY_DURABILITY_TRANSIENT_LOCAL. Messages from this new publisher will not be recorded.
[INFO] [1762995658.024867147] [rosbag2_recorder]: Subscribed to topic '/plan_barn'
[INFO] [1762995658.025773543] [rosbag2_recorder]: Subscribed to topic '/plan_barn_odom'
[INFO] [1762995658.027347538] [rosbag2_recorder]: Subscribed to topic '/scan'
[INFO] [1762995658.028148652] [rosbag2_recorder]: Subscribed to topic '/tf_static'
[INFO] [1762995658.028165643] [rosbag2_recorder]: All requested topics are subscribed. Stopping discovery...
[WARN] [1762995659.001659837] [rosbag2_recorder]: New publisher discovered on topic '/tf', offering incompatible QoS. No messages will be sent to it. Last incompatible policy: DURABILITY_QOS_POLICY
[WARN] [1762995659.003539729] [rosbag2_recorder]: New publisher discovered on topic '/tf', offering incompatible QoS. No messages will be sent to it. Last incompatible policy: DURABILITY_QOS_POLICY
[INFO] [1762995672.931510196] [rosbag2_cpp]: Writing remaining messages from cache to the bag. It may take a while
[INFO] [1762995672.932254719] [rosbag2_recorder]: Event publisher thread: Exiting
[INFO] [1762995672.932296015] [rosbag2_recorder]: Recording stopped
