stdin is not a terminal device. Keyboard handling disabled.[INFO] [1763018810.923362483] [rosbag2_recorder]: Press SPACE for pausing/resuming
[INFO] [1763018810.928276957] [rosbag2_storage]: Opened database '/home/mobrob/ros_ws/large_results/world163_1112_232650/world163_1112_232650_0.db3' for READ_WRITE.
[INFO] [1763018810.930130452] [rosbag2_recorder]: Listening for topics...
[INFO] [1763018810.930150892] [rosbag2_recorder]: Event publisher thread: Starting
[INFO] [1763018810.930248548] [rosbag2_recorder]: Recording...
[INFO] [1763018811.291433772] [rosbag2_recorder]: Subscribed to topic '/cmd_vel'
[INFO] [1763018811.293738855] [rosbag2_recorder]: Subscribed to topic '/tf_static'
[INFO] [1763018811.396156108] [rosbag2_recorder]: Subscribed to topic '/odom'
[INFO] [1763018811.396692501] [rosbag2_recorder]: Subscribed to topic '/tf'
[WARN] [1763018812.259293556] [rosbag2_recorder]: New publisher discovered on topic '/tf', offering incompatible QoS. No messages will be sent to it. Last incompatible policy: DURABILITY_QOS_POLICY
[WARN] [1763018812.315896591] [rosbag2_recorder]: A new publisher for subscribed topic /tf was found offering RMW_QOS_POLICY_DURABILITY_VOLATILE, but rosbag2 already subscribed requesting RMW_QOS_POLICY_DURABILITY_TRANSIENT_LOCAL. Messages from this new publisher will not be recorded.
[INFO] [1763018812.316855674] [rosbag2_recorder]: Subscribed to topic '/plan_barn'
[INFO] [1763018812.317627240] [rosbag2_recorder]: Subscribed to topic '/plan_barn_odom'
[INFO] [1763018812.318571259] [rosbag2_recorder]: Subscribed to topic '/scan'
[INFO] [1763018812.318595402] [rosbag2_recorder]: All requested topics are subscribed. Stopping discovery...
[WARN] [1763018812.918660770] [rosbag2_recorder]: New publisher discovered on topic '/tf', offering incompatible QoS. No messages will be sent to it. Last incompatible policy: DURABILITY_QOS_POLICY
[WARN] [1763018812.923689472] [rosbag2_recorder]: New publisher discovered on topic '/tf', offering incompatible QoS. No messages will be sent to it. Last incompatible policy: DURABILITY_QOS_POLICY
[INFO] [1763018931.800776242] [rosbag2_cpp]: Writing remaining messages from cache to the bag. It may take a while
[INFO] [1763018931.801345601] [rosbag2_recorder]: Event publisher thread: Exiting
[INFO] [1763018931.801376964] [rosbag2_recorder]: Recording stopped
