stdin is not a terminal device. Keyboard handling disabled.[INFO] [1768373847.283514298] [rosbag2_recorder]: Press SPACE for pausing/resuming
[INFO] [1768373847.284782923] [rosbag2_storage]: Opened database '/home/mobrob/ros_ws/large_results/world36_0113_225727/world36_0113_225727_0.db3' for READ_WRITE.
[INFO] [1768373847.285680815] [rosbag2_recorder]: Listening for topics...
[INFO] [1768373847.285803790] [rosbag2_recorder]: Recording...
[INFO] [1768373847.287165097] [rosbag2_recorder]: Event publisher thread: Starting
[INFO] [1768373847.389963683] [rosbag2_recorder]: Subscribed to topic '/odom'
[INFO] [1768373847.391614382] [rosbag2_recorder]: Subscribed to topic '/tf'
[INFO] [1768373847.392555458] [rosbag2_recorder]: Subscribed to topic '/tf_static'
[WARN] [1768373847.555000131] [rosbag2_recorder]: New publisher discovered on topic '/tf', offering incompatible QoS. No messages will be sent to it. Last incompatible policy: DURABILITY_QOS_POLICY
[WARN] [1768373847.595536617] [rosbag2_recorder]: A new publisher for subscribed topic /tf was found offering RMW_QOS_POLICY_DURABILITY_VOLATILE, but rosbag2 already subscribed requesting RMW_QOS_POLICY_DURABILITY_TRANSIENT_LOCAL. Messages from this new publisher will not be recorded.
[WARN] [1768373848.284249923] [rosbag2_recorder]: New publisher discovered on topic '/tf', offering incompatible QoS. No messages will be sent to it. Last incompatible policy: DURABILITY_QOS_POLICY
[WARN] [1768373848.292144947] [rosbag2_recorder]: New publisher discovered on topic '/tf', offering incompatible QoS. No messages will be sent to it. Last incompatible policy: DURABILITY_QOS_POLICY
[INFO] [1768373848.312515253] [rosbag2_recorder]: Subscribed to topic '/cmd_vel'
[INFO] [1768373848.313778777] [rosbag2_recorder]: Subscribed to topic '/plan_barn'
[INFO] [1768373848.314850685] [rosbag2_recorder]: Subscribed to topic '/plan_barn_odom'
[INFO] [1768373848.316461447] [rosbag2_recorder]: Subscribed to topic '/scan'
[INFO] [1768373848.316485619] [rosbag2_recorder]: All requested topics are subscribed. Stopping discovery...
[INFO] [1768373863.180962540] [rosbag2_cpp]: Writing remaining messages from cache to the bag. It may take a while
[INFO] [1768373863.181517624] [rosbag2_recorder]: Event publisher thread: Exiting
[INFO] [1768373863.181559148] [rosbag2_recorder]: Recording stopped
