stdin is not a terminal device. Keyboard handling disabled.[INFO] [1763029386.414210668] [rosbag2_recorder]: Press SPACE for pausing/resuming
[INFO] [1763029386.415546615] [rosbag2_storage]: Opened database '/home/mobrob/ros_ws/large_results/world174_1113_022306/world174_1113_022306_0.db3' for READ_WRITE.
[INFO] [1763029386.417711638] [rosbag2_recorder]: Listening for topics...
[INFO] [1763029386.417788378] [rosbag2_recorder]: Event publisher thread: Starting
[INFO] [1763029386.417851166] [rosbag2_recorder]: Recording...
[INFO] [1763029386.522799931] [rosbag2_recorder]: Subscribed to topic '/cmd_vel'
[INFO] [1763029386.524168003] [rosbag2_recorder]: Subscribed to topic '/odom'
[INFO] [1763029386.525310209] [rosbag2_recorder]: Subscribed to topic '/tf'
[WARN] [1763029387.409122669] [rosbag2_recorder]: New publisher discovered on topic '/tf', offering incompatible QoS. No messages will be sent to it. Last incompatible policy: DURABILITY_QOS_POLICY
[WARN] [1763029387.417365285] [rosbag2_recorder]: New publisher discovered on topic '/tf', offering incompatible QoS. No messages will be sent to it. Last incompatible policy: DURABILITY_QOS_POLICY
[WARN] [1763029387.424876571] [rosbag2_recorder]: New publisher discovered on topic '/tf', offering incompatible QoS. No messages will be sent to it. Last incompatible policy: DURABILITY_QOS_POLICY
[WARN] [1763029387.442408741] [rosbag2_recorder]: A new publisher for subscribed topic /tf was found offering RMW_QOS_POLICY_DURABILITY_VOLATILE, but rosbag2 already subscribed requesting RMW_QOS_POLICY_DURABILITY_TRANSIENT_LOCAL. Messages from this new publisher will not be recorded.
[WARN] [1763029387.442455707] [rosbag2_recorder]: A new publisher for subscribed topic /tf was found offering RMW_QOS_POLICY_DURABILITY_VOLATILE, but rosbag2 already subscribed requesting RMW_QOS_POLICY_DURABILITY_TRANSIENT_LOCAL. Messages from this new publisher will not be recorded.
[WARN] [1763029387.442465640] [rosbag2_recorder]: A new publisher for subscribed topic /tf was found offering RMW_QOS_POLICY_DURABILITY_VOLATILE, but rosbag2 already subscribed requesting RMW_QOS_POLICY_DURABILITY_TRANSIENT_LOCAL. Messages from this new publisher will not be recorded.
[INFO] [1763029387.443780069] [rosbag2_recorder]: Subscribed to topic '/plan_barn'
[INFO] [1763029387.444721902] [rosbag2_recorder]: Subscribed to topic '/plan_barn_odom'
[INFO] [1763029387.446105399] [rosbag2_recorder]: Subscribed to topic '/scan'
[INFO] [1763029387.447180301] [rosbag2_recorder]: Subscribed to topic '/tf_static'
[INFO] [1763029387.447201246] [rosbag2_recorder]: All requested topics are subscribed. Stopping discovery...
[INFO] [1763029465.296640584] [rosbag2_cpp]: Writing remaining messages from cache to the bag. It may take a while
[INFO] [1763029465.297382225] [rosbag2_recorder]: Event publisher thread: Exiting
[INFO] [1763029465.297422753] [rosbag2_recorder]: Recording stopped
