stdin is not a terminal device. Keyboard handling disabled.[INFO] [1763058864.378637772] [rosbag2_recorder]: Press SPACE for pausing/resuming
[INFO] [1763058864.379379388] [rosbag2_storage]: Opened database '/home/mobrob/ros_ws/large_results/world196_1113_103424/world196_1113_103424_0.db3' for READ_WRITE.
[INFO] [1763058864.379963484] [rosbag2_recorder]: Listening for topics...
[INFO] [1763058864.379975178] [rosbag2_recorder]: Event publisher thread: Starting
[INFO] [1763058864.380049276] [rosbag2_recorder]: Recording...
[INFO] [1763058864.483212197] [rosbag2_recorder]: Subscribed to topic '/cmd_vel'
[INFO] [1763058864.484323430] [rosbag2_recorder]: Subscribed to topic '/scan'
[INFO] [1763058865.500319163] [rosbag2_recorder]: Subscribed to topic '/odom'
[INFO] [1763058865.501785881] [rosbag2_recorder]: Subscribed to topic '/tf'
[WARN] [1763058866.374987191] [rosbag2_recorder]: New publisher discovered on topic '/tf', offering incompatible QoS. No messages will be sent to it. Last incompatible policy: DURABILITY_QOS_POLICY
[WARN] [1763058866.380666213] [rosbag2_recorder]: New publisher discovered on topic '/tf', offering incompatible QoS. No messages will be sent to it. Last incompatible policy: DURABILITY_QOS_POLICY
[WARN] [1763058866.382392875] [rosbag2_recorder]: New publisher discovered on topic '/tf', offering incompatible QoS. No messages will be sent to it. Last incompatible policy: DURABILITY_QOS_POLICY
[WARN] [1763058866.427210703] [rosbag2_recorder]: A new publisher for subscribed topic /tf was found offering RMW_QOS_POLICY_DURABILITY_VOLATILE, but rosbag2 already subscribed requesting RMW_QOS_POLICY_DURABILITY_TRANSIENT_LOCAL. Messages from this new publisher will not be recorded.
[WARN] [1763058866.427240946] [rosbag2_recorder]: A new publisher for subscribed topic /tf was found offering RMW_QOS_POLICY_DURABILITY_VOLATILE, but rosbag2 already subscribed requesting RMW_QOS_POLICY_DURABILITY_TRANSIENT_LOCAL. Messages from this new publisher will not be recorded.
[WARN] [1763058866.427243852] [rosbag2_recorder]: A new publisher for subscribed topic /tf was found offering RMW_QOS_POLICY_DURABILITY_VOLATILE, but rosbag2 already subscribed requesting RMW_QOS_POLICY_DURABILITY_TRANSIENT_LOCAL. Messages from this new publisher will not be recorded.
[INFO] [1763058866.428326934] [rosbag2_recorder]: Subscribed to topic '/plan_barn'
[INFO] [1763058866.429296880] [rosbag2_recorder]: Subscribed to topic '/plan_barn_odom'
[INFO] [1763058866.430547723] [rosbag2_recorder]: Subscribed to topic '/tf_static'
[INFO] [1763058866.430566729] [rosbag2_recorder]: All requested topics are subscribed. Stopping discovery...
[INFO] [1763059106.246403553] [rosbag2_cpp]: Writing remaining messages from cache to the bag. It may take a while
[INFO] [1763059106.247045140] [rosbag2_recorder]: Event publisher thread: Exiting
[INFO] [1763059106.247091780] [rosbag2_recorder]: Recording stopped
