stdin is not a terminal device. Keyboard handling disabled.[INFO] [1762995749.277081623] [rosbag2_recorder]: Press SPACE for pausing/resuming
[INFO] [1762995749.277902515] [rosbag2_storage]: Opened database '/home/mobrob/ros_ws/large_results/world144_1112_170229/world144_1112_170229_0.db3' for READ_WRITE.
[INFO] [1762995749.278683546] [rosbag2_recorder]: Listening for topics...
[INFO] [1762995749.278696930] [rosbag2_recorder]: Event publisher thread: Starting
[INFO] [1762995749.278778167] [rosbag2_recorder]: Recording...
[INFO] [1762995749.381709688] [rosbag2_recorder]: Subscribed to topic '/cmd_vel'
[INFO] [1762995749.382662471] [rosbag2_recorder]: Subscribed to topic '/odom'
[INFO] [1762995749.383543729] [rosbag2_recorder]: Subscribed to topic '/tf'
[INFO] [1762995749.384060657] [rosbag2_recorder]: Subscribed to topic '/tf_static'
[WARN] [1762995750.278137989] [rosbag2_recorder]: New publisher discovered on topic '/tf', offering incompatible QoS. No messages will be sent to it. Last incompatible policy: DURABILITY_QOS_POLICY
[WARN] [1762995750.283941695] [rosbag2_recorder]: New publisher discovered on topic '/tf', offering incompatible QoS. No messages will be sent to it. Last incompatible policy: DURABILITY_QOS_POLICY
[WARN] [1762995750.303071500] [rosbag2_recorder]: A new publisher for subscribed topic /tf was found offering RMW_QOS_POLICY_DURABILITY_VOLATILE, but rosbag2 already subscribed requesting RMW_QOS_POLICY_DURABILITY_TRANSIENT_LOCAL. Messages from this new publisher will not be recorded.
[WARN] [1762995750.303121100] [rosbag2_recorder]: A new publisher for subscribed topic /tf was found offering RMW_QOS_POLICY_DURABILITY_VOLATILE, but rosbag2 already subscribed requesting RMW_QOS_POLICY_DURABILITY_TRANSIENT_LOCAL. Messages from this new publisher will not be recorded.
[INFO] [1762995750.304431788] [rosbag2_recorder]: Subscribed to topic '/plan_barn'
[INFO] [1762995750.305388642] [rosbag2_recorder]: Subscribed to topic '/plan_barn_odom'
[INFO] [1762995750.306333534] [rosbag2_recorder]: Subscribed to topic '/scan'
[INFO] [1762995750.306347307] [rosbag2_recorder]: All requested topics are subscribed. Stopping discovery...
[WARN] [1762995751.275408920] [rosbag2_recorder]: New publisher discovered on topic '/tf', offering incompatible QoS. No messages will be sent to it. Last incompatible policy: DURABILITY_QOS_POLICY
[INFO] [1762995837.153855169] [rosbag2_cpp]: Writing remaining messages from cache to the bag. It may take a while
[INFO] [1762995837.154754339] [rosbag2_recorder]: Event publisher thread: Exiting
[INFO] [1762995837.154804857] [rosbag2_recorder]: Recording stopped
