stdin is not a terminal device. Keyboard handling disabled.[INFO] [1762959858.404677192] [rosbag2_recorder]: Press SPACE for pausing/resuming
[INFO] [1762959858.405927681] [rosbag2_storage]: Opened database '/home/mobrob/ros_ws/large_results/world113_1112_070418/world113_1112_070418_0.db3' for READ_WRITE.
[INFO] [1762959858.406929294] [rosbag2_recorder]: Listening for topics...
[INFO] [1762959858.406940926] [rosbag2_recorder]: Event publisher thread: Starting
[INFO] [1762959858.407060752] [rosbag2_recorder]: Recording...
[INFO] [1762959858.510589508] [rosbag2_recorder]: Subscribed to topic '/cmd_vel'
[INFO] [1762959858.511940175] [rosbag2_recorder]: Subscribed to topic '/odom'
[INFO] [1762959858.512757307] [rosbag2_recorder]: Subscribed to topic '/plan_barn_odom'
[INFO] [1762959858.514028203] [rosbag2_recorder]: Subscribed to topic '/tf'
[INFO] [1762959858.514733789] [rosbag2_recorder]: Subscribed to topic '/tf_static'
[WARN] [1762959859.400091739] [rosbag2_recorder]: New publisher discovered on topic '/tf', offering incompatible QoS. No messages will be sent to it. Last incompatible policy: DURABILITY_QOS_POLICY
[WARN] [1762959859.412301444] [rosbag2_recorder]: New publisher discovered on topic '/tf', offering incompatible QoS. No messages will be sent to it. Last incompatible policy: DURABILITY_QOS_POLICY
[WARN] [1762959859.425903571] [rosbag2_recorder]: A new publisher for subscribed topic /tf was found offering RMW_QOS_POLICY_DURABILITY_VOLATILE, but rosbag2 already subscribed requesting RMW_QOS_POLICY_DURABILITY_TRANSIENT_LOCAL. Messages from this new publisher will not be recorded.
[WARN] [1762959859.425937895] [rosbag2_recorder]: A new publisher for subscribed topic /tf was found offering RMW_QOS_POLICY_DURABILITY_VOLATILE, but rosbag2 already subscribed requesting RMW_QOS_POLICY_DURABILITY_TRANSIENT_LOCAL. Messages from this new publisher will not be recorded.
[INFO] [1762959859.426859654] [rosbag2_recorder]: Subscribed to topic '/plan_barn'
[INFO] [1762959859.427939250] [rosbag2_recorder]: Subscribed to topic '/scan'
[INFO] [1762959859.427960026] [rosbag2_recorder]: All requested topics are subscribed. Stopping discovery...
[WARN] [1762959860.403150172] [rosbag2_recorder]: New publisher discovered on topic '/tf', offering incompatible QoS. No messages will be sent to it. Last incompatible policy: DURABILITY_QOS_POLICY
[INFO] [1762960019.275540617] [rosbag2_cpp]: Writing remaining messages from cache to the bag. It may take a while
[INFO] [1762960019.276315435] [rosbag2_recorder]: Event publisher thread: Exiting
[INFO] [1762960019.276346283] [rosbag2_recorder]: Recording stopped
