stdin is not a terminal device. Keyboard handling disabled.[INFO] [1762847215.329866456] [rosbag2_recorder]: Press SPACE for pausing/resuming
[INFO] [1762847215.330563224] [rosbag2_storage]: Opened database '/home/mobrob/ros_ws/large_results/world2_1110_234655/world2_1110_234655_0.db3' for READ_WRITE.
[INFO] [1762847215.331119202] [rosbag2_recorder]: Listening for topics...
[INFO] [1762847215.331130272] [rosbag2_recorder]: Event publisher thread: Starting
[INFO] [1762847215.331191105] [rosbag2_recorder]: Recording...
[INFO] [1762847215.433468714] [rosbag2_recorder]: Subscribed to topic '/cmd_vel'
[INFO] [1762847215.434344569] [rosbag2_recorder]: Subscribed to topic '/odom'
[INFO] [1762847215.435576578] [rosbag2_recorder]: Subscribed to topic '/tf'
[WARN] [1762847216.349499968] [rosbag2_recorder]: New publisher discovered on topic '/tf', offering incompatible QoS. No messages will be sent to it. Last incompatible policy: DURABILITY_QOS_POLICY
[WARN] [1762847216.451440766] [rosbag2_recorder]: A new publisher for subscribed topic /tf was found offering RMW_QOS_POLICY_DURABILITY_VOLATILE, but rosbag2 already subscribed requesting RMW_QOS_POLICY_DURABILITY_TRANSIENT_LOCAL. Messages from this new publisher will not be recorded.
[INFO] [1762847216.452392473] [rosbag2_recorder]: Subscribed to topic '/plan_barn'
[INFO] [1762847216.453125143] [rosbag2_recorder]: Subscribed to topic '/plan_barn_odom'
[INFO] [1762847216.454066725] [rosbag2_recorder]: Subscribed to topic '/tf_static'
[WARN] [1762847217.329017846] [rosbag2_recorder]: New publisher discovered on topic '/tf', offering incompatible QoS. No messages will be sent to it. Last incompatible policy: DURABILITY_QOS_POLICY
[WARN] [1762847217.329229854] [rosbag2_recorder]: New publisher discovered on topic '/tf', offering incompatible QoS. No messages will be sent to it. Last incompatible policy: DURABILITY_QOS_POLICY
[INFO] [1762847217.382277236] [rosbag2_recorder]: Subscribed to topic '/scan'
[INFO] [1762847217.382315414] [rosbag2_recorder]: All requested topics are subscribed. Stopping discovery...
[INFO] [1762847231.247208619] [rosbag2_cpp]: Writing remaining messages from cache to the bag. It may take a while
[INFO] [1762847231.247764989] [rosbag2_recorder]: Event publisher thread: Exiting
[INFO] [1762847231.247808640] [rosbag2_recorder]: Recording stopped
