stdin is not a terminal device. Keyboard handling disabled.[INFO] [1763004570.234976612] [rosbag2_recorder]: Press SPACE for pausing/resuming
[INFO] [1763004570.235717623] [rosbag2_storage]: Opened database '/home/mobrob/ros_ws/large_results/world152_1112_192930/world152_1112_192930_0.db3' for READ_WRITE.
[INFO] [1763004570.236196847] [rosbag2_recorder]: Listening for topics...
[INFO] [1763004570.236210734] [rosbag2_recorder]: Event publisher thread: Starting
[INFO] [1763004570.236263812] [rosbag2_recorder]: Recording...
[INFO] [1763004570.339710010] [rosbag2_recorder]: Subscribed to topic '/odom'
[INFO] [1763004570.341128108] [rosbag2_recorder]: Subscribed to topic '/tf'
[WARN] [1763004571.253253562] [rosbag2_recorder]: New publisher discovered on topic '/tf', offering incompatible QoS. No messages will be sent to it. Last incompatible policy: DURABILITY_QOS_POLICY
[INFO] [1763004571.254629250] [rosbag2_recorder]: Subscribed to topic '/cmd_vel'
[INFO] [1763004571.255888333] [rosbag2_recorder]: Subscribed to topic '/plan_barn'
[INFO] [1763004571.256841400] [rosbag2_recorder]: Subscribed to topic '/plan_barn_odom'
[INFO] [1763004571.257863700] [rosbag2_recorder]: Subscribed to topic '/tf_static'
[WARN] [1763004571.360166563] [rosbag2_recorder]: A new publisher for subscribed topic /tf was found offering RMW_QOS_POLICY_DURABILITY_VOLATILE, but rosbag2 already subscribed requesting RMW_QOS_POLICY_DURABILITY_TRANSIENT_LOCAL. Messages from this new publisher will not be recorded.
[WARN] [1763004572.236545098] [rosbag2_recorder]: New publisher discovered on topic '/tf', offering incompatible QoS. No messages will be sent to it. Last incompatible policy: DURABILITY_QOS_POLICY
[INFO] [1763004572.286872580] [rosbag2_recorder]: Subscribed to topic '/scan'
[INFO] [1763004572.286911887] [rosbag2_recorder]: All requested topics are subscribed. Stopping discovery...
[WARN] [1763004573.234609094] [rosbag2_recorder]: New publisher discovered on topic '/tf', offering incompatible QoS. No messages will be sent to it. Last incompatible policy: DURABILITY_QOS_POLICY
[INFO] [1763004756.127184707] [rosbag2_cpp]: Writing remaining messages from cache to the bag. It may take a while
[INFO] [1763004756.127848979] [rosbag2_recorder]: Event publisher thread: Exiting
[INFO] [1763004756.127893516] [rosbag2_recorder]: Recording stopped
