stdin is not a terminal device. Keyboard handling disabled.[INFO] [1762849976.504996504] [rosbag2_recorder]: Press SPACE for pausing/resuming
[INFO] [1762849976.505818451] [rosbag2_storage]: Opened database '/home/mobrob/ros_ws/large_results/world5_1111_003256/world5_1111_003256_0.db3' for READ_WRITE.
[INFO] [1762849976.506585927] [rosbag2_recorder]: Listening for topics...
[INFO] [1762849976.506629891] [rosbag2_recorder]: Event publisher thread: Starting
[INFO] [1762849976.506718484] [rosbag2_recorder]: Recording...
[INFO] [1762849976.611246946] [rosbag2_recorder]: Subscribed to topic '/cmd_vel'
[INFO] [1762849976.612647118] [rosbag2_recorder]: Subscribed to topic '/odom'
[INFO] [1762849976.613975763] [rosbag2_recorder]: Subscribed to topic '/tf'
[WARN] [1762849977.513925724] [rosbag2_recorder]: New publisher discovered on topic '/tf', offering incompatible QoS. No messages will be sent to it. Last incompatible policy: DURABILITY_QOS_POLICY
[WARN] [1762849977.534085122] [rosbag2_recorder]: A new publisher for subscribed topic /tf was found offering RMW_QOS_POLICY_DURABILITY_VOLATILE, but rosbag2 already subscribed requesting RMW_QOS_POLICY_DURABILITY_TRANSIENT_LOCAL. Messages from this new publisher will not be recorded.
[INFO] [1762849977.535214729] [rosbag2_recorder]: Subscribed to topic '/plan_barn'
[INFO] [1762849977.536422730] [rosbag2_recorder]: Subscribed to topic '/plan_barn_odom'
[INFO] [1762849977.537879120] [rosbag2_recorder]: Subscribed to topic '/scan'
[INFO] [1762849977.538879105] [rosbag2_recorder]: Subscribed to topic '/tf_static'
[INFO] [1762849977.538904352] [rosbag2_recorder]: All requested topics are subscribed. Stopping discovery...
[WARN] [1762849978.505157254] [rosbag2_recorder]: New publisher discovered on topic '/tf', offering incompatible QoS. No messages will be sent to it. Last incompatible policy: DURABILITY_QOS_POLICY
[WARN] [1762849978.505916844] [rosbag2_recorder]: New publisher discovered on topic '/tf', offering incompatible QoS. No messages will be sent to it. Last incompatible policy: DURABILITY_QOS_POLICY
[INFO] [1762850038.366888505] [rosbag2_cpp]: Writing remaining messages from cache to the bag. It may take a while
[INFO] [1762850038.367770279] [rosbag2_recorder]: Event publisher thread: Exiting
[INFO] [1762850038.367803496] [rosbag2_recorder]: Recording stopped
