stdin is not a terminal device. Keyboard handling disabled.[INFO] [1762857871.791560142] [rosbag2_recorder]: Press SPACE for pausing/resuming
[INFO] [1762857871.792339716] [rosbag2_storage]: Opened database '/home/mobrob/ros_ws/large_results/world12_1111_024431/world12_1111_024431_0.db3' for READ_WRITE.
[INFO] [1762857871.792903413] [rosbag2_recorder]: Listening for topics...
[INFO] [1762857871.792917860] [rosbag2_recorder]: Event publisher thread: Starting
[INFO] [1762857871.792971476] [rosbag2_recorder]: Recording...
[INFO] [1762857871.896618882] [rosbag2_recorder]: Subscribed to topic '/cmd_vel'
[INFO] [1762857871.898098417] [rosbag2_recorder]: Subscribed to topic '/odom'
[INFO] [1762857871.898980296] [rosbag2_recorder]: Subscribed to topic '/plan_barn'
[INFO] [1762857871.899610284] [rosbag2_recorder]: Subscribed to topic '/plan_barn_odom'
[INFO] [1762857871.900467242] [rosbag2_recorder]: Subscribed to topic '/tf'
[INFO] [1762857871.900911313] [rosbag2_recorder]: Subscribed to topic '/tf_static'
[WARN] [1762857872.803710974] [rosbag2_recorder]: New publisher discovered on topic '/tf', offering incompatible QoS. No messages will be sent to it. Last incompatible policy: DURABILITY_QOS_POLICY
[WARN] [1762857872.804142188] [rosbag2_recorder]: New publisher discovered on topic '/tf', offering incompatible QoS. No messages will be sent to it. Last incompatible policy: DURABILITY_QOS_POLICY
[WARN] [1762857872.808115952] [rosbag2_recorder]: New publisher discovered on topic '/tf', offering incompatible QoS. No messages will be sent to it. Last incompatible policy: DURABILITY_QOS_POLICY
[WARN] [1762857872.815283209] [rosbag2_recorder]: A new publisher for subscribed topic /tf was found offering RMW_QOS_POLICY_DURABILITY_VOLATILE, but rosbag2 already subscribed requesting RMW_QOS_POLICY_DURABILITY_TRANSIENT_LOCAL. Messages from this new publisher will not be recorded.
[WARN] [1762857872.815334548] [rosbag2_recorder]: A new publisher for subscribed topic /tf was found offering RMW_QOS_POLICY_DURABILITY_VOLATILE, but rosbag2 already subscribed requesting RMW_QOS_POLICY_DURABILITY_TRANSIENT_LOCAL. Messages from this new publisher will not be recorded.
[WARN] [1762857872.815344645] [rosbag2_recorder]: A new publisher for subscribed topic /tf was found offering RMW_QOS_POLICY_DURABILITY_VOLATILE, but rosbag2 already subscribed requesting RMW_QOS_POLICY_DURABILITY_TRANSIENT_LOCAL. Messages from this new publisher will not be recorded.
[INFO] [1762857872.816969225] [rosbag2_recorder]: Subscribed to topic '/scan'
[INFO] [1762857872.816996872] [rosbag2_recorder]: All requested topics are subscribed. Stopping discovery...
[INFO] [1762857887.703064384] [rosbag2_cpp]: Writing remaining messages from cache to the bag. It may take a while
[INFO] [1762857887.703901560] [rosbag2_recorder]: Event publisher thread: Exiting
[INFO] [1762857887.703974849] [rosbag2_recorder]: Recording stopped
