stdin is not a terminal device. Keyboard handling disabled.[INFO] [1763024496.176618021] [rosbag2_recorder]: Press SPACE for pausing/resuming
[INFO] [1763024496.177454177] [rosbag2_storage]: Opened database '/home/mobrob/ros_ws/large_results/world169_1113_010136/world169_1113_010136_0.db3' for READ_WRITE.
[INFO] [1763024496.177845038] [rosbag2_recorder]: Listening for topics...
[INFO] [1763024496.177856756] [rosbag2_recorder]: Event publisher thread: Starting
[INFO] [1763024496.177909327] [rosbag2_recorder]: Recording...
[INFO] [1763024496.280296116] [rosbag2_recorder]: Subscribed to topic '/odom'
[INFO] [1763024496.281808957] [rosbag2_recorder]: Subscribed to topic '/tf'
[WARN] [1763024497.180341906] [rosbag2_recorder]: New publisher discovered on topic '/tf', offering incompatible QoS. No messages will be sent to it. Last incompatible policy: DURABILITY_QOS_POLICY
[WARN] [1763024497.184866208] [rosbag2_recorder]: New publisher discovered on topic '/tf', offering incompatible QoS. No messages will be sent to it. Last incompatible policy: DURABILITY_QOS_POLICY
[WARN] [1763024497.188351077] [rosbag2_recorder]: New publisher discovered on topic '/tf', offering incompatible QoS. No messages will be sent to it. Last incompatible policy: DURABILITY_QOS_POLICY
[WARN] [1763024497.196111034] [rosbag2_recorder]: A new publisher for subscribed topic /tf was found offering RMW_QOS_POLICY_DURABILITY_VOLATILE, but rosbag2 already subscribed requesting RMW_QOS_POLICY_DURABILITY_TRANSIENT_LOCAL. Messages from this new publisher will not be recorded.
[WARN] [1763024497.196152846] [rosbag2_recorder]: A new publisher for subscribed topic /tf was found offering RMW_QOS_POLICY_DURABILITY_VOLATILE, but rosbag2 already subscribed requesting RMW_QOS_POLICY_DURABILITY_TRANSIENT_LOCAL. Messages from this new publisher will not be recorded.
[WARN] [1763024497.196163134] [rosbag2_recorder]: A new publisher for subscribed topic /tf was found offering RMW_QOS_POLICY_DURABILITY_VOLATILE, but rosbag2 already subscribed requesting RMW_QOS_POLICY_DURABILITY_TRANSIENT_LOCAL. Messages from this new publisher will not be recorded.
[INFO] [1763024497.199260718] [rosbag2_recorder]: Subscribed to topic '/cmd_vel'
[INFO] [1763024497.200251901] [rosbag2_recorder]: Subscribed to topic '/plan_barn'
[INFO] [1763024497.201131587] [rosbag2_recorder]: Subscribed to topic '/plan_barn_odom'
[INFO] [1763024497.202203868] [rosbag2_recorder]: Subscribed to topic '/scan'
[INFO] [1763024497.203993112] [rosbag2_recorder]: Subscribed to topic '/tf_static'
[INFO] [1763024497.204047756] [rosbag2_recorder]: All requested topics are subscribed. Stopping discovery...
[INFO] [1763024551.067055228] [rosbag2_cpp]: Writing remaining messages from cache to the bag. It may take a while
[INFO] [1763024551.067743813] [rosbag2_recorder]: Event publisher thread: Exiting
[INFO] [1763024551.067771567] [rosbag2_recorder]: Recording stopped
