stdin is not a terminal device. Keyboard handling disabled.[INFO] [1763113056.236845416] [rosbag2_recorder]: Press SPACE for pausing/resuming
[INFO] [1763113056.237577178] [rosbag2_storage]: Opened database '/home/mobrob/ros_ws/large_results/world238_1114_013736/world238_1114_013736_0.db3' for READ_WRITE.
[INFO] [1763113056.238012325] [rosbag2_recorder]: Listening for topics...
[INFO] [1763113056.238028441] [rosbag2_recorder]: Event publisher thread: Starting
[INFO] [1763113056.238077731] [rosbag2_recorder]: Recording...
[INFO] [1763113056.340216525] [rosbag2_recorder]: Subscribed to topic '/odom'
[INFO] [1763113056.340845268] [rosbag2_recorder]: Subscribed to topic '/plan_barn'
[INFO] [1763113056.341308985] [rosbag2_recorder]: Subscribed to topic '/plan_barn_odom'
[INFO] [1763113056.342128665] [rosbag2_recorder]: Subscribed to topic '/tf'
[WARN] [1763113057.242557650] [rosbag2_recorder]: New publisher discovered on topic '/tf', offering incompatible QoS. No messages will be sent to it. Last incompatible policy: DURABILITY_QOS_POLICY
[WARN] [1763113057.250220060] [rosbag2_recorder]: A new publisher for subscribed topic /tf was found offering RMW_QOS_POLICY_DURABILITY_VOLATILE, but rosbag2 already subscribed requesting RMW_QOS_POLICY_DURABILITY_TRANSIENT_LOCAL. Messages from this new publisher will not be recorded.
[WARN] [1763113057.254316913] [rosbag2_recorder]: New publisher discovered on topic '/tf', offering incompatible QoS. No messages will be sent to it. Last incompatible policy: DURABILITY_QOS_POLICY
[INFO] [1763113057.353871629] [rosbag2_recorder]: Subscribed to topic '/scan'
[INFO] [1763113058.276029446] [rosbag2_recorder]: Subscribed to topic '/cmd_vel'
[INFO] [1763113058.276926897] [rosbag2_recorder]: Subscribed to topic '/tf_static'
[INFO] [1763113058.276951289] [rosbag2_recorder]: All requested topics are subscribed. Stopping discovery...
[WARN] [1763113059.236645984] [rosbag2_recorder]: New publisher discovered on topic '/tf', offering incompatible QoS. No messages will be sent to it. Last incompatible policy: DURABILITY_QOS_POLICY
[INFO] [1763113072.150474268] [rosbag2_cpp]: Writing remaining messages from cache to the bag. It may take a while
[INFO] [1763113072.151019470] [rosbag2_recorder]: Event publisher thread: Exiting
[INFO] [1763113072.151066538] [rosbag2_recorder]: Recording stopped
