stdin is not a terminal device. Keyboard handling disabled.[INFO] [1762934109.813026503] [rosbag2_recorder]: Press SPACE for pausing/resuming
[INFO] [1762934109.814259852] [rosbag2_storage]: Opened database '/home/mobrob/ros_ws/large_results/world90_1111_235509/world90_1111_235509_0.db3' for READ_WRITE.
[INFO] [1762934109.814837586] [rosbag2_recorder]: Listening for topics...
[INFO] [1762934109.814847619] [rosbag2_recorder]: Event publisher thread: Starting
[INFO] [1762934109.814940663] [rosbag2_recorder]: Recording...
[INFO] [1762934109.918500369] [rosbag2_recorder]: Subscribed to topic '/cmd_vel'
[INFO] [1762934109.919485249] [rosbag2_recorder]: Subscribed to topic '/odom'
[INFO] [1762934109.920847284] [rosbag2_recorder]: Subscribed to topic '/tf'
[INFO] [1762934109.921435624] [rosbag2_recorder]: Subscribed to topic '/tf_static'
[WARN] [1762934110.837039352] [rosbag2_recorder]: New publisher discovered on topic '/tf', offering incompatible QoS. No messages will be sent to it. Last incompatible policy: DURABILITY_QOS_POLICY
[WARN] [1762934110.842174093] [rosbag2_recorder]: A new publisher for subscribed topic /tf was found offering RMW_QOS_POLICY_DURABILITY_VOLATILE, but rosbag2 already subscribed requesting RMW_QOS_POLICY_DURABILITY_TRANSIENT_LOCAL. Messages from this new publisher will not be recorded.
[WARN] [1762934110.843251844] [rosbag2_recorder]: New publisher discovered on topic '/tf', offering incompatible QoS. No messages will be sent to it. Last incompatible policy: DURABILITY_QOS_POLICY
[WARN] [1762934110.844669494] [rosbag2_recorder]: New publisher discovered on topic '/tf', offering incompatible QoS. No messages will be sent to it. Last incompatible policy: DURABILITY_QOS_POLICY
[INFO] [1762934110.946416508] [rosbag2_recorder]: Subscribed to topic '/scan'
[INFO] [1762934111.874189612] [rosbag2_recorder]: Subscribed to topic '/plan_barn'
[INFO] [1762934111.875054503] [rosbag2_recorder]: Subscribed to topic '/plan_barn_odom'
[INFO] [1762934111.875068304] [rosbag2_recorder]: All requested topics are subscribed. Stopping discovery...
[INFO] [1762934152.675456764] [rosbag2_cpp]: Writing remaining messages from cache to the bag. It may take a while
[INFO] [1762934152.676282024] [rosbag2_recorder]: Event publisher thread: Exiting
[INFO] [1762934152.676316185] [rosbag2_recorder]: Recording stopped
