stdin is not a terminal device. Keyboard handling disabled.[INFO] [1762876569.089510753] [rosbag2_recorder]: Press SPACE for pausing/resuming
[INFO] [1762876569.090224452] [rosbag2_storage]: Opened database '/home/mobrob/ros_ws/large_results/world32_1111_075608/world32_1111_075608_0.db3' for READ_WRITE.
[INFO] [1762876569.090709093] [rosbag2_recorder]: Listening for topics...
[INFO] [1762876569.090724735] [rosbag2_recorder]: Event publisher thread: Starting
[INFO] [1762876569.090780369] [rosbag2_recorder]: Recording...
[INFO] [1762876569.193549272] [rosbag2_recorder]: Subscribed to topic '/odom'
[INFO] [1762876569.194826958] [rosbag2_recorder]: Subscribed to topic '/tf'
[INFO] [1762876569.195476884] [rosbag2_recorder]: Subscribed to topic '/tf_static'
[WARN] [1762876570.093571992] [rosbag2_recorder]: New publisher discovered on topic '/tf', offering incompatible QoS. No messages will be sent to it. Last incompatible policy: DURABILITY_QOS_POLICY
[WARN] [1762876570.096727097] [rosbag2_recorder]: New publisher discovered on topic '/tf', offering incompatible QoS. No messages will be sent to it. Last incompatible policy: DURABILITY_QOS_POLICY
[WARN] [1762876570.107639024] [rosbag2_recorder]: New publisher discovered on topic '/tf', offering incompatible QoS. No messages will be sent to it. Last incompatible policy: DURABILITY_QOS_POLICY
[WARN] [1762876570.114972877] [rosbag2_recorder]: A new publisher for subscribed topic /tf was found offering RMW_QOS_POLICY_DURABILITY_VOLATILE, but rosbag2 already subscribed requesting RMW_QOS_POLICY_DURABILITY_TRANSIENT_LOCAL. Messages from this new publisher will not be recorded.
[WARN] [1762876570.115022334] [rosbag2_recorder]: A new publisher for subscribed topic /tf was found offering RMW_QOS_POLICY_DURABILITY_VOLATILE, but rosbag2 already subscribed requesting RMW_QOS_POLICY_DURABILITY_TRANSIENT_LOCAL. Messages from this new publisher will not be recorded.
[WARN] [1762876570.115033606] [rosbag2_recorder]: A new publisher for subscribed topic /tf was found offering RMW_QOS_POLICY_DURABILITY_VOLATILE, but rosbag2 already subscribed requesting RMW_QOS_POLICY_DURABILITY_TRANSIENT_LOCAL. Messages from this new publisher will not be recorded.
[INFO] [1762876570.116947005] [rosbag2_recorder]: Subscribed to topic '/cmd_vel'
[INFO] [1762876570.118167832] [rosbag2_recorder]: Subscribed to topic '/plan_barn'
[INFO] [1762876570.119181032] [rosbag2_recorder]: Subscribed to topic '/plan_barn_odom'
[INFO] [1762876571.157126181] [rosbag2_recorder]: Subscribed to topic '/scan'
[INFO] [1762876571.157161037] [rosbag2_recorder]: All requested topics are subscribed. Stopping discovery...
[INFO] [1762876672.980880223] [rosbag2_cpp]: Writing remaining messages from cache to the bag. It may take a while
[INFO] [1762876672.981587256] [rosbag2_recorder]: Event publisher thread: Exiting
[INFO] [1762876672.981623718] [rosbag2_recorder]: Recording stopped
