stdin is not a terminal device. Keyboard handling disabled.[INFO] [1763140870.105030685] [rosbag2_recorder]: Press SPACE for pausing/resuming
[INFO] [1763140870.105752231] [rosbag2_storage]: Opened database '/home/mobrob/ros_ws/large_results/world259_1114_092109/world259_1114_092109_0.db3' for READ_WRITE.
[INFO] [1763140870.106494032] [rosbag2_recorder]: Listening for topics...
[INFO] [1763140870.106505380] [rosbag2_recorder]: Event publisher thread: Starting
[INFO] [1763140870.106559059] [rosbag2_recorder]: Recording...
[INFO] [1763140870.210222733] [rosbag2_recorder]: Subscribed to topic '/cmd_vel'
[INFO] [1763140870.211733223] [rosbag2_recorder]: Subscribed to topic '/odom'
[INFO] [1763140870.212945025] [rosbag2_recorder]: Subscribed to topic '/scan'
[INFO] [1763140870.213945102] [rosbag2_recorder]: Subscribed to topic '/tf'
[INFO] [1763140870.214498542] [rosbag2_recorder]: Subscribed to topic '/tf_static'
[WARN] [1763140871.107798383] [rosbag2_recorder]: New publisher discovered on topic '/tf', offering incompatible QoS. No messages will be sent to it. Last incompatible policy: DURABILITY_QOS_POLICY
[WARN] [1763140871.118220872] [rosbag2_recorder]: New publisher discovered on topic '/tf', offering incompatible QoS. No messages will be sent to it. Last incompatible policy: DURABILITY_QOS_POLICY
[WARN] [1763140871.123433872] [rosbag2_recorder]: New publisher discovered on topic '/tf', offering incompatible QoS. No messages will be sent to it. Last incompatible policy: DURABILITY_QOS_POLICY
[WARN] [1763140871.128106363] [rosbag2_recorder]: A new publisher for subscribed topic /tf was found offering RMW_QOS_POLICY_DURABILITY_VOLATILE, but rosbag2 already subscribed requesting RMW_QOS_POLICY_DURABILITY_TRANSIENT_LOCAL. Messages from this new publisher will not be recorded.
[WARN] [1763140871.128155743] [rosbag2_recorder]: A new publisher for subscribed topic /tf was found offering RMW_QOS_POLICY_DURABILITY_VOLATILE, but rosbag2 already subscribed requesting RMW_QOS_POLICY_DURABILITY_TRANSIENT_LOCAL. Messages from this new publisher will not be recorded.
[WARN] [1763140871.128166992] [rosbag2_recorder]: A new publisher for subscribed topic /tf was found offering RMW_QOS_POLICY_DURABILITY_VOLATILE, but rosbag2 already subscribed requesting RMW_QOS_POLICY_DURABILITY_TRANSIENT_LOCAL. Messages from this new publisher will not be recorded.
[INFO] [1763140872.154888753] [rosbag2_recorder]: Subscribed to topic '/plan_barn_odom'
[INFO] [1763140873.186066035] [rosbag2_recorder]: Subscribed to topic '/plan_barn'
[INFO] [1763140873.186096194] [rosbag2_recorder]: All requested topics are subscribed. Stopping discovery...
[INFO] [1763141221.979704864] [rosbag2_cpp]: Writing remaining messages from cache to the bag. It may take a while
[INFO] [1763141221.980268037] [rosbag2_recorder]: Event publisher thread: Exiting
[INFO] [1763141221.980317550] [rosbag2_recorder]: Recording stopped
