stdin is not a terminal device. Keyboard handling disabled.[INFO] [1762979589.353850150] [rosbag2_recorder]: Press SPACE for pausing/resuming
[INFO] [1762979589.355149805] [rosbag2_storage]: Opened database '/home/mobrob/ros_ws/large_results/world129_1112_123309/world129_1112_123309_0.db3' for READ_WRITE.
[INFO] [1762979589.355768295] [rosbag2_recorder]: Listening for topics...
[INFO] [1762979589.355808721] [rosbag2_recorder]: Event publisher thread: Starting
[INFO] [1762979589.355890104] [rosbag2_recorder]: Recording...
[INFO] [1762979589.459176869] [rosbag2_recorder]: Subscribed to topic '/cmd_vel'
[INFO] [1762979589.460719916] [rosbag2_recorder]: Subscribed to topic '/odom'
[INFO] [1762979589.462140928] [rosbag2_recorder]: Subscribed to topic '/tf'
[INFO] [1762979589.462988957] [rosbag2_recorder]: Subscribed to topic '/tf_static'
[WARN] [1762979590.353931071] [rosbag2_recorder]: New publisher discovered on topic '/tf', offering incompatible QoS. No messages will be sent to it. Last incompatible policy: DURABILITY_QOS_POLICY
[WARN] [1762979590.363049661] [rosbag2_recorder]: New publisher discovered on topic '/tf', offering incompatible QoS. No messages will be sent to it. Last incompatible policy: DURABILITY_QOS_POLICY
[WARN] [1762979590.380003926] [rosbag2_recorder]: A new publisher for subscribed topic /tf was found offering RMW_QOS_POLICY_DURABILITY_VOLATILE, but rosbag2 already subscribed requesting RMW_QOS_POLICY_DURABILITY_TRANSIENT_LOCAL. Messages from this new publisher will not be recorded.
[WARN] [1762979590.380048966] [rosbag2_recorder]: A new publisher for subscribed topic /tf was found offering RMW_QOS_POLICY_DURABILITY_VOLATILE, but rosbag2 already subscribed requesting RMW_QOS_POLICY_DURABILITY_TRANSIENT_LOCAL. Messages from this new publisher will not be recorded.
[INFO] [1762979590.381351674] [rosbag2_recorder]: Subscribed to topic '/plan_barn'
[INFO] [1762979590.382236654] [rosbag2_recorder]: Subscribed to topic '/plan_barn_odom'
[INFO] [1762979590.383573749] [rosbag2_recorder]: Subscribed to topic '/scan'
[INFO] [1762979590.383597095] [rosbag2_recorder]: All requested topics are subscribed. Stopping discovery...
[WARN] [1762979591.348506689] [rosbag2_recorder]: New publisher discovered on topic '/tf', offering incompatible QoS. No messages will be sent to it. Last incompatible policy: DURABILITY_QOS_POLICY
[INFO] [1762979640.216370474] [rosbag2_cpp]: Writing remaining messages from cache to the bag. It may take a while
[INFO] [1762979640.216999750] [rosbag2_recorder]: Event publisher thread: Exiting
[INFO] [1762979640.217039689] [rosbag2_recorder]: Recording stopped
