stdin is not a terminal device. Keyboard handling disabled.[INFO] [1767412650.282712161] [rosbag2_recorder]: Press SPACE for pausing/resuming
[INFO] [1767412650.283867676] [rosbag2_storage]: Opened database '/home/mobrob/ros_ws/large_results/world187_0102_195730/world187_0102_195730_0.db3' for READ_WRITE.
[INFO] [1767412650.284682074] [rosbag2_recorder]: Listening for topics...
[INFO] [1767412650.284693058] [rosbag2_recorder]: Event publisher thread: Starting
[INFO] [1767412650.284801835] [rosbag2_recorder]: Recording...
[INFO] [1767412650.388264014] [rosbag2_recorder]: Subscribed to topic '/cmd_vel'
[INFO] [1767412650.389797787] [rosbag2_recorder]: Subscribed to topic '/odom'
[INFO] [1767412650.391205086] [rosbag2_recorder]: Subscribed to topic '/tf'
[INFO] [1767412650.391998584] [rosbag2_recorder]: Subscribed to topic '/tf_static'
[WARN] [1767412651.282408858] [rosbag2_recorder]: New publisher discovered on topic '/tf', offering incompatible QoS. No messages will be sent to it. Last incompatible policy: DURABILITY_QOS_POLICY
[WARN] [1767412651.292467477] [rosbag2_recorder]: New publisher discovered on topic '/tf', offering incompatible QoS. No messages will be sent to it. Last incompatible policy: DURABILITY_QOS_POLICY
[WARN] [1767412651.297123929] [rosbag2_recorder]: New publisher discovered on topic '/tf', offering incompatible QoS. No messages will be sent to it. Last incompatible policy: DURABILITY_QOS_POLICY
[WARN] [1767412651.307114702] [rosbag2_recorder]: A new publisher for subscribed topic /tf was found offering RMW_QOS_POLICY_DURABILITY_VOLATILE, but rosbag2 already subscribed requesting RMW_QOS_POLICY_DURABILITY_TRANSIENT_LOCAL. Messages from this new publisher will not be recorded.
[WARN] [1767412651.307142276] [rosbag2_recorder]: A new publisher for subscribed topic /tf was found offering RMW_QOS_POLICY_DURABILITY_VOLATILE, but rosbag2 already subscribed requesting RMW_QOS_POLICY_DURABILITY_TRANSIENT_LOCAL. Messages from this new publisher will not be recorded.
[WARN] [1767412651.307145175] [rosbag2_recorder]: A new publisher for subscribed topic /tf was found offering RMW_QOS_POLICY_DURABILITY_VOLATILE, but rosbag2 already subscribed requesting RMW_QOS_POLICY_DURABILITY_TRANSIENT_LOCAL. Messages from this new publisher will not be recorded.
[INFO] [1767412651.308091968] [rosbag2_recorder]: Subscribed to topic '/plan_barn'
[INFO] [1767412651.308803510] [rosbag2_recorder]: Subscribed to topic '/plan_barn_odom'
[INFO] [1767412651.309769780] [rosbag2_recorder]: Subscribed to topic '/scan'
[INFO] [1767412651.309786639] [rosbag2_recorder]: All requested topics are subscribed. Stopping discovery...
[INFO] [1767412741.155141790] [rosbag2_cpp]: Writing remaining messages from cache to the bag. It may take a while
[INFO] [1767412741.155806842] [rosbag2_recorder]: Event publisher thread: Exiting
[INFO] [1767412741.155851476] [rosbag2_recorder]: Recording stopped
