stdin is not a terminal device. Keyboard handling disabled.[INFO] [1767328767.448675378] [rosbag2_recorder]: Press SPACE for pausing/resuming
[INFO] [1767328767.450015056] [rosbag2_storage]: Opened database '/home/mobrob/ros_ws/large_results/world12_0101_203927/world12_0101_203927_0.db3' for READ_WRITE.
[INFO] [1767328767.451030602] [rosbag2_recorder]: Listening for topics...
[INFO] [1767328767.451042977] [rosbag2_recorder]: Event publisher thread: Starting
[INFO] [1767328767.451134615] [rosbag2_recorder]: Recording...
[INFO] [1767328767.554729254] [rosbag2_recorder]: Subscribed to topic '/odom'
[INFO] [1767328767.556223267] [rosbag2_recorder]: Subscribed to topic '/tf'
[INFO] [1767328767.556967394] [rosbag2_recorder]: Subscribed to topic '/tf_static'
[WARN] [1767328768.453250316] [rosbag2_recorder]: New publisher discovered on topic '/tf', offering incompatible QoS. No messages will be sent to it. Last incompatible policy: DURABILITY_QOS_POLICY
[WARN] [1767328768.457417648] [rosbag2_recorder]: New publisher discovered on topic '/tf', offering incompatible QoS. No messages will be sent to it. Last incompatible policy: DURABILITY_QOS_POLICY
[WARN] [1767328768.471806963] [rosbag2_recorder]: A new publisher for subscribed topic /tf was found offering RMW_QOS_POLICY_DURABILITY_VOLATILE, but rosbag2 already subscribed requesting RMW_QOS_POLICY_DURABILITY_TRANSIENT_LOCAL. Messages from this new publisher will not be recorded.
[WARN] [1767328768.471840452] [rosbag2_recorder]: A new publisher for subscribed topic /tf was found offering RMW_QOS_POLICY_DURABILITY_VOLATILE, but rosbag2 already subscribed requesting RMW_QOS_POLICY_DURABILITY_TRANSIENT_LOCAL. Messages from this new publisher will not be recorded.
[INFO] [1767328768.472769451] [rosbag2_recorder]: Subscribed to topic '/cmd_vel'
[INFO] [1767328768.473732944] [rosbag2_recorder]: Subscribed to topic '/plan_barn'
[INFO] [1767328768.474765688] [rosbag2_recorder]: Subscribed to topic '/plan_barn_odom'
[INFO] [1767328768.476330782] [rosbag2_recorder]: Subscribed to topic '/scan'
[INFO] [1767328768.476358355] [rosbag2_recorder]: All requested topics are subscribed. Stopping discovery...
[WARN] [1767328769.443748992] [rosbag2_recorder]: New publisher discovered on topic '/tf', offering incompatible QoS. No messages will be sent to it. Last incompatible policy: DURABILITY_QOS_POLICY
[INFO] [1767328783.358840159] [rosbag2_cpp]: Writing remaining messages from cache to the bag. It may take a while
[INFO] [1767328783.359361343] [rosbag2_recorder]: Event publisher thread: Exiting
[INFO] [1767328783.359391114] [rosbag2_recorder]: Recording stopped
