stdin is not a terminal device. Keyboard handling disabled.[INFO] [1762921532.986405573] [rosbag2_recorder]: Press SPACE for pausing/resuming
[INFO] [1762921532.987334756] [rosbag2_storage]: Opened database '/home/mobrob/ros_ws/large_results/world77_1111_202532/world77_1111_202532_0.db3' for READ_WRITE.
[INFO] [1762921532.987822055] [rosbag2_recorder]: Listening for topics...
[INFO] [1762921532.987907850] [rosbag2_recorder]: Recording...
[INFO] [1762921532.988173861] [rosbag2_recorder]: Event publisher thread: Starting
[INFO] [1762921533.090369754] [rosbag2_recorder]: Subscribed to topic '/cmd_vel'
[INFO] [1762921533.091667485] [rosbag2_recorder]: Subscribed to topic '/odom'
[INFO] [1762921533.092244500] [rosbag2_recorder]: Subscribed to topic '/plan_barn'
[INFO] [1762921533.092738673] [rosbag2_recorder]: Subscribed to topic '/plan_barn_odom'
[INFO] [1762921533.094056031] [rosbag2_recorder]: Subscribed to topic '/tf'
[INFO] [1762921533.094731120] [rosbag2_recorder]: Subscribed to topic '/tf_static'
[WARN] [1762921533.996158585] [rosbag2_recorder]: New publisher discovered on topic '/tf', offering incompatible QoS. No messages will be sent to it. Last incompatible policy: DURABILITY_QOS_POLICY
[WARN] [1762921534.003604042] [rosbag2_recorder]: New publisher discovered on topic '/tf', offering incompatible QoS. No messages will be sent to it. Last incompatible policy: DURABILITY_QOS_POLICY
[WARN] [1762921534.008179087] [rosbag2_recorder]: A new publisher for subscribed topic /tf was found offering RMW_QOS_POLICY_DURABILITY_VOLATILE, but rosbag2 already subscribed requesting RMW_QOS_POLICY_DURABILITY_TRANSIENT_LOCAL. Messages from this new publisher will not be recorded.
[WARN] [1762921534.008212176] [rosbag2_recorder]: A new publisher for subscribed topic /tf was found offering RMW_QOS_POLICY_DURABILITY_VOLATILE, but rosbag2 already subscribed requesting RMW_QOS_POLICY_DURABILITY_TRANSIENT_LOCAL. Messages from this new publisher will not be recorded.
[INFO] [1762921534.009451642] [rosbag2_recorder]: Subscribed to topic '/scan'
[INFO] [1762921534.009476225] [rosbag2_recorder]: All requested topics are subscribed. Stopping discovery...
[WARN] [1762921534.982151180] [rosbag2_recorder]: New publisher discovered on topic '/tf', offering incompatible QoS. No messages will be sent to it. Last incompatible policy: DURABILITY_QOS_POLICY
[INFO] [1762921548.900721067] [rosbag2_cpp]: Writing remaining messages from cache to the bag. It may take a while
[INFO] [1762921548.901293478] [rosbag2_recorder]: Event publisher thread: Exiting
[INFO] [1762921548.901326227] [rosbag2_recorder]: Recording stopped
