stdin is not a terminal device. Keyboard handling disabled.[INFO] [1763061157.646219178] [rosbag2_recorder]: Press SPACE for pausing/resuming
[INFO] [1763061157.647503922] [rosbag2_storage]: Opened database '/home/mobrob/ros_ws/large_results/world199_1113_111237/world199_1113_111237_0.db3' for READ_WRITE.
[INFO] [1763061157.648297558] [rosbag2_recorder]: Listening for topics...
[INFO] [1763061157.648389647] [rosbag2_recorder]: Event publisher thread: Starting
[INFO] [1763061157.648421057] [rosbag2_recorder]: Recording...
[INFO] [1763061157.750324264] [rosbag2_recorder]: Subscribed to topic '/cmd_vel'
[INFO] [1763061157.751229304] [rosbag2_recorder]: Subscribed to topic '/odom'
[INFO] [1763061157.752090150] [rosbag2_recorder]: Subscribed to topic '/tf'
[WARN] [1763061158.644245251] [rosbag2_recorder]: New publisher discovered on topic '/tf', offering incompatible QoS. No messages will be sent to it. Last incompatible policy: DURABILITY_QOS_POLICY
[WARN] [1763061158.653173979] [rosbag2_recorder]: New publisher discovered on topic '/tf', offering incompatible QoS. No messages will be sent to it. Last incompatible policy: DURABILITY_QOS_POLICY
[WARN] [1763061158.663305575] [rosbag2_recorder]: A new publisher for subscribed topic /tf was found offering RMW_QOS_POLICY_DURABILITY_VOLATILE, but rosbag2 already subscribed requesting RMW_QOS_POLICY_DURABILITY_TRANSIENT_LOCAL. Messages from this new publisher will not be recorded.
[WARN] [1763061158.663351710] [rosbag2_recorder]: A new publisher for subscribed topic /tf was found offering RMW_QOS_POLICY_DURABILITY_VOLATILE, but rosbag2 already subscribed requesting RMW_QOS_POLICY_DURABILITY_TRANSIENT_LOCAL. Messages from this new publisher will not be recorded.
[INFO] [1763061158.665650847] [rosbag2_recorder]: Subscribed to topic '/scan'
[INFO] [1763061158.667446378] [rosbag2_recorder]: Subscribed to topic '/tf_static'
[WARN] [1763061159.641454555] [rosbag2_recorder]: New publisher discovered on topic '/tf', offering incompatible QoS. No messages will be sent to it. Last incompatible policy: DURABILITY_QOS_POLICY
[INFO] [1763061159.694852863] [rosbag2_recorder]: Subscribed to topic '/plan_barn'
[INFO] [1763061159.695659469] [rosbag2_recorder]: Subscribed to topic '/plan_barn_odom'
[INFO] [1763061159.695673110] [rosbag2_recorder]: All requested topics are subscribed. Stopping discovery...
[INFO] [1763061260.538807838] [rosbag2_cpp]: Writing remaining messages from cache to the bag. It may take a while
[INFO] [1763061260.539640129] [rosbag2_recorder]: Event publisher thread: Exiting
[INFO] [1763061260.539680660] [rosbag2_recorder]: Recording stopped
