stdin is not a terminal device. Keyboard handling disabled.[INFO] [1767392086.439146957] [rosbag2_recorder]: Press SPACE for pausing/resuming
[INFO] [1767392086.440197775] [rosbag2_storage]: Opened database '/home/mobrob/ros_ws/large_results/world210_0102_141446/world210_0102_141446_0.db3' for READ_WRITE.
[INFO] [1767392086.440675323] [rosbag2_recorder]: Listening for topics...
[INFO] [1767392086.440689193] [rosbag2_recorder]: Event publisher thread: Starting
[INFO] [1767392086.440777036] [rosbag2_recorder]: Recording...
[INFO] [1767392086.544466166] [rosbag2_recorder]: Subscribed to topic '/cmd_vel'
[INFO] [1767392086.545855159] [rosbag2_recorder]: Subscribed to topic '/odom'
[INFO] [1767392086.547206463] [rosbag2_recorder]: Subscribed to topic '/tf'
[INFO] [1767392087.464148785] [rosbag2_recorder]: Subscribed to topic '/scan'
[WARN] [1767392087.467994493] [rosbag2_recorder]: New publisher discovered on topic '/tf', offering incompatible QoS. No messages will be sent to it. Last incompatible policy: DURABILITY_QOS_POLICY
[WARN] [1767392087.566749028] [rosbag2_recorder]: A new publisher for subscribed topic /tf was found offering RMW_QOS_POLICY_DURABILITY_VOLATILE, but rosbag2 already subscribed requesting RMW_QOS_POLICY_DURABILITY_TRANSIENT_LOCAL. Messages from this new publisher will not be recorded.
[INFO] [1767392087.567739708] [rosbag2_recorder]: Subscribed to topic '/tf_static'
[WARN] [1767392088.438010950] [rosbag2_recorder]: New publisher discovered on topic '/tf', offering incompatible QoS. No messages will be sent to it. Last incompatible policy: DURABILITY_QOS_POLICY
[INFO] [1767392088.498771343] [rosbag2_recorder]: Subscribed to topic '/plan_barn'
[INFO] [1767392088.499765032] [rosbag2_recorder]: Subscribed to topic '/plan_barn_odom'
[INFO] [1767392088.499787314] [rosbag2_recorder]: All requested topics are subscribed. Stopping discovery...
[WARN] [1767392089.433733725] [rosbag2_recorder]: New publisher discovered on topic '/tf', offering incompatible QoS. No messages will be sent to it. Last incompatible policy: DURABILITY_QOS_POLICY
[INFO] [1767392438.305484558] [rosbag2_cpp]: Writing remaining messages from cache to the bag. It may take a while
[INFO] [1767392438.306111708] [rosbag2_recorder]: Event publisher thread: Exiting
[INFO] [1767392438.306147006] [rosbag2_recorder]: Recording stopped
