stdin is not a terminal device. Keyboard handling disabled.[INFO] [1763170300.900862074] [rosbag2_recorder]: Press SPACE for pausing/resuming
[INFO] [1763170300.901722185] [rosbag2_storage]: Opened database '/home/mobrob/ros_ws/large_results/world281_1114_173140/world281_1114_173140_0.db3' for READ_WRITE.
[INFO] [1763170300.902256625] [rosbag2_recorder]: Listening for topics...
[INFO] [1763170300.902278342] [rosbag2_recorder]: Event publisher thread: Starting
[INFO] [1763170300.902358019] [rosbag2_recorder]: Recording...
[INFO] [1763170301.006233422] [rosbag2_recorder]: Subscribed to topic '/cmd_vel'
[INFO] [1763170301.007672599] [rosbag2_recorder]: Subscribed to topic '/odom'
[INFO] [1763170301.009013943] [rosbag2_recorder]: Subscribed to topic '/tf'
[WARN] [1763170301.917075162] [rosbag2_recorder]: New publisher discovered on topic '/tf', offering incompatible QoS. No messages will be sent to it. Last incompatible policy: DURABILITY_QOS_POLICY
[WARN] [1763170301.918495518] [rosbag2_recorder]: New publisher discovered on topic '/tf', offering incompatible QoS. No messages will be sent to it. Last incompatible policy: DURABILITY_QOS_POLICY
[WARN] [1763170301.920016135] [rosbag2_recorder]: New publisher discovered on topic '/tf', offering incompatible QoS. No messages will be sent to it. Last incompatible policy: DURABILITY_QOS_POLICY
[WARN] [1763170301.924394537] [rosbag2_recorder]: A new publisher for subscribed topic /tf was found offering RMW_QOS_POLICY_DURABILITY_VOLATILE, but rosbag2 already subscribed requesting RMW_QOS_POLICY_DURABILITY_TRANSIENT_LOCAL. Messages from this new publisher will not be recorded.
[WARN] [1763170301.924440718] [rosbag2_recorder]: A new publisher for subscribed topic /tf was found offering RMW_QOS_POLICY_DURABILITY_VOLATILE, but rosbag2 already subscribed requesting RMW_QOS_POLICY_DURABILITY_TRANSIENT_LOCAL. Messages from this new publisher will not be recorded.
[WARN] [1763170301.924451139] [rosbag2_recorder]: A new publisher for subscribed topic /tf was found offering RMW_QOS_POLICY_DURABILITY_VOLATILE, but rosbag2 already subscribed requesting RMW_QOS_POLICY_DURABILITY_TRANSIENT_LOCAL. Messages from this new publisher will not be recorded.
[INFO] [1763170301.926173817] [rosbag2_recorder]: Subscribed to topic '/plan_barn'
[INFO] [1763170301.928091609] [rosbag2_recorder]: Subscribed to topic '/plan_barn_odom'
[INFO] [1763170301.929890900] [rosbag2_recorder]: Subscribed to topic '/scan'
[INFO] [1763170301.930960251] [rosbag2_recorder]: Subscribed to topic '/tf_static'
[INFO] [1763170301.930985208] [rosbag2_recorder]: All requested topics are subscribed. Stopping discovery...
[INFO] [1763170393.790669509] [rosbag2_cpp]: Writing remaining messages from cache to the bag. It may take a while
[INFO] [1763170393.791374839] [rosbag2_recorder]: Event publisher thread: Exiting
[INFO] [1763170393.791412248] [rosbag2_recorder]: Recording stopped
