stdin is not a terminal device. Keyboard handling disabled.[INFO] [1762931581.249283748] [rosbag2_recorder]: Press SPACE for pausing/resuming
[INFO] [1762931581.250045045] [rosbag2_storage]: Opened database '/home/mobrob/ros_ws/large_results/world87_1111_231301/world87_1111_231301_0.db3' for READ_WRITE.
[INFO] [1762931581.250763960] [rosbag2_recorder]: Listening for topics...
[INFO] [1762931581.250776062] [rosbag2_recorder]: Event publisher thread: Starting
[INFO] [1762931581.250825371] [rosbag2_recorder]: Recording...
[INFO] [1762931581.353697951] [rosbag2_recorder]: Subscribed to topic '/cmd_vel'
[INFO] [1762931581.354738347] [rosbag2_recorder]: Subscribed to topic '/odom'
[INFO] [1762931581.355718317] [rosbag2_recorder]: Subscribed to topic '/tf'
[INFO] [1762931581.356382875] [rosbag2_recorder]: Subscribed to topic '/tf_static'
[WARN] [1762931582.269954608] [rosbag2_recorder]: New publisher discovered on topic '/tf', offering incompatible QoS. No messages will be sent to it. Last incompatible policy: DURABILITY_QOS_POLICY
[WARN] [1762931582.272475334] [rosbag2_recorder]: A new publisher for subscribed topic /tf was found offering RMW_QOS_POLICY_DURABILITY_VOLATILE, but rosbag2 already subscribed requesting RMW_QOS_POLICY_DURABILITY_TRANSIENT_LOCAL. Messages from this new publisher will not be recorded.
[WARN] [1762931582.272590625] [rosbag2_recorder]: New publisher discovered on topic '/tf', offering incompatible QoS. No messages will be sent to it. Last incompatible policy: DURABILITY_QOS_POLICY
[WARN] [1762931583.252094502] [rosbag2_recorder]: New publisher discovered on topic '/tf', offering incompatible QoS. No messages will be sent to it. Last incompatible policy: DURABILITY_QOS_POLICY
[INFO] [1762931583.302081308] [rosbag2_recorder]: Subscribed to topic '/plan_barn'
[INFO] [1762931583.303251278] [rosbag2_recorder]: Subscribed to topic '/plan_barn_odom'
[INFO] [1762931583.304620500] [rosbag2_recorder]: Subscribed to topic '/scan'
[INFO] [1762931583.304642155] [rosbag2_recorder]: All requested topics are subscribed. Stopping discovery...
[INFO] [1762931626.101380190] [rosbag2_cpp]: Writing remaining messages from cache to the bag. It may take a while
[INFO] [1762931626.102064355] [rosbag2_recorder]: Event publisher thread: Exiting
[INFO] [1762931626.102116814] [rosbag2_recorder]: Recording stopped
