stdin is not a terminal device. Keyboard handling disabled.[INFO] [1762995517.929349056] [rosbag2_recorder]: Press SPACE for pausing/resuming
[INFO] [1762995517.930072052] [rosbag2_storage]: Opened database '/home/mobrob/ros_ws/large_results/world144_1112_165837/world144_1112_165837_0.db3' for READ_WRITE.
[INFO] [1762995517.930724659] [rosbag2_recorder]: Listening for topics...
[INFO] [1762995517.930741592] [rosbag2_recorder]: Event publisher thread: Starting
[INFO] [1762995517.930811699] [rosbag2_recorder]: Recording...
[INFO] [1762995518.034374938] [rosbag2_recorder]: Subscribed to topic '/cmd_vel'
[INFO] [1762995518.035402439] [rosbag2_recorder]: Subscribed to topic '/odom'
[INFO] [1762995518.036563357] [rosbag2_recorder]: Subscribed to topic '/scan'
[INFO] [1762995518.038097959] [rosbag2_recorder]: Subscribed to topic '/tf'
[INFO] [1762995518.038907296] [rosbag2_recorder]: Subscribed to topic '/tf_static'
[WARN] [1762995518.935487950] [rosbag2_recorder]: New publisher discovered on topic '/tf', offering incompatible QoS. No messages will be sent to it. Last incompatible policy: DURABILITY_QOS_POLICY
[WARN] [1762995518.936775495] [rosbag2_recorder]: New publisher discovered on topic '/tf', offering incompatible QoS. No messages will be sent to it. Last incompatible policy: DURABILITY_QOS_POLICY
[WARN] [1762995518.938809253] [rosbag2_recorder]: New publisher discovered on topic '/tf', offering incompatible QoS. No messages will be sent to it. Last incompatible policy: DURABILITY_QOS_POLICY
[WARN] [1762995518.952805084] [rosbag2_recorder]: A new publisher for subscribed topic /tf was found offering RMW_QOS_POLICY_DURABILITY_VOLATILE, but rosbag2 already subscribed requesting RMW_QOS_POLICY_DURABILITY_TRANSIENT_LOCAL. Messages from this new publisher will not be recorded.
[WARN] [1762995518.952838029] [rosbag2_recorder]: A new publisher for subscribed topic /tf was found offering RMW_QOS_POLICY_DURABILITY_VOLATILE, but rosbag2 already subscribed requesting RMW_QOS_POLICY_DURABILITY_TRANSIENT_LOCAL. Messages from this new publisher will not be recorded.
[WARN] [1762995518.952841339] [rosbag2_recorder]: A new publisher for subscribed topic /tf was found offering RMW_QOS_POLICY_DURABILITY_VOLATILE, but rosbag2 already subscribed requesting RMW_QOS_POLICY_DURABILITY_TRANSIENT_LOCAL. Messages from this new publisher will not be recorded.
[INFO] [1762995518.954242598] [rosbag2_recorder]: Subscribed to topic '/plan_barn_odom'
[INFO] [1762995519.993513031] [rosbag2_recorder]: Subscribed to topic '/plan_barn'
[INFO] [1762995519.993537254] [rosbag2_recorder]: All requested topics are subscribed. Stopping discovery...
[INFO] [1762995595.798303931] [rosbag2_cpp]: Writing remaining messages from cache to the bag. It may take a while
[INFO] [1762995595.798880735] [rosbag2_recorder]: Event publisher thread: Exiting
[INFO] [1762995595.798909107] [rosbag2_recorder]: Recording stopped
