stdin is not a terminal device. Keyboard handling disabled.[INFO] [1763090011.159800088] [rosbag2_recorder]: Press SPACE for pausing/resuming
[INFO] [1763090011.160513455] [rosbag2_storage]: Opened database '/home/mobrob/ros_ws/large_results/world221_1113_191331/world221_1113_191331_0.db3' for READ_WRITE.
[INFO] [1763090011.161067183] [rosbag2_recorder]: Listening for topics...
[INFO] [1763090011.161078701] [rosbag2_recorder]: Event publisher thread: Starting
[INFO] [1763090011.161183939] [rosbag2_recorder]: Recording...
[INFO] [1763090011.263696224] [rosbag2_recorder]: Subscribed to topic '/odom'
[INFO] [1763090011.264698170] [rosbag2_recorder]: Subscribed to topic '/scan'
[INFO] [1763090011.265942944] [rosbag2_recorder]: Subscribed to topic '/tf'
[INFO] [1763090011.266600074] [rosbag2_recorder]: Subscribed to topic '/tf_static'
[WARN] [1763090012.169793342] [rosbag2_recorder]: New publisher discovered on topic '/tf', offering incompatible QoS. No messages will be sent to it. Last incompatible policy: DURABILITY_QOS_POLICY
[WARN] [1763090012.179410633] [rosbag2_recorder]: A new publisher for subscribed topic /tf was found offering RMW_QOS_POLICY_DURABILITY_VOLATILE, but rosbag2 already subscribed requesting RMW_QOS_POLICY_DURABILITY_TRANSIENT_LOCAL. Messages from this new publisher will not be recorded.
[INFO] [1763090012.180673660] [rosbag2_recorder]: Subscribed to topic '/cmd_vel'
[INFO] [1763090012.181707242] [rosbag2_recorder]: Subscribed to topic '/plan_barn'
[INFO] [1763090012.182442518] [rosbag2_recorder]: Subscribed to topic '/plan_barn_odom'
[INFO] [1763090012.182464784] [rosbag2_recorder]: All requested topics are subscribed. Stopping discovery...
[WARN] [1763090013.156077398] [rosbag2_recorder]: New publisher discovered on topic '/tf', offering incompatible QoS. No messages will be sent to it. Last incompatible policy: DURABILITY_QOS_POLICY
[WARN] [1763090013.157385276] [rosbag2_recorder]: New publisher discovered on topic '/tf', offering incompatible QoS. No messages will be sent to it. Last incompatible policy: DURABILITY_QOS_POLICY
[INFO] [1763090027.078836627] [rosbag2_cpp]: Writing remaining messages from cache to the bag. It may take a while
[INFO] [1763090027.079450973] [rosbag2_recorder]: Event publisher thread: Exiting
[INFO] [1763090027.079493258] [rosbag2_recorder]: Recording stopped
