stdin is not a terminal device. Keyboard handling disabled.[INFO] [1768374180.875055077] [rosbag2_recorder]: Press SPACE for pausing/resuming
[INFO] [1768374180.875810458] [rosbag2_storage]: Opened database '/home/mobrob/ros_ws/large_results/world75_0113_230300/world75_0113_230300_0.db3' for READ_WRITE.
[INFO] [1768374180.876463033] [rosbag2_recorder]: Listening for topics...
[INFO] [1768374180.876476792] [rosbag2_recorder]: Event publisher thread: Starting
[INFO] [1768374180.876561980] [rosbag2_recorder]: Recording...
[INFO] [1768374181.279611148] [rosbag2_recorder]: Subscribed to topic '/cmd_vel'
[INFO] [1768374181.280703061] [rosbag2_recorder]: Subscribed to topic '/odom'
[INFO] [1768374181.281350616] [rosbag2_recorder]: Subscribed to topic '/plan_barn'
[INFO] [1768374181.281872185] [rosbag2_recorder]: Subscribed to topic '/plan_barn_odom'
[INFO] [1768374181.282837997] [rosbag2_recorder]: Subscribed to topic '/tf'
[WARN] [1768374181.385442940] [rosbag2_recorder]: New publisher discovered on topic '/tf', offering incompatible QoS. No messages will be sent to it. Last incompatible policy: DURABILITY_QOS_POLICY
[WARN] [1768374181.487125735] [rosbag2_recorder]: A new publisher for subscribed topic /tf was found offering RMW_QOS_POLICY_DURABILITY_VOLATILE, but rosbag2 already subscribed requesting RMW_QOS_POLICY_DURABILITY_TRANSIENT_LOCAL. Messages from this new publisher will not be recorded.
[INFO] [1768374181.488254816] [rosbag2_recorder]: Subscribed to topic '/tf_static'
[WARN] [1768374181.879498744] [rosbag2_recorder]: New publisher discovered on topic '/tf', offering incompatible QoS. No messages will be sent to it. Last incompatible policy: DURABILITY_QOS_POLICY
[INFO] [1768374181.905516924] [rosbag2_recorder]: Subscribed to topic '/scan'
[INFO] [1768374181.905570635] [rosbag2_recorder]: All requested topics are subscribed. Stopping discovery...
[WARN] [1768374182.867600221] [rosbag2_recorder]: New publisher discovered on topic '/tf', offering incompatible QoS. No messages will be sent to it. Last incompatible policy: DURABILITY_QOS_POLICY
[INFO] [1768374250.717373691] [rosbag2_cpp]: Writing remaining messages from cache to the bag. It may take a while
[INFO] [1768374250.718273577] [rosbag2_recorder]: Event publisher thread: Exiting
[INFO] [1768374250.718319240] [rosbag2_recorder]: Recording stopped
