stdin is not a terminal device. Keyboard handling disabled.[INFO] [1762928726.208387837] [rosbag2_recorder]: Press SPACE for pausing/resuming
[INFO] [1762928726.209538450] [rosbag2_storage]: Opened database '/home/mobrob/ros_ws/large_results/world83_1111_222526/world83_1111_222526_0.db3' for READ_WRITE.
[INFO] [1762928726.210415896] [rosbag2_recorder]: Listening for topics...
[INFO] [1762928726.210422530] [rosbag2_recorder]: Event publisher thread: Starting
[INFO] [1762928726.210543935] [rosbag2_recorder]: Recording...
[INFO] [1762928726.312886117] [rosbag2_recorder]: Subscribed to topic '/cmd_vel'
[INFO] [1762928726.313872781] [rosbag2_recorder]: Subscribed to topic '/odom'
[INFO] [1762928726.315272514] [rosbag2_recorder]: Subscribed to topic '/tf'
[WARN] [1762928727.215943695] [rosbag2_recorder]: New publisher discovered on topic '/tf', offering incompatible QoS. No messages will be sent to it. Last incompatible policy: DURABILITY_QOS_POLICY
[WARN] [1762928727.222269293] [rosbag2_recorder]: New publisher discovered on topic '/tf', offering incompatible QoS. No messages will be sent to it. Last incompatible policy: DURABILITY_QOS_POLICY
[WARN] [1762928727.225786104] [rosbag2_recorder]: New publisher discovered on topic '/tf', offering incompatible QoS. No messages will be sent to it. Last incompatible policy: DURABILITY_QOS_POLICY
[WARN] [1762928727.229561770] [rosbag2_recorder]: A new publisher for subscribed topic /tf was found offering RMW_QOS_POLICY_DURABILITY_VOLATILE, but rosbag2 already subscribed requesting RMW_QOS_POLICY_DURABILITY_TRANSIENT_LOCAL. Messages from this new publisher will not be recorded.
[WARN] [1762928727.229593781] [rosbag2_recorder]: A new publisher for subscribed topic /tf was found offering RMW_QOS_POLICY_DURABILITY_VOLATILE, but rosbag2 already subscribed requesting RMW_QOS_POLICY_DURABILITY_TRANSIENT_LOCAL. Messages from this new publisher will not be recorded.
[WARN] [1762928727.229597542] [rosbag2_recorder]: A new publisher for subscribed topic /tf was found offering RMW_QOS_POLICY_DURABILITY_VOLATILE, but rosbag2 already subscribed requesting RMW_QOS_POLICY_DURABILITY_TRANSIENT_LOCAL. Messages from this new publisher will not be recorded.
[INFO] [1762928727.230453005] [rosbag2_recorder]: Subscribed to topic '/plan_barn'
[INFO] [1762928727.231116887] [rosbag2_recorder]: Subscribed to topic '/plan_barn_odom'
[INFO] [1762928727.231869497] [rosbag2_recorder]: Subscribed to topic '/tf_static'
[INFO] [1762928728.258441203] [rosbag2_recorder]: Subscribed to topic '/scan'
[INFO] [1762928728.258484301] [rosbag2_recorder]: All requested topics are subscribed. Stopping discovery...
[INFO] [1762928742.122824180] [rosbag2_cpp]: Writing remaining messages from cache to the bag. It may take a while
[INFO] [1762928742.123572747] [rosbag2_recorder]: Event publisher thread: Exiting
[INFO] [1762928742.123614555] [rosbag2_recorder]: Recording stopped
