stdin is not a terminal device. Keyboard handling disabled.[INFO] [1762866382.900698068] [rosbag2_recorder]: Press SPACE for pausing/resuming
[INFO] [1762866382.901444733] [rosbag2_storage]: Opened database '/home/mobrob/ros_ws/large_results/world20_1111_050622/world20_1111_050622_0.db3' for READ_WRITE.
[INFO] [1762866382.901842824] [rosbag2_recorder]: Listening for topics...
[INFO] [1762866382.901852905] [rosbag2_recorder]: Event publisher thread: Starting
[INFO] [1762866382.901916747] [rosbag2_recorder]: Recording...
[INFO] [1762866383.005080779] [rosbag2_recorder]: Subscribed to topic '/cmd_vel'
[INFO] [1762866383.006174172] [rosbag2_recorder]: Subscribed to topic '/odom'
[INFO] [1762866383.006890092] [rosbag2_recorder]: Subscribed to topic '/plan_barn'
[INFO] [1762866383.007540910] [rosbag2_recorder]: Subscribed to topic '/plan_barn_odom'
[INFO] [1762866383.008951180] [rosbag2_recorder]: Subscribed to topic '/tf'
[INFO] [1762866383.009639834] [rosbag2_recorder]: Subscribed to topic '/tf_static'
[WARN] [1762866383.908860758] [rosbag2_recorder]: New publisher discovered on topic '/tf', offering incompatible QoS. No messages will be sent to it. Last incompatible policy: DURABILITY_QOS_POLICY
[WARN] [1762866383.925550764] [rosbag2_recorder]: A new publisher for subscribed topic /tf was found offering RMW_QOS_POLICY_DURABILITY_VOLATILE, but rosbag2 already subscribed requesting RMW_QOS_POLICY_DURABILITY_TRANSIENT_LOCAL. Messages from this new publisher will not be recorded.
[INFO] [1762866383.927774688] [rosbag2_recorder]: Subscribed to topic '/scan'
[INFO] [1762866383.927810169] [rosbag2_recorder]: All requested topics are subscribed. Stopping discovery...
[WARN] [1762866384.898866373] [rosbag2_recorder]: New publisher discovered on topic '/tf', offering incompatible QoS. No messages will be sent to it. Last incompatible policy: DURABILITY_QOS_POLICY
[WARN] [1762866384.899325711] [rosbag2_recorder]: New publisher discovered on topic '/tf', offering incompatible QoS. No messages will be sent to it. Last incompatible policy: DURABILITY_QOS_POLICY
[INFO] [1762866436.776204756] [rosbag2_cpp]: Writing remaining messages from cache to the bag. It may take a while
[INFO] [1762866436.776916662] [rosbag2_recorder]: Event publisher thread: Exiting
[INFO] [1762866436.776963919] [rosbag2_recorder]: Recording stopped
