stdin is not a terminal device. Keyboard handling disabled.[INFO] [1767407746.763269979] [rosbag2_recorder]: Press SPACE for pausing/resuming
[INFO] [1767407746.764034406] [rosbag2_storage]: Opened database '/home/mobrob/ros_ws/large_results/world125_0102_183546/world125_0102_183546_0.db3' for READ_WRITE.
[INFO] [1767407746.764664987] [rosbag2_recorder]: Listening for topics...
[INFO] [1767407746.764676687] [rosbag2_recorder]: Event publisher thread: Starting
[INFO] [1767407746.764751440] [rosbag2_recorder]: Recording...
[INFO] [1767407746.868395523] [rosbag2_recorder]: Subscribed to topic '/odom'
[INFO] [1767407746.869358499] [rosbag2_recorder]: Subscribed to topic '/plan_barn'
[INFO] [1767407746.870120660] [rosbag2_recorder]: Subscribed to topic '/plan_barn_odom'
[INFO] [1767407746.871134053] [rosbag2_recorder]: Subscribed to topic '/scan'
[INFO] [1767407746.872701315] [rosbag2_recorder]: Subscribed to topic '/tf'
[WARN] [1767407747.782576388] [rosbag2_recorder]: New publisher discovered on topic '/tf', offering incompatible QoS. No messages will be sent to it. Last incompatible policy: DURABILITY_QOS_POLICY
[WARN] [1767407747.786979294] [rosbag2_recorder]: A new publisher for subscribed topic /tf was found offering RMW_QOS_POLICY_DURABILITY_VOLATILE, but rosbag2 already subscribed requesting RMW_QOS_POLICY_DURABILITY_TRANSIENT_LOCAL. Messages from this new publisher will not be recorded.
[INFO] [1767407747.789277862] [rosbag2_recorder]: Subscribed to topic '/cmd_vel'
[INFO] [1767407747.791785969] [rosbag2_recorder]: Subscribed to topic '/tf_static'
[INFO] [1767407747.791821004] [rosbag2_recorder]: All requested topics are subscribed. Stopping discovery...
[WARN] [1767407747.792536789] [rosbag2_recorder]: New publisher discovered on topic '/tf', offering incompatible QoS. No messages will be sent to it. Last incompatible policy: DURABILITY_QOS_POLICY
[WARN] [1767407748.765592116] [rosbag2_recorder]: New publisher discovered on topic '/tf', offering incompatible QoS. No messages will be sent to it. Last incompatible policy: DURABILITY_QOS_POLICY
[INFO] [1767407839.641765446] [rosbag2_cpp]: Writing remaining messages from cache to the bag. It may take a while
[INFO] [1767407839.642340900] [rosbag2_recorder]: Event publisher thread: Exiting
[INFO] [1767407839.642384445] [rosbag2_recorder]: Recording stopped
