stdin is not a terminal device. Keyboard handling disabled.[INFO] [1763033807.313949066] [rosbag2_recorder]: Press SPACE for pausing/resuming
[INFO] [1763033807.314658601] [rosbag2_storage]: Opened database '/home/mobrob/ros_ws/large_results/world178_1113_033647/world178_1113_033647_0.db3' for READ_WRITE.
[INFO] [1763033807.315332577] [rosbag2_recorder]: Listening for topics...
[INFO] [1763033807.315344356] [rosbag2_recorder]: Event publisher thread: Starting
[INFO] [1763033807.315397491] [rosbag2_recorder]: Recording...
[INFO] [1763033807.418559631] [rosbag2_recorder]: Subscribed to topic '/cmd_vel'
[INFO] [1763033807.419503947] [rosbag2_recorder]: Subscribed to topic '/odom'
[INFO] [1763033807.420270635] [rosbag2_recorder]: Subscribed to topic '/scan'
[INFO] [1763033807.421084186] [rosbag2_recorder]: Subscribed to topic '/tf'
[INFO] [1763033807.421556837] [rosbag2_recorder]: Subscribed to topic '/tf_static'
[WARN] [1763033808.308321836] [rosbag2_recorder]: New publisher discovered on topic '/tf', offering incompatible QoS. No messages will be sent to it. Last incompatible policy: DURABILITY_QOS_POLICY
[WARN] [1763033808.310755270] [rosbag2_recorder]: New publisher discovered on topic '/tf', offering incompatible QoS. No messages will be sent to it. Last incompatible policy: DURABILITY_QOS_POLICY
[WARN] [1763033808.321577456] [rosbag2_recorder]: New publisher discovered on topic '/tf', offering incompatible QoS. No messages will be sent to it. Last incompatible policy: DURABILITY_QOS_POLICY
[WARN] [1763033808.340438842] [rosbag2_recorder]: A new publisher for subscribed topic /tf was found offering RMW_QOS_POLICY_DURABILITY_VOLATILE, but rosbag2 already subscribed requesting RMW_QOS_POLICY_DURABILITY_TRANSIENT_LOCAL. Messages from this new publisher will not be recorded.
[WARN] [1763033808.340479669] [rosbag2_recorder]: A new publisher for subscribed topic /tf was found offering RMW_QOS_POLICY_DURABILITY_VOLATILE, but rosbag2 already subscribed requesting RMW_QOS_POLICY_DURABILITY_TRANSIENT_LOCAL. Messages from this new publisher will not be recorded.
[WARN] [1763033808.340482914] [rosbag2_recorder]: A new publisher for subscribed topic /tf was found offering RMW_QOS_POLICY_DURABILITY_VOLATILE, but rosbag2 already subscribed requesting RMW_QOS_POLICY_DURABILITY_TRANSIENT_LOCAL. Messages from this new publisher will not be recorded.
[INFO] [1763033809.373185915] [rosbag2_recorder]: Subscribed to topic '/plan_barn'
[INFO] [1763033809.374331751] [rosbag2_recorder]: Subscribed to topic '/plan_barn_odom'
[INFO] [1763033809.374353171] [rosbag2_recorder]: All requested topics are subscribed. Stopping discovery...
[INFO] [1763033901.185490468] [rosbag2_cpp]: Writing remaining messages from cache to the bag. It may take a while
[INFO] [1763033901.186150040] [rosbag2_recorder]: Event publisher thread: Exiting
[INFO] [1763033901.186189450] [rosbag2_recorder]: Recording stopped
