stdin is not a terminal device. Keyboard handling disabled.[INFO] [1768442184.661893933] [rosbag2_recorder]: Press SPACE for pausing/resuming
[INFO] [1768442184.662926827] [rosbag2_storage]: Opened database '/home/mobrob/ros_ws/large_results/world12_0114_175624/world12_0114_175624_0.db3' for READ_WRITE.
[INFO] [1768442184.663656480] [rosbag2_recorder]: Listening for topics...
[INFO] [1768442184.663681238] [rosbag2_recorder]: Event publisher thread: Starting
[INFO] [1768442184.663907215] [rosbag2_recorder]: Recording...
[INFO] [1768442184.768997549] [rosbag2_recorder]: Subscribed to topic '/odom'
[INFO] [1768442184.772063508] [rosbag2_recorder]: Subscribed to topic '/tf'
[WARN] [1768442184.914044586] [rosbag2_recorder]: New publisher discovered on topic '/tf', offering incompatible QoS. No messages will be sent to it. Last incompatible policy: DURABILITY_QOS_POLICY
[WARN] [1768442184.973940476] [rosbag2_recorder]: A new publisher for subscribed topic /tf was found offering RMW_QOS_POLICY_DURABILITY_VOLATILE, but rosbag2 already subscribed requesting RMW_QOS_POLICY_DURABILITY_TRANSIENT_LOCAL. Messages from this new publisher will not be recorded.
[INFO] [1768442184.974783792] [rosbag2_recorder]: Subscribed to topic '/tf_static'
[INFO] [1768442185.690463451] [rosbag2_recorder]: Subscribed to topic '/cmd_vel'
[INFO] [1768442185.794181306] [rosbag2_recorder]: Subscribed to topic '/plan_barn'
[INFO] [1768442185.795434953] [rosbag2_recorder]: Subscribed to topic '/plan_barn_odom'
[INFO] [1768442185.796547841] [rosbag2_recorder]: Subscribed to topic '/scan'
[INFO] [1768442185.796566598] [rosbag2_recorder]: All requested topics are subscribed. Stopping discovery...
[WARN] [1768442186.655668196] [rosbag2_recorder]: New publisher discovered on topic '/tf', offering incompatible QoS. No messages will be sent to it. Last incompatible policy: DURABILITY_QOS_POLICY
[WARN] [1768442186.655885578] [rosbag2_recorder]: New publisher discovered on topic '/tf', offering incompatible QoS. No messages will be sent to it. Last incompatible policy: DURABILITY_QOS_POLICY
[INFO] [1768442200.570800188] [rosbag2_cpp]: Writing remaining messages from cache to the bag. It may take a while
[INFO] [1768442200.571410558] [rosbag2_recorder]: Event publisher thread: Exiting
[INFO] [1768442200.571442018] [rosbag2_recorder]: Recording stopped
