stdin is not a terminal device. Keyboard handling disabled.[INFO] [1767395793.589377492] [rosbag2_recorder]: Press SPACE for pausing/resuming
[INFO] [1767395793.590177804] [rosbag2_storage]: Opened database '/home/mobrob/ros_ws/large_results/world187_0102_151633/world187_0102_151633_0.db3' for READ_WRITE.
[INFO] [1767395793.590924331] [rosbag2_recorder]: Listening for topics...
[INFO] [1767395793.590936000] [rosbag2_recorder]: Event publisher thread: Starting
[INFO] [1767395793.591055055] [rosbag2_recorder]: Recording...
[INFO] [1767395793.694620593] [rosbag2_recorder]: Subscribed to topic '/cmd_vel'
[INFO] [1767395793.695968448] [rosbag2_recorder]: Subscribed to topic '/odom'
[INFO] [1767395793.696834648] [rosbag2_recorder]: Subscribed to topic '/plan_barn'
[INFO] [1767395793.697552274] [rosbag2_recorder]: Subscribed to topic '/plan_barn_odom'
[INFO] [1767395793.698574130] [rosbag2_recorder]: Subscribed to topic '/tf'
[WARN] [1767395794.601992397] [rosbag2_recorder]: New publisher discovered on topic '/tf', offering incompatible QoS. No messages will be sent to it. Last incompatible policy: DURABILITY_QOS_POLICY
[WARN] [1767395794.604518260] [rosbag2_recorder]: New publisher discovered on topic '/tf', offering incompatible QoS. No messages will be sent to it. Last incompatible policy: DURABILITY_QOS_POLICY
[WARN] [1767395794.613529298] [rosbag2_recorder]: A new publisher for subscribed topic /tf was found offering RMW_QOS_POLICY_DURABILITY_VOLATILE, but rosbag2 already subscribed requesting RMW_QOS_POLICY_DURABILITY_TRANSIENT_LOCAL. Messages from this new publisher will not be recorded.
[WARN] [1767395794.613570507] [rosbag2_recorder]: A new publisher for subscribed topic /tf was found offering RMW_QOS_POLICY_DURABILITY_VOLATILE, but rosbag2 already subscribed requesting RMW_QOS_POLICY_DURABILITY_TRANSIENT_LOCAL. Messages from this new publisher will not be recorded.
[INFO] [1767395794.615165542] [rosbag2_recorder]: Subscribed to topic '/scan'
[INFO] [1767395794.616004247] [rosbag2_recorder]: Subscribed to topic '/tf_static'
[INFO] [1767395794.616028815] [rosbag2_recorder]: All requested topics are subscribed. Stopping discovery...
[WARN] [1767395795.593824122] [rosbag2_recorder]: New publisher discovered on topic '/tf', offering incompatible QoS. No messages will be sent to it. Last incompatible policy: DURABILITY_QOS_POLICY
[INFO] [1767395809.503893956] [rosbag2_cpp]: Writing remaining messages from cache to the bag. It may take a while
[INFO] [1767395809.504621346] [rosbag2_recorder]: Event publisher thread: Exiting
[INFO] [1767395809.504666053] [rosbag2_recorder]: Recording stopped
