stdin is not a terminal device. Keyboard handling disabled.[INFO] [1763184712.787876578] [rosbag2_recorder]: Press SPACE for pausing/resuming
[INFO] [1763184712.788659008] [rosbag2_storage]: Opened database '/home/mobrob/ros_ws/large_results/world292_1114_213152/world292_1114_213152_0.db3' for READ_WRITE.
[INFO] [1763184712.789137383] [rosbag2_recorder]: Listening for topics...
[INFO] [1763184712.789149687] [rosbag2_recorder]: Event publisher thread: Starting
[INFO] [1763184712.789225593] [rosbag2_recorder]: Recording...
[INFO] [1763184712.892804692] [rosbag2_recorder]: Subscribed to topic '/cmd_vel'
[INFO] [1763184712.893791255] [rosbag2_recorder]: Subscribed to topic '/odom'
[INFO] [1763184712.895093940] [rosbag2_recorder]: Subscribed to topic '/scan'
[INFO] [1763184712.895981137] [rosbag2_recorder]: Subscribed to topic '/tf'
[INFO] [1763184712.896481769] [rosbag2_recorder]: Subscribed to topic '/tf_static'
[WARN] [1763184713.787010274] [rosbag2_recorder]: New publisher discovered on topic '/tf', offering incompatible QoS. No messages will be sent to it. Last incompatible policy: DURABILITY_QOS_POLICY
[WARN] [1763184713.789151443] [rosbag2_recorder]: New publisher discovered on topic '/tf', offering incompatible QoS. No messages will be sent to it. Last incompatible policy: DURABILITY_QOS_POLICY
[WARN] [1763184713.810269964] [rosbag2_recorder]: A new publisher for subscribed topic /tf was found offering RMW_QOS_POLICY_DURABILITY_VOLATILE, but rosbag2 already subscribed requesting RMW_QOS_POLICY_DURABILITY_TRANSIENT_LOCAL. Messages from this new publisher will not be recorded.
[WARN] [1763184713.810309289] [rosbag2_recorder]: A new publisher for subscribed topic /tf was found offering RMW_QOS_POLICY_DURABILITY_VOLATILE, but rosbag2 already subscribed requesting RMW_QOS_POLICY_DURABILITY_TRANSIENT_LOCAL. Messages from this new publisher will not be recorded.
[INFO] [1763184713.811223386] [rosbag2_recorder]: Subscribed to topic '/plan_barn'
[INFO] [1763184713.812092002] [rosbag2_recorder]: Subscribed to topic '/plan_barn_odom'
[INFO] [1763184713.812122941] [rosbag2_recorder]: All requested topics are subscribed. Stopping discovery...
[WARN] [1763184714.784122772] [rosbag2_recorder]: New publisher discovered on topic '/tf', offering incompatible QoS. No messages will be sent to it. Last incompatible policy: DURABILITY_QOS_POLICY
[INFO] [1763184813.667130386] [rosbag2_cpp]: Writing remaining messages from cache to the bag. It may take a while
[INFO] [1763184813.667967248] [rosbag2_recorder]: Event publisher thread: Exiting
[INFO] [1763184813.668018708] [rosbag2_recorder]: Recording stopped
