stdin is not a terminal device. Keyboard handling disabled.[INFO] [1763109292.914027843] [rosbag2_recorder]: Press SPACE for pausing/resuming
[INFO] [1763109292.915254038] [rosbag2_storage]: Opened database '/home/mobrob/ros_ws/large_results/world235_1114_003452/world235_1114_003452_0.db3' for READ_WRITE.
[INFO] [1763109292.916484643] [rosbag2_recorder]: Listening for topics...
[INFO] [1763109292.916621004] [rosbag2_recorder]: Recording...
[INFO] [1763109292.917297225] [rosbag2_recorder]: Event publisher thread: Starting
[INFO] [1763109293.020291040] [rosbag2_recorder]: Subscribed to topic '/cmd_vel'
[INFO] [1763109293.021582642] [rosbag2_recorder]: Subscribed to topic '/odom'
[INFO] [1763109293.022840472] [rosbag2_recorder]: Subscribed to topic '/tf'
[INFO] [1763109293.023539338] [rosbag2_recorder]: Subscribed to topic '/tf_static'
[WARN] [1763109293.915055252] [rosbag2_recorder]: New publisher discovered on topic '/tf', offering incompatible QoS. No messages will be sent to it. Last incompatible policy: DURABILITY_QOS_POLICY
[WARN] [1763109293.937245535] [rosbag2_recorder]: A new publisher for subscribed topic /tf was found offering RMW_QOS_POLICY_DURABILITY_VOLATILE, but rosbag2 already subscribed requesting RMW_QOS_POLICY_DURABILITY_TRANSIENT_LOCAL. Messages from this new publisher will not be recorded.
[INFO] [1763109293.938617700] [rosbag2_recorder]: Subscribed to topic '/plan_barn'
[INFO] [1763109293.939439679] [rosbag2_recorder]: Subscribed to topic '/plan_barn_odom'
[INFO] [1763109293.940526765] [rosbag2_recorder]: Subscribed to topic '/scan'
[INFO] [1763109293.940546715] [rosbag2_recorder]: All requested topics are subscribed. Stopping discovery...
[WARN] [1763109294.909578075] [rosbag2_recorder]: New publisher discovered on topic '/tf', offering incompatible QoS. No messages will be sent to it. Last incompatible policy: DURABILITY_QOS_POLICY
[WARN] [1763109294.910025778] [rosbag2_recorder]: New publisher discovered on topic '/tf', offering incompatible QoS. No messages will be sent to it. Last incompatible policy: DURABILITY_QOS_POLICY
[INFO] [1763109383.800736212] [rosbag2_cpp]: Writing remaining messages from cache to the bag. It may take a while
[INFO] [1763109383.801597061] [rosbag2_recorder]: Event publisher thread: Exiting
[INFO] [1763109383.801636262] [rosbag2_recorder]: Recording stopped
