stdin is not a terminal device. Keyboard handling disabled.[INFO] [1762998113.240128917] [rosbag2_recorder]: Press SPACE for pausing/resuming
[INFO] [1762998113.241306239] [rosbag2_storage]: Opened database '/home/mobrob/ros_ws/large_results/world147_1112_174153/world147_1112_174153_0.db3' for READ_WRITE.
[INFO] [1762998113.241934221] [rosbag2_recorder]: Listening for topics...
[INFO] [1762998113.241944228] [rosbag2_recorder]: Event publisher thread: Starting
[INFO] [1762998113.242046367] [rosbag2_recorder]: Recording...
[INFO] [1762998113.345181670] [rosbag2_recorder]: Subscribed to topic '/cmd_vel'
[INFO] [1762998113.346268674] [rosbag2_recorder]: Subscribed to topic '/odom'
[INFO] [1762998113.347242074] [rosbag2_recorder]: Subscribed to topic '/tf'
[INFO] [1762998113.551288861] [rosbag2_recorder]: Subscribed to topic '/scan'
[WARN] [1762998114.235211754] [rosbag2_recorder]: New publisher discovered on topic '/tf', offering incompatible QoS. No messages will be sent to it. Last incompatible policy: DURABILITY_QOS_POLICY
[WARN] [1762998114.240389358] [rosbag2_recorder]: New publisher discovered on topic '/tf', offering incompatible QoS. No messages will be sent to it. Last incompatible policy: DURABILITY_QOS_POLICY
[WARN] [1762998114.241153894] [rosbag2_recorder]: New publisher discovered on topic '/tf', offering incompatible QoS. No messages will be sent to it. Last incompatible policy: DURABILITY_QOS_POLICY
[WARN] [1762998114.263083034] [rosbag2_recorder]: A new publisher for subscribed topic /tf was found offering RMW_QOS_POLICY_DURABILITY_VOLATILE, but rosbag2 already subscribed requesting RMW_QOS_POLICY_DURABILITY_TRANSIENT_LOCAL. Messages from this new publisher will not be recorded.
[WARN] [1762998114.263114492] [rosbag2_recorder]: A new publisher for subscribed topic /tf was found offering RMW_QOS_POLICY_DURABILITY_VOLATILE, but rosbag2 already subscribed requesting RMW_QOS_POLICY_DURABILITY_TRANSIENT_LOCAL. Messages from this new publisher will not be recorded.
[WARN] [1762998114.263117267] [rosbag2_recorder]: A new publisher for subscribed topic /tf was found offering RMW_QOS_POLICY_DURABILITY_VOLATILE, but rosbag2 already subscribed requesting RMW_QOS_POLICY_DURABILITY_TRANSIENT_LOCAL. Messages from this new publisher will not be recorded.
[INFO] [1762998114.264024254] [rosbag2_recorder]: Subscribed to topic '/plan_barn'
[INFO] [1762998114.264744601] [rosbag2_recorder]: Subscribed to topic '/plan_barn_odom'
[INFO] [1762998114.265518395] [rosbag2_recorder]: Subscribed to topic '/tf_static'
[INFO] [1762998114.265531256] [rosbag2_recorder]: All requested topics are subscribed. Stopping discovery...
[INFO] [1762998245.117143703] [rosbag2_cpp]: Writing remaining messages from cache to the bag. It may take a while
[INFO] [1762998245.118042050] [rosbag2_recorder]: Event publisher thread: Exiting
[INFO] [1762998245.118090751] [rosbag2_recorder]: Recording stopped
