stdin is not a terminal device. Keyboard handling disabled.[INFO] [1762896642.058060985] [rosbag2_recorder]: Press SPACE for pausing/resuming
[INFO] [1762896642.059102557] [rosbag2_storage]: Opened database '/home/mobrob/ros_ws/large_results/world54_1111_133041/world54_1111_133041_0.db3' for READ_WRITE.
[INFO] [1762896642.060258224] [rosbag2_recorder]: Listening for topics...
[INFO] [1762896642.060359050] [rosbag2_recorder]: Recording...
[INFO] [1762896642.060541499] [rosbag2_recorder]: Event publisher thread: Starting
[INFO] [1762896642.164512439] [rosbag2_recorder]: Subscribed to topic '/cmd_vel'
[INFO] [1762896642.166212400] [rosbag2_recorder]: Subscribed to topic '/odom'
[INFO] [1762896642.167213166] [rosbag2_recorder]: Subscribed to topic '/scan'
[INFO] [1762896642.168261008] [rosbag2_recorder]: Subscribed to topic '/tf'
[INFO] [1762896642.168846617] [rosbag2_recorder]: Subscribed to topic '/tf_static'
[WARN] [1762896643.060341603] [rosbag2_recorder]: New publisher discovered on topic '/tf', offering incompatible QoS. No messages will be sent to it. Last incompatible policy: DURABILITY_QOS_POLICY
[WARN] [1762896643.067197106] [rosbag2_recorder]: New publisher discovered on topic '/tf', offering incompatible QoS. No messages will be sent to it. Last incompatible policy: DURABILITY_QOS_POLICY
[WARN] [1762896643.068582901] [rosbag2_recorder]: New publisher discovered on topic '/tf', offering incompatible QoS. No messages will be sent to it. Last incompatible policy: DURABILITY_QOS_POLICY
[WARN] [1762896643.087636808] [rosbag2_recorder]: A new publisher for subscribed topic /tf was found offering RMW_QOS_POLICY_DURABILITY_VOLATILE, but rosbag2 already subscribed requesting RMW_QOS_POLICY_DURABILITY_TRANSIENT_LOCAL. Messages from this new publisher will not be recorded.
[WARN] [1762896643.087669097] [rosbag2_recorder]: A new publisher for subscribed topic /tf was found offering RMW_QOS_POLICY_DURABILITY_VOLATILE, but rosbag2 already subscribed requesting RMW_QOS_POLICY_DURABILITY_TRANSIENT_LOCAL. Messages from this new publisher will not be recorded.
[WARN] [1762896643.087672380] [rosbag2_recorder]: A new publisher for subscribed topic /tf was found offering RMW_QOS_POLICY_DURABILITY_VOLATILE, but rosbag2 already subscribed requesting RMW_QOS_POLICY_DURABILITY_TRANSIENT_LOCAL. Messages from this new publisher will not be recorded.
[INFO] [1762896643.088686858] [rosbag2_recorder]: Subscribed to topic '/plan_barn'
[INFO] [1762896643.089739133] [rosbag2_recorder]: Subscribed to topic '/plan_barn_odom'
[INFO] [1762896643.089757666] [rosbag2_recorder]: All requested topics are subscribed. Stopping discovery...
[INFO] [1762896694.926068037] [rosbag2_cpp]: Writing remaining messages from cache to the bag. It may take a while
[INFO] [1762896694.926853651] [rosbag2_recorder]: Event publisher thread: Exiting
[INFO] [1762896694.926883740] [rosbag2_recorder]: Recording stopped
