stdin is not a terminal device. Keyboard handling disabled.[INFO] [1763119376.349053250] [rosbag2_recorder]: Press SPACE for pausing/resuming
[INFO] [1763119376.350056385] [rosbag2_storage]: Opened database '/home/mobrob/ros_ws/large_results/world243_1114_032256/world243_1114_032256_0.db3' for READ_WRITE.
[INFO] [1763119376.350914988] [rosbag2_recorder]: Event publisher thread: Starting
[INFO] [1763119376.350925917] [rosbag2_recorder]: Listening for topics...
[INFO] [1763119376.351020144] [rosbag2_recorder]: Recording...
[INFO] [1763119376.453574784] [rosbag2_recorder]: Subscribed to topic '/cmd_vel'
[INFO] [1763119376.454990988] [rosbag2_recorder]: Subscribed to topic '/odom'
[INFO] [1763119376.456149347] [rosbag2_recorder]: Subscribed to topic '/scan'
[INFO] [1763119376.456987603] [rosbag2_recorder]: Subscribed to topic '/tf'
[WARN] [1763119377.355815318] [rosbag2_recorder]: New publisher discovered on topic '/tf', offering incompatible QoS. No messages will be sent to it. Last incompatible policy: DURABILITY_QOS_POLICY
[WARN] [1763119377.358962790] [rosbag2_recorder]: New publisher discovered on topic '/tf', offering incompatible QoS. No messages will be sent to it. Last incompatible policy: DURABILITY_QOS_POLICY
[WARN] [1763119377.366603976] [rosbag2_recorder]: A new publisher for subscribed topic /tf was found offering RMW_QOS_POLICY_DURABILITY_VOLATILE, but rosbag2 already subscribed requesting RMW_QOS_POLICY_DURABILITY_TRANSIENT_LOCAL. Messages from this new publisher will not be recorded.
[WARN] [1763119377.366645049] [rosbag2_recorder]: A new publisher for subscribed topic /tf was found offering RMW_QOS_POLICY_DURABILITY_VOLATILE, but rosbag2 already subscribed requesting RMW_QOS_POLICY_DURABILITY_TRANSIENT_LOCAL. Messages from this new publisher will not be recorded.
[INFO] [1763119377.368101468] [rosbag2_recorder]: Subscribed to topic '/plan_barn'
[INFO] [1763119377.369496273] [rosbag2_recorder]: Subscribed to topic '/plan_barn_odom'
[INFO] [1763119377.370954262] [rosbag2_recorder]: Subscribed to topic '/tf_static'
[INFO] [1763119377.370987149] [rosbag2_recorder]: All requested topics are subscribed. Stopping discovery...
[WARN] [1763119378.352761807] [rosbag2_recorder]: New publisher discovered on topic '/tf', offering incompatible QoS. No messages will be sent to it. Last incompatible policy: DURABILITY_QOS_POLICY
[INFO] [1763119625.237086740] [rosbag2_cpp]: Writing remaining messages from cache to the bag. It may take a while
[INFO] [1763119625.237663974] [rosbag2_recorder]: Event publisher thread: Exiting
[INFO] [1763119625.237701594] [rosbag2_recorder]: Recording stopped
