stdin is not a terminal device. Keyboard handling disabled.[INFO] [1763149848.484791222] [rosbag2_recorder]: Press SPACE for pausing/resuming
[INFO] [1763149848.486085290] [rosbag2_storage]: Opened database '/home/mobrob/ros_ws/large_results/world266_1114_115048/world266_1114_115048_0.db3' for READ_WRITE.
[INFO] [1763149848.486937783] [rosbag2_recorder]: Listening for topics...
[INFO] [1763149848.487054135] [rosbag2_recorder]: Recording...
[INFO] [1763149848.487522358] [rosbag2_recorder]: Event publisher thread: Starting
[INFO] [1763149848.589221238] [rosbag2_recorder]: Subscribed to topic '/cmd_vel'
[INFO] [1763149848.590269385] [rosbag2_recorder]: Subscribed to topic '/odom'
[INFO] [1763149848.591222375] [rosbag2_recorder]: Subscribed to topic '/tf'
[WARN] [1763149849.480229825] [rosbag2_recorder]: New publisher discovered on topic '/tf', offering incompatible QoS. No messages will be sent to it. Last incompatible policy: DURABILITY_QOS_POLICY
[WARN] [1763149849.495623278] [rosbag2_recorder]: New publisher discovered on topic '/tf', offering incompatible QoS. No messages will be sent to it. Last incompatible policy: DURABILITY_QOS_POLICY
[WARN] [1763149849.500376010] [rosbag2_recorder]: A new publisher for subscribed topic /tf was found offering RMW_QOS_POLICY_DURABILITY_VOLATILE, but rosbag2 already subscribed requesting RMW_QOS_POLICY_DURABILITY_TRANSIENT_LOCAL. Messages from this new publisher will not be recorded.
[WARN] [1763149849.500414903] [rosbag2_recorder]: A new publisher for subscribed topic /tf was found offering RMW_QOS_POLICY_DURABILITY_VOLATILE, but rosbag2 already subscribed requesting RMW_QOS_POLICY_DURABILITY_TRANSIENT_LOCAL. Messages from this new publisher will not be recorded.
[INFO] [1763149849.501518335] [rosbag2_recorder]: Subscribed to topic '/plan_barn_odom'
[INFO] [1763149849.502629867] [rosbag2_recorder]: Subscribed to topic '/tf_static'
[WARN] [1763149850.481116275] [rosbag2_recorder]: New publisher discovered on topic '/tf', offering incompatible QoS. No messages will be sent to it. Last incompatible policy: DURABILITY_QOS_POLICY
[INFO] [1763149850.535179555] [rosbag2_recorder]: Subscribed to topic '/plan_barn'
[INFO] [1763149850.536231686] [rosbag2_recorder]: Subscribed to topic '/scan'
[INFO] [1763149850.536250887] [rosbag2_recorder]: All requested topics are subscribed. Stopping discovery...
[INFO] [1763149903.372592560] [rosbag2_cpp]: Writing remaining messages from cache to the bag. It may take a while
[INFO] [1763149903.373472553] [rosbag2_recorder]: Event publisher thread: Exiting
[INFO] [1763149903.373517196] [rosbag2_recorder]: Recording stopped
