stdin is not a terminal device. Keyboard handling disabled.[INFO] [1765749638.365067636] [rosbag2_recorder]: Press SPACE for pausing/resuming
[INFO] [1765749638.366490373] [rosbag2_storage]: Opened database '/home/mobrob/ros_ws/large_results/world125_1214_140038/world125_1214_140038_0.db3' for READ_WRITE.
[INFO] [1765749638.367087460] [rosbag2_recorder]: Listening for topics...
[INFO] [1765749638.367106434] [rosbag2_recorder]: Event publisher thread: Starting
[INFO] [1765749638.367194798] [rosbag2_recorder]: Recording...
[INFO] [1765749638.770675313] [rosbag2_recorder]: Subscribed to topic '/odom'
[INFO] [1765749638.771443390] [rosbag2_recorder]: Subscribed to topic '/scan'
[INFO] [1765749638.772200847] [rosbag2_recorder]: Subscribed to topic '/tf'
[WARN] [1765749639.372310815] [rosbag2_recorder]: New publisher discovered on topic '/tf', offering incompatible QoS. No messages will be sent to it. Last incompatible policy: DURABILITY_QOS_POLICY
[WARN] [1765749639.376545956] [rosbag2_recorder]: New publisher discovered on topic '/tf', offering incompatible QoS. No messages will be sent to it. Last incompatible policy: DURABILITY_QOS_POLICY
[WARN] [1765749639.380564523] [rosbag2_recorder]: A new publisher for subscribed topic /tf was found offering RMW_QOS_POLICY_DURABILITY_VOLATILE, but rosbag2 already subscribed requesting RMW_QOS_POLICY_DURABILITY_TRANSIENT_LOCAL. Messages from this new publisher will not be recorded.
[WARN] [1765749639.380596793] [rosbag2_recorder]: A new publisher for subscribed topic /tf was found offering RMW_QOS_POLICY_DURABILITY_VOLATILE, but rosbag2 already subscribed requesting RMW_QOS_POLICY_DURABILITY_TRANSIENT_LOCAL. Messages from this new publisher will not be recorded.
[INFO] [1765749639.381796824] [rosbag2_recorder]: Subscribed to topic '/plan_barn_odom'
[INFO] [1765749639.382683348] [rosbag2_recorder]: Subscribed to topic '/tf_static'
[WARN] [1765749640.360153072] [rosbag2_recorder]: New publisher discovered on topic '/tf', offering incompatible QoS. No messages will be sent to it. Last incompatible policy: DURABILITY_QOS_POLICY
[INFO] [1765749640.413401698] [rosbag2_recorder]: Subscribed to topic '/cmd_vel'
[INFO] [1765749640.414405166] [rosbag2_recorder]: Subscribed to topic '/plan_barn'
[INFO] [1765749640.414429113] [rosbag2_recorder]: All requested topics are subscribed. Stopping discovery...
[INFO] [1765749654.287673192] [rosbag2_cpp]: Writing remaining messages from cache to the bag. It may take a while
[INFO] [1765749654.288403720] [rosbag2_recorder]: Event publisher thread: Exiting
[INFO] [1765749654.288435126] [rosbag2_recorder]: Recording stopped
