stdin is not a terminal device. Keyboard handling disabled.[INFO] [1763710520.967713170] [rosbag2_recorder]: Press SPACE for pausing/resuming
[INFO] [1763710520.968563410] [rosbag2_storage]: Opened database '/home/mobrob/ros_ws/nov_20/world125_1120_233520/world125_1120_233520_0.db3' for READ_WRITE.
[INFO] [1763710520.969113935] [rosbag2_recorder]: Listening for topics...
[INFO] [1763710520.969125543] [rosbag2_recorder]: Event publisher thread: Starting
[INFO] [1763710520.969178322] [rosbag2_recorder]: Recording...
[INFO] [1763710521.073053834] [rosbag2_recorder]: Subscribed to topic '/odom'
[INFO] [1763710521.073766261] [rosbag2_recorder]: Subscribed to topic '/plan_barn'
[INFO] [1763710521.074527146] [rosbag2_recorder]: Subscribed to topic '/plan_barn_odom'
[INFO] [1763710521.075887100] [rosbag2_recorder]: Subscribed to topic '/tf'
[INFO] [1763710521.076601429] [rosbag2_recorder]: Subscribed to topic '/tf_static'
[WARN] [1763710521.979331415] [rosbag2_recorder]: New publisher discovered on topic '/tf', offering incompatible QoS. No messages will be sent to it. Last incompatible policy: DURABILITY_QOS_POLICY
[WARN] [1763710521.985729487] [rosbag2_recorder]: New publisher discovered on topic '/tf', offering incompatible QoS. No messages will be sent to it. Last incompatible policy: DURABILITY_QOS_POLICY
[WARN] [1763710521.990614684] [rosbag2_recorder]: A new publisher for subscribed topic /tf was found offering RMW_QOS_POLICY_DURABILITY_VOLATILE, but rosbag2 already subscribed requesting RMW_QOS_POLICY_DURABILITY_TRANSIENT_LOCAL. Messages from this new publisher will not be recorded.
[WARN] [1763710521.990667170] [rosbag2_recorder]: A new publisher for subscribed topic /tf was found offering RMW_QOS_POLICY_DURABILITY_VOLATILE, but rosbag2 already subscribed requesting RMW_QOS_POLICY_DURABILITY_TRANSIENT_LOCAL. Messages from this new publisher will not be recorded.
[WARN] [1763710521.991556292] [rosbag2_recorder]: New publisher discovered on topic '/tf', offering incompatible QoS. No messages will be sent to it. Last incompatible policy: DURABILITY_QOS_POLICY
[INFO] [1763710521.992944655] [rosbag2_recorder]: Subscribed to topic '/cmd_vel'
[INFO] [1763710522.097572823] [rosbag2_recorder]: Subscribed to topic '/scan'
[INFO] [1763710522.097614750] [rosbag2_recorder]: All requested topics are subscribed. Stopping discovery...
[INFO] [1763710527.838999663] [rosbag2_cpp]: Writing remaining messages from cache to the bag. It may take a while
[INFO] [1763710527.839455989] [rosbag2_recorder]: Event publisher thread: Exiting
[INFO] [1763710527.839502501] [rosbag2_recorder]: Recording stopped
