stdin is not a terminal device. Keyboard handling disabled.[INFO] [1763728260.083169849] [rosbag2_recorder]: Press SPACE for pausing/resuming
[INFO] [1763728260.083932231] [rosbag2_storage]: Opened database '/home/mobrob/ros_ws/nov_20/world203_1121_043059/world203_1121_043059_0.db3' for READ_WRITE.
[INFO] [1763728260.084626348] [rosbag2_recorder]: Listening for topics...
[INFO] [1763728260.084637860] [rosbag2_recorder]: Event publisher thread: Starting
[INFO] [1763728260.084705232] [rosbag2_recorder]: Recording...
[INFO] [1763728260.187672782] [rosbag2_recorder]: Subscribed to topic '/odom'
[INFO] [1763728260.188676655] [rosbag2_recorder]: Subscribed to topic '/plan_barn_odom'
[INFO] [1763728260.189510228] [rosbag2_recorder]: Subscribed to topic '/scan'
[INFO] [1763728260.190411507] [rosbag2_recorder]: Subscribed to topic '/tf'
[INFO] [1763728260.191119964] [rosbag2_recorder]: Subscribed to topic '/tf_static'
[WARN] [1763728260.483436859] [rosbag2_recorder]: New publisher discovered on topic '/tf', offering incompatible QoS. No messages will be sent to it. Last incompatible policy: DURABILITY_QOS_POLICY
[WARN] [1763728260.494741286] [rosbag2_recorder]: A new publisher for subscribed topic /tf was found offering RMW_QOS_POLICY_DURABILITY_VOLATILE, but rosbag2 already subscribed requesting RMW_QOS_POLICY_DURABILITY_TRANSIENT_LOCAL. Messages from this new publisher will not be recorded.
[WARN] [1763728261.089384481] [rosbag2_recorder]: New publisher discovered on topic '/tf', offering incompatible QoS. No messages will be sent to it. Last incompatible policy: DURABILITY_QOS_POLICY
[WARN] [1763728261.094259423] [rosbag2_recorder]: New publisher discovered on topic '/tf', offering incompatible QoS. No messages will be sent to it. Last incompatible policy: DURABILITY_QOS_POLICY
[INFO] [1763728261.107929351] [rosbag2_recorder]: Subscribed to topic '/cmd_vel'
[INFO] [1763728262.144155715] [rosbag2_recorder]: Subscribed to topic '/plan_barn'
[INFO] [1763728262.144199281] [rosbag2_recorder]: All requested topics are subscribed. Stopping discovery...
[INFO] [1763728355.949674643] [rosbag2_cpp]: Writing remaining messages from cache to the bag. It may take a while
[INFO] [1763728355.950576059] [rosbag2_recorder]: Event publisher thread: Exiting
[INFO] [1763728355.950623605] [rosbag2_recorder]: Recording stopped
