stdin is not a terminal device. Keyboard handling disabled.[INFO] [1763743762.237702443] [rosbag2_recorder]: Press SPACE for pausing/resuming
[INFO] [1763743762.238991481] [rosbag2_storage]: Opened database '/home/mobrob/ros_ws/nov_20/world203_1121_084922/world203_1121_084922_0.db3' for READ_WRITE.
[INFO] [1763743762.241221627] [rosbag2_recorder]: Listening for topics...
[INFO] [1763743762.241289549] [rosbag2_recorder]: Event publisher thread: Starting
[INFO] [1763743762.241471319] [rosbag2_recorder]: Recording...
[INFO] [1763743762.344821185] [rosbag2_recorder]: Subscribed to topic '/cmd_vel'
[INFO] [1763743762.345772569] [rosbag2_recorder]: Subscribed to topic '/tf_static'
[INFO] [1763743763.258842270] [rosbag2_recorder]: Subscribed to topic '/odom'
[INFO] [1763743763.262507320] [rosbag2_recorder]: Subscribed to topic '/tf'
[WARN] [1763743764.240402222] [rosbag2_recorder]: New publisher discovered on topic '/tf', offering incompatible QoS. No messages will be sent to it. Last incompatible policy: DURABILITY_QOS_POLICY
[WARN] [1763743764.243693371] [rosbag2_recorder]: New publisher discovered on topic '/tf', offering incompatible QoS. No messages will be sent to it. Last incompatible policy: DURABILITY_QOS_POLICY
[WARN] [1763743764.245531982] [rosbag2_recorder]: New publisher discovered on topic '/tf', offering incompatible QoS. No messages will be sent to it. Last incompatible policy: DURABILITY_QOS_POLICY
[WARN] [1763743764.283229436] [rosbag2_recorder]: A new publisher for subscribed topic /tf was found offering RMW_QOS_POLICY_DURABILITY_VOLATILE, but rosbag2 already subscribed requesting RMW_QOS_POLICY_DURABILITY_TRANSIENT_LOCAL. Messages from this new publisher will not be recorded.
[WARN] [1763743764.283263174] [rosbag2_recorder]: A new publisher for subscribed topic /tf was found offering RMW_QOS_POLICY_DURABILITY_VOLATILE, but rosbag2 already subscribed requesting RMW_QOS_POLICY_DURABILITY_TRANSIENT_LOCAL. Messages from this new publisher will not be recorded.
[WARN] [1763743764.283267962] [rosbag2_recorder]: A new publisher for subscribed topic /tf was found offering RMW_QOS_POLICY_DURABILITY_VOLATILE, but rosbag2 already subscribed requesting RMW_QOS_POLICY_DURABILITY_TRANSIENT_LOCAL. Messages from this new publisher will not be recorded.
[INFO] [1763743764.284358704] [rosbag2_recorder]: Subscribed to topic '/plan_barn'
[INFO] [1763743764.285211648] [rosbag2_recorder]: Subscribed to topic '/plan_barn_odom'
[INFO] [1763743765.318689013] [rosbag2_recorder]: Subscribed to topic '/scan'
[INFO] [1763743765.318714439] [rosbag2_recorder]: All requested topics are subscribed. Stopping discovery...
[INFO] [1763743769.098900514] [rosbag2_cpp]: Writing remaining messages from cache to the bag. It may take a while
[INFO] [1763743769.099570888] [rosbag2_recorder]: Event publisher thread: Exiting
[INFO] [1763743769.099618043] [rosbag2_recorder]: Recording stopped
