stdin is not a terminal device. Keyboard handling disabled.[INFO] [1763736063.181632387] [rosbag2_recorder]: Press SPACE for pausing/resuming
[INFO] [1763736063.182418690] [rosbag2_storage]: Opened database '/home/mobrob/ros_ws/nov_20/world12_1121_064103/world12_1121_064103_0.db3' for READ_WRITE.
[INFO] [1763736063.183231479] [rosbag2_recorder]: Listening for topics...
[INFO] [1763736063.183241602] [rosbag2_recorder]: Event publisher thread: Starting
[INFO] [1763736063.183332553] [rosbag2_recorder]: Recording...
[INFO] [1763736063.287216147] [rosbag2_recorder]: Subscribed to topic '/cmd_vel'
[INFO] [1763736063.288209809] [rosbag2_recorder]: Subscribed to topic '/odom'
[INFO] [1763736063.289185955] [rosbag2_recorder]: Subscribed to topic '/plan_barn'
[INFO] [1763736063.289901848] [rosbag2_recorder]: Subscribed to topic '/plan_barn_odom'
[INFO] [1763736063.291390476] [rosbag2_recorder]: Subscribed to topic '/tf'
[INFO] [1763736063.292277612] [rosbag2_recorder]: Subscribed to topic '/tf_static'
[WARN] [1763736064.182818285] [rosbag2_recorder]: New publisher discovered on topic '/tf', offering incompatible QoS. No messages will be sent to it. Last incompatible policy: DURABILITY_QOS_POLICY
[WARN] [1763736064.213077384] [rosbag2_recorder]: A new publisher for subscribed topic /tf was found offering RMW_QOS_POLICY_DURABILITY_VOLATILE, but rosbag2 already subscribed requesting RMW_QOS_POLICY_DURABILITY_TRANSIENT_LOCAL. Messages from this new publisher will not be recorded.
[INFO] [1763736064.220292455] [rosbag2_recorder]: Subscribed to topic '/scan'
[INFO] [1763736064.220332559] [rosbag2_recorder]: All requested topics are subscribed. Stopping discovery...
[WARN] [1763736065.179559518] [rosbag2_recorder]: New publisher discovered on topic '/tf', offering incompatible QoS. No messages will be sent to it. Last incompatible policy: DURABILITY_QOS_POLICY
[WARN] [1763736065.181797711] [rosbag2_recorder]: New publisher discovered on topic '/tf', offering incompatible QoS. No messages will be sent to it. Last incompatible policy: DURABILITY_QOS_POLICY
[INFO] [1763736180.051664681] [rosbag2_cpp]: Writing remaining messages from cache to the bag. It may take a while
[INFO] [1763736180.052547484] [rosbag2_recorder]: Event publisher thread: Exiting
[INFO] [1763736180.052590529] [rosbag2_recorder]: Recording stopped
