stdin is not a terminal device. Keyboard handling disabled.[INFO] [1763744649.314610842] [rosbag2_recorder]: Press SPACE for pausing/resuming
[INFO] [1763744649.315420185] [rosbag2_storage]: Opened database '/home/mobrob/ros_ws/nov_20/world203_1121_090409/world203_1121_090409_0.db3' for READ_WRITE.
[INFO] [1763744649.316064129] [rosbag2_recorder]: Listening for topics...
[INFO] [1763744649.316075368] [rosbag2_recorder]: Event publisher thread: Starting
[INFO] [1763744649.316161326] [rosbag2_recorder]: Recording...
[INFO] [1763744649.418254417] [rosbag2_recorder]: Subscribed to topic '/cmd_vel'
[INFO] [1763744649.419368422] [rosbag2_recorder]: Subscribed to topic '/odom'
[INFO] [1763744649.420394960] [rosbag2_recorder]: Subscribed to topic '/tf'
[WARN] [1763744650.319262393] [rosbag2_recorder]: New publisher discovered on topic '/tf', offering incompatible QoS. No messages will be sent to it. Last incompatible policy: DURABILITY_QOS_POLICY
[WARN] [1763744650.320914844] [rosbag2_recorder]: New publisher discovered on topic '/tf', offering incompatible QoS. No messages will be sent to it. Last incompatible policy: DURABILITY_QOS_POLICY
[WARN] [1763744650.329680342] [rosbag2_recorder]: A new publisher for subscribed topic /tf was found offering RMW_QOS_POLICY_DURABILITY_VOLATILE, but rosbag2 already subscribed requesting RMW_QOS_POLICY_DURABILITY_TRANSIENT_LOCAL. Messages from this new publisher will not be recorded.
[WARN] [1763744650.329725052] [rosbag2_recorder]: A new publisher for subscribed topic /tf was found offering RMW_QOS_POLICY_DURABILITY_VOLATILE, but rosbag2 already subscribed requesting RMW_QOS_POLICY_DURABILITY_TRANSIENT_LOCAL. Messages from this new publisher will not be recorded.
[INFO] [1763744650.331270783] [rosbag2_recorder]: Subscribed to topic '/scan'
[INFO] [1763744650.332751054] [rosbag2_recorder]: Subscribed to topic '/tf_static'
[WARN] [1763744651.309485783] [rosbag2_recorder]: New publisher discovered on topic '/tf', offering incompatible QoS. No messages will be sent to it. Last incompatible policy: DURABILITY_QOS_POLICY
[INFO] [1763744651.361762633] [rosbag2_recorder]: Subscribed to topic '/plan_barn'
[INFO] [1763744651.362579076] [rosbag2_recorder]: Subscribed to topic '/plan_barn_odom'
[INFO] [1763744651.362593556] [rosbag2_recorder]: All requested topics are subscribed. Stopping discovery...
[INFO] [1763744656.192712902] [rosbag2_cpp]: Writing remaining messages from cache to the bag. It may take a while
[INFO] [1763744656.193212553] [rosbag2_recorder]: Event publisher thread: Exiting
[INFO] [1763744656.193260952] [rosbag2_recorder]: Recording stopped
