stdin is not a terminal device. Keyboard handling disabled.[INFO] [1763745509.733447977] [rosbag2_recorder]: Press SPACE for pausing/resuming
[INFO] [1763745509.734185683] [rosbag2_storage]: Opened database '/home/mobrob/ros_ws/nov_20/world203_1121_091829/world203_1121_091829_0.db3' for READ_WRITE.
[INFO] [1763745509.734792701] [rosbag2_recorder]: Listening for topics...
[INFO] [1763745509.734804858] [rosbag2_recorder]: Event publisher thread: Starting
[INFO] [1763745509.734877393] [rosbag2_recorder]: Recording...
[INFO] [1763745509.839190490] [rosbag2_recorder]: Subscribed to topic '/cmd_vel'
[INFO] [1763745509.840509541] [rosbag2_recorder]: Subscribed to topic '/odom'
[INFO] [1763745509.841901050] [rosbag2_recorder]: Subscribed to topic '/scan'
[INFO] [1763745509.843363383] [rosbag2_recorder]: Subscribed to topic '/tf'
[INFO] [1763745509.844188661] [rosbag2_recorder]: Subscribed to topic '/tf_static'
[WARN] [1763745510.740949688] [rosbag2_recorder]: New publisher discovered on topic '/tf', offering incompatible QoS. No messages will be sent to it. Last incompatible policy: DURABILITY_QOS_POLICY
[WARN] [1763745510.761871547] [rosbag2_recorder]: New publisher discovered on topic '/tf', offering incompatible QoS. No messages will be sent to it. Last incompatible policy: DURABILITY_QOS_POLICY
[WARN] [1763745510.763141076] [rosbag2_recorder]: New publisher discovered on topic '/tf', offering incompatible QoS. No messages will be sent to it. Last incompatible policy: DURABILITY_QOS_POLICY
[WARN] [1763745510.768449803] [rosbag2_recorder]: A new publisher for subscribed topic /tf was found offering RMW_QOS_POLICY_DURABILITY_VOLATILE, but rosbag2 already subscribed requesting RMW_QOS_POLICY_DURABILITY_TRANSIENT_LOCAL. Messages from this new publisher will not be recorded.
[WARN] [1763745510.768496484] [rosbag2_recorder]: A new publisher for subscribed topic /tf was found offering RMW_QOS_POLICY_DURABILITY_VOLATILE, but rosbag2 already subscribed requesting RMW_QOS_POLICY_DURABILITY_TRANSIENT_LOCAL. Messages from this new publisher will not be recorded.
[WARN] [1763745510.768507118] [rosbag2_recorder]: A new publisher for subscribed topic /tf was found offering RMW_QOS_POLICY_DURABILITY_VOLATILE, but rosbag2 already subscribed requesting RMW_QOS_POLICY_DURABILITY_TRANSIENT_LOCAL. Messages from this new publisher will not be recorded.
[INFO] [1763745510.874321651] [rosbag2_recorder]: Subscribed to topic '/plan_barn'
[INFO] [1763745510.875032992] [rosbag2_recorder]: Subscribed to topic '/plan_barn_odom'
[INFO] [1763745510.875050343] [rosbag2_recorder]: All requested topics are subscribed. Stopping discovery...
[INFO] [1763745881.616378220] [rosbag2_cpp]: Writing remaining messages from cache to the bag. It may take a while
[INFO] [1763745881.617146477] [rosbag2_recorder]: Event publisher thread: Exiting
[INFO] [1763745881.617204189] [rosbag2_recorder]: Recording stopped
