stdin is not a terminal device. Keyboard handling disabled.[INFO] [1763713481.160438120] [rosbag2_recorder]: Press SPACE for pausing/resuming
[INFO] [1763713481.161659702] [rosbag2_storage]: Opened database '/home/mobrob/ros_ws/nov_20/world210_1121_002441/world210_1121_002441_0.db3' for READ_WRITE.
[INFO] [1763713481.162470700] [rosbag2_recorder]: Listening for topics...
[INFO] [1763713481.162545955] [rosbag2_recorder]: Event publisher thread: Starting
[INFO] [1763713481.162598430] [rosbag2_recorder]: Recording...
[INFO] [1763713481.268370277] [rosbag2_recorder]: Subscribed to topic '/cmd_vel'
[INFO] [1763713481.269964033] [rosbag2_recorder]: Subscribed to topic '/odom'
[INFO] [1763713481.270791278] [rosbag2_recorder]: Subscribed to topic '/plan_barn'
[INFO] [1763713481.271698513] [rosbag2_recorder]: Subscribed to topic '/plan_barn_odom'
[INFO] [1763713481.273220757] [rosbag2_recorder]: Subscribed to topic '/tf'
[INFO] [1763713481.273931895] [rosbag2_recorder]: Subscribed to topic '/tf_static'
[WARN] [1763713482.165963601] [rosbag2_recorder]: New publisher discovered on topic '/tf', offering incompatible QoS. No messages will be sent to it. Last incompatible policy: DURABILITY_QOS_POLICY
[WARN] [1763713482.188553948] [rosbag2_recorder]: New publisher discovered on topic '/tf', offering incompatible QoS. No messages will be sent to it. Last incompatible policy: DURABILITY_QOS_POLICY
[WARN] [1763713482.189859925] [rosbag2_recorder]: New publisher discovered on topic '/tf', offering incompatible QoS. No messages will be sent to it. Last incompatible policy: DURABILITY_QOS_POLICY
[WARN] [1763713482.194906594] [rosbag2_recorder]: A new publisher for subscribed topic /tf was found offering RMW_QOS_POLICY_DURABILITY_VOLATILE, but rosbag2 already subscribed requesting RMW_QOS_POLICY_DURABILITY_TRANSIENT_LOCAL. Messages from this new publisher will not be recorded.
[WARN] [1763713482.194934943] [rosbag2_recorder]: A new publisher for subscribed topic /tf was found offering RMW_QOS_POLICY_DURABILITY_VOLATILE, but rosbag2 already subscribed requesting RMW_QOS_POLICY_DURABILITY_TRANSIENT_LOCAL. Messages from this new publisher will not be recorded.
[WARN] [1763713482.194937742] [rosbag2_recorder]: A new publisher for subscribed topic /tf was found offering RMW_QOS_POLICY_DURABILITY_VOLATILE, but rosbag2 already subscribed requesting RMW_QOS_POLICY_DURABILITY_TRANSIENT_LOCAL. Messages from this new publisher will not be recorded.
[INFO] [1763713482.196149106] [rosbag2_recorder]: Subscribed to topic '/scan'
[INFO] [1763713482.196183962] [rosbag2_recorder]: All requested topics are subscribed. Stopping discovery...
[INFO] [1763713661.031579219] [rosbag2_cpp]: Writing remaining messages from cache to the bag. It may take a while
[INFO] [1763713661.032432059] [rosbag2_recorder]: Event publisher thread: Exiting
[INFO] [1763713661.032475290] [rosbag2_recorder]: Recording stopped
