stdin is not a terminal device. Keyboard handling disabled.[INFO] [1763754736.219764306] [rosbag2_recorder]: Press SPACE for pausing/resuming
[INFO] [1763754736.221163252] [rosbag2_storage]: Opened database '/home/mobrob/ros_ws/nov_20/world75_1121_115216/world75_1121_115216_0.db3' for READ_WRITE.
[INFO] [1763754736.222560995] [rosbag2_recorder]: Listening for topics...
[INFO] [1763754736.222711786] [rosbag2_recorder]: Recording...
[INFO] [1763754736.223607610] [rosbag2_recorder]: Event publisher thread: Starting
[INFO] [1763754736.326334316] [rosbag2_recorder]: Subscribed to topic '/cmd_vel'
[INFO] [1763754736.328069884] [rosbag2_recorder]: Subscribed to topic '/odom'
[INFO] [1763754736.329651412] [rosbag2_recorder]: Subscribed to topic '/tf'
[WARN] [1763754737.216173511] [rosbag2_recorder]: New publisher discovered on topic '/tf', offering incompatible QoS. No messages will be sent to it. Last incompatible policy: DURABILITY_QOS_POLICY
[WARN] [1763754737.224679927] [rosbag2_recorder]: New publisher discovered on topic '/tf', offering incompatible QoS. No messages will be sent to it. Last incompatible policy: DURABILITY_QOS_POLICY
[WARN] [1763754737.228678457] [rosbag2_recorder]: New publisher discovered on topic '/tf', offering incompatible QoS. No messages will be sent to it. Last incompatible policy: DURABILITY_QOS_POLICY
[WARN] [1763754737.245681670] [rosbag2_recorder]: A new publisher for subscribed topic /tf was found offering RMW_QOS_POLICY_DURABILITY_VOLATILE, but rosbag2 already subscribed requesting RMW_QOS_POLICY_DURABILITY_TRANSIENT_LOCAL. Messages from this new publisher will not be recorded.
[WARN] [1763754737.245707722] [rosbag2_recorder]: A new publisher for subscribed topic /tf was found offering RMW_QOS_POLICY_DURABILITY_VOLATILE, but rosbag2 already subscribed requesting RMW_QOS_POLICY_DURABILITY_TRANSIENT_LOCAL. Messages from this new publisher will not be recorded.
[WARN] [1763754737.245711317] [rosbag2_recorder]: A new publisher for subscribed topic /tf was found offering RMW_QOS_POLICY_DURABILITY_VOLATILE, but rosbag2 already subscribed requesting RMW_QOS_POLICY_DURABILITY_TRANSIENT_LOCAL. Messages from this new publisher will not be recorded.
[INFO] [1763754737.246715506] [rosbag2_recorder]: Subscribed to topic '/plan_barn'
[INFO] [1763754737.247526111] [rosbag2_recorder]: Subscribed to topic '/plan_barn_odom'
[INFO] [1763754737.248725328] [rosbag2_recorder]: Subscribed to topic '/scan'
[INFO] [1763754737.249965910] [rosbag2_recorder]: Subscribed to topic '/tf_static'
[INFO] [1763754737.249992338] [rosbag2_recorder]: All requested topics are subscribed. Stopping discovery...
[INFO] [1763754784.082422809] [rosbag2_cpp]: Writing remaining messages from cache to the bag. It may take a while
[INFO] [1763754784.083335778] [rosbag2_recorder]: Event publisher thread: Exiting
[INFO] [1763754784.083392713] [rosbag2_recorder]: Recording stopped
