stdin is not a terminal device. Keyboard handling disabled.[INFO] [1763711828.414781445] [rosbag2_recorder]: Press SPACE for pausing/resuming
[INFO] [1763711828.415820710] [rosbag2_storage]: Opened database '/home/mobrob/ros_ws/nov_20/world203_1120_235708/world203_1120_235708_0.db3' for READ_WRITE.
[INFO] [1763711828.416798385] [rosbag2_recorder]: Listening for topics...
[INFO] [1763711828.416821303] [rosbag2_recorder]: Event publisher thread: Starting
[INFO] [1763711828.416896626] [rosbag2_recorder]: Recording...
[INFO] [1763711828.520348431] [rosbag2_recorder]: Subscribed to topic '/cmd_vel'
[INFO] [1763711828.521786872] [rosbag2_recorder]: Subscribed to topic '/odom'
[INFO] [1763711828.522628348] [rosbag2_recorder]: Subscribed to topic '/scan'
[INFO] [1763711828.524076173] [rosbag2_recorder]: Subscribed to topic '/tf'
[INFO] [1763711828.524870810] [rosbag2_recorder]: Subscribed to topic '/tf_static'
[WARN] [1763711829.420741439] [rosbag2_recorder]: New publisher discovered on topic '/tf', offering incompatible QoS. No messages will be sent to it. Last incompatible policy: DURABILITY_QOS_POLICY
[WARN] [1763711829.425717075] [rosbag2_recorder]: New publisher discovered on topic '/tf', offering incompatible QoS. No messages will be sent to it. Last incompatible policy: DURABILITY_QOS_POLICY
[WARN] [1763711829.426873148] [rosbag2_recorder]: New publisher discovered on topic '/tf', offering incompatible QoS. No messages will be sent to it. Last incompatible policy: DURABILITY_QOS_POLICY
[WARN] [1763711829.437751756] [rosbag2_recorder]: A new publisher for subscribed topic /tf was found offering RMW_QOS_POLICY_DURABILITY_VOLATILE, but rosbag2 already subscribed requesting RMW_QOS_POLICY_DURABILITY_TRANSIENT_LOCAL. Messages from this new publisher will not be recorded.
[WARN] [1763711829.437824031] [rosbag2_recorder]: A new publisher for subscribed topic /tf was found offering RMW_QOS_POLICY_DURABILITY_VOLATILE, but rosbag2 already subscribed requesting RMW_QOS_POLICY_DURABILITY_TRANSIENT_LOCAL. Messages from this new publisher will not be recorded.
[WARN] [1763711829.437840673] [rosbag2_recorder]: A new publisher for subscribed topic /tf was found offering RMW_QOS_POLICY_DURABILITY_VOLATILE, but rosbag2 already subscribed requesting RMW_QOS_POLICY_DURABILITY_TRANSIENT_LOCAL. Messages from this new publisher will not be recorded.
[INFO] [1763711830.461347465] [rosbag2_recorder]: Subscribed to topic '/plan_barn'
[INFO] [1763711830.462350324] [rosbag2_recorder]: Subscribed to topic '/plan_barn_odom'
[INFO] [1763711830.462376981] [rosbag2_recorder]: All requested topics are subscribed. Stopping discovery...
[INFO] [1763711835.287292548] [rosbag2_cpp]: Writing remaining messages from cache to the bag. It may take a while
[INFO] [1763711835.287969263] [rosbag2_recorder]: Event publisher thread: Exiting
[INFO] [1763711835.288006962] [rosbag2_recorder]: Recording stopped
