stdin is not a terminal device. Keyboard handling disabled.[INFO] [1763745000.917548245] [rosbag2_recorder]: Press SPACE for pausing/resuming
[INFO] [1763745000.918758267] [rosbag2_storage]: Opened database '/home/mobrob/ros_ws/nov_20/world203_1121_091000/world203_1121_091000_0.db3' for READ_WRITE.
[INFO] [1763745000.919563021] [rosbag2_recorder]: Listening for topics...
[INFO] [1763745000.919572352] [rosbag2_recorder]: Event publisher thread: Starting
[INFO] [1763745000.919679871] [rosbag2_recorder]: Recording...
[INFO] [1763745001.022334604] [rosbag2_recorder]: Subscribed to topic '/cmd_vel'
[INFO] [1763745001.023279092] [rosbag2_recorder]: Subscribed to topic '/odom'
[INFO] [1763745001.024176357] [rosbag2_recorder]: Subscribed to topic '/tf'
[WARN] [1763745001.944619766] [rosbag2_recorder]: New publisher discovered on topic '/tf', offering incompatible QoS. No messages will be sent to it. Last incompatible policy: DURABILITY_QOS_POLICY
[WARN] [1763745001.945940016] [rosbag2_recorder]: A new publisher for subscribed topic /tf was found offering RMW_QOS_POLICY_DURABILITY_VOLATILE, but rosbag2 already subscribed requesting RMW_QOS_POLICY_DURABILITY_TRANSIENT_LOCAL. Messages from this new publisher will not be recorded.
[INFO] [1763745001.950767548] [rosbag2_recorder]: Subscribed to topic '/tf_static'
[WARN] [1763745001.953589167] [rosbag2_recorder]: New publisher discovered on topic '/tf', offering incompatible QoS. No messages will be sent to it. Last incompatible policy: DURABILITY_QOS_POLICY
[WARN] [1763745002.926208960] [rosbag2_recorder]: New publisher discovered on topic '/tf', offering incompatible QoS. No messages will be sent to it. Last incompatible policy: DURABILITY_QOS_POLICY
[INFO] [1763745002.981430532] [rosbag2_recorder]: Subscribed to topic '/plan_barn'
[INFO] [1763745002.982563512] [rosbag2_recorder]: Subscribed to topic '/plan_barn_odom'
[INFO] [1763745002.984110273] [rosbag2_recorder]: Subscribed to topic '/scan'
[INFO] [1763745002.984135620] [rosbag2_recorder]: All requested topics are subscribed. Stopping discovery...
[INFO] [1763745177.802900837] [rosbag2_cpp]: Writing remaining messages from cache to the bag. It may take a while
[INFO] [1763745177.803780035] [rosbag2_recorder]: Event publisher thread: Exiting
[INFO] [1763745177.803817597] [rosbag2_recorder]: Recording stopped
