stdin is not a terminal device. Keyboard handling disabled.[INFO] [1763732257.485856426] [rosbag2_recorder]: Press SPACE for pausing/resuming
[INFO] [1763732257.486731819] [rosbag2_storage]: Opened database '/home/mobrob/ros_ws/nov_20/world69_1121_053737/world69_1121_053737_0.db3' for READ_WRITE.
[INFO] [1763732257.487572995] [rosbag2_recorder]: Listening for topics...
[INFO] [1763732257.487584718] [rosbag2_recorder]: Event publisher thread: Starting
[INFO] [1763732257.487717687] [rosbag2_recorder]: Recording...
[INFO] [1763732257.591026288] [rosbag2_recorder]: Subscribed to topic '/cmd_vel'
[INFO] [1763732257.592059235] [rosbag2_recorder]: Subscribed to topic '/odom'
[INFO] [1763732257.592995777] [rosbag2_recorder]: Subscribed to topic '/tf'
[WARN] [1763732258.487441240] [rosbag2_recorder]: New publisher discovered on topic '/tf', offering incompatible QoS. No messages will be sent to it. Last incompatible policy: DURABILITY_QOS_POLICY
[WARN] [1763732258.493570507] [rosbag2_recorder]: New publisher discovered on topic '/tf', offering incompatible QoS. No messages will be sent to it. Last incompatible policy: DURABILITY_QOS_POLICY
[WARN] [1763732258.508536040] [rosbag2_recorder]: A new publisher for subscribed topic /tf was found offering RMW_QOS_POLICY_DURABILITY_VOLATILE, but rosbag2 already subscribed requesting RMW_QOS_POLICY_DURABILITY_TRANSIENT_LOCAL. Messages from this new publisher will not be recorded.
[WARN] [1763732258.508568319] [rosbag2_recorder]: A new publisher for subscribed topic /tf was found offering RMW_QOS_POLICY_DURABILITY_VOLATILE, but rosbag2 already subscribed requesting RMW_QOS_POLICY_DURABILITY_TRANSIENT_LOCAL. Messages from this new publisher will not be recorded.
[WARN] [1763732258.508571616] [rosbag2_recorder]: A new publisher for subscribed topic /tf was found offering RMW_QOS_POLICY_DURABILITY_VOLATILE, but rosbag2 already subscribed requesting RMW_QOS_POLICY_DURABILITY_TRANSIENT_LOCAL. Messages from this new publisher will not be recorded.
[INFO] [1763732258.509710403] [rosbag2_recorder]: Subscribed to topic '/plan_barn'
[INFO] [1763732258.510581578] [rosbag2_recorder]: Subscribed to topic '/plan_barn_odom'
[INFO] [1763732258.511956109] [rosbag2_recorder]: Subscribed to topic '/scan'
[INFO] [1763732258.512776156] [rosbag2_recorder]: Subscribed to topic '/tf_static'
[INFO] [1763732258.512801883] [rosbag2_recorder]: All requested topics are subscribed. Stopping discovery...
[INFO] [1763732347.350312892] [rosbag2_cpp]: Writing remaining messages from cache to the bag. It may take a while
[INFO] [1763732347.351214427] [rosbag2_recorder]: Event publisher thread: Exiting
[INFO] [1763732347.351259921] [rosbag2_recorder]: Recording stopped
