stdin is not a terminal device. Keyboard handling disabled.[INFO] [1763710182.361894352] [rosbag2_recorder]: Press SPACE for pausing/resuming
[INFO] [1763710182.362747028] [rosbag2_storage]: Opened database '/home/mobrob/ros_ws/nov_20/world125_1120_232942/world125_1120_232942_0.db3' for READ_WRITE.
[INFO] [1763710182.363745014] [rosbag2_recorder]: Listening for topics...
[INFO] [1763710182.363878999] [rosbag2_recorder]: Recording...
[INFO] [1763710182.365545504] [rosbag2_recorder]: Event publisher thread: Starting
[INFO] [1763710182.467410411] [rosbag2_recorder]: Subscribed to topic '/odom'
[INFO] [1763710182.468518554] [rosbag2_recorder]: Subscribed to topic '/tf'
[WARN] [1763710183.360436137] [rosbag2_recorder]: New publisher discovered on topic '/tf', offering incompatible QoS. No messages will be sent to it. Last incompatible policy: DURABILITY_QOS_POLICY
[WARN] [1763710183.367741271] [rosbag2_recorder]: New publisher discovered on topic '/tf', offering incompatible QoS. No messages will be sent to it. Last incompatible policy: DURABILITY_QOS_POLICY
[WARN] [1763710183.374416352] [rosbag2_recorder]: New publisher discovered on topic '/tf', offering incompatible QoS. No messages will be sent to it. Last incompatible policy: DURABILITY_QOS_POLICY
[WARN] [1763710183.381240807] [rosbag2_recorder]: A new publisher for subscribed topic /tf was found offering RMW_QOS_POLICY_DURABILITY_VOLATILE, but rosbag2 already subscribed requesting RMW_QOS_POLICY_DURABILITY_TRANSIENT_LOCAL. Messages from this new publisher will not be recorded.
[WARN] [1763710183.381271990] [rosbag2_recorder]: A new publisher for subscribed topic /tf was found offering RMW_QOS_POLICY_DURABILITY_VOLATILE, but rosbag2 already subscribed requesting RMW_QOS_POLICY_DURABILITY_TRANSIENT_LOCAL. Messages from this new publisher will not be recorded.
[WARN] [1763710183.381277420] [rosbag2_recorder]: A new publisher for subscribed topic /tf was found offering RMW_QOS_POLICY_DURABILITY_VOLATILE, but rosbag2 already subscribed requesting RMW_QOS_POLICY_DURABILITY_TRANSIENT_LOCAL. Messages from this new publisher will not be recorded.
[INFO] [1763710183.382264055] [rosbag2_recorder]: Subscribed to topic '/cmd_vel'
[INFO] [1763710183.383099275] [rosbag2_recorder]: Subscribed to topic '/plan_barn'
[INFO] [1763710183.383754017] [rosbag2_recorder]: Subscribed to topic '/plan_barn_odom'
[INFO] [1763710183.384724090] [rosbag2_recorder]: Subscribed to topic '/scan'
[INFO] [1763710183.385539486] [rosbag2_recorder]: Subscribed to topic '/tf_static'
[INFO] [1763710183.385566568] [rosbag2_recorder]: All requested topics are subscribed. Stopping discovery...
[INFO] [1763710189.237681118] [rosbag2_cpp]: Writing remaining messages from cache to the bag. It may take a while
[INFO] [1763710189.238339151] [rosbag2_recorder]: Event publisher thread: Exiting
[INFO] [1763710189.238377454] [rosbag2_recorder]: Recording stopped
