stdin is not a terminal device. Keyboard handling disabled.[INFO] [1763741043.295601750] [rosbag2_recorder]: Press SPACE for pausing/resuming
[INFO] [1763741043.296639952] [rosbag2_storage]: Opened database '/home/mobrob/ros_ws/nov_20/world125_1121_080403/world125_1121_080403_0.db3' for READ_WRITE.
[INFO] [1763741043.297859092] [rosbag2_recorder]: Listening for topics...
[INFO] [1763741043.297877935] [rosbag2_recorder]: Event publisher thread: Starting
[INFO] [1763741043.297988337] [rosbag2_recorder]: Recording...
[INFO] [1763741043.400673194] [rosbag2_recorder]: Subscribed to topic '/cmd_vel'
[INFO] [1763741043.402336288] [rosbag2_recorder]: Subscribed to topic '/odom'
[INFO] [1763741043.403668592] [rosbag2_recorder]: Subscribed to topic '/scan'
[INFO] [1763741043.405102990] [rosbag2_recorder]: Subscribed to topic '/tf'
[INFO] [1763741043.405991233] [rosbag2_recorder]: Subscribed to topic '/tf_static'
[WARN] [1763741044.305581297] [rosbag2_recorder]: New publisher discovered on topic '/tf', offering incompatible QoS. No messages will be sent to it. Last incompatible policy: DURABILITY_QOS_POLICY
[WARN] [1763741044.312454938] [rosbag2_recorder]: New publisher discovered on topic '/tf', offering incompatible QoS. No messages will be sent to it. Last incompatible policy: DURABILITY_QOS_POLICY
[WARN] [1763741044.319254890] [rosbag2_recorder]: A new publisher for subscribed topic /tf was found offering RMW_QOS_POLICY_DURABILITY_VOLATILE, but rosbag2 already subscribed requesting RMW_QOS_POLICY_DURABILITY_TRANSIENT_LOCAL. Messages from this new publisher will not be recorded.
[WARN] [1763741044.319301265] [rosbag2_recorder]: A new publisher for subscribed topic /tf was found offering RMW_QOS_POLICY_DURABILITY_VOLATILE, but rosbag2 already subscribed requesting RMW_QOS_POLICY_DURABILITY_TRANSIENT_LOCAL. Messages from this new publisher will not be recorded.
[INFO] [1763741044.422878459] [rosbag2_recorder]: Subscribed to topic '/plan_barn'
[INFO] [1763741044.423660689] [rosbag2_recorder]: Subscribed to topic '/plan_barn_odom'
[INFO] [1763741044.423673320] [rosbag2_recorder]: All requested topics are subscribed. Stopping discovery...
[WARN] [1763741045.293659773] [rosbag2_recorder]: New publisher discovered on topic '/tf', offering incompatible QoS. No messages will be sent to it. Last incompatible policy: DURABILITY_QOS_POLICY
[INFO] [1763741219.155134155] [rosbag2_cpp]: Writing remaining messages from cache to the bag. It may take a while
[INFO] [1763741219.156007674] [rosbag2_recorder]: Event publisher thread: Exiting
[INFO] [1763741219.156078797] [rosbag2_recorder]: Recording stopped
