stdin is not a terminal device. Keyboard handling disabled.[INFO] [1763755214.159332178] [rosbag2_recorder]: Press SPACE for pausing/resuming
[INFO] [1763755214.160312469] [rosbag2_storage]: Opened database '/home/mobrob/ros_ws/nov_20/world75_1121_120014/world75_1121_120014_0.db3' for READ_WRITE.
[INFO] [1763755214.160965179] [rosbag2_recorder]: Listening for topics...
[INFO] [1763755214.160973511] [rosbag2_recorder]: Event publisher thread: Starting
[INFO] [1763755214.161127944] [rosbag2_recorder]: Recording...
[INFO] [1763755214.262536076] [rosbag2_recorder]: Subscribed to topic '/odom'
[INFO] [1763755214.263235035] [rosbag2_recorder]: Subscribed to topic '/tf'
[WARN] [1763755214.393292709] [rosbag2_recorder]: New publisher discovered on topic '/tf', offering incompatible QoS. No messages will be sent to it. Last incompatible policy: DURABILITY_QOS_POLICY
[WARN] [1763755214.464121962] [rosbag2_recorder]: A new publisher for subscribed topic /tf was found offering RMW_QOS_POLICY_DURABILITY_VOLATILE, but rosbag2 already subscribed requesting RMW_QOS_POLICY_DURABILITY_TRANSIENT_LOCAL. Messages from this new publisher will not be recorded.
[INFO] [1763755214.464935869] [rosbag2_recorder]: Subscribed to topic '/tf_static'
[WARN] [1763755214.556001583] [rosbag2_recorder]: New publisher discovered on topic '/tf', offering incompatible QoS. No messages will be sent to it. Last incompatible policy: DURABILITY_QOS_POLICY
[INFO] [1763755214.567418641] [rosbag2_recorder]: Subscribed to topic '/scan'
[INFO] [1763755214.670126375] [rosbag2_recorder]: Subscribed to topic '/cmd_vel'
[WARN] [1763755215.494271468] [rosbag2_recorder]: New publisher discovered on topic '/tf', offering incompatible QoS. No messages will be sent to it. Last incompatible policy: DURABILITY_QOS_POLICY
[INFO] [1763755216.514654454] [rosbag2_recorder]: Subscribed to topic '/plan_barn'
[INFO] [1763755216.515824738] [rosbag2_recorder]: Subscribed to topic '/plan_barn_odom'
[INFO] [1763755216.515847273] [rosbag2_recorder]: All requested topics are subscribed. Stopping discovery...
[INFO] [1763755263.010223398] [rosbag2_cpp]: Writing remaining messages from cache to the bag. It may take a while
[INFO] [1763755263.011044380] [rosbag2_recorder]: Event publisher thread: Exiting
[INFO] [1763755263.011101980] [rosbag2_recorder]: Recording stopped
