stdin is not a terminal device. Keyboard handling disabled.[INFO] [1763705731.501726330] [rosbag2_recorder]: Press SPACE for pausing/resuming
[INFO] [1763705731.502490039] [rosbag2_storage]: Opened database '/home/mobrob/ros_ws/nov_20/world12_1120_221531/world12_1120_221531_0.db3' for READ_WRITE.
[INFO] [1763705731.503266491] [rosbag2_recorder]: Listening for topics...
[INFO] [1763705731.503327181] [rosbag2_recorder]: Event publisher thread: Starting
[INFO] [1763705731.503556008] [rosbag2_recorder]: Recording...
[INFO] [1763705731.608483507] [rosbag2_recorder]: Subscribed to topic '/odom'
[INFO] [1763705731.609469007] [rosbag2_recorder]: Subscribed to topic '/plan_barn'
[INFO] [1763705731.610360871] [rosbag2_recorder]: Subscribed to topic '/plan_barn_odom'
[INFO] [1763705731.611457570] [rosbag2_recorder]: Subscribed to topic '/tf'
[WARN] [1763705732.508546110] [rosbag2_recorder]: New publisher discovered on topic '/tf', offering incompatible QoS. No messages will be sent to it. Last incompatible policy: DURABILITY_QOS_POLICY
[WARN] [1763705732.515710617] [rosbag2_recorder]: New publisher discovered on topic '/tf', offering incompatible QoS. No messages will be sent to it. Last incompatible policy: DURABILITY_QOS_POLICY
[WARN] [1763705732.523123230] [rosbag2_recorder]: A new publisher for subscribed topic /tf was found offering RMW_QOS_POLICY_DURABILITY_VOLATILE, but rosbag2 already subscribed requesting RMW_QOS_POLICY_DURABILITY_TRANSIENT_LOCAL. Messages from this new publisher will not be recorded.
[WARN] [1763705732.523157673] [rosbag2_recorder]: A new publisher for subscribed topic /tf was found offering RMW_QOS_POLICY_DURABILITY_VOLATILE, but rosbag2 already subscribed requesting RMW_QOS_POLICY_DURABILITY_TRANSIENT_LOCAL. Messages from this new publisher will not be recorded.
[INFO] [1763705732.524948549] [rosbag2_recorder]: Subscribed to topic '/scan'
[INFO] [1763705732.526211109] [rosbag2_recorder]: Subscribed to topic '/tf_static'
[WARN] [1763705733.498083984] [rosbag2_recorder]: New publisher discovered on topic '/tf', offering incompatible QoS. No messages will be sent to it. Last incompatible policy: DURABILITY_QOS_POLICY
[INFO] [1763705733.557149535] [rosbag2_recorder]: Subscribed to topic '/cmd_vel'
[INFO] [1763705733.557176967] [rosbag2_recorder]: All requested topics are subscribed. Stopping discovery...
[INFO] [1763705738.383838381] [rosbag2_cpp]: Writing remaining messages from cache to the bag. It may take a while
[INFO] [1763705738.384559600] [rosbag2_recorder]: Event publisher thread: Exiting
[INFO] [1763705738.384636543] [rosbag2_recorder]: Recording stopped
