stdin is not a terminal device. Keyboard handling disabled.[INFO] [1763739809.135339059] [rosbag2_recorder]: Press SPACE for pausing/resuming
[INFO] [1763739809.136262124] [rosbag2_storage]: Opened database '/home/mobrob/ros_ws/nov_20/world75_1121_074328/world75_1121_074328_0.db3' for READ_WRITE.
[INFO] [1763739809.137638087] [rosbag2_recorder]: Listening for topics...
[INFO] [1763739809.137751638] [rosbag2_recorder]: Recording...
[INFO] [1763739809.138059170] [rosbag2_recorder]: Event publisher thread: Starting
[INFO] [1763739809.242550512] [rosbag2_recorder]: Subscribed to topic '/cmd_vel'
[INFO] [1763739809.244100687] [rosbag2_recorder]: Subscribed to topic '/odom'
[INFO] [1763739809.245113026] [rosbag2_recorder]: Subscribed to topic '/plan_barn'
[INFO] [1763739809.246090696] [rosbag2_recorder]: Subscribed to topic '/plan_barn_odom'
[INFO] [1763739809.247128974] [rosbag2_recorder]: Subscribed to topic '/scan'
[INFO] [1763739809.248217266] [rosbag2_recorder]: Subscribed to topic '/tf'
[WARN] [1763739810.134795099] [rosbag2_recorder]: New publisher discovered on topic '/tf', offering incompatible QoS. No messages will be sent to it. Last incompatible policy: DURABILITY_QOS_POLICY
[WARN] [1763739810.162637115] [rosbag2_recorder]: A new publisher for subscribed topic /tf was found offering RMW_QOS_POLICY_DURABILITY_VOLATILE, but rosbag2 already subscribed requesting RMW_QOS_POLICY_DURABILITY_TRANSIENT_LOCAL. Messages from this new publisher will not be recorded.
[INFO] [1763739810.163799094] [rosbag2_recorder]: Subscribed to topic '/tf_static'
[INFO] [1763739810.163826387] [rosbag2_recorder]: All requested topics are subscribed. Stopping discovery...
[WARN] [1763739811.130209651] [rosbag2_recorder]: New publisher discovered on topic '/tf', offering incompatible QoS. No messages will be sent to it. Last incompatible policy: DURABILITY_QOS_POLICY
[WARN] [1763739811.134999303] [rosbag2_recorder]: New publisher discovered on topic '/tf', offering incompatible QoS. No messages will be sent to it. Last incompatible policy: DURABILITY_QOS_POLICY
[INFO] [1763740180.989901693] [rosbag2_cpp]: Writing remaining messages from cache to the bag. It may take a while
[INFO] [1763740180.990623831] [rosbag2_recorder]: Event publisher thread: Exiting
[INFO] [1763740180.990680472] [rosbag2_recorder]: Recording stopped
