stdin is not a terminal device. Keyboard handling disabled.[INFO] [1763762313.813112578] [rosbag2_recorder]: Press SPACE for pausing/resuming
[INFO] [1763762313.813867159] [rosbag2_storage]: Opened database '/home/mobrob/ros_ws/nov_20/world69_1121_135833/world69_1121_135833_0.db3' for READ_WRITE.
[INFO] [1763762313.814591484] [rosbag2_recorder]: Listening for topics...
[INFO] [1763762313.814601172] [rosbag2_recorder]: Event publisher thread: Starting
[INFO] [1763762313.814702316] [rosbag2_recorder]: Recording...
[INFO] [1763762313.916860110] [rosbag2_recorder]: Subscribed to topic '/odom'
[INFO] [1763762313.918365476] [rosbag2_recorder]: Subscribed to topic '/tf'
[WARN] [1763762314.819683192] [rosbag2_recorder]: New publisher discovered on topic '/tf', offering incompatible QoS. No messages will be sent to it. Last incompatible policy: DURABILITY_QOS_POLICY
[WARN] [1763762314.835537127] [rosbag2_recorder]: A new publisher for subscribed topic /tf was found offering RMW_QOS_POLICY_DURABILITY_VOLATILE, but rosbag2 already subscribed requesting RMW_QOS_POLICY_DURABILITY_TRANSIENT_LOCAL. Messages from this new publisher will not be recorded.
[INFO] [1763762314.841482507] [rosbag2_recorder]: Subscribed to topic '/cmd_vel'
[INFO] [1763762314.842903251] [rosbag2_recorder]: Subscribed to topic '/tf_static'
[INFO] [1763762314.947173893] [rosbag2_recorder]: Subscribed to topic '/plan_barn'
[INFO] [1763762314.948092590] [rosbag2_recorder]: Subscribed to topic '/plan_barn_odom'
[WARN] [1763762315.810560260] [rosbag2_recorder]: New publisher discovered on topic '/tf', offering incompatible QoS. No messages will be sent to it. Last incompatible policy: DURABILITY_QOS_POLICY
[WARN] [1763762315.817404400] [rosbag2_recorder]: New publisher discovered on topic '/tf', offering incompatible QoS. No messages will be sent to it. Last incompatible policy: DURABILITY_QOS_POLICY
[INFO] [1763762315.877315966] [rosbag2_recorder]: Subscribed to topic '/scan'
[INFO] [1763762315.877351164] [rosbag2_recorder]: All requested topics are subscribed. Stopping discovery...
[INFO] [1763762374.684735989] [rosbag2_cpp]: Writing remaining messages from cache to the bag. It may take a while
[INFO] [1763762374.685347068] [rosbag2_recorder]: Event publisher thread: Exiting
[INFO] [1763762374.685383393] [rosbag2_recorder]: Recording stopped
