stdin is not a terminal device. Keyboard handling disabled.[INFO] [1763714712.534166013] [rosbag2_recorder]: Press SPACE for pausing/resuming
[INFO] [1763714712.535609581] [rosbag2_storage]: Opened database '/home/mobrob/ros_ws/nov_20/world210_1121_004512/world210_1121_004512_0.db3' for READ_WRITE.
[INFO] [1763714712.536396136] [rosbag2_recorder]: Listening for topics...
[INFO] [1763714712.536537386] [rosbag2_recorder]: Recording...
[INFO] [1763714712.537054346] [rosbag2_recorder]: Event publisher thread: Starting
[INFO] [1763714712.641800352] [rosbag2_recorder]: Subscribed to topic '/cmd_vel'
[INFO] [1763714712.642869122] [rosbag2_recorder]: Subscribed to topic '/odom'
[INFO] [1763714712.643715171] [rosbag2_recorder]: Subscribed to topic '/scan'
[INFO] [1763714712.644692495] [rosbag2_recorder]: Subscribed to topic '/tf'
[INFO] [1763714712.645252087] [rosbag2_recorder]: Subscribed to topic '/tf_static'
[WARN] [1763714713.533636239] [rosbag2_recorder]: New publisher discovered on topic '/tf', offering incompatible QoS. No messages will be sent to it. Last incompatible policy: DURABILITY_QOS_POLICY
[WARN] [1763714713.538249047] [rosbag2_recorder]: New publisher discovered on topic '/tf', offering incompatible QoS. No messages will be sent to it. Last incompatible policy: DURABILITY_QOS_POLICY
[WARN] [1763714713.561060699] [rosbag2_recorder]: A new publisher for subscribed topic /tf was found offering RMW_QOS_POLICY_DURABILITY_VOLATILE, but rosbag2 already subscribed requesting RMW_QOS_POLICY_DURABILITY_TRANSIENT_LOCAL. Messages from this new publisher will not be recorded.
[WARN] [1763714713.561095166] [rosbag2_recorder]: A new publisher for subscribed topic /tf was found offering RMW_QOS_POLICY_DURABILITY_VOLATILE, but rosbag2 already subscribed requesting RMW_QOS_POLICY_DURABILITY_TRANSIENT_LOCAL. Messages from this new publisher will not be recorded.
[INFO] [1763714713.562149685] [rosbag2_recorder]: Subscribed to topic '/plan_barn'
[INFO] [1763714713.563071463] [rosbag2_recorder]: Subscribed to topic '/plan_barn_odom'
[INFO] [1763714713.563094791] [rosbag2_recorder]: All requested topics are subscribed. Stopping discovery...
[WARN] [1763714714.530440921] [rosbag2_recorder]: New publisher discovered on topic '/tf', offering incompatible QoS. No messages will be sent to it. Last incompatible policy: DURABILITY_QOS_POLICY
[INFO] [1763714824.410010378] [rosbag2_cpp]: Writing remaining messages from cache to the bag. It may take a while
[INFO] [1763714824.410859795] [rosbag2_recorder]: Event publisher thread: Exiting
[INFO] [1763714824.410929623] [rosbag2_recorder]: Recording stopped
