stdin is not a terminal device. Keyboard handling disabled.[INFO] [1763742766.540390253] [rosbag2_recorder]: Press SPACE for pausing/resuming
[INFO] [1763742766.541100035] [rosbag2_storage]: Opened database '/home/mobrob/ros_ws/nov_20/world125_1121_083246/world125_1121_083246_0.db3' for READ_WRITE.
[INFO] [1763742766.541737626] [rosbag2_recorder]: Listening for topics...
[INFO] [1763742766.541750165] [rosbag2_recorder]: Event publisher thread: Starting
[INFO] [1763742766.541813164] [rosbag2_recorder]: Recording...
[INFO] [1763742766.645296925] [rosbag2_recorder]: Subscribed to topic '/cmd_vel'
[INFO] [1763742766.646917340] [rosbag2_recorder]: Subscribed to topic '/odom'
[INFO] [1763742766.647807513] [rosbag2_recorder]: Subscribed to topic '/plan_barn'
[INFO] [1763742766.648645978] [rosbag2_recorder]: Subscribed to topic '/plan_barn_odom'
[INFO] [1763742766.650100995] [rosbag2_recorder]: Subscribed to topic '/tf'
[WARN] [1763742766.770424952] [rosbag2_recorder]: New publisher discovered on topic '/tf', offering incompatible QoS. No messages will be sent to it. Last incompatible policy: DURABILITY_QOS_POLICY
[WARN] [1763742766.853838201] [rosbag2_recorder]: A new publisher for subscribed topic /tf was found offering RMW_QOS_POLICY_DURABILITY_VOLATILE, but rosbag2 already subscribed requesting RMW_QOS_POLICY_DURABILITY_TRANSIENT_LOCAL. Messages from this new publisher will not be recorded.
[INFO] [1763742766.854667150] [rosbag2_recorder]: Subscribed to topic '/tf_static'
[WARN] [1763742767.565730734] [rosbag2_recorder]: New publisher discovered on topic '/tf', offering incompatible QoS. No messages will be sent to it. Last incompatible policy: DURABILITY_QOS_POLICY
[INFO] [1763742767.677886285] [rosbag2_recorder]: Subscribed to topic '/scan'
[INFO] [1763742767.677931341] [rosbag2_recorder]: All requested topics are subscribed. Stopping discovery...
[WARN] [1763742768.540242602] [rosbag2_recorder]: New publisher discovered on topic '/tf', offering incompatible QoS. No messages will be sent to it. Last incompatible policy: DURABILITY_QOS_POLICY
[INFO] [1763742919.427592436] [rosbag2_cpp]: Writing remaining messages from cache to the bag. It may take a while
[INFO] [1763742919.428201043] [rosbag2_recorder]: Event publisher thread: Exiting
[INFO] [1763742919.428246447] [rosbag2_recorder]: Recording stopped
