stdin is not a terminal device. Keyboard handling disabled.[INFO] [1763727864.701757855] [rosbag2_recorder]: Press SPACE for pausing/resuming
[INFO] [1763727864.702502590] [rosbag2_storage]: Opened database '/home/mobrob/ros_ws/nov_20/world125_1121_042424/world125_1121_042424_0.db3' for READ_WRITE.
[INFO] [1763727864.702969386] [rosbag2_recorder]: Listening for topics...
[INFO] [1763727864.702981425] [rosbag2_recorder]: Event publisher thread: Starting
[INFO] [1763727864.703042210] [rosbag2_recorder]: Recording...
[INFO] [1763727864.805957976] [rosbag2_recorder]: Subscribed to topic '/cmd_vel'
[INFO] [1763727864.807584627] [rosbag2_recorder]: Subscribed to topic '/odom'
[INFO] [1763727864.808995259] [rosbag2_recorder]: Subscribed to topic '/tf'
[WARN] [1763727865.711645200] [rosbag2_recorder]: New publisher discovered on topic '/tf', offering incompatible QoS. No messages will be sent to it. Last incompatible policy: DURABILITY_QOS_POLICY
[WARN] [1763727865.717473728] [rosbag2_recorder]: New publisher discovered on topic '/tf', offering incompatible QoS. No messages will be sent to it. Last incompatible policy: DURABILITY_QOS_POLICY
[WARN] [1763727865.726921407] [rosbag2_recorder]: A new publisher for subscribed topic /tf was found offering RMW_QOS_POLICY_DURABILITY_VOLATILE, but rosbag2 already subscribed requesting RMW_QOS_POLICY_DURABILITY_TRANSIENT_LOCAL. Messages from this new publisher will not be recorded.
[WARN] [1763727865.726953431] [rosbag2_recorder]: A new publisher for subscribed topic /tf was found offering RMW_QOS_POLICY_DURABILITY_VOLATILE, but rosbag2 already subscribed requesting RMW_QOS_POLICY_DURABILITY_TRANSIENT_LOCAL. Messages from this new publisher will not be recorded.
[INFO] [1763727865.728087295] [rosbag2_recorder]: Subscribed to topic '/plan_barn'
[INFO] [1763727865.729314974] [rosbag2_recorder]: Subscribed to topic '/plan_barn_odom'
[INFO] [1763727865.730482916] [rosbag2_recorder]: Subscribed to topic '/scan'
[INFO] [1763727865.731272378] [rosbag2_recorder]: Subscribed to topic '/tf_static'
[INFO] [1763727865.731293147] [rosbag2_recorder]: All requested topics are subscribed. Stopping discovery...
[WARN] [1763727866.698620050] [rosbag2_recorder]: New publisher discovered on topic '/tf', offering incompatible QoS. No messages will be sent to it. Last incompatible policy: DURABILITY_QOS_POLICY
[INFO] [1763727945.576123067] [rosbag2_cpp]: Writing remaining messages from cache to the bag. It may take a while
[INFO] [1763727945.576988367] [rosbag2_recorder]: Event publisher thread: Exiting
[INFO] [1763727945.577032720] [rosbag2_recorder]: Recording stopped
