stdin is not a terminal device. Keyboard handling disabled.[INFO] [1763736934.298773329] [rosbag2_recorder]: Press SPACE for pausing/resuming
[INFO] [1763736934.299605147] [rosbag2_storage]: Opened database '/home/mobrob/ros_ws/nov_20/world12_1121_065534/world12_1121_065534_0.db3' for READ_WRITE.
[INFO] [1763736934.300014693] [rosbag2_recorder]: Listening for topics...
[INFO] [1763736934.300028368] [rosbag2_recorder]: Event publisher thread: Starting
[INFO] [1763736934.300091078] [rosbag2_recorder]: Recording...
[INFO] [1763736934.402400876] [rosbag2_recorder]: Subscribed to topic '/cmd_vel'
[INFO] [1763736934.403376823] [rosbag2_recorder]: Subscribed to topic '/odom'
[INFO] [1763736934.403937381] [rosbag2_recorder]: Subscribed to topic '/plan_barn'
[INFO] [1763736934.404413072] [rosbag2_recorder]: Subscribed to topic '/plan_barn_odom'
[INFO] [1763736934.405637017] [rosbag2_recorder]: Subscribed to topic '/tf'
[WARN] [1763736935.300810934] [rosbag2_recorder]: New publisher discovered on topic '/tf', offering incompatible QoS. No messages will be sent to it. Last incompatible policy: DURABILITY_QOS_POLICY
[WARN] [1763736935.309795781] [rosbag2_recorder]: New publisher discovered on topic '/tf', offering incompatible QoS. No messages will be sent to it. Last incompatible policy: DURABILITY_QOS_POLICY
[WARN] [1763736935.318606188] [rosbag2_recorder]: A new publisher for subscribed topic /tf was found offering RMW_QOS_POLICY_DURABILITY_VOLATILE, but rosbag2 already subscribed requesting RMW_QOS_POLICY_DURABILITY_TRANSIENT_LOCAL. Messages from this new publisher will not be recorded.
[WARN] [1763736935.318657598] [rosbag2_recorder]: A new publisher for subscribed topic /tf was found offering RMW_QOS_POLICY_DURABILITY_VOLATILE, but rosbag2 already subscribed requesting RMW_QOS_POLICY_DURABILITY_TRANSIENT_LOCAL. Messages from this new publisher will not be recorded.
[WARN] [1763736935.321195438] [rosbag2_recorder]: New publisher discovered on topic '/tf', offering incompatible QoS. No messages will be sent to it. Last incompatible policy: DURABILITY_QOS_POLICY
[INFO] [1763736935.327844228] [rosbag2_recorder]: Subscribed to topic '/tf_static'
[INFO] [1763736935.432475088] [rosbag2_recorder]: Subscribed to topic '/scan'
[INFO] [1763736935.432506900] [rosbag2_recorder]: All requested topics are subscribed. Stopping discovery...
[INFO] [1763736991.162998056] [rosbag2_cpp]: Writing remaining messages from cache to the bag. It may take a while
[INFO] [1763736991.163749764] [rosbag2_recorder]: Event publisher thread: Exiting
[INFO] [1763736991.163803391] [rosbag2_recorder]: Recording stopped
