stdin is not a terminal device. Keyboard handling disabled.[INFO] [1763731989.934921711] [rosbag2_recorder]: Press SPACE for pausing/resuming
[INFO] [1763731989.936209594] [rosbag2_storage]: Opened database '/home/mobrob/ros_ws/nov_20/world69_1121_053309/world69_1121_053309_0.db3' for READ_WRITE.
[INFO] [1763731989.936885207] [rosbag2_recorder]: Listening for topics...
[INFO] [1763731989.936976423] [rosbag2_recorder]: Event publisher thread: Starting
[INFO] [1763731989.936999006] [rosbag2_recorder]: Recording...
[INFO] [1763731990.041962432] [rosbag2_recorder]: Subscribed to topic '/cmd_vel'
[INFO] [1763731990.043213076] [rosbag2_recorder]: Subscribed to topic '/odom'
[INFO] [1763731990.044263099] [rosbag2_recorder]: Subscribed to topic '/scan'
[INFO] [1763731990.045442072] [rosbag2_recorder]: Subscribed to topic '/tf'
[INFO] [1763731990.046090310] [rosbag2_recorder]: Subscribed to topic '/tf_static'
[WARN] [1763731990.937542731] [rosbag2_recorder]: New publisher discovered on topic '/tf', offering incompatible QoS. No messages will be sent to it. Last incompatible policy: DURABILITY_QOS_POLICY
[WARN] [1763731990.947896233] [rosbag2_recorder]: New publisher discovered on topic '/tf', offering incompatible QoS. No messages will be sent to it. Last incompatible policy: DURABILITY_QOS_POLICY
[WARN] [1763731990.959537586] [rosbag2_recorder]: A new publisher for subscribed topic /tf was found offering RMW_QOS_POLICY_DURABILITY_VOLATILE, but rosbag2 already subscribed requesting RMW_QOS_POLICY_DURABILITY_TRANSIENT_LOCAL. Messages from this new publisher will not be recorded.
[WARN] [1763731990.959578107] [rosbag2_recorder]: A new publisher for subscribed topic /tf was found offering RMW_QOS_POLICY_DURABILITY_VOLATILE, but rosbag2 already subscribed requesting RMW_QOS_POLICY_DURABILITY_TRANSIENT_LOCAL. Messages from this new publisher will not be recorded.
[INFO] [1763731991.063402829] [rosbag2_recorder]: Subscribed to topic '/plan_barn'
[INFO] [1763731991.064363900] [rosbag2_recorder]: Subscribed to topic '/plan_barn_odom'
[INFO] [1763731991.064391644] [rosbag2_recorder]: All requested topics are subscribed. Stopping discovery...
[WARN] [1763731991.930159891] [rosbag2_recorder]: New publisher discovered on topic '/tf', offering incompatible QoS. No messages will be sent to it. Last incompatible policy: DURABILITY_QOS_POLICY
[INFO] [1763732032.803664719] [rosbag2_cpp]: Writing remaining messages from cache to the bag. It may take a while
[INFO] [1763732032.804536746] [rosbag2_recorder]: Event publisher thread: Exiting
[INFO] [1763732032.804584035] [rosbag2_recorder]: Recording stopped
