stdin is not a terminal device. Keyboard handling disabled.[INFO] [1763753045.603262812] [rosbag2_recorder]: Press SPACE for pausing/resuming
[INFO] [1763753045.604578669] [rosbag2_storage]: Opened database '/home/mobrob/ros_ws/nov_20/world12_1121_112405/world12_1121_112405_0.db3' for READ_WRITE.
[INFO] [1763753045.605336820] [rosbag2_recorder]: Listening for topics...
[INFO] [1763753045.605360841] [rosbag2_recorder]: Event publisher thread: Starting
[INFO] [1763753045.605443484] [rosbag2_recorder]: Recording...
[INFO] [1763753045.708569632] [rosbag2_recorder]: Subscribed to topic '/cmd_vel'
[INFO] [1763753045.710248556] [rosbag2_recorder]: Subscribed to topic '/odom'
[INFO] [1763753045.711344594] [rosbag2_recorder]: Subscribed to topic '/tf'
[WARN] [1763753046.618309974] [rosbag2_recorder]: New publisher discovered on topic '/tf', offering incompatible QoS. No messages will be sent to it. Last incompatible policy: DURABILITY_QOS_POLICY
[WARN] [1763753046.619297434] [rosbag2_recorder]: New publisher discovered on topic '/tf', offering incompatible QoS. No messages will be sent to it. Last incompatible policy: DURABILITY_QOS_POLICY
[WARN] [1763753046.630962418] [rosbag2_recorder]: A new publisher for subscribed topic /tf was found offering RMW_QOS_POLICY_DURABILITY_VOLATILE, but rosbag2 already subscribed requesting RMW_QOS_POLICY_DURABILITY_TRANSIENT_LOCAL. Messages from this new publisher will not be recorded.
[WARN] [1763753046.630996959] [rosbag2_recorder]: A new publisher for subscribed topic /tf was found offering RMW_QOS_POLICY_DURABILITY_VOLATILE, but rosbag2 already subscribed requesting RMW_QOS_POLICY_DURABILITY_TRANSIENT_LOCAL. Messages from this new publisher will not be recorded.
[INFO] [1763753046.632084848] [rosbag2_recorder]: Subscribed to topic '/plan_barn'
[INFO] [1763753046.633224382] [rosbag2_recorder]: Subscribed to topic '/plan_barn_odom'
[INFO] [1763753046.634764692] [rosbag2_recorder]: Subscribed to topic '/scan'
[INFO] [1763753046.636000395] [rosbag2_recorder]: Subscribed to topic '/tf_static'
[INFO] [1763753046.636022087] [rosbag2_recorder]: All requested topics are subscribed. Stopping discovery...
[WARN] [1763753047.599397518] [rosbag2_recorder]: New publisher discovered on topic '/tf', offering incompatible QoS. No messages will be sent to it. Last incompatible policy: DURABILITY_QOS_POLICY
[INFO] [1763753125.470065790] [rosbag2_cpp]: Writing remaining messages from cache to the bag. It may take a while
[INFO] [1763753125.470961441] [rosbag2_recorder]: Event publisher thread: Exiting
[INFO] [1763753125.471006145] [rosbag2_recorder]: Recording stopped
