stdin is not a terminal device. Keyboard handling disabled.[INFO] [1763726775.997489042] [rosbag2_recorder]: Press SPACE for pausing/resuming
[INFO] [1763726775.998700153] [rosbag2_storage]: Opened database '/home/mobrob/ros_ws/nov_20/world125_1121_040615/world125_1121_040615_0.db3' for READ_WRITE.
[INFO] [1763726775.999863102] [rosbag2_recorder]: Listening for topics...
[INFO] [1763726775.999877934] [rosbag2_recorder]: Event publisher thread: Starting
[INFO] [1763726775.999971020] [rosbag2_recorder]: Recording...
[INFO] [1763726776.102660678] [rosbag2_recorder]: Subscribed to topic '/odom'
[INFO] [1763726776.103610135] [rosbag2_recorder]: Subscribed to topic '/tf'
[INFO] [1763726776.104114858] [rosbag2_recorder]: Subscribed to topic '/tf_static'
[INFO] [1763726777.021974006] [rosbag2_recorder]: Subscribed to topic '/scan'
[WARN] [1763726777.035223896] [rosbag2_recorder]: New publisher discovered on topic '/tf', offering incompatible QoS. No messages will be sent to it. Last incompatible policy: DURABILITY_QOS_POLICY
[WARN] [1763726777.124495244] [rosbag2_recorder]: A new publisher for subscribed topic /tf was found offering RMW_QOS_POLICY_DURABILITY_VOLATILE, but rosbag2 already subscribed requesting RMW_QOS_POLICY_DURABILITY_TRANSIENT_LOCAL. Messages from this new publisher will not be recorded.
[INFO] [1763726777.126019612] [rosbag2_recorder]: Subscribed to topic '/cmd_vel'
[INFO] [1763726777.127358353] [rosbag2_recorder]: Subscribed to topic '/plan_barn'
[INFO] [1763726777.128258856] [rosbag2_recorder]: Subscribed to topic '/plan_barn_odom'
[INFO] [1763726777.128280091] [rosbag2_recorder]: All requested topics are subscribed. Stopping discovery...
[WARN] [1763726777.997548433] [rosbag2_recorder]: New publisher discovered on topic '/tf', offering incompatible QoS. No messages will be sent to it. Last incompatible policy: DURABILITY_QOS_POLICY
[WARN] [1763726777.997911960] [rosbag2_recorder]: New publisher discovered on topic '/tf', offering incompatible QoS. No messages will be sent to it. Last incompatible policy: DURABILITY_QOS_POLICY
[INFO] [1763726858.865793305] [rosbag2_cpp]: Writing remaining messages from cache to the bag. It may take a while
[INFO] [1763726858.866501909] [rosbag2_recorder]: Event publisher thread: Exiting
[INFO] [1763726858.866533397] [rosbag2_recorder]: Recording stopped
