stdin is not a terminal device. Keyboard handling disabled.[INFO] [1763763605.915324546] [rosbag2_recorder]: Press SPACE for pausing/resuming
[INFO] [1763763605.916057502] [rosbag2_storage]: Opened database '/home/mobrob/ros_ws/nov_20/world187_1121_142005/world187_1121_142005_0.db3' for READ_WRITE.
[INFO] [1763763605.916559284] [rosbag2_recorder]: Listening for topics...
[INFO] [1763763605.916570898] [rosbag2_recorder]: Event publisher thread: Starting
[INFO] [1763763605.916628445] [rosbag2_recorder]: Recording...
[INFO] [1763763606.021243352] [rosbag2_recorder]: Subscribed to topic '/odom'
[INFO] [1763763606.022193971] [rosbag2_recorder]: Subscribed to topic '/plan_barn'
[INFO] [1763763606.022965686] [rosbag2_recorder]: Subscribed to topic '/plan_barn_odom'
[INFO] [1763763606.024317250] [rosbag2_recorder]: Subscribed to topic '/tf'
[INFO] [1763763606.024843342] [rosbag2_recorder]: Subscribed to topic '/tf_static'
[WARN] [1763763606.929340792] [rosbag2_recorder]: New publisher discovered on topic '/tf', offering incompatible QoS. No messages will be sent to it. Last incompatible policy: DURABILITY_QOS_POLICY
[WARN] [1763763606.930939686] [rosbag2_recorder]: New publisher discovered on topic '/tf', offering incompatible QoS. No messages will be sent to it. Last incompatible policy: DURABILITY_QOS_POLICY
[WARN] [1763763606.945973669] [rosbag2_recorder]: A new publisher for subscribed topic /tf was found offering RMW_QOS_POLICY_DURABILITY_VOLATILE, but rosbag2 already subscribed requesting RMW_QOS_POLICY_DURABILITY_TRANSIENT_LOCAL. Messages from this new publisher will not be recorded.
[WARN] [1763763606.946006972] [rosbag2_recorder]: A new publisher for subscribed topic /tf was found offering RMW_QOS_POLICY_DURABILITY_VOLATILE, but rosbag2 already subscribed requesting RMW_QOS_POLICY_DURABILITY_TRANSIENT_LOCAL. Messages from this new publisher will not be recorded.
[INFO] [1763763606.947271834] [rosbag2_recorder]: Subscribed to topic '/cmd_vel'
[INFO] [1763763606.948814747] [rosbag2_recorder]: Subscribed to topic '/scan'
[INFO] [1763763606.948840203] [rosbag2_recorder]: All requested topics are subscribed. Stopping discovery...
[WARN] [1763763608.911843452] [rosbag2_recorder]: New publisher discovered on topic '/tf', offering incompatible QoS. No messages will be sent to it. Last incompatible policy: DURABILITY_QOS_POLICY
[INFO] [1763763695.795457049] [rosbag2_cpp]: Writing remaining messages from cache to the bag. It may take a while
[INFO] [1763763695.796148856] [rosbag2_recorder]: Event publisher thread: Exiting
[INFO] [1763763695.796196682] [rosbag2_recorder]: Recording stopped
