stdin is not a terminal device. Keyboard handling disabled.[INFO] [1763734783.905567657] [rosbag2_recorder]: Press SPACE for pausing/resuming
[INFO] [1763734783.906696399] [rosbag2_storage]: Opened database '/home/mobrob/ros_ws/nov_20/world266_1121_061943/world266_1121_061943_0.db3' for READ_WRITE.
[INFO] [1763734783.907497312] [rosbag2_recorder]: Listening for topics...
[INFO] [1763734783.907652501] [rosbag2_recorder]: Recording...
[INFO] [1763734783.908109506] [rosbag2_recorder]: Event publisher thread: Starting
[INFO] [1763734784.010606808] [rosbag2_recorder]: Subscribed to topic '/cmd_vel'
[INFO] [1763734784.011642554] [rosbag2_recorder]: Subscribed to topic '/odom'
[INFO] [1763734784.012849402] [rosbag2_recorder]: Subscribed to topic '/tf'
[WARN] [1763734784.900598187] [rosbag2_recorder]: New publisher discovered on topic '/tf', offering incompatible QoS. No messages will be sent to it. Last incompatible policy: DURABILITY_QOS_POLICY
[WARN] [1763734784.903097820] [rosbag2_recorder]: New publisher discovered on topic '/tf', offering incompatible QoS. No messages will be sent to it. Last incompatible policy: DURABILITY_QOS_POLICY
[WARN] [1763734784.924265256] [rosbag2_recorder]: A new publisher for subscribed topic /tf was found offering RMW_QOS_POLICY_DURABILITY_VOLATILE, but rosbag2 already subscribed requesting RMW_QOS_POLICY_DURABILITY_TRANSIENT_LOCAL. Messages from this new publisher will not be recorded.
[WARN] [1763734784.924310535] [rosbag2_recorder]: A new publisher for subscribed topic /tf was found offering RMW_QOS_POLICY_DURABILITY_VOLATILE, but rosbag2 already subscribed requesting RMW_QOS_POLICY_DURABILITY_TRANSIENT_LOCAL. Messages from this new publisher will not be recorded.
[INFO] [1763734784.925819463] [rosbag2_recorder]: Subscribed to topic '/plan_barn_odom'
[INFO] [1763734784.927816635] [rosbag2_recorder]: Subscribed to topic '/scan'
[INFO] [1763734784.930223680] [rosbag2_recorder]: Subscribed to topic '/tf_static'
[INFO] [1763734785.033516362] [rosbag2_recorder]: Subscribed to topic '/plan_barn'
[INFO] [1763734785.033541305] [rosbag2_recorder]: All requested topics are subscribed. Stopping discovery...
[WARN] [1763734785.899887934] [rosbag2_recorder]: New publisher discovered on topic '/tf', offering incompatible QoS. No messages will be sent to it. Last incompatible policy: DURABILITY_QOS_POLICY
[INFO] [1763734790.775016867] [rosbag2_cpp]: Writing remaining messages from cache to the bag. It may take a while
[INFO] [1763734790.775709296] [rosbag2_recorder]: Event publisher thread: Exiting
[INFO] [1763734790.775750875] [rosbag2_recorder]: Recording stopped
