stdin is not a terminal device. Keyboard handling disabled.[INFO] [1763743328.468536036] [rosbag2_recorder]: Press SPACE for pausing/resuming
[INFO] [1763743328.469613116] [rosbag2_storage]: Opened database '/home/mobrob/ros_ws/nov_20/world125_1121_084208/world125_1121_084208_0.db3' for READ_WRITE.
[INFO] [1763743328.471880922] [rosbag2_recorder]: Listening for topics...
[INFO] [1763743328.471890148] [rosbag2_recorder]: Event publisher thread: Starting
[INFO] [1763743328.472015968] [rosbag2_recorder]: Recording...
[INFO] [1763743328.575817841] [rosbag2_recorder]: Subscribed to topic '/odom'
[INFO] [1763743328.576603713] [rosbag2_recorder]: Subscribed to topic '/plan_barn'
[INFO] [1763743328.577182114] [rosbag2_recorder]: Subscribed to topic '/plan_barn_odom'
[INFO] [1763743328.578388511] [rosbag2_recorder]: Subscribed to topic '/tf'
[INFO] [1763743328.579109507] [rosbag2_recorder]: Subscribed to topic '/tf_static'
[INFO] [1763743329.495309215] [rosbag2_recorder]: Subscribed to topic '/cmd_vel'
[WARN] [1763743329.501372644] [rosbag2_recorder]: New publisher discovered on topic '/tf', offering incompatible QoS. No messages will be sent to it. Last incompatible policy: DURABILITY_QOS_POLICY
[WARN] [1763743329.597711009] [rosbag2_recorder]: A new publisher for subscribed topic /tf was found offering RMW_QOS_POLICY_DURABILITY_VOLATILE, but rosbag2 already subscribed requesting RMW_QOS_POLICY_DURABILITY_TRANSIENT_LOCAL. Messages from this new publisher will not be recorded.
[WARN] [1763743330.476567242] [rosbag2_recorder]: New publisher discovered on topic '/tf', offering incompatible QoS. No messages will be sent to it. Last incompatible policy: DURABILITY_QOS_POLICY
[WARN] [1763743330.478893776] [rosbag2_recorder]: New publisher discovered on topic '/tf', offering incompatible QoS. No messages will be sent to it. Last incompatible policy: DURABILITY_QOS_POLICY
[INFO] [1763743330.522160910] [rosbag2_recorder]: Subscribed to topic '/scan'
[INFO] [1763743330.522195033] [rosbag2_recorder]: All requested topics are subscribed. Stopping discovery...
[INFO] [1763743420.346560630] [rosbag2_cpp]: Writing remaining messages from cache to the bag. It may take a while
[INFO] [1763743420.347424213] [rosbag2_recorder]: Event publisher thread: Exiting
[INFO] [1763743420.347465863] [rosbag2_recorder]: Recording stopped
