stdin is not a terminal device. Keyboard handling disabled.[INFO] [1763525305.208248447] [rosbag2_recorder]: Press SPACE for pausing/resuming
[INFO] [1763525305.209301568] [rosbag2_storage]: Opened database '/home/mobrob/ros_ws/dwa_baseline/world210_1118_200825/world210_1118_200825_0.db3' for READ_WRITE.
[INFO] [1763525305.210497911] [rosbag2_recorder]: Listening for topics...
[INFO] [1763525305.210506519] [rosbag2_recorder]: Event publisher thread: Starting
[INFO] [1763525305.210588183] [rosbag2_recorder]: Recording...
[INFO] [1763525305.637055586] [rosbag2_recorder]: Subscribed to topic '/cmd_vel'
[INFO] [1763525305.639006751] [rosbag2_recorder]: Subscribed to topic '/odom'
[INFO] [1763525305.640596678] [rosbag2_recorder]: Subscribed to topic '/scan'
[INFO] [1763525305.641905234] [rosbag2_recorder]: Subscribed to topic '/tf'
[INFO] [1763525305.642736298] [rosbag2_recorder]: Subscribed to topic '/tf_static'
[WARN] [1763525306.209962330] [rosbag2_recorder]: New publisher discovered on topic '/tf', offering incompatible QoS. No messages will be sent to it. Last incompatible policy: DURABILITY_QOS_POLICY
[WARN] [1763525306.228494995] [rosbag2_recorder]: New publisher discovered on topic '/tf', offering incompatible QoS. No messages will be sent to it. Last incompatible policy: DURABILITY_QOS_POLICY
[WARN] [1763525306.236255284] [rosbag2_recorder]: New publisher discovered on topic '/tf', offering incompatible QoS. No messages will be sent to it. Last incompatible policy: DURABILITY_QOS_POLICY
[WARN] [1763525306.255010804] [rosbag2_recorder]: A new publisher for subscribed topic /tf was found offering RMW_QOS_POLICY_DURABILITY_VOLATILE, but rosbag2 already subscribed requesting RMW_QOS_POLICY_DURABILITY_TRANSIENT_LOCAL. Messages from this new publisher will not be recorded.
[WARN] [1763525306.255051572] [rosbag2_recorder]: A new publisher for subscribed topic /tf was found offering RMW_QOS_POLICY_DURABILITY_VOLATILE, but rosbag2 already subscribed requesting RMW_QOS_POLICY_DURABILITY_TRANSIENT_LOCAL. Messages from this new publisher will not be recorded.
[WARN] [1763525306.255065162] [rosbag2_recorder]: A new publisher for subscribed topic /tf was found offering RMW_QOS_POLICY_DURABILITY_VOLATILE, but rosbag2 already subscribed requesting RMW_QOS_POLICY_DURABILITY_TRANSIENT_LOCAL. Messages from this new publisher will not be recorded.
[INFO] [1763525306.256665376] [rosbag2_recorder]: Subscribed to topic '/plan_barn'
[INFO] [1763525306.257908413] [rosbag2_recorder]: Subscribed to topic '/plan_barn_odom'
[INFO] [1763525306.257936857] [rosbag2_recorder]: All requested topics are subscribed. Stopping discovery...
[INFO] [1763525307.036340474] [rosbag2_cpp]: Writing remaining messages from cache to the bag. It may take a while
[INFO] [1763525307.036843336] [rosbag2_recorder]: Event publisher thread: Exiting
[INFO] [1763525307.036873386] [rosbag2_recorder]: Recording stopped
