stdin is not a terminal device. Keyboard handling disabled.[INFO] [1764041248.802487774] [rosbag2_recorder]: Press SPACE for pausing/resuming
[INFO] [1764041248.803248617] [rosbag2_storage]: Opened database '/home/mobrob/ros_ws/dwa_baseline/world185_1124_192728/world185_1124_192728_0.db3' for READ_WRITE.
[INFO] [1764041248.804107075] [rosbag2_recorder]: Listening for topics...
[INFO] [1764041248.804119424] [rosbag2_recorder]: Event publisher thread: Starting
[INFO] [1764041248.804245339] [rosbag2_recorder]: Recording...
[INFO] [1764041248.907872090] [rosbag2_recorder]: Subscribed to topic '/cmd_vel'
[INFO] [1764041248.908989249] [rosbag2_recorder]: Subscribed to topic '/odom'
[INFO] [1764041248.909919142] [rosbag2_recorder]: Subscribed to topic '/plan_barn'
[INFO] [1764041248.910532312] [rosbag2_recorder]: Subscribed to topic '/plan_barn_odom'
[INFO] [1764041248.911939977] [rosbag2_recorder]: Subscribed to topic '/tf'
[INFO] [1764041248.912547049] [rosbag2_recorder]: Subscribed to topic '/tf_static'
[WARN] [1764041249.800965921] [rosbag2_recorder]: New publisher discovered on topic '/tf', offering incompatible QoS. No messages will be sent to it. Last incompatible policy: DURABILITY_QOS_POLICY
[WARN] [1764041249.815432186] [rosbag2_recorder]: New publisher discovered on topic '/tf', offering incompatible QoS. No messages will be sent to it. Last incompatible policy: DURABILITY_QOS_POLICY
[WARN] [1764041249.828320448] [rosbag2_recorder]: A new publisher for subscribed topic /tf was found offering RMW_QOS_POLICY_DURABILITY_VOLATILE, but rosbag2 already subscribed requesting RMW_QOS_POLICY_DURABILITY_TRANSIENT_LOCAL. Messages from this new publisher will not be recorded.
[WARN] [1764041249.828356113] [rosbag2_recorder]: A new publisher for subscribed topic /tf was found offering RMW_QOS_POLICY_DURABILITY_VOLATILE, but rosbag2 already subscribed requesting RMW_QOS_POLICY_DURABILITY_TRANSIENT_LOCAL. Messages from this new publisher will not be recorded.
[INFO] [1764041250.854955169] [rosbag2_recorder]: Subscribed to topic '/scan'
[INFO] [1764041250.854989969] [rosbag2_recorder]: All requested topics are subscribed. Stopping discovery...
[WARN] [1764041251.798235246] [rosbag2_recorder]: New publisher discovered on topic '/tf', offering incompatible QoS. No messages will be sent to it. Last incompatible policy: DURABILITY_QOS_POLICY
[INFO] [1764041353.676803089] [rosbag2_cpp]: Writing remaining messages from cache to the bag. It may take a while
[INFO] [1764041353.677442463] [rosbag2_recorder]: Event publisher thread: Exiting
[INFO] [1764041353.677478999] [rosbag2_recorder]: Recording stopped
