stdin is not a terminal device. Keyboard handling disabled.[INFO] [1763974735.551470524] [rosbag2_recorder]: Press SPACE for pausing/resuming
[INFO] [1763974735.552846993] [rosbag2_storage]: Opened database '/home/mobrob/ros_ws/dwa_baseline/world42_1124_005855/world42_1124_005855_0.db3' for READ_WRITE.
[INFO] [1763974735.554213437] [rosbag2_recorder]: Listening for topics...
[INFO] [1763974735.554334172] [rosbag2_recorder]: Recording...
[INFO] [1763974735.555805446] [rosbag2_recorder]: Event publisher thread: Starting
[INFO] [1763974735.658966293] [rosbag2_recorder]: Subscribed to topic '/cmd_vel'
[INFO] [1763974735.660169634] [rosbag2_recorder]: Subscribed to topic '/odom'
[INFO] [1763974735.661260729] [rosbag2_recorder]: Subscribed to topic '/tf'
[INFO] [1763974735.661910551] [rosbag2_recorder]: Subscribed to topic '/tf_static'
[WARN] [1763974736.554251882] [rosbag2_recorder]: New publisher discovered on topic '/tf', offering incompatible QoS. No messages will be sent to it. Last incompatible policy: DURABILITY_QOS_POLICY
[WARN] [1763974736.555349342] [rosbag2_recorder]: New publisher discovered on topic '/tf', offering incompatible QoS. No messages will be sent to it. Last incompatible policy: DURABILITY_QOS_POLICY
[WARN] [1763974736.578450676] [rosbag2_recorder]: A new publisher for subscribed topic /tf was found offering RMW_QOS_POLICY_DURABILITY_VOLATILE, but rosbag2 already subscribed requesting RMW_QOS_POLICY_DURABILITY_TRANSIENT_LOCAL. Messages from this new publisher will not be recorded.
[WARN] [1763974736.578486644] [rosbag2_recorder]: A new publisher for subscribed topic /tf was found offering RMW_QOS_POLICY_DURABILITY_VOLATILE, but rosbag2 already subscribed requesting RMW_QOS_POLICY_DURABILITY_TRANSIENT_LOCAL. Messages from this new publisher will not be recorded.
[WARN] [1763974736.578489735] [rosbag2_recorder]: A new publisher for subscribed topic /tf was found offering RMW_QOS_POLICY_DURABILITY_VOLATILE, but rosbag2 already subscribed requesting RMW_QOS_POLICY_DURABILITY_TRANSIENT_LOCAL. Messages from this new publisher will not be recorded.
[INFO] [1763974736.579561751] [rosbag2_recorder]: Subscribed to topic '/plan_barn'
[INFO] [1763974736.580558358] [rosbag2_recorder]: Subscribed to topic '/plan_barn_odom'
[INFO] [1763974736.581712096] [rosbag2_recorder]: Subscribed to topic '/scan'
[INFO] [1763974736.581731934] [rosbag2_recorder]: All requested topics are subscribed. Stopping discovery...
[INFO] [1763974780.413042545] [rosbag2_cpp]: Writing remaining messages from cache to the bag. It may take a while
[INFO] [1763974780.413775489] [rosbag2_recorder]: Event publisher thread: Exiting
[INFO] [1763974780.413808626] [rosbag2_recorder]: Recording stopped
