stdin is not a terminal device. Keyboard handling disabled.[INFO] [1763959517.243670055] [rosbag2_recorder]: Press SPACE for pausing/resuming
[INFO] [1763959517.244445059] [rosbag2_storage]: Opened database '/home/mobrob/ros_ws/dwa_baseline/world7_1123_204517/world7_1123_204517_0.db3' for READ_WRITE.
[INFO] [1763959517.245073653] [rosbag2_recorder]: Listening for topics...
[INFO] [1763959517.245095674] [rosbag2_recorder]: Event publisher thread: Starting
[INFO] [1763959517.245194112] [rosbag2_recorder]: Recording...
[INFO] [1763959517.673870922] [rosbag2_recorder]: Subscribed to topic '/odom'
[INFO] [1763959517.675941396] [rosbag2_recorder]: Subscribed to topic '/tf'
[INFO] [1763959517.677593780] [rosbag2_recorder]: Subscribed to topic '/tf_static'
[INFO] [1763959517.781113134] [rosbag2_recorder]: Subscribed to topic '/scan'
[WARN] [1763959518.250927402] [rosbag2_recorder]: New publisher discovered on topic '/tf', offering incompatible QoS. No messages will be sent to it. Last incompatible policy: DURABILITY_QOS_POLICY
[WARN] [1763959518.254049433] [rosbag2_recorder]: New publisher discovered on topic '/tf', offering incompatible QoS. No messages will be sent to it. Last incompatible policy: DURABILITY_QOS_POLICY
[WARN] [1763959518.293588977] [rosbag2_recorder]: A new publisher for subscribed topic /tf was found offering RMW_QOS_POLICY_DURABILITY_VOLATILE, but rosbag2 already subscribed requesting RMW_QOS_POLICY_DURABILITY_TRANSIENT_LOCAL. Messages from this new publisher will not be recorded.
[WARN] [1763959518.293635009] [rosbag2_recorder]: A new publisher for subscribed topic /tf was found offering RMW_QOS_POLICY_DURABILITY_VOLATILE, but rosbag2 already subscribed requesting RMW_QOS_POLICY_DURABILITY_TRANSIENT_LOCAL. Messages from this new publisher will not be recorded.
[INFO] [1763959518.295652167] [rosbag2_recorder]: Subscribed to topic '/cmd_vel'
[INFO] [1763959518.296931840] [rosbag2_recorder]: Subscribed to topic '/plan_barn'
[INFO] [1763959518.298082830] [rosbag2_recorder]: Subscribed to topic '/plan_barn_odom'
[INFO] [1763959518.298110918] [rosbag2_recorder]: All requested topics are subscribed. Stopping discovery...
[WARN] [1763959519.239090056] [rosbag2_recorder]: New publisher discovered on topic '/tf', offering incompatible QoS. No messages will be sent to it. Last incompatible policy: DURABILITY_QOS_POLICY
[INFO] [1763959569.099990063] [rosbag2_cpp]: Writing remaining messages from cache to the bag. It may take a while
[INFO] [1763959569.100877199] [rosbag2_recorder]: Event publisher thread: Exiting
[INFO] [1763959569.100913980] [rosbag2_recorder]: Recording stopped
