stdin is not a terminal device. Keyboard handling disabled.[INFO] [1763265462.469071852] [rosbag2_recorder]: Press SPACE for pausing/resuming
[INFO] [1763265462.469781920] [rosbag2_storage]: Opened database '/home/mobrob/ros_ws/dwa_baseline/world210_1115_195742/world210_1115_195742_0.db3' for READ_WRITE.
[INFO] [1763265462.470601392] [rosbag2_recorder]: Listening for topics...
[INFO] [1763265462.470624352] [rosbag2_recorder]: Event publisher thread: Starting
[INFO] [1763265462.470706457] [rosbag2_recorder]: Recording...
[INFO] [1763265462.573597597] [rosbag2_recorder]: Subscribed to topic '/cmd_vel'
[INFO] [1763265462.574831569] [rosbag2_recorder]: Subscribed to topic '/odom'
[INFO] [1763265462.575520659] [rosbag2_recorder]: Subscribed to topic '/plan_barn'
[INFO] [1763265462.576379009] [rosbag2_recorder]: Subscribed to topic '/plan_barn_odom'
[INFO] [1763265462.577835188] [rosbag2_recorder]: Subscribed to topic '/tf'
[WARN] [1763265463.471735660] [rosbag2_recorder]: New publisher discovered on topic '/tf', offering incompatible QoS. No messages will be sent to it. Last incompatible policy: DURABILITY_QOS_POLICY
[WARN] [1763265463.479070726] [rosbag2_recorder]: New publisher discovered on topic '/tf', offering incompatible QoS. No messages will be sent to it. Last incompatible policy: DURABILITY_QOS_POLICY
[WARN] [1763265463.493747345] [rosbag2_recorder]: A new publisher for subscribed topic /tf was found offering RMW_QOS_POLICY_DURABILITY_VOLATILE, but rosbag2 already subscribed requesting RMW_QOS_POLICY_DURABILITY_TRANSIENT_LOCAL. Messages from this new publisher will not be recorded.
[WARN] [1763265463.493788199] [rosbag2_recorder]: A new publisher for subscribed topic /tf was found offering RMW_QOS_POLICY_DURABILITY_VOLATILE, but rosbag2 already subscribed requesting RMW_QOS_POLICY_DURABILITY_TRANSIENT_LOCAL. Messages from this new publisher will not be recorded.
[INFO] [1763265463.495082068] [rosbag2_recorder]: Subscribed to topic '/tf_static'
[WARN] [1763265464.467515995] [rosbag2_recorder]: New publisher discovered on topic '/tf', offering incompatible QoS. No messages will be sent to it. Last incompatible policy: DURABILITY_QOS_POLICY
[INFO] [1763265464.524479250] [rosbag2_recorder]: Subscribed to topic '/scan'
[INFO] [1763265464.524507651] [rosbag2_recorder]: All requested topics are subscribed. Stopping discovery...
[INFO] [1763265814.349556584] [rosbag2_cpp]: Writing remaining messages from cache to the bag. It may take a while
[INFO] [1763265814.350116756] [rosbag2_recorder]: Event publisher thread: Exiting
[INFO] [1763265814.350152208] [rosbag2_recorder]: Recording stopped
