stdin is not a terminal device. Keyboard handling disabled.[37;1m2025-11-18 21:34:56.841 [31;1m[[37;1mRTPS_TRANSPORT_SHM[31;1m Error] [37mFailed init_port fastrtps_port7539: open_and_lock_file failed[34;1m -> Function [36mopen_port_internal[m
[37;1m2025-11-18 21:34:56.841 [31;1m[[37;1mRTPS_TRANSPORT_SHM[31;1m Error] [37mFailed init_port fastrtps_port7543: open_and_lock_file failed[34;1m -> Function [36mopen_port_internal[m
[37;1m2025-11-18 21:34:56.841 [31;1m[[37;1mRTPS_TRANSPORT_SHM[31;1m Error] [37mFailed init_port fastrtps_port7553: open_and_lock_file failed[34;1m -> Function [36mopen_port_internal[m
[INFO] [1763530496.852063756] [rosbag2_recorder]: Press SPACE for pausing/resuming
[INFO] [1763530496.853334897] [rosbag2_storage]: Opened database '/home/mobrob/ros_ws/dwa_baseline/world12_1118_213456/world12_1118_213456_0.db3' for READ_WRITE.
[INFO] [1763530496.854113499] [rosbag2_recorder]: Listening for topics...
[INFO] [1763530496.854137068] [rosbag2_recorder]: Event publisher thread: Starting
[INFO] [1763530496.854240189] [rosbag2_recorder]: Recording...
[INFO] [1763530496.957770310] [rosbag2_recorder]: Subscribed to topic '/cmd_vel'
[INFO] [1763530497.878546141] [rosbag2_recorder]: Subscribed to topic '/odom'
[INFO] [1763530497.882276011] [rosbag2_recorder]: Subscribed to topic '/scan'
[WARN] [1763530497.882887429] [ROSBAG2_TRANSPORT]: Some, but not all, publishers on topic "/tf" are offering RMW_QOS_POLICY_DURABILITY_TRANSIENT_LOCAL. Falling back to RMW_QOS_POLICY_DURABILITY_VOLATILE as it will connect to all publishers. Previously-published latched messages will not be retrieved.
[INFO] [1763530497.885449609] [rosbag2_recorder]: Subscribed to topic '/tf'
[INFO] [1763530497.989874092] [rosbag2_recorder]: Subscribed to topic '/plan_barn'
[INFO] [1763530497.991043203] [rosbag2_recorder]: Subscribed to topic '/plan_barn_odom'
[INFO] [1763530497.992287546] [rosbag2_recorder]: Subscribed to topic '/tf_static'
[INFO] [1763530497.992311956] [rosbag2_recorder]: All requested topics are subscribed. Stopping discovery...
[INFO] [1763530594.704592136] [rosbag2_cpp]: Writing remaining messages from cache to the bag. It may take a while
[INFO] [1763530594.705488610] [rosbag2_recorder]: Event publisher thread: Exiting
[INFO] [1763530594.705527455] [rosbag2_recorder]: Recording stopped
