stdin is not a terminal device. Keyboard handling disabled.[INFO] [1764007662.765371093] [rosbag2_recorder]: Press SPACE for pausing/resuming
[INFO] [1764007662.766148049] [rosbag2_storage]: Opened database '/home/mobrob/ros_ws/dwa_baseline/world115_1124_100742/world115_1124_100742_0.db3' for READ_WRITE.
[INFO] [1764007662.766748491] [rosbag2_recorder]: Listening for topics...
[INFO] [1764007662.766763890] [rosbag2_recorder]: Event publisher thread: Starting
[INFO] [1764007662.766858188] [rosbag2_recorder]: Recording...
[INFO] [1764007662.869738676] [rosbag2_recorder]: Subscribed to topic '/odom'
[INFO] [1764007662.871093412] [rosbag2_recorder]: Subscribed to topic '/tf'
[WARN] [1764007663.769322837] [rosbag2_recorder]: New publisher discovered on topic '/tf', offering incompatible QoS. No messages will be sent to it. Last incompatible policy: DURABILITY_QOS_POLICY
[WARN] [1764007663.772000536] [rosbag2_recorder]: New publisher discovered on topic '/tf', offering incompatible QoS. No messages will be sent to it. Last incompatible policy: DURABILITY_QOS_POLICY
[WARN] [1764007663.776861703] [rosbag2_recorder]: New publisher discovered on topic '/tf', offering incompatible QoS. No messages will be sent to it. Last incompatible policy: DURABILITY_QOS_POLICY
[WARN] [1764007663.787064184] [rosbag2_recorder]: A new publisher for subscribed topic /tf was found offering RMW_QOS_POLICY_DURABILITY_VOLATILE, but rosbag2 already subscribed requesting RMW_QOS_POLICY_DURABILITY_TRANSIENT_LOCAL. Messages from this new publisher will not be recorded.
[WARN] [1764007663.787117577] [rosbag2_recorder]: A new publisher for subscribed topic /tf was found offering RMW_QOS_POLICY_DURABILITY_VOLATILE, but rosbag2 already subscribed requesting RMW_QOS_POLICY_DURABILITY_TRANSIENT_LOCAL. Messages from this new publisher will not be recorded.
[WARN] [1764007663.787129376] [rosbag2_recorder]: A new publisher for subscribed topic /tf was found offering RMW_QOS_POLICY_DURABILITY_VOLATILE, but rosbag2 already subscribed requesting RMW_QOS_POLICY_DURABILITY_TRANSIENT_LOCAL. Messages from this new publisher will not be recorded.
[INFO] [1764007663.789112582] [rosbag2_recorder]: Subscribed to topic '/cmd_vel'
[INFO] [1764007663.790435928] [rosbag2_recorder]: Subscribed to topic '/plan_barn'
[INFO] [1764007663.791145665] [rosbag2_recorder]: Subscribed to topic '/plan_barn_odom'
[INFO] [1764007663.792156516] [rosbag2_recorder]: Subscribed to topic '/scan'
[INFO] [1764007663.793360598] [rosbag2_recorder]: Subscribed to topic '/tf_static'
[INFO] [1764007663.793392289] [rosbag2_recorder]: All requested topics are subscribed. Stopping discovery...
terminate called after throwing an instance of 'rosbag2_storage_plugins::SqliteException'
  what():  Error when processing SQL statement. SQLite error (13): database or disk is full
