stdin is not a terminal device. Keyboard handling disabled.[INFO] [1763958624.934404338] [rosbag2_recorder]: Press SPACE for pausing/resuming
[INFO] [1763958624.935163157] [rosbag2_storage]: Opened database '/home/mobrob/ros_ws/dwa_baseline/world4_1123_203024/world4_1123_203024_0.db3' for READ_WRITE.
[INFO] [1763958624.935637648] [rosbag2_recorder]: Listening for topics...
[INFO] [1763958624.935651743] [rosbag2_recorder]: Event publisher thread: Starting
[INFO] [1763958624.935721103] [rosbag2_recorder]: Recording...
[INFO] [1763958625.039242657] [rosbag2_recorder]: Subscribed to topic '/odom'
[INFO] [1763958625.041026053] [rosbag2_recorder]: Subscribed to topic '/tf'
[INFO] [1763958625.954156628] [rosbag2_recorder]: Subscribed to topic '/plan_barn_odom'
[WARN] [1763958625.958288961] [rosbag2_recorder]: New publisher discovered on topic '/tf', offering incompatible QoS. No messages will be sent to it. Last incompatible policy: DURABILITY_QOS_POLICY
[WARN] [1763958625.960427530] [rosbag2_recorder]: New publisher discovered on topic '/tf', offering incompatible QoS. No messages will be sent to it. Last incompatible policy: DURABILITY_QOS_POLICY
[WARN] [1763958626.056246432] [rosbag2_recorder]: A new publisher for subscribed topic /tf was found offering RMW_QOS_POLICY_DURABILITY_VOLATILE, but rosbag2 already subscribed requesting RMW_QOS_POLICY_DURABILITY_TRANSIENT_LOCAL. Messages from this new publisher will not be recorded.
[WARN] [1763958626.056272526] [rosbag2_recorder]: A new publisher for subscribed topic /tf was found offering RMW_QOS_POLICY_DURABILITY_VOLATILE, but rosbag2 already subscribed requesting RMW_QOS_POLICY_DURABILITY_TRANSIENT_LOCAL. Messages from this new publisher will not be recorded.
[INFO] [1763958626.057279148] [rosbag2_recorder]: Subscribed to topic '/plan_barn'
[INFO] [1763958626.058939663] [rosbag2_recorder]: Subscribed to topic '/scan'
[INFO] [1763958626.059858908] [rosbag2_recorder]: Subscribed to topic '/tf_static'
[WARN] [1763958626.935022120] [rosbag2_recorder]: New publisher discovered on topic '/tf', offering incompatible QoS. No messages will be sent to it. Last incompatible policy: DURABILITY_QOS_POLICY
[INFO] [1763958626.985694730] [rosbag2_recorder]: Subscribed to topic '/cmd_vel'
[INFO] [1763958626.985734217] [rosbag2_recorder]: All requested topics are subscribed. Stopping discovery...
[INFO] [1763958631.801950585] [rosbag2_cpp]: Writing remaining messages from cache to the bag. It may take a while
[INFO] [1763958631.802558069] [rosbag2_recorder]: Event publisher thread: Exiting
[INFO] [1763958631.802592597] [rosbag2_recorder]: Recording stopped
