stdin is not a terminal device. Keyboard handling disabled.[INFO] [1763261952.880376432] [rosbag2_recorder]: Press SPACE for pausing/resuming
[INFO] [1763261952.881135843] [rosbag2_storage]: Opened database '/home/mobrob/ros_ws/dwa_baseline/world203_1115_185912/world203_1115_185912_0.db3' for READ_WRITE.
[INFO] [1763261952.881598031] [rosbag2_recorder]: Listening for topics...
[INFO] [1763261952.881610452] [rosbag2_recorder]: Event publisher thread: Starting
[INFO] [1763261952.881661779] [rosbag2_recorder]: Recording...
[INFO] [1763261952.985058553] [rosbag2_recorder]: Subscribed to topic '/odom'
[INFO] [1763261952.986051160] [rosbag2_recorder]: Subscribed to topic '/tf'
[INFO] [1763261952.986876030] [rosbag2_recorder]: Subscribed to topic '/tf_static'
[WARN] [1763261953.881604996] [rosbag2_recorder]: New publisher discovered on topic '/tf', offering incompatible QoS. No messages will be sent to it. Last incompatible policy: DURABILITY_QOS_POLICY
[WARN] [1763261953.889497252] [rosbag2_recorder]: New publisher discovered on topic '/tf', offering incompatible QoS. No messages will be sent to it. Last incompatible policy: DURABILITY_QOS_POLICY
[WARN] [1763261953.894597562] [rosbag2_recorder]: New publisher discovered on topic '/tf', offering incompatible QoS. No messages will be sent to it. Last incompatible policy: DURABILITY_QOS_POLICY
[WARN] [1763261953.898977480] [rosbag2_recorder]: A new publisher for subscribed topic /tf was found offering RMW_QOS_POLICY_DURABILITY_VOLATILE, but rosbag2 already subscribed requesting RMW_QOS_POLICY_DURABILITY_TRANSIENT_LOCAL. Messages from this new publisher will not be recorded.
[WARN] [1763261953.899017561] [rosbag2_recorder]: A new publisher for subscribed topic /tf was found offering RMW_QOS_POLICY_DURABILITY_VOLATILE, but rosbag2 already subscribed requesting RMW_QOS_POLICY_DURABILITY_TRANSIENT_LOCAL. Messages from this new publisher will not be recorded.
[WARN] [1763261953.899022839] [rosbag2_recorder]: A new publisher for subscribed topic /tf was found offering RMW_QOS_POLICY_DURABILITY_VOLATILE, but rosbag2 already subscribed requesting RMW_QOS_POLICY_DURABILITY_TRANSIENT_LOCAL. Messages from this new publisher will not be recorded.
[INFO] [1763261953.901255304] [rosbag2_recorder]: Subscribed to topic '/cmd_vel'
[INFO] [1763261953.902194234] [rosbag2_recorder]: Subscribed to topic '/plan_barn_odom'
[INFO] [1763261953.903321980] [rosbag2_recorder]: Subscribed to topic '/scan'
[INFO] [1763261954.941440010] [rosbag2_recorder]: Subscribed to topic '/plan_barn'
[INFO] [1763261954.941484244] [rosbag2_recorder]: All requested topics are subscribed. Stopping discovery...
[INFO] [1763262023.762659373] [rosbag2_cpp]: Writing remaining messages from cache to the bag. It may take a while
[INFO] [1763262023.763255974] [rosbag2_recorder]: Event publisher thread: Exiting
[INFO] [1763262023.763308521] [rosbag2_recorder]: Recording stopped
