stdin is not a terminal device. Keyboard handling disabled.[INFO] [1764076017.098438637] [rosbag2_recorder]: Press SPACE for pausing/resuming
[INFO] [1764076017.099231412] [rosbag2_storage]: Opened database '/home/mobrob/ros_ws/dwa_baseline/world254_1125_050656/world254_1125_050656_0.db3' for READ_WRITE.
[INFO] [1764076017.099777116] [rosbag2_recorder]: Listening for topics...
[INFO] [1764076017.099790371] [rosbag2_recorder]: Event publisher thread: Starting
[INFO] [1764076017.099843963] [rosbag2_recorder]: Recording...
[INFO] [1764076017.203423344] [rosbag2_recorder]: Subscribed to topic '/cmd_vel'
[INFO] [1764076017.205084104] [rosbag2_recorder]: Subscribed to topic '/odom'
[INFO] [1764076017.206579725] [rosbag2_recorder]: Subscribed to topic '/tf'
[WARN] [1764076018.114458558] [rosbag2_recorder]: New publisher discovered on topic '/tf', offering incompatible QoS. No messages will be sent to it. Last incompatible policy: DURABILITY_QOS_POLICY
[WARN] [1764076018.123978756] [rosbag2_recorder]: A new publisher for subscribed topic /tf was found offering RMW_QOS_POLICY_DURABILITY_VOLATILE, but rosbag2 already subscribed requesting RMW_QOS_POLICY_DURABILITY_TRANSIENT_LOCAL. Messages from this new publisher will not be recorded.
[INFO] [1764076018.125382837] [rosbag2_recorder]: Subscribed to topic '/plan_barn'
[INFO] [1764076018.126388498] [rosbag2_recorder]: Subscribed to topic '/plan_barn_odom'
[INFO] [1764076018.127749482] [rosbag2_recorder]: Subscribed to topic '/scan'
[INFO] [1764076018.128521713] [rosbag2_recorder]: Subscribed to topic '/tf_static'
[INFO] [1764076018.128540559] [rosbag2_recorder]: All requested topics are subscribed. Stopping discovery...
[WARN] [1764076019.094372127] [rosbag2_recorder]: New publisher discovered on topic '/tf', offering incompatible QoS. No messages will be sent to it. Last incompatible policy: DURABILITY_QOS_POLICY
[WARN] [1764076019.095164619] [rosbag2_recorder]: New publisher discovered on topic '/tf', offering incompatible QoS. No messages will be sent to it. Last incompatible policy: DURABILITY_QOS_POLICY
[INFO] [1764076140.981809711] [rosbag2_cpp]: Writing remaining messages from cache to the bag. It may take a while
[INFO] [1764076140.982375306] [rosbag2_recorder]: Event publisher thread: Exiting
[INFO] [1764076140.982429872] [rosbag2_recorder]: Recording stopped
