stdin is not a terminal device. Keyboard handling disabled.[INFO] [1764089966.157003844] [rosbag2_recorder]: Press SPACE for pausing/resuming
[INFO] [1764089966.158151424] [rosbag2_storage]: Opened database '/home/mobrob/ros_ws/dwa_baseline/world281_1125_085926/world281_1125_085926_0.db3' for READ_WRITE.
[INFO] [1764089966.160047766] [rosbag2_recorder]: Listening for topics...
[INFO] [1764089966.160059789] [rosbag2_recorder]: Event publisher thread: Starting
[INFO] [1764089966.160208853] [rosbag2_recorder]: Recording...
[INFO] [1764089966.572787055] [rosbag2_recorder]: Subscribed to topic '/odom'
[INFO] [1764089966.574607324] [rosbag2_recorder]: Subscribed to topic '/tf'
[WARN] [1764089967.155449333] [rosbag2_recorder]: New publisher discovered on topic '/tf', offering incompatible QoS. No messages will be sent to it. Last incompatible policy: DURABILITY_QOS_POLICY
[WARN] [1764089967.160826896] [rosbag2_recorder]: New publisher discovered on topic '/tf', offering incompatible QoS. No messages will be sent to it. Last incompatible policy: DURABILITY_QOS_POLICY
[WARN] [1764089967.184859062] [rosbag2_recorder]: A new publisher for subscribed topic /tf was found offering RMW_QOS_POLICY_DURABILITY_VOLATILE, but rosbag2 already subscribed requesting RMW_QOS_POLICY_DURABILITY_TRANSIENT_LOCAL. Messages from this new publisher will not be recorded.
[WARN] [1764089967.184910174] [rosbag2_recorder]: A new publisher for subscribed topic /tf was found offering RMW_QOS_POLICY_DURABILITY_VOLATILE, but rosbag2 already subscribed requesting RMW_QOS_POLICY_DURABILITY_TRANSIENT_LOCAL. Messages from this new publisher will not be recorded.
[INFO] [1764089967.186731789] [rosbag2_recorder]: Subscribed to topic '/cmd_vel'
[INFO] [1764089967.187713560] [rosbag2_recorder]: Subscribed to topic '/plan_barn'
[INFO] [1764089967.188524074] [rosbag2_recorder]: Subscribed to topic '/plan_barn_odom'
[INFO] [1764089967.189455230] [rosbag2_recorder]: Subscribed to topic '/tf_static'
[WARN] [1764089968.155475238] [rosbag2_recorder]: New publisher discovered on topic '/tf', offering incompatible QoS. No messages will be sent to it. Last incompatible policy: DURABILITY_QOS_POLICY
[INFO] [1764089968.221591194] [rosbag2_recorder]: Subscribed to topic '/scan'
[INFO] [1764089968.221627104] [rosbag2_recorder]: All requested topics are subscribed. Stopping discovery...
[INFO] [1764090015.041716197] [rosbag2_cpp]: Writing remaining messages from cache to the bag. It may take a while
[INFO] [1764090015.042722602] [rosbag2_recorder]: Event publisher thread: Exiting
[INFO] [1764090015.042807141] [rosbag2_recorder]: Recording stopped
