stdin is not a terminal device. Keyboard handling disabled.[INFO] [1764083801.683371350] [rosbag2_recorder]: Press SPACE for pausing/resuming
[INFO] [1764083801.684676001] [rosbag2_storage]: Opened database '/home/mobrob/ros_ws/dwa_baseline/world269_1125_071641/world269_1125_071641_0.db3' for READ_WRITE.
[INFO] [1764083801.685486004] [rosbag2_recorder]: Listening for topics...
[INFO] [1764083801.685592089] [rosbag2_recorder]: Recording...
[INFO] [1764083801.685629643] [rosbag2_recorder]: Event publisher thread: Starting
[INFO] [1764083801.789226290] [rosbag2_recorder]: Subscribed to topic '/odom'
[INFO] [1764083801.790780799] [rosbag2_recorder]: Subscribed to topic '/tf'
[INFO] [1764083801.791494193] [rosbag2_recorder]: Subscribed to topic '/tf_static'
[WARN] [1764083802.685431983] [rosbag2_recorder]: New publisher discovered on topic '/tf', offering incompatible QoS. No messages will be sent to it. Last incompatible policy: DURABILITY_QOS_POLICY
[WARN] [1764083802.692983837] [rosbag2_recorder]: New publisher discovered on topic '/tf', offering incompatible QoS. No messages will be sent to it. Last incompatible policy: DURABILITY_QOS_POLICY
[WARN] [1764083802.708493133] [rosbag2_recorder]: A new publisher for subscribed topic /tf was found offering RMW_QOS_POLICY_DURABILITY_VOLATILE, but rosbag2 already subscribed requesting RMW_QOS_POLICY_DURABILITY_TRANSIENT_LOCAL. Messages from this new publisher will not be recorded.
[WARN] [1764083802.708546537] [rosbag2_recorder]: A new publisher for subscribed topic /tf was found offering RMW_QOS_POLICY_DURABILITY_VOLATILE, but rosbag2 already subscribed requesting RMW_QOS_POLICY_DURABILITY_TRANSIENT_LOCAL. Messages from this new publisher will not be recorded.
[INFO] [1764083802.709609822] [rosbag2_recorder]: Subscribed to topic '/cmd_vel'
[INFO] [1764083802.710675236] [rosbag2_recorder]: Subscribed to topic '/plan_barn'
[INFO] [1764083802.711499922] [rosbag2_recorder]: Subscribed to topic '/plan_barn_odom'
[INFO] [1764083802.712887057] [rosbag2_recorder]: Subscribed to topic '/scan'
[INFO] [1764083802.712912299] [rosbag2_recorder]: All requested topics are subscribed. Stopping discovery...
[WARN] [1764083803.677545746] [rosbag2_recorder]: New publisher discovered on topic '/tf', offering incompatible QoS. No messages will be sent to it. Last incompatible policy: DURABILITY_QOS_POLICY
[INFO] [1764083808.569187922] [rosbag2_cpp]: Writing remaining messages from cache to the bag. It may take a while
[INFO] [1764083808.569727815] [rosbag2_recorder]: Event publisher thread: Exiting
[INFO] [1764083808.569761159] [rosbag2_recorder]: Recording stopped
