stdin is not a terminal device. Keyboard handling disabled.[INFO] [1764051343.497157441] [rosbag2_recorder]: Press SPACE for pausing/resuming
[INFO] [1764051343.497900834] [rosbag2_storage]: Opened database '/home/mobrob/ros_ws/dwa_baseline/world205_1124_221543/world205_1124_221543_0.db3' for READ_WRITE.
[INFO] [1764051343.498495496] [rosbag2_recorder]: Listening for topics...
[INFO] [1764051343.498507963] [rosbag2_recorder]: Event publisher thread: Starting
[INFO] [1764051343.498567770] [rosbag2_recorder]: Recording...
[INFO] [1764051343.601897825] [rosbag2_recorder]: Subscribed to topic '/cmd_vel'
[INFO] [1764051343.602831997] [rosbag2_recorder]: Subscribed to topic '/odom'
[INFO] [1764051343.603687772] [rosbag2_recorder]: Subscribed to topic '/tf'
[INFO] [1764051343.604174919] [rosbag2_recorder]: Subscribed to topic '/tf_static'
[WARN] [1764051344.509260512] [rosbag2_recorder]: New publisher discovered on topic '/tf', offering incompatible QoS. No messages will be sent to it. Last incompatible policy: DURABILITY_QOS_POLICY
[WARN] [1764051344.512817584] [rosbag2_recorder]: New publisher discovered on topic '/tf', offering incompatible QoS. No messages will be sent to it. Last incompatible policy: DURABILITY_QOS_POLICY
[WARN] [1764051344.517474079] [rosbag2_recorder]: A new publisher for subscribed topic /tf was found offering RMW_QOS_POLICY_DURABILITY_VOLATILE, but rosbag2 already subscribed requesting RMW_QOS_POLICY_DURABILITY_TRANSIENT_LOCAL. Messages from this new publisher will not be recorded.
[WARN] [1764051344.517505350] [rosbag2_recorder]: A new publisher for subscribed topic /tf was found offering RMW_QOS_POLICY_DURABILITY_VOLATILE, but rosbag2 already subscribed requesting RMW_QOS_POLICY_DURABILITY_TRANSIENT_LOCAL. Messages from this new publisher will not be recorded.
[INFO] [1764051344.518386791] [rosbag2_recorder]: Subscribed to topic '/plan_barn'
[INFO] [1764051344.519424108] [rosbag2_recorder]: Subscribed to topic '/plan_barn_odom'
[WARN] [1764051345.496790022] [rosbag2_recorder]: New publisher discovered on topic '/tf', offering incompatible QoS. No messages will be sent to it. Last incompatible policy: DURABILITY_QOS_POLICY
[INFO] [1764051345.548493238] [rosbag2_recorder]: Subscribed to topic '/scan'
[INFO] [1764051345.548542228] [rosbag2_recorder]: All requested topics are subscribed. Stopping discovery...
[INFO] [1764051454.382896069] [rosbag2_cpp]: Writing remaining messages from cache to the bag. It may take a while
[INFO] [1764051454.383602048] [rosbag2_recorder]: Event publisher thread: Exiting
[INFO] [1764051454.383655621] [rosbag2_recorder]: Recording stopped
