stdin is not a terminal device. Keyboard handling disabled.[INFO] [1763945183.280349170] [rosbag2_recorder]: Press SPACE for pausing/resuming
[INFO] [1763945183.281132719] [rosbag2_storage]: Opened database '/home/mobrob/ros_ws/dwa_baseline/world23_1123_164623/world23_1123_164623_0.db3' for READ_WRITE.
[INFO] [1763945183.281628672] [rosbag2_recorder]: Listening for topics...
[INFO] [1763945183.281637175] [rosbag2_recorder]: Event publisher thread: Starting
[INFO] [1763945183.281774300] [rosbag2_recorder]: Recording...
[INFO] [1763945183.385531312] [rosbag2_recorder]: Subscribed to topic '/cmd_vel'
[INFO] [1763945183.386565979] [rosbag2_recorder]: Subscribed to topic '/odom'
[INFO] [1763945183.387427651] [rosbag2_recorder]: Subscribed to topic '/scan'
[INFO] [1763945183.388346052] [rosbag2_recorder]: Subscribed to topic '/tf'
[INFO] [1763945183.388850827] [rosbag2_recorder]: Subscribed to topic '/tf_static'
[WARN] [1763945184.294441869] [rosbag2_recorder]: New publisher discovered on topic '/tf', offering incompatible QoS. No messages will be sent to it. Last incompatible policy: DURABILITY_QOS_POLICY
[WARN] [1763945184.295104680] [rosbag2_recorder]: New publisher discovered on topic '/tf', offering incompatible QoS. No messages will be sent to it. Last incompatible policy: DURABILITY_QOS_POLICY
[WARN] [1763945184.305700666] [rosbag2_recorder]: A new publisher for subscribed topic /tf was found offering RMW_QOS_POLICY_DURABILITY_VOLATILE, but rosbag2 already subscribed requesting RMW_QOS_POLICY_DURABILITY_TRANSIENT_LOCAL. Messages from this new publisher will not be recorded.
[WARN] [1763945184.305731063] [rosbag2_recorder]: A new publisher for subscribed topic /tf was found offering RMW_QOS_POLICY_DURABILITY_VOLATILE, but rosbag2 already subscribed requesting RMW_QOS_POLICY_DURABILITY_TRANSIENT_LOCAL. Messages from this new publisher will not be recorded.
[INFO] [1763945184.306639834] [rosbag2_recorder]: Subscribed to topic '/plan_barn'
[INFO] [1763945184.307413832] [rosbag2_recorder]: Subscribed to topic '/plan_barn_odom'
[INFO] [1763945184.307427153] [rosbag2_recorder]: All requested topics are subscribed. Stopping discovery...
[WARN] [1763945185.277466087] [rosbag2_recorder]: New publisher discovered on topic '/tf', offering incompatible QoS. No messages will be sent to it. Last incompatible policy: DURABILITY_QOS_POLICY
[INFO] [1763945283.155072054] [rosbag2_cpp]: Writing remaining messages from cache to the bag. It may take a while
[INFO] [1763945283.155961535] [rosbag2_recorder]: Event publisher thread: Exiting
[INFO] [1763945283.155994651] [rosbag2_recorder]: Recording stopped
