stdin is not a terminal device. Keyboard handling disabled.[INFO] [1763940307.881892401] [rosbag2_recorder]: Press SPACE for pausing/resuming
[INFO] [1763940307.882676262] [rosbag2_storage]: Opened database '/home/mobrob/ros_ws/dwa_baseline/world11_1123_152507/world11_1123_152507_0.db3' for READ_WRITE.
[INFO] [1763940307.883396119] [rosbag2_recorder]: Listening for topics...
[INFO] [1763940307.883409623] [rosbag2_recorder]: Event publisher thread: Starting
[INFO] [1763940307.883477562] [rosbag2_recorder]: Recording...
[INFO] [1763940307.986384963] [rosbag2_recorder]: Subscribed to topic '/cmd_vel'
[INFO] [1763940307.987463148] [rosbag2_recorder]: Subscribed to topic '/odom'
[INFO] [1763940307.988511688] [rosbag2_recorder]: Subscribed to topic '/tf'
[WARN] [1763940308.896682563] [rosbag2_recorder]: New publisher discovered on topic '/tf', offering incompatible QoS. No messages will be sent to it. Last incompatible policy: DURABILITY_QOS_POLICY
[WARN] [1763940308.899876241] [rosbag2_recorder]: New publisher discovered on topic '/tf', offering incompatible QoS. No messages will be sent to it. Last incompatible policy: DURABILITY_QOS_POLICY
[WARN] [1763940308.902866725] [rosbag2_recorder]: A new publisher for subscribed topic /tf was found offering RMW_QOS_POLICY_DURABILITY_VOLATILE, but rosbag2 already subscribed requesting RMW_QOS_POLICY_DURABILITY_TRANSIENT_LOCAL. Messages from this new publisher will not be recorded.
[WARN] [1763940308.902908286] [rosbag2_recorder]: A new publisher for subscribed topic /tf was found offering RMW_QOS_POLICY_DURABILITY_VOLATILE, but rosbag2 already subscribed requesting RMW_QOS_POLICY_DURABILITY_TRANSIENT_LOCAL. Messages from this new publisher will not be recorded.
[INFO] [1763940308.905215276] [rosbag2_recorder]: Subscribed to topic '/tf_static'
[WARN] [1763940309.879530359] [rosbag2_recorder]: New publisher discovered on topic '/tf', offering incompatible QoS. No messages will be sent to it. Last incompatible policy: DURABILITY_QOS_POLICY
[INFO] [1763940309.937359850] [rosbag2_recorder]: Subscribed to topic '/plan_barn'
[INFO] [1763940309.938372563] [rosbag2_recorder]: Subscribed to topic '/plan_barn_odom'
[INFO] [1763940309.939752367] [rosbag2_recorder]: Subscribed to topic '/scan'
[INFO] [1763940309.939774282] [rosbag2_recorder]: All requested topics are subscribed. Stopping discovery...
[INFO] [1763940356.748624199] [rosbag2_cpp]: Writing remaining messages from cache to the bag. It may take a while
[INFO] [1763940356.749367321] [rosbag2_recorder]: Event publisher thread: Exiting
[INFO] [1763940356.749414543] [rosbag2_recorder]: Recording stopped
