stdin is not a terminal device. Keyboard handling disabled.[INFO] [1764043559.903046622] [rosbag2_recorder]: Press SPACE for pausing/resuming
[INFO] [1764043559.904052970] [rosbag2_storage]: Opened database '/home/mobrob/ros_ws/dwa_baseline/world190_1124_200559/world190_1124_200559_0.db3' for READ_WRITE.
[INFO] [1764043559.904735042] [rosbag2_recorder]: Listening for topics...
[INFO] [1764043559.904754733] [rosbag2_recorder]: Event publisher thread: Starting
[INFO] [1764043559.904891299] [rosbag2_recorder]: Recording...
[INFO] [1764043560.007734033] [rosbag2_recorder]: Subscribed to topic '/odom'
[INFO] [1764043560.008713362] [rosbag2_recorder]: Subscribed to topic '/plan_barn'
[INFO] [1764043560.009421142] [rosbag2_recorder]: Subscribed to topic '/plan_barn_odom'
[INFO] [1764043560.010686886] [rosbag2_recorder]: Subscribed to topic '/tf'
[WARN] [1764043560.908039345] [rosbag2_recorder]: New publisher discovered on topic '/tf', offering incompatible QoS. No messages will be sent to it. Last incompatible policy: DURABILITY_QOS_POLICY
[WARN] [1764043560.910342157] [rosbag2_recorder]: New publisher discovered on topic '/tf', offering incompatible QoS. No messages will be sent to it. Last incompatible policy: DURABILITY_QOS_POLICY
[WARN] [1764043560.921474237] [rosbag2_recorder]: New publisher discovered on topic '/tf', offering incompatible QoS. No messages will be sent to it. Last incompatible policy: DURABILITY_QOS_POLICY
[WARN] [1764043560.926942633] [rosbag2_recorder]: A new publisher for subscribed topic /tf was found offering RMW_QOS_POLICY_DURABILITY_VOLATILE, but rosbag2 already subscribed requesting RMW_QOS_POLICY_DURABILITY_TRANSIENT_LOCAL. Messages from this new publisher will not be recorded.
[WARN] [1764043560.926987334] [rosbag2_recorder]: A new publisher for subscribed topic /tf was found offering RMW_QOS_POLICY_DURABILITY_VOLATILE, but rosbag2 already subscribed requesting RMW_QOS_POLICY_DURABILITY_TRANSIENT_LOCAL. Messages from this new publisher will not be recorded.
[WARN] [1764043560.926990784] [rosbag2_recorder]: A new publisher for subscribed topic /tf was found offering RMW_QOS_POLICY_DURABILITY_VOLATILE, but rosbag2 already subscribed requesting RMW_QOS_POLICY_DURABILITY_TRANSIENT_LOCAL. Messages from this new publisher will not be recorded.
[INFO] [1764043560.928372277] [rosbag2_recorder]: Subscribed to topic '/cmd_vel'
[INFO] [1764043560.929404985] [rosbag2_recorder]: Subscribed to topic '/scan'
[INFO] [1764043560.930112898] [rosbag2_recorder]: Subscribed to topic '/tf_static'
[INFO] [1764043560.930126012] [rosbag2_recorder]: All requested topics are subscribed. Stopping discovery...
[INFO] [1764043584.793070270] [rosbag2_cpp]: Writing remaining messages from cache to the bag. It may take a while
[INFO] [1764043584.793953386] [rosbag2_recorder]: Event publisher thread: Exiting
[INFO] [1764043584.793995829] [rosbag2_recorder]: Recording stopped
