stdin is not a terminal device. Keyboard handling disabled.[INFO] [1763942966.367711545] [rosbag2_recorder]: Press SPACE for pausing/resuming
[INFO] [1763942966.368599848] [rosbag2_storage]: Opened database '/home/mobrob/ros_ws/dwa_baseline/world18_1123_160926/world18_1123_160926_0.db3' for READ_WRITE.
[INFO] [1763942966.369566969] [rosbag2_recorder]: Listening for topics...
[INFO] [1763942966.369578632] [rosbag2_recorder]: Event publisher thread: Starting
[INFO] [1763942966.369687157] [rosbag2_recorder]: Recording...
[INFO] [1763942966.473350501] [rosbag2_recorder]: Subscribed to topic '/cmd_vel'
[INFO] [1763942966.475115209] [rosbag2_recorder]: Subscribed to topic '/odom'
[INFO] [1763942966.475885866] [rosbag2_recorder]: Subscribed to topic '/plan_barn'
[INFO] [1763942966.476784384] [rosbag2_recorder]: Subscribed to topic '/plan_barn_odom'
[INFO] [1763942966.478349134] [rosbag2_recorder]: Subscribed to topic '/tf'
[INFO] [1763942966.479190780] [rosbag2_recorder]: Subscribed to topic '/tf_static'
[WARN] [1763942968.367688337] [rosbag2_recorder]: New publisher discovered on topic '/tf', offering incompatible QoS. No messages will be sent to it. Last incompatible policy: DURABILITY_QOS_POLICY
[WARN] [1763942968.369244678] [rosbag2_recorder]: New publisher discovered on topic '/tf', offering incompatible QoS. No messages will be sent to it. Last incompatible policy: DURABILITY_QOS_POLICY
[WARN] [1763942968.372073793] [rosbag2_recorder]: New publisher discovered on topic '/tf', offering incompatible QoS. No messages will be sent to it. Last incompatible policy: DURABILITY_QOS_POLICY
[WARN] [1763942968.429335136] [rosbag2_recorder]: A new publisher for subscribed topic /tf was found offering RMW_QOS_POLICY_DURABILITY_VOLATILE, but rosbag2 already subscribed requesting RMW_QOS_POLICY_DURABILITY_TRANSIENT_LOCAL. Messages from this new publisher will not be recorded.
[WARN] [1763942968.429401596] [rosbag2_recorder]: A new publisher for subscribed topic /tf was found offering RMW_QOS_POLICY_DURABILITY_VOLATILE, but rosbag2 already subscribed requesting RMW_QOS_POLICY_DURABILITY_TRANSIENT_LOCAL. Messages from this new publisher will not be recorded.
[WARN] [1763942968.429411934] [rosbag2_recorder]: A new publisher for subscribed topic /tf was found offering RMW_QOS_POLICY_DURABILITY_VOLATILE, but rosbag2 already subscribed requesting RMW_QOS_POLICY_DURABILITY_TRANSIENT_LOCAL. Messages from this new publisher will not be recorded.
[INFO] [1763942968.431299949] [rosbag2_recorder]: Subscribed to topic '/scan'
[INFO] [1763942968.431330819] [rosbag2_recorder]: All requested topics are subscribed. Stopping discovery...
[INFO] [1763943015.229054068] [rosbag2_cpp]: Writing remaining messages from cache to the bag. It may take a while
[INFO] [1763943015.230054076] [rosbag2_recorder]: Event publisher thread: Exiting
[INFO] [1763943015.230109528] [rosbag2_recorder]: Recording stopped
