stdin is not a terminal device. Keyboard handling disabled.[INFO] [1764082447.652240269] [rosbag2_recorder]: Press SPACE for pausing/resuming
[INFO] [1764082447.653044259] [rosbag2_storage]: Opened database '/home/mobrob/ros_ws/dwa_baseline/world267_1125_065407/world267_1125_065407_0.db3' for READ_WRITE.
[INFO] [1764082447.653487173] [rosbag2_recorder]: Listening for topics...
[INFO] [1764082447.653501798] [rosbag2_recorder]: Event publisher thread: Starting
[INFO] [1764082447.653637680] [rosbag2_recorder]: Recording...
[INFO] [1764082447.755642387] [rosbag2_recorder]: Subscribed to topic '/cmd_vel'
[INFO] [1764082447.756579409] [rosbag2_recorder]: Subscribed to topic '/odom'
[INFO] [1764082447.757451693] [rosbag2_recorder]: Subscribed to topic '/tf'
[WARN] [1764082448.650764028] [rosbag2_recorder]: New publisher discovered on topic '/tf', offering incompatible QoS. No messages will be sent to it. Last incompatible policy: DURABILITY_QOS_POLICY
[WARN] [1764082448.668098238] [rosbag2_recorder]: A new publisher for subscribed topic /tf was found offering RMW_QOS_POLICY_DURABILITY_VOLATILE, but rosbag2 already subscribed requesting RMW_QOS_POLICY_DURABILITY_TRANSIENT_LOCAL. Messages from this new publisher will not be recorded.
[INFO] [1764082448.670907433] [rosbag2_recorder]: Subscribed to topic '/tf_static'
[WARN] [1764082448.675263374] [rosbag2_recorder]: New publisher discovered on topic '/tf', offering incompatible QoS. No messages will be sent to it. Last incompatible policy: DURABILITY_QOS_POLICY
[INFO] [1764082448.774430853] [rosbag2_recorder]: Subscribed to topic '/plan_barn'
[INFO] [1764082448.775216121] [rosbag2_recorder]: Subscribed to topic '/plan_barn_odom'
[WARN] [1764082449.653603537] [rosbag2_recorder]: New publisher discovered on topic '/tf', offering incompatible QoS. No messages will be sent to it. Last incompatible policy: DURABILITY_QOS_POLICY
[INFO] [1764082449.700489355] [rosbag2_recorder]: Subscribed to topic '/scan'
[INFO] [1764082449.700538326] [rosbag2_recorder]: All requested topics are subscribed. Stopping discovery...
[INFO] [1764082574.538007255] [rosbag2_cpp]: Writing remaining messages from cache to the bag. It may take a while
[INFO] [1764082574.538851416] [rosbag2_recorder]: Event publisher thread: Exiting
[INFO] [1764082574.538896443] [rosbag2_recorder]: Recording stopped
