stdin is not a terminal device. Keyboard handling disabled.[INFO] [1764091302.928190037] [rosbag2_recorder]: Press SPACE for pausing/resuming
[INFO] [1764091302.928955443] [rosbag2_storage]: Opened database '/home/mobrob/ros_ws/dwa_baseline/world284_1125_092142/world284_1125_092142_0.db3' for READ_WRITE.
[INFO] [1764091302.929710492] [rosbag2_recorder]: Listening for topics...
[INFO] [1764091302.929722009] [rosbag2_recorder]: Event publisher thread: Starting
[INFO] [1764091302.929835304] [rosbag2_recorder]: Recording...
[INFO] [1764091303.032046851] [rosbag2_recorder]: Subscribed to topic '/cmd_vel'
[INFO] [1764091303.033673357] [rosbag2_recorder]: Subscribed to topic '/odom'
[INFO] [1764091303.034286741] [rosbag2_recorder]: Subscribed to topic '/plan_barn'
[INFO] [1764091303.034820083] [rosbag2_recorder]: Subscribed to topic '/plan_barn_odom'
[INFO] [1764091303.036201465] [rosbag2_recorder]: Subscribed to topic '/tf'
[WARN] [1764091303.929917495] [rosbag2_recorder]: New publisher discovered on topic '/tf', offering incompatible QoS. No messages will be sent to it. Last incompatible policy: DURABILITY_QOS_POLICY
[WARN] [1764091303.930155310] [rosbag2_recorder]: New publisher discovered on topic '/tf', offering incompatible QoS. No messages will be sent to it. Last incompatible policy: DURABILITY_QOS_POLICY
[WARN] [1764091303.940000859] [rosbag2_recorder]: New publisher discovered on topic '/tf', offering incompatible QoS. No messages will be sent to it. Last incompatible policy: DURABILITY_QOS_POLICY
[WARN] [1764091303.948933767] [rosbag2_recorder]: A new publisher for subscribed topic /tf was found offering RMW_QOS_POLICY_DURABILITY_VOLATILE, but rosbag2 already subscribed requesting RMW_QOS_POLICY_DURABILITY_TRANSIENT_LOCAL. Messages from this new publisher will not be recorded.
[WARN] [1764091303.948970129] [rosbag2_recorder]: A new publisher for subscribed topic /tf was found offering RMW_QOS_POLICY_DURABILITY_VOLATILE, but rosbag2 already subscribed requesting RMW_QOS_POLICY_DURABILITY_TRANSIENT_LOCAL. Messages from this new publisher will not be recorded.
[WARN] [1764091303.948973461] [rosbag2_recorder]: A new publisher for subscribed topic /tf was found offering RMW_QOS_POLICY_DURABILITY_VOLATILE, but rosbag2 already subscribed requesting RMW_QOS_POLICY_DURABILITY_TRANSIENT_LOCAL. Messages from this new publisher will not be recorded.
[INFO] [1764091303.950087548] [rosbag2_recorder]: Subscribed to topic '/scan'
[INFO] [1764091303.951011415] [rosbag2_recorder]: Subscribed to topic '/tf_static'
[INFO] [1764091303.951042505] [rosbag2_recorder]: All requested topics are subscribed. Stopping discovery...
[INFO] [1764091364.803788222] [rosbag2_cpp]: Writing remaining messages from cache to the bag. It may take a while
[INFO] [1764091364.804334234] [rosbag2_recorder]: Event publisher thread: Exiting
[INFO] [1764091364.804368768] [rosbag2_recorder]: Recording stopped
