stdin is not a terminal device. Keyboard handling disabled.[INFO] [1763950236.348864265] [rosbag2_recorder]: Press SPACE for pausing/resuming
[INFO] [1763950236.349691587] [rosbag2_storage]: Opened database '/home/mobrob/ros_ws/dwa_baseline/world35_1123_181036/world35_1123_181036_0.db3' for READ_WRITE.
[INFO] [1763950236.350380748] [rosbag2_recorder]: Listening for topics...
[INFO] [1763950236.350393421] [rosbag2_recorder]: Event publisher thread: Starting
[INFO] [1763950236.350452307] [rosbag2_recorder]: Recording...
[INFO] [1763950236.452289972] [rosbag2_recorder]: Subscribed to topic '/cmd_vel'
[INFO] [1763950237.362302156] [rosbag2_recorder]: Subscribed to topic '/plan_barn_odom'
[INFO] [1763950237.365245991] [rosbag2_recorder]: Subscribed to topic '/scan'
[INFO] [1763950237.368584424] [rosbag2_recorder]: Subscribed to topic '/tf_static'
[INFO] [1763950237.471951123] [rosbag2_recorder]: Subscribed to topic '/odom'
[INFO] [1763950237.472797259] [rosbag2_recorder]: Subscribed to topic '/tf'
[WARN] [1763950238.349018213] [rosbag2_recorder]: New publisher discovered on topic '/tf', offering incompatible QoS. No messages will be sent to it. Last incompatible policy: DURABILITY_QOS_POLICY
[WARN] [1763950238.351363359] [rosbag2_recorder]: New publisher discovered on topic '/tf', offering incompatible QoS. No messages will be sent to it. Last incompatible policy: DURABILITY_QOS_POLICY
[WARN] [1763950238.353107362] [rosbag2_recorder]: New publisher discovered on topic '/tf', offering incompatible QoS. No messages will be sent to it. Last incompatible policy: DURABILITY_QOS_POLICY
[WARN] [1763950238.401848650] [rosbag2_recorder]: A new publisher for subscribed topic /tf was found offering RMW_QOS_POLICY_DURABILITY_VOLATILE, but rosbag2 already subscribed requesting RMW_QOS_POLICY_DURABILITY_TRANSIENT_LOCAL. Messages from this new publisher will not be recorded.
[WARN] [1763950238.401897218] [rosbag2_recorder]: A new publisher for subscribed topic /tf was found offering RMW_QOS_POLICY_DURABILITY_VOLATILE, but rosbag2 already subscribed requesting RMW_QOS_POLICY_DURABILITY_TRANSIENT_LOCAL. Messages from this new publisher will not be recorded.
[WARN] [1763950238.401907403] [rosbag2_recorder]: A new publisher for subscribed topic /tf was found offering RMW_QOS_POLICY_DURABILITY_VOLATILE, but rosbag2 already subscribed requesting RMW_QOS_POLICY_DURABILITY_TRANSIENT_LOCAL. Messages from this new publisher will not be recorded.
[INFO] [1763950238.403337944] [rosbag2_recorder]: Subscribed to topic '/plan_barn'
[INFO] [1763950238.403368918] [rosbag2_recorder]: All requested topics are subscribed. Stopping discovery...
[INFO] [1763950286.220832238] [rosbag2_cpp]: Writing remaining messages from cache to the bag. It may take a while
[INFO] [1763950286.221436561] [rosbag2_recorder]: Event publisher thread: Exiting
[INFO] [1763950286.221483191] [rosbag2_recorder]: Recording stopped
