stdin is not a terminal device. Keyboard handling disabled.[INFO] [1764092201.144558830] [rosbag2_recorder]: Press SPACE for pausing/resuming
[INFO] [1764092201.145341399] [rosbag2_storage]: Opened database '/home/mobrob/ros_ws/dwa_baseline/world287_1125_093641/world287_1125_093641_0.db3' for READ_WRITE.
[INFO] [1764092201.145867697] [rosbag2_recorder]: Listening for topics...
[INFO] [1764092201.145880196] [rosbag2_recorder]: Event publisher thread: Starting
[INFO] [1764092201.145943019] [rosbag2_recorder]: Recording...
[INFO] [1764092201.248208535] [rosbag2_recorder]: Subscribed to topic '/odom'
[INFO] [1764092201.249310615] [rosbag2_recorder]: Subscribed to topic '/tf'
[INFO] [1764092201.249942264] [rosbag2_recorder]: Subscribed to topic '/tf_static'
[WARN] [1764092202.157197551] [rosbag2_recorder]: New publisher discovered on topic '/tf', offering incompatible QoS. No messages will be sent to it. Last incompatible policy: DURABILITY_QOS_POLICY
[WARN] [1764092202.161152656] [rosbag2_recorder]: A new publisher for subscribed topic /tf was found offering RMW_QOS_POLICY_DURABILITY_VOLATILE, but rosbag2 already subscribed requesting RMW_QOS_POLICY_DURABILITY_TRANSIENT_LOCAL. Messages from this new publisher will not be recorded.
[INFO] [1764092202.162842089] [rosbag2_recorder]: Subscribed to topic '/cmd_vel'
[WARN] [1764092202.163760728] [rosbag2_recorder]: New publisher discovered on topic '/tf', offering incompatible QoS. No messages will be sent to it. Last incompatible policy: DURABILITY_QOS_POLICY
[INFO] [1764092202.164774545] [rosbag2_recorder]: Subscribed to topic '/scan'
[WARN] [1764092203.147511452] [rosbag2_recorder]: New publisher discovered on topic '/tf', offering incompatible QoS. No messages will be sent to it. Last incompatible policy: DURABILITY_QOS_POLICY
[INFO] [1764092203.196263726] [rosbag2_recorder]: Subscribed to topic '/plan_barn'
[INFO] [1764092203.197310693] [rosbag2_recorder]: Subscribed to topic '/plan_barn_odom'
[INFO] [1764092203.197341578] [rosbag2_recorder]: All requested topics are subscribed. Stopping discovery...
[INFO] [1764092344.029140080] [rosbag2_cpp]: Writing remaining messages from cache to the bag. It may take a while
[INFO] [1764092344.029736598] [rosbag2_recorder]: Event publisher thread: Exiting
[INFO] [1764092344.029786358] [rosbag2_recorder]: Recording stopped
