stdin is not a terminal device. Keyboard handling disabled.[INFO] [1764062828.743100478] [rosbag2_recorder]: Press SPACE for pausing/resuming
[INFO] [1764062828.744367166] [rosbag2_storage]: Opened database '/home/mobrob/ros_ws/dwa_baseline/world227_1125_012708/world227_1125_012708_0.db3' for READ_WRITE.
[INFO] [1764062828.745486407] [rosbag2_recorder]: Listening for topics...
[INFO] [1764062828.745501106] [rosbag2_recorder]: Event publisher thread: Starting
[INFO] [1764062828.745633662] [rosbag2_recorder]: Recording...
[INFO] [1764062828.848679677] [rosbag2_recorder]: Subscribed to topic '/odom'
[INFO] [1764062828.849908444] [rosbag2_recorder]: Subscribed to topic '/tf'
[WARN] [1764062829.749381734] [rosbag2_recorder]: New publisher discovered on topic '/tf', offering incompatible QoS. No messages will be sent to it. Last incompatible policy: DURABILITY_QOS_POLICY
[WARN] [1764062829.760314228] [rosbag2_recorder]: A new publisher for subscribed topic /tf was found offering RMW_QOS_POLICY_DURABILITY_VOLATILE, but rosbag2 already subscribed requesting RMW_QOS_POLICY_DURABILITY_TRANSIENT_LOCAL. Messages from this new publisher will not be recorded.
[INFO] [1764062829.761424307] [rosbag2_recorder]: Subscribed to topic '/cmd_vel'
[INFO] [1764062829.762306876] [rosbag2_recorder]: Subscribed to topic '/tf_static'
[WARN] [1764062830.739879123] [rosbag2_recorder]: New publisher discovered on topic '/tf', offering incompatible QoS. No messages will be sent to it. Last incompatible policy: DURABILITY_QOS_POLICY
[WARN] [1764062830.743273615] [rosbag2_recorder]: New publisher discovered on topic '/tf', offering incompatible QoS. No messages will be sent to it. Last incompatible policy: DURABILITY_QOS_POLICY
[INFO] [1764062830.785319191] [rosbag2_recorder]: Subscribed to topic '/plan_barn'
[INFO] [1764062830.786107494] [rosbag2_recorder]: Subscribed to topic '/plan_barn_odom'
[INFO] [1764062830.787111533] [rosbag2_recorder]: Subscribed to topic '/scan'
[INFO] [1764062830.787141545] [rosbag2_recorder]: All requested topics are subscribed. Stopping discovery...
[INFO] [1764062835.623762866] [rosbag2_cpp]: Writing remaining messages from cache to the bag. It may take a while
[INFO] [1764062835.624428043] [rosbag2_recorder]: Event publisher thread: Exiting
[INFO] [1764062835.624502632] [rosbag2_recorder]: Recording stopped
