stdin is not a terminal device. Keyboard handling disabled.[INFO] [1763965805.407141348] [rosbag2_recorder]: Press SPACE for pausing/resuming
[INFO] [1763965805.408249343] [rosbag2_storage]: Opened database '/home/mobrob/ros_ws/dwa_baseline/world21_1123_223005/world21_1123_223005_0.db3' for READ_WRITE.
[INFO] [1763965805.409797544] [rosbag2_recorder]: Listening for topics...
[INFO] [1763965805.409807114] [rosbag2_recorder]: Event publisher thread: Starting
[INFO] [1763965805.409911731] [rosbag2_recorder]: Recording...
[INFO] [1763965805.512960190] [rosbag2_recorder]: Subscribed to topic '/odom'
[INFO] [1763965805.514129336] [rosbag2_recorder]: Subscribed to topic '/tf'
[WARN] [1763965806.415330427] [rosbag2_recorder]: New publisher discovered on topic '/tf', offering incompatible QoS. No messages will be sent to it. Last incompatible policy: DURABILITY_QOS_POLICY
[WARN] [1763965806.427367424] [rosbag2_recorder]: New publisher discovered on topic '/tf', offering incompatible QoS. No messages will be sent to it. Last incompatible policy: DURABILITY_QOS_POLICY
[WARN] [1763965806.431306374] [rosbag2_recorder]: A new publisher for subscribed topic /tf was found offering RMW_QOS_POLICY_DURABILITY_VOLATILE, but rosbag2 already subscribed requesting RMW_QOS_POLICY_DURABILITY_TRANSIENT_LOCAL. Messages from this new publisher will not be recorded.
[WARN] [1763965806.431354788] [rosbag2_recorder]: A new publisher for subscribed topic /tf was found offering RMW_QOS_POLICY_DURABILITY_VOLATILE, but rosbag2 already subscribed requesting RMW_QOS_POLICY_DURABILITY_TRANSIENT_LOCAL. Messages from this new publisher will not be recorded.
[INFO] [1763965806.434934952] [rosbag2_recorder]: Subscribed to topic '/cmd_vel'
[WARN] [1763965807.404625696] [rosbag2_recorder]: New publisher discovered on topic '/tf', offering incompatible QoS. No messages will be sent to it. Last incompatible policy: DURABILITY_QOS_POLICY
[INFO] [1763965807.470892078] [rosbag2_recorder]: Subscribed to topic '/plan_barn'
[INFO] [1763965807.472055015] [rosbag2_recorder]: Subscribed to topic '/plan_barn_odom'
[INFO] [1763965807.473087341] [rosbag2_recorder]: Subscribed to topic '/scan'
[INFO] [1763965807.473938459] [rosbag2_recorder]: Subscribed to topic '/tf_static'
[INFO] [1763965807.473952212] [rosbag2_recorder]: All requested topics are subscribed. Stopping discovery...
[INFO] [1763965876.274815638] [rosbag2_cpp]: Writing remaining messages from cache to the bag. It may take a while
[INFO] [1763965876.275405704] [rosbag2_recorder]: Event publisher thread: Exiting
[INFO] [1763965876.275438219] [rosbag2_recorder]: Recording stopped
