stdin is not a terminal device. Keyboard handling disabled.[INFO] [1763938968.418731174] [rosbag2_recorder]: Press SPACE for pausing/resuming
[INFO] [1763938968.420053426] [rosbag2_storage]: Opened database '/home/mobrob/ros_ws/dwa_baseline/world8_1123_150248/world8_1123_150248_0.db3' for READ_WRITE.
[INFO] [1763938968.422502200] [rosbag2_recorder]: Listening for topics...
[INFO] [1763938968.422640133] [rosbag2_recorder]: Recording...
[INFO] [1763938968.422656358] [rosbag2_recorder]: Event publisher thread: Starting
[INFO] [1763938968.525984801] [rosbag2_recorder]: Subscribed to topic '/cmd_vel'
[INFO] [1763938968.527159928] [rosbag2_recorder]: Subscribed to topic '/odom'
[INFO] [1763938968.527798429] [rosbag2_recorder]: Subscribed to topic '/plan_barn'
[INFO] [1763938968.528287641] [rosbag2_recorder]: Subscribed to topic '/plan_barn_odom'
[INFO] [1763938968.529243267] [rosbag2_recorder]: Subscribed to topic '/tf'
[INFO] [1763938968.529752167] [rosbag2_recorder]: Subscribed to topic '/tf_static'
[WARN] [1763938969.421263911] [rosbag2_recorder]: New publisher discovered on topic '/tf', offering incompatible QoS. No messages will be sent to it. Last incompatible policy: DURABILITY_QOS_POLICY
[WARN] [1763938969.449320641] [rosbag2_recorder]: A new publisher for subscribed topic /tf was found offering RMW_QOS_POLICY_DURABILITY_VOLATILE, but rosbag2 already subscribed requesting RMW_QOS_POLICY_DURABILITY_TRANSIENT_LOCAL. Messages from this new publisher will not be recorded.
[INFO] [1763938969.451370318] [rosbag2_recorder]: Subscribed to topic '/scan'
[INFO] [1763938969.451394041] [rosbag2_recorder]: All requested topics are subscribed. Stopping discovery...
[WARN] [1763938970.415874335] [rosbag2_recorder]: New publisher discovered on topic '/tf', offering incompatible QoS. No messages will be sent to it. Last incompatible policy: DURABILITY_QOS_POLICY
[WARN] [1763938970.418190039] [rosbag2_recorder]: New publisher discovered on topic '/tf', offering incompatible QoS. No messages will be sent to it. Last incompatible policy: DURABILITY_QOS_POLICY
[INFO] [1763939016.287619195] [rosbag2_cpp]: Writing remaining messages from cache to the bag. It may take a while
[INFO] [1763939016.288252439] [rosbag2_recorder]: Event publisher thread: Exiting
[INFO] [1763939016.288286781] [rosbag2_recorder]: Recording stopped
