stdin is not a terminal device. Keyboard handling disabled.[INFO] [1764085729.601850272] [rosbag2_recorder]: Press SPACE for pausing/resuming
[INFO] [1764085729.602573959] [rosbag2_storage]: Opened database '/home/mobrob/ros_ws/dwa_baseline/world273_1125_074849/world273_1125_074849_0.db3' for READ_WRITE.
[INFO] [1764085729.603095967] [rosbag2_recorder]: Listening for topics...
[INFO] [1764085729.603110715] [rosbag2_recorder]: Event publisher thread: Starting
[INFO] [1764085729.603161502] [rosbag2_recorder]: Recording...
[INFO] [1764085729.705910200] [rosbag2_recorder]: Subscribed to topic '/cmd_vel'
[INFO] [1764085729.706765663] [rosbag2_recorder]: Subscribed to topic '/odom'
[INFO] [1764085729.707578968] [rosbag2_recorder]: Subscribed to topic '/tf'
[INFO] [1764085729.708344701] [rosbag2_recorder]: Subscribed to topic '/tf_static'
[WARN] [1764085730.613714014] [rosbag2_recorder]: New publisher discovered on topic '/tf', offering incompatible QoS. No messages will be sent to it. Last incompatible policy: DURABILITY_QOS_POLICY
[WARN] [1764085730.620749299] [rosbag2_recorder]: A new publisher for subscribed topic /tf was found offering RMW_QOS_POLICY_DURABILITY_VOLATILE, but rosbag2 already subscribed requesting RMW_QOS_POLICY_DURABILITY_TRANSIENT_LOCAL. Messages from this new publisher will not be recorded.
[WARN] [1764085730.623758080] [rosbag2_recorder]: New publisher discovered on topic '/tf', offering incompatible QoS. No messages will be sent to it. Last incompatible policy: DURABILITY_QOS_POLICY
[WARN] [1764085730.625691050] [rosbag2_recorder]: New publisher discovered on topic '/tf', offering incompatible QoS. No messages will be sent to it. Last incompatible policy: DURABILITY_QOS_POLICY
[INFO] [1764085731.649375189] [rosbag2_recorder]: Subscribed to topic '/plan_barn'
[INFO] [1764085731.650309947] [rosbag2_recorder]: Subscribed to topic '/plan_barn_odom'
[INFO] [1764085731.651953394] [rosbag2_recorder]: Subscribed to topic '/scan'
[INFO] [1764085731.651990885] [rosbag2_recorder]: All requested topics are subscribed. Stopping discovery...
[INFO] [1764085809.476839738] [rosbag2_cpp]: Writing remaining messages from cache to the bag. It may take a while
[INFO] [1764085809.477392378] [rosbag2_recorder]: Event publisher thread: Exiting
[INFO] [1764085809.477433060] [rosbag2_recorder]: Recording stopped
