stdin is not a terminal device. Keyboard handling disabled.[INFO] [1763524278.626537013] [rosbag2_recorder]: Press SPACE for pausing/resuming
[INFO] [1763524278.627479007] [rosbag2_storage]: Opened database '/home/mobrob/ros_ws/dwa_baseline/world210_1118_195118/world210_1118_195118_0.db3' for READ_WRITE.
[INFO] [1763524278.628183416] [rosbag2_recorder]: Listening for topics...
[INFO] [1763524278.628190793] [rosbag2_recorder]: Event publisher thread: Starting
[INFO] [1763524278.628298029] [rosbag2_recorder]: Recording...
[INFO] [1763524279.747987247] [rosbag2_recorder]: Subscribed to topic '/odom'
[INFO] [1763524279.750135301] [rosbag2_recorder]: Subscribed to topic '/tf'
[INFO] [1763524279.750986970] [rosbag2_recorder]: Subscribed to topic '/tf_static'
[WARN] [1763524279.767995252] [rosbag2_recorder]: New publisher discovered on topic '/tf', offering incompatible QoS. No messages will be sent to it. Last incompatible policy: DURABILITY_QOS_POLICY
[WARN] [1763524279.814816369] [rosbag2_recorder]: New publisher discovered on topic '/tf', offering incompatible QoS. No messages will be sent to it. Last incompatible policy: DURABILITY_QOS_POLICY
[WARN] [1763524279.855260703] [rosbag2_recorder]: A new publisher for subscribed topic /tf was found offering RMW_QOS_POLICY_DURABILITY_VOLATILE, but rosbag2 already subscribed requesting RMW_QOS_POLICY_DURABILITY_TRANSIENT_LOCAL. Messages from this new publisher will not be recorded.
[WARN] [1763524279.855310373] [rosbag2_recorder]: A new publisher for subscribed topic /tf was found offering RMW_QOS_POLICY_DURABILITY_VOLATILE, but rosbag2 already subscribed requesting RMW_QOS_POLICY_DURABILITY_TRANSIENT_LOCAL. Messages from this new publisher will not be recorded.
[INFO] [1763524279.856926446] [rosbag2_recorder]: Subscribed to topic '/cmd_vel'
[INFO] [1763524279.858650519] [rosbag2_recorder]: Subscribed to topic '/scan'
[WARN] [1763524280.626515216] [rosbag2_recorder]: New publisher discovered on topic '/tf', offering incompatible QoS. No messages will be sent to it. Last incompatible policy: DURABILITY_QOS_POLICY
[INFO] [1763524280.693622168] [rosbag2_recorder]: Subscribed to topic '/plan_barn'
[INFO] [1763524280.694855873] [rosbag2_recorder]: Subscribed to topic '/plan_barn_odom'
[INFO] [1763524280.694880852] [rosbag2_recorder]: All requested topics are subscribed. Stopping discovery...
[INFO] [1763524281.467661645] [rosbag2_cpp]: Writing remaining messages from cache to the bag. It may take a while
[INFO] [1763524281.468278277] [rosbag2_recorder]: Event publisher thread: Exiting
[INFO] [1763524281.468318626] [rosbag2_recorder]: Recording stopped
