stdin is not a terminal device. Keyboard handling disabled.[INFO] [1763979622.416578286] [rosbag2_recorder]: Press SPACE for pausing/resuming
[INFO] [1763979622.417533494] [rosbag2_storage]: Opened database '/home/mobrob/ros_ws/dwa_baseline/world53_1124_022022/world53_1124_022022_0.db3' for READ_WRITE.
[INFO] [1763979622.418044973] [rosbag2_recorder]: Listening for topics...
[INFO] [1763979622.418076491] [rosbag2_recorder]: Event publisher thread: Starting
[INFO] [1763979622.418131776] [rosbag2_recorder]: Recording...
[INFO] [1763979622.520702467] [rosbag2_recorder]: Subscribed to topic '/odom'
[INFO] [1763979622.521649498] [rosbag2_recorder]: Subscribed to topic '/plan_barn'
[INFO] [1763979622.522168494] [rosbag2_recorder]: Subscribed to topic '/plan_barn_odom'
[INFO] [1763979622.523196230] [rosbag2_recorder]: Subscribed to topic '/tf'
[INFO] [1763979622.524010542] [rosbag2_recorder]: Subscribed to topic '/tf_static'
[WARN] [1763979622.646675582] [rosbag2_recorder]: New publisher discovered on topic '/tf', offering incompatible QoS. No messages will be sent to it. Last incompatible policy: DURABILITY_QOS_POLICY
[WARN] [1763979622.725578153] [rosbag2_recorder]: A new publisher for subscribed topic /tf was found offering RMW_QOS_POLICY_DURABILITY_VOLATILE, but rosbag2 already subscribed requesting RMW_QOS_POLICY_DURABILITY_TRANSIENT_LOCAL. Messages from this new publisher will not be recorded.
[WARN] [1763979623.431832936] [rosbag2_recorder]: New publisher discovered on topic '/tf', offering incompatible QoS. No messages will be sent to it. Last incompatible policy: DURABILITY_QOS_POLICY
[INFO] [1763979623.435832357] [rosbag2_recorder]: Subscribed to topic '/cmd_vel'
[INFO] [1763979623.436925343] [rosbag2_recorder]: Subscribed to topic '/scan'
[INFO] [1763979623.436944394] [rosbag2_recorder]: All requested topics are subscribed. Stopping discovery...
[WARN] [1763979624.418805711] [rosbag2_recorder]: New publisher discovered on topic '/tf', offering incompatible QoS. No messages will be sent to it. Last incompatible policy: DURABILITY_QOS_POLICY
[INFO] [1763979629.286387603] [rosbag2_cpp]: Writing remaining messages from cache to the bag. It may take a while
[INFO] [1763979629.286956028] [rosbag2_recorder]: Event publisher thread: Exiting
[INFO] [1763979629.286991896] [rosbag2_recorder]: Recording stopped
