stdin is not a terminal device. Keyboard handling disabled.[INFO] [1764055092.545143688] [rosbag2_recorder]: Press SPACE for pausing/resuming
[INFO] [1764055092.546441224] [rosbag2_storage]: Opened database '/home/mobrob/ros_ws/dwa_baseline/world213_1124_231812/world213_1124_231812_0.db3' for READ_WRITE.
[INFO] [1764055092.547298863] [rosbag2_recorder]: Listening for topics...
[INFO] [1764055092.547335610] [rosbag2_recorder]: Event publisher thread: Starting
[INFO] [1764055092.547423922] [rosbag2_recorder]: Recording...
[INFO] [1764055092.651011506] [rosbag2_recorder]: Subscribed to topic '/odom'
[INFO] [1764055092.652459521] [rosbag2_recorder]: Subscribed to topic '/tf'
[INFO] [1764055092.653226439] [rosbag2_recorder]: Subscribed to topic '/tf_static'
[WARN] [1764055093.548200062] [rosbag2_recorder]: New publisher discovered on topic '/tf', offering incompatible QoS. No messages will be sent to it. Last incompatible policy: DURABILITY_QOS_POLICY
[WARN] [1764055093.551731070] [rosbag2_recorder]: New publisher discovered on topic '/tf', offering incompatible QoS. No messages will be sent to it. Last incompatible policy: DURABILITY_QOS_POLICY
[WARN] [1764055093.555964831] [rosbag2_recorder]: New publisher discovered on topic '/tf', offering incompatible QoS. No messages will be sent to it. Last incompatible policy: DURABILITY_QOS_POLICY
[WARN] [1764055093.565684471] [rosbag2_recorder]: A new publisher for subscribed topic /tf was found offering RMW_QOS_POLICY_DURABILITY_VOLATILE, but rosbag2 already subscribed requesting RMW_QOS_POLICY_DURABILITY_TRANSIENT_LOCAL. Messages from this new publisher will not be recorded.
[WARN] [1764055093.565720854] [rosbag2_recorder]: A new publisher for subscribed topic /tf was found offering RMW_QOS_POLICY_DURABILITY_VOLATILE, but rosbag2 already subscribed requesting RMW_QOS_POLICY_DURABILITY_TRANSIENT_LOCAL. Messages from this new publisher will not be recorded.
[WARN] [1764055093.565723939] [rosbag2_recorder]: A new publisher for subscribed topic /tf was found offering RMW_QOS_POLICY_DURABILITY_VOLATILE, but rosbag2 already subscribed requesting RMW_QOS_POLICY_DURABILITY_TRANSIENT_LOCAL. Messages from this new publisher will not be recorded.
[INFO] [1764055093.566999821] [rosbag2_recorder]: Subscribed to topic '/cmd_vel'
[INFO] [1764055093.568115450] [rosbag2_recorder]: Subscribed to topic '/plan_barn'
[INFO] [1764055093.568771118] [rosbag2_recorder]: Subscribed to topic '/plan_barn_odom'
[INFO] [1764055094.606212574] [rosbag2_recorder]: Subscribed to topic '/scan'
[INFO] [1764055094.606251255] [rosbag2_recorder]: All requested topics are subscribed. Stopping discovery...
[INFO] [1764055210.423564003] [rosbag2_cpp]: Writing remaining messages from cache to the bag. It may take a while
[INFO] [1764055210.424437738] [rosbag2_recorder]: Event publisher thread: Exiting
[INFO] [1764055210.424479360] [rosbag2_recorder]: Recording stopped
