stdin is not a terminal device. Keyboard handling disabled.[INFO] [1764058016.791242687] [rosbag2_recorder]: Press SPACE for pausing/resuming
[INFO] [1764058016.791976813] [rosbag2_storage]: Opened database '/home/mobrob/ros_ws/dwa_baseline/world217_1125_000656/world217_1125_000656_0.db3' for READ_WRITE.
[INFO] [1764058016.792867116] [rosbag2_recorder]: Listening for topics...
[INFO] [1764058016.792876864] [rosbag2_recorder]: Event publisher thread: Starting
[INFO] [1764058016.793008330] [rosbag2_recorder]: Recording...
[INFO] [1764058016.896414505] [rosbag2_recorder]: Subscribed to topic '/cmd_vel'
[INFO] [1764058016.897652385] [rosbag2_recorder]: Subscribed to topic '/odom'
[INFO] [1764058016.898431897] [rosbag2_recorder]: Subscribed to topic '/plan_barn_odom'
[INFO] [1764058016.899670693] [rosbag2_recorder]: Subscribed to topic '/tf'
[INFO] [1764058016.900148808] [rosbag2_recorder]: Subscribed to topic '/tf_static'
[WARN] [1764058017.794935178] [rosbag2_recorder]: New publisher discovered on topic '/tf', offering incompatible QoS. No messages will be sent to it. Last incompatible policy: DURABILITY_QOS_POLICY
[WARN] [1764058017.803849273] [rosbag2_recorder]: New publisher discovered on topic '/tf', offering incompatible QoS. No messages will be sent to it. Last incompatible policy: DURABILITY_QOS_POLICY
[WARN] [1764058017.810723893] [rosbag2_recorder]: A new publisher for subscribed topic /tf was found offering RMW_QOS_POLICY_DURABILITY_VOLATILE, but rosbag2 already subscribed requesting RMW_QOS_POLICY_DURABILITY_TRANSIENT_LOCAL. Messages from this new publisher will not be recorded.
[WARN] [1764058017.810775331] [rosbag2_recorder]: A new publisher for subscribed topic /tf was found offering RMW_QOS_POLICY_DURABILITY_VOLATILE, but rosbag2 already subscribed requesting RMW_QOS_POLICY_DURABILITY_TRANSIENT_LOCAL. Messages from this new publisher will not be recorded.
[INFO] [1764058017.812362239] [rosbag2_recorder]: Subscribed to topic '/plan_barn'
[WARN] [1764058018.793169672] [rosbag2_recorder]: New publisher discovered on topic '/tf', offering incompatible QoS. No messages will be sent to it. Last incompatible policy: DURABILITY_QOS_POLICY
[INFO] [1764058018.835733576] [rosbag2_recorder]: Subscribed to topic '/scan'
[INFO] [1764058018.835776080] [rosbag2_recorder]: All requested topics are subscribed. Stopping discovery...
[INFO] [1764058134.658837218] [rosbag2_cpp]: Writing remaining messages from cache to the bag. It may take a while
[INFO] [1764058134.659446632] [rosbag2_recorder]: Event publisher thread: Exiting
[INFO] [1764058134.659498663] [rosbag2_recorder]: Recording stopped
