stdin is not a terminal device. Keyboard handling disabled.[INFO] [1764081646.367766828] [rosbag2_recorder]: Press SPACE for pausing/resuming
[INFO] [1764081646.369067480] [rosbag2_storage]: Opened database '/home/mobrob/ros_ws/dwa_baseline/world265_1125_064046/world265_1125_064046_0.db3' for READ_WRITE.
[INFO] [1764081646.370232233] [rosbag2_recorder]: Listening for topics...
[INFO] [1764081646.370253323] [rosbag2_recorder]: Event publisher thread: Starting
[INFO] [1764081646.370345230] [rosbag2_recorder]: Recording...
[INFO] [1764081646.472947773] [rosbag2_recorder]: Subscribed to topic '/cmd_vel'
[INFO] [1764081646.474026789] [rosbag2_recorder]: Subscribed to topic '/odom'
[INFO] [1764081646.475308833] [rosbag2_recorder]: Subscribed to topic '/scan'
[INFO] [1764081646.476632480] [rosbag2_recorder]: Subscribed to topic '/tf'
[WARN] [1764081647.376671096] [rosbag2_recorder]: New publisher discovered on topic '/tf', offering incompatible QoS. No messages will be sent to it. Last incompatible policy: DURABILITY_QOS_POLICY
[WARN] [1764081647.377398848] [rosbag2_recorder]: New publisher discovered on topic '/tf', offering incompatible QoS. No messages will be sent to it. Last incompatible policy: DURABILITY_QOS_POLICY
[WARN] [1764081647.384411229] [rosbag2_recorder]: New publisher discovered on topic '/tf', offering incompatible QoS. No messages will be sent to it. Last incompatible policy: DURABILITY_QOS_POLICY
[WARN] [1764081647.390340413] [rosbag2_recorder]: A new publisher for subscribed topic /tf was found offering RMW_QOS_POLICY_DURABILITY_VOLATILE, but rosbag2 already subscribed requesting RMW_QOS_POLICY_DURABILITY_TRANSIENT_LOCAL. Messages from this new publisher will not be recorded.
[WARN] [1764081647.390377511] [rosbag2_recorder]: A new publisher for subscribed topic /tf was found offering RMW_QOS_POLICY_DURABILITY_VOLATILE, but rosbag2 already subscribed requesting RMW_QOS_POLICY_DURABILITY_TRANSIENT_LOCAL. Messages from this new publisher will not be recorded.
[WARN] [1764081647.390380529] [rosbag2_recorder]: A new publisher for subscribed topic /tf was found offering RMW_QOS_POLICY_DURABILITY_VOLATILE, but rosbag2 already subscribed requesting RMW_QOS_POLICY_DURABILITY_TRANSIENT_LOCAL. Messages from this new publisher will not be recorded.
[INFO] [1764081647.391255989] [rosbag2_recorder]: Subscribed to topic '/plan_barn'
[INFO] [1764081647.392345962] [rosbag2_recorder]: Subscribed to topic '/plan_barn_odom'
[INFO] [1764081647.393304471] [rosbag2_recorder]: Subscribed to topic '/tf_static'
[INFO] [1764081647.393328196] [rosbag2_recorder]: All requested topics are subscribed. Stopping discovery...
[INFO] [1764081781.252178222] [rosbag2_cpp]: Writing remaining messages from cache to the bag. It may take a while
[INFO] [1764081781.252765957] [rosbag2_recorder]: Event publisher thread: Exiting
[INFO] [1764081781.252798034] [rosbag2_recorder]: Recording stopped
