stdin is not a terminal device. Keyboard handling disabled.[INFO] [1763999192.454923459] [rosbag2_recorder]: Press SPACE for pausing/resuming
[INFO] [1763999192.455857629] [rosbag2_storage]: Opened database '/home/mobrob/ros_ws/dwa_baseline/world97_1124_074632/world97_1124_074632_0.db3' for READ_WRITE.
[INFO] [1763999192.456976099] [rosbag2_recorder]: Listening for topics...
[INFO] [1763999192.456989903] [rosbag2_recorder]: Event publisher thread: Starting
[INFO] [1763999192.457114682] [rosbag2_recorder]: Recording...
[INFO] [1763999192.561423333] [rosbag2_recorder]: Subscribed to topic '/cmd_vel'
[INFO] [1763999192.562953704] [rosbag2_recorder]: Subscribed to topic '/odom'
[INFO] [1763999192.564350391] [rosbag2_recorder]: Subscribed to topic '/scan'
[INFO] [1763999192.565957959] [rosbag2_recorder]: Subscribed to topic '/tf'
[INFO] [1763999192.566852855] [rosbag2_recorder]: Subscribed to topic '/tf_static'
[WARN] [1763999193.452294621] [rosbag2_recorder]: New publisher discovered on topic '/tf', offering incompatible QoS. No messages will be sent to it. Last incompatible policy: DURABILITY_QOS_POLICY
[WARN] [1763999193.462299230] [rosbag2_recorder]: New publisher discovered on topic '/tf', offering incompatible QoS. No messages will be sent to it. Last incompatible policy: DURABILITY_QOS_POLICY
[WARN] [1763999193.464377781] [rosbag2_recorder]: New publisher discovered on topic '/tf', offering incompatible QoS. No messages will be sent to it. Last incompatible policy: DURABILITY_QOS_POLICY
[WARN] [1763999193.487833600] [rosbag2_recorder]: A new publisher for subscribed topic /tf was found offering RMW_QOS_POLICY_DURABILITY_VOLATILE, but rosbag2 already subscribed requesting RMW_QOS_POLICY_DURABILITY_TRANSIENT_LOCAL. Messages from this new publisher will not be recorded.
[WARN] [1763999193.487877456] [rosbag2_recorder]: A new publisher for subscribed topic /tf was found offering RMW_QOS_POLICY_DURABILITY_VOLATILE, but rosbag2 already subscribed requesting RMW_QOS_POLICY_DURABILITY_TRANSIENT_LOCAL. Messages from this new publisher will not be recorded.
[WARN] [1763999193.487882182] [rosbag2_recorder]: A new publisher for subscribed topic /tf was found offering RMW_QOS_POLICY_DURABILITY_VOLATILE, but rosbag2 already subscribed requesting RMW_QOS_POLICY_DURABILITY_TRANSIENT_LOCAL. Messages from this new publisher will not be recorded.
[INFO] [1763999193.488892922] [rosbag2_recorder]: Subscribed to topic '/plan_barn'
[INFO] [1763999193.489689921] [rosbag2_recorder]: Subscribed to topic '/plan_barn_odom'
[INFO] [1763999193.489703879] [rosbag2_recorder]: All requested topics are subscribed. Stopping discovery...
[INFO] [1763999231.319075874] [rosbag2_cpp]: Writing remaining messages from cache to the bag. It may take a while
[INFO] [1763999231.319789677] [rosbag2_recorder]: Event publisher thread: Exiting
[INFO] [1763999231.319822615] [rosbag2_recorder]: Recording stopped
