stdin is not a terminal device. Keyboard handling disabled.[INFO] [1764050832.497981585] [rosbag2_recorder]: Press SPACE for pausing/resuming
[INFO] [1764050832.498818856] [rosbag2_storage]: Opened database '/home/mobrob/ros_ws/dwa_baseline/world204_1124_220712/world204_1124_220712_0.db3' for READ_WRITE.
[INFO] [1764050832.500891701] [rosbag2_recorder]: Listening for topics...
[INFO] [1764050832.500998548] [rosbag2_recorder]: Recording...
[INFO] [1764050832.501096836] [rosbag2_recorder]: Event publisher thread: Starting
[INFO] [1764050832.603620203] [rosbag2_recorder]: Subscribed to topic '/cmd_vel'
[INFO] [1764050832.604533746] [rosbag2_recorder]: Subscribed to topic '/odom'
[INFO] [1764050832.605898000] [rosbag2_recorder]: Subscribed to topic '/tf'
[WARN] [1764050833.513155137] [rosbag2_recorder]: New publisher discovered on topic '/tf', offering incompatible QoS. No messages will be sent to it. Last incompatible policy: DURABILITY_QOS_POLICY
[WARN] [1764050833.515282692] [rosbag2_recorder]: New publisher discovered on topic '/tf', offering incompatible QoS. No messages will be sent to it. Last incompatible policy: DURABILITY_QOS_POLICY
[WARN] [1764050833.519719439] [rosbag2_recorder]: A new publisher for subscribed topic /tf was found offering RMW_QOS_POLICY_DURABILITY_VOLATILE, but rosbag2 already subscribed requesting RMW_QOS_POLICY_DURABILITY_TRANSIENT_LOCAL. Messages from this new publisher will not be recorded.
[WARN] [1764050833.519790515] [rosbag2_recorder]: A new publisher for subscribed topic /tf was found offering RMW_QOS_POLICY_DURABILITY_VOLATILE, but rosbag2 already subscribed requesting RMW_QOS_POLICY_DURABILITY_TRANSIENT_LOCAL. Messages from this new publisher will not be recorded.
[INFO] [1764050833.521728883] [rosbag2_recorder]: Subscribed to topic '/plan_barn'
[INFO] [1764050833.523794689] [rosbag2_recorder]: Subscribed to topic '/plan_barn_odom'
[INFO] [1764050833.526119284] [rosbag2_recorder]: Subscribed to topic '/scan'
[INFO] [1764050833.527211201] [rosbag2_recorder]: Subscribed to topic '/tf_static'
[INFO] [1764050833.527244312] [rosbag2_recorder]: All requested topics are subscribed. Stopping discovery...
[WARN] [1764050833.528140479] [rosbag2_recorder]: New publisher discovered on topic '/tf', offering incompatible QoS. No messages will be sent to it. Last incompatible policy: DURABILITY_QOS_POLICY
[INFO] [1764050839.388170550] [rosbag2_cpp]: Writing remaining messages from cache to the bag. It may take a while
[INFO] [1764050839.388634781] [rosbag2_recorder]: Event publisher thread: Exiting
[INFO] [1764050839.388696761] [rosbag2_recorder]: Recording stopped
