stdin is not a terminal device. Keyboard handling disabled.[INFO] [1763988992.363253736] [rosbag2_recorder]: Press SPACE for pausing/resuming
[INFO] [1763988992.364377699] [rosbag2_storage]: Opened database '/home/mobrob/ros_ws/dwa_baseline/world74_1124_045632/world74_1124_045632_0.db3' for READ_WRITE.
[INFO] [1763988992.365209974] [rosbag2_recorder]: Listening for topics...
[INFO] [1763988992.365249940] [rosbag2_recorder]: Event publisher thread: Starting
[INFO] [1763988992.365313719] [rosbag2_recorder]: Recording...
[INFO] [1763988992.468192748] [rosbag2_recorder]: Subscribed to topic '/cmd_vel'
[INFO] [1763988992.469982814] [rosbag2_recorder]: Subscribed to topic '/odom'
[INFO] [1763988992.471324219] [rosbag2_recorder]: Subscribed to topic '/tf'
[INFO] [1763988993.386711685] [rosbag2_recorder]: Subscribed to topic '/plan_barn'
[WARN] [1763988993.388018383] [rosbag2_recorder]: New publisher discovered on topic '/tf', offering incompatible QoS. No messages will be sent to it. Last incompatible policy: DURABILITY_QOS_POLICY
[INFO] [1763988993.388282692] [rosbag2_recorder]: Subscribed to topic '/plan_barn_odom'
[INFO] [1763988993.389465539] [rosbag2_recorder]: Subscribed to topic '/tf_static'
[WARN] [1763988993.491685627] [rosbag2_recorder]: A new publisher for subscribed topic /tf was found offering RMW_QOS_POLICY_DURABILITY_VOLATILE, but rosbag2 already subscribed requesting RMW_QOS_POLICY_DURABILITY_TRANSIENT_LOCAL. Messages from this new publisher will not be recorded.
[WARN] [1763988994.361679849] [rosbag2_recorder]: New publisher discovered on topic '/tf', offering incompatible QoS. No messages will be sent to it. Last incompatible policy: DURABILITY_QOS_POLICY
[WARN] [1763988994.370986574] [rosbag2_recorder]: New publisher discovered on topic '/tf', offering incompatible QoS. No messages will be sent to it. Last incompatible policy: DURABILITY_QOS_POLICY
[INFO] [1763988994.414135899] [rosbag2_recorder]: Subscribed to topic '/scan'
[INFO] [1763988994.414177299] [rosbag2_recorder]: All requested topics are subscribed. Stopping discovery...
[INFO] [1763988999.233905171] [rosbag2_cpp]: Writing remaining messages from cache to the bag. It may take a while
[INFO] [1763988999.234411907] [rosbag2_recorder]: Event publisher thread: Exiting
[INFO] [1763988999.234459169] [rosbag2_recorder]: Recording stopped
