stdin is not a terminal device. Keyboard handling disabled.[INFO] [1764056902.395681553] [rosbag2_recorder]: Press SPACE for pausing/resuming
[INFO] [1764056902.396847643] [rosbag2_storage]: Opened database '/home/mobrob/ros_ws/dwa_baseline/world216_1124_234822/world216_1124_234822_0.db3' for READ_WRITE.
[INFO] [1764056902.397356769] [rosbag2_recorder]: Listening for topics...
[INFO] [1764056902.397461633] [rosbag2_recorder]: Recording...
[INFO] [1764056902.397551840] [rosbag2_recorder]: Event publisher thread: Starting
[INFO] [1764056902.501016253] [rosbag2_recorder]: Subscribed to topic '/odom'
[INFO] [1764056902.501848537] [rosbag2_recorder]: Subscribed to topic '/scan'
[INFO] [1764056902.502686598] [rosbag2_recorder]: Subscribed to topic '/tf'
[WARN] [1764056903.393340600] [rosbag2_recorder]: New publisher discovered on topic '/tf', offering incompatible QoS. No messages will be sent to it. Last incompatible policy: DURABILITY_QOS_POLICY
[WARN] [1764056903.402493612] [rosbag2_recorder]: New publisher discovered on topic '/tf', offering incompatible QoS. No messages will be sent to it. Last incompatible policy: DURABILITY_QOS_POLICY
[WARN] [1764056903.407245989] [rosbag2_recorder]: New publisher discovered on topic '/tf', offering incompatible QoS. No messages will be sent to it. Last incompatible policy: DURABILITY_QOS_POLICY
[WARN] [1764056903.413495571] [rosbag2_recorder]: A new publisher for subscribed topic /tf was found offering RMW_QOS_POLICY_DURABILITY_VOLATILE, but rosbag2 already subscribed requesting RMW_QOS_POLICY_DURABILITY_TRANSIENT_LOCAL. Messages from this new publisher will not be recorded.
[WARN] [1764056903.413530971] [rosbag2_recorder]: A new publisher for subscribed topic /tf was found offering RMW_QOS_POLICY_DURABILITY_VOLATILE, but rosbag2 already subscribed requesting RMW_QOS_POLICY_DURABILITY_TRANSIENT_LOCAL. Messages from this new publisher will not be recorded.
[WARN] [1764056903.413534196] [rosbag2_recorder]: A new publisher for subscribed topic /tf was found offering RMW_QOS_POLICY_DURABILITY_VOLATILE, but rosbag2 already subscribed requesting RMW_QOS_POLICY_DURABILITY_TRANSIENT_LOCAL. Messages from this new publisher will not be recorded.
[INFO] [1764056903.414892878] [rosbag2_recorder]: Subscribed to topic '/cmd_vel'
[INFO] [1764056903.415942455] [rosbag2_recorder]: Subscribed to topic '/plan_barn_odom'
[INFO] [1764056903.416766952] [rosbag2_recorder]: Subscribed to topic '/tf_static'
[INFO] [1764056904.446641857] [rosbag2_recorder]: Subscribed to topic '/plan_barn'
[INFO] [1764056904.446673373] [rosbag2_recorder]: All requested topics are subscribed. Stopping discovery...
[INFO] [1764056981.282170744] [rosbag2_cpp]: Writing remaining messages from cache to the bag. It may take a while
[INFO] [1764056981.282776549] [rosbag2_recorder]: Event publisher thread: Exiting
[INFO] [1764056981.282824937] [rosbag2_recorder]: Recording stopped
