stdin is not a terminal device. Keyboard handling disabled.[INFO] [1763257818.737263746] [rosbag2_recorder]: Press SPACE for pausing/resuming
[INFO] [1763257818.738492052] [rosbag2_storage]: Opened database '/home/mobrob/ros_ws/dwa_baseline/world36_1115_175018/world36_1115_175018_0.db3' for READ_WRITE.
[INFO] [1763257818.740670076] [rosbag2_recorder]: Listening for topics...
[INFO] [1763257818.740790903] [rosbag2_recorder]: Recording...
[INFO] [1763257818.742452721] [rosbag2_recorder]: Event publisher thread: Starting
[INFO] [1763257818.844706019] [rosbag2_recorder]: Subscribed to topic '/odom'
[INFO] [1763257818.846092894] [rosbag2_recorder]: Subscribed to topic '/tf'
[WARN] [1763257819.741114030] [rosbag2_recorder]: New publisher discovered on topic '/tf', offering incompatible QoS. No messages will be sent to it. Last incompatible policy: DURABILITY_QOS_POLICY
[WARN] [1763257819.746464704] [rosbag2_recorder]: New publisher discovered on topic '/tf', offering incompatible QoS. No messages will be sent to it. Last incompatible policy: DURABILITY_QOS_POLICY
[WARN] [1763257819.751805537] [rosbag2_recorder]: New publisher discovered on topic '/tf', offering incompatible QoS. No messages will be sent to it. Last incompatible policy: DURABILITY_QOS_POLICY
[WARN] [1763257819.760737408] [rosbag2_recorder]: A new publisher for subscribed topic /tf was found offering RMW_QOS_POLICY_DURABILITY_VOLATILE, but rosbag2 already subscribed requesting RMW_QOS_POLICY_DURABILITY_TRANSIENT_LOCAL. Messages from this new publisher will not be recorded.
[WARN] [1763257819.760782944] [rosbag2_recorder]: A new publisher for subscribed topic /tf was found offering RMW_QOS_POLICY_DURABILITY_VOLATILE, but rosbag2 already subscribed requesting RMW_QOS_POLICY_DURABILITY_TRANSIENT_LOCAL. Messages from this new publisher will not be recorded.
[WARN] [1763257819.760792920] [rosbag2_recorder]: A new publisher for subscribed topic /tf was found offering RMW_QOS_POLICY_DURABILITY_VOLATILE, but rosbag2 already subscribed requesting RMW_QOS_POLICY_DURABILITY_TRANSIENT_LOCAL. Messages from this new publisher will not be recorded.
[INFO] [1763257819.762231684] [rosbag2_recorder]: Subscribed to topic '/cmd_vel'
[INFO] [1763257819.763329492] [rosbag2_recorder]: Subscribed to topic '/plan_barn'
[INFO] [1763257819.764195060] [rosbag2_recorder]: Subscribed to topic '/plan_barn_odom'
[INFO] [1763257819.765105235] [rosbag2_recorder]: Subscribed to topic '/scan'
[INFO] [1763257819.766127660] [rosbag2_recorder]: Subscribed to topic '/tf_static'
[INFO] [1763257819.766147835] [rosbag2_recorder]: All requested topics are subscribed. Stopping discovery...
[INFO] [1763257857.599051170] [rosbag2_cpp]: Writing remaining messages from cache to the bag. It may take a while
[INFO] [1763257857.599938759] [rosbag2_recorder]: Event publisher thread: Exiting
[INFO] [1763257857.599983534] [rosbag2_recorder]: Recording stopped
