stdin is not a terminal device. Keyboard handling disabled.[INFO] [1763943082.047582063] [rosbag2_recorder]: Press SPACE for pausing/resuming
[INFO] [1763943082.048349487] [rosbag2_storage]: Opened database '/home/mobrob/ros_ws/dwa_baseline/world18_1123_161121/world18_1123_161121_0.db3' for READ_WRITE.
[INFO] [1763943082.049046108] [rosbag2_recorder]: Listening for topics...
[INFO] [1763943082.049057578] [rosbag2_recorder]: Event publisher thread: Starting
[INFO] [1763943082.049144979] [rosbag2_recorder]: Recording...
[INFO] [1763943082.153420014] [rosbag2_recorder]: Subscribed to topic '/odom'
[INFO] [1763943082.154552086] [rosbag2_recorder]: Subscribed to topic '/scan'
[INFO] [1763943082.155736198] [rosbag2_recorder]: Subscribed to topic '/tf'
[INFO] [1763943082.156379785] [rosbag2_recorder]: Subscribed to topic '/tf_static'
[WARN] [1763943083.065155415] [rosbag2_recorder]: New publisher discovered on topic '/tf', offering incompatible QoS. No messages will be sent to it. Last incompatible policy: DURABILITY_QOS_POLICY
[WARN] [1763943083.071568936] [rosbag2_recorder]: A new publisher for subscribed topic /tf was found offering RMW_QOS_POLICY_DURABILITY_VOLATILE, but rosbag2 already subscribed requesting RMW_QOS_POLICY_DURABILITY_TRANSIENT_LOCAL. Messages from this new publisher will not be recorded.
[INFO] [1763943083.075420670] [rosbag2_recorder]: Subscribed to topic '/cmd_vel'
[WARN] [1763943083.084680137] [rosbag2_recorder]: New publisher discovered on topic '/tf', offering incompatible QoS. No messages will be sent to it. Last incompatible policy: DURABILITY_QOS_POLICY
[WARN] [1763943084.048294864] [rosbag2_recorder]: New publisher discovered on topic '/tf', offering incompatible QoS. No messages will be sent to it. Last incompatible policy: DURABILITY_QOS_POLICY
[INFO] [1763943084.115359974] [rosbag2_recorder]: Subscribed to topic '/plan_barn'
[INFO] [1763943084.116460864] [rosbag2_recorder]: Subscribed to topic '/plan_barn_odom'
[INFO] [1763943084.116484034] [rosbag2_recorder]: All requested topics are subscribed. Stopping discovery...
[INFO] [1763943129.915252362] [rosbag2_cpp]: Writing remaining messages from cache to the bag. It may take a while
[INFO] [1763943129.916130875] [rosbag2_recorder]: Event publisher thread: Exiting
[INFO] [1763943129.916171502] [rosbag2_recorder]: Recording stopped
