stdin is not a terminal device. Keyboard handling disabled.[INFO] [1764059940.765731060] [rosbag2_recorder]: Press SPACE for pausing/resuming
[INFO] [1764059940.766533392] [rosbag2_storage]: Opened database '/home/mobrob/ros_ws/dwa_baseline/world221_1125_003900/world221_1125_003900_0.db3' for READ_WRITE.
[INFO] [1764059940.767762704] [rosbag2_recorder]: Listening for topics...
[INFO] [1764059940.767771857] [rosbag2_recorder]: Event publisher thread: Starting
[INFO] [1764059940.767895224] [rosbag2_recorder]: Recording...
[INFO] [1764059940.871031911] [rosbag2_recorder]: Subscribed to topic '/cmd_vel'
[INFO] [1764059940.871962471] [rosbag2_recorder]: Subscribed to topic '/odom'
[INFO] [1764059940.872848884] [rosbag2_recorder]: Subscribed to topic '/tf'
[WARN] [1764059941.771862432] [rosbag2_recorder]: New publisher discovered on topic '/tf', offering incompatible QoS. No messages will be sent to it. Last incompatible policy: DURABILITY_QOS_POLICY
[WARN] [1764059941.775869229] [rosbag2_recorder]: New publisher discovered on topic '/tf', offering incompatible QoS. No messages will be sent to it. Last incompatible policy: DURABILITY_QOS_POLICY
[WARN] [1764059941.788106571] [rosbag2_recorder]: A new publisher for subscribed topic /tf was found offering RMW_QOS_POLICY_DURABILITY_VOLATILE, but rosbag2 already subscribed requesting RMW_QOS_POLICY_DURABILITY_TRANSIENT_LOCAL. Messages from this new publisher will not be recorded.
[WARN] [1764059941.788148032] [rosbag2_recorder]: A new publisher for subscribed topic /tf was found offering RMW_QOS_POLICY_DURABILITY_VOLATILE, but rosbag2 already subscribed requesting RMW_QOS_POLICY_DURABILITY_TRANSIENT_LOCAL. Messages from this new publisher will not be recorded.
[INFO] [1764059941.789068051] [rosbag2_recorder]: Subscribed to topic '/plan_barn'
[INFO] [1764059941.789896421] [rosbag2_recorder]: Subscribed to topic '/plan_barn_odom'
[INFO] [1764059941.790756180] [rosbag2_recorder]: Subscribed to topic '/tf_static'
[WARN] [1764059942.761457260] [rosbag2_recorder]: New publisher discovered on topic '/tf', offering incompatible QoS. No messages will be sent to it. Last incompatible policy: DURABILITY_QOS_POLICY
[INFO] [1764059942.826876563] [rosbag2_recorder]: Subscribed to topic '/scan'
[INFO] [1764059942.826918752] [rosbag2_recorder]: All requested topics are subscribed. Stopping discovery...
[INFO] [1764060065.635649526] [rosbag2_cpp]: Writing remaining messages from cache to the bag. It may take a while
[INFO] [1764060065.636371920] [rosbag2_recorder]: Event publisher thread: Exiting
[INFO] [1764060065.636407170] [rosbag2_recorder]: Recording stopped
