stdin is not a terminal device. Keyboard handling disabled.[INFO] [1764085498.103032465] [rosbag2_recorder]: Press SPACE for pausing/resuming
[INFO] [1764085498.104027088] [rosbag2_storage]: Opened database '/home/mobrob/ros_ws/dwa_baseline/world272_1125_074457/world272_1125_074457_0.db3' for READ_WRITE.
[INFO] [1764085498.104525286] [rosbag2_recorder]: Listening for topics...
[INFO] [1764085498.104617901] [rosbag2_recorder]: Recording...
[INFO] [1764085498.105109439] [rosbag2_recorder]: Event publisher thread: Starting
[INFO] [1764085498.207536401] [rosbag2_recorder]: Subscribed to topic '/cmd_vel'
[INFO] [1764085498.208516101] [rosbag2_recorder]: Subscribed to topic '/odom'
[INFO] [1764085498.209420090] [rosbag2_recorder]: Subscribed to topic '/tf'
[WARN] [1764085499.108658396] [rosbag2_recorder]: New publisher discovered on topic '/tf', offering incompatible QoS. No messages will be sent to it. Last incompatible policy: DURABILITY_QOS_POLICY
[WARN] [1764085499.111835712] [rosbag2_recorder]: New publisher discovered on topic '/tf', offering incompatible QoS. No messages will be sent to it. Last incompatible policy: DURABILITY_QOS_POLICY
[WARN] [1764085499.115127306] [rosbag2_recorder]: New publisher discovered on topic '/tf', offering incompatible QoS. No messages will be sent to it. Last incompatible policy: DURABILITY_QOS_POLICY
[WARN] [1764085499.122924910] [rosbag2_recorder]: A new publisher for subscribed topic /tf was found offering RMW_QOS_POLICY_DURABILITY_VOLATILE, but rosbag2 already subscribed requesting RMW_QOS_POLICY_DURABILITY_TRANSIENT_LOCAL. Messages from this new publisher will not be recorded.
[WARN] [1764085499.122967007] [rosbag2_recorder]: A new publisher for subscribed topic /tf was found offering RMW_QOS_POLICY_DURABILITY_VOLATILE, but rosbag2 already subscribed requesting RMW_QOS_POLICY_DURABILITY_TRANSIENT_LOCAL. Messages from this new publisher will not be recorded.
[WARN] [1764085499.122975354] [rosbag2_recorder]: A new publisher for subscribed topic /tf was found offering RMW_QOS_POLICY_DURABILITY_VOLATILE, but rosbag2 already subscribed requesting RMW_QOS_POLICY_DURABILITY_TRANSIENT_LOCAL. Messages from this new publisher will not be recorded.
[INFO] [1764085499.124433783] [rosbag2_recorder]: Subscribed to topic '/scan'
[INFO] [1764085499.125646376] [rosbag2_recorder]: Subscribed to topic '/tf_static'
[INFO] [1764085500.158364346] [rosbag2_recorder]: Subscribed to topic '/plan_barn'
[INFO] [1764085500.159354043] [rosbag2_recorder]: Subscribed to topic '/plan_barn_odom'
[INFO] [1764085500.159380798] [rosbag2_recorder]: All requested topics are subscribed. Stopping discovery...
[INFO] [1764085561.988018413] [rosbag2_cpp]: Writing remaining messages from cache to the bag. It may take a while
[INFO] [1764085561.988669377] [rosbag2_recorder]: Event publisher thread: Exiting
[INFO] [1764085561.988703730] [rosbag2_recorder]: Recording stopped
