stdin is not a terminal device. Keyboard handling disabled.[INFO] [1764077559.375776807] [rosbag2_recorder]: Press SPACE for pausing/resuming
[INFO] [1764077559.376873162] [rosbag2_storage]: Opened database '/home/mobrob/ros_ws/dwa_baseline/world257_1125_053239/world257_1125_053239_0.db3' for READ_WRITE.
[INFO] [1764077559.378005045] [rosbag2_recorder]: Listening for topics...
[INFO] [1764077559.378121871] [rosbag2_recorder]: Recording...
[INFO] [1764077559.380880852] [rosbag2_recorder]: Event publisher thread: Starting
[INFO] [1764077559.481606650] [rosbag2_recorder]: Subscribed to topic '/odom'
[INFO] [1764077559.482446623] [rosbag2_recorder]: Subscribed to topic '/scan'
[INFO] [1764077559.483505363] [rosbag2_recorder]: Subscribed to topic '/tf'
[INFO] [1764077559.484347512] [rosbag2_recorder]: Subscribed to topic '/tf_static'
[WARN] [1764077560.392106670] [rosbag2_recorder]: New publisher discovered on topic '/tf', offering incompatible QoS. No messages will be sent to it. Last incompatible policy: DURABILITY_QOS_POLICY
[WARN] [1764077560.396812276] [rosbag2_recorder]: A new publisher for subscribed topic /tf was found offering RMW_QOS_POLICY_DURABILITY_VOLATILE, but rosbag2 already subscribed requesting RMW_QOS_POLICY_DURABILITY_TRANSIENT_LOCAL. Messages from this new publisher will not be recorded.
[INFO] [1764077560.397743826] [rosbag2_recorder]: Subscribed to topic '/cmd_vel'
[INFO] [1764077560.398867861] [rosbag2_recorder]: Subscribed to topic '/plan_barn'
[INFO] [1764077560.399655005] [rosbag2_recorder]: Subscribed to topic '/plan_barn_odom'
[INFO] [1764077560.399682524] [rosbag2_recorder]: All requested topics are subscribed. Stopping discovery...
[WARN] [1764077561.372229615] [rosbag2_recorder]: New publisher discovered on topic '/tf', offering incompatible QoS. No messages will be sent to it. Last incompatible policy: DURABILITY_QOS_POLICY
[WARN] [1764077561.372578732] [rosbag2_recorder]: New publisher discovered on topic '/tf', offering incompatible QoS. No messages will be sent to it. Last incompatible policy: DURABILITY_QOS_POLICY
[INFO] [1764077566.254645196] [rosbag2_cpp]: Writing remaining messages from cache to the bag. It may take a while
[INFO] [1764077566.255141776] [rosbag2_recorder]: Event publisher thread: Exiting
[INFO] [1764077566.255171673] [rosbag2_recorder]: Recording stopped
