stdin is not a terminal device. Keyboard handling disabled.[INFO] [1764091184.049848403] [rosbag2_recorder]: Press SPACE for pausing/resuming
[INFO] [1764091184.050901735] [rosbag2_storage]: Opened database '/home/mobrob/ros_ws/dwa_baseline/world284_1125_091943/world284_1125_091943_0.db3' for READ_WRITE.
[INFO] [1764091184.052048003] [rosbag2_recorder]: Listening for topics...
[INFO] [1764091184.052073963] [rosbag2_recorder]: Event publisher thread: Starting
[INFO] [1764091184.052157881] [rosbag2_recorder]: Recording...
[INFO] [1764091184.155881284] [rosbag2_recorder]: Subscribed to topic '/cmd_vel'
[INFO] [1764091184.157382161] [rosbag2_recorder]: Subscribed to topic '/odom'
[INFO] [1764091184.158817566] [rosbag2_recorder]: Subscribed to topic '/tf'
[WARN] [1764091185.050799361] [rosbag2_recorder]: New publisher discovered on topic '/tf', offering incompatible QoS. No messages will be sent to it. Last incompatible policy: DURABILITY_QOS_POLICY
[WARN] [1764091185.061209146] [rosbag2_recorder]: New publisher discovered on topic '/tf', offering incompatible QoS. No messages will be sent to it. Last incompatible policy: DURABILITY_QOS_POLICY
[WARN] [1764091185.066519318] [rosbag2_recorder]: New publisher discovered on topic '/tf', offering incompatible QoS. No messages will be sent to it. Last incompatible policy: DURABILITY_QOS_POLICY
[WARN] [1764091185.075865432] [rosbag2_recorder]: A new publisher for subscribed topic /tf was found offering RMW_QOS_POLICY_DURABILITY_VOLATILE, but rosbag2 already subscribed requesting RMW_QOS_POLICY_DURABILITY_TRANSIENT_LOCAL. Messages from this new publisher will not be recorded.
[WARN] [1764091185.075905674] [rosbag2_recorder]: A new publisher for subscribed topic /tf was found offering RMW_QOS_POLICY_DURABILITY_VOLATILE, but rosbag2 already subscribed requesting RMW_QOS_POLICY_DURABILITY_TRANSIENT_LOCAL. Messages from this new publisher will not be recorded.
[WARN] [1764091185.075911037] [rosbag2_recorder]: A new publisher for subscribed topic /tf was found offering RMW_QOS_POLICY_DURABILITY_VOLATILE, but rosbag2 already subscribed requesting RMW_QOS_POLICY_DURABILITY_TRANSIENT_LOCAL. Messages from this new publisher will not be recorded.
[INFO] [1764091185.076984650] [rosbag2_recorder]: Subscribed to topic '/plan_barn'
[INFO] [1764091185.077651881] [rosbag2_recorder]: Subscribed to topic '/plan_barn_odom'
[INFO] [1764091185.078590541] [rosbag2_recorder]: Subscribed to topic '/scan'
[INFO] [1764091185.079286138] [rosbag2_recorder]: Subscribed to topic '/tf_static'
[INFO] [1764091185.079321589] [rosbag2_recorder]: All requested topics are subscribed. Stopping discovery...
[INFO] [1764091242.927390279] [rosbag2_cpp]: Writing remaining messages from cache to the bag. It may take a while
[INFO] [1764091242.927976896] [rosbag2_recorder]: Event publisher thread: Exiting
[INFO] [1764091242.928010281] [rosbag2_recorder]: Recording stopped
