stdin is not a terminal device. Keyboard handling disabled.[INFO] [1763957685.431463441] [rosbag2_recorder]: Press SPACE for pausing/resuming
[INFO] [1763957685.432680571] [rosbag2_storage]: Opened database '/home/mobrob/ros_ws/dwa_baseline/world2_1123_201445/world2_1123_201445_0.db3' for READ_WRITE.
[INFO] [1763957685.433447900] [rosbag2_recorder]: Listening for topics...
[INFO] [1763957685.433460899] [rosbag2_recorder]: Event publisher thread: Starting
[INFO] [1763957685.433556246] [rosbag2_recorder]: Recording...
[INFO] [1763957685.536196361] [rosbag2_recorder]: Subscribed to topic '/cmd_vel'
[INFO] [1763957685.537315621] [rosbag2_recorder]: Subscribed to topic '/odom'
[INFO] [1763957685.538052399] [rosbag2_recorder]: Subscribed to topic '/plan_barn'
[INFO] [1763957685.538962314] [rosbag2_recorder]: Subscribed to topic '/plan_barn_odom'
[INFO] [1763957685.540344664] [rosbag2_recorder]: Subscribed to topic '/scan'
[INFO] [1763957685.541770357] [rosbag2_recorder]: Subscribed to topic '/tf'
[WARN] [1763957686.432247483] [rosbag2_recorder]: New publisher discovered on topic '/tf', offering incompatible QoS. No messages will be sent to it. Last incompatible policy: DURABILITY_QOS_POLICY
[WARN] [1763957686.435930236] [rosbag2_recorder]: New publisher discovered on topic '/tf', offering incompatible QoS. No messages will be sent to it. Last incompatible policy: DURABILITY_QOS_POLICY
[WARN] [1763957686.447424682] [rosbag2_recorder]: New publisher discovered on topic '/tf', offering incompatible QoS. No messages will be sent to it. Last incompatible policy: DURABILITY_QOS_POLICY
[WARN] [1763957686.456478302] [rosbag2_recorder]: A new publisher for subscribed topic /tf was found offering RMW_QOS_POLICY_DURABILITY_VOLATILE, but rosbag2 already subscribed requesting RMW_QOS_POLICY_DURABILITY_TRANSIENT_LOCAL. Messages from this new publisher will not be recorded.
[WARN] [1763957686.456514659] [rosbag2_recorder]: A new publisher for subscribed topic /tf was found offering RMW_QOS_POLICY_DURABILITY_VOLATILE, but rosbag2 already subscribed requesting RMW_QOS_POLICY_DURABILITY_TRANSIENT_LOCAL. Messages from this new publisher will not be recorded.
[WARN] [1763957686.456519594] [rosbag2_recorder]: A new publisher for subscribed topic /tf was found offering RMW_QOS_POLICY_DURABILITY_VOLATILE, but rosbag2 already subscribed requesting RMW_QOS_POLICY_DURABILITY_TRANSIENT_LOCAL. Messages from this new publisher will not be recorded.
[INFO] [1763957686.457525497] [rosbag2_recorder]: Subscribed to topic '/tf_static'
[INFO] [1763957686.457547008] [rosbag2_recorder]: All requested topics are subscribed. Stopping discovery...
[INFO] [1763957692.300018876] [rosbag2_cpp]: Writing remaining messages from cache to the bag. It may take a while
[INFO] [1763957692.300750021] [rosbag2_recorder]: Event publisher thread: Exiting
[INFO] [1763957692.300785604] [rosbag2_recorder]: Recording stopped
