stdin is not a terminal device. Keyboard handling disabled.[INFO] [1763967977.275156684] [rosbag2_recorder]: Press SPACE for pausing/resuming
[INFO] [1763967977.276045972] [rosbag2_storage]: Opened database '/home/mobrob/ros_ws/dwa_baseline/world25_1123_230617/world25_1123_230617_0.db3' for READ_WRITE.
[INFO] [1763967977.276933043] [rosbag2_recorder]: Listening for topics...
[INFO] [1763967977.276949761] [rosbag2_recorder]: Event publisher thread: Starting
[INFO] [1763967977.277016361] [rosbag2_recorder]: Recording...
[INFO] [1763967977.379099217] [rosbag2_recorder]: Subscribed to topic '/cmd_vel'
[INFO] [1763967977.380523916] [rosbag2_recorder]: Subscribed to topic '/odom'
[INFO] [1763967977.382219532] [rosbag2_recorder]: Subscribed to topic '/tf'
[WARN] [1763967978.288509981] [rosbag2_recorder]: New publisher discovered on topic '/tf', offering incompatible QoS. No messages will be sent to it. Last incompatible policy: DURABILITY_QOS_POLICY
[WARN] [1763967978.291856779] [rosbag2_recorder]: A new publisher for subscribed topic /tf was found offering RMW_QOS_POLICY_DURABILITY_VOLATILE, but rosbag2 already subscribed requesting RMW_QOS_POLICY_DURABILITY_TRANSIENT_LOCAL. Messages from this new publisher will not be recorded.
[INFO] [1763967978.294036437] [rosbag2_recorder]: Subscribed to topic '/plan_barn'
[INFO] [1763967978.295610871] [rosbag2_recorder]: Subscribed to topic '/plan_barn_odom'
[INFO] [1763967978.297631982] [rosbag2_recorder]: Subscribed to topic '/tf_static'
[WARN] [1763967978.300789876] [rosbag2_recorder]: New publisher discovered on topic '/tf', offering incompatible QoS. No messages will be sent to it. Last incompatible policy: DURABILITY_QOS_POLICY
[INFO] [1763967978.401339137] [rosbag2_recorder]: Subscribed to topic '/scan'
[INFO] [1763967978.401365180] [rosbag2_recorder]: All requested topics are subscribed. Stopping discovery...
[WARN] [1763967979.273735812] [rosbag2_recorder]: New publisher discovered on topic '/tf', offering incompatible QoS. No messages will be sent to it. Last incompatible policy: DURABILITY_QOS_POLICY
[INFO] [1763967984.148980692] [rosbag2_cpp]: Writing remaining messages from cache to the bag. It may take a while
[INFO] [1763967984.149761325] [rosbag2_recorder]: Event publisher thread: Exiting
[INFO] [1763967984.149815756] [rosbag2_recorder]: Recording stopped
