stdin is not a terminal device. Keyboard handling disabled.[INFO] [1763946355.226336906] [rosbag2_recorder]: Press SPACE for pausing/resuming
[INFO] [1763946355.227423026] [rosbag2_storage]: Opened database '/home/mobrob/ros_ws/dwa_baseline/world26_1123_170555/world26_1123_170555_0.db3' for READ_WRITE.
[INFO] [1763946355.230518221] [rosbag2_recorder]: Listening for topics...
[INFO] [1763946355.230546955] [rosbag2_recorder]: Event publisher thread: Starting
[INFO] [1763946355.230666639] [rosbag2_recorder]: Recording...
[INFO] [1763946355.333804423] [rosbag2_recorder]: Subscribed to topic '/cmd_vel'
[INFO] [1763946355.335322530] [rosbag2_recorder]: Subscribed to topic '/odom'
[INFO] [1763946355.335881680] [rosbag2_recorder]: Subscribed to topic '/plan_barn'
[INFO] [1763946355.336331825] [rosbag2_recorder]: Subscribed to topic '/plan_barn_odom'
[INFO] [1763946355.337124395] [rosbag2_recorder]: Subscribed to topic '/tf'
[INFO] [1763946355.337625587] [rosbag2_recorder]: Subscribed to topic '/tf_static'
[WARN] [1763946356.244515645] [rosbag2_recorder]: New publisher discovered on topic '/tf', offering incompatible QoS. No messages will be sent to it. Last incompatible policy: DURABILITY_QOS_POLICY
[WARN] [1763946356.258048710] [rosbag2_recorder]: A new publisher for subscribed topic /tf was found offering RMW_QOS_POLICY_DURABILITY_VOLATILE, but rosbag2 already subscribed requesting RMW_QOS_POLICY_DURABILITY_TRANSIENT_LOCAL. Messages from this new publisher will not be recorded.
[WARN] [1763946357.225546062] [rosbag2_recorder]: New publisher discovered on topic '/tf', offering incompatible QoS. No messages will be sent to it. Last incompatible policy: DURABILITY_QOS_POLICY
[WARN] [1763946357.230568630] [rosbag2_recorder]: New publisher discovered on topic '/tf', offering incompatible QoS. No messages will be sent to it. Last incompatible policy: DURABILITY_QOS_POLICY
[INFO] [1763946357.288265406] [rosbag2_recorder]: Subscribed to topic '/scan'
[INFO] [1763946357.288294687] [rosbag2_recorder]: All requested topics are subscribed. Stopping discovery...
[INFO] [1763946406.101111285] [rosbag2_cpp]: Writing remaining messages from cache to the bag. It may take a while
[INFO] [1763946406.102003955] [rosbag2_recorder]: Event publisher thread: Exiting
[INFO] [1763946406.102038735] [rosbag2_recorder]: Recording stopped
