stdin is not a terminal device. Keyboard handling disabled.[INFO] [1764029255.344244575] [rosbag2_recorder]: Press SPACE for pausing/resuming
[INFO] [1764029255.345576853] [rosbag2_storage]: Opened database '/home/mobrob/ros_ws/dwa_baseline/world160_1124_160735/world160_1124_160735_0.db3' for READ_WRITE.
[INFO] [1764029255.346376390] [rosbag2_recorder]: Listening for topics...
[INFO] [1764029255.346507348] [rosbag2_recorder]: Recording...
[INFO] [1764029255.346399388] [rosbag2_recorder]: Event publisher thread: Starting
[INFO] [1764029255.448945320] [rosbag2_recorder]: Subscribed to topic '/cmd_vel'
[INFO] [1764029255.450499565] [rosbag2_recorder]: Subscribed to topic '/odom'
[INFO] [1764029255.451418641] [rosbag2_recorder]: Subscribed to topic '/tf'
[WARN] [1764029256.353919038] [rosbag2_recorder]: New publisher discovered on topic '/tf', offering incompatible QoS. No messages will be sent to it. Last incompatible policy: DURABILITY_QOS_POLICY
[WARN] [1764029256.360061530] [rosbag2_recorder]: New publisher discovered on topic '/tf', offering incompatible QoS. No messages will be sent to it. Last incompatible policy: DURABILITY_QOS_POLICY
[WARN] [1764029256.366982497] [rosbag2_recorder]: A new publisher for subscribed topic /tf was found offering RMW_QOS_POLICY_DURABILITY_VOLATILE, but rosbag2 already subscribed requesting RMW_QOS_POLICY_DURABILITY_TRANSIENT_LOCAL. Messages from this new publisher will not be recorded.
[WARN] [1764029256.367015478] [rosbag2_recorder]: A new publisher for subscribed topic /tf was found offering RMW_QOS_POLICY_DURABILITY_VOLATILE, but rosbag2 already subscribed requesting RMW_QOS_POLICY_DURABILITY_TRANSIENT_LOCAL. Messages from this new publisher will not be recorded.
[INFO] [1764029256.367870236] [rosbag2_recorder]: Subscribed to topic '/plan_barn_odom'
[INFO] [1764029256.369377760] [rosbag2_recorder]: Subscribed to topic '/scan'
[INFO] [1764029256.370075235] [rosbag2_recorder]: Subscribed to topic '/tf_static'
[WARN] [1764029257.342190012] [rosbag2_recorder]: New publisher discovered on topic '/tf', offering incompatible QoS. No messages will be sent to it. Last incompatible policy: DURABILITY_QOS_POLICY
[INFO] [1764029257.403187185] [rosbag2_recorder]: Subscribed to topic '/plan_barn'
[INFO] [1764029257.403224586] [rosbag2_recorder]: All requested topics are subscribed. Stopping discovery...
[INFO] [1764029347.235459192] [rosbag2_cpp]: Writing remaining messages from cache to the bag. It may take a while
[INFO] [1764029347.236045148] [rosbag2_recorder]: Event publisher thread: Exiting
[INFO] [1764029347.236089044] [rosbag2_recorder]: Recording stopped
