stdin is not a terminal device. Keyboard handling disabled.[INFO] [1763996368.862365307] [rosbag2_recorder]: Press SPACE for pausing/resuming
[INFO] [1763996368.863162452] [rosbag2_storage]: Opened database '/home/mobrob/ros_ws/dwa_baseline/world91_1124_065928/world91_1124_065928_0.db3' for READ_WRITE.
[INFO] [1763996368.863899102] [rosbag2_recorder]: Listening for topics...
[INFO] [1763996368.864016495] [rosbag2_recorder]: Event publisher thread: Starting
[INFO] [1763996368.864046431] [rosbag2_recorder]: Recording...
[INFO] [1763996368.967241110] [rosbag2_recorder]: Subscribed to topic '/cmd_vel'
[INFO] [1763996368.968912257] [rosbag2_recorder]: Subscribed to topic '/odom'
[INFO] [1763996368.969903863] [rosbag2_recorder]: Subscribed to topic '/plan_barn_odom'
[INFO] [1763996368.970993268] [rosbag2_recorder]: Subscribed to topic '/tf'
[INFO] [1763996368.971610560] [rosbag2_recorder]: Subscribed to topic '/tf_static'
[WARN] [1763996369.859125058] [rosbag2_recorder]: New publisher discovered on topic '/tf', offering incompatible QoS. No messages will be sent to it. Last incompatible policy: DURABILITY_QOS_POLICY
[WARN] [1763996369.873650154] [rosbag2_recorder]: New publisher discovered on topic '/tf', offering incompatible QoS. No messages will be sent to it. Last incompatible policy: DURABILITY_QOS_POLICY
[WARN] [1763996369.890868374] [rosbag2_recorder]: A new publisher for subscribed topic /tf was found offering RMW_QOS_POLICY_DURABILITY_VOLATILE, but rosbag2 already subscribed requesting RMW_QOS_POLICY_DURABILITY_TRANSIENT_LOCAL. Messages from this new publisher will not be recorded.
[WARN] [1763996369.890901543] [rosbag2_recorder]: A new publisher for subscribed topic /tf was found offering RMW_QOS_POLICY_DURABILITY_VOLATILE, but rosbag2 already subscribed requesting RMW_QOS_POLICY_DURABILITY_TRANSIENT_LOCAL. Messages from this new publisher will not be recorded.
[INFO] [1763996369.891784992] [rosbag2_recorder]: Subscribed to topic '/plan_barn'
[INFO] [1763996369.893032132] [rosbag2_recorder]: Subscribed to topic '/scan'
[INFO] [1763996369.893065088] [rosbag2_recorder]: All requested topics are subscribed. Stopping discovery...
[WARN] [1763996370.858301132] [rosbag2_recorder]: New publisher discovered on topic '/tf', offering incompatible QoS. No messages will be sent to it. Last incompatible policy: DURABILITY_QOS_POLICY
[INFO] [1763996429.731170414] [rosbag2_cpp]: Writing remaining messages from cache to the bag. It may take a while
[INFO] [1763996429.732018001] [rosbag2_recorder]: Event publisher thread: Exiting
[INFO] [1763996429.732060924] [rosbag2_recorder]: Recording stopped
