stdin is not a terminal device. Keyboard handling disabled.[INFO] [1763948757.480453531] [rosbag2_recorder]: Press SPACE for pausing/resuming
[INFO] [1763948757.481269591] [rosbag2_storage]: Opened database '/home/mobrob/ros_ws/dwa_baseline/world31_1123_174557/world31_1123_174557_0.db3' for READ_WRITE.
[INFO] [1763948757.482170303] [rosbag2_recorder]: Listening for topics...
[INFO] [1763948757.482182148] [rosbag2_recorder]: Event publisher thread: Starting
[INFO] [1763948757.482273215] [rosbag2_recorder]: Recording...
[INFO] [1763948757.585656823] [rosbag2_recorder]: Subscribed to topic '/cmd_vel'
[INFO] [1763948757.587258899] [rosbag2_recorder]: Subscribed to topic '/odom'
[INFO] [1763948757.587931819] [rosbag2_recorder]: Subscribed to topic '/plan_barn'
[INFO] [1763948757.588726736] [rosbag2_recorder]: Subscribed to topic '/plan_barn_odom'
[INFO] [1763948757.589627253] [rosbag2_recorder]: Subscribed to topic '/tf'
[WARN] [1763948758.497880283] [rosbag2_recorder]: New publisher discovered on topic '/tf', offering incompatible QoS. No messages will be sent to it. Last incompatible policy: DURABILITY_QOS_POLICY
[WARN] [1763948758.500683274] [rosbag2_recorder]: A new publisher for subscribed topic /tf was found offering RMW_QOS_POLICY_DURABILITY_VOLATILE, but rosbag2 already subscribed requesting RMW_QOS_POLICY_DURABILITY_TRANSIENT_LOCAL. Messages from this new publisher will not be recorded.
[WARN] [1763948758.501252262] [rosbag2_recorder]: New publisher discovered on topic '/tf', offering incompatible QoS. No messages will be sent to it. Last incompatible policy: DURABILITY_QOS_POLICY
[INFO] [1763948758.604584351] [rosbag2_recorder]: Subscribed to topic '/tf_static'
[WARN] [1763948759.473694899] [rosbag2_recorder]: New publisher discovered on topic '/tf', offering incompatible QoS. No messages will be sent to it. Last incompatible policy: DURABILITY_QOS_POLICY
[INFO] [1763948759.532067304] [rosbag2_recorder]: Subscribed to topic '/scan'
[INFO] [1763948759.532109195] [rosbag2_recorder]: All requested topics are subscribed. Stopping discovery...
[INFO] [1763948805.335995266] [rosbag2_cpp]: Writing remaining messages from cache to the bag. It may take a while
[INFO] [1763948805.336691896] [rosbag2_recorder]: Event publisher thread: Exiting
[INFO] [1763948805.336738980] [rosbag2_recorder]: Recording stopped
