stdin is not a terminal device. Keyboard handling disabled.[INFO] [1763993253.066641263] [rosbag2_recorder]: Press SPACE for pausing/resuming
[INFO] [1763993253.067760398] [rosbag2_storage]: Opened database '/home/mobrob/ros_ws/dwa_baseline/world83_1124_060732/world83_1124_060732_0.db3' for READ_WRITE.
[INFO] [1763993253.068575887] [rosbag2_recorder]: Listening for topics...
[INFO] [1763993253.068584744] [rosbag2_recorder]: Event publisher thread: Starting
[INFO] [1763993253.068714155] [rosbag2_recorder]: Recording...
[INFO] [1763993253.172266801] [rosbag2_recorder]: Subscribed to topic '/odom'
[INFO] [1763993253.173917917] [rosbag2_recorder]: Subscribed to topic '/tf'
[INFO] [1763993254.088344502] [rosbag2_recorder]: Subscribed to topic '/cmd_vel'
[INFO] [1763993254.091207851] [rosbag2_recorder]: Subscribed to topic '/plan_barn'
[WARN] [1763993254.092852826] [rosbag2_recorder]: New publisher discovered on topic '/tf', offering incompatible QoS. No messages will be sent to it. Last incompatible policy: DURABILITY_QOS_POLICY
[INFO] [1763993254.094352397] [rosbag2_recorder]: Subscribed to topic '/plan_barn_odom'
[INFO] [1763993254.097294062] [rosbag2_recorder]: Subscribed to topic '/scan'
[WARN] [1763993254.098795299] [rosbag2_recorder]: New publisher discovered on topic '/tf', offering incompatible QoS. No messages will be sent to it. Last incompatible policy: DURABILITY_QOS_POLICY
[WARN] [1763993254.200868229] [rosbag2_recorder]: A new publisher for subscribed topic /tf was found offering RMW_QOS_POLICY_DURABILITY_VOLATILE, but rosbag2 already subscribed requesting RMW_QOS_POLICY_DURABILITY_TRANSIENT_LOCAL. Messages from this new publisher will not be recorded.
[WARN] [1763993254.200903576] [rosbag2_recorder]: A new publisher for subscribed topic /tf was found offering RMW_QOS_POLICY_DURABILITY_VOLATILE, but rosbag2 already subscribed requesting RMW_QOS_POLICY_DURABILITY_TRANSIENT_LOCAL. Messages from this new publisher will not be recorded.
[INFO] [1763993254.202216135] [rosbag2_recorder]: Subscribed to topic '/tf_static'
[INFO] [1763993254.202244436] [rosbag2_recorder]: All requested topics are subscribed. Stopping discovery...
[WARN] [1763993255.062222640] [rosbag2_recorder]: New publisher discovered on topic '/tf', offering incompatible QoS. No messages will be sent to it. Last incompatible policy: DURABILITY_QOS_POLICY
[INFO] [1763993346.950696081] [rosbag2_cpp]: Writing remaining messages from cache to the bag. It may take a while
[INFO] [1763993346.951543576] [rosbag2_recorder]: Event publisher thread: Exiting
[INFO] [1763993346.951583662] [rosbag2_recorder]: Recording stopped
