stdin is not a terminal device. Keyboard handling disabled.[INFO] [1764013550.459971488] [rosbag2_recorder]: Press SPACE for pausing/resuming
[INFO] [1764013550.461267323] [rosbag2_storage]: Opened database '/home/mobrob/ros_ws/dwa_baseline/world128_1124_114550/world128_1124_114550_0.db3' for READ_WRITE.
[INFO] [1764013550.461869350] [rosbag2_recorder]: Listening for topics...
[INFO] [1764013550.461978132] [rosbag2_recorder]: Recording...
[INFO] [1764013550.462917167] [rosbag2_recorder]: Event publisher thread: Starting
[INFO] [1764013550.568242751] [rosbag2_recorder]: Subscribed to topic '/cmd_vel'
[INFO] [1764013550.569579421] [rosbag2_recorder]: Subscribed to topic '/odom'
[INFO] [1764013550.570953187] [rosbag2_recorder]: Subscribed to topic '/tf'
[INFO] [1764013550.571712639] [rosbag2_recorder]: Subscribed to topic '/tf_static'
[WARN] [1764013551.475577780] [rosbag2_recorder]: New publisher discovered on topic '/tf', offering incompatible QoS. No messages will be sent to it. Last incompatible policy: DURABILITY_QOS_POLICY
[WARN] [1764013551.486349099] [rosbag2_recorder]: A new publisher for subscribed topic /tf was found offering RMW_QOS_POLICY_DURABILITY_VOLATILE, but rosbag2 already subscribed requesting RMW_QOS_POLICY_DURABILITY_TRANSIENT_LOCAL. Messages from this new publisher will not be recorded.
[INFO] [1764013551.487527575] [rosbag2_recorder]: Subscribed to topic '/scan'
[WARN] [1764013552.457910445] [rosbag2_recorder]: New publisher discovered on topic '/tf', offering incompatible QoS. No messages will be sent to it. Last incompatible policy: DURABILITY_QOS_POLICY
[INFO] [1764013552.516636204] [rosbag2_recorder]: Subscribed to topic '/plan_barn'
[INFO] [1764013552.517458842] [rosbag2_recorder]: Subscribed to topic '/plan_barn_odom'
[INFO] [1764013552.517479884] [rosbag2_recorder]: All requested topics are subscribed. Stopping discovery...
[WARN] [1764013553.455491197] [rosbag2_recorder]: New publisher discovered on topic '/tf', offering incompatible QoS. No messages will be sent to it. Last incompatible policy: DURABILITY_QOS_POLICY
[INFO] [1764013587.319297546] [rosbag2_cpp]: Writing remaining messages from cache to the bag. It may take a while
[INFO] [1764013587.320485845] [rosbag2_recorder]: Event publisher thread: Exiting
[INFO] [1764013587.320561740] [rosbag2_recorder]: Recording stopped
