stdin is not a terminal device. Keyboard handling disabled.[INFO] [1764039878.002774270] [rosbag2_recorder]: Press SPACE for pausing/resuming
[INFO] [1764039878.003937349] [rosbag2_storage]: Opened database '/home/mobrob/ros_ws/dwa_baseline/world182_1124_190437/world182_1124_190437_0.db3' for READ_WRITE.
[INFO] [1764039878.004665340] [rosbag2_recorder]: Listening for topics...
[INFO] [1764039878.004675541] [rosbag2_recorder]: Event publisher thread: Starting
[INFO] [1764039878.004751544] [rosbag2_recorder]: Recording...
[INFO] [1764039878.108746629] [rosbag2_recorder]: Subscribed to topic '/odom'
[INFO] [1764039878.109630604] [rosbag2_recorder]: Subscribed to topic '/scan'
[INFO] [1764039878.110535786] [rosbag2_recorder]: Subscribed to topic '/tf'
[INFO] [1764039878.111026730] [rosbag2_recorder]: Subscribed to topic '/tf_static'
[WARN] [1764039879.013701581] [rosbag2_recorder]: New publisher discovered on topic '/tf', offering incompatible QoS. No messages will be sent to it. Last incompatible policy: DURABILITY_QOS_POLICY
[WARN] [1764039879.025797133] [rosbag2_recorder]: A new publisher for subscribed topic /tf was found offering RMW_QOS_POLICY_DURABILITY_VOLATILE, but rosbag2 already subscribed requesting RMW_QOS_POLICY_DURABILITY_TRANSIENT_LOCAL. Messages from this new publisher will not be recorded.
[INFO] [1764039879.027655745] [rosbag2_recorder]: Subscribed to topic '/cmd_vel'
[INFO] [1764039879.028828511] [rosbag2_recorder]: Subscribed to topic '/plan_barn'
[INFO] [1764039879.029902672] [rosbag2_recorder]: Subscribed to topic '/plan_barn_odom'
[INFO] [1764039879.029930288] [rosbag2_recorder]: All requested topics are subscribed. Stopping discovery...
[WARN] [1764039880.000546283] [rosbag2_recorder]: New publisher discovered on topic '/tf', offering incompatible QoS. No messages will be sent to it. Last incompatible policy: DURABILITY_QOS_POLICY
[WARN] [1764039880.001005053] [rosbag2_recorder]: New publisher discovered on topic '/tf', offering incompatible QoS. No messages will be sent to it. Last incompatible policy: DURABILITY_QOS_POLICY
[INFO] [1764039981.887745079] [rosbag2_cpp]: Writing remaining messages from cache to the bag. It may take a while
[INFO] [1764039981.888340910] [rosbag2_recorder]: Event publisher thread: Exiting
[INFO] [1764039981.888393149] [rosbag2_recorder]: Recording stopped
