stdin is not a terminal device. Keyboard handling disabled.[INFO] [1764030452.005927125] [rosbag2_recorder]: Press SPACE for pausing/resuming
[INFO] [1764030452.006694613] [rosbag2_storage]: Opened database '/home/mobrob/ros_ws/dwa_baseline/world163_1124_162731/world163_1124_162731_0.db3' for READ_WRITE.
[INFO] [1764030452.007340804] [rosbag2_recorder]: Listening for topics...
[INFO] [1764030452.007353143] [rosbag2_recorder]: Event publisher thread: Starting
[INFO] [1764030452.007459940] [rosbag2_recorder]: Recording...
[INFO] [1764030452.110220321] [rosbag2_recorder]: Subscribed to topic '/odom'
[INFO] [1764030452.111323147] [rosbag2_recorder]: Subscribed to topic '/scan'
[INFO] [1764030452.112835170] [rosbag2_recorder]: Subscribed to topic '/tf'
[WARN] [1764030453.010103305] [rosbag2_recorder]: New publisher discovered on topic '/tf', offering incompatible QoS. No messages will be sent to it. Last incompatible policy: DURABILITY_QOS_POLICY
[WARN] [1764030453.017930610] [rosbag2_recorder]: New publisher discovered on topic '/tf', offering incompatible QoS. No messages will be sent to it. Last incompatible policy: DURABILITY_QOS_POLICY
[WARN] [1764030453.024441850] [rosbag2_recorder]: A new publisher for subscribed topic /tf was found offering RMW_QOS_POLICY_DURABILITY_VOLATILE, but rosbag2 already subscribed requesting RMW_QOS_POLICY_DURABILITY_TRANSIENT_LOCAL. Messages from this new publisher will not be recorded.
[WARN] [1764030453.024499339] [rosbag2_recorder]: A new publisher for subscribed topic /tf was found offering RMW_QOS_POLICY_DURABILITY_VOLATILE, but rosbag2 already subscribed requesting RMW_QOS_POLICY_DURABILITY_TRANSIENT_LOCAL. Messages from this new publisher will not be recorded.
[INFO] [1764030453.025931313] [rosbag2_recorder]: Subscribed to topic '/cmd_vel'
[INFO] [1764030453.027109796] [rosbag2_recorder]: Subscribed to topic '/plan_barn'
[INFO] [1764030453.028096025] [rosbag2_recorder]: Subscribed to topic '/plan_barn_odom'
[INFO] [1764030453.028899316] [rosbag2_recorder]: Subscribed to topic '/tf_static'
[INFO] [1764030453.028918605] [rosbag2_recorder]: All requested topics are subscribed. Stopping discovery...
[WARN] [1764030454.004482787] [rosbag2_recorder]: New publisher discovered on topic '/tf', offering incompatible QoS. No messages will be sent to it. Last incompatible policy: DURABILITY_QOS_POLICY
[INFO] [1764030458.885063621] [rosbag2_cpp]: Writing remaining messages from cache to the bag. It may take a while
[INFO] [1764030458.885576143] [rosbag2_recorder]: Event publisher thread: Exiting
[INFO] [1764030458.885622968] [rosbag2_recorder]: Recording stopped
