stdin is not a terminal device. Keyboard handling disabled.[INFO] [1763946021.858835911] [rosbag2_recorder]: Press SPACE for pausing/resuming
[INFO] [1763946021.859650310] [rosbag2_storage]: Opened database '/home/mobrob/ros_ws/dwa_baseline/world25_1123_170021/world25_1123_170021_0.db3' for READ_WRITE.
[INFO] [1763946021.860436144] [rosbag2_recorder]: Listening for topics...
[INFO] [1763946021.860482977] [rosbag2_recorder]: Event publisher thread: Starting
[INFO] [1763946021.860548836] [rosbag2_recorder]: Recording...
[INFO] [1763946021.963548559] [rosbag2_recorder]: Subscribed to topic '/cmd_vel'
[INFO] [1763946021.964533171] [rosbag2_recorder]: Subscribed to topic '/odom'
[INFO] [1763946021.965155640] [rosbag2_recorder]: Subscribed to topic '/plan_barn_odom'
[INFO] [1763946021.965949814] [rosbag2_recorder]: Subscribed to topic '/scan'
[INFO] [1763946021.966790839] [rosbag2_recorder]: Subscribed to topic '/tf'
[INFO] [1763946021.967283813] [rosbag2_recorder]: Subscribed to topic '/tf_static'
[WARN] [1763946023.855452255] [rosbag2_recorder]: New publisher discovered on topic '/tf', offering incompatible QoS. No messages will be sent to it. Last incompatible policy: DURABILITY_QOS_POLICY
[WARN] [1763946023.857265835] [rosbag2_recorder]: New publisher discovered on topic '/tf', offering incompatible QoS. No messages will be sent to it. Last incompatible policy: DURABILITY_QOS_POLICY
[WARN] [1763946023.860457534] [rosbag2_recorder]: New publisher discovered on topic '/tf', offering incompatible QoS. No messages will be sent to it. Last incompatible policy: DURABILITY_QOS_POLICY
[WARN] [1763946023.921113149] [rosbag2_recorder]: A new publisher for subscribed topic /tf was found offering RMW_QOS_POLICY_DURABILITY_VOLATILE, but rosbag2 already subscribed requesting RMW_QOS_POLICY_DURABILITY_TRANSIENT_LOCAL. Messages from this new publisher will not be recorded.
[WARN] [1763946023.921147857] [rosbag2_recorder]: A new publisher for subscribed topic /tf was found offering RMW_QOS_POLICY_DURABILITY_VOLATILE, but rosbag2 already subscribed requesting RMW_QOS_POLICY_DURABILITY_TRANSIENT_LOCAL. Messages from this new publisher will not be recorded.
[WARN] [1763946023.921150846] [rosbag2_recorder]: A new publisher for subscribed topic /tf was found offering RMW_QOS_POLICY_DURABILITY_VOLATILE, but rosbag2 already subscribed requesting RMW_QOS_POLICY_DURABILITY_TRANSIENT_LOCAL. Messages from this new publisher will not be recorded.
[INFO] [1763946023.922357840] [rosbag2_recorder]: Subscribed to topic '/plan_barn'
[INFO] [1763946023.922400445] [rosbag2_recorder]: All requested topics are subscribed. Stopping discovery...
[INFO] [1763946069.728740963] [rosbag2_cpp]: Writing remaining messages from cache to the bag. It may take a while
[INFO] [1763946069.729324112] [rosbag2_recorder]: Event publisher thread: Exiting
[INFO] [1763946069.729372213] [rosbag2_recorder]: Recording stopped
