stdin is not a terminal device. Keyboard handling disabled.[INFO] [1764091958.161657742] [rosbag2_recorder]: Press SPACE for pausing/resuming
[INFO] [1764091958.162640072] [rosbag2_storage]: Opened database '/home/mobrob/ros_ws/dwa_baseline/world287_1125_093238/world287_1125_093238_0.db3' for READ_WRITE.
[INFO] [1764091958.163154525] [rosbag2_recorder]: Listening for topics...
[INFO] [1764091958.163190252] [rosbag2_recorder]: Event publisher thread: Starting
[INFO] [1764091958.163255435] [rosbag2_recorder]: Recording...
[INFO] [1764091958.265786292] [rosbag2_recorder]: Subscribed to topic '/odom'
[INFO] [1764091958.266456558] [rosbag2_recorder]: Subscribed to topic '/plan_barn'
[INFO] [1764091958.266974667] [rosbag2_recorder]: Subscribed to topic '/plan_barn_odom'
[INFO] [1764091958.267746598] [rosbag2_recorder]: Subscribed to topic '/scan'
[INFO] [1764091958.268608006] [rosbag2_recorder]: Subscribed to topic '/tf'
[WARN] [1764091959.161157951] [rosbag2_recorder]: New publisher discovered on topic '/tf', offering incompatible QoS. No messages will be sent to it. Last incompatible policy: DURABILITY_QOS_POLICY
[WARN] [1764091959.170222732] [rosbag2_recorder]: New publisher discovered on topic '/tf', offering incompatible QoS. No messages will be sent to it. Last incompatible policy: DURABILITY_QOS_POLICY
[WARN] [1764091959.185476502] [rosbag2_recorder]: A new publisher for subscribed topic /tf was found offering RMW_QOS_POLICY_DURABILITY_VOLATILE, but rosbag2 already subscribed requesting RMW_QOS_POLICY_DURABILITY_TRANSIENT_LOCAL. Messages from this new publisher will not be recorded.
[WARN] [1764091959.185530709] [rosbag2_recorder]: A new publisher for subscribed topic /tf was found offering RMW_QOS_POLICY_DURABILITY_VOLATILE, but rosbag2 already subscribed requesting RMW_QOS_POLICY_DURABILITY_TRANSIENT_LOCAL. Messages from this new publisher will not be recorded.
[INFO] [1764091959.186936513] [rosbag2_recorder]: Subscribed to topic '/cmd_vel'
[INFO] [1764091959.188007856] [rosbag2_recorder]: Subscribed to topic '/tf_static'
[INFO] [1764091959.188032581] [rosbag2_recorder]: All requested topics are subscribed. Stopping discovery...
[WARN] [1764091960.156376851] [rosbag2_recorder]: New publisher discovered on topic '/tf', offering incompatible QoS. No messages will be sent to it. Last incompatible policy: DURABILITY_QOS_POLICY
[INFO] [1764091965.046420870] [rosbag2_cpp]: Writing remaining messages from cache to the bag. It may take a while
[INFO] [1764091965.046885104] [rosbag2_recorder]: Event publisher thread: Exiting
[INFO] [1764091965.046924820] [rosbag2_recorder]: Recording stopped
