stdin is not a terminal device. Keyboard handling disabled.[INFO] [1763953156.151056672] [rosbag2_recorder]: Press SPACE for pausing/resuming
[INFO] [1763953156.151824999] [rosbag2_storage]: Opened database '/home/mobrob/ros_ws/dwa_baseline/world42_1123_185916/world42_1123_185916_0.db3' for READ_WRITE.
[INFO] [1763953156.152630614] [rosbag2_recorder]: Listening for topics...
[INFO] [1763953156.152642084] [rosbag2_recorder]: Event publisher thread: Starting
[INFO] [1763953156.152715506] [rosbag2_recorder]: Recording...
[INFO] [1763953156.255687370] [rosbag2_recorder]: Subscribed to topic '/cmd_vel'
[INFO] [1763953156.256628083] [rosbag2_recorder]: Subscribed to topic '/odom'
[INFO] [1763953156.257513131] [rosbag2_recorder]: Subscribed to topic '/tf'
[INFO] [1763953156.258007960] [rosbag2_recorder]: Subscribed to topic '/tf_static'
[WARN] [1763953157.156867031] [rosbag2_recorder]: New publisher discovered on topic '/tf', offering incompatible QoS. No messages will be sent to it. Last incompatible policy: DURABILITY_QOS_POLICY
[WARN] [1763953157.164028173] [rosbag2_recorder]: New publisher discovered on topic '/tf', offering incompatible QoS. No messages will be sent to it. Last incompatible policy: DURABILITY_QOS_POLICY
[WARN] [1763953157.170072395] [rosbag2_recorder]: A new publisher for subscribed topic /tf was found offering RMW_QOS_POLICY_DURABILITY_VOLATILE, but rosbag2 already subscribed requesting RMW_QOS_POLICY_DURABILITY_TRANSIENT_LOCAL. Messages from this new publisher will not be recorded.
[WARN] [1763953157.170115291] [rosbag2_recorder]: A new publisher for subscribed topic /tf was found offering RMW_QOS_POLICY_DURABILITY_VOLATILE, but rosbag2 already subscribed requesting RMW_QOS_POLICY_DURABILITY_TRANSIENT_LOCAL. Messages from this new publisher will not be recorded.
[WARN] [1763953157.170118367] [rosbag2_recorder]: A new publisher for subscribed topic /tf was found offering RMW_QOS_POLICY_DURABILITY_VOLATILE, but rosbag2 already subscribed requesting RMW_QOS_POLICY_DURABILITY_TRANSIENT_LOCAL. Messages from this new publisher will not be recorded.
[INFO] [1763953157.171483916] [rosbag2_recorder]: Subscribed to topic '/scan'
[INFO] [1763953158.207031411] [rosbag2_recorder]: Subscribed to topic '/plan_barn'
[INFO] [1763953158.207843409] [rosbag2_recorder]: Subscribed to topic '/plan_barn_odom'
[INFO] [1763953158.207861115] [rosbag2_recorder]: All requested topics are subscribed. Stopping discovery...
[INFO] [1763953163.031833004] [rosbag2_cpp]: Writing remaining messages from cache to the bag. It may take a while
[INFO] [1763953163.032340889] [rosbag2_recorder]: Event publisher thread: Exiting
[INFO] [1763953163.032388923] [rosbag2_recorder]: Recording stopped
