stdin is not a terminal device. Keyboard handling disabled.[INFO] [1764048073.598061543] [rosbag2_recorder]: Press SPACE for pausing/resuming
[INFO] [1764048073.598893294] [rosbag2_storage]: Opened database '/home/mobrob/ros_ws/dwa_baseline/world198_1124_212113/world198_1124_212113_0.db3' for READ_WRITE.
[INFO] [1764048073.599470420] [rosbag2_recorder]: Listening for topics...
[INFO] [1764048073.599482850] [rosbag2_recorder]: Event publisher thread: Starting
[INFO] [1764048073.599553569] [rosbag2_recorder]: Recording...
[INFO] [1764048073.701862746] [rosbag2_recorder]: Subscribed to topic '/cmd_vel'
[INFO] [1764048073.703027749] [rosbag2_recorder]: Subscribed to topic '/odom'
[INFO] [1764048073.704530110] [rosbag2_recorder]: Subscribed to topic '/tf'
[INFO] [1764048073.705087585] [rosbag2_recorder]: Subscribed to topic '/tf_static'
[WARN] [1764048074.605646282] [rosbag2_recorder]: New publisher discovered on topic '/tf', offering incompatible QoS. No messages will be sent to it. Last incompatible policy: DURABILITY_QOS_POLICY
[WARN] [1764048074.616728620] [rosbag2_recorder]: A new publisher for subscribed topic /tf was found offering RMW_QOS_POLICY_DURABILITY_VOLATILE, but rosbag2 already subscribed requesting RMW_QOS_POLICY_DURABILITY_TRANSIENT_LOCAL. Messages from this new publisher will not be recorded.
[INFO] [1764048074.618527709] [rosbag2_recorder]: Subscribed to topic '/scan'
[WARN] [1764048075.593590842] [rosbag2_recorder]: New publisher discovered on topic '/tf', offering incompatible QoS. No messages will be sent to it. Last incompatible policy: DURABILITY_QOS_POLICY
[WARN] [1764048075.599111072] [rosbag2_recorder]: New publisher discovered on topic '/tf', offering incompatible QoS. No messages will be sent to it. Last incompatible policy: DURABILITY_QOS_POLICY
[INFO] [1764048075.648017925] [rosbag2_recorder]: Subscribed to topic '/plan_barn'
[INFO] [1764048075.648993538] [rosbag2_recorder]: Subscribed to topic '/plan_barn_odom'
[INFO] [1764048075.649035623] [rosbag2_recorder]: All requested topics are subscribed. Stopping discovery...
[INFO] [1764048145.482092273] [rosbag2_cpp]: Writing remaining messages from cache to the bag. It may take a while
[INFO] [1764048145.482792186] [rosbag2_recorder]: Event publisher thread: Exiting
[INFO] [1764048145.482843259] [rosbag2_recorder]: Recording stopped
