stdin is not a terminal device. Keyboard handling disabled.[INFO] [1764066625.424246609] [rosbag2_recorder]: Press SPACE for pausing/resuming
[INFO] [1764066625.425325258] [rosbag2_storage]: Opened database '/home/mobrob/ros_ws/dwa_baseline/world235_1125_023025/world235_1125_023025_0.db3' for READ_WRITE.
[INFO] [1764066625.426127771] [rosbag2_recorder]: Listening for topics...
[INFO] [1764066625.426137050] [rosbag2_recorder]: Event publisher thread: Starting
[INFO] [1764066625.426254590] [rosbag2_recorder]: Recording...
[INFO] [1764066625.528725611] [rosbag2_recorder]: Subscribed to topic '/cmd_vel'
[INFO] [1764066625.529671553] [rosbag2_recorder]: Subscribed to topic '/odom'
[INFO] [1764066625.531091655] [rosbag2_recorder]: Subscribed to topic '/tf'
[WARN] [1764066626.435985272] [rosbag2_recorder]: New publisher discovered on topic '/tf', offering incompatible QoS. No messages will be sent to it. Last incompatible policy: DURABILITY_QOS_POLICY
[WARN] [1764066626.438625172] [rosbag2_recorder]: New publisher discovered on topic '/tf', offering incompatible QoS. No messages will be sent to it. Last incompatible policy: DURABILITY_QOS_POLICY
[WARN] [1764066626.448017856] [rosbag2_recorder]: A new publisher for subscribed topic /tf was found offering RMW_QOS_POLICY_DURABILITY_VOLATILE, but rosbag2 already subscribed requesting RMW_QOS_POLICY_DURABILITY_TRANSIENT_LOCAL. Messages from this new publisher will not be recorded.
[WARN] [1764066626.448055264] [rosbag2_recorder]: A new publisher for subscribed topic /tf was found offering RMW_QOS_POLICY_DURABILITY_VOLATILE, but rosbag2 already subscribed requesting RMW_QOS_POLICY_DURABILITY_TRANSIENT_LOCAL. Messages from this new publisher will not be recorded.
[INFO] [1764066626.449152772] [rosbag2_recorder]: Subscribed to topic '/scan'
[INFO] [1764066626.449809307] [rosbag2_recorder]: Subscribed to topic '/tf_static'
[WARN] [1764066627.422227218] [rosbag2_recorder]: New publisher discovered on topic '/tf', offering incompatible QoS. No messages will be sent to it. Last incompatible policy: DURABILITY_QOS_POLICY
[INFO] [1764066627.480264995] [rosbag2_recorder]: Subscribed to topic '/plan_barn'
[INFO] [1764066627.481215041] [rosbag2_recorder]: Subscribed to topic '/plan_barn_odom'
[INFO] [1764066627.481240942] [rosbag2_recorder]: All requested topics are subscribed. Stopping discovery...
[INFO] [1764066716.309186578] [rosbag2_cpp]: Writing remaining messages from cache to the bag. It may take a while
[INFO] [1764066716.309883996] [rosbag2_recorder]: Event publisher thread: Exiting
[INFO] [1764066716.309936846] [rosbag2_recorder]: Recording stopped
