stdin is not a terminal device. Keyboard handling disabled.[INFO] [1763256651.930738537] [rosbag2_recorder]: Press SPACE for pausing/resuming
[INFO] [1763256651.931556143] [rosbag2_storage]: Opened database '/home/mobrob/ros_ws/dwa_baseline/world36_1115_173051/world36_1115_173051_0.db3' for READ_WRITE.
[INFO] [1763256651.932201969] [rosbag2_recorder]: Listening for topics...
[INFO] [1763256651.932303424] [rosbag2_recorder]: Recording...
[INFO] [1763256651.932375784] [rosbag2_recorder]: Event publisher thread: Starting
[INFO] [1763256652.035931191] [rosbag2_recorder]: Subscribed to topic '/cmd_vel'
[INFO] [1763256652.037417231] [rosbag2_recorder]: Subscribed to topic '/odom'
[INFO] [1763256652.038797587] [rosbag2_recorder]: Subscribed to topic '/tf'
[WARN] [1763256652.943851561] [rosbag2_recorder]: New publisher discovered on topic '/tf', offering incompatible QoS. No messages will be sent to it. Last incompatible policy: DURABILITY_QOS_POLICY
[WARN] [1763256652.952885412] [rosbag2_recorder]: A new publisher for subscribed topic /tf was found offering RMW_QOS_POLICY_DURABILITY_VOLATILE, but rosbag2 already subscribed requesting RMW_QOS_POLICY_DURABILITY_TRANSIENT_LOCAL. Messages from this new publisher will not be recorded.
[INFO] [1763256652.954417229] [rosbag2_recorder]: Subscribed to topic '/plan_barn'
[INFO] [1763256652.955252162] [rosbag2_recorder]: Subscribed to topic '/plan_barn_odom'
[INFO] [1763256652.955981329] [rosbag2_recorder]: Subscribed to topic '/tf_static'
[WARN] [1763256653.928683330] [rosbag2_recorder]: New publisher discovered on topic '/tf', offering incompatible QoS. No messages will be sent to it. Last incompatible policy: DURABILITY_QOS_POLICY
[WARN] [1763256653.929692221] [rosbag2_recorder]: New publisher discovered on topic '/tf', offering incompatible QoS. No messages will be sent to it. Last incompatible policy: DURABILITY_QOS_POLICY
[INFO] [1763256653.992297351] [rosbag2_recorder]: Subscribed to topic '/scan'
[INFO] [1763256653.992323008] [rosbag2_recorder]: All requested topics are subscribed. Stopping discovery...
[INFO] [1763256690.794652877] [rosbag2_cpp]: Writing remaining messages from cache to the bag. It may take a while
[INFO] [1763256690.795245575] [rosbag2_recorder]: Event publisher thread: Exiting
[INFO] [1763256690.795277375] [rosbag2_recorder]: Recording stopped
