stdin is not a terminal device. Keyboard handling disabled.[INFO] [1763258616.050754487] [rosbag2_recorder]: Press SPACE for pausing/resuming
[INFO] [1763258616.052034714] [rosbag2_storage]: Opened database '/home/mobrob/ros_ws/dwa_baseline/world75_1115_180335/world75_1115_180335_0.db3' for READ_WRITE.
[INFO] [1763258616.052818647] [rosbag2_recorder]: Listening for topics...
[INFO] [1763258616.052828167] [rosbag2_recorder]: Event publisher thread: Starting
[INFO] [1763258616.052924613] [rosbag2_recorder]: Recording...
[INFO] [1763258616.155879652] [rosbag2_recorder]: Subscribed to topic '/cmd_vel'
[INFO] [1763258616.156953415] [rosbag2_recorder]: Subscribed to topic '/odom'
[INFO] [1763258616.157851731] [rosbag2_recorder]: Subscribed to topic '/scan'
[INFO] [1763258616.158825461] [rosbag2_recorder]: Subscribed to topic '/tf'
[INFO] [1763258616.159412810] [rosbag2_recorder]: Subscribed to topic '/tf_static'
[WARN] [1763258617.053314105] [rosbag2_recorder]: New publisher discovered on topic '/tf', offering incompatible QoS. No messages will be sent to it. Last incompatible policy: DURABILITY_QOS_POLICY
[WARN] [1763258617.057445116] [rosbag2_recorder]: New publisher discovered on topic '/tf', offering incompatible QoS. No messages will be sent to it. Last incompatible policy: DURABILITY_QOS_POLICY
[WARN] [1763258617.058824279] [rosbag2_recorder]: New publisher discovered on topic '/tf', offering incompatible QoS. No messages will be sent to it. Last incompatible policy: DURABILITY_QOS_POLICY
[WARN] [1763258617.072500105] [rosbag2_recorder]: A new publisher for subscribed topic /tf was found offering RMW_QOS_POLICY_DURABILITY_VOLATILE, but rosbag2 already subscribed requesting RMW_QOS_POLICY_DURABILITY_TRANSIENT_LOCAL. Messages from this new publisher will not be recorded.
[WARN] [1763258617.072528203] [rosbag2_recorder]: A new publisher for subscribed topic /tf was found offering RMW_QOS_POLICY_DURABILITY_VOLATILE, but rosbag2 already subscribed requesting RMW_QOS_POLICY_DURABILITY_TRANSIENT_LOCAL. Messages from this new publisher will not be recorded.
[WARN] [1763258617.072531162] [rosbag2_recorder]: A new publisher for subscribed topic /tf was found offering RMW_QOS_POLICY_DURABILITY_VOLATILE, but rosbag2 already subscribed requesting RMW_QOS_POLICY_DURABILITY_TRANSIENT_LOCAL. Messages from this new publisher will not be recorded.
[INFO] [1763258618.109286626] [rosbag2_recorder]: Subscribed to topic '/plan_barn'
[INFO] [1763258618.110262238] [rosbag2_recorder]: Subscribed to topic '/plan_barn_odom'
[INFO] [1763258618.110283763] [rosbag2_recorder]: All requested topics are subscribed. Stopping discovery...
[INFO] [1763258664.917916287] [rosbag2_cpp]: Writing remaining messages from cache to the bag. It may take a while
[INFO] [1763258664.918517407] [rosbag2_recorder]: Event publisher thread: Exiting
[INFO] [1763258664.918563339] [rosbag2_recorder]: Recording stopped
