stdin is not a terminal device. Keyboard handling disabled.[INFO] [1764021400.996035598] [rosbag2_recorder]: Press SPACE for pausing/resuming
[INFO] [1764021400.997252020] [rosbag2_storage]: Opened database '/home/mobrob/ros_ws/dwa_baseline/world146_1124_135640/world146_1124_135640_0.db3' for READ_WRITE.
[INFO] [1764021400.997974971] [rosbag2_recorder]: Listening for topics...
[INFO] [1764021400.997986080] [rosbag2_recorder]: Event publisher thread: Starting
[INFO] [1764021400.998096740] [rosbag2_recorder]: Recording...
[INFO] [1764021401.100796818] [rosbag2_recorder]: Subscribed to topic '/cmd_vel'
[INFO] [1764021401.102026061] [rosbag2_recorder]: Subscribed to topic '/odom'
[INFO] [1764021401.103057283] [rosbag2_recorder]: Subscribed to topic '/tf'
[WARN] [1764021402.020434414] [rosbag2_recorder]: New publisher discovered on topic '/tf', offering incompatible QoS. No messages will be sent to it. Last incompatible policy: DURABILITY_QOS_POLICY
[INFO] [1764021402.021487187] [rosbag2_recorder]: Subscribed to topic '/scan'
[INFO] [1764021402.022543001] [rosbag2_recorder]: Subscribed to topic '/tf_static'
[WARN] [1764021402.126745005] [rosbag2_recorder]: A new publisher for subscribed topic /tf was found offering RMW_QOS_POLICY_DURABILITY_VOLATILE, but rosbag2 already subscribed requesting RMW_QOS_POLICY_DURABILITY_TRANSIENT_LOCAL. Messages from this new publisher will not be recorded.
[INFO] [1764021402.127952711] [rosbag2_recorder]: Subscribed to topic '/plan_barn'
[INFO] [1764021402.128793074] [rosbag2_recorder]: Subscribed to topic '/plan_barn_odom'
[INFO] [1764021402.128818316] [rosbag2_recorder]: All requested topics are subscribed. Stopping discovery...
[WARN] [1764021402.996835182] [rosbag2_recorder]: New publisher discovered on topic '/tf', offering incompatible QoS. No messages will be sent to it. Last incompatible policy: DURABILITY_QOS_POLICY
[WARN] [1764021402.997759171] [rosbag2_recorder]: New publisher discovered on topic '/tf', offering incompatible QoS. No messages will be sent to it. Last incompatible policy: DURABILITY_QOS_POLICY
[INFO] [1764021467.857804142] [rosbag2_cpp]: Writing remaining messages from cache to the bag. It may take a while
[INFO] [1764021467.858657390] [rosbag2_recorder]: Event publisher thread: Exiting
[INFO] [1764021467.858710721] [rosbag2_recorder]: Recording stopped
