stdin is not a terminal device. Keyboard handling disabled.[INFO] [1764067108.633818297] [rosbag2_recorder]: Press SPACE for pausing/resuming
[INFO] [1764067108.634918941] [rosbag2_storage]: Opened database '/home/mobrob/ros_ws/dwa_baseline/world236_1125_023828/world236_1125_023828_0.db3' for READ_WRITE.
[INFO] [1764067108.635737122] [rosbag2_recorder]: Listening for topics...
[INFO] [1764067108.635747066] [rosbag2_recorder]: Event publisher thread: Starting
[INFO] [1764067108.635849186] [rosbag2_recorder]: Recording...
[INFO] [1764067108.737684669] [rosbag2_recorder]: Subscribed to topic '/cmd_vel'
[INFO] [1764067108.738725615] [rosbag2_recorder]: Subscribed to topic '/odom'
[INFO] [1764067108.739729486] [rosbag2_recorder]: Subscribed to topic '/tf'
[WARN] [1764067109.660290564] [rosbag2_recorder]: New publisher discovered on topic '/tf', offering incompatible QoS. No messages will be sent to it. Last incompatible policy: DURABILITY_QOS_POLICY
[WARN] [1764067109.751582973] [rosbag2_recorder]: A new publisher for subscribed topic /tf was found offering RMW_QOS_POLICY_DURABILITY_VOLATILE, but rosbag2 already subscribed requesting RMW_QOS_POLICY_DURABILITY_TRANSIENT_LOCAL. Messages from this new publisher will not be recorded.
[INFO] [1764067109.752906229] [rosbag2_recorder]: Subscribed to topic '/plan_barn'
[INFO] [1764067109.753850869] [rosbag2_recorder]: Subscribed to topic '/plan_barn_odom'
[WARN] [1764067110.632982593] [rosbag2_recorder]: New publisher discovered on topic '/tf', offering incompatible QoS. No messages will be sent to it. Last incompatible policy: DURABILITY_QOS_POLICY
[INFO] [1764067110.675478279] [rosbag2_recorder]: Subscribed to topic '/scan'
[INFO] [1764067110.676343221] [rosbag2_recorder]: Subscribed to topic '/tf_static'
[INFO] [1764067110.676362877] [rosbag2_recorder]: All requested topics are subscribed. Stopping discovery...
[WARN] [1764067111.630753713] [rosbag2_recorder]: New publisher discovered on topic '/tf', offering incompatible QoS. No messages will be sent to it. Last incompatible policy: DURABILITY_QOS_POLICY
[INFO] [1764067208.503095980] [rosbag2_cpp]: Writing remaining messages from cache to the bag. It may take a while
[INFO] [1764067208.503736974] [rosbag2_recorder]: Event publisher thread: Exiting
[INFO] [1764067208.503776101] [rosbag2_recorder]: Recording stopped
