stdin is not a terminal device. Keyboard handling disabled.[INFO] [1764036109.997153117] [rosbag2_recorder]: Press SPACE for pausing/resuming
[INFO] [1764036109.997924369] [rosbag2_storage]: Opened database '/home/mobrob/ros_ws/dwa_baseline/world175_1124_180149/world175_1124_180149_0.db3' for READ_WRITE.
[INFO] [1764036109.998339751] [rosbag2_recorder]: Listening for topics...
[INFO] [1764036109.998346678] [rosbag2_recorder]: Event publisher thread: Starting
[INFO] [1764036109.998419480] [rosbag2_recorder]: Recording...
[INFO] [1764036110.100895055] [rosbag2_recorder]: Subscribed to topic '/odom'
[INFO] [1764036110.102012134] [rosbag2_recorder]: Subscribed to topic '/tf'
[WARN] [1764036111.005367468] [rosbag2_recorder]: New publisher discovered on topic '/tf', offering incompatible QoS. No messages will be sent to it. Last incompatible policy: DURABILITY_QOS_POLICY
[WARN] [1764036111.012500318] [rosbag2_recorder]: A new publisher for subscribed topic /tf was found offering RMW_QOS_POLICY_DURABILITY_VOLATILE, but rosbag2 already subscribed requesting RMW_QOS_POLICY_DURABILITY_TRANSIENT_LOCAL. Messages from this new publisher will not be recorded.
[INFO] [1764036111.014477990] [rosbag2_recorder]: Subscribed to topic '/cmd_vel'
[INFO] [1764036111.016047630] [rosbag2_recorder]: Subscribed to topic '/plan_barn'
[INFO] [1764036111.017753508] [rosbag2_recorder]: Subscribed to topic '/plan_barn_odom'
[WARN] [1764036111.017958492] [rosbag2_recorder]: New publisher discovered on topic '/tf', offering incompatible QoS. No messages will be sent to it. Last incompatible policy: DURABILITY_QOS_POLICY
[WARN] [1764036111.018556320] [rosbag2_recorder]: New publisher discovered on topic '/tf', offering incompatible QoS. No messages will be sent to it. Last incompatible policy: DURABILITY_QOS_POLICY
[INFO] [1764036111.019893350] [rosbag2_recorder]: Subscribed to topic '/scan'
[INFO] [1764036111.021182605] [rosbag2_recorder]: Subscribed to topic '/tf_static'
[INFO] [1764036111.021210773] [rosbag2_recorder]: All requested topics are subscribed. Stopping discovery...
[INFO] [1764036116.889159537] [rosbag2_cpp]: Writing remaining messages from cache to the bag. It may take a while
[INFO] [1764036116.889602731] [rosbag2_recorder]: Event publisher thread: Exiting
[INFO] [1764036116.889633449] [rosbag2_recorder]: Recording stopped
