stdin is not a terminal device. Keyboard handling disabled.[INFO] [1764032421.943290043] [rosbag2_recorder]: Press SPACE for pausing/resuming
[INFO] [1764032421.944386008] [rosbag2_storage]: Opened database '/home/mobrob/ros_ws/dwa_baseline/world166_1124_170021/world166_1124_170021_0.db3' for READ_WRITE.
[INFO] [1764032421.945184824] [rosbag2_recorder]: Listening for topics...
[INFO] [1764032421.945196889] [rosbag2_recorder]: Event publisher thread: Starting
[INFO] [1764032421.945318596] [rosbag2_recorder]: Recording...
[INFO] [1764032422.049870677] [rosbag2_recorder]: Subscribed to topic '/cmd_vel'
[INFO] [1764032422.051478443] [rosbag2_recorder]: Subscribed to topic '/odom'
[INFO] [1764032422.052974237] [rosbag2_recorder]: Subscribed to topic '/tf'
[INFO] [1764032422.053806130] [rosbag2_recorder]: Subscribed to topic '/tf_static'
[WARN] [1764032422.938666332] [rosbag2_recorder]: New publisher discovered on topic '/tf', offering incompatible QoS. No messages will be sent to it. Last incompatible policy: DURABILITY_QOS_POLICY
[WARN] [1764032422.971098317] [rosbag2_recorder]: A new publisher for subscribed topic /tf was found offering RMW_QOS_POLICY_DURABILITY_VOLATILE, but rosbag2 already subscribed requesting RMW_QOS_POLICY_DURABILITY_TRANSIENT_LOCAL. Messages from this new publisher will not be recorded.
[INFO] [1764032422.972265077] [rosbag2_recorder]: Subscribed to topic '/scan'
[WARN] [1764032423.939609758] [rosbag2_recorder]: New publisher discovered on topic '/tf', offering incompatible QoS. No messages will be sent to it. Last incompatible policy: DURABILITY_QOS_POLICY
[WARN] [1764032423.939960551] [rosbag2_recorder]: New publisher discovered on topic '/tf', offering incompatible QoS. No messages will be sent to it. Last incompatible policy: DURABILITY_QOS_POLICY
[INFO] [1764032424.010817044] [rosbag2_recorder]: Subscribed to topic '/plan_barn'
[INFO] [1764032424.012003076] [rosbag2_recorder]: Subscribed to topic '/plan_barn_odom'
[INFO] [1764032424.012030502] [rosbag2_recorder]: All requested topics are subscribed. Stopping discovery...
[INFO] [1764032516.823884958] [rosbag2_cpp]: Writing remaining messages from cache to the bag. It may take a while
[INFO] [1764032516.824746024] [rosbag2_recorder]: Event publisher thread: Exiting
[INFO] [1764032516.824781814] [rosbag2_recorder]: Recording stopped
