stdin is not a terminal device. Keyboard handling disabled.[INFO] [1763937505.623383934] [rosbag2_recorder]: Press SPACE for pausing/resuming
[INFO] [1763937505.624204234] [rosbag2_storage]: Opened database '/home/mobrob/ros_ws/dwa_baseline/world4_1123_143825/world4_1123_143825_0.db3' for READ_WRITE.
[INFO] [1763937505.624923653] [rosbag2_recorder]: Listening for topics...
[INFO] [1763937505.624935502] [rosbag2_recorder]: Event publisher thread: Starting
[INFO] [1763937505.624996627] [rosbag2_recorder]: Recording...
[INFO] [1763937505.727772784] [rosbag2_recorder]: Subscribed to topic '/cmd_vel'
[INFO] [1763937505.729321162] [rosbag2_recorder]: Subscribed to topic '/odom'
[INFO] [1763937505.730715621] [rosbag2_recorder]: Subscribed to topic '/tf'
[WARN] [1763937506.623479390] [rosbag2_recorder]: New publisher discovered on topic '/tf', offering incompatible QoS. No messages will be sent to it. Last incompatible policy: DURABILITY_QOS_POLICY
[WARN] [1763937506.644306164] [rosbag2_recorder]: A new publisher for subscribed topic /tf was found offering RMW_QOS_POLICY_DURABILITY_VOLATILE, but rosbag2 already subscribed requesting RMW_QOS_POLICY_DURABILITY_TRANSIENT_LOCAL. Messages from this new publisher will not be recorded.
[INFO] [1763937506.645475957] [rosbag2_recorder]: Subscribed to topic '/scan'
[INFO] [1763937506.646360541] [rosbag2_recorder]: Subscribed to topic '/tf_static'
[WARN] [1763937507.620499085] [rosbag2_recorder]: New publisher discovered on topic '/tf', offering incompatible QoS. No messages will be sent to it. Last incompatible policy: DURABILITY_QOS_POLICY
[WARN] [1763937507.621282285] [rosbag2_recorder]: New publisher discovered on topic '/tf', offering incompatible QoS. No messages will be sent to it. Last incompatible policy: DURABILITY_QOS_POLICY
[INFO] [1763937507.684791955] [rosbag2_recorder]: Subscribed to topic '/plan_barn'
[INFO] [1763937507.686093989] [rosbag2_recorder]: Subscribed to topic '/plan_barn_odom'
[INFO] [1763937507.686122379] [rosbag2_recorder]: All requested topics are subscribed. Stopping discovery...
[INFO] [1763937569.487878893] [rosbag2_cpp]: Writing remaining messages from cache to the bag. It may take a while
[INFO] [1763937569.488519431] [rosbag2_recorder]: Event publisher thread: Exiting
[INFO] [1763937569.488570298] [rosbag2_recorder]: Recording stopped
