stdin is not a terminal device. Keyboard handling disabled.[INFO] [1764026356.349857419] [rosbag2_recorder]: Press SPACE for pausing/resuming
[INFO] [1764026356.350976044] [rosbag2_storage]: Opened database '/home/mobrob/ros_ws/dwa_baseline/world155_1124_151916/world155_1124_151916_0.db3' for READ_WRITE.
[INFO] [1764026356.351747576] [rosbag2_recorder]: Listening for topics...
[INFO] [1764026356.351757864] [rosbag2_recorder]: Event publisher thread: Starting
[INFO] [1764026356.351892942] [rosbag2_recorder]: Recording...
[INFO] [1764026356.458512692] [rosbag2_recorder]: Subscribed to topic '/cmd_vel'
[INFO] [1764026356.459838748] [rosbag2_recorder]: Subscribed to topic '/odom'
[INFO] [1764026356.460798632] [rosbag2_recorder]: Subscribed to topic '/scan'
[INFO] [1764026356.461721543] [rosbag2_recorder]: Subscribed to topic '/tf'
[INFO] [1764026356.462490226] [rosbag2_recorder]: Subscribed to topic '/tf_static'
[WARN] [1764026357.362108544] [rosbag2_recorder]: New publisher discovered on topic '/tf', offering incompatible QoS. No messages will be sent to it. Last incompatible policy: DURABILITY_QOS_POLICY
[WARN] [1764026357.362400460] [rosbag2_recorder]: New publisher discovered on topic '/tf', offering incompatible QoS. No messages will be sent to it. Last incompatible policy: DURABILITY_QOS_POLICY
[WARN] [1764026357.381606357] [rosbag2_recorder]: A new publisher for subscribed topic /tf was found offering RMW_QOS_POLICY_DURABILITY_VOLATILE, but rosbag2 already subscribed requesting RMW_QOS_POLICY_DURABILITY_TRANSIENT_LOCAL. Messages from this new publisher will not be recorded.
[WARN] [1764026357.381641575] [rosbag2_recorder]: A new publisher for subscribed topic /tf was found offering RMW_QOS_POLICY_DURABILITY_VOLATILE, but rosbag2 already subscribed requesting RMW_QOS_POLICY_DURABILITY_TRANSIENT_LOCAL. Messages from this new publisher will not be recorded.
[WARN] [1764026358.348598729] [rosbag2_recorder]: New publisher discovered on topic '/tf', offering incompatible QoS. No messages will be sent to it. Last incompatible policy: DURABILITY_QOS_POLICY
[INFO] [1764026358.411542767] [rosbag2_recorder]: Subscribed to topic '/plan_barn'
[INFO] [1764026358.412396111] [rosbag2_recorder]: Subscribed to topic '/plan_barn_odom'
[INFO] [1764026358.412417573] [rosbag2_recorder]: All requested topics are subscribed. Stopping discovery...
[INFO] [1764026476.240696090] [rosbag2_cpp]: Writing remaining messages from cache to the bag. It may take a while
[INFO] [1764026476.241295022] [rosbag2_recorder]: Event publisher thread: Exiting
[INFO] [1764026476.241340001] [rosbag2_recorder]: Recording stopped
