stdin is not a terminal device. Keyboard handling disabled.[INFO] [1764052187.293136601] [rosbag2_recorder]: Press SPACE for pausing/resuming
[INFO] [1764052187.294482440] [rosbag2_storage]: Opened database '/home/mobrob/ros_ws/dwa_baseline/world207_1124_222947/world207_1124_222947_0.db3' for READ_WRITE.
[INFO] [1764052187.295089920] [rosbag2_recorder]: Listening for topics...
[INFO] [1764052187.295100295] [rosbag2_recorder]: Event publisher thread: Starting
[INFO] [1764052187.295223171] [rosbag2_recorder]: Recording...
[INFO] [1764052187.397495065] [rosbag2_recorder]: Subscribed to topic '/cmd_vel'
[INFO] [1764052187.398457525] [rosbag2_recorder]: Subscribed to topic '/odom'
[INFO] [1764052187.399364660] [rosbag2_recorder]: Subscribed to topic '/tf'
[WARN] [1764052188.297280754] [rosbag2_recorder]: New publisher discovered on topic '/tf', offering incompatible QoS. No messages will be sent to it. Last incompatible policy: DURABILITY_QOS_POLICY
[WARN] [1764052188.301390017] [rosbag2_recorder]: New publisher discovered on topic '/tf', offering incompatible QoS. No messages will be sent to it. Last incompatible policy: DURABILITY_QOS_POLICY
[WARN] [1764052188.307006603] [rosbag2_recorder]: New publisher discovered on topic '/tf', offering incompatible QoS. No messages will be sent to it. Last incompatible policy: DURABILITY_QOS_POLICY
[WARN] [1764052188.312220057] [rosbag2_recorder]: A new publisher for subscribed topic /tf was found offering RMW_QOS_POLICY_DURABILITY_VOLATILE, but rosbag2 already subscribed requesting RMW_QOS_POLICY_DURABILITY_TRANSIENT_LOCAL. Messages from this new publisher will not be recorded.
[WARN] [1764052188.312264337] [rosbag2_recorder]: A new publisher for subscribed topic /tf was found offering RMW_QOS_POLICY_DURABILITY_VOLATILE, but rosbag2 already subscribed requesting RMW_QOS_POLICY_DURABILITY_TRANSIENT_LOCAL. Messages from this new publisher will not be recorded.
[WARN] [1764052188.312268286] [rosbag2_recorder]: A new publisher for subscribed topic /tf was found offering RMW_QOS_POLICY_DURABILITY_VOLATILE, but rosbag2 already subscribed requesting RMW_QOS_POLICY_DURABILITY_TRANSIENT_LOCAL. Messages from this new publisher will not be recorded.
[INFO] [1764052188.313662922] [rosbag2_recorder]: Subscribed to topic '/scan'
[INFO] [1764052188.314466287] [rosbag2_recorder]: Subscribed to topic '/tf_static'
[INFO] [1764052189.345352271] [rosbag2_recorder]: Subscribed to topic '/plan_barn'
[INFO] [1764052189.346281029] [rosbag2_recorder]: Subscribed to topic '/plan_barn_odom'
[INFO] [1764052189.346301521] [rosbag2_recorder]: All requested topics are subscribed. Stopping discovery...
[INFO] [1764052310.179195004] [rosbag2_cpp]: Writing remaining messages from cache to the bag. It may take a while
[INFO] [1764052310.180073014] [rosbag2_recorder]: Event publisher thread: Exiting
[INFO] [1764052310.180127984] [rosbag2_recorder]: Recording stopped
