stdin is not a terminal device. Keyboard handling disabled.[INFO] [1764097339.017363297] [rosbag2_recorder]: Press SPACE for pausing/resuming
[INFO] [1764097339.018442416] [rosbag2_storage]: Opened database '/home/mobrob/ros_ws/dwa_baseline/world297_1125_110218/world297_1125_110218_0.db3' for READ_WRITE.
[INFO] [1764097339.019352607] [rosbag2_recorder]: Listening for topics...
[INFO] [1764097339.019365652] [rosbag2_recorder]: Event publisher thread: Starting
[INFO] [1764097339.019433994] [rosbag2_recorder]: Recording...
[INFO] [1764097339.123254274] [rosbag2_recorder]: Subscribed to topic '/cmd_vel'
[INFO] [1764097339.124645549] [rosbag2_recorder]: Subscribed to topic '/odom'
[INFO] [1764097339.125585001] [rosbag2_recorder]: Subscribed to topic '/plan_barn'
[INFO] [1764097339.126329752] [rosbag2_recorder]: Subscribed to topic '/plan_barn_odom'
[INFO] [1764097339.127187608] [rosbag2_recorder]: Subscribed to topic '/scan'
[INFO] [1764097339.128114692] [rosbag2_recorder]: Subscribed to topic '/tf'
[WARN] [1764097340.023063067] [rosbag2_recorder]: New publisher discovered on topic '/tf', offering incompatible QoS. No messages will be sent to it. Last incompatible policy: DURABILITY_QOS_POLICY
[WARN] [1764097340.041308027] [rosbag2_recorder]: A new publisher for subscribed topic /tf was found offering RMW_QOS_POLICY_DURABILITY_VOLATILE, but rosbag2 already subscribed requesting RMW_QOS_POLICY_DURABILITY_TRANSIENT_LOCAL. Messages from this new publisher will not be recorded.
[WARN] [1764097340.041348902] [rosbag2_recorder]: A new publisher for subscribed topic /tf was found offering RMW_QOS_POLICY_DURABILITY_VOLATILE, but rosbag2 already subscribed requesting RMW_QOS_POLICY_DURABILITY_TRANSIENT_LOCAL. Messages from this new publisher will not be recorded.
[INFO] [1764097340.042238322] [rosbag2_recorder]: Subscribed to topic '/tf_static'
[INFO] [1764097340.042265408] [rosbag2_recorder]: All requested topics are subscribed. Stopping discovery...
[WARN] [1764097341.012616066] [rosbag2_recorder]: New publisher discovered on topic '/tf', offering incompatible QoS. No messages will be sent to it. Last incompatible policy: DURABILITY_QOS_POLICY
[INFO] [1764097387.894457889] [rosbag2_cpp]: Writing remaining messages from cache to the bag. It may take a while
[INFO] [1764097387.895060936] [rosbag2_recorder]: Event publisher thread: Exiting
[INFO] [1764097387.895111390] [rosbag2_recorder]: Recording stopped
