stdin is not a terminal device. Keyboard handling disabled.[INFO] [1763975836.988474694] [rosbag2_recorder]: Press SPACE for pausing/resuming
[INFO] [1763975836.989725006] [rosbag2_storage]: Opened database '/home/mobrob/ros_ws/dwa_baseline/world45_1124_011716/world45_1124_011716_0.db3' for READ_WRITE.
[INFO] [1763975836.990454372] [rosbag2_recorder]: Listening for topics...
[INFO] [1763975836.990466044] [rosbag2_recorder]: Event publisher thread: Starting
[INFO] [1763975836.990590581] [rosbag2_recorder]: Recording...
[INFO] [1763975837.093719827] [rosbag2_recorder]: Subscribed to topic '/cmd_vel'
[INFO] [1763975837.095031625] [rosbag2_recorder]: Subscribed to topic '/odom'
[INFO] [1763975837.096538897] [rosbag2_recorder]: Subscribed to topic '/tf'
[INFO] [1763975837.097359771] [rosbag2_recorder]: Subscribed to topic '/tf_static'
[WARN] [1763975837.986176937] [rosbag2_recorder]: New publisher discovered on topic '/tf', offering incompatible QoS. No messages will be sent to it. Last incompatible policy: DURABILITY_QOS_POLICY
[WARN] [1763975837.996470398] [rosbag2_recorder]: New publisher discovered on topic '/tf', offering incompatible QoS. No messages will be sent to it. Last incompatible policy: DURABILITY_QOS_POLICY
[WARN] [1763975838.000006115] [rosbag2_recorder]: New publisher discovered on topic '/tf', offering incompatible QoS. No messages will be sent to it. Last incompatible policy: DURABILITY_QOS_POLICY
[WARN] [1763975838.012906087] [rosbag2_recorder]: A new publisher for subscribed topic /tf was found offering RMW_QOS_POLICY_DURABILITY_VOLATILE, but rosbag2 already subscribed requesting RMW_QOS_POLICY_DURABILITY_TRANSIENT_LOCAL. Messages from this new publisher will not be recorded.
[WARN] [1763975838.012948948] [rosbag2_recorder]: A new publisher for subscribed topic /tf was found offering RMW_QOS_POLICY_DURABILITY_VOLATILE, but rosbag2 already subscribed requesting RMW_QOS_POLICY_DURABILITY_TRANSIENT_LOCAL. Messages from this new publisher will not be recorded.
[WARN] [1763975838.012953007] [rosbag2_recorder]: A new publisher for subscribed topic /tf was found offering RMW_QOS_POLICY_DURABILITY_VOLATILE, but rosbag2 already subscribed requesting RMW_QOS_POLICY_DURABILITY_TRANSIENT_LOCAL. Messages from this new publisher will not be recorded.
[INFO] [1763975838.014157698] [rosbag2_recorder]: Subscribed to topic '/plan_barn'
[INFO] [1763975838.015243713] [rosbag2_recorder]: Subscribed to topic '/plan_barn_odom'
[INFO] [1763975838.016706031] [rosbag2_recorder]: Subscribed to topic '/scan'
[INFO] [1763975838.016742670] [rosbag2_recorder]: All requested topics are subscribed. Stopping discovery...
[INFO] [1763975873.871456828] [rosbag2_cpp]: Writing remaining messages from cache to the bag. It may take a while
[INFO] [1763975873.872303909] [rosbag2_recorder]: Event publisher thread: Exiting
[INFO] [1763975873.872352574] [rosbag2_recorder]: Recording stopped
