stdin is not a terminal device. Keyboard handling disabled.[INFO] [1764056723.712244849] [rosbag2_recorder]: Press SPACE for pausing/resuming
[INFO] [1764056723.712983676] [rosbag2_storage]: Opened database '/home/mobrob/ros_ws/dwa_baseline/world215_1124_234523/world215_1124_234523_0.db3' for READ_WRITE.
[INFO] [1764056723.713762158] [rosbag2_recorder]: Listening for topics...
[INFO] [1764056723.713771049] [rosbag2_recorder]: Event publisher thread: Starting
[INFO] [1764056723.713867294] [rosbag2_recorder]: Recording...
[INFO] [1764056723.817199235] [rosbag2_recorder]: Subscribed to topic '/cmd_vel'
[INFO] [1764056723.818157064] [rosbag2_recorder]: Subscribed to topic '/odom'
[INFO] [1764056723.819131289] [rosbag2_recorder]: Subscribed to topic '/plan_barn'
[INFO] [1764056723.819903209] [rosbag2_recorder]: Subscribed to topic '/plan_barn_odom'
[INFO] [1764056723.820841812] [rosbag2_recorder]: Subscribed to topic '/tf'
[INFO] [1764056723.821649503] [rosbag2_recorder]: Subscribed to topic '/tf_static'
[WARN] [1764056725.708041711] [rosbag2_recorder]: New publisher discovered on topic '/tf', offering incompatible QoS. No messages will be sent to it. Last incompatible policy: DURABILITY_QOS_POLICY
[WARN] [1764056725.711311932] [rosbag2_recorder]: New publisher discovered on topic '/tf', offering incompatible QoS. No messages will be sent to it. Last incompatible policy: DURABILITY_QOS_POLICY
[WARN] [1764056725.711457063] [rosbag2_recorder]: New publisher discovered on topic '/tf', offering incompatible QoS. No messages will be sent to it. Last incompatible policy: DURABILITY_QOS_POLICY
[WARN] [1764056725.778737159] [rosbag2_recorder]: A new publisher for subscribed topic /tf was found offering RMW_QOS_POLICY_DURABILITY_VOLATILE, but rosbag2 already subscribed requesting RMW_QOS_POLICY_DURABILITY_TRANSIENT_LOCAL. Messages from this new publisher will not be recorded.
[WARN] [1764056725.778790849] [rosbag2_recorder]: A new publisher for subscribed topic /tf was found offering RMW_QOS_POLICY_DURABILITY_VOLATILE, but rosbag2 already subscribed requesting RMW_QOS_POLICY_DURABILITY_TRANSIENT_LOCAL. Messages from this new publisher will not be recorded.
[WARN] [1764056725.778802152] [rosbag2_recorder]: A new publisher for subscribed topic /tf was found offering RMW_QOS_POLICY_DURABILITY_VOLATILE, but rosbag2 already subscribed requesting RMW_QOS_POLICY_DURABILITY_TRANSIENT_LOCAL. Messages from this new publisher will not be recorded.
[INFO] [1764056725.780589009] [rosbag2_recorder]: Subscribed to topic '/scan'
[INFO] [1764056725.780621709] [rosbag2_recorder]: All requested topics are subscribed. Stopping discovery...
[INFO] [1764056841.596478567] [rosbag2_cpp]: Writing remaining messages from cache to the bag. It may take a while
[INFO] [1764056841.597091002] [rosbag2_recorder]: Event publisher thread: Exiting
[INFO] [1764056841.597128478] [rosbag2_recorder]: Recording stopped
