stdin is not a terminal device. Keyboard handling disabled.[INFO] [1764001798.968140474] [rosbag2_recorder]: Press SPACE for pausing/resuming
[INFO] [1764001798.968929701] [rosbag2_storage]: Opened database '/home/mobrob/ros_ws/dwa_baseline/world103_1124_082958/world103_1124_082958_0.db3' for READ_WRITE.
[INFO] [1764001798.969451944] [rosbag2_recorder]: Listening for topics...
[INFO] [1764001798.969468265] [rosbag2_recorder]: Event publisher thread: Starting
[INFO] [1764001798.969538623] [rosbag2_recorder]: Recording...
[INFO] [1764001799.072256940] [rosbag2_recorder]: Subscribed to topic '/cmd_vel'
[INFO] [1764001799.073473447] [rosbag2_recorder]: Subscribed to topic '/odom'
[INFO] [1764001799.074610576] [rosbag2_recorder]: Subscribed to topic '/tf'
[WARN] [1764001799.973410747] [rosbag2_recorder]: New publisher discovered on topic '/tf', offering incompatible QoS. No messages will be sent to it. Last incompatible policy: DURABILITY_QOS_POLICY
[WARN] [1764001799.982060766] [rosbag2_recorder]: New publisher discovered on topic '/tf', offering incompatible QoS. No messages will be sent to it. Last incompatible policy: DURABILITY_QOS_POLICY
[WARN] [1764001799.985511215] [rosbag2_recorder]: A new publisher for subscribed topic /tf was found offering RMW_QOS_POLICY_DURABILITY_VOLATILE, but rosbag2 already subscribed requesting RMW_QOS_POLICY_DURABILITY_TRANSIENT_LOCAL. Messages from this new publisher will not be recorded.
[WARN] [1764001799.985568720] [rosbag2_recorder]: A new publisher for subscribed topic /tf was found offering RMW_QOS_POLICY_DURABILITY_VOLATILE, but rosbag2 already subscribed requesting RMW_QOS_POLICY_DURABILITY_TRANSIENT_LOCAL. Messages from this new publisher will not be recorded.
[INFO] [1764001799.988067230] [rosbag2_recorder]: Subscribed to topic '/plan_barn_odom'
[INFO] [1764001799.989265681] [rosbag2_recorder]: Subscribed to topic '/tf_static'
[WARN] [1764001799.990117418] [rosbag2_recorder]: New publisher discovered on topic '/tf', offering incompatible QoS. No messages will be sent to it. Last incompatible policy: DURABILITY_QOS_POLICY
[INFO] [1764001800.094658844] [rosbag2_recorder]: Subscribed to topic '/scan'
[INFO] [1764001801.029011936] [rosbag2_recorder]: Subscribed to topic '/plan_barn'
[INFO] [1764001801.029059012] [rosbag2_recorder]: All requested topics are subscribed. Stopping discovery...
[INFO] [1764001911.842826169] [rosbag2_cpp]: Writing remaining messages from cache to the bag. It may take a while
[INFO] [1764001911.843413830] [rosbag2_recorder]: Event publisher thread: Exiting
[INFO] [1764001911.843462754] [rosbag2_recorder]: Recording stopped
