stdin is not a terminal device. Keyboard handling disabled.[INFO] [1763272277.589817023] [rosbag2_recorder]: Press SPACE for pausing/resuming
[INFO] [1763272277.591085370] [rosbag2_storage]: Opened database '/home/mobrob/ros_ws/dwa_baseline/world266_1115_215117/world266_1115_215117_0.db3' for READ_WRITE.
[INFO] [1763272277.591866701] [rosbag2_recorder]: Listening for topics...
[INFO] [1763272277.591877684] [rosbag2_recorder]: Event publisher thread: Starting
[INFO] [1763272277.591985672] [rosbag2_recorder]: Recording...
[INFO] [1763272277.694541012] [rosbag2_recorder]: Subscribed to topic '/cmd_vel'
[INFO] [1763272277.695517467] [rosbag2_recorder]: Subscribed to topic '/odom'
[INFO] [1763272277.696426952] [rosbag2_recorder]: Subscribed to topic '/plan_barn'
[INFO] [1763272277.697118205] [rosbag2_recorder]: Subscribed to topic '/plan_barn_odom'
[INFO] [1763272277.698427365] [rosbag2_recorder]: Subscribed to topic '/tf'
[INFO] [1763272277.699096718] [rosbag2_recorder]: Subscribed to topic '/tf_static'
[WARN] [1763272278.610931776] [rosbag2_recorder]: New publisher discovered on topic '/tf', offering incompatible QoS. No messages will be sent to it. Last incompatible policy: DURABILITY_QOS_POLICY
[WARN] [1763272278.616794815] [rosbag2_recorder]: A new publisher for subscribed topic /tf was found offering RMW_QOS_POLICY_DURABILITY_VOLATILE, but rosbag2 already subscribed requesting RMW_QOS_POLICY_DURABILITY_TRANSIENT_LOCAL. Messages from this new publisher will not be recorded.
[INFO] [1763272278.618710274] [rosbag2_recorder]: Subscribed to topic '/scan'
[INFO] [1763272278.618754762] [rosbag2_recorder]: All requested topics are subscribed. Stopping discovery...
[WARN] [1763272279.585178813] [rosbag2_recorder]: New publisher discovered on topic '/tf', offering incompatible QoS. No messages will be sent to it. Last incompatible policy: DURABILITY_QOS_POLICY
[WARN] [1763272279.589289228] [rosbag2_recorder]: New publisher discovered on topic '/tf', offering incompatible QoS. No messages will be sent to it. Last incompatible policy: DURABILITY_QOS_POLICY
[INFO] [1763272355.463770966] [rosbag2_cpp]: Writing remaining messages from cache to the bag. It may take a while
[INFO] [1763272355.464581990] [rosbag2_recorder]: Event publisher thread: Exiting
[INFO] [1763272355.464631146] [rosbag2_recorder]: Recording stopped
