stdin is not a terminal device. Keyboard handling disabled.[INFO] [1763997374.842705596] [rosbag2_recorder]: Press SPACE for pausing/resuming
[INFO] [1763997374.843830030] [rosbag2_storage]: Opened database '/home/mobrob/ros_ws/dwa_baseline/world93_1124_071614/world93_1124_071614_0.db3' for READ_WRITE.
[INFO] [1763997374.844607625] [rosbag2_recorder]: Listening for topics...
[INFO] [1763997374.844666855] [rosbag2_recorder]: Event publisher thread: Starting
[INFO] [1763997374.844734727] [rosbag2_recorder]: Recording...
[INFO] [1763997374.948094423] [rosbag2_recorder]: Subscribed to topic '/cmd_vel'
[INFO] [1763997374.949183956] [rosbag2_recorder]: Subscribed to topic '/odom'
[INFO] [1763997374.950305780] [rosbag2_recorder]: Subscribed to topic '/tf'
[INFO] [1763997374.950901030] [rosbag2_recorder]: Subscribed to topic '/tf_static'
[WARN] [1763997375.850041167] [rosbag2_recorder]: New publisher discovered on topic '/tf', offering incompatible QoS. No messages will be sent to it. Last incompatible policy: DURABILITY_QOS_POLICY
[WARN] [1763997375.851098021] [rosbag2_recorder]: New publisher discovered on topic '/tf', offering incompatible QoS. No messages will be sent to it. Last incompatible policy: DURABILITY_QOS_POLICY
[WARN] [1763997375.868700929] [rosbag2_recorder]: A new publisher for subscribed topic /tf was found offering RMW_QOS_POLICY_DURABILITY_VOLATILE, but rosbag2 already subscribed requesting RMW_QOS_POLICY_DURABILITY_TRANSIENT_LOCAL. Messages from this new publisher will not be recorded.
[WARN] [1763997375.868734549] [rosbag2_recorder]: A new publisher for subscribed topic /tf was found offering RMW_QOS_POLICY_DURABILITY_VOLATILE, but rosbag2 already subscribed requesting RMW_QOS_POLICY_DURABILITY_TRANSIENT_LOCAL. Messages from this new publisher will not be recorded.
[INFO] [1763997375.869846149] [rosbag2_recorder]: Subscribed to topic '/plan_barn'
[INFO] [1763997375.870863270] [rosbag2_recorder]: Subscribed to topic '/plan_barn_odom'
[INFO] [1763997375.872015784] [rosbag2_recorder]: Subscribed to topic '/scan'
[INFO] [1763997375.872034199] [rosbag2_recorder]: All requested topics are subscribed. Stopping discovery...
[WARN] [1763997376.838864844] [rosbag2_recorder]: New publisher discovered on topic '/tf', offering incompatible QoS. No messages will be sent to it. Last incompatible policy: DURABILITY_QOS_POLICY
[INFO] [1763997410.719947497] [rosbag2_cpp]: Writing remaining messages from cache to the bag. It may take a while
[INFO] [1763997410.720571572] [rosbag2_recorder]: Event publisher thread: Exiting
[INFO] [1763997410.720635983] [rosbag2_recorder]: Recording stopped
