stdin is not a terminal device. Keyboard handling disabled.[INFO] [1764038185.862510197] [rosbag2_recorder]: Press SPACE for pausing/resuming
[INFO] [1764038185.863255120] [rosbag2_storage]: Opened database '/home/mobrob/ros_ws/dwa_baseline/world178_1124_183625/world178_1124_183625_0.db3' for READ_WRITE.
[INFO] [1764038185.863624694] [rosbag2_recorder]: Listening for topics...
[INFO] [1764038185.863637403] [rosbag2_recorder]: Event publisher thread: Starting
[INFO] [1764038185.863694830] [rosbag2_recorder]: Recording...
[INFO] [1764038185.966827820] [rosbag2_recorder]: Subscribed to topic '/odom'
[INFO] [1764038185.967697573] [rosbag2_recorder]: Subscribed to topic '/plan_barn'
[INFO] [1764038185.968536386] [rosbag2_recorder]: Subscribed to topic '/plan_barn_odom'
[INFO] [1764038185.969999187] [rosbag2_recorder]: Subscribed to topic '/tf'
[INFO] [1764038185.970810296] [rosbag2_recorder]: Subscribed to topic '/tf_static'
[WARN] [1764038186.863504285] [rosbag2_recorder]: New publisher discovered on topic '/tf', offering incompatible QoS. No messages will be sent to it. Last incompatible policy: DURABILITY_QOS_POLICY
[WARN] [1764038186.863783361] [rosbag2_recorder]: New publisher discovered on topic '/tf', offering incompatible QoS. No messages will be sent to it. Last incompatible policy: DURABILITY_QOS_POLICY
[WARN] [1764038186.870172014] [rosbag2_recorder]: New publisher discovered on topic '/tf', offering incompatible QoS. No messages will be sent to it. Last incompatible policy: DURABILITY_QOS_POLICY
[WARN] [1764038186.888677324] [rosbag2_recorder]: A new publisher for subscribed topic /tf was found offering RMW_QOS_POLICY_DURABILITY_VOLATILE, but rosbag2 already subscribed requesting RMW_QOS_POLICY_DURABILITY_TRANSIENT_LOCAL. Messages from this new publisher will not be recorded.
[WARN] [1764038186.888715977] [rosbag2_recorder]: A new publisher for subscribed topic /tf was found offering RMW_QOS_POLICY_DURABILITY_VOLATILE, but rosbag2 already subscribed requesting RMW_QOS_POLICY_DURABILITY_TRANSIENT_LOCAL. Messages from this new publisher will not be recorded.
[WARN] [1764038186.888719533] [rosbag2_recorder]: A new publisher for subscribed topic /tf was found offering RMW_QOS_POLICY_DURABILITY_VOLATILE, but rosbag2 already subscribed requesting RMW_QOS_POLICY_DURABILITY_TRANSIENT_LOCAL. Messages from this new publisher will not be recorded.
[INFO] [1764038186.889998803] [rosbag2_recorder]: Subscribed to topic '/cmd_vel'
[INFO] [1764038186.891521087] [rosbag2_recorder]: Subscribed to topic '/scan'
[INFO] [1764038186.891545989] [rosbag2_recorder]: All requested topics are subscribed. Stopping discovery...
[INFO] [1764038356.750647361] [rosbag2_cpp]: Writing remaining messages from cache to the bag. It may take a while
[INFO] [1764038356.751232337] [rosbag2_recorder]: Event publisher thread: Exiting
[INFO] [1764038356.751286715] [rosbag2_recorder]: Recording stopped
