stdin is not a terminal device. Keyboard handling disabled.[INFO] [1763935947.571769271] [rosbag2_recorder]: Press SPACE for pausing/resuming
[INFO] [1763935947.573049248] [rosbag2_storage]: Opened database '/home/mobrob/ros_ws/dwa_baseline/world1_1123_141227/world1_1123_141227_0.db3' for READ_WRITE.
[INFO] [1763935947.574809088] [rosbag2_recorder]: Listening for topics...
[INFO] [1763935947.574910938] [rosbag2_recorder]: Recording...
[INFO] [1763935947.575002152] [rosbag2_recorder]: Event publisher thread: Starting
[INFO] [1763935947.677645433] [rosbag2_recorder]: Subscribed to topic '/odom'
[INFO] [1763935947.679058663] [rosbag2_recorder]: Subscribed to topic '/scan'
[INFO] [1763935947.680473209] [rosbag2_recorder]: Subscribed to topic '/tf'
[INFO] [1763935947.681281867] [rosbag2_recorder]: Subscribed to topic '/tf_static'
[WARN] [1763935948.574498523] [rosbag2_recorder]: New publisher discovered on topic '/tf', offering incompatible QoS. No messages will be sent to it. Last incompatible policy: DURABILITY_QOS_POLICY
[WARN] [1763935948.587200166] [rosbag2_recorder]: New publisher discovered on topic '/tf', offering incompatible QoS. No messages will be sent to it. Last incompatible policy: DURABILITY_QOS_POLICY
[WARN] [1763935948.590962409] [rosbag2_recorder]: New publisher discovered on topic '/tf', offering incompatible QoS. No messages will be sent to it. Last incompatible policy: DURABILITY_QOS_POLICY
[WARN] [1763935948.594416332] [rosbag2_recorder]: A new publisher for subscribed topic /tf was found offering RMW_QOS_POLICY_DURABILITY_VOLATILE, but rosbag2 already subscribed requesting RMW_QOS_POLICY_DURABILITY_TRANSIENT_LOCAL. Messages from this new publisher will not be recorded.
[WARN] [1763935948.594473621] [rosbag2_recorder]: A new publisher for subscribed topic /tf was found offering RMW_QOS_POLICY_DURABILITY_VOLATILE, but rosbag2 already subscribed requesting RMW_QOS_POLICY_DURABILITY_TRANSIENT_LOCAL. Messages from this new publisher will not be recorded.
[WARN] [1763935948.594479182] [rosbag2_recorder]: A new publisher for subscribed topic /tf was found offering RMW_QOS_POLICY_DURABILITY_VOLATILE, but rosbag2 already subscribed requesting RMW_QOS_POLICY_DURABILITY_TRANSIENT_LOCAL. Messages from this new publisher will not be recorded.
[INFO] [1763935948.595952355] [rosbag2_recorder]: Subscribed to topic '/cmd_vel'
[INFO] [1763935948.596885177] [rosbag2_recorder]: Subscribed to topic '/plan_barn'
[INFO] [1763935948.597992623] [rosbag2_recorder]: Subscribed to topic '/plan_barn_odom'
[INFO] [1763935948.598013426] [rosbag2_recorder]: All requested topics are subscribed. Stopping discovery...
[INFO] [1763936005.431350472] [rosbag2_cpp]: Writing remaining messages from cache to the bag. It may take a while
[INFO] [1763936005.431945143] [rosbag2_recorder]: Event publisher thread: Exiting
[INFO] [1763936005.431977401] [rosbag2_recorder]: Recording stopped
