stdin is not a terminal device. Keyboard handling disabled.[INFO] [1764062627.564975226] [rosbag2_recorder]: Press SPACE for pausing/resuming
[INFO] [1764062627.566394910] [rosbag2_storage]: Opened database '/home/mobrob/ros_ws/dwa_baseline/world226_1125_012347/world226_1125_012347_0.db3' for READ_WRITE.
[INFO] [1764062627.568114411] [rosbag2_recorder]: Listening for topics...
[INFO] [1764062627.568126357] [rosbag2_recorder]: Event publisher thread: Starting
[INFO] [1764062627.568263584] [rosbag2_recorder]: Recording...
[INFO] [1764062627.671735870] [rosbag2_recorder]: Subscribed to topic '/odom'
[INFO] [1764062627.672747910] [rosbag2_recorder]: Subscribed to topic '/tf'
[INFO] [1764062627.673272010] [rosbag2_recorder]: Subscribed to topic '/tf_static'
[WARN] [1764062628.559710754] [rosbag2_recorder]: New publisher discovered on topic '/tf', offering incompatible QoS. No messages will be sent to it. Last incompatible policy: DURABILITY_QOS_POLICY
[WARN] [1764062628.560411269] [rosbag2_recorder]: New publisher discovered on topic '/tf', offering incompatible QoS. No messages will be sent to it. Last incompatible policy: DURABILITY_QOS_POLICY
[WARN] [1764062628.563326724] [rosbag2_recorder]: New publisher discovered on topic '/tf', offering incompatible QoS. No messages will be sent to it. Last incompatible policy: DURABILITY_QOS_POLICY
[WARN] [1764062628.586764630] [rosbag2_recorder]: A new publisher for subscribed topic /tf was found offering RMW_QOS_POLICY_DURABILITY_VOLATILE, but rosbag2 already subscribed requesting RMW_QOS_POLICY_DURABILITY_TRANSIENT_LOCAL. Messages from this new publisher will not be recorded.
[WARN] [1764062628.586805177] [rosbag2_recorder]: A new publisher for subscribed topic /tf was found offering RMW_QOS_POLICY_DURABILITY_VOLATILE, but rosbag2 already subscribed requesting RMW_QOS_POLICY_DURABILITY_TRANSIENT_LOCAL. Messages from this new publisher will not be recorded.
[WARN] [1764062628.586811455] [rosbag2_recorder]: A new publisher for subscribed topic /tf was found offering RMW_QOS_POLICY_DURABILITY_VOLATILE, but rosbag2 already subscribed requesting RMW_QOS_POLICY_DURABILITY_TRANSIENT_LOCAL. Messages from this new publisher will not be recorded.
[INFO] [1764062628.587786681] [rosbag2_recorder]: Subscribed to topic '/cmd_vel'
[INFO] [1764062628.589030967] [rosbag2_recorder]: Subscribed to topic '/plan_barn'
[INFO] [1764062628.589906841] [rosbag2_recorder]: Subscribed to topic '/plan_barn_odom'
[INFO] [1764062628.590860188] [rosbag2_recorder]: Subscribed to topic '/scan'
[INFO] [1764062628.590884553] [rosbag2_recorder]: All requested topics are subscribed. Stopping discovery...
[INFO] [1764062634.438740264] [rosbag2_cpp]: Writing remaining messages from cache to the bag. It may take a while
[INFO] [1764062634.439417096] [rosbag2_recorder]: Event publisher thread: Exiting
[INFO] [1764062634.439467152] [rosbag2_recorder]: Recording stopped
