stdin is not a terminal device. Keyboard handling disabled.[INFO] [1763514623.935695756] [rosbag2_recorder]: Press SPACE for pausing/resuming
[INFO] [1763514623.936443491] [rosbag2_storage]: Opened database '/home/mobrob/ros_ws/dwa_baseline/world210_1118_171023/world210_1118_171023_0.db3' for READ_WRITE.
[INFO] [1763514623.937517573] [rosbag2_recorder]: Listening for topics...
[INFO] [1763514623.937613321] [rosbag2_recorder]: Recording...
[INFO] [1763514623.937532833] [rosbag2_recorder]: Event publisher thread: Starting
[INFO] [1763514624.040908325] [rosbag2_recorder]: Subscribed to topic '/cmd_vel'
[INFO] [1763514624.041828462] [rosbag2_recorder]: Subscribed to topic '/odom'
[INFO] [1763514624.042718408] [rosbag2_recorder]: Subscribed to topic '/tf'
[WARN] [1763514624.939469109] [rosbag2_recorder]: New publisher discovered on topic '/tf', offering incompatible QoS. No messages will be sent to it. Last incompatible policy: DURABILITY_QOS_POLICY
[WARN] [1763514624.953122146] [rosbag2_recorder]: A new publisher for subscribed topic /tf was found offering RMW_QOS_POLICY_DURABILITY_VOLATILE, but rosbag2 already subscribed requesting RMW_QOS_POLICY_DURABILITY_TRANSIENT_LOCAL. Messages from this new publisher will not be recorded.
[WARN] [1763514624.953170774] [rosbag2_recorder]: A new publisher for subscribed topic /tf was found offering RMW_QOS_POLICY_DURABILITY_VOLATILE, but rosbag2 already subscribed requesting RMW_QOS_POLICY_DURABILITY_TRANSIENT_LOCAL. Messages from this new publisher will not be recorded.
[INFO] [1763514624.956173959] [rosbag2_recorder]: Subscribed to topic '/plan_barn'
[WARN] [1763514624.957408656] [rosbag2_recorder]: New publisher discovered on topic '/tf', offering incompatible QoS. No messages will be sent to it. Last incompatible policy: DURABILITY_QOS_POLICY
[INFO] [1763514624.958588492] [rosbag2_recorder]: Subscribed to topic '/plan_barn_odom'
[INFO] [1763514624.961410726] [rosbag2_recorder]: Subscribed to topic '/tf_static'
[INFO] [1763514625.990801792] [rosbag2_recorder]: Subscribed to topic '/scan'
[INFO] [1763514625.990826983] [rosbag2_recorder]: All requested topics are subscribed. Stopping discovery...
[INFO] [1763514975.800464106] [rosbag2_cpp]: Writing remaining messages from cache to the bag. It may take a while
[INFO] [1763514975.801072806] [rosbag2_recorder]: Event publisher thread: Exiting
[INFO] [1763514975.801107864] [rosbag2_recorder]: Recording stopped
