stdin is not a terminal device. Keyboard handling disabled.[INFO] [1762907150.311906408] [rosbag2_recorder]: Press SPACE for pausing/resuming
[INFO] [1762907150.312842266] [rosbag2_storage]: Opened database '/home/mobrob/ros_ws/large_results/world63_1111_162550/world63_1111_162550_0.db3' for READ_WRITE.
[INFO] [1762907150.313981164] [rosbag2_recorder]: Listening for topics...
[INFO] [1762907150.313994673] [rosbag2_recorder]: Event publisher thread: Starting
[INFO] [1762907150.314104709] [rosbag2_recorder]: Recording...
[INFO] [1762907150.418790302] [rosbag2_recorder]: Subscribed to topic '/cmd_vel'
[INFO] [1762907150.420188972] [rosbag2_recorder]: Subscribed to topic '/odom'
[INFO] [1762907150.421513161] [rosbag2_recorder]: Subscribed to topic '/tf'
[INFO] [1762907150.422217636] [rosbag2_recorder]: Subscribed to topic '/tf_static'
[WARN] [1762907151.325932363] [rosbag2_recorder]: New publisher discovered on topic '/tf', offering incompatible QoS. No messages will be sent to it. Last incompatible policy: DURABILITY_QOS_POLICY
[WARN] [1762907151.343933596] [rosbag2_recorder]: A new publisher for subscribed topic /tf was found offering RMW_QOS_POLICY_DURABILITY_VOLATILE, but rosbag2 already subscribed requesting RMW_QOS_POLICY_DURABILITY_TRANSIENT_LOCAL. Messages from this new publisher will not be recorded.
[WARN] [1762907151.349430552] [rosbag2_recorder]: New publisher discovered on topic '/tf', offering incompatible QoS. No messages will be sent to it. Last incompatible policy: DURABILITY_QOS_POLICY
[WARN] [1762907152.313693896] [rosbag2_recorder]: New publisher discovered on topic '/tf', offering incompatible QoS. No messages will be sent to it. Last incompatible policy: DURABILITY_QOS_POLICY
[INFO] [1762907152.379575685] [rosbag2_recorder]: Subscribed to topic '/plan_barn'
[INFO] [1762907152.380410945] [rosbag2_recorder]: Subscribed to topic '/plan_barn_odom'
[INFO] [1762907152.381845749] [rosbag2_recorder]: Subscribed to topic '/scan'
[INFO] [1762907152.381866401] [rosbag2_recorder]: All requested topics are subscribed. Stopping discovery...
[INFO] [1762907215.192822054] [rosbag2_cpp]: Writing remaining messages from cache to the bag. It may take a while
[INFO] [1762907215.193702936] [rosbag2_recorder]: Event publisher thread: Exiting
[INFO] [1762907215.193767083] [rosbag2_recorder]: Recording stopped
