stdin is not a terminal device. Keyboard handling disabled.[INFO] [1763006229.338305396] [rosbag2_recorder]: Press SPACE for pausing/resuming
[INFO] [1763006229.339011785] [rosbag2_storage]: Opened database '/home/mobrob/ros_ws/large_results/world153_1112_195709/world153_1112_195709_0.db3' for READ_WRITE.
[INFO] [1763006229.339448314] [rosbag2_recorder]: Listening for topics...
[INFO] [1763006229.339462501] [rosbag2_recorder]: Event publisher thread: Starting
[INFO] [1763006229.339522202] [rosbag2_recorder]: Recording...
[INFO] [1763006229.441488269] [rosbag2_recorder]: Subscribed to topic '/cmd_vel'
[INFO] [1763006229.442834481] [rosbag2_recorder]: Subscribed to topic '/odom'
[INFO] [1763006229.443647017] [rosbag2_recorder]: Subscribed to topic '/scan'
[INFO] [1763006229.444993151] [rosbag2_recorder]: Subscribed to topic '/tf'
[WARN] [1763006230.340898866] [rosbag2_recorder]: New publisher discovered on topic '/tf', offering incompatible QoS. No messages will be sent to it. Last incompatible policy: DURABILITY_QOS_POLICY
[WARN] [1763006230.343580438] [rosbag2_recorder]: New publisher discovered on topic '/tf', offering incompatible QoS. No messages will be sent to it. Last incompatible policy: DURABILITY_QOS_POLICY
[WARN] [1763006230.348433400] [rosbag2_recorder]: New publisher discovered on topic '/tf', offering incompatible QoS. No messages will be sent to it. Last incompatible policy: DURABILITY_QOS_POLICY
[WARN] [1763006230.359434333] [rosbag2_recorder]: A new publisher for subscribed topic /tf was found offering RMW_QOS_POLICY_DURABILITY_VOLATILE, but rosbag2 already subscribed requesting RMW_QOS_POLICY_DURABILITY_TRANSIENT_LOCAL. Messages from this new publisher will not be recorded.
[WARN] [1763006230.359470800] [rosbag2_recorder]: A new publisher for subscribed topic /tf was found offering RMW_QOS_POLICY_DURABILITY_VOLATILE, but rosbag2 already subscribed requesting RMW_QOS_POLICY_DURABILITY_TRANSIENT_LOCAL. Messages from this new publisher will not be recorded.
[WARN] [1763006230.359474547] [rosbag2_recorder]: A new publisher for subscribed topic /tf was found offering RMW_QOS_POLICY_DURABILITY_VOLATILE, but rosbag2 already subscribed requesting RMW_QOS_POLICY_DURABILITY_TRANSIENT_LOCAL. Messages from this new publisher will not be recorded.
[INFO] [1763006230.360493215] [rosbag2_recorder]: Subscribed to topic '/plan_barn'
[INFO] [1763006230.361690160] [rosbag2_recorder]: Subscribed to topic '/plan_barn_odom'
[INFO] [1763006230.362827856] [rosbag2_recorder]: Subscribed to topic '/tf_static'
[INFO] [1763006230.362856948] [rosbag2_recorder]: All requested topics are subscribed. Stopping discovery...
[INFO] [1763006372.213269672] [rosbag2_cpp]: Writing remaining messages from cache to the bag. It may take a while
[INFO] [1763006372.213896944] [rosbag2_recorder]: Event publisher thread: Exiting
[INFO] [1763006372.213941965] [rosbag2_recorder]: Recording stopped
