stdin is not a terminal device. Keyboard handling disabled.[INFO] [1762918037.761989344] [rosbag2_recorder]: Press SPACE for pausing/resuming
[INFO] [1762918037.762978222] [rosbag2_storage]: Opened database '/home/mobrob/ros_ws/large_results/world73_1111_192717/world73_1111_192717_0.db3' for READ_WRITE.
[INFO] [1762918037.764003983] [rosbag2_recorder]: Listening for topics...
[INFO] [1762918037.764014590] [rosbag2_recorder]: Event publisher thread: Starting
[INFO] [1762918037.764106412] [rosbag2_recorder]: Recording...
[INFO] [1762918037.867220328] [rosbag2_recorder]: Subscribed to topic '/odom'
[INFO] [1762918037.868659839] [rosbag2_recorder]: Subscribed to topic '/tf'
[INFO] [1762918037.869429425] [rosbag2_recorder]: Subscribed to topic '/tf_static'
[INFO] [1762918038.072962585] [rosbag2_recorder]: Subscribed to topic '/scan'
[WARN] [1762918038.761698902] [rosbag2_recorder]: New publisher discovered on topic '/tf', offering incompatible QoS. No messages will be sent to it. Last incompatible policy: DURABILITY_QOS_POLICY
[WARN] [1762918038.772894047] [rosbag2_recorder]: New publisher discovered on topic '/tf', offering incompatible QoS. No messages will be sent to it. Last incompatible policy: DURABILITY_QOS_POLICY
[WARN] [1762918038.782802274] [rosbag2_recorder]: A new publisher for subscribed topic /tf was found offering RMW_QOS_POLICY_DURABILITY_VOLATILE, but rosbag2 already subscribed requesting RMW_QOS_POLICY_DURABILITY_TRANSIENT_LOCAL. Messages from this new publisher will not be recorded.
[WARN] [1762918038.782835336] [rosbag2_recorder]: A new publisher for subscribed topic /tf was found offering RMW_QOS_POLICY_DURABILITY_VOLATILE, but rosbag2 already subscribed requesting RMW_QOS_POLICY_DURABILITY_TRANSIENT_LOCAL. Messages from this new publisher will not be recorded.
[INFO] [1762918038.783797155] [rosbag2_recorder]: Subscribed to topic '/cmd_vel'
[INFO] [1762918038.784970687] [rosbag2_recorder]: Subscribed to topic '/plan_barn'
[INFO] [1762918038.785886614] [rosbag2_recorder]: Subscribed to topic '/plan_barn_odom'
[INFO] [1762918038.785907331] [rosbag2_recorder]: All requested topics are subscribed. Stopping discovery...
[WARN] [1762918039.758698325] [rosbag2_recorder]: New publisher discovered on topic '/tf', offering incompatible QoS. No messages will be sent to it. Last incompatible policy: DURABILITY_QOS_POLICY
[INFO] [1762918053.684146456] [rosbag2_cpp]: Writing remaining messages from cache to the bag. It may take a while
[INFO] [1762918053.684644337] [rosbag2_recorder]: Event publisher thread: Exiting
[INFO] [1762918053.684690913] [rosbag2_recorder]: Recording stopped
