stdin is not a terminal device. Keyboard handling disabled.[INFO] [1763059362.445304604] [rosbag2_recorder]: Press SPACE for pausing/resuming
[INFO] [1763059362.446026095] [rosbag2_storage]: Opened database '/home/mobrob/ros_ws/large_results/world197_1113_104242/world197_1113_104242_0.db3' for READ_WRITE.
[INFO] [1763059362.446396629] [rosbag2_recorder]: Listening for topics...
[INFO] [1763059362.446408702] [rosbag2_recorder]: Event publisher thread: Starting
[INFO] [1763059362.446468421] [rosbag2_recorder]: Recording...
[INFO] [1763059362.549127157] [rosbag2_recorder]: Subscribed to topic '/cmd_vel'
[INFO] [1763059362.550276018] [rosbag2_recorder]: Subscribed to topic '/odom'
[INFO] [1763059362.551290666] [rosbag2_recorder]: Subscribed to topic '/tf'
[WARN] [1763059363.453393573] [rosbag2_recorder]: New publisher discovered on topic '/tf', offering incompatible QoS. No messages will be sent to it. Last incompatible policy: DURABILITY_QOS_POLICY
[WARN] [1763059363.454991733] [rosbag2_recorder]: New publisher discovered on topic '/tf', offering incompatible QoS. No messages will be sent to it. Last incompatible policy: DURABILITY_QOS_POLICY
[WARN] [1763059363.468208711] [rosbag2_recorder]: A new publisher for subscribed topic /tf was found offering RMW_QOS_POLICY_DURABILITY_VOLATILE, but rosbag2 already subscribed requesting RMW_QOS_POLICY_DURABILITY_TRANSIENT_LOCAL. Messages from this new publisher will not be recorded.
[WARN] [1763059363.468248581] [rosbag2_recorder]: A new publisher for subscribed topic /tf was found offering RMW_QOS_POLICY_DURABILITY_VOLATILE, but rosbag2 already subscribed requesting RMW_QOS_POLICY_DURABILITY_TRANSIENT_LOCAL. Messages from this new publisher will not be recorded.
[INFO] [1763059363.469649707] [rosbag2_recorder]: Subscribed to topic '/plan_barn'
[INFO] [1763059363.470372048] [rosbag2_recorder]: Subscribed to topic '/plan_barn_odom'
[INFO] [1763059363.471275831] [rosbag2_recorder]: Subscribed to topic '/scan'
[INFO] [1763059363.471852764] [rosbag2_recorder]: Subscribed to topic '/tf_static'
[INFO] [1763059363.471863126] [rosbag2_recorder]: All requested topics are subscribed. Stopping discovery...
[WARN] [1763059364.444206071] [rosbag2_recorder]: New publisher discovered on topic '/tf', offering incompatible QoS. No messages will be sent to it. Last incompatible policy: DURABILITY_QOS_POLICY
[INFO] [1763059419.323807918] [rosbag2_cpp]: Writing remaining messages from cache to the bag. It may take a while
[INFO] [1763059419.324460093] [rosbag2_recorder]: Event publisher thread: Exiting
[INFO] [1763059419.324501275] [rosbag2_recorder]: Recording stopped
