stdin is not a terminal device. Keyboard handling disabled.[INFO] [1763159296.115743448] [rosbag2_recorder]: Press SPACE for pausing/resuming
[INFO] [1763159296.116688325] [rosbag2_storage]: Opened database '/home/mobrob/ros_ws/large_results/world272_1114_142815/world272_1114_142815_0.db3' for READ_WRITE.
[INFO] [1763159296.117432567] [rosbag2_recorder]: Listening for topics...
[INFO] [1763159296.117449627] [rosbag2_recorder]: Event publisher thread: Starting
[INFO] [1763159296.117512683] [rosbag2_recorder]: Recording...
[INFO] [1763159296.221056446] [rosbag2_recorder]: Subscribed to topic '/cmd_vel'
[INFO] [1763159296.222318560] [rosbag2_recorder]: Subscribed to topic '/odom'
[INFO] [1763159296.223710890] [rosbag2_recorder]: Subscribed to topic '/tf'
[INFO] [1763159296.224310453] [rosbag2_recorder]: Subscribed to topic '/tf_static'
[WARN] [1763159297.116987529] [rosbag2_recorder]: New publisher discovered on topic '/tf', offering incompatible QoS. No messages will be sent to it. Last incompatible policy: DURABILITY_QOS_POLICY
[WARN] [1763159297.128438772] [rosbag2_recorder]: New publisher discovered on topic '/tf', offering incompatible QoS. No messages will be sent to it. Last incompatible policy: DURABILITY_QOS_POLICY
[WARN] [1763159297.138203705] [rosbag2_recorder]: A new publisher for subscribed topic /tf was found offering RMW_QOS_POLICY_DURABILITY_VOLATILE, but rosbag2 already subscribed requesting RMW_QOS_POLICY_DURABILITY_TRANSIENT_LOCAL. Messages from this new publisher will not be recorded.
[WARN] [1763159297.138235806] [rosbag2_recorder]: A new publisher for subscribed topic /tf was found offering RMW_QOS_POLICY_DURABILITY_VOLATILE, but rosbag2 already subscribed requesting RMW_QOS_POLICY_DURABILITY_TRANSIENT_LOCAL. Messages from this new publisher will not be recorded.
[WARN] [1763159297.138239593] [rosbag2_recorder]: A new publisher for subscribed topic /tf was found offering RMW_QOS_POLICY_DURABILITY_VOLATILE, but rosbag2 already subscribed requesting RMW_QOS_POLICY_DURABILITY_TRANSIENT_LOCAL. Messages from this new publisher will not be recorded.
[INFO] [1763159297.139399183] [rosbag2_recorder]: Subscribed to topic '/plan_barn'
[INFO] [1763159297.140666760] [rosbag2_recorder]: Subscribed to topic '/plan_barn_odom'
[INFO] [1763159297.141968470] [rosbag2_recorder]: Subscribed to topic '/scan'
[INFO] [1763159297.142003188] [rosbag2_recorder]: All requested topics are subscribed. Stopping discovery...
[INFO] [1763159380.997393590] [rosbag2_cpp]: Writing remaining messages from cache to the bag. It may take a while
[INFO] [1763159380.997992808] [rosbag2_recorder]: Event publisher thread: Exiting
[INFO] [1763159380.998029200] [rosbag2_recorder]: Recording stopped
