stdin is not a terminal device. Keyboard handling disabled.[INFO] [1762888175.977759678] [rosbag2_recorder]: Press SPACE for pausing/resuming
[INFO] [1762888175.979167263] [rosbag2_storage]: Opened database '/home/mobrob/ros_ws/large_results/world45_1111_110935/world45_1111_110935_0.db3' for READ_WRITE.
[INFO] [1762888175.980148525] [rosbag2_recorder]: Listening for topics...
[INFO] [1762888175.980158538] [rosbag2_recorder]: Event publisher thread: Starting
[INFO] [1762888175.980261666] [rosbag2_recorder]: Recording...
[INFO] [1762888176.083918674] [rosbag2_recorder]: Subscribed to topic '/odom'
[INFO] [1762888176.085264932] [rosbag2_recorder]: Subscribed to topic '/tf'
[WARN] [1762888176.993108289] [rosbag2_recorder]: New publisher discovered on topic '/tf', offering incompatible QoS. No messages will be sent to it. Last incompatible policy: DURABILITY_QOS_POLICY
[WARN] [1762888176.994113299] [rosbag2_recorder]: New publisher discovered on topic '/tf', offering incompatible QoS. No messages will be sent to it. Last incompatible policy: DURABILITY_QOS_POLICY
[WARN] [1762888176.997808024] [rosbag2_recorder]: A new publisher for subscribed topic /tf was found offering RMW_QOS_POLICY_DURABILITY_VOLATILE, but rosbag2 already subscribed requesting RMW_QOS_POLICY_DURABILITY_TRANSIENT_LOCAL. Messages from this new publisher will not be recorded.
[WARN] [1762888176.997843247] [rosbag2_recorder]: A new publisher for subscribed topic /tf was found offering RMW_QOS_POLICY_DURABILITY_VOLATILE, but rosbag2 already subscribed requesting RMW_QOS_POLICY_DURABILITY_TRANSIENT_LOCAL. Messages from this new publisher will not be recorded.
[INFO] [1762888176.999705829] [rosbag2_recorder]: Subscribed to topic '/cmd_vel'
[INFO] [1762888177.001125817] [rosbag2_recorder]: Subscribed to topic '/plan_barn_odom'
[INFO] [1762888177.002761317] [rosbag2_recorder]: Subscribed to topic '/scan'
[INFO] [1762888177.004889257] [rosbag2_recorder]: Subscribed to topic '/tf_static'
[WARN] [1762888177.005840637] [rosbag2_recorder]: New publisher discovered on topic '/tf', offering incompatible QoS. No messages will be sent to it. Last incompatible policy: DURABILITY_QOS_POLICY
[INFO] [1762888177.109269758] [rosbag2_recorder]: Subscribed to topic '/plan_barn'
[INFO] [1762888177.109317819] [rosbag2_recorder]: All requested topics are subscribed. Stopping discovery...
[INFO] [1762888245.834690097] [rosbag2_cpp]: Writing remaining messages from cache to the bag. It may take a while
[INFO] [1762888245.835447548] [rosbag2_recorder]: Event publisher thread: Exiting
[INFO] [1762888245.835499692] [rosbag2_recorder]: Recording stopped
