stdin is not a terminal device. Keyboard handling disabled.[INFO] [1763010316.799571621] [rosbag2_recorder]: Press SPACE for pausing/resuming
[INFO] [1763010316.800847761] [rosbag2_storage]: Opened database '/home/mobrob/ros_ws/large_results/world156_1112_210516/world156_1112_210516_0.db3' for READ_WRITE.
[INFO] [1763010316.803611886] [rosbag2_recorder]: Listening for topics...
[INFO] [1763010316.803754107] [rosbag2_recorder]: Recording...
[INFO] [1763010316.804466761] [rosbag2_recorder]: Event publisher thread: Starting
[INFO] [1763010316.907145220] [rosbag2_recorder]: Subscribed to topic '/cmd_vel'
[INFO] [1763010316.908654580] [rosbag2_recorder]: Subscribed to topic '/odom'
[INFO] [1763010316.909850141] [rosbag2_recorder]: Subscribed to topic '/scan'
[INFO] [1763010316.911226229] [rosbag2_recorder]: Subscribed to topic '/tf'
[INFO] [1763010316.912050106] [rosbag2_recorder]: Subscribed to topic '/tf_static'
[WARN] [1763010317.818027899] [rosbag2_recorder]: New publisher discovered on topic '/tf', offering incompatible QoS. No messages will be sent to it. Last incompatible policy: DURABILITY_QOS_POLICY
[WARN] [1763010317.819880124] [rosbag2_recorder]: New publisher discovered on topic '/tf', offering incompatible QoS. No messages will be sent to it. Last incompatible policy: DURABILITY_QOS_POLICY
[WARN] [1763010317.821589698] [rosbag2_recorder]: New publisher discovered on topic '/tf', offering incompatible QoS. No messages will be sent to it. Last incompatible policy: DURABILITY_QOS_POLICY
[WARN] [1763010317.827183945] [rosbag2_recorder]: A new publisher for subscribed topic /tf was found offering RMW_QOS_POLICY_DURABILITY_VOLATILE, but rosbag2 already subscribed requesting RMW_QOS_POLICY_DURABILITY_TRANSIENT_LOCAL. Messages from this new publisher will not be recorded.
[WARN] [1763010317.827220075] [rosbag2_recorder]: A new publisher for subscribed topic /tf was found offering RMW_QOS_POLICY_DURABILITY_VOLATILE, but rosbag2 already subscribed requesting RMW_QOS_POLICY_DURABILITY_TRANSIENT_LOCAL. Messages from this new publisher will not be recorded.
[WARN] [1763010317.827224230] [rosbag2_recorder]: A new publisher for subscribed topic /tf was found offering RMW_QOS_POLICY_DURABILITY_VOLATILE, but rosbag2 already subscribed requesting RMW_QOS_POLICY_DURABILITY_TRANSIENT_LOCAL. Messages from this new publisher will not be recorded.
[INFO] [1763010317.828758283] [rosbag2_recorder]: Subscribed to topic '/plan_barn'
[INFO] [1763010317.829784736] [rosbag2_recorder]: Subscribed to topic '/plan_barn_odom'
[INFO] [1763010317.829810804] [rosbag2_recorder]: All requested topics are subscribed. Stopping discovery...
[INFO] [1763010365.657128803] [rosbag2_cpp]: Writing remaining messages from cache to the bag. It may take a while
[INFO] [1763010365.658001919] [rosbag2_recorder]: Event publisher thread: Exiting
[INFO] [1763010365.658045934] [rosbag2_recorder]: Recording stopped
