stdin is not a terminal device. Keyboard handling disabled.[INFO] [1763059270.129515682] [rosbag2_recorder]: Press SPACE for pausing/resuming
[INFO] [1763059270.130228407] [rosbag2_storage]: Opened database '/home/mobrob/ros_ws/large_results/world197_1113_104110/world197_1113_104110_0.db3' for READ_WRITE.
[INFO] [1763059270.130569944] [rosbag2_recorder]: Listening for topics...
[INFO] [1763059270.130584065] [rosbag2_recorder]: Event publisher thread: Starting
[INFO] [1763059270.130630946] [rosbag2_recorder]: Recording...
[INFO] [1763059270.232697404] [rosbag2_recorder]: Subscribed to topic '/odom'
[INFO] [1763059270.233669631] [rosbag2_recorder]: Subscribed to topic '/plan_barn'
[INFO] [1763059270.234529577] [rosbag2_recorder]: Subscribed to topic '/plan_barn_odom'
[INFO] [1763059270.235767926] [rosbag2_recorder]: Subscribed to topic '/scan'
[INFO] [1763059270.237168797] [rosbag2_recorder]: Subscribed to topic '/tf'
[WARN] [1763059271.145012984] [rosbag2_recorder]: New publisher discovered on topic '/tf', offering incompatible QoS. No messages will be sent to it. Last incompatible policy: DURABILITY_QOS_POLICY
[WARN] [1763059271.148886250] [rosbag2_recorder]: A new publisher for subscribed topic /tf was found offering RMW_QOS_POLICY_DURABILITY_VOLATILE, but rosbag2 already subscribed requesting RMW_QOS_POLICY_DURABILITY_TRANSIENT_LOCAL. Messages from this new publisher will not be recorded.
[WARN] [1763059271.149511022] [rosbag2_recorder]: New publisher discovered on topic '/tf', offering incompatible QoS. No messages will be sent to it. Last incompatible policy: DURABILITY_QOS_POLICY
[INFO] [1763059271.150819130] [rosbag2_recorder]: Subscribed to topic '/tf_static'
[WARN] [1763059271.152383590] [rosbag2_recorder]: New publisher discovered on topic '/tf', offering incompatible QoS. No messages will be sent to it. Last incompatible policy: DURABILITY_QOS_POLICY
[INFO] [1763059272.181043583] [rosbag2_recorder]: Subscribed to topic '/cmd_vel'
[INFO] [1763059272.181085487] [rosbag2_recorder]: All requested topics are subscribed. Stopping discovery...
[INFO] [1763059286.049631506] [rosbag2_cpp]: Writing remaining messages from cache to the bag. It may take a while
[INFO] [1763059286.050194705] [rosbag2_recorder]: Event publisher thread: Exiting
[INFO] [1763059286.050238301] [rosbag2_recorder]: Recording stopped
