stdin is not a terminal device. Keyboard handling disabled.[INFO] [1762931347.534827600] [rosbag2_recorder]: Press SPACE for pausing/resuming
[INFO] [1762931347.535998678] [rosbag2_storage]: Opened database '/home/mobrob/ros_ws/large_results/world86_1111_230907/world86_1111_230907_0.db3' for READ_WRITE.
[INFO] [1762931347.537505964] [rosbag2_recorder]: Listening for topics...
[INFO] [1762931347.537517929] [rosbag2_recorder]: Event publisher thread: Starting
[INFO] [1762931347.537616853] [rosbag2_recorder]: Recording...
[INFO] [1762931347.640960631] [rosbag2_recorder]: Subscribed to topic '/cmd_vel'
[INFO] [1762931347.642437899] [rosbag2_recorder]: Subscribed to topic '/odom'
[INFO] [1762931347.643957030] [rosbag2_recorder]: Subscribed to topic '/tf'
[WARN] [1762931348.533885139] [rosbag2_recorder]: New publisher discovered on topic '/tf', offering incompatible QoS. No messages will be sent to it. Last incompatible policy: DURABILITY_QOS_POLICY
[WARN] [1762931348.534754269] [rosbag2_recorder]: New publisher discovered on topic '/tf', offering incompatible QoS. No messages will be sent to it. Last incompatible policy: DURABILITY_QOS_POLICY
[WARN] [1762931348.542200068] [rosbag2_recorder]: New publisher discovered on topic '/tf', offering incompatible QoS. No messages will be sent to it. Last incompatible policy: DURABILITY_QOS_POLICY
[WARN] [1762931348.556575307] [rosbag2_recorder]: A new publisher for subscribed topic /tf was found offering RMW_QOS_POLICY_DURABILITY_VOLATILE, but rosbag2 already subscribed requesting RMW_QOS_POLICY_DURABILITY_TRANSIENT_LOCAL. Messages from this new publisher will not be recorded.
[WARN] [1762931348.556615056] [rosbag2_recorder]: A new publisher for subscribed topic /tf was found offering RMW_QOS_POLICY_DURABILITY_VOLATILE, but rosbag2 already subscribed requesting RMW_QOS_POLICY_DURABILITY_TRANSIENT_LOCAL. Messages from this new publisher will not be recorded.
[WARN] [1762931348.556619173] [rosbag2_recorder]: A new publisher for subscribed topic /tf was found offering RMW_QOS_POLICY_DURABILITY_VOLATILE, but rosbag2 already subscribed requesting RMW_QOS_POLICY_DURABILITY_TRANSIENT_LOCAL. Messages from this new publisher will not be recorded.
[INFO] [1762931348.557705077] [rosbag2_recorder]: Subscribed to topic '/plan_barn'
[INFO] [1762931348.558735841] [rosbag2_recorder]: Subscribed to topic '/plan_barn_odom'
[INFO] [1762931348.560169440] [rosbag2_recorder]: Subscribed to topic '/scan'
[INFO] [1762931348.561180717] [rosbag2_recorder]: Subscribed to topic '/tf_static'
[INFO] [1762931348.561201525] [rosbag2_recorder]: All requested topics are subscribed. Stopping discovery...
[INFO] [1762931399.402130057] [rosbag2_cpp]: Writing remaining messages from cache to the bag. It may take a while
[INFO] [1762931399.402719495] [rosbag2_recorder]: Event publisher thread: Exiting
[INFO] [1762931399.402756573] [rosbag2_recorder]: Recording stopped
