stdin is not a terminal device. Keyboard handling disabled.[INFO] [1763112558.271137944] [rosbag2_recorder]: Press SPACE for pausing/resuming
[INFO] [1763112558.272251259] [rosbag2_storage]: Opened database '/home/mobrob/ros_ws/large_results/world238_1114_012918/world238_1114_012918_0.db3' for READ_WRITE.
[INFO] [1763112558.273165564] [rosbag2_recorder]: Listening for topics...
[INFO] [1763112558.273289703] [rosbag2_recorder]: Recording...
[INFO] [1763112558.273183707] [rosbag2_recorder]: Event publisher thread: Starting
[INFO] [1763112558.377262498] [rosbag2_recorder]: Subscribed to topic '/cmd_vel'
[INFO] [1763112558.378167771] [rosbag2_recorder]: Subscribed to topic '/odom'
[INFO] [1763112558.379042824] [rosbag2_recorder]: Subscribed to topic '/tf'
[INFO] [1763112558.379738255] [rosbag2_recorder]: Subscribed to topic '/tf_static'
[WARN] [1763112559.277793634] [rosbag2_recorder]: New publisher discovered on topic '/tf', offering incompatible QoS. No messages will be sent to it. Last incompatible policy: DURABILITY_QOS_POLICY
[WARN] [1763112559.281200969] [rosbag2_recorder]: New publisher discovered on topic '/tf', offering incompatible QoS. No messages will be sent to it. Last incompatible policy: DURABILITY_QOS_POLICY
[WARN] [1763112559.300434716] [rosbag2_recorder]: A new publisher for subscribed topic /tf was found offering RMW_QOS_POLICY_DURABILITY_VOLATILE, but rosbag2 already subscribed requesting RMW_QOS_POLICY_DURABILITY_TRANSIENT_LOCAL. Messages from this new publisher will not be recorded.
[WARN] [1763112559.300471746] [rosbag2_recorder]: A new publisher for subscribed topic /tf was found offering RMW_QOS_POLICY_DURABILITY_VOLATILE, but rosbag2 already subscribed requesting RMW_QOS_POLICY_DURABILITY_TRANSIENT_LOCAL. Messages from this new publisher will not be recorded.
[INFO] [1763112559.301486661] [rosbag2_recorder]: Subscribed to topic '/plan_barn'
[INFO] [1763112559.302382335] [rosbag2_recorder]: Subscribed to topic '/plan_barn_odom'
[INFO] [1763112559.303489446] [rosbag2_recorder]: Subscribed to topic '/scan'
[INFO] [1763112559.303508099] [rosbag2_recorder]: All requested topics are subscribed. Stopping discovery...
[WARN] [1763112560.266578736] [rosbag2_recorder]: New publisher discovered on topic '/tf', offering incompatible QoS. No messages will be sent to it. Last incompatible policy: DURABILITY_QOS_POLICY
[INFO] [1763112680.155687468] [rosbag2_cpp]: Writing remaining messages from cache to the bag. It may take a while
[INFO] [1763112680.156542101] [rosbag2_recorder]: Event publisher thread: Exiting
[INFO] [1763112680.156580227] [rosbag2_recorder]: Recording stopped
