stdin is not a terminal device. Keyboard handling disabled.[INFO] [1762919331.878365344] [rosbag2_recorder]: Press SPACE for pausing/resuming
[INFO] [1762919331.879146301] [rosbag2_storage]: Opened database '/home/mobrob/ros_ws/large_results/world75_1111_194851/world75_1111_194851_0.db3' for READ_WRITE.
[INFO] [1762919331.879674403] [rosbag2_recorder]: Listening for topics...
[INFO] [1762919331.879685384] [rosbag2_recorder]: Event publisher thread: Starting
[INFO] [1762919331.879759603] [rosbag2_recorder]: Recording...
[INFO] [1762919331.983409900] [rosbag2_recorder]: Subscribed to topic '/cmd_vel'
[INFO] [1762919331.985047871] [rosbag2_recorder]: Subscribed to topic '/odom'
[INFO] [1762919331.986008211] [rosbag2_recorder]: Subscribed to topic '/plan_barn'
[INFO] [1762919331.986697828] [rosbag2_recorder]: Subscribed to topic '/plan_barn_odom'
[INFO] [1762919331.987960925] [rosbag2_recorder]: Subscribed to topic '/scan'
[INFO] [1762919331.989070436] [rosbag2_recorder]: Subscribed to topic '/tf'
[WARN] [1762919332.884604033] [rosbag2_recorder]: New publisher discovered on topic '/tf', offering incompatible QoS. No messages will be sent to it. Last incompatible policy: DURABILITY_QOS_POLICY
[WARN] [1762919332.887212574] [rosbag2_recorder]: New publisher discovered on topic '/tf', offering incompatible QoS. No messages will be sent to it. Last incompatible policy: DURABILITY_QOS_POLICY
[WARN] [1762919332.890514449] [rosbag2_recorder]: New publisher discovered on topic '/tf', offering incompatible QoS. No messages will be sent to it. Last incompatible policy: DURABILITY_QOS_POLICY
[WARN] [1762919332.904818942] [rosbag2_recorder]: A new publisher for subscribed topic /tf was found offering RMW_QOS_POLICY_DURABILITY_VOLATILE, but rosbag2 already subscribed requesting RMW_QOS_POLICY_DURABILITY_TRANSIENT_LOCAL. Messages from this new publisher will not be recorded.
[WARN] [1762919332.904845683] [rosbag2_recorder]: A new publisher for subscribed topic /tf was found offering RMW_QOS_POLICY_DURABILITY_VOLATILE, but rosbag2 already subscribed requesting RMW_QOS_POLICY_DURABILITY_TRANSIENT_LOCAL. Messages from this new publisher will not be recorded.
[WARN] [1762919332.904848599] [rosbag2_recorder]: A new publisher for subscribed topic /tf was found offering RMW_QOS_POLICY_DURABILITY_VOLATILE, but rosbag2 already subscribed requesting RMW_QOS_POLICY_DURABILITY_TRANSIENT_LOCAL. Messages from this new publisher will not be recorded.
[INFO] [1762919332.905719641] [rosbag2_recorder]: Subscribed to topic '/tf_static'
[INFO] [1762919332.905739622] [rosbag2_recorder]: All requested topics are subscribed. Stopping discovery...
[INFO] [1762919395.764217197] [rosbag2_cpp]: Writing remaining messages from cache to the bag. It may take a while
[INFO] [1762919395.764826129] [rosbag2_recorder]: Event publisher thread: Exiting
[INFO] [1762919395.764892372] [rosbag2_recorder]: Recording stopped
