stdin is not a terminal device. Keyboard handling disabled.[INFO] [1763004267.473880870] [rosbag2_recorder]: Press SPACE for pausing/resuming
[INFO] [1763004267.475170122] [rosbag2_storage]: Opened database '/home/mobrob/ros_ws/large_results/world152_1112_192427/world152_1112_192427_0.db3' for READ_WRITE.
[INFO] [1763004267.475789444] [rosbag2_recorder]: Listening for topics...
[INFO] [1763004267.475802017] [rosbag2_recorder]: Event publisher thread: Starting
[INFO] [1763004267.475905067] [rosbag2_recorder]: Recording...
[INFO] [1763004267.879653449] [rosbag2_recorder]: Subscribed to topic '/cmd_vel'
[INFO] [1763004267.881057349] [rosbag2_recorder]: Subscribed to topic '/odom'
[INFO] [1763004267.882345258] [rosbag2_recorder]: Subscribed to topic '/tf'
[WARN] [1763004268.179551515] [rosbag2_recorder]: New publisher discovered on topic '/tf', offering incompatible QoS. No messages will be sent to it. Last incompatible policy: DURABILITY_QOS_POLICY
[WARN] [1763004268.192418136] [rosbag2_recorder]: A new publisher for subscribed topic /tf was found offering RMW_QOS_POLICY_DURABILITY_VOLATILE, but rosbag2 already subscribed requesting RMW_QOS_POLICY_DURABILITY_TRANSIENT_LOCAL. Messages from this new publisher will not be recorded.
[INFO] [1763004268.194759170] [rosbag2_recorder]: Subscribed to topic '/scan'
[WARN] [1763004268.194924049] [rosbag2_recorder]: New publisher discovered on topic '/tf', offering incompatible QoS. No messages will be sent to it. Last incompatible policy: DURABILITY_QOS_POLICY
[INFO] [1763004268.196320290] [rosbag2_recorder]: Subscribed to topic '/tf_static'
[INFO] [1763004268.300118296] [rosbag2_recorder]: Subscribed to topic '/plan_barn'
[INFO] [1763004268.300895098] [rosbag2_recorder]: Subscribed to topic '/plan_barn_odom'
[INFO] [1763004268.300908006] [rosbag2_recorder]: All requested topics are subscribed. Stopping discovery...
[WARN] [1763004268.360703972] [rosbag2_recorder]: New publisher discovered on topic '/tf', offering incompatible QoS. No messages will be sent to it. Last incompatible policy: DURABILITY_QOS_POLICY
[INFO] [1763004509.347896175] [rosbag2_cpp]: Writing remaining messages from cache to the bag. It may take a while
[INFO] [1763004509.348803847] [rosbag2_recorder]: Event publisher thread: Exiting
[INFO] [1763004509.348855820] [rosbag2_recorder]: Recording stopped
