stdin is not a terminal device. Keyboard handling disabled.[INFO] [1763097137.193527604] [rosbag2_recorder]: Press SPACE for pausing/resuming
[INFO] [1763097137.194500235] [rosbag2_storage]: Opened database '/home/mobrob/ros_ws/large_results/world226_1113_211217/world226_1113_211217_0.db3' for READ_WRITE.
[INFO] [1763097137.195171029] [rosbag2_recorder]: Listening for topics...
[INFO] [1763097137.195298865] [rosbag2_recorder]: Recording...
[INFO] [1763097137.195358453] [rosbag2_recorder]: Event publisher thread: Starting
[INFO] [1763097137.297719692] [rosbag2_recorder]: Subscribed to topic '/cmd_vel'
[INFO] [1763097137.298642868] [rosbag2_recorder]: Subscribed to topic '/odom'
[INFO] [1763097137.299540551] [rosbag2_recorder]: Subscribed to topic '/tf'
[WARN] [1763097138.218804422] [rosbag2_recorder]: New publisher discovered on topic '/tf', offering incompatible QoS. No messages will be sent to it. Last incompatible policy: DURABILITY_QOS_POLICY
[WARN] [1763097138.317587928] [rosbag2_recorder]: A new publisher for subscribed topic /tf was found offering RMW_QOS_POLICY_DURABILITY_VOLATILE, but rosbag2 already subscribed requesting RMW_QOS_POLICY_DURABILITY_TRANSIENT_LOCAL. Messages from this new publisher will not be recorded.
[INFO] [1763097138.318921805] [rosbag2_recorder]: Subscribed to topic '/plan_barn'
[INFO] [1763097138.319844567] [rosbag2_recorder]: Subscribed to topic '/plan_barn_odom'
[WARN] [1763097139.195281963] [rosbag2_recorder]: New publisher discovered on topic '/tf', offering incompatible QoS. No messages will be sent to it. Last incompatible policy: DURABILITY_QOS_POLICY
[WARN] [1763097139.195590660] [rosbag2_recorder]: New publisher discovered on topic '/tf', offering incompatible QoS. No messages will be sent to it. Last incompatible policy: DURABILITY_QOS_POLICY
[INFO] [1763097139.244556694] [rosbag2_recorder]: Subscribed to topic '/scan'
[INFO] [1763097139.245536617] [rosbag2_recorder]: Subscribed to topic '/tf_static'
[INFO] [1763097139.245558020] [rosbag2_recorder]: All requested topics are subscribed. Stopping discovery...
[INFO] [1763097183.060433398] [rosbag2_cpp]: Writing remaining messages from cache to the bag. It may take a while
[INFO] [1763097183.061284400] [rosbag2_recorder]: Event publisher thread: Exiting
[INFO] [1763097183.061348666] [rosbag2_recorder]: Recording stopped
