stdin is not a terminal device. Keyboard handling disabled.[INFO] [1762886535.445798556] [rosbag2_recorder]: Press SPACE for pausing/resuming
[INFO] [1762886535.446539003] [rosbag2_storage]: Opened database '/home/mobrob/ros_ws/large_results/world43_1111_104215/world43_1111_104215_0.db3' for READ_WRITE.
[INFO] [1762886535.446921573] [rosbag2_recorder]: Listening for topics...
[INFO] [1762886535.446933403] [rosbag2_recorder]: Event publisher thread: Starting
[INFO] [1762886535.446996562] [rosbag2_recorder]: Recording...
[INFO] [1762886535.549351304] [rosbag2_recorder]: Subscribed to topic '/odom'
[INFO] [1762886535.550898338] [rosbag2_recorder]: Subscribed to topic '/tf'
[WARN] [1762886536.445155312] [rosbag2_recorder]: New publisher discovered on topic '/tf', offering incompatible QoS. No messages will be sent to it. Last incompatible policy: DURABILITY_QOS_POLICY
[WARN] [1762886536.454163740] [rosbag2_recorder]: New publisher discovered on topic '/tf', offering incompatible QoS. No messages will be sent to it. Last incompatible policy: DURABILITY_QOS_POLICY
[WARN] [1762886536.462208685] [rosbag2_recorder]: A new publisher for subscribed topic /tf was found offering RMW_QOS_POLICY_DURABILITY_VOLATILE, but rosbag2 already subscribed requesting RMW_QOS_POLICY_DURABILITY_TRANSIENT_LOCAL. Messages from this new publisher will not be recorded.
[WARN] [1762886536.462243263] [rosbag2_recorder]: A new publisher for subscribed topic /tf was found offering RMW_QOS_POLICY_DURABILITY_VOLATILE, but rosbag2 already subscribed requesting RMW_QOS_POLICY_DURABILITY_TRANSIENT_LOCAL. Messages from this new publisher will not be recorded.
[INFO] [1762886536.465967192] [rosbag2_recorder]: Subscribed to topic '/cmd_vel'
[INFO] [1762886536.468096653] [rosbag2_recorder]: Subscribed to topic '/plan_barn'
[WARN] [1762886536.469629634] [rosbag2_recorder]: New publisher discovered on topic '/tf', offering incompatible QoS. No messages will be sent to it. Last incompatible policy: DURABILITY_QOS_POLICY
[INFO] [1762886536.470253978] [rosbag2_recorder]: Subscribed to topic '/plan_barn_odom'
[INFO] [1762886536.472890345] [rosbag2_recorder]: Subscribed to topic '/scan'
[INFO] [1762886536.474065331] [rosbag2_recorder]: Subscribed to topic '/tf_static'
[INFO] [1762886536.474090345] [rosbag2_recorder]: All requested topics are subscribed. Stopping discovery...
[INFO] [1762886644.309740086] [rosbag2_cpp]: Writing remaining messages from cache to the bag. It may take a while
[INFO] [1762886644.310404068] [rosbag2_recorder]: Event publisher thread: Exiting
[INFO] [1762886644.310452804] [rosbag2_recorder]: Recording stopped
