stdin is not a terminal device. Keyboard handling disabled.[INFO] [1763052004.524106215] [rosbag2_recorder]: Press SPACE for pausing/resuming
[INFO] [1763052004.525302330] [rosbag2_storage]: Opened database '/home/mobrob/ros_ws/large_results/world191_1113_084004/world191_1113_084004_0.db3' for READ_WRITE.
[INFO] [1763052004.526129774] [rosbag2_recorder]: Listening for topics...
[INFO] [1763052004.526140624] [rosbag2_recorder]: Event publisher thread: Starting
[INFO] [1763052004.526234958] [rosbag2_recorder]: Recording...
[INFO] [1763052004.628610839] [rosbag2_recorder]: Subscribed to topic '/odom'
[INFO] [1763052004.629666380] [rosbag2_recorder]: Subscribed to topic '/scan'
[INFO] [1763052004.631099758] [rosbag2_recorder]: Subscribed to topic '/tf'
[INFO] [1763052004.631873632] [rosbag2_recorder]: Subscribed to topic '/tf_static'
[WARN] [1763052005.531295588] [rosbag2_recorder]: New publisher discovered on topic '/tf', offering incompatible QoS. No messages will be sent to it. Last incompatible policy: DURABILITY_QOS_POLICY
[WARN] [1763052005.534037171] [rosbag2_recorder]: New publisher discovered on topic '/tf', offering incompatible QoS. No messages will be sent to it. Last incompatible policy: DURABILITY_QOS_POLICY
[WARN] [1763052005.545668626] [rosbag2_recorder]: A new publisher for subscribed topic /tf was found offering RMW_QOS_POLICY_DURABILITY_VOLATILE, but rosbag2 already subscribed requesting RMW_QOS_POLICY_DURABILITY_TRANSIENT_LOCAL. Messages from this new publisher will not be recorded.
[WARN] [1763052005.545702694] [rosbag2_recorder]: A new publisher for subscribed topic /tf was found offering RMW_QOS_POLICY_DURABILITY_VOLATILE, but rosbag2 already subscribed requesting RMW_QOS_POLICY_DURABILITY_TRANSIENT_LOCAL. Messages from this new publisher will not be recorded.
[INFO] [1763052005.547125209] [rosbag2_recorder]: Subscribed to topic '/cmd_vel'
[INFO] [1763052005.547951263] [rosbag2_recorder]: Subscribed to topic '/plan_barn'
[INFO] [1763052005.548624389] [rosbag2_recorder]: Subscribed to topic '/plan_barn_odom'
[INFO] [1763052005.548647093] [rosbag2_recorder]: All requested topics are subscribed. Stopping discovery...
[WARN] [1763052006.524169005] [rosbag2_recorder]: New publisher discovered on topic '/tf', offering incompatible QoS. No messages will be sent to it. Last incompatible policy: DURABILITY_QOS_POLICY
[INFO] [1763052125.389597480] [rosbag2_cpp]: Writing remaining messages from cache to the bag. It may take a while
[INFO] [1763052125.390179409] [rosbag2_recorder]: Event publisher thread: Exiting
[INFO] [1763052125.390205701] [rosbag2_recorder]: Recording stopped
