stdin is not a terminal device. Keyboard handling disabled.[INFO] [1763124954.415144690] [rosbag2_recorder]: Press SPACE for pausing/resuming
[INFO] [1763124954.416334120] [rosbag2_storage]: Opened database '/home/mobrob/ros_ws/large_results/world248_1114_045554/world248_1114_045554_0.db3' for READ_WRITE.
[INFO] [1763124954.417165675] [rosbag2_recorder]: Listening for topics...
[INFO] [1763124954.417194358] [rosbag2_recorder]: Event publisher thread: Starting
[INFO] [1763124954.417284761] [rosbag2_recorder]: Recording...
[INFO] [1763124954.521219035] [rosbag2_recorder]: Subscribed to topic '/cmd_vel'
[INFO] [1763124954.522522619] [rosbag2_recorder]: Subscribed to topic '/odom'
[INFO] [1763124954.523901451] [rosbag2_recorder]: Subscribed to topic '/tf'
[WARN] [1763124955.427538186] [rosbag2_recorder]: New publisher discovered on topic '/tf', offering incompatible QoS. No messages will be sent to it. Last incompatible policy: DURABILITY_QOS_POLICY
[WARN] [1763124955.428938123] [rosbag2_recorder]: New publisher discovered on topic '/tf', offering incompatible QoS. No messages will be sent to it. Last incompatible policy: DURABILITY_QOS_POLICY
[WARN] [1763124955.431058553] [rosbag2_recorder]: New publisher discovered on topic '/tf', offering incompatible QoS. No messages will be sent to it. Last incompatible policy: DURABILITY_QOS_POLICY
[WARN] [1763124955.435760884] [rosbag2_recorder]: A new publisher for subscribed topic /tf was found offering RMW_QOS_POLICY_DURABILITY_VOLATILE, but rosbag2 already subscribed requesting RMW_QOS_POLICY_DURABILITY_TRANSIENT_LOCAL. Messages from this new publisher will not be recorded.
[WARN] [1763124955.435795518] [rosbag2_recorder]: A new publisher for subscribed topic /tf was found offering RMW_QOS_POLICY_DURABILITY_VOLATILE, but rosbag2 already subscribed requesting RMW_QOS_POLICY_DURABILITY_TRANSIENT_LOCAL. Messages from this new publisher will not be recorded.
[WARN] [1763124955.435800058] [rosbag2_recorder]: A new publisher for subscribed topic /tf was found offering RMW_QOS_POLICY_DURABILITY_VOLATILE, but rosbag2 already subscribed requesting RMW_QOS_POLICY_DURABILITY_TRANSIENT_LOCAL. Messages from this new publisher will not be recorded.
[INFO] [1763124955.437227476] [rosbag2_recorder]: Subscribed to topic '/plan_barn'
[INFO] [1763124955.438633040] [rosbag2_recorder]: Subscribed to topic '/plan_barn_odom'
[INFO] [1763124955.440145625] [rosbag2_recorder]: Subscribed to topic '/tf_static'
[INFO] [1763124956.475211739] [rosbag2_recorder]: Subscribed to topic '/scan'
[INFO] [1763124956.475244306] [rosbag2_recorder]: All requested topics are subscribed. Stopping discovery...
[INFO] [1763125075.293837801] [rosbag2_cpp]: Writing remaining messages from cache to the bag. It may take a while
[INFO] [1763125075.294689737] [rosbag2_recorder]: Event publisher thread: Exiting
[INFO] [1763125075.294731820] [rosbag2_recorder]: Recording stopped
