stdin is not a terminal device. Keyboard handling disabled.[INFO] [1763021137.626975380] [rosbag2_recorder]: Press SPACE for pausing/resuming
[INFO] [1763021137.627705902] [rosbag2_storage]: Opened database '/home/mobrob/ros_ws/large_results/world165_1113_000537/world165_1113_000537_0.db3' for READ_WRITE.
[INFO] [1763021137.628132372] [rosbag2_recorder]: Listening for topics...
[INFO] [1763021137.628153271] [rosbag2_recorder]: Event publisher thread: Starting
[INFO] [1763021137.628241724] [rosbag2_recorder]: Recording...
[INFO] [1763021137.731964716] [rosbag2_recorder]: Subscribed to topic '/cmd_vel'
[INFO] [1763021137.732736710] [rosbag2_recorder]: Subscribed to topic '/odom'
[INFO] [1763021137.733452384] [rosbag2_recorder]: Subscribed to topic '/scan'
[INFO] [1763021137.734217280] [rosbag2_recorder]: Subscribed to topic '/tf'
[WARN] [1763021138.657603236] [rosbag2_recorder]: New publisher discovered on topic '/tf', offering incompatible QoS. No messages will be sent to it. Last incompatible policy: DURABILITY_QOS_POLICY
[WARN] [1763021138.751761039] [rosbag2_recorder]: A new publisher for subscribed topic /tf was found offering RMW_QOS_POLICY_DURABILITY_VOLATILE, but rosbag2 already subscribed requesting RMW_QOS_POLICY_DURABILITY_TRANSIENT_LOCAL. Messages from this new publisher will not be recorded.
[INFO] [1763021138.752939627] [rosbag2_recorder]: Subscribed to topic '/plan_barn'
[INFO] [1763021138.754050568] [rosbag2_recorder]: Subscribed to topic '/plan_barn_odom'
[WARN] [1763021139.627058164] [rosbag2_recorder]: New publisher discovered on topic '/tf', offering incompatible QoS. No messages will be sent to it. Last incompatible policy: DURABILITY_QOS_POLICY
[INFO] [1763021139.688595694] [rosbag2_recorder]: Subscribed to topic '/tf_static'
[INFO] [1763021139.688623089] [rosbag2_recorder]: All requested topics are subscribed. Stopping discovery...
[WARN] [1763021140.623738220] [rosbag2_recorder]: New publisher discovered on topic '/tf', offering incompatible QoS. No messages will be sent to it. Last incompatible policy: DURABILITY_QOS_POLICY
[INFO] [1763021227.527062250] [rosbag2_cpp]: Writing remaining messages from cache to the bag. It may take a while
[INFO] [1763021227.527752083] [rosbag2_recorder]: Event publisher thread: Exiting
[INFO] [1763021227.527797314] [rosbag2_recorder]: Recording stopped
