stdin is not a terminal device. Keyboard handling disabled.[INFO] [1763012806.636618287] [rosbag2_recorder]: Press SPACE for pausing/resuming
[INFO] [1763012806.662120183] [rosbag2_storage]: Opened database '/home/mobrob/ros_ws/large_results/world158_1112_214646/world158_1112_214646_0.db3' for READ_WRITE.
[INFO] [1763012806.663337656] [rosbag2_recorder]: Listening for topics...
[INFO] [1763012806.663377356] [rosbag2_recorder]: Event publisher thread: Starting
[INFO] [1763012806.667212197] [rosbag2_recorder]: Subscribed to topic '/tf_static'
[INFO] [1763012806.667326421] [rosbag2_recorder]: Recording...
[INFO] [1763012806.669657513] [rosbag2_recorder]: Subscribed to topic '/plan_barn_odom'
[INFO] [1763012806.771625586] [rosbag2_recorder]: Subscribed to topic '/cmd_vel'
[INFO] [1763012806.772350579] [rosbag2_recorder]: Subscribed to topic '/odom'
[INFO] [1763012806.772887554] [rosbag2_recorder]: Subscribed to topic '/plan_barn'
[INFO] [1763012806.773375722] [rosbag2_recorder]: Subscribed to topic '/tf'
[WARN] [1763012807.633602901] [rosbag2_recorder]: New publisher discovered on topic '/tf', offering incompatible QoS. No messages will be sent to it. Last incompatible policy: DURABILITY_QOS_POLICY
[WARN] [1763012807.638646414] [rosbag2_recorder]: New publisher discovered on topic '/tf', offering incompatible QoS. No messages will be sent to it. Last incompatible policy: DURABILITY_QOS_POLICY
[WARN] [1763012807.686674857] [rosbag2_recorder]: A new publisher for subscribed topic /tf was found offering RMW_QOS_POLICY_DURABILITY_VOLATILE, but rosbag2 already subscribed requesting RMW_QOS_POLICY_DURABILITY_TRANSIENT_LOCAL. Messages from this new publisher will not be recorded.
[WARN] [1763012807.686715797] [rosbag2_recorder]: A new publisher for subscribed topic /tf was found offering RMW_QOS_POLICY_DURABILITY_VOLATILE, but rosbag2 already subscribed requesting RMW_QOS_POLICY_DURABILITY_TRANSIENT_LOCAL. Messages from this new publisher will not be recorded.
[INFO] [1763012807.688541204] [rosbag2_recorder]: Subscribed to topic '/scan'
[INFO] [1763012807.688569832] [rosbag2_recorder]: All requested topics are subscribed. Stopping discovery...
[WARN] [1763012808.629309764] [rosbag2_recorder]: New publisher discovered on topic '/tf', offering incompatible QoS. No messages will be sent to it. Last incompatible policy: DURABILITY_QOS_POLICY
[INFO] [1763012890.506249200] [rosbag2_cpp]: Writing remaining messages from cache to the bag. It may take a while
[INFO] [1763012890.506801879] [rosbag2_recorder]: Event publisher thread: Exiting
[INFO] [1763012890.506832082] [rosbag2_recorder]: Recording stopped
