stdin is not a terminal device. Keyboard handling disabled.[INFO] [1763040034.407842976] [rosbag2_recorder]: Press SPACE for pausing/resuming
[INFO] [1763040034.408557122] [rosbag2_storage]: Opened database '/home/mobrob/ros_ws/large_results/world182_1113_052034/world182_1113_052034_0.db3' for READ_WRITE.
[INFO] [1763040034.409061771] [rosbag2_recorder]: Listening for topics...
[INFO] [1763040034.409072968] [rosbag2_recorder]: Event publisher thread: Starting
[INFO] [1763040034.409144122] [rosbag2_recorder]: Recording...
[INFO] [1763040034.511843048] [rosbag2_recorder]: Subscribed to topic '/cmd_vel'
[INFO] [1763040034.512750094] [rosbag2_recorder]: Subscribed to topic '/odom'
[INFO] [1763040034.513574005] [rosbag2_recorder]: Subscribed to topic '/tf'
[WARN] [1763040035.415557658] [rosbag2_recorder]: New publisher discovered on topic '/tf', offering incompatible QoS. No messages will be sent to it. Last incompatible policy: DURABILITY_QOS_POLICY
[WARN] [1763040035.420288566] [rosbag2_recorder]: New publisher discovered on topic '/tf', offering incompatible QoS. No messages will be sent to it. Last incompatible policy: DURABILITY_QOS_POLICY
[WARN] [1763040035.424461376] [rosbag2_recorder]: New publisher discovered on topic '/tf', offering incompatible QoS. No messages will be sent to it. Last incompatible policy: DURABILITY_QOS_POLICY
[WARN] [1763040035.424954653] [rosbag2_recorder]: A new publisher for subscribed topic /tf was found offering RMW_QOS_POLICY_DURABILITY_VOLATILE, but rosbag2 already subscribed requesting RMW_QOS_POLICY_DURABILITY_TRANSIENT_LOCAL. Messages from this new publisher will not be recorded.
[WARN] [1763040035.424975774] [rosbag2_recorder]: A new publisher for subscribed topic /tf was found offering RMW_QOS_POLICY_DURABILITY_VOLATILE, but rosbag2 already subscribed requesting RMW_QOS_POLICY_DURABILITY_TRANSIENT_LOCAL. Messages from this new publisher will not be recorded.
[WARN] [1763040035.424980179] [rosbag2_recorder]: A new publisher for subscribed topic /tf was found offering RMW_QOS_POLICY_DURABILITY_VOLATILE, but rosbag2 already subscribed requesting RMW_QOS_POLICY_DURABILITY_TRANSIENT_LOCAL. Messages from this new publisher will not be recorded.
[INFO] [1763040035.426287290] [rosbag2_recorder]: Subscribed to topic '/tf_static'
[INFO] [1763040035.531981132] [rosbag2_recorder]: Subscribed to topic '/plan_barn'
[INFO] [1763040035.533027923] [rosbag2_recorder]: Subscribed to topic '/plan_barn_odom'
[INFO] [1763040036.464690769] [rosbag2_recorder]: Subscribed to topic '/scan'
[INFO] [1763040036.464717227] [rosbag2_recorder]: All requested topics are subscribed. Stopping discovery...
[INFO] [1763040104.281731904] [rosbag2_cpp]: Writing remaining messages from cache to the bag. It may take a while
[INFO] [1763040104.282370935] [rosbag2_recorder]: Event publisher thread: Exiting
[INFO] [1763040104.282400093] [rosbag2_recorder]: Recording stopped
