stdin is not a terminal device. Keyboard handling disabled.[INFO] [1762846145.147545264] [rosbag2_recorder]: Press SPACE for pausing/resuming
[INFO] [1762846145.148738467] [rosbag2_storage]: Opened database '/home/mobrob/ros_ws/large_results/world2_1110_232905/world2_1110_232905_0.db3' for READ_WRITE.
[INFO] [1762846145.149346585] [rosbag2_recorder]: Listening for topics...
[INFO] [1762846145.149464976] [rosbag2_recorder]: Event publisher thread: Starting
[INFO] [1762846145.149473351] [rosbag2_recorder]: Recording...
[INFO] [1762846145.253879952] [rosbag2_recorder]: Subscribed to topic '/cmd_vel'
[INFO] [1762846145.255264110] [rosbag2_recorder]: Subscribed to topic '/odom'
[INFO] [1762846145.256082757] [rosbag2_recorder]: Subscribed to topic '/scan'
[INFO] [1762846145.256917751] [rosbag2_recorder]: Subscribed to topic '/tf'
[WARN] [1762846146.147356091] [rosbag2_recorder]: New publisher discovered on topic '/tf', offering incompatible QoS. No messages will be sent to it. Last incompatible policy: DURABILITY_QOS_POLICY
[WARN] [1762846146.149246774] [rosbag2_recorder]: New publisher discovered on topic '/tf', offering incompatible QoS. No messages will be sent to it. Last incompatible policy: DURABILITY_QOS_POLICY
[WARN] [1762846146.151555025] [rosbag2_recorder]: New publisher discovered on topic '/tf', offering incompatible QoS. No messages will be sent to it. Last incompatible policy: DURABILITY_QOS_POLICY
[WARN] [1762846146.169674101] [rosbag2_recorder]: A new publisher for subscribed topic /tf was found offering RMW_QOS_POLICY_DURABILITY_VOLATILE, but rosbag2 already subscribed requesting RMW_QOS_POLICY_DURABILITY_TRANSIENT_LOCAL. Messages from this new publisher will not be recorded.
[WARN] [1762846146.169730914] [rosbag2_recorder]: A new publisher for subscribed topic /tf was found offering RMW_QOS_POLICY_DURABILITY_VOLATILE, but rosbag2 already subscribed requesting RMW_QOS_POLICY_DURABILITY_TRANSIENT_LOCAL. Messages from this new publisher will not be recorded.
[WARN] [1762846146.169741205] [rosbag2_recorder]: A new publisher for subscribed topic /tf was found offering RMW_QOS_POLICY_DURABILITY_VOLATILE, but rosbag2 already subscribed requesting RMW_QOS_POLICY_DURABILITY_TRANSIENT_LOCAL. Messages from this new publisher will not be recorded.
[INFO] [1762846146.171183891] [rosbag2_recorder]: Subscribed to topic '/tf_static'
[INFO] [1762846147.208272697] [rosbag2_recorder]: Subscribed to topic '/plan_barn'
[INFO] [1762846147.209445733] [rosbag2_recorder]: Subscribed to topic '/plan_barn_odom'
[INFO] [1762846147.209463601] [rosbag2_recorder]: All requested topics are subscribed. Stopping discovery...
[INFO] [1762846216.014610897] [rosbag2_cpp]: Writing remaining messages from cache to the bag. It may take a while
[INFO] [1762846216.015496190] [rosbag2_recorder]: Event publisher thread: Exiting
[INFO] [1762846216.015541770] [rosbag2_recorder]: Recording stopped
