stdin is not a terminal device. Keyboard handling disabled.[INFO] [1763091727.588002648] [rosbag2_recorder]: Press SPACE for pausing/resuming
[INFO] [1763091727.588739514] [rosbag2_storage]: Opened database '/home/mobrob/ros_ws/large_results/world222_1113_194207/world222_1113_194207_0.db3' for READ_WRITE.
[INFO] [1763091727.589172476] [rosbag2_recorder]: Listening for topics...
[INFO] [1763091727.589183183] [rosbag2_recorder]: Event publisher thread: Starting
[INFO] [1763091727.589236985] [rosbag2_recorder]: Recording...
[INFO] [1763091727.691768262] [rosbag2_recorder]: Subscribed to topic '/cmd_vel'
[INFO] [1763091727.692824975] [rosbag2_recorder]: Subscribed to topic '/odom'
[INFO] [1763091727.693933013] [rosbag2_recorder]: Subscribed to topic '/tf'
[WARN] [1763091728.594397033] [rosbag2_recorder]: New publisher discovered on topic '/tf', offering incompatible QoS. No messages will be sent to it. Last incompatible policy: DURABILITY_QOS_POLICY
[WARN] [1763091728.597894105] [rosbag2_recorder]: New publisher discovered on topic '/tf', offering incompatible QoS. No messages will be sent to it. Last incompatible policy: DURABILITY_QOS_POLICY
[WARN] [1763091728.607577249] [rosbag2_recorder]: A new publisher for subscribed topic /tf was found offering RMW_QOS_POLICY_DURABILITY_VOLATILE, but rosbag2 already subscribed requesting RMW_QOS_POLICY_DURABILITY_TRANSIENT_LOCAL. Messages from this new publisher will not be recorded.
[WARN] [1763091728.607610894] [rosbag2_recorder]: A new publisher for subscribed topic /tf was found offering RMW_QOS_POLICY_DURABILITY_VOLATILE, but rosbag2 already subscribed requesting RMW_QOS_POLICY_DURABILITY_TRANSIENT_LOCAL. Messages from this new publisher will not be recorded.
[WARN] [1763091728.607613905] [rosbag2_recorder]: A new publisher for subscribed topic /tf was found offering RMW_QOS_POLICY_DURABILITY_VOLATILE, but rosbag2 already subscribed requesting RMW_QOS_POLICY_DURABILITY_TRANSIENT_LOCAL. Messages from this new publisher will not be recorded.
[INFO] [1763091728.608485720] [rosbag2_recorder]: Subscribed to topic '/plan_barn'
[INFO] [1763091728.609350413] [rosbag2_recorder]: Subscribed to topic '/plan_barn_odom'
[INFO] [1763091728.610279653] [rosbag2_recorder]: Subscribed to topic '/scan'
[INFO] [1763091728.610985515] [rosbag2_recorder]: Subscribed to topic '/tf_static'
[INFO] [1763091728.611001801] [rosbag2_recorder]: All requested topics are subscribed. Stopping discovery...
[INFO] [1763091743.509627118] [rosbag2_cpp]: Writing remaining messages from cache to the bag. It may take a while
[INFO] [1763091743.510149098] [rosbag2_recorder]: Event publisher thread: Exiting
[INFO] [1763091743.510194794] [rosbag2_recorder]: Recording stopped
