stdin is not a terminal device. Keyboard handling disabled.[INFO] [1762917696.164696942] [rosbag2_recorder]: Press SPACE for pausing/resuming
[INFO] [1762917696.165418427] [rosbag2_storage]: Opened database '/home/mobrob/ros_ws/large_results/world73_1111_192136/world73_1111_192136_0.db3' for READ_WRITE.
[INFO] [1762917696.165941919] [rosbag2_recorder]: Listening for topics...
[INFO] [1762917696.165952630] [rosbag2_recorder]: Event publisher thread: Starting
[INFO] [1762917696.166018070] [rosbag2_recorder]: Recording...
[INFO] [1762917696.269081920] [rosbag2_recorder]: Subscribed to topic '/cmd_vel'
[INFO] [1762917696.270451745] [rosbag2_recorder]: Subscribed to topic '/odom'
[INFO] [1762917696.271354553] [rosbag2_recorder]: Subscribed to topic '/tf'
[INFO] [1762917697.181729926] [rosbag2_recorder]: Subscribed to topic '/plan_barn_odom'
[WARN] [1762917697.182198586] [rosbag2_recorder]: New publisher discovered on topic '/tf', offering incompatible QoS. No messages will be sent to it. Last incompatible policy: DURABILITY_QOS_POLICY
[INFO] [1762917697.184299163] [rosbag2_recorder]: Subscribed to topic '/scan'
[INFO] [1762917697.186961273] [rosbag2_recorder]: Subscribed to topic '/tf_static'
[WARN] [1762917697.189666794] [rosbag2_recorder]: New publisher discovered on topic '/tf', offering incompatible QoS. No messages will be sent to it. Last incompatible policy: DURABILITY_QOS_POLICY
[WARN] [1762917697.289484944] [rosbag2_recorder]: A new publisher for subscribed topic /tf was found offering RMW_QOS_POLICY_DURABILITY_VOLATILE, but rosbag2 already subscribed requesting RMW_QOS_POLICY_DURABILITY_TRANSIENT_LOCAL. Messages from this new publisher will not be recorded.
[WARN] [1762917697.289506662] [rosbag2_recorder]: A new publisher for subscribed topic /tf was found offering RMW_QOS_POLICY_DURABILITY_VOLATILE, but rosbag2 already subscribed requesting RMW_QOS_POLICY_DURABILITY_TRANSIENT_LOCAL. Messages from this new publisher will not be recorded.
[WARN] [1762917698.164376856] [rosbag2_recorder]: New publisher discovered on topic '/tf', offering incompatible QoS. No messages will be sent to it. Last incompatible policy: DURABILITY_QOS_POLICY
[INFO] [1762917698.220357096] [rosbag2_recorder]: Subscribed to topic '/plan_barn'
[INFO] [1762917698.220392360] [rosbag2_recorder]: All requested topics are subscribed. Stopping discovery...
[INFO] [1762917821.051811084] [rosbag2_cpp]: Writing remaining messages from cache to the bag. It may take a while
[INFO] [1762917821.052522712] [rosbag2_recorder]: Event publisher thread: Exiting
[INFO] [1762917821.052576671] [rosbag2_recorder]: Recording stopped
