stdin is not a terminal device. Keyboard handling disabled.[INFO] [1763177213.059072395] [rosbag2_recorder]: Press SPACE for pausing/resuming
[INFO] [1763177213.060079397] [rosbag2_storage]: Opened database '/home/mobrob/ros_ws/large_results/world286_1114_192652/world286_1114_192652_0.db3' for READ_WRITE.
[INFO] [1763177213.060555269] [rosbag2_recorder]: Listening for topics...
[INFO] [1763177213.060567054] [rosbag2_recorder]: Event publisher thread: Starting
[INFO] [1763177213.060659363] [rosbag2_recorder]: Recording...
[INFO] [1763177213.164309555] [rosbag2_recorder]: Subscribed to topic '/cmd_vel'
[INFO] [1763177213.165655995] [rosbag2_recorder]: Subscribed to topic '/odom'
[INFO] [1763177213.166380789] [rosbag2_recorder]: Subscribed to topic '/plan_barn'
[INFO] [1763177213.166876227] [rosbag2_recorder]: Subscribed to topic '/plan_barn_odom'
[INFO] [1763177213.167562757] [rosbag2_recorder]: Subscribed to topic '/scan'
[INFO] [1763177213.168319642] [rosbag2_recorder]: Subscribed to topic '/tf'
[WARN] [1763177214.061553837] [rosbag2_recorder]: New publisher discovered on topic '/tf', offering incompatible QoS. No messages will be sent to it. Last incompatible policy: DURABILITY_QOS_POLICY
[WARN] [1763177214.072316993] [rosbag2_recorder]: New publisher discovered on topic '/tf', offering incompatible QoS. No messages will be sent to it. Last incompatible policy: DURABILITY_QOS_POLICY
[WARN] [1763177214.079332523] [rosbag2_recorder]: New publisher discovered on topic '/tf', offering incompatible QoS. No messages will be sent to it. Last incompatible policy: DURABILITY_QOS_POLICY
[WARN] [1763177214.085465980] [rosbag2_recorder]: A new publisher for subscribed topic /tf was found offering RMW_QOS_POLICY_DURABILITY_VOLATILE, but rosbag2 already subscribed requesting RMW_QOS_POLICY_DURABILITY_TRANSIENT_LOCAL. Messages from this new publisher will not be recorded.
[WARN] [1763177214.085510346] [rosbag2_recorder]: A new publisher for subscribed topic /tf was found offering RMW_QOS_POLICY_DURABILITY_VOLATILE, but rosbag2 already subscribed requesting RMW_QOS_POLICY_DURABILITY_TRANSIENT_LOCAL. Messages from this new publisher will not be recorded.
[WARN] [1763177214.085514555] [rosbag2_recorder]: A new publisher for subscribed topic /tf was found offering RMW_QOS_POLICY_DURABILITY_VOLATILE, but rosbag2 already subscribed requesting RMW_QOS_POLICY_DURABILITY_TRANSIENT_LOCAL. Messages from this new publisher will not be recorded.
[INFO] [1763177214.086760685] [rosbag2_recorder]: Subscribed to topic '/tf_static'
[INFO] [1763177214.086791518] [rosbag2_recorder]: All requested topics are subscribed. Stopping discovery...
[INFO] [1763177273.941228325] [rosbag2_cpp]: Writing remaining messages from cache to the bag. It may take a while
[INFO] [1763177273.941831350] [rosbag2_recorder]: Event publisher thread: Exiting
[INFO] [1763177273.941868843] [rosbag2_recorder]: Recording stopped
