stdin is not a terminal device. Keyboard handling disabled.[INFO] [1763033250.432141781] [rosbag2_recorder]: Press SPACE for pausing/resuming
[INFO] [1763033250.432841097] [rosbag2_storage]: Opened database '/home/mobrob/ros_ws/large_results/world177_1113_032730/world177_1113_032730_0.db3' for READ_WRITE.
[INFO] [1763033250.433390752] [rosbag2_recorder]: Listening for topics...
[INFO] [1763033250.433403978] [rosbag2_recorder]: Event publisher thread: Starting
[INFO] [1763033250.433454819] [rosbag2_recorder]: Recording...
[INFO] [1763033250.536626328] [rosbag2_recorder]: Subscribed to topic '/cmd_vel'
[INFO] [1763033250.538009639] [rosbag2_recorder]: Subscribed to topic '/odom'
[INFO] [1763033250.539335531] [rosbag2_recorder]: Subscribed to topic '/tf'
[WARN] [1763033251.440404968] [rosbag2_recorder]: New publisher discovered on topic '/tf', offering incompatible QoS. No messages will be sent to it. Last incompatible policy: DURABILITY_QOS_POLICY
[WARN] [1763033251.449662288] [rosbag2_recorder]: A new publisher for subscribed topic /tf was found offering RMW_QOS_POLICY_DURABILITY_VOLATILE, but rosbag2 already subscribed requesting RMW_QOS_POLICY_DURABILITY_TRANSIENT_LOCAL. Messages from this new publisher will not be recorded.
[INFO] [1763033251.451699682] [rosbag2_recorder]: Subscribed to topic '/tf_static'
[WARN] [1763033251.455164821] [rosbag2_recorder]: New publisher discovered on topic '/tf', offering incompatible QoS. No messages will be sent to it. Last incompatible policy: DURABILITY_QOS_POLICY
[WARN] [1763033252.435442931] [rosbag2_recorder]: New publisher discovered on topic '/tf', offering incompatible QoS. No messages will be sent to it. Last incompatible policy: DURABILITY_QOS_POLICY
[INFO] [1763033252.484420663] [rosbag2_recorder]: Subscribed to topic '/plan_barn'
[INFO] [1763033252.485355666] [rosbag2_recorder]: Subscribed to topic '/plan_barn_odom'
[INFO] [1763033252.486295507] [rosbag2_recorder]: Subscribed to topic '/scan'
[INFO] [1763033252.486308956] [rosbag2_recorder]: All requested topics are subscribed. Stopping discovery...
[INFO] [1763033437.314498133] [rosbag2_cpp]: Writing remaining messages from cache to the bag. It may take a while
[INFO] [1763033437.315173685] [rosbag2_recorder]: Event publisher thread: Exiting
[INFO] [1763033437.315215647] [rosbag2_recorder]: Recording stopped
