stdin is not a terminal device. Keyboard handling disabled.[INFO] [1763031802.865095787] [rosbag2_recorder]: Press SPACE for pausing/resuming
[INFO] [1763031802.865862895] [rosbag2_storage]: Opened database '/home/mobrob/ros_ws/large_results/world176_1113_030322/world176_1113_030322_0.db3' for READ_WRITE.
[INFO] [1763031802.866368432] [rosbag2_recorder]: Listening for topics...
[INFO] [1763031802.866379184] [rosbag2_recorder]: Event publisher thread: Starting
[INFO] [1763031802.866437123] [rosbag2_recorder]: Recording...
[INFO] [1763031802.969432086] [rosbag2_recorder]: Subscribed to topic '/cmd_vel'
[INFO] [1763031802.970321617] [rosbag2_recorder]: Subscribed to topic '/odom'
[INFO] [1763031802.971116238] [rosbag2_recorder]: Subscribed to topic '/scan'
[INFO] [1763031802.972107940] [rosbag2_recorder]: Subscribed to topic '/tf'
[INFO] [1763031802.972574914] [rosbag2_recorder]: Subscribed to topic '/tf_static'
[WARN] [1763031803.891548970] [rosbag2_recorder]: New publisher discovered on topic '/tf', offering incompatible QoS. No messages will be sent to it. Last incompatible policy: DURABILITY_QOS_POLICY
[WARN] [1763031803.988466821] [rosbag2_recorder]: A new publisher for subscribed topic /tf was found offering RMW_QOS_POLICY_DURABILITY_VOLATILE, but rosbag2 already subscribed requesting RMW_QOS_POLICY_DURABILITY_TRANSIENT_LOCAL. Messages from this new publisher will not be recorded.
[INFO] [1763031803.989481419] [rosbag2_recorder]: Subscribed to topic '/plan_barn'
[INFO] [1763031803.990215827] [rosbag2_recorder]: Subscribed to topic '/plan_barn_odom'
[INFO] [1763031803.990229368] [rosbag2_recorder]: All requested topics are subscribed. Stopping discovery...
[WARN] [1763031804.864573329] [rosbag2_recorder]: New publisher discovered on topic '/tf', offering incompatible QoS. No messages will be sent to it. Last incompatible policy: DURABILITY_QOS_POLICY
[WARN] [1763031804.867314343] [rosbag2_recorder]: New publisher discovered on topic '/tf', offering incompatible QoS. No messages will be sent to it. Last incompatible policy: DURABILITY_QOS_POLICY
[INFO] [1763031876.743851622] [rosbag2_cpp]: Writing remaining messages from cache to the bag. It may take a while
[INFO] [1763031876.744423637] [rosbag2_recorder]: Event publisher thread: Exiting
[INFO] [1763031876.744469418] [rosbag2_recorder]: Recording stopped
