stdin is not a terminal device. Keyboard handling disabled.[INFO] [1762927335.283016884] [rosbag2_recorder]: Press SPACE for pausing/resuming
[INFO] [1762927335.284265953] [rosbag2_storage]: Opened database '/home/mobrob/ros_ws/large_results/world82_1111_220215/world82_1111_220215_0.db3' for READ_WRITE.
[INFO] [1762927335.284910020] [rosbag2_recorder]: Listening for topics...
[INFO] [1762927335.284920524] [rosbag2_recorder]: Event publisher thread: Starting
[INFO] [1762927335.285025120] [rosbag2_recorder]: Recording...
[INFO] [1762927335.388743333] [rosbag2_recorder]: Subscribed to topic '/cmd_vel'
[INFO] [1762927335.390316534] [rosbag2_recorder]: Subscribed to topic '/odom'
[INFO] [1762927335.391673406] [rosbag2_recorder]: Subscribed to topic '/scan'
[INFO] [1762927335.393117860] [rosbag2_recorder]: Subscribed to topic '/tf'
[WARN] [1762927336.306736858] [rosbag2_recorder]: New publisher discovered on topic '/tf', offering incompatible QoS. No messages will be sent to it. Last incompatible policy: DURABILITY_QOS_POLICY
[WARN] [1762927336.311811820] [rosbag2_recorder]: A new publisher for subscribed topic /tf was found offering RMW_QOS_POLICY_DURABILITY_VOLATILE, but rosbag2 already subscribed requesting RMW_QOS_POLICY_DURABILITY_TRANSIENT_LOCAL. Messages from this new publisher will not be recorded.
[INFO] [1762927336.312716135] [rosbag2_recorder]: Subscribed to topic '/tf_static'
[WARN] [1762927337.279334383] [rosbag2_recorder]: New publisher discovered on topic '/tf', offering incompatible QoS. No messages will be sent to it. Last incompatible policy: DURABILITY_QOS_POLICY
[WARN] [1762927337.280255782] [rosbag2_recorder]: New publisher discovered on topic '/tf', offering incompatible QoS. No messages will be sent to it. Last incompatible policy: DURABILITY_QOS_POLICY
[INFO] [1762927337.356061951] [rosbag2_recorder]: Subscribed to topic '/plan_barn'
[INFO] [1762927337.357002964] [rosbag2_recorder]: Subscribed to topic '/plan_barn_odom'
[INFO] [1762927337.357026706] [rosbag2_recorder]: All requested topics are subscribed. Stopping discovery...
[INFO] [1762927638.130236743] [rosbag2_cpp]: Writing remaining messages from cache to the bag. It may take a while
[INFO] [1762927638.131062610] [rosbag2_recorder]: Event publisher thread: Exiting
[INFO] [1762927638.131104441] [rosbag2_recorder]: Recording stopped
