stdin is not a terminal device. Keyboard handling disabled.[INFO] [1762901561.364990102] [rosbag2_recorder]: Press SPACE for pausing/resuming
[INFO] [1762901561.366271446] [rosbag2_storage]: Opened database '/home/mobrob/ros_ws/large_results/world58_1111_145241/world58_1111_145241_0.db3' for READ_WRITE.
[INFO] [1762901561.366986104] [rosbag2_recorder]: Listening for topics...
[INFO] [1762901561.366996009] [rosbag2_recorder]: Event publisher thread: Starting
[INFO] [1762901561.367105368] [rosbag2_recorder]: Recording...
[INFO] [1762901561.469943567] [rosbag2_recorder]: Subscribed to topic '/cmd_vel'
[INFO] [1762901561.470948230] [rosbag2_recorder]: Subscribed to topic '/odom'
[INFO] [1762901561.471870417] [rosbag2_recorder]: Subscribed to topic '/tf'
[INFO] [1762901561.472692585] [rosbag2_recorder]: Subscribed to topic '/tf_static'
[WARN] [1762901562.369080161] [rosbag2_recorder]: New publisher discovered on topic '/tf', offering incompatible QoS. No messages will be sent to it. Last incompatible policy: DURABILITY_QOS_POLICY
[WARN] [1762901562.375055960] [rosbag2_recorder]: New publisher discovered on topic '/tf', offering incompatible QoS. No messages will be sent to it. Last incompatible policy: DURABILITY_QOS_POLICY
[WARN] [1762901562.375906886] [rosbag2_recorder]: New publisher discovered on topic '/tf', offering incompatible QoS. No messages will be sent to it. Last incompatible policy: DURABILITY_QOS_POLICY
[WARN] [1762901562.386303914] [rosbag2_recorder]: A new publisher for subscribed topic /tf was found offering RMW_QOS_POLICY_DURABILITY_VOLATILE, but rosbag2 already subscribed requesting RMW_QOS_POLICY_DURABILITY_TRANSIENT_LOCAL. Messages from this new publisher will not be recorded.
[WARN] [1762901562.386343120] [rosbag2_recorder]: A new publisher for subscribed topic /tf was found offering RMW_QOS_POLICY_DURABILITY_VOLATILE, but rosbag2 already subscribed requesting RMW_QOS_POLICY_DURABILITY_TRANSIENT_LOCAL. Messages from this new publisher will not be recorded.
[WARN] [1762901562.386348651] [rosbag2_recorder]: A new publisher for subscribed topic /tf was found offering RMW_QOS_POLICY_DURABILITY_VOLATILE, but rosbag2 already subscribed requesting RMW_QOS_POLICY_DURABILITY_TRANSIENT_LOCAL. Messages from this new publisher will not be recorded.
[INFO] [1762901562.387242909] [rosbag2_recorder]: Subscribed to topic '/plan_barn'
[INFO] [1762901562.388053167] [rosbag2_recorder]: Subscribed to topic '/plan_barn_odom'
[INFO] [1762901562.389125701] [rosbag2_recorder]: Subscribed to topic '/scan'
[INFO] [1762901562.389146730] [rosbag2_recorder]: All requested topics are subscribed. Stopping discovery...
[INFO] [1762901669.258190960] [rosbag2_cpp]: Writing remaining messages from cache to the bag. It may take a while
[INFO] [1762901669.259077353] [rosbag2_recorder]: Event publisher thread: Exiting
[INFO] [1762901669.259119208] [rosbag2_recorder]: Recording stopped
