stdin is not a terminal device. Keyboard handling disabled.[INFO] [1762991148.329726680] [rosbag2_recorder]: Press SPACE for pausing/resuming
[INFO] [1762991148.330664768] [rosbag2_storage]: Opened database '/home/mobrob/ros_ws/large_results/world140_1112_154548/world140_1112_154548_0.db3' for READ_WRITE.
[INFO] [1762991148.331833883] [rosbag2_recorder]: Listening for topics...
[INFO] [1762991148.331841430] [rosbag2_recorder]: Event publisher thread: Starting
[INFO] [1762991148.331938616] [rosbag2_recorder]: Recording...
[INFO] [1762991148.435044515] [rosbag2_recorder]: Subscribed to topic '/cmd_vel'
[INFO] [1762991148.436030484] [rosbag2_recorder]: Subscribed to topic '/odom'
[INFO] [1762991148.436953305] [rosbag2_recorder]: Subscribed to topic '/tf'
[WARN] [1762991149.327931132] [rosbag2_recorder]: New publisher discovered on topic '/tf', offering incompatible QoS. No messages will be sent to it. Last incompatible policy: DURABILITY_QOS_POLICY
[WARN] [1762991149.331189086] [rosbag2_recorder]: New publisher discovered on topic '/tf', offering incompatible QoS. No messages will be sent to it. Last incompatible policy: DURABILITY_QOS_POLICY
[WARN] [1762991149.352942928] [rosbag2_recorder]: A new publisher for subscribed topic /tf was found offering RMW_QOS_POLICY_DURABILITY_VOLATILE, but rosbag2 already subscribed requesting RMW_QOS_POLICY_DURABILITY_TRANSIENT_LOCAL. Messages from this new publisher will not be recorded.
[WARN] [1762991149.352967982] [rosbag2_recorder]: A new publisher for subscribed topic /tf was found offering RMW_QOS_POLICY_DURABILITY_VOLATILE, but rosbag2 already subscribed requesting RMW_QOS_POLICY_DURABILITY_TRANSIENT_LOCAL. Messages from this new publisher will not be recorded.
[INFO] [1762991149.354176618] [rosbag2_recorder]: Subscribed to topic '/scan'
[INFO] [1762991149.355156242] [rosbag2_recorder]: Subscribed to topic '/tf_static'
[WARN] [1762991150.328809770] [rosbag2_recorder]: New publisher discovered on topic '/tf', offering incompatible QoS. No messages will be sent to it. Last incompatible policy: DURABILITY_QOS_POLICY
[INFO] [1762991150.386611933] [rosbag2_recorder]: Subscribed to topic '/plan_barn'
[INFO] [1762991150.387448341] [rosbag2_recorder]: Subscribed to topic '/plan_barn_odom'
[INFO] [1762991150.387465336] [rosbag2_recorder]: All requested topics are subscribed. Stopping discovery...
[INFO] [1762991451.206907743] [rosbag2_cpp]: Writing remaining messages from cache to the bag. It may take a while
[INFO] [1762991451.207485062] [rosbag2_recorder]: Event publisher thread: Exiting
[INFO] [1762991451.207518239] [rosbag2_recorder]: Recording stopped
