stdin is not a terminal device. Keyboard handling disabled.[INFO] [1763075612.465021960] [rosbag2_recorder]: Press SPACE for pausing/resuming
[INFO] [1763075612.465761376] [rosbag2_storage]: Opened database '/home/mobrob/ros_ws/large_results/world210_1113_151332/world210_1113_151332_0.db3' for READ_WRITE.
[INFO] [1763075612.466313863] [rosbag2_recorder]: Listening for topics...
[INFO] [1763075612.466329186] [rosbag2_recorder]: Event publisher thread: Starting
[INFO] [1763075612.466399802] [rosbag2_recorder]: Recording...
[INFO] [1763075612.568587425] [rosbag2_recorder]: Subscribed to topic '/cmd_vel'
[INFO] [1763075612.569717957] [rosbag2_recorder]: Subscribed to topic '/odom'
[INFO] [1763075612.570686672] [rosbag2_recorder]: Subscribed to topic '/tf'
[WARN] [1763075613.466318988] [rosbag2_recorder]: New publisher discovered on topic '/tf', offering incompatible QoS. No messages will be sent to it. Last incompatible policy: DURABILITY_QOS_POLICY
[WARN] [1763075613.475178206] [rosbag2_recorder]: New publisher discovered on topic '/tf', offering incompatible QoS. No messages will be sent to it. Last incompatible policy: DURABILITY_QOS_POLICY
[WARN] [1763075613.480503185] [rosbag2_recorder]: A new publisher for subscribed topic /tf was found offering RMW_QOS_POLICY_DURABILITY_VOLATILE, but rosbag2 already subscribed requesting RMW_QOS_POLICY_DURABILITY_TRANSIENT_LOCAL. Messages from this new publisher will not be recorded.
[WARN] [1763075613.480553150] [rosbag2_recorder]: A new publisher for subscribed topic /tf was found offering RMW_QOS_POLICY_DURABILITY_VOLATILE, but rosbag2 already subscribed requesting RMW_QOS_POLICY_DURABILITY_TRANSIENT_LOCAL. Messages from this new publisher will not be recorded.
[INFO] [1763075613.483856881] [rosbag2_recorder]: Subscribed to topic '/plan_barn_odom'
[INFO] [1763075613.486771166] [rosbag2_recorder]: Subscribed to topic '/tf_static'
[WARN] [1763075613.491713491] [rosbag2_recorder]: New publisher discovered on topic '/tf', offering incompatible QoS. No messages will be sent to it. Last incompatible policy: DURABILITY_QOS_POLICY
[INFO] [1763075614.520132572] [rosbag2_recorder]: Subscribed to topic '/plan_barn'
[INFO] [1763075614.521804083] [rosbag2_recorder]: Subscribed to topic '/scan'
[INFO] [1763075614.521827198] [rosbag2_recorder]: All requested topics are subscribed. Stopping discovery...
[INFO] [1763075964.355678422] [rosbag2_cpp]: Writing remaining messages from cache to the bag. It may take a while
[INFO] [1763075964.356328270] [rosbag2_recorder]: Event publisher thread: Exiting
[INFO] [1763075964.356373599] [rosbag2_recorder]: Recording stopped
