stdin is not a terminal device. Keyboard handling disabled.[INFO] [1762986030.639662194] [rosbag2_recorder]: Press SPACE for pausing/resuming
[INFO] [1762986030.640491755] [rosbag2_storage]: Opened database '/home/mobrob/ros_ws/large_results/world136_1112_142030/world136_1112_142030_0.db3' for READ_WRITE.
[INFO] [1762986030.641140456] [rosbag2_recorder]: Listening for topics...
[INFO] [1762986030.641147541] [rosbag2_recorder]: Event publisher thread: Starting
[INFO] [1762986030.641232540] [rosbag2_recorder]: Recording...
[INFO] [1762986030.744585576] [rosbag2_recorder]: Subscribed to topic '/odom'
[INFO] [1762986030.745451564] [rosbag2_recorder]: Subscribed to topic '/plan_barn'
[INFO] [1762986030.746153962] [rosbag2_recorder]: Subscribed to topic '/plan_barn_odom'
[INFO] [1762986030.746968957] [rosbag2_recorder]: Subscribed to topic '/scan'
[INFO] [1762986030.747767217] [rosbag2_recorder]: Subscribed to topic '/tf'
[WARN] [1762986031.648490463] [rosbag2_recorder]: New publisher discovered on topic '/tf', offering incompatible QoS. No messages will be sent to it. Last incompatible policy: DURABILITY_QOS_POLICY
[WARN] [1762986031.654409624] [rosbag2_recorder]: New publisher discovered on topic '/tf', offering incompatible QoS. No messages will be sent to it. Last incompatible policy: DURABILITY_QOS_POLICY
[WARN] [1762986031.664096533] [rosbag2_recorder]: A new publisher for subscribed topic /tf was found offering RMW_QOS_POLICY_DURABILITY_VOLATILE, but rosbag2 already subscribed requesting RMW_QOS_POLICY_DURABILITY_TRANSIENT_LOCAL. Messages from this new publisher will not be recorded.
[WARN] [1762986031.664124942] [rosbag2_recorder]: A new publisher for subscribed topic /tf was found offering RMW_QOS_POLICY_DURABILITY_VOLATILE, but rosbag2 already subscribed requesting RMW_QOS_POLICY_DURABILITY_TRANSIENT_LOCAL. Messages from this new publisher will not be recorded.
[INFO] [1762986031.665456410] [rosbag2_recorder]: Subscribed to topic '/cmd_vel'
[INFO] [1762986031.666541941] [rosbag2_recorder]: Subscribed to topic '/tf_static'
[INFO] [1762986031.666562256] [rosbag2_recorder]: All requested topics are subscribed. Stopping discovery...
[WARN] [1762986032.639102961] [rosbag2_recorder]: New publisher discovered on topic '/tf', offering incompatible QoS. No messages will be sent to it. Last incompatible policy: DURABILITY_QOS_POLICY
[INFO] [1762986122.526472327] [rosbag2_cpp]: Writing remaining messages from cache to the bag. It may take a while
[INFO] [1762986122.527229970] [rosbag2_recorder]: Event publisher thread: Exiting
[INFO] [1762986122.527261925] [rosbag2_recorder]: Recording stopped
