stdin is not a terminal device. Keyboard handling disabled.[INFO] [1762950376.169940909] [rosbag2_recorder]: Press SPACE for pausing/resuming
[INFO] [1762950376.170680256] [rosbag2_storage]: Opened database '/home/mobrob/ros_ws/large_results/world105_1112_042616/world105_1112_042616_0.db3' for READ_WRITE.
[INFO] [1762950376.171303069] [rosbag2_recorder]: Listening for topics...
[INFO] [1762950376.171315041] [rosbag2_recorder]: Event publisher thread: Starting
[INFO] [1762950376.171369519] [rosbag2_recorder]: Recording...
[INFO] [1762950376.273517095] [rosbag2_recorder]: Subscribed to topic '/odom'
[INFO] [1762950376.274531013] [rosbag2_recorder]: Subscribed to topic '/plan_barn'
[INFO] [1762950376.275265390] [rosbag2_recorder]: Subscribed to topic '/plan_barn_odom'
[INFO] [1762950376.276300684] [rosbag2_recorder]: Subscribed to topic '/scan'
[INFO] [1762950376.277170286] [rosbag2_recorder]: Subscribed to topic '/tf'
[WARN] [1762950377.178273264] [rosbag2_recorder]: New publisher discovered on topic '/tf', offering incompatible QoS. No messages will be sent to it. Last incompatible policy: DURABILITY_QOS_POLICY
[WARN] [1762950377.189878560] [rosbag2_recorder]: A new publisher for subscribed topic /tf was found offering RMW_QOS_POLICY_DURABILITY_VOLATILE, but rosbag2 already subscribed requesting RMW_QOS_POLICY_DURABILITY_TRANSIENT_LOCAL. Messages from this new publisher will not be recorded.
[INFO] [1762950377.190849226] [rosbag2_recorder]: Subscribed to topic '/tf_static'
[WARN] [1762950378.171104182] [rosbag2_recorder]: New publisher discovered on topic '/tf', offering incompatible QoS. No messages will be sent to it. Last incompatible policy: DURABILITY_QOS_POLICY
[WARN] [1762950378.177672163] [rosbag2_recorder]: New publisher discovered on topic '/tf', offering incompatible QoS. No messages will be sent to it. Last incompatible policy: DURABILITY_QOS_POLICY
[INFO] [1762950378.217239214] [rosbag2_recorder]: Subscribed to topic '/cmd_vel'
[INFO] [1762950378.217279973] [rosbag2_recorder]: All requested topics are subscribed. Stopping discovery...
[INFO] [1762950392.083753771] [rosbag2_cpp]: Writing remaining messages from cache to the bag. It may take a while
[INFO] [1762950392.084274878] [rosbag2_recorder]: Event publisher thread: Exiting
[INFO] [1762950392.084319507] [rosbag2_recorder]: Recording stopped
