stdin is not a terminal device. Keyboard handling disabled.[INFO] [1762949997.030215655] [rosbag2_recorder]: Press SPACE for pausing/resuming
[INFO] [1762949997.030969975] [rosbag2_storage]: Opened database '/home/mobrob/ros_ws/large_results/world104_1112_041956/world104_1112_041956_0.db3' for READ_WRITE.
[INFO] [1762949997.031623190] [rosbag2_recorder]: Listening for topics...
[INFO] [1762949997.031633704] [rosbag2_recorder]: Event publisher thread: Starting
[INFO] [1762949997.031728472] [rosbag2_recorder]: Recording...
[INFO] [1762949997.134843408] [rosbag2_recorder]: Subscribed to topic '/cmd_vel'
[INFO] [1762949997.136212493] [rosbag2_recorder]: Subscribed to topic '/odom'
[INFO] [1762949997.137393219] [rosbag2_recorder]: Subscribed to topic '/tf'
[INFO] [1762949997.137953170] [rosbag2_recorder]: Subscribed to topic '/tf_static'
[WARN] [1762949998.041350860] [rosbag2_recorder]: New publisher discovered on topic '/tf', offering incompatible QoS. No messages will be sent to it. Last incompatible policy: DURABILITY_QOS_POLICY
[WARN] [1762949998.047978971] [rosbag2_recorder]: A new publisher for subscribed topic /tf was found offering RMW_QOS_POLICY_DURABILITY_VOLATILE, but rosbag2 already subscribed requesting RMW_QOS_POLICY_DURABILITY_TRANSIENT_LOCAL. Messages from this new publisher will not be recorded.
[INFO] [1762949998.050530583] [rosbag2_recorder]: Subscribed to topic '/scan'
[WARN] [1762949998.050727208] [rosbag2_recorder]: New publisher discovered on topic '/tf', offering incompatible QoS. No messages will be sent to it. Last incompatible policy: DURABILITY_QOS_POLICY
[INFO] [1762949998.154705120] [rosbag2_recorder]: Subscribed to topic '/plan_barn'
[INFO] [1762949998.155685980] [rosbag2_recorder]: Subscribed to topic '/plan_barn_odom'
[INFO] [1762949998.155710709] [rosbag2_recorder]: All requested topics are subscribed. Stopping discovery...
[WARN] [1762949999.031572062] [rosbag2_recorder]: New publisher discovered on topic '/tf', offering incompatible QoS. No messages will be sent to it. Last incompatible policy: DURABILITY_QOS_POLICY
[INFO] [1762950012.947785207] [rosbag2_cpp]: Writing remaining messages from cache to the bag. It may take a while
[INFO] [1762950012.948631813] [rosbag2_recorder]: Event publisher thread: Exiting
[INFO] [1762950012.948683196] [rosbag2_recorder]: Recording stopped
