stdin is not a terminal device. Keyboard handling disabled.[INFO] [1763058176.900489833] [rosbag2_recorder]: Press SPACE for pausing/resuming
[INFO] [1763058176.901523287] [rosbag2_storage]: Opened database '/home/mobrob/ros_ws/large_results/world196_1113_102256/world196_1113_102256_0.db3' for READ_WRITE.
[INFO] [1763058176.902619651] [rosbag2_recorder]: Listening for topics...
[INFO] [1763058176.902630797] [rosbag2_recorder]: Event publisher thread: Starting
[INFO] [1763058176.902732161] [rosbag2_recorder]: Recording...
[INFO] [1763058177.005149406] [rosbag2_recorder]: Subscribed to topic '/odom'
[INFO] [1763058177.006224304] [rosbag2_recorder]: Subscribed to topic '/tf'
[WARN] [1763058177.905694398] [rosbag2_recorder]: New publisher discovered on topic '/tf', offering incompatible QoS. No messages will be sent to it. Last incompatible policy: DURABILITY_QOS_POLICY
[WARN] [1763058177.912225898] [rosbag2_recorder]: New publisher discovered on topic '/tf', offering incompatible QoS. No messages will be sent to it. Last incompatible policy: DURABILITY_QOS_POLICY
[WARN] [1763058177.915065674] [rosbag2_recorder]: New publisher discovered on topic '/tf', offering incompatible QoS. No messages will be sent to it. Last incompatible policy: DURABILITY_QOS_POLICY
[WARN] [1763058177.919484579] [rosbag2_recorder]: A new publisher for subscribed topic /tf was found offering RMW_QOS_POLICY_DURABILITY_VOLATILE, but rosbag2 already subscribed requesting RMW_QOS_POLICY_DURABILITY_TRANSIENT_LOCAL. Messages from this new publisher will not be recorded.
[WARN] [1763058177.919524946] [rosbag2_recorder]: A new publisher for subscribed topic /tf was found offering RMW_QOS_POLICY_DURABILITY_VOLATILE, but rosbag2 already subscribed requesting RMW_QOS_POLICY_DURABILITY_TRANSIENT_LOCAL. Messages from this new publisher will not be recorded.
[WARN] [1763058177.919533435] [rosbag2_recorder]: A new publisher for subscribed topic /tf was found offering RMW_QOS_POLICY_DURABILITY_VOLATILE, but rosbag2 already subscribed requesting RMW_QOS_POLICY_DURABILITY_TRANSIENT_LOCAL. Messages from this new publisher will not be recorded.
[INFO] [1763058177.921091092] [rosbag2_recorder]: Subscribed to topic '/cmd_vel'
[INFO] [1763058177.923282972] [rosbag2_recorder]: Subscribed to topic '/plan_barn'
[INFO] [1763058177.924542485] [rosbag2_recorder]: Subscribed to topic '/plan_barn_odom'
[INFO] [1763058177.925799621] [rosbag2_recorder]: Subscribed to topic '/scan'
[INFO] [1763058177.926550531] [rosbag2_recorder]: Subscribed to topic '/tf_static'
[INFO] [1763058177.926564128] [rosbag2_recorder]: All requested topics are subscribed. Stopping discovery...
[INFO] [1763058267.791641800] [rosbag2_cpp]: Writing remaining messages from cache to the bag. It may take a while
[INFO] [1763058267.792327681] [rosbag2_recorder]: Event publisher thread: Exiting
[INFO] [1763058267.792370917] [rosbag2_recorder]: Recording stopped
