stdin is not a terminal device. Keyboard handling disabled.[INFO] [1762904123.400116931] [rosbag2_recorder]: Press SPACE for pausing/resuming
[INFO] [1762904123.401214944] [rosbag2_storage]: Opened database '/home/mobrob/ros_ws/large_results/world61_1111_153523/world61_1111_153523_0.db3' for READ_WRITE.
[INFO] [1762904123.402440846] [rosbag2_recorder]: Listening for topics...
[INFO] [1762904123.402563228] [rosbag2_recorder]: Event publisher thread: Starting
[INFO] [1762904123.402567120] [rosbag2_recorder]: Recording...
[INFO] [1762904123.506541942] [rosbag2_recorder]: Subscribed to topic '/cmd_vel'
[INFO] [1762904123.507487694] [rosbag2_recorder]: Subscribed to topic '/odom'
[INFO] [1762904123.508260520] [rosbag2_recorder]: Subscribed to topic '/scan'
[INFO] [1762904123.509072928] [rosbag2_recorder]: Subscribed to topic '/tf'
[INFO] [1762904123.509528194] [rosbag2_recorder]: Subscribed to topic '/tf_static'
[WARN] [1762904124.395345030] [rosbag2_recorder]: New publisher discovered on topic '/tf', offering incompatible QoS. No messages will be sent to it. Last incompatible policy: DURABILITY_QOS_POLICY
[WARN] [1762904124.407766183] [rosbag2_recorder]: New publisher discovered on topic '/tf', offering incompatible QoS. No messages will be sent to it. Last incompatible policy: DURABILITY_QOS_POLICY
[WARN] [1762904124.415900614] [rosbag2_recorder]: New publisher discovered on topic '/tf', offering incompatible QoS. No messages will be sent to it. Last incompatible policy: DURABILITY_QOS_POLICY
[WARN] [1762904124.422415754] [rosbag2_recorder]: A new publisher for subscribed topic /tf was found offering RMW_QOS_POLICY_DURABILITY_VOLATILE, but rosbag2 already subscribed requesting RMW_QOS_POLICY_DURABILITY_TRANSIENT_LOCAL. Messages from this new publisher will not be recorded.
[WARN] [1762904124.422455714] [rosbag2_recorder]: A new publisher for subscribed topic /tf was found offering RMW_QOS_POLICY_DURABILITY_VOLATILE, but rosbag2 already subscribed requesting RMW_QOS_POLICY_DURABILITY_TRANSIENT_LOCAL. Messages from this new publisher will not be recorded.
[WARN] [1762904124.422459412] [rosbag2_recorder]: A new publisher for subscribed topic /tf was found offering RMW_QOS_POLICY_DURABILITY_VOLATILE, but rosbag2 already subscribed requesting RMW_QOS_POLICY_DURABILITY_TRANSIENT_LOCAL. Messages from this new publisher will not be recorded.
[INFO] [1762904125.448741880] [rosbag2_recorder]: Subscribed to topic '/plan_barn'
[INFO] [1762904125.449910912] [rosbag2_recorder]: Subscribed to topic '/plan_barn_odom'
[INFO] [1762904125.449932847] [rosbag2_recorder]: All requested topics are subscribed. Stopping discovery...
[INFO] [1762904188.281871267] [rosbag2_cpp]: Writing remaining messages from cache to the bag. It may take a while
[INFO] [1762904188.282597436] [rosbag2_recorder]: Event publisher thread: Exiting
[INFO] [1762904188.282645051] [rosbag2_recorder]: Recording stopped
