stdin is not a terminal device. Keyboard handling disabled.[INFO] [1762933319.271055067] [rosbag2_recorder]: Press SPACE for pausing/resuming
[INFO] [1762933319.272261650] [rosbag2_storage]: Opened database '/home/mobrob/ros_ws/large_results/world89_1111_234159/world89_1111_234159_0.db3' for READ_WRITE.
[INFO] [1762933319.272919239] [rosbag2_recorder]: Listening for topics...
[INFO] [1762933319.273031435] [rosbag2_recorder]: Recording...
[INFO] [1762933319.273178676] [rosbag2_recorder]: Event publisher thread: Starting
[INFO] [1762933319.377160158] [rosbag2_recorder]: Subscribed to topic '/odom'
[INFO] [1762933319.378657699] [rosbag2_recorder]: Subscribed to topic '/tf'
[WARN] [1762933320.279190448] [rosbag2_recorder]: New publisher discovered on topic '/tf', offering incompatible QoS. No messages will be sent to it. Last incompatible policy: DURABILITY_QOS_POLICY
[WARN] [1762933320.285697909] [rosbag2_recorder]: New publisher discovered on topic '/tf', offering incompatible QoS. No messages will be sent to it. Last incompatible policy: DURABILITY_QOS_POLICY
[WARN] [1762933320.292521096] [rosbag2_recorder]: A new publisher for subscribed topic /tf was found offering RMW_QOS_POLICY_DURABILITY_VOLATILE, but rosbag2 already subscribed requesting RMW_QOS_POLICY_DURABILITY_TRANSIENT_LOCAL. Messages from this new publisher will not be recorded.
[WARN] [1762933320.292571890] [rosbag2_recorder]: A new publisher for subscribed topic /tf was found offering RMW_QOS_POLICY_DURABILITY_VOLATILE, but rosbag2 already subscribed requesting RMW_QOS_POLICY_DURABILITY_TRANSIENT_LOCAL. Messages from this new publisher will not be recorded.
[INFO] [1762933320.295771367] [rosbag2_recorder]: Subscribed to topic '/cmd_vel'
[INFO] [1762933320.296701097] [rosbag2_recorder]: Subscribed to topic '/plan_barn'
[INFO] [1762933320.297711548] [rosbag2_recorder]: Subscribed to topic '/plan_barn_odom'
[INFO] [1762933320.298454358] [rosbag2_recorder]: Subscribed to topic '/tf_static'
[WARN] [1762933321.269729748] [rosbag2_recorder]: New publisher discovered on topic '/tf', offering incompatible QoS. No messages will be sent to it. Last incompatible policy: DURABILITY_QOS_POLICY
[INFO] [1762933321.340154918] [rosbag2_recorder]: Subscribed to topic '/scan'
[INFO] [1762933321.340185458] [rosbag2_recorder]: All requested topics are subscribed. Stopping discovery...
[INFO] [1762933373.120375316] [rosbag2_cpp]: Writing remaining messages from cache to the bag. It may take a while
[INFO] [1762933373.121313868] [rosbag2_recorder]: Event publisher thread: Exiting
[INFO] [1762933373.121364777] [rosbag2_recorder]: Recording stopped
