stdin is not a terminal device. Keyboard handling disabled.[INFO] [1762885407.898350613] [rosbag2_recorder]: Press SPACE for pausing/resuming
[INFO] [1762885407.899131955] [rosbag2_storage]: Opened database '/home/mobrob/ros_ws/large_results/world42_1111_102327/world42_1111_102327_0.db3' for READ_WRITE.
[INFO] [1762885407.899753212] [rosbag2_recorder]: Listening for topics...
[INFO] [1762885407.899767724] [rosbag2_recorder]: Event publisher thread: Starting
[INFO] [1762885407.899833135] [rosbag2_recorder]: Recording...
[INFO] [1762885408.002983714] [rosbag2_recorder]: Subscribed to topic '/cmd_vel'
[INFO] [1762885408.004545435] [rosbag2_recorder]: Subscribed to topic '/plan_barn'
[INFO] [1762885408.005155017] [rosbag2_recorder]: Subscribed to topic '/plan_barn_odom'
[INFO] [1762885408.006532118] [rosbag2_recorder]: Subscribed to topic '/scan'
[INFO] [1762885409.024387402] [rosbag2_recorder]: Subscribed to topic '/odom'
[INFO] [1762885409.025593012] [rosbag2_recorder]: Subscribed to topic '/tf'
[WARN] [1762885409.899398044] [rosbag2_recorder]: New publisher discovered on topic '/tf', offering incompatible QoS. No messages will be sent to it. Last incompatible policy: DURABILITY_QOS_POLICY
[WARN] [1762885409.902692134] [rosbag2_recorder]: New publisher discovered on topic '/tf', offering incompatible QoS. No messages will be sent to it. Last incompatible policy: DURABILITY_QOS_POLICY
[WARN] [1762885409.904180369] [rosbag2_recorder]: New publisher discovered on topic '/tf', offering incompatible QoS. No messages will be sent to it. Last incompatible policy: DURABILITY_QOS_POLICY
[WARN] [1762885409.959741401] [rosbag2_recorder]: A new publisher for subscribed topic /tf was found offering RMW_QOS_POLICY_DURABILITY_VOLATILE, but rosbag2 already subscribed requesting RMW_QOS_POLICY_DURABILITY_TRANSIENT_LOCAL. Messages from this new publisher will not be recorded.
[WARN] [1762885409.959781918] [rosbag2_recorder]: A new publisher for subscribed topic /tf was found offering RMW_QOS_POLICY_DURABILITY_VOLATILE, but rosbag2 already subscribed requesting RMW_QOS_POLICY_DURABILITY_TRANSIENT_LOCAL. Messages from this new publisher will not be recorded.
[WARN] [1762885409.959785262] [rosbag2_recorder]: A new publisher for subscribed topic /tf was found offering RMW_QOS_POLICY_DURABILITY_VOLATILE, but rosbag2 already subscribed requesting RMW_QOS_POLICY_DURABILITY_TRANSIENT_LOCAL. Messages from this new publisher will not be recorded.
[INFO] [1762885409.960998128] [rosbag2_recorder]: Subscribed to topic '/tf_static'
[INFO] [1762885409.961023683] [rosbag2_recorder]: All requested topics are subscribed. Stopping discovery...
[INFO] [1762885459.755047943] [rosbag2_cpp]: Writing remaining messages from cache to the bag. It may take a while
[INFO] [1762885459.755827935] [rosbag2_recorder]: Event publisher thread: Exiting
[INFO] [1762885459.755895192] [rosbag2_recorder]: Recording stopped
