stdin is not a terminal device. Keyboard handling disabled.[INFO] [1763137159.073836381] [rosbag2_recorder]: Press SPACE for pausing/resuming
[INFO] [1763137159.075135494] [rosbag2_storage]: Opened database '/home/mobrob/ros_ws/large_results/world256_1114_081918/world256_1114_081918_0.db3' for READ_WRITE.
[INFO] [1763137159.077392311] [rosbag2_recorder]: Listening for topics...
[INFO] [1763137159.077408063] [rosbag2_recorder]: Event publisher thread: Starting
[INFO] [1763137159.077535418] [rosbag2_recorder]: Recording...
[INFO] [1763137159.180155067] [rosbag2_recorder]: Subscribed to topic '/cmd_vel'
[INFO] [1763137159.181245601] [rosbag2_recorder]: Subscribed to topic '/odom'
[INFO] [1763137159.182349352] [rosbag2_recorder]: Subscribed to topic '/tf'
[WARN] [1763137160.087182466] [rosbag2_recorder]: New publisher discovered on topic '/tf', offering incompatible QoS. No messages will be sent to it. Last incompatible policy: DURABILITY_QOS_POLICY
[WARN] [1763137160.090061282] [rosbag2_recorder]: New publisher discovered on topic '/tf', offering incompatible QoS. No messages will be sent to it. Last incompatible policy: DURABILITY_QOS_POLICY
[WARN] [1763137160.090216686] [rosbag2_recorder]: New publisher discovered on topic '/tf', offering incompatible QoS. No messages will be sent to it. Last incompatible policy: DURABILITY_QOS_POLICY
[WARN] [1763137160.095457871] [rosbag2_recorder]: A new publisher for subscribed topic /tf was found offering RMW_QOS_POLICY_DURABILITY_VOLATILE, but rosbag2 already subscribed requesting RMW_QOS_POLICY_DURABILITY_TRANSIENT_LOCAL. Messages from this new publisher will not be recorded.
[WARN] [1763137160.095500952] [rosbag2_recorder]: A new publisher for subscribed topic /tf was found offering RMW_QOS_POLICY_DURABILITY_VOLATILE, but rosbag2 already subscribed requesting RMW_QOS_POLICY_DURABILITY_TRANSIENT_LOCAL. Messages from this new publisher will not be recorded.
[WARN] [1763137160.095511722] [rosbag2_recorder]: A new publisher for subscribed topic /tf was found offering RMW_QOS_POLICY_DURABILITY_VOLATILE, but rosbag2 already subscribed requesting RMW_QOS_POLICY_DURABILITY_TRANSIENT_LOCAL. Messages from this new publisher will not be recorded.
[INFO] [1763137160.097102246] [rosbag2_recorder]: Subscribed to topic '/plan_barn'
[INFO] [1763137160.098307516] [rosbag2_recorder]: Subscribed to topic '/plan_barn_odom'
[INFO] [1763137160.099198407] [rosbag2_recorder]: Subscribed to topic '/tf_static'
[INFO] [1763137161.134542933] [rosbag2_recorder]: Subscribed to topic '/scan'
[INFO] [1763137161.134572107] [rosbag2_recorder]: All requested topics are subscribed. Stopping discovery...
[INFO] [1763137239.949952031] [rosbag2_cpp]: Writing remaining messages from cache to the bag. It may take a while
[INFO] [1763137239.950802823] [rosbag2_recorder]: Event publisher thread: Exiting
[INFO] [1763137239.950841877] [rosbag2_recorder]: Recording stopped
