stdin is not a terminal device. Keyboard handling disabled.[INFO] [1762913669.408441992] [rosbag2_recorder]: Press SPACE for pausing/resuming
[INFO] [1762913669.409192238] [rosbag2_storage]: Opened database '/home/mobrob/ros_ws/large_results/world69_1111_181429/world69_1111_181429_0.db3' for READ_WRITE.
[INFO] [1762913669.409616532] [rosbag2_recorder]: Listening for topics...
[INFO] [1762913669.409628193] [rosbag2_recorder]: Event publisher thread: Starting
[INFO] [1762913669.409697623] [rosbag2_recorder]: Recording...
[INFO] [1762913669.511839141] [rosbag2_recorder]: Subscribed to topic '/odom'
[INFO] [1762913669.512820723] [rosbag2_recorder]: Subscribed to topic '/tf'
[INFO] [1762913670.424633113] [rosbag2_recorder]: Subscribed to topic '/cmd_vel'
[WARN] [1762913671.404631691] [rosbag2_recorder]: New publisher discovered on topic '/tf', offering incompatible QoS. No messages will be sent to it. Last incompatible policy: DURABILITY_QOS_POLICY
[WARN] [1762913671.407483370] [rosbag2_recorder]: New publisher discovered on topic '/tf', offering incompatible QoS. No messages will be sent to it. Last incompatible policy: DURABILITY_QOS_POLICY
[WARN] [1762913671.410329818] [rosbag2_recorder]: New publisher discovered on topic '/tf', offering incompatible QoS. No messages will be sent to it. Last incompatible policy: DURABILITY_QOS_POLICY
[WARN] [1762913671.450952181] [rosbag2_recorder]: A new publisher for subscribed topic /tf was found offering RMW_QOS_POLICY_DURABILITY_VOLATILE, but rosbag2 already subscribed requesting RMW_QOS_POLICY_DURABILITY_TRANSIENT_LOCAL. Messages from this new publisher will not be recorded.
[WARN] [1762913671.450982634] [rosbag2_recorder]: A new publisher for subscribed topic /tf was found offering RMW_QOS_POLICY_DURABILITY_VOLATILE, but rosbag2 already subscribed requesting RMW_QOS_POLICY_DURABILITY_TRANSIENT_LOCAL. Messages from this new publisher will not be recorded.
[WARN] [1762913671.450985212] [rosbag2_recorder]: A new publisher for subscribed topic /tf was found offering RMW_QOS_POLICY_DURABILITY_VOLATILE, but rosbag2 already subscribed requesting RMW_QOS_POLICY_DURABILITY_TRANSIENT_LOCAL. Messages from this new publisher will not be recorded.
[INFO] [1762913671.451970667] [rosbag2_recorder]: Subscribed to topic '/plan_barn'
[INFO] [1762913671.452976837] [rosbag2_recorder]: Subscribed to topic '/plan_barn_odom'
[INFO] [1762913671.454627283] [rosbag2_recorder]: Subscribed to topic '/scan'
[INFO] [1762913671.455754888] [rosbag2_recorder]: Subscribed to topic '/tf_static'
[INFO] [1762913671.455772469] [rosbag2_recorder]: All requested topics are subscribed. Stopping discovery...
[INFO] [1762913854.294387181] [rosbag2_cpp]: Writing remaining messages from cache to the bag. It may take a while
[INFO] [1762913854.295244019] [rosbag2_recorder]: Event publisher thread: Exiting
[INFO] [1762913854.295295240] [rosbag2_recorder]: Recording stopped
