stdin is not a terminal device. Keyboard handling disabled.[INFO] [1763037802.081053870] [rosbag2_recorder]: Press SPACE for pausing/resuming
[INFO] [1763037802.081760990] [rosbag2_storage]: Opened database '/home/mobrob/ros_ws/large_results/world181_1113_044321/world181_1113_044321_0.db3' for READ_WRITE.
[INFO] [1763037802.082391559] [rosbag2_recorder]: Listening for topics...
[INFO] [1763037802.082405108] [rosbag2_recorder]: Event publisher thread: Starting
[INFO] [1763037802.082459152] [rosbag2_recorder]: Recording...
[INFO] [1763037802.186376784] [rosbag2_recorder]: Subscribed to topic '/cmd_vel'
[INFO] [1763037802.187272525] [rosbag2_recorder]: Subscribed to topic '/odom'
[INFO] [1763037802.188201834] [rosbag2_recorder]: Subscribed to topic '/tf'
[WARN] [1763037803.090112965] [rosbag2_recorder]: New publisher discovered on topic '/tf', offering incompatible QoS. No messages will be sent to it. Last incompatible policy: DURABILITY_QOS_POLICY
[WARN] [1763037803.102114043] [rosbag2_recorder]: New publisher discovered on topic '/tf', offering incompatible QoS. No messages will be sent to it. Last incompatible policy: DURABILITY_QOS_POLICY
[WARN] [1763037803.108615350] [rosbag2_recorder]: A new publisher for subscribed topic /tf was found offering RMW_QOS_POLICY_DURABILITY_VOLATILE, but rosbag2 already subscribed requesting RMW_QOS_POLICY_DURABILITY_TRANSIENT_LOCAL. Messages from this new publisher will not be recorded.
[WARN] [1763037803.108655345] [rosbag2_recorder]: A new publisher for subscribed topic /tf was found offering RMW_QOS_POLICY_DURABILITY_VOLATILE, but rosbag2 already subscribed requesting RMW_QOS_POLICY_DURABILITY_TRANSIENT_LOCAL. Messages from this new publisher will not be recorded.
[INFO] [1763037803.110302107] [rosbag2_recorder]: Subscribed to topic '/scan'
[INFO] [1763037803.111264731] [rosbag2_recorder]: Subscribed to topic '/tf_static'
[WARN] [1763037804.085413452] [rosbag2_recorder]: New publisher discovered on topic '/tf', offering incompatible QoS. No messages will be sent to it. Last incompatible policy: DURABILITY_QOS_POLICY
[INFO] [1763037804.138203495] [rosbag2_recorder]: Subscribed to topic '/plan_barn'
[INFO] [1763037804.138979752] [rosbag2_recorder]: Subscribed to topic '/plan_barn_odom'
[INFO] [1763037804.138992860] [rosbag2_recorder]: All requested topics are subscribed. Stopping discovery...
[INFO] [1763038153.970680315] [rosbag2_cpp]: Writing remaining messages from cache to the bag. It may take a while
[INFO] [1763038153.971262534] [rosbag2_recorder]: Event publisher thread: Exiting
[INFO] [1763038153.971305628] [rosbag2_recorder]: Recording stopped
