stdin is not a terminal device. Keyboard handling disabled.[INFO] [1762947857.041233928] [rosbag2_recorder]: Press SPACE for pausing/resuming
[INFO] [1762947857.041965339] [rosbag2_storage]: Opened database '/home/mobrob/ros_ws/large_results/world102_1112_034416/world102_1112_034416_0.db3' for READ_WRITE.
[INFO] [1762947857.042445308] [rosbag2_recorder]: Listening for topics...
[INFO] [1762947857.042564169] [rosbag2_recorder]: Recording...
[INFO] [1762947857.042575388] [rosbag2_recorder]: Event publisher thread: Starting
[INFO] [1762947857.146462982] [rosbag2_recorder]: Subscribed to topic '/cmd_vel'
[INFO] [1762947857.147770985] [rosbag2_recorder]: Subscribed to topic '/odom'
[INFO] [1762947857.148596545] [rosbag2_recorder]: Subscribed to topic '/tf'
[INFO] [1762947857.149103709] [rosbag2_recorder]: Subscribed to topic '/tf_static'
[WARN] [1762947858.042719798] [rosbag2_recorder]: New publisher discovered on topic '/tf', offering incompatible QoS. No messages will be sent to it. Last incompatible policy: DURABILITY_QOS_POLICY
[WARN] [1762947858.043917749] [rosbag2_recorder]: New publisher discovered on topic '/tf', offering incompatible QoS. No messages will be sent to it. Last incompatible policy: DURABILITY_QOS_POLICY
[WARN] [1762947858.051171214] [rosbag2_recorder]: New publisher discovered on topic '/tf', offering incompatible QoS. No messages will be sent to it. Last incompatible policy: DURABILITY_QOS_POLICY
[WARN] [1762947858.068716485] [rosbag2_recorder]: A new publisher for subscribed topic /tf was found offering RMW_QOS_POLICY_DURABILITY_VOLATILE, but rosbag2 already subscribed requesting RMW_QOS_POLICY_DURABILITY_TRANSIENT_LOCAL. Messages from this new publisher will not be recorded.
[WARN] [1762947858.068742730] [rosbag2_recorder]: A new publisher for subscribed topic /tf was found offering RMW_QOS_POLICY_DURABILITY_VOLATILE, but rosbag2 already subscribed requesting RMW_QOS_POLICY_DURABILITY_TRANSIENT_LOCAL. Messages from this new publisher will not be recorded.
[WARN] [1762947858.068746435] [rosbag2_recorder]: A new publisher for subscribed topic /tf was found offering RMW_QOS_POLICY_DURABILITY_VOLATILE, but rosbag2 already subscribed requesting RMW_QOS_POLICY_DURABILITY_TRANSIENT_LOCAL. Messages from this new publisher will not be recorded.
[INFO] [1762947858.069775314] [rosbag2_recorder]: Subscribed to topic '/plan_barn'
[INFO] [1762947858.070939399] [rosbag2_recorder]: Subscribed to topic '/plan_barn_odom'
[INFO] [1762947859.106875243] [rosbag2_recorder]: Subscribed to topic '/scan'
[INFO] [1762947859.106899903] [rosbag2_recorder]: All requested topics are subscribed. Stopping discovery...
[INFO] [1762947917.923901998] [rosbag2_cpp]: Writing remaining messages from cache to the bag. It may take a while
[INFO] [1762947917.924594247] [rosbag2_recorder]: Event publisher thread: Exiting
[INFO] [1762947917.924631101] [rosbag2_recorder]: Recording stopped
