stdin is not a terminal device. Keyboard handling disabled.[INFO] [1762882455.043630212] [rosbag2_recorder]: Press SPACE for pausing/resuming
[INFO] [1762882455.044833137] [rosbag2_storage]: Opened database '/home/mobrob/ros_ws/large_results/world39_1111_093414/world39_1111_093414_0.db3' for READ_WRITE.
[INFO] [1762882455.045571810] [rosbag2_recorder]: Listening for topics...
[INFO] [1762882455.045608776] [rosbag2_recorder]: Event publisher thread: Starting
[INFO] [1762882455.045692159] [rosbag2_recorder]: Recording...
[INFO] [1762882455.148892396] [rosbag2_recorder]: Subscribed to topic '/odom'
[INFO] [1762882455.149925514] [rosbag2_recorder]: Subscribed to topic '/tf'
[INFO] [1762882455.150428663] [rosbag2_recorder]: Subscribed to topic '/tf_static'
[WARN] [1762882456.050384928] [rosbag2_recorder]: New publisher discovered on topic '/tf', offering incompatible QoS. No messages will be sent to it. Last incompatible policy: DURABILITY_QOS_POLICY
[WARN] [1762882456.054024954] [rosbag2_recorder]: New publisher discovered on topic '/tf', offering incompatible QoS. No messages will be sent to it. Last incompatible policy: DURABILITY_QOS_POLICY
[WARN] [1762882456.056643242] [rosbag2_recorder]: New publisher discovered on topic '/tf', offering incompatible QoS. No messages will be sent to it. Last incompatible policy: DURABILITY_QOS_POLICY
[WARN] [1762882456.060720829] [rosbag2_recorder]: A new publisher for subscribed topic /tf was found offering RMW_QOS_POLICY_DURABILITY_VOLATILE, but rosbag2 already subscribed requesting RMW_QOS_POLICY_DURABILITY_TRANSIENT_LOCAL. Messages from this new publisher will not be recorded.
[WARN] [1762882456.060756680] [rosbag2_recorder]: A new publisher for subscribed topic /tf was found offering RMW_QOS_POLICY_DURABILITY_VOLATILE, but rosbag2 already subscribed requesting RMW_QOS_POLICY_DURABILITY_TRANSIENT_LOCAL. Messages from this new publisher will not be recorded.
[WARN] [1762882456.060762056] [rosbag2_recorder]: A new publisher for subscribed topic /tf was found offering RMW_QOS_POLICY_DURABILITY_VOLATILE, but rosbag2 already subscribed requesting RMW_QOS_POLICY_DURABILITY_TRANSIENT_LOCAL. Messages from this new publisher will not be recorded.
[INFO] [1762882456.061876218] [rosbag2_recorder]: Subscribed to topic '/cmd_vel'
[INFO] [1762882456.062954257] [rosbag2_recorder]: Subscribed to topic '/plan_barn'
[INFO] [1762882456.064054388] [rosbag2_recorder]: Subscribed to topic '/plan_barn_odom'
[INFO] [1762882456.065141201] [rosbag2_recorder]: Subscribed to topic '/scan'
[INFO] [1762882456.065159026] [rosbag2_recorder]: All requested topics are subscribed. Stopping discovery...
[INFO] [1762882470.946030090] [rosbag2_cpp]: Writing remaining messages from cache to the bag. It may take a while
[INFO] [1762882470.946845439] [rosbag2_recorder]: Event publisher thread: Exiting
[INFO] [1762882470.946895798] [rosbag2_recorder]: Recording stopped
