stdin is not a terminal device. Keyboard handling disabled.[INFO] [1762984198.577556168] [rosbag2_recorder]: Press SPACE for pausing/resuming
[INFO] [1762984198.578339059] [rosbag2_storage]: Opened database '/home/mobrob/ros_ws/large_results/world133_1112_134958/world133_1112_134958_0.db3' for READ_WRITE.
[INFO] [1762984198.578775533] [rosbag2_recorder]: Listening for topics...
[INFO] [1762984198.578787331] [rosbag2_recorder]: Event publisher thread: Starting
[INFO] [1762984198.578846232] [rosbag2_recorder]: Recording...
[INFO] [1762984198.682230006] [rosbag2_recorder]: Subscribed to topic '/cmd_vel'
[INFO] [1762984198.683555469] [rosbag2_recorder]: Subscribed to topic '/odom'
[INFO] [1762984198.684828282] [rosbag2_recorder]: Subscribed to topic '/tf'
[WARN] [1762984199.575301110] [rosbag2_recorder]: New publisher discovered on topic '/tf', offering incompatible QoS. No messages will be sent to it. Last incompatible policy: DURABILITY_QOS_POLICY
[WARN] [1762984199.584807099] [rosbag2_recorder]: New publisher discovered on topic '/tf', offering incompatible QoS. No messages will be sent to it. Last incompatible policy: DURABILITY_QOS_POLICY
[WARN] [1762984199.598958118] [rosbag2_recorder]: A new publisher for subscribed topic /tf was found offering RMW_QOS_POLICY_DURABILITY_VOLATILE, but rosbag2 already subscribed requesting RMW_QOS_POLICY_DURABILITY_TRANSIENT_LOCAL. Messages from this new publisher will not be recorded.
[WARN] [1762984199.599003649] [rosbag2_recorder]: A new publisher for subscribed topic /tf was found offering RMW_QOS_POLICY_DURABILITY_VOLATILE, but rosbag2 already subscribed requesting RMW_QOS_POLICY_DURABILITY_TRANSIENT_LOCAL. Messages from this new publisher will not be recorded.
[INFO] [1762984199.600951750] [rosbag2_recorder]: Subscribed to topic '/scan'
[INFO] [1762984199.602470573] [rosbag2_recorder]: Subscribed to topic '/tf_static'
[WARN] [1762984200.579131662] [rosbag2_recorder]: New publisher discovered on topic '/tf', offering incompatible QoS. No messages will be sent to it. Last incompatible policy: DURABILITY_QOS_POLICY
[INFO] [1762984200.634660058] [rosbag2_recorder]: Subscribed to topic '/plan_barn'
[INFO] [1762984200.635431802] [rosbag2_recorder]: Subscribed to topic '/plan_barn_odom'
[INFO] [1762984200.635448142] [rosbag2_recorder]: All requested topics are subscribed. Stopping discovery...
[INFO] [1762984306.437641224] [rosbag2_cpp]: Writing remaining messages from cache to the bag. It may take a while
[INFO] [1762984306.438281541] [rosbag2_recorder]: Event publisher thread: Exiting
[INFO] [1762984306.438309509] [rosbag2_recorder]: Recording stopped
