stdin is not a terminal device. Keyboard handling disabled.[INFO] [1762889167.902043045] [rosbag2_recorder]: Press SPACE for pausing/resuming
[INFO] [1762889167.903059556] [rosbag2_storage]: Opened database '/home/mobrob/ros_ws/large_results/world46_1111_112607/world46_1111_112607_0.db3' for READ_WRITE.
[INFO] [1762889167.903871418] [rosbag2_recorder]: Listening for topics...
[INFO] [1762889167.903964238] [rosbag2_recorder]: Recording...
[INFO] [1762889167.904711584] [rosbag2_recorder]: Event publisher thread: Starting
[INFO] [1762889168.007246843] [rosbag2_recorder]: Subscribed to topic '/odom'
[INFO] [1762889168.008348867] [rosbag2_recorder]: Subscribed to topic '/tf'
[INFO] [1762889168.009270151] [rosbag2_recorder]: Subscribed to topic '/tf_static'
[WARN] [1762889168.899180919] [rosbag2_recorder]: New publisher discovered on topic '/tf', offering incompatible QoS. No messages will be sent to it. Last incompatible policy: DURABILITY_QOS_POLICY
[WARN] [1762889168.916487118] [rosbag2_recorder]: New publisher discovered on topic '/tf', offering incompatible QoS. No messages will be sent to it. Last incompatible policy: DURABILITY_QOS_POLICY
[WARN] [1762889168.923431046] [rosbag2_recorder]: New publisher discovered on topic '/tf', offering incompatible QoS. No messages will be sent to it. Last incompatible policy: DURABILITY_QOS_POLICY
[WARN] [1762889168.926384758] [rosbag2_recorder]: A new publisher for subscribed topic /tf was found offering RMW_QOS_POLICY_DURABILITY_VOLATILE, but rosbag2 already subscribed requesting RMW_QOS_POLICY_DURABILITY_TRANSIENT_LOCAL. Messages from this new publisher will not be recorded.
[WARN] [1762889168.926413230] [rosbag2_recorder]: A new publisher for subscribed topic /tf was found offering RMW_QOS_POLICY_DURABILITY_VOLATILE, but rosbag2 already subscribed requesting RMW_QOS_POLICY_DURABILITY_TRANSIENT_LOCAL. Messages from this new publisher will not be recorded.
[WARN] [1762889168.926419280] [rosbag2_recorder]: A new publisher for subscribed topic /tf was found offering RMW_QOS_POLICY_DURABILITY_VOLATILE, but rosbag2 already subscribed requesting RMW_QOS_POLICY_DURABILITY_TRANSIENT_LOCAL. Messages from this new publisher will not be recorded.
[INFO] [1762889168.927826332] [rosbag2_recorder]: Subscribed to topic '/cmd_vel'
[INFO] [1762889168.929013245] [rosbag2_recorder]: Subscribed to topic '/plan_barn'
[INFO] [1762889168.929656062] [rosbag2_recorder]: Subscribed to topic '/plan_barn_odom'
[INFO] [1762889168.931057047] [rosbag2_recorder]: Subscribed to topic '/scan'
[INFO] [1762889168.931078832] [rosbag2_recorder]: All requested topics are subscribed. Stopping discovery...
[INFO] [1762889214.765154058] [rosbag2_cpp]: Writing remaining messages from cache to the bag. It may take a while
[INFO] [1762889214.765801428] [rosbag2_recorder]: Event publisher thread: Exiting
[INFO] [1762889214.765840383] [rosbag2_recorder]: Recording stopped
