stdin is not a terminal device. Keyboard handling disabled.[INFO] [1762883317.534080870] [rosbag2_recorder]: Press SPACE for pausing/resuming
[INFO] [1762883317.535049503] [rosbag2_storage]: Opened database '/home/mobrob/ros_ws/large_results/world40_1111_094837/world40_1111_094837_0.db3' for READ_WRITE.
[INFO] [1762883317.535671914] [rosbag2_recorder]: Listening for topics...
[INFO] [1762883317.535678073] [rosbag2_recorder]: Event publisher thread: Starting
[INFO] [1762883317.535765131] [rosbag2_recorder]: Recording...
[INFO] [1762883317.638328532] [rosbag2_recorder]: Subscribed to topic '/odom'
[INFO] [1762883317.639928223] [rosbag2_recorder]: Subscribed to topic '/tf'
[WARN] [1762883318.550658958] [rosbag2_recorder]: New publisher discovered on topic '/tf', offering incompatible QoS. No messages will be sent to it. Last incompatible policy: DURABILITY_QOS_POLICY
[WARN] [1762883318.555793423] [rosbag2_recorder]: A new publisher for subscribed topic /tf was found offering RMW_QOS_POLICY_DURABILITY_VOLATILE, but rosbag2 already subscribed requesting RMW_QOS_POLICY_DURABILITY_TRANSIENT_LOCAL. Messages from this new publisher will not be recorded.
[WARN] [1762883318.556918341] [rosbag2_recorder]: New publisher discovered on topic '/tf', offering incompatible QoS. No messages will be sent to it. Last incompatible policy: DURABILITY_QOS_POLICY
[INFO] [1762883318.559493590] [rosbag2_recorder]: Subscribed to topic '/cmd_vel'
[INFO] [1762883318.561146026] [rosbag2_recorder]: Subscribed to topic '/scan'
[INFO] [1762883318.562291999] [rosbag2_recorder]: Subscribed to topic '/tf_static'
[WARN] [1762883319.536286288] [rosbag2_recorder]: New publisher discovered on topic '/tf', offering incompatible QoS. No messages will be sent to it. Last incompatible policy: DURABILITY_QOS_POLICY
[INFO] [1762883319.592606156] [rosbag2_recorder]: Subscribed to topic '/plan_barn'
[INFO] [1762883319.593600984] [rosbag2_recorder]: Subscribed to topic '/plan_barn_odom'
[INFO] [1762883319.593616899] [rosbag2_recorder]: All requested topics are subscribed. Stopping discovery...
[INFO] [1762883364.403941961] [rosbag2_cpp]: Writing remaining messages from cache to the bag. It may take a while
[INFO] [1762883364.404648263] [rosbag2_recorder]: Event publisher thread: Exiting
[INFO] [1762883364.404695887] [rosbag2_recorder]: Recording stopped
