stdin is not a terminal device. Keyboard handling disabled.[INFO] [1763048938.341877345] [rosbag2_recorder]: Press SPACE for pausing/resuming
[INFO] [1763048938.343148077] [rosbag2_storage]: Opened database '/home/mobrob/ros_ws/large_results/world189_1113_074858/world189_1113_074858_0.db3' for READ_WRITE.
[INFO] [1763048938.343820277] [rosbag2_recorder]: Listening for topics...
[INFO] [1763048938.343926586] [rosbag2_recorder]: Event publisher thread: Starting
[INFO] [1763048938.343930327] [rosbag2_recorder]: Recording...
[INFO] [1763048938.448496803] [rosbag2_recorder]: Subscribed to topic '/cmd_vel'
[INFO] [1763048938.449573452] [rosbag2_recorder]: Subscribed to topic '/odom'
[INFO] [1763048938.450706856] [rosbag2_recorder]: Subscribed to topic '/tf'
[INFO] [1763048938.451441153] [rosbag2_recorder]: Subscribed to topic '/tf_static'
[WARN] [1763048939.349439424] [rosbag2_recorder]: New publisher discovered on topic '/tf', offering incompatible QoS. No messages will be sent to it. Last incompatible policy: DURABILITY_QOS_POLICY
[WARN] [1763048939.367365459] [rosbag2_recorder]: A new publisher for subscribed topic /tf was found offering RMW_QOS_POLICY_DURABILITY_VOLATILE, but rosbag2 already subscribed requesting RMW_QOS_POLICY_DURABILITY_TRANSIENT_LOCAL. Messages from this new publisher will not be recorded.
[WARN] [1763048939.367391573] [rosbag2_recorder]: A new publisher for subscribed topic /tf was found offering RMW_QOS_POLICY_DURABILITY_VOLATILE, but rosbag2 already subscribed requesting RMW_QOS_POLICY_DURABILITY_TRANSIENT_LOCAL. Messages from this new publisher will not be recorded.
[WARN] [1763048939.367394573] [rosbag2_recorder]: A new publisher for subscribed topic /tf was found offering RMW_QOS_POLICY_DURABILITY_VOLATILE, but rosbag2 already subscribed requesting RMW_QOS_POLICY_DURABILITY_TRANSIENT_LOCAL. Messages from this new publisher will not be recorded.
[INFO] [1763048939.368542878] [rosbag2_recorder]: Subscribed to topic '/plan_barn'
[INFO] [1763048939.369417597] [rosbag2_recorder]: Subscribed to topic '/plan_barn_odom'
[INFO] [1763048939.370744424] [rosbag2_recorder]: Subscribed to topic '/scan'
[INFO] [1763048939.370765502] [rosbag2_recorder]: All requested topics are subscribed. Stopping discovery...
[INFO] [1763049077.217851109] [rosbag2_cpp]: Writing remaining messages from cache to the bag. It may take a while
[INFO] [1763049077.218706744] [rosbag2_recorder]: Event publisher thread: Exiting
[INFO] [1763049077.218751970] [rosbag2_recorder]: Recording stopped
