stdin is not a terminal device. Keyboard handling disabled.[INFO] [1762910742.184362474] [rosbag2_recorder]: Press SPACE for pausing/resuming
[INFO] [1762910742.185087021] [rosbag2_storage]: Opened database '/home/mobrob/ros_ws/large_results/world66_1111_172542/world66_1111_172542_0.db3' for READ_WRITE.
[INFO] [1762910742.185790924] [rosbag2_recorder]: Listening for topics...
[INFO] [1762910742.185802870] [rosbag2_recorder]: Event publisher thread: Starting
[INFO] [1762910742.185925284] [rosbag2_recorder]: Recording...
[INFO] [1762910742.288550199] [rosbag2_recorder]: Subscribed to topic '/cmd_vel'
[INFO] [1762910742.289734161] [rosbag2_recorder]: Subscribed to topic '/odom'
[INFO] [1762910742.290728950] [rosbag2_recorder]: Subscribed to topic '/tf'
[INFO] [1762910742.291455727] [rosbag2_recorder]: Subscribed to topic '/tf_static'
[WARN] [1762910743.199969300] [rosbag2_recorder]: New publisher discovered on topic '/tf', offering incompatible QoS. No messages will be sent to it. Last incompatible policy: DURABILITY_QOS_POLICY
[WARN] [1762910743.201781037] [rosbag2_recorder]: New publisher discovered on topic '/tf', offering incompatible QoS. No messages will be sent to it. Last incompatible policy: DURABILITY_QOS_POLICY
[WARN] [1762910743.206771678] [rosbag2_recorder]: A new publisher for subscribed topic /tf was found offering RMW_QOS_POLICY_DURABILITY_VOLATILE, but rosbag2 already subscribed requesting RMW_QOS_POLICY_DURABILITY_TRANSIENT_LOCAL. Messages from this new publisher will not be recorded.
[WARN] [1762910743.206809201] [rosbag2_recorder]: A new publisher for subscribed topic /tf was found offering RMW_QOS_POLICY_DURABILITY_VOLATILE, but rosbag2 already subscribed requesting RMW_QOS_POLICY_DURABILITY_TRANSIENT_LOCAL. Messages from this new publisher will not be recorded.
[INFO] [1762910743.208439504] [rosbag2_recorder]: Subscribed to topic '/plan_barn'
[INFO] [1762910743.209741086] [rosbag2_recorder]: Subscribed to topic '/plan_barn_odom'
[INFO] [1762910743.211511244] [rosbag2_recorder]: Subscribed to topic '/scan'
[INFO] [1762910743.211544238] [rosbag2_recorder]: All requested topics are subscribed. Stopping discovery...
[WARN] [1762910744.185154057] [rosbag2_recorder]: New publisher discovered on topic '/tf', offering incompatible QoS. No messages will be sent to it. Last incompatible policy: DURABILITY_QOS_POLICY
[INFO] [1762910816.059600329] [rosbag2_cpp]: Writing remaining messages from cache to the bag. It may take a while
[INFO] [1762910816.060454304] [rosbag2_recorder]: Event publisher thread: Exiting
[INFO] [1762910816.060504261] [rosbag2_recorder]: Recording stopped
