stdin is not a terminal device. Keyboard handling disabled.[INFO] [1762877181.954513218] [rosbag2_recorder]: Press SPACE for pausing/resuming
[INFO] [1762877181.955343925] [rosbag2_storage]: Opened database '/home/mobrob/ros_ws/large_results/world32_1111_080621/world32_1111_080621_0.db3' for READ_WRITE.
[INFO] [1762877181.956018919] [rosbag2_recorder]: Listening for topics...
[INFO] [1762877181.956145931] [rosbag2_recorder]: Recording...
[INFO] [1762877181.959362610] [rosbag2_recorder]: Event publisher thread: Starting
[INFO] [1762877182.360692733] [rosbag2_recorder]: Subscribed to topic '/cmd_vel'
[INFO] [1762877182.361927335] [rosbag2_recorder]: Subscribed to topic '/odom'
[INFO] [1762877182.363556528] [rosbag2_recorder]: Subscribed to topic '/tf'
[WARN] [1762877182.450660602] [rosbag2_recorder]: New publisher discovered on topic '/tf', offering incompatible QoS. No messages will be sent to it. Last incompatible policy: DURABILITY_QOS_POLICY
[WARN] [1762877182.465590905] [rosbag2_recorder]: A new publisher for subscribed topic /tf was found offering RMW_QOS_POLICY_DURABILITY_VOLATILE, but rosbag2 already subscribed requesting RMW_QOS_POLICY_DURABILITY_TRANSIENT_LOCAL. Messages from this new publisher will not be recorded.
[INFO] [1762877182.466543269] [rosbag2_recorder]: Subscribed to topic '/tf_static'
[WARN] [1762877182.961196807] [rosbag2_recorder]: New publisher discovered on topic '/tf', offering incompatible QoS. No messages will be sent to it. Last incompatible policy: DURABILITY_QOS_POLICY
[WARN] [1762877182.981694996] [rosbag2_recorder]: New publisher discovered on topic '/tf', offering incompatible QoS. No messages will be sent to it. Last incompatible policy: DURABILITY_QOS_POLICY
[INFO] [1762877184.004766266] [rosbag2_recorder]: Subscribed to topic '/plan_barn'
[INFO] [1762877184.005588374] [rosbag2_recorder]: Subscribed to topic '/plan_barn_odom'
[INFO] [1762877184.006708060] [rosbag2_recorder]: Subscribed to topic '/scan'
[INFO] [1762877184.006724764] [rosbag2_recorder]: All requested topics are subscribed. Stopping discovery...
[INFO] [1762877249.811801363] [rosbag2_cpp]: Writing remaining messages from cache to the bag. It may take a while
[INFO] [1762877249.812668353] [rosbag2_recorder]: Event publisher thread: Exiting
[INFO] [1762877249.812711128] [rosbag2_recorder]: Recording stopped
