stdin is not a terminal device. Keyboard handling disabled.[INFO] [1763017429.409930432] [rosbag2_recorder]: Press SPACE for pausing/resuming
[INFO] [1763017429.411058754] [rosbag2_storage]: Opened database '/home/mobrob/ros_ws/large_results/world162_1112_230349/world162_1112_230349_0.db3' for READ_WRITE.
[INFO] [1763017429.411956437] [rosbag2_recorder]: Listening for topics...
[INFO] [1763017429.411973989] [rosbag2_recorder]: Event publisher thread: Starting
[INFO] [1763017429.412094439] [rosbag2_recorder]: Recording...
[INFO] [1763017429.514277419] [rosbag2_recorder]: Subscribed to topic '/cmd_vel'
[INFO] [1763017429.515818294] [rosbag2_recorder]: Subscribed to topic '/odom'
[INFO] [1763017429.517152218] [rosbag2_recorder]: Subscribed to topic '/tf'
[WARN] [1763017430.412803620] [rosbag2_recorder]: New publisher discovered on topic '/tf', offering incompatible QoS. No messages will be sent to it. Last incompatible policy: DURABILITY_QOS_POLICY
[WARN] [1763017430.414084940] [rosbag2_recorder]: New publisher discovered on topic '/tf', offering incompatible QoS. No messages will be sent to it. Last incompatible policy: DURABILITY_QOS_POLICY
[WARN] [1763017430.428835814] [rosbag2_recorder]: A new publisher for subscribed topic /tf was found offering RMW_QOS_POLICY_DURABILITY_VOLATILE, but rosbag2 already subscribed requesting RMW_QOS_POLICY_DURABILITY_TRANSIENT_LOCAL. Messages from this new publisher will not be recorded.
[WARN] [1763017430.428871752] [rosbag2_recorder]: A new publisher for subscribed topic /tf was found offering RMW_QOS_POLICY_DURABILITY_VOLATILE, but rosbag2 already subscribed requesting RMW_QOS_POLICY_DURABILITY_TRANSIENT_LOCAL. Messages from this new publisher will not be recorded.
[INFO] [1763017430.429774095] [rosbag2_recorder]: Subscribed to topic '/plan_barn'
[INFO] [1763017430.430640292] [rosbag2_recorder]: Subscribed to topic '/plan_barn_odom'
[INFO] [1763017430.431938431] [rosbag2_recorder]: Subscribed to topic '/scan'
[INFO] [1763017430.433245865] [rosbag2_recorder]: Subscribed to topic '/tf_static'
[INFO] [1763017430.433273133] [rosbag2_recorder]: All requested topics are subscribed. Stopping discovery...
[WARN] [1763017431.406015980] [rosbag2_recorder]: New publisher discovered on topic '/tf', offering incompatible QoS. No messages will be sent to it. Last incompatible policy: DURABILITY_QOS_POLICY
[INFO] [1763017614.293940662] [rosbag2_cpp]: Writing remaining messages from cache to the bag. It may take a while
[INFO] [1763017614.294757715] [rosbag2_recorder]: Event publisher thread: Exiting
[INFO] [1763017614.294786688] [rosbag2_recorder]: Recording stopped
