stdin is not a terminal device. Keyboard handling disabled.[INFO] [1763185288.089970797] [rosbag2_recorder]: Press SPACE for pausing/resuming
[INFO] [1763185288.090733252] [rosbag2_storage]: Opened database '/home/mobrob/ros_ws/large_results/world292_1114_214127/world292_1114_214127_0.db3' for READ_WRITE.
[INFO] [1763185288.091386853] [rosbag2_recorder]: Listening for topics...
[INFO] [1763185288.091401003] [rosbag2_recorder]: Event publisher thread: Starting
[INFO] [1763185288.091488378] [rosbag2_recorder]: Recording...
[INFO] [1763185288.194387564] [rosbag2_recorder]: Subscribed to topic '/cmd_vel'
[INFO] [1763185288.195373984] [rosbag2_recorder]: Subscribed to topic '/odom'
[INFO] [1763185288.196265932] [rosbag2_recorder]: Subscribed to topic '/plan_barn_odom'
[INFO] [1763185288.197390785] [rosbag2_recorder]: Subscribed to topic '/tf'
[WARN] [1763185289.092983891] [rosbag2_recorder]: New publisher discovered on topic '/tf', offering incompatible QoS. No messages will be sent to it. Last incompatible policy: DURABILITY_QOS_POLICY
[WARN] [1763185289.103053956] [rosbag2_recorder]: New publisher discovered on topic '/tf', offering incompatible QoS. No messages will be sent to it. Last incompatible policy: DURABILITY_QOS_POLICY
[WARN] [1763185289.106917675] [rosbag2_recorder]: New publisher discovered on topic '/tf', offering incompatible QoS. No messages will be sent to it. Last incompatible policy: DURABILITY_QOS_POLICY
[WARN] [1763185289.112066378] [rosbag2_recorder]: A new publisher for subscribed topic /tf was found offering RMW_QOS_POLICY_DURABILITY_VOLATILE, but rosbag2 already subscribed requesting RMW_QOS_POLICY_DURABILITY_TRANSIENT_LOCAL. Messages from this new publisher will not be recorded.
[WARN] [1763185289.112104092] [rosbag2_recorder]: A new publisher for subscribed topic /tf was found offering RMW_QOS_POLICY_DURABILITY_VOLATILE, but rosbag2 already subscribed requesting RMW_QOS_POLICY_DURABILITY_TRANSIENT_LOCAL. Messages from this new publisher will not be recorded.
[WARN] [1763185289.112107768] [rosbag2_recorder]: A new publisher for subscribed topic /tf was found offering RMW_QOS_POLICY_DURABILITY_VOLATILE, but rosbag2 already subscribed requesting RMW_QOS_POLICY_DURABILITY_TRANSIENT_LOCAL. Messages from this new publisher will not be recorded.
[INFO] [1763185289.112990675] [rosbag2_recorder]: Subscribed to topic '/plan_barn'
[INFO] [1763185289.114503023] [rosbag2_recorder]: Subscribed to topic '/scan'
[INFO] [1763185289.115266901] [rosbag2_recorder]: Subscribed to topic '/tf_static'
[INFO] [1763185289.115293739] [rosbag2_recorder]: All requested topics are subscribed. Stopping discovery...
[INFO] [1763185378.985744669] [rosbag2_cpp]: Writing remaining messages from cache to the bag. It may take a while
[INFO] [1763185378.986338396] [rosbag2_recorder]: Event publisher thread: Exiting
[INFO] [1763185378.986404449] [rosbag2_recorder]: Recording stopped
