stdin is not a terminal device. Keyboard handling disabled.[INFO] [1762885866.664990834] [rosbag2_recorder]: Press SPACE for pausing/resuming
[INFO] [1762885866.665972330] [rosbag2_storage]: Opened database '/home/mobrob/ros_ws/large_results/world43_1111_103106/world43_1111_103106_0.db3' for READ_WRITE.
[INFO] [1762885866.666421660] [rosbag2_recorder]: Listening for topics...
[INFO] [1762885866.666429915] [rosbag2_recorder]: Event publisher thread: Starting
[INFO] [1762885866.666509098] [rosbag2_recorder]: Recording...
[INFO] [1762885866.769368079] [rosbag2_recorder]: Subscribed to topic '/odom'
[INFO] [1762885866.770685361] [rosbag2_recorder]: Subscribed to topic '/scan'
[INFO] [1762885866.772027468] [rosbag2_recorder]: Subscribed to topic '/tf'
[WARN] [1762885867.669381405] [rosbag2_recorder]: New publisher discovered on topic '/tf', offering incompatible QoS. No messages will be sent to it. Last incompatible policy: DURABILITY_QOS_POLICY
[WARN] [1762885867.673411924] [rosbag2_recorder]: New publisher discovered on topic '/tf', offering incompatible QoS. No messages will be sent to it. Last incompatible policy: DURABILITY_QOS_POLICY
[WARN] [1762885867.685187119] [rosbag2_recorder]: A new publisher for subscribed topic /tf was found offering RMW_QOS_POLICY_DURABILITY_VOLATILE, but rosbag2 already subscribed requesting RMW_QOS_POLICY_DURABILITY_TRANSIENT_LOCAL. Messages from this new publisher will not be recorded.
[WARN] [1762885867.685233166] [rosbag2_recorder]: A new publisher for subscribed topic /tf was found offering RMW_QOS_POLICY_DURABILITY_VOLATILE, but rosbag2 already subscribed requesting RMW_QOS_POLICY_DURABILITY_TRANSIENT_LOCAL. Messages from this new publisher will not be recorded.
[INFO] [1762885867.687216798] [rosbag2_recorder]: Subscribed to topic '/cmd_vel'
[INFO] [1762885867.688574298] [rosbag2_recorder]: Subscribed to topic '/plan_barn'
[INFO] [1762885867.689422549] [rosbag2_recorder]: Subscribed to topic '/plan_barn_odom'
[INFO] [1762885867.690177911] [rosbag2_recorder]: Subscribed to topic '/tf_static'
[INFO] [1762885867.690189072] [rosbag2_recorder]: All requested topics are subscribed. Stopping discovery...
[WARN] [1762885868.660549243] [rosbag2_recorder]: New publisher discovered on topic '/tf', offering incompatible QoS. No messages will be sent to it. Last incompatible policy: DURABILITY_QOS_POLICY
[INFO] [1762885943.542017901] [rosbag2_cpp]: Writing remaining messages from cache to the bag. It may take a while
[INFO] [1762885943.542655164] [rosbag2_recorder]: Event publisher thread: Exiting
[INFO] [1762885943.542692299] [rosbag2_recorder]: Recording stopped
