stdin is not a terminal device. Keyboard handling disabled.[INFO] [1763170454.883989902] [rosbag2_recorder]: Press SPACE for pausing/resuming
[INFO] [1763170454.885033289] [rosbag2_storage]: Opened database '/home/mobrob/ros_ws/large_results/world281_1114_173414/world281_1114_173414_0.db3' for READ_WRITE.
[INFO] [1763170454.885570912] [rosbag2_recorder]: Listening for topics...
[INFO] [1763170454.885582958] [rosbag2_recorder]: Event publisher thread: Starting
[INFO] [1763170454.885672777] [rosbag2_recorder]: Recording...
[INFO] [1763170454.988118333] [rosbag2_recorder]: Subscribed to topic '/cmd_vel'
[INFO] [1763170454.989265316] [rosbag2_recorder]: Subscribed to topic '/odom'
[INFO] [1763170454.990730841] [rosbag2_recorder]: Subscribed to topic '/tf'
[WARN] [1763170455.899308778] [rosbag2_recorder]: New publisher discovered on topic '/tf', offering incompatible QoS. No messages will be sent to it. Last incompatible policy: DURABILITY_QOS_POLICY
[WARN] [1763170455.900779867] [rosbag2_recorder]: New publisher discovered on topic '/tf', offering incompatible QoS. No messages will be sent to it. Last incompatible policy: DURABILITY_QOS_POLICY
[WARN] [1763170455.906139606] [rosbag2_recorder]: A new publisher for subscribed topic /tf was found offering RMW_QOS_POLICY_DURABILITY_VOLATILE, but rosbag2 already subscribed requesting RMW_QOS_POLICY_DURABILITY_TRANSIENT_LOCAL. Messages from this new publisher will not be recorded.
[WARN] [1763170455.906184974] [rosbag2_recorder]: A new publisher for subscribed topic /tf was found offering RMW_QOS_POLICY_DURABILITY_VOLATILE, but rosbag2 already subscribed requesting RMW_QOS_POLICY_DURABILITY_TRANSIENT_LOCAL. Messages from this new publisher will not be recorded.
[INFO] [1763170455.907789860] [rosbag2_recorder]: Subscribed to topic '/scan'
[INFO] [1763170455.908808280] [rosbag2_recorder]: Subscribed to topic '/tf_static'
[WARN] [1763170456.880981549] [rosbag2_recorder]: New publisher discovered on topic '/tf', offering incompatible QoS. No messages will be sent to it. Last incompatible policy: DURABILITY_QOS_POLICY
[INFO] [1763170456.939712144] [rosbag2_recorder]: Subscribed to topic '/plan_barn'
[INFO] [1763170456.940799870] [rosbag2_recorder]: Subscribed to topic '/plan_barn_odom'
[INFO] [1763170456.940829363] [rosbag2_recorder]: All requested topics are subscribed. Stopping discovery...
[INFO] [1763170584.752971999] [rosbag2_cpp]: Writing remaining messages from cache to the bag. It may take a while
[INFO] [1763170584.753909313] [rosbag2_recorder]: Event publisher thread: Exiting
[INFO] [1763170584.753970066] [rosbag2_recorder]: Recording stopped
