stdin is not a terminal device. Keyboard handling disabled.[INFO] [1762906755.474930173] [rosbag2_recorder]: Press SPACE for pausing/resuming
[INFO] [1762906755.475644943] [rosbag2_storage]: Opened database '/home/mobrob/ros_ws/large_results/world63_1111_161915/world63_1111_161915_0.db3' for READ_WRITE.
[INFO] [1762906755.476203793] [rosbag2_recorder]: Listening for topics...
[INFO] [1762906755.476215540] [rosbag2_recorder]: Event publisher thread: Starting
[INFO] [1762906755.476276360] [rosbag2_recorder]: Recording...
[INFO] [1762906755.579936123] [rosbag2_recorder]: Subscribed to topic '/odom'
[INFO] [1762906755.581214192] [rosbag2_recorder]: Subscribed to topic '/scan'
[INFO] [1762906755.582618276] [rosbag2_recorder]: Subscribed to topic '/tf'
[WARN] [1762906756.474643477] [rosbag2_recorder]: New publisher discovered on topic '/tf', offering incompatible QoS. No messages will be sent to it. Last incompatible policy: DURABILITY_QOS_POLICY
[WARN] [1762906756.495896649] [rosbag2_recorder]: A new publisher for subscribed topic /tf was found offering RMW_QOS_POLICY_DURABILITY_VOLATILE, but rosbag2 already subscribed requesting RMW_QOS_POLICY_DURABILITY_TRANSIENT_LOCAL. Messages from this new publisher will not be recorded.
[INFO] [1762906756.497702633] [rosbag2_recorder]: Subscribed to topic '/cmd_vel'
[INFO] [1762906756.498954069] [rosbag2_recorder]: Subscribed to topic '/tf_static'
[WARN] [1762906756.501721074] [rosbag2_recorder]: New publisher discovered on topic '/tf', offering incompatible QoS. No messages will be sent to it. Last incompatible policy: DURABILITY_QOS_POLICY
[WARN] [1762906757.474037418] [rosbag2_recorder]: New publisher discovered on topic '/tf', offering incompatible QoS. No messages will be sent to it. Last incompatible policy: DURABILITY_QOS_POLICY
[INFO] [1762906757.528967213] [rosbag2_recorder]: Subscribed to topic '/plan_barn'
[INFO] [1762906757.529740170] [rosbag2_recorder]: Subscribed to topic '/plan_barn_odom'
[INFO] [1762906757.529757276] [rosbag2_recorder]: All requested topics are subscribed. Stopping discovery...
[INFO] [1762906771.402238063] [rosbag2_cpp]: Writing remaining messages from cache to the bag. It may take a while
[INFO] [1762906771.402785680] [rosbag2_recorder]: Event publisher thread: Exiting
[INFO] [1762906771.402829445] [rosbag2_recorder]: Recording stopped
