stdin is not a terminal device. Keyboard handling disabled.[INFO] [1762951572.764172910] [rosbag2_recorder]: Press SPACE for pausing/resuming
[INFO] [1762951572.765207815] [rosbag2_storage]: Opened database '/home/mobrob/ros_ws/large_results/world106_1112_044612/world106_1112_044612_0.db3' for READ_WRITE.
[INFO] [1762951572.766025003] [rosbag2_recorder]: Listening for topics...
[INFO] [1762951572.766050295] [rosbag2_recorder]: Event publisher thread: Starting
[INFO] [1762951572.766143387] [rosbag2_recorder]: Recording...
[INFO] [1762951572.869438171] [rosbag2_recorder]: Subscribed to topic '/cmd_vel'
[INFO] [1762951572.870579379] [rosbag2_recorder]: Subscribed to topic '/odom'
[INFO] [1762951572.871930417] [rosbag2_recorder]: Subscribed to topic '/tf'
[WARN] [1762951573.761863776] [rosbag2_recorder]: New publisher discovered on topic '/tf', offering incompatible QoS. No messages will be sent to it. Last incompatible policy: DURABILITY_QOS_POLICY
[WARN] [1762951573.784095465] [rosbag2_recorder]: A new publisher for subscribed topic /tf was found offering RMW_QOS_POLICY_DURABILITY_VOLATILE, but rosbag2 already subscribed requesting RMW_QOS_POLICY_DURABILITY_TRANSIENT_LOCAL. Messages from this new publisher will not be recorded.
[WARN] [1762951573.787360520] [rosbag2_recorder]: New publisher discovered on topic '/tf', offering incompatible QoS. No messages will be sent to it. Last incompatible policy: DURABILITY_QOS_POLICY
[INFO] [1762951573.887982846] [rosbag2_recorder]: Subscribed to topic '/plan_barn'
[INFO] [1762951573.888753878] [rosbag2_recorder]: Subscribed to topic '/plan_barn_odom'
[INFO] [1762951573.890228637] [rosbag2_recorder]: Subscribed to topic '/scan'
[WARN] [1762951574.761792924] [rosbag2_recorder]: New publisher discovered on topic '/tf', offering incompatible QoS. No messages will be sent to it. Last incompatible policy: DURABILITY_QOS_POLICY
[INFO] [1762951574.817639921] [rosbag2_recorder]: Subscribed to topic '/tf_static'
[INFO] [1762951574.817674573] [rosbag2_recorder]: All requested topics are subscribed. Stopping discovery...
[INFO] [1762951924.654093886] [rosbag2_cpp]: Writing remaining messages from cache to the bag. It may take a while
[INFO] [1762951924.654924016] [rosbag2_recorder]: Event publisher thread: Exiting
[INFO] [1762951924.654954480] [rosbag2_recorder]: Recording stopped
