stdin is not a terminal device. Keyboard handling disabled.[INFO] [1763052192.409441802] [rosbag2_recorder]: Press SPACE for pausing/resuming
[INFO] [1763052192.410157071] [rosbag2_storage]: Opened database '/home/mobrob/ros_ws/large_results/world191_1113_084312/world191_1113_084312_0.db3' for READ_WRITE.
[INFO] [1763052192.410610540] [rosbag2_recorder]: Listening for topics...
[INFO] [1763052192.410621466] [rosbag2_recorder]: Event publisher thread: Starting
[INFO] [1763052192.410695801] [rosbag2_recorder]: Recording...
[INFO] [1763052193.420359567] [rosbag2_recorder]: Subscribed to topic '/odom'
[INFO] [1763052193.422763248] [rosbag2_recorder]: Subscribed to topic '/plan_barn'
[INFO] [1763052193.425148635] [rosbag2_recorder]: Subscribed to topic '/plan_barn_odom'
[INFO] [1763052193.427681246] [rosbag2_recorder]: Subscribed to topic '/tf'
[WARN] [1763052193.427863384] [rosbag2_recorder]: New publisher discovered on topic '/tf', offering incompatible QoS. No messages will be sent to it. Last incompatible policy: DURABILITY_QOS_POLICY
[WARN] [1763052193.429197953] [rosbag2_recorder]: New publisher discovered on topic '/tf', offering incompatible QoS. No messages will be sent to it. Last incompatible policy: DURABILITY_QOS_POLICY
[WARN] [1763052193.530671160] [rosbag2_recorder]: A new publisher for subscribed topic /tf was found offering RMW_QOS_POLICY_DURABILITY_VOLATILE, but rosbag2 already subscribed requesting RMW_QOS_POLICY_DURABILITY_TRANSIENT_LOCAL. Messages from this new publisher will not be recorded.
[WARN] [1763052193.530716731] [rosbag2_recorder]: A new publisher for subscribed topic /tf was found offering RMW_QOS_POLICY_DURABILITY_VOLATILE, but rosbag2 already subscribed requesting RMW_QOS_POLICY_DURABILITY_TRANSIENT_LOCAL. Messages from this new publisher will not be recorded.
[INFO] [1763052193.531998216] [rosbag2_recorder]: Subscribed to topic '/cmd_vel'
[INFO] [1763052193.532664252] [rosbag2_recorder]: Subscribed to topic '/tf_static'
[WARN] [1763052194.416456716] [rosbag2_recorder]: New publisher discovered on topic '/tf', offering incompatible QoS. No messages will be sent to it. Last incompatible policy: DURABILITY_QOS_POLICY
[INFO] [1763052195.484265175] [rosbag2_recorder]: Subscribed to topic '/scan'
[INFO] [1763052195.484301472] [rosbag2_recorder]: All requested topics are subscribed. Stopping discovery...
[INFO] [1763052208.327808697] [rosbag2_cpp]: Writing remaining messages from cache to the bag. It may take a while
[INFO] [1763052208.328340749] [rosbag2_recorder]: Event publisher thread: Exiting
[INFO] [1763052208.328380552] [rosbag2_recorder]: Recording stopped
