stdin is not a terminal device. Keyboard handling disabled.[INFO] [1762855876.426205131] [rosbag2_recorder]: Press SPACE for pausing/resuming
[INFO] [1762855876.427479198] [rosbag2_storage]: Opened database '/home/mobrob/ros_ws/large_results/world10_1111_021116/world10_1111_021116_0.db3' for READ_WRITE.
[INFO] [1762855876.428402935] [rosbag2_recorder]: Listening for topics...
[INFO] [1762855876.428413180] [rosbag2_recorder]: Event publisher thread: Starting
[INFO] [1762855876.428556991] [rosbag2_recorder]: Recording...
[INFO] [1762855876.531534824] [rosbag2_recorder]: Subscribed to topic '/cmd_vel'
[INFO] [1762855876.532636791] [rosbag2_recorder]: Subscribed to topic '/odom'
[INFO] [1762855876.533654481] [rosbag2_recorder]: Subscribed to topic '/plan_barn'
[INFO] [1762855876.534464544] [rosbag2_recorder]: Subscribed to topic '/plan_barn_odom'
[INFO] [1762855876.535499046] [rosbag2_recorder]: Subscribed to topic '/tf'
[WARN] [1762855877.437325053] [rosbag2_recorder]: New publisher discovered on topic '/tf', offering incompatible QoS. No messages will be sent to it. Last incompatible policy: DURABILITY_QOS_POLICY
[WARN] [1762855877.437672796] [rosbag2_recorder]: New publisher discovered on topic '/tf', offering incompatible QoS. No messages will be sent to it. Last incompatible policy: DURABILITY_QOS_POLICY
[WARN] [1762855877.452943746] [rosbag2_recorder]: A new publisher for subscribed topic /tf was found offering RMW_QOS_POLICY_DURABILITY_VOLATILE, but rosbag2 already subscribed requesting RMW_QOS_POLICY_DURABILITY_TRANSIENT_LOCAL. Messages from this new publisher will not be recorded.
[WARN] [1762855877.453011565] [rosbag2_recorder]: A new publisher for subscribed topic /tf was found offering RMW_QOS_POLICY_DURABILITY_VOLATILE, but rosbag2 already subscribed requesting RMW_QOS_POLICY_DURABILITY_TRANSIENT_LOCAL. Messages from this new publisher will not be recorded.
[INFO] [1762855877.454467584] [rosbag2_recorder]: Subscribed to topic '/tf_static'
[WARN] [1762855878.423882786] [rosbag2_recorder]: New publisher discovered on topic '/tf', offering incompatible QoS. No messages will be sent to it. Last incompatible policy: DURABILITY_QOS_POLICY
[INFO] [1762855878.489549632] [rosbag2_recorder]: Subscribed to topic '/scan'
[INFO] [1762855878.489572476] [rosbag2_recorder]: All requested topics are subscribed. Stopping discovery...
[INFO] [1762855963.301914453] [rosbag2_cpp]: Writing remaining messages from cache to the bag. It may take a while
[INFO] [1762855963.302759731] [rosbag2_recorder]: Event publisher thread: Exiting
[INFO] [1762855963.302802070] [rosbag2_recorder]: Recording stopped
