stdin is not a terminal device. Keyboard handling disabled.[INFO] [1763114824.728774196] [rosbag2_recorder]: Press SPACE for pausing/resuming
[INFO] [1763114824.729973961] [rosbag2_storage]: Opened database '/home/mobrob/ros_ws/large_results/world240_1114_020704/world240_1114_020704_0.db3' for READ_WRITE.
[INFO] [1763114824.730659029] [rosbag2_recorder]: Listening for topics...
[INFO] [1763114824.730669848] [rosbag2_recorder]: Event publisher thread: Starting
[INFO] [1763114824.730795888] [rosbag2_recorder]: Recording...
[INFO] [1763114824.832887490] [rosbag2_recorder]: Subscribed to topic '/odom'
[INFO] [1763114824.833741358] [rosbag2_recorder]: Subscribed to topic '/scan'
[INFO] [1763114824.835072326] [rosbag2_recorder]: Subscribed to topic '/tf'
[INFO] [1763114824.835842216] [rosbag2_recorder]: Subscribed to topic '/tf_static'
[WARN] [1763114825.738237391] [rosbag2_recorder]: New publisher discovered on topic '/tf', offering incompatible QoS. No messages will be sent to it. Last incompatible policy: DURABILITY_QOS_POLICY
[WARN] [1763114825.744290626] [rosbag2_recorder]: New publisher discovered on topic '/tf', offering incompatible QoS. No messages will be sent to it. Last incompatible policy: DURABILITY_QOS_POLICY
[WARN] [1763114825.745959206] [rosbag2_recorder]: A new publisher for subscribed topic /tf was found offering RMW_QOS_POLICY_DURABILITY_VOLATILE, but rosbag2 already subscribed requesting RMW_QOS_POLICY_DURABILITY_TRANSIENT_LOCAL. Messages from this new publisher will not be recorded.
[WARN] [1763114825.745987509] [rosbag2_recorder]: A new publisher for subscribed topic /tf was found offering RMW_QOS_POLICY_DURABILITY_VOLATILE, but rosbag2 already subscribed requesting RMW_QOS_POLICY_DURABILITY_TRANSIENT_LOCAL. Messages from this new publisher will not be recorded.
[INFO] [1763114825.747572279] [rosbag2_recorder]: Subscribed to topic '/cmd_vel'
[INFO] [1763114825.748574304] [rosbag2_recorder]: Subscribed to topic '/plan_barn'
[INFO] [1763114825.749405680] [rosbag2_recorder]: Subscribed to topic '/plan_barn_odom'
[INFO] [1763114825.749426410] [rosbag2_recorder]: All requested topics are subscribed. Stopping discovery...
[WARN] [1763114826.726479848] [rosbag2_recorder]: New publisher discovered on topic '/tf', offering incompatible QoS. No messages will be sent to it. Last incompatible policy: DURABILITY_QOS_POLICY
[INFO] [1763114840.645352751] [rosbag2_cpp]: Writing remaining messages from cache to the bag. It may take a while
[INFO] [1763114840.646142235] [rosbag2_recorder]: Event publisher thread: Exiting
[INFO] [1763114840.646176513] [rosbag2_recorder]: Recording stopped
