stdin is not a terminal device. Keyboard handling disabled.[INFO] [1762898565.613348612] [rosbag2_recorder]: Press SPACE for pausing/resuming
[INFO] [1762898565.614131726] [rosbag2_storage]: Opened database '/home/mobrob/ros_ws/large_results/world56_1111_140245/world56_1111_140245_0.db3' for READ_WRITE.
[INFO] [1762898565.614603117] [rosbag2_recorder]: Listening for topics...
[INFO] [1762898565.614615424] [rosbag2_recorder]: Event publisher thread: Starting
[INFO] [1762898565.614677854] [rosbag2_recorder]: Recording...
[INFO] [1762898565.718335018] [rosbag2_recorder]: Subscribed to topic '/cmd_vel'
[INFO] [1762898565.719892012] [rosbag2_recorder]: Subscribed to topic '/odom'
[INFO] [1762898565.721283655] [rosbag2_recorder]: Subscribed to topic '/tf'
[INFO] [1762898565.721865798] [rosbag2_recorder]: Subscribed to topic '/tf_static'
[WARN] [1762898566.625820962] [rosbag2_recorder]: New publisher discovered on topic '/tf', offering incompatible QoS. No messages will be sent to it. Last incompatible policy: DURABILITY_QOS_POLICY
[WARN] [1762898566.640920134] [rosbag2_recorder]: A new publisher for subscribed topic /tf was found offering RMW_QOS_POLICY_DURABILITY_VOLATILE, but rosbag2 already subscribed requesting RMW_QOS_POLICY_DURABILITY_TRANSIENT_LOCAL. Messages from this new publisher will not be recorded.
[INFO] [1762898566.642394634] [rosbag2_recorder]: Subscribed to topic '/plan_barn'
[INFO] [1762898566.643403728] [rosbag2_recorder]: Subscribed to topic '/plan_barn_odom'
[INFO] [1762898566.644928402] [rosbag2_recorder]: Subscribed to topic '/scan'
[INFO] [1762898566.644962330] [rosbag2_recorder]: All requested topics are subscribed. Stopping discovery...
[WARN] [1762898567.610090193] [rosbag2_recorder]: New publisher discovered on topic '/tf', offering incompatible QoS. No messages will be sent to it. Last incompatible policy: DURABILITY_QOS_POLICY
[WARN] [1762898567.610331611] [rosbag2_recorder]: New publisher discovered on topic '/tf', offering incompatible QoS. No messages will be sent to it. Last incompatible policy: DURABILITY_QOS_POLICY
[INFO] [1762898616.477487077] [rosbag2_cpp]: Writing remaining messages from cache to the bag. It may take a while
[INFO] [1762898616.478108216] [rosbag2_recorder]: Event publisher thread: Exiting
[INFO] [1762898616.478154939] [rosbag2_recorder]: Recording stopped
