stdin is not a terminal device. Keyboard handling disabled.[INFO] [1763178533.865917509] [rosbag2_recorder]: Press SPACE for pausing/resuming
[INFO] [1763178533.867139165] [rosbag2_storage]: Opened database '/home/mobrob/ros_ws/large_results/world287_1114_194853/world287_1114_194853_0.db3' for READ_WRITE.
[INFO] [1763178533.868107834] [rosbag2_recorder]: Listening for topics...
[INFO] [1763178533.868120553] [rosbag2_recorder]: Event publisher thread: Starting
[INFO] [1763178533.868231218] [rosbag2_recorder]: Recording...
[INFO] [1763178533.972124729] [rosbag2_recorder]: Subscribed to topic '/cmd_vel'
[INFO] [1763178533.996281366] [rosbag2_recorder]: Subscribed to topic '/odom'
[INFO] [1763178533.997678116] [rosbag2_recorder]: Subscribed to topic '/tf'
[WARN] [1763178535.866356833] [rosbag2_recorder]: New publisher discovered on topic '/tf', offering incompatible QoS. No messages will be sent to it. Last incompatible policy: DURABILITY_QOS_POLICY
[WARN] [1763178535.868890496] [rosbag2_recorder]: New publisher discovered on topic '/tf', offering incompatible QoS. No messages will be sent to it. Last incompatible policy: DURABILITY_QOS_POLICY
[WARN] [1763178535.869233147] [rosbag2_recorder]: New publisher discovered on topic '/tf', offering incompatible QoS. No messages will be sent to it. Last incompatible policy: DURABILITY_QOS_POLICY
[WARN] [1763178535.932094609] [rosbag2_recorder]: A new publisher for subscribed topic /tf was found offering RMW_QOS_POLICY_DURABILITY_VOLATILE, but rosbag2 already subscribed requesting RMW_QOS_POLICY_DURABILITY_TRANSIENT_LOCAL. Messages from this new publisher will not be recorded.
[WARN] [1763178535.932127575] [rosbag2_recorder]: A new publisher for subscribed topic /tf was found offering RMW_QOS_POLICY_DURABILITY_VOLATILE, but rosbag2 already subscribed requesting RMW_QOS_POLICY_DURABILITY_TRANSIENT_LOCAL. Messages from this new publisher will not be recorded.
[WARN] [1763178535.932130996] [rosbag2_recorder]: A new publisher for subscribed topic /tf was found offering RMW_QOS_POLICY_DURABILITY_VOLATILE, but rosbag2 already subscribed requesting RMW_QOS_POLICY_DURABILITY_TRANSIENT_LOCAL. Messages from this new publisher will not be recorded.
[INFO] [1763178535.933120995] [rosbag2_recorder]: Subscribed to topic '/plan_barn'
[INFO] [1763178535.933916039] [rosbag2_recorder]: Subscribed to topic '/plan_barn_odom'
[INFO] [1763178535.934879487] [rosbag2_recorder]: Subscribed to topic '/scan'
[INFO] [1763178535.935712596] [rosbag2_recorder]: Subscribed to topic '/tf_static'
[INFO] [1763178535.935729144] [rosbag2_recorder]: All requested topics are subscribed. Stopping discovery...
[INFO] [1763178722.748143128] [rosbag2_cpp]: Writing remaining messages from cache to the bag. It may take a while
[INFO] [1763178722.748751833] [rosbag2_recorder]: Event publisher thread: Exiting
[INFO] [1763178722.748801090] [rosbag2_recorder]: Recording stopped
