stdin is not a terminal device. Keyboard handling disabled.[INFO] [1762929414.888537931] [rosbag2_recorder]: Press SPACE for pausing/resuming
[INFO] [1762929414.889254277] [rosbag2_storage]: Opened database '/home/mobrob/ros_ws/large_results/world84_1111_223654/world84_1111_223654_0.db3' for READ_WRITE.
[INFO] [1762929414.889779470] [rosbag2_recorder]: Listening for topics...
[INFO] [1762929414.889792746] [rosbag2_recorder]: Event publisher thread: Starting
[INFO] [1762929414.889839649] [rosbag2_recorder]: Recording...
[INFO] [1762929414.991867127] [rosbag2_recorder]: Subscribed to topic '/scan'
[INFO] [1762929415.905741781] [rosbag2_recorder]: Subscribed to topic '/cmd_vel'
[INFO] [1762929415.907427993] [rosbag2_recorder]: Subscribed to topic '/odom'
[INFO] [1762929415.909486569] [rosbag2_recorder]: Subscribed to topic '/tf'
[WARN] [1762929416.896261015] [rosbag2_recorder]: New publisher discovered on topic '/tf', offering incompatible QoS. No messages will be sent to it. Last incompatible policy: DURABILITY_QOS_POLICY
[WARN] [1762929416.928849226] [rosbag2_recorder]: A new publisher for subscribed topic /tf was found offering RMW_QOS_POLICY_DURABILITY_VOLATILE, but rosbag2 already subscribed requesting RMW_QOS_POLICY_DURABILITY_TRANSIENT_LOCAL. Messages from this new publisher will not be recorded.
[WARN] [1762929416.928877918] [rosbag2_recorder]: A new publisher for subscribed topic /tf was found offering RMW_QOS_POLICY_DURABILITY_VOLATILE, but rosbag2 already subscribed requesting RMW_QOS_POLICY_DURABILITY_TRANSIENT_LOCAL. Messages from this new publisher will not be recorded.
[INFO] [1762929416.929852403] [rosbag2_recorder]: Subscribed to topic '/plan_barn'
[INFO] [1762929416.930638874] [rosbag2_recorder]: Subscribed to topic '/plan_barn_odom'
[INFO] [1762929416.931454043] [rosbag2_recorder]: Subscribed to topic '/tf_static'
[INFO] [1762929416.931470212] [rosbag2_recorder]: All requested topics are subscribed. Stopping discovery...
[WARN] [1762929417.885325457] [rosbag2_recorder]: New publisher discovered on topic '/tf', offering incompatible QoS. No messages will be sent to it. Last incompatible policy: DURABILITY_QOS_POLICY
[INFO] [1762929471.751286540] [rosbag2_cpp]: Writing remaining messages from cache to the bag. It may take a while
[INFO] [1762929471.752059936] [rosbag2_recorder]: Event publisher thread: Exiting
[INFO] [1762929471.752099165] [rosbag2_recorder]: Recording stopped
