stdin is not a terminal device. Keyboard handling disabled.[INFO] [1763076822.271037838] [rosbag2_recorder]: Press SPACE for pausing/resuming
[INFO] [1763076822.271797062] [rosbag2_storage]: Opened database '/home/mobrob/ros_ws/large_results/world211_1113_153342/world211_1113_153342_0.db3' for READ_WRITE.
[INFO] [1763076822.272257420] [rosbag2_recorder]: Listening for topics...
[INFO] [1763076822.272270611] [rosbag2_recorder]: Event publisher thread: Starting
[INFO] [1763076822.272353023] [rosbag2_recorder]: Recording...
[INFO] [1763076822.374656197] [rosbag2_recorder]: Subscribed to topic '/odom'
[INFO] [1763076822.375614546] [rosbag2_recorder]: Subscribed to topic '/tf'
[INFO] [1763076822.376186792] [rosbag2_recorder]: Subscribed to topic '/tf_static'
[WARN] [1763076823.281772838] [rosbag2_recorder]: New publisher discovered on topic '/tf', offering incompatible QoS. No messages will be sent to it. Last incompatible policy: DURABILITY_QOS_POLICY
[WARN] [1763076823.286239888] [rosbag2_recorder]: New publisher discovered on topic '/tf', offering incompatible QoS. No messages will be sent to it. Last incompatible policy: DURABILITY_QOS_POLICY
[WARN] [1763076823.290136287] [rosbag2_recorder]: A new publisher for subscribed topic /tf was found offering RMW_QOS_POLICY_DURABILITY_VOLATILE, but rosbag2 already subscribed requesting RMW_QOS_POLICY_DURABILITY_TRANSIENT_LOCAL. Messages from this new publisher will not be recorded.
[WARN] [1763076823.290170254] [rosbag2_recorder]: A new publisher for subscribed topic /tf was found offering RMW_QOS_POLICY_DURABILITY_VOLATILE, but rosbag2 already subscribed requesting RMW_QOS_POLICY_DURABILITY_TRANSIENT_LOCAL. Messages from this new publisher will not be recorded.
[WARN] [1763076823.290593766] [rosbag2_recorder]: New publisher discovered on topic '/tf', offering incompatible QoS. No messages will be sent to it. Last incompatible policy: DURABILITY_QOS_POLICY
[INFO] [1763076823.291315156] [rosbag2_recorder]: Subscribed to topic '/cmd_vel'
[INFO] [1763076823.292389533] [rosbag2_recorder]: Subscribed to topic '/scan'
[INFO] [1763076824.320189643] [rosbag2_recorder]: Subscribed to topic '/plan_barn'
[INFO] [1763076824.321283544] [rosbag2_recorder]: Subscribed to topic '/plan_barn_odom'
[INFO] [1763076824.321306479] [rosbag2_recorder]: All requested topics are subscribed. Stopping discovery...
[INFO] [1763076838.182275392] [rosbag2_cpp]: Writing remaining messages from cache to the bag. It may take a while
[INFO] [1763076838.182776460] [rosbag2_recorder]: Event publisher thread: Exiting
[INFO] [1763076838.182817186] [rosbag2_recorder]: Recording stopped
