stdin is not a terminal device. Keyboard handling disabled.[INFO] [1762974071.570804681] [rosbag2_recorder]: Press SPACE for pausing/resuming
[INFO] [1762974071.572093158] [rosbag2_storage]: Opened database '/home/mobrob/ros_ws/large_results/world125_1112_110111/world125_1112_110111_0.db3' for READ_WRITE.
[INFO] [1762974071.572898612] [rosbag2_recorder]: Listening for topics...
[INFO] [1762974071.572912121] [rosbag2_recorder]: Event publisher thread: Starting
[INFO] [1762974071.573001365] [rosbag2_recorder]: Recording...
[INFO] [1762974071.675201308] [rosbag2_recorder]: Subscribed to topic '/cmd_vel'
[INFO] [1762974071.676087999] [rosbag2_recorder]: Subscribed to topic '/odom'
[INFO] [1762974071.676900041] [rosbag2_recorder]: Subscribed to topic '/tf'
[INFO] [1762974071.677428163] [rosbag2_recorder]: Subscribed to topic '/tf_static'
[WARN] [1762974072.573830911] [rosbag2_recorder]: New publisher discovered on topic '/tf', offering incompatible QoS. No messages will be sent to it. Last incompatible policy: DURABILITY_QOS_POLICY
[WARN] [1762974072.590695999] [rosbag2_recorder]: A new publisher for subscribed topic /tf was found offering RMW_QOS_POLICY_DURABILITY_VOLATILE, but rosbag2 already subscribed requesting RMW_QOS_POLICY_DURABILITY_TRANSIENT_LOCAL. Messages from this new publisher will not be recorded.
[WARN] [1762974072.590823147] [rosbag2_recorder]: New publisher discovered on topic '/tf', offering incompatible QoS. No messages will be sent to it. Last incompatible policy: DURABILITY_QOS_POLICY
[INFO] [1762974072.591940521] [rosbag2_recorder]: Subscribed to topic '/plan_barn'
[INFO] [1762974072.593156023] [rosbag2_recorder]: Subscribed to topic '/plan_barn_odom'
[INFO] [1762974072.594856435] [rosbag2_recorder]: Subscribed to topic '/scan'
[INFO] [1762974072.594890415] [rosbag2_recorder]: All requested topics are subscribed. Stopping discovery...
[WARN] [1762974073.572637033] [rosbag2_recorder]: New publisher discovered on topic '/tf', offering incompatible QoS. No messages will be sent to it. Last incompatible policy: DURABILITY_QOS_POLICY
[INFO] [1762974164.469270399] [rosbag2_cpp]: Writing remaining messages from cache to the bag. It may take a while
[INFO] [1762974164.469858782] [rosbag2_recorder]: Event publisher thread: Exiting
[INFO] [1762974164.469900131] [rosbag2_recorder]: Recording stopped
