stdin is not a terminal device. Keyboard handling disabled.[INFO] [1762933907.460369240] [rosbag2_recorder]: Press SPACE for pausing/resuming
[INFO] [1762933907.461661210] [rosbag2_storage]: Opened database '/home/mobrob/ros_ws/large_results/world90_1111_235147/world90_1111_235147_0.db3' for READ_WRITE.
[INFO] [1762933907.462495214] [rosbag2_recorder]: Listening for topics...
[INFO] [1762933907.462512156] [rosbag2_recorder]: Event publisher thread: Starting
[INFO] [1762933907.462610431] [rosbag2_recorder]: Recording...
[INFO] [1762933907.565432399] [rosbag2_recorder]: Subscribed to topic '/cmd_vel'
[INFO] [1762933907.566791170] [rosbag2_recorder]: Subscribed to topic '/odom'
[INFO] [1762933907.567619332] [rosbag2_recorder]: Subscribed to topic '/plan_barn'
[INFO] [1762933907.568327440] [rosbag2_recorder]: Subscribed to topic '/plan_barn_odom'
[INFO] [1762933907.569489118] [rosbag2_recorder]: Subscribed to topic '/scan'
[INFO] [1762933907.570781394] [rosbag2_recorder]: Subscribed to topic '/tf'
[WARN] [1762933908.458467937] [rosbag2_recorder]: New publisher discovered on topic '/tf', offering incompatible QoS. No messages will be sent to it. Last incompatible policy: DURABILITY_QOS_POLICY
[WARN] [1762933908.468778089] [rosbag2_recorder]: New publisher discovered on topic '/tf', offering incompatible QoS. No messages will be sent to it. Last incompatible policy: DURABILITY_QOS_POLICY
[WARN] [1762933908.487083179] [rosbag2_recorder]: A new publisher for subscribed topic /tf was found offering RMW_QOS_POLICY_DURABILITY_VOLATILE, but rosbag2 already subscribed requesting RMW_QOS_POLICY_DURABILITY_TRANSIENT_LOCAL. Messages from this new publisher will not be recorded.
[WARN] [1762933908.487125823] [rosbag2_recorder]: A new publisher for subscribed topic /tf was found offering RMW_QOS_POLICY_DURABILITY_VOLATILE, but rosbag2 already subscribed requesting RMW_QOS_POLICY_DURABILITY_TRANSIENT_LOCAL. Messages from this new publisher will not be recorded.
[WARN] [1762933908.487136387] [rosbag2_recorder]: A new publisher for subscribed topic /tf was found offering RMW_QOS_POLICY_DURABILITY_VOLATILE, but rosbag2 already subscribed requesting RMW_QOS_POLICY_DURABILITY_TRANSIENT_LOCAL. Messages from this new publisher will not be recorded.
[INFO] [1762933908.488535080] [rosbag2_recorder]: Subscribed to topic '/tf_static'
[INFO] [1762933908.488565189] [rosbag2_recorder]: All requested topics are subscribed. Stopping discovery...
[INFO] [1762933923.358266918] [rosbag2_cpp]: Writing remaining messages from cache to the bag. It may take a while
[INFO] [1762933923.358815380] [rosbag2_recorder]: Event publisher thread: Exiting
[INFO] [1762933923.358858694] [rosbag2_recorder]: Recording stopped
