stdin is not a terminal device. Keyboard handling disabled.[INFO] [1763093063.957359573] [rosbag2_recorder]: Press SPACE for pausing/resuming
[INFO] [1763093063.958302747] [rosbag2_storage]: Opened database '/home/mobrob/ros_ws/large_results/world223_1113_200423/world223_1113_200423_0.db3' for READ_WRITE.
[INFO] [1763093063.959143769] [rosbag2_recorder]: Listening for topics...
[INFO] [1763093063.959198975] [rosbag2_recorder]: Event publisher thread: Starting
[INFO] [1763093063.959250464] [rosbag2_recorder]: Recording...
[INFO] [1763093064.062112042] [rosbag2_recorder]: Subscribed to topic '/cmd_vel'
[INFO] [1763093064.063128664] [rosbag2_recorder]: Subscribed to topic '/odom'
[INFO] [1763093064.063799047] [rosbag2_recorder]: Subscribed to topic '/plan_barn'
[INFO] [1763093064.064335756] [rosbag2_recorder]: Subscribed to topic '/plan_barn_odom'
[INFO] [1763093064.065198671] [rosbag2_recorder]: Subscribed to topic '/tf'
[INFO] [1763093064.065723940] [rosbag2_recorder]: Subscribed to topic '/tf_static'
[WARN] [1763093064.988801864] [rosbag2_recorder]: New publisher discovered on topic '/tf', offering incompatible QoS. No messages will be sent to it. Last incompatible policy: DURABILITY_QOS_POLICY
[WARN] [1763093065.077693375] [rosbag2_recorder]: A new publisher for subscribed topic /tf was found offering RMW_QOS_POLICY_DURABILITY_VOLATILE, but rosbag2 already subscribed requesting RMW_QOS_POLICY_DURABILITY_TRANSIENT_LOCAL. Messages from this new publisher will not be recorded.
[WARN] [1763093065.954018807] [rosbag2_recorder]: New publisher discovered on topic '/tf', offering incompatible QoS. No messages will be sent to it. Last incompatible policy: DURABILITY_QOS_POLICY
[WARN] [1763093065.963386792] [rosbag2_recorder]: New publisher discovered on topic '/tf', offering incompatible QoS. No messages will be sent to it. Last incompatible policy: DURABILITY_QOS_POLICY
[INFO] [1763093066.005047852] [rosbag2_recorder]: Subscribed to topic '/scan'
[INFO] [1763093066.005075750] [rosbag2_recorder]: All requested topics are subscribed. Stopping discovery...
[INFO] [1763093203.814158408] [rosbag2_cpp]: Writing remaining messages from cache to the bag. It may take a while
[INFO] [1763093203.814713970] [rosbag2_recorder]: Event publisher thread: Exiting
[INFO] [1763093203.814761689] [rosbag2_recorder]: Recording stopped
