stdin is not a terminal device. Keyboard handling disabled.[INFO] [1762893091.166384080] [rosbag2_recorder]: Press SPACE for pausing/resuming
[INFO] [1762893091.167549986] [rosbag2_storage]: Opened database '/home/mobrob/ros_ws/large_results/world50_1111_123131/world50_1111_123131_0.db3' for READ_WRITE.
[INFO] [1762893091.168666452] [rosbag2_recorder]: Listening for topics...
[INFO] [1762893091.168756097] [rosbag2_recorder]: Event publisher thread: Starting
[INFO] [1762893091.168795008] [rosbag2_recorder]: Recording...
[INFO] [1762893091.271840721] [rosbag2_recorder]: Subscribed to topic '/cmd_vel'
[INFO] [1762893092.191988794] [rosbag2_recorder]: Subscribed to topic '/scan'
[INFO] [1762893092.296143879] [rosbag2_recorder]: Subscribed to topic '/odom'
[INFO] [1762893092.297811558] [rosbag2_recorder]: Subscribed to topic '/tf'
[INFO] [1762893092.298674920] [rosbag2_recorder]: Subscribed to topic '/tf_static'
[WARN] [1762893093.163812642] [rosbag2_recorder]: New publisher discovered on topic '/tf', offering incompatible QoS. No messages will be sent to it. Last incompatible policy: DURABILITY_QOS_POLICY
[WARN] [1762893093.164856350] [rosbag2_recorder]: New publisher discovered on topic '/tf', offering incompatible QoS. No messages will be sent to it. Last incompatible policy: DURABILITY_QOS_POLICY
[WARN] [1762893093.165321827] [rosbag2_recorder]: New publisher discovered on topic '/tf', offering incompatible QoS. No messages will be sent to it. Last incompatible policy: DURABILITY_QOS_POLICY
[WARN] [1762893093.228491907] [rosbag2_recorder]: A new publisher for subscribed topic /tf was found offering RMW_QOS_POLICY_DURABILITY_VOLATILE, but rosbag2 already subscribed requesting RMW_QOS_POLICY_DURABILITY_TRANSIENT_LOCAL. Messages from this new publisher will not be recorded.
[WARN] [1762893093.228523509] [rosbag2_recorder]: A new publisher for subscribed topic /tf was found offering RMW_QOS_POLICY_DURABILITY_VOLATILE, but rosbag2 already subscribed requesting RMW_QOS_POLICY_DURABILITY_TRANSIENT_LOCAL. Messages from this new publisher will not be recorded.
[WARN] [1762893093.228526717] [rosbag2_recorder]: A new publisher for subscribed topic /tf was found offering RMW_QOS_POLICY_DURABILITY_VOLATILE, but rosbag2 already subscribed requesting RMW_QOS_POLICY_DURABILITY_TRANSIENT_LOCAL. Messages from this new publisher will not be recorded.
[INFO] [1762893093.229629242] [rosbag2_recorder]: Subscribed to topic '/plan_barn'
[INFO] [1762893093.230596846] [rosbag2_recorder]: Subscribed to topic '/plan_barn_odom'
[INFO] [1762893093.230626823] [rosbag2_recorder]: All requested topics are subscribed. Stopping discovery...
[INFO] [1762893164.025593932] [rosbag2_cpp]: Writing remaining messages from cache to the bag. It may take a while
[INFO] [1762893164.026455185] [rosbag2_recorder]: Event publisher thread: Exiting
[INFO] [1762893164.026504569] [rosbag2_recorder]: Recording stopped
